[2024-03-16T11:23:35.991+0500] {processor.py:161} INFO - Started process (PID=18430) to work on /home/muhammadsami/Public/Projects/Airflow/DataPipelineswithApacheAirflow/GettingStarted/dags/download_rocket_launches.py
[2024-03-16T11:23:35.992+0500] {processor.py:830} INFO - Processing file /home/muhammadsami/Public/Projects/Airflow/DataPipelineswithApacheAirflow/GettingStarted/dags/download_rocket_launches.py for tasks to queue
[2024-03-16T11:23:35.993+0500] {logging_mixin.py:188} INFO - [2024-03-16T11:23:35.992+0500] {dagbag.py:540} INFO - Filling up the DagBag from /home/muhammadsami/Public/Projects/Airflow/DataPipelineswithApacheAirflow/GettingStarted/dags/download_rocket_launches.py
[2024-03-16T11:23:36.000+0500] {processor.py:840} INFO - DAG(s) 'download_rocket_launches' retrieved from /home/muhammadsami/Public/Projects/Airflow/DataPipelineswithApacheAirflow/GettingStarted/dags/download_rocket_launches.py
[2024-03-16T11:23:36.418+0500] {logging_mixin.py:188} INFO - [2024-03-16T11:23:36.418+0500] {override.py:1769} INFO - Created Permission View: can edit on DAG:download_rocket_launches
[2024-03-16T11:23:36.526+0500] {logging_mixin.py:188} INFO - [2024-03-16T11:23:36.525+0500] {override.py:1769} INFO - Created Permission View: can delete on DAG:download_rocket_launches
[2024-03-16T11:23:36.633+0500] {logging_mixin.py:188} INFO - [2024-03-16T11:23:36.632+0500] {override.py:1769} INFO - Created Permission View: can read on DAG:download_rocket_launches
[2024-03-16T11:23:36.633+0500] {logging_mixin.py:188} INFO - [2024-03-16T11:23:36.633+0500] {dag.py:3047} INFO - Sync 1 DAGs
[2024-03-16T11:23:36.643+0500] {logging_mixin.py:188} INFO - [2024-03-16T11:23:36.643+0500] {dag.py:3069} INFO - Creating ORM DAG for download_rocket_launches
[2024-03-16T11:23:36.643+0500] {logging_mixin.py:188} INFO - [2024-03-16T11:23:36.643+0500] {dag.py:3834} INFO - Setting next_dagrun for download_rocket_launches to None, run_after=None
[2024-03-16T11:23:36.799+0500] {processor.py:183} INFO - Processing /home/muhammadsami/Public/Projects/Airflow/DataPipelineswithApacheAirflow/GettingStarted/dags/download_rocket_launches.py took 0.812 seconds
[2024-03-16T11:24:43.792+0500] {processor.py:161} INFO - Started process (PID=18567) to work on /home/muhammadsami/Public/Projects/Airflow/DataPipelineswithApacheAirflow/GettingStarted/dags/download_rocket_launches.py
[2024-03-16T11:24:43.793+0500] {processor.py:830} INFO - Processing file /home/muhammadsami/Public/Projects/Airflow/DataPipelineswithApacheAirflow/GettingStarted/dags/download_rocket_launches.py for tasks to queue
[2024-03-16T11:24:43.794+0500] {logging_mixin.py:188} INFO - [2024-03-16T11:24:43.793+0500] {dagbag.py:540} INFO - Filling up the DagBag from /home/muhammadsami/Public/Projects/Airflow/DataPipelineswithApacheAirflow/GettingStarted/dags/download_rocket_launches.py
[2024-03-16T11:24:43.886+0500] {processor.py:840} INFO - DAG(s) 'download_rocket_launches' retrieved from /home/muhammadsami/Public/Projects/Airflow/DataPipelineswithApacheAirflow/GettingStarted/dags/download_rocket_launches.py
[2024-03-16T11:24:43.895+0500] {logging_mixin.py:188} INFO - [2024-03-16T11:24:43.895+0500] {dag.py:3047} INFO - Sync 1 DAGs
[2024-03-16T11:24:43.903+0500] {logging_mixin.py:188} INFO - [2024-03-16T11:24:43.903+0500] {dag.py:3834} INFO - Setting next_dagrun for download_rocket_launches to None, run_after=None
[2024-03-16T11:24:44.010+0500] {processor.py:183} INFO - Processing /home/muhammadsami/Public/Projects/Airflow/DataPipelineswithApacheAirflow/GettingStarted/dags/download_rocket_launches.py took 0.220 seconds
[2024-03-16T11:25:59.848+0500] {processor.py:161} INFO - Started process (PID=18660) to work on /home/muhammadsami/Public/Projects/Airflow/DataPipelineswithApacheAirflow/GettingStarted/dags/download_rocket_launches.py
[2024-03-16T11:25:59.862+0500] {processor.py:830} INFO - Processing file /home/muhammadsami/Public/Projects/Airflow/DataPipelineswithApacheAirflow/GettingStarted/dags/download_rocket_launches.py for tasks to queue
[2024-03-16T11:25:59.863+0500] {logging_mixin.py:188} INFO - [2024-03-16T11:25:59.862+0500] {dagbag.py:540} INFO - Filling up the DagBag from /home/muhammadsami/Public/Projects/Airflow/DataPipelineswithApacheAirflow/GettingStarted/dags/download_rocket_launches.py
[2024-03-16T11:25:59.868+0500] {processor.py:840} INFO - DAG(s) 'download_rocket_launches' retrieved from /home/muhammadsami/Public/Projects/Airflow/DataPipelineswithApacheAirflow/GettingStarted/dags/download_rocket_launches.py
[2024-03-16T11:25:59.880+0500] {logging_mixin.py:188} INFO - [2024-03-16T11:25:59.880+0500] {dag.py:3047} INFO - Sync 1 DAGs
[2024-03-16T11:25:59.890+0500] {logging_mixin.py:188} INFO - [2024-03-16T11:25:59.890+0500] {dag.py:3834} INFO - Setting next_dagrun for download_rocket_launches to None, run_after=None
[2024-03-16T11:25:59.989+0500] {processor.py:183} INFO - Processing /home/muhammadsami/Public/Projects/Airflow/DataPipelineswithApacheAirflow/GettingStarted/dags/download_rocket_launches.py took 0.143 seconds
[2024-03-16T11:27:17.781+0500] {processor.py:161} INFO - Started process (PID=18769) to work on /home/muhammadsami/Public/Projects/Airflow/DataPipelineswithApacheAirflow/GettingStarted/dags/download_rocket_launches.py
[2024-03-16T11:27:17.783+0500] {processor.py:830} INFO - Processing file /home/muhammadsami/Public/Projects/Airflow/DataPipelineswithApacheAirflow/GettingStarted/dags/download_rocket_launches.py for tasks to queue
[2024-03-16T11:27:17.784+0500] {logging_mixin.py:188} INFO - [2024-03-16T11:27:17.783+0500] {dagbag.py:540} INFO - Filling up the DagBag from /home/muhammadsami/Public/Projects/Airflow/DataPipelineswithApacheAirflow/GettingStarted/dags/download_rocket_launches.py
[2024-03-16T11:27:17.790+0500] {processor.py:840} INFO - DAG(s) 'download_rocket_launches' retrieved from /home/muhammadsami/Public/Projects/Airflow/DataPipelineswithApacheAirflow/GettingStarted/dags/download_rocket_launches.py
[2024-03-16T11:27:17.802+0500] {logging_mixin.py:188} INFO - [2024-03-16T11:27:17.802+0500] {dag.py:3047} INFO - Sync 1 DAGs
[2024-03-16T11:27:17.812+0500] {logging_mixin.py:188} INFO - [2024-03-16T11:27:17.812+0500] {dag.py:3834} INFO - Setting next_dagrun for download_rocket_launches to None, run_after=None
[2024-03-16T11:27:17.907+0500] {processor.py:183} INFO - Processing /home/muhammadsami/Public/Projects/Airflow/DataPipelineswithApacheAirflow/GettingStarted/dags/download_rocket_launches.py took 0.129 seconds
[2024-03-16T11:28:25.928+0500] {processor.py:161} INFO - Started process (PID=18838) to work on /home/muhammadsami/Public/Projects/Airflow/DataPipelineswithApacheAirflow/GettingStarted/dags/download_rocket_launches.py
[2024-03-16T11:28:25.932+0500] {processor.py:830} INFO - Processing file /home/muhammadsami/Public/Projects/Airflow/DataPipelineswithApacheAirflow/GettingStarted/dags/download_rocket_launches.py for tasks to queue
[2024-03-16T11:28:25.933+0500] {logging_mixin.py:188} INFO - [2024-03-16T11:28:25.933+0500] {dagbag.py:540} INFO - Filling up the DagBag from /home/muhammadsami/Public/Projects/Airflow/DataPipelineswithApacheAirflow/GettingStarted/dags/download_rocket_launches.py
[2024-03-16T11:28:25.939+0500] {processor.py:840} INFO - DAG(s) 'download_rocket_launches' retrieved from /home/muhammadsami/Public/Projects/Airflow/DataPipelineswithApacheAirflow/GettingStarted/dags/download_rocket_launches.py
[2024-03-16T11:28:25.954+0500] {logging_mixin.py:188} INFO - [2024-03-16T11:28:25.953+0500] {dag.py:3047} INFO - Sync 1 DAGs
[2024-03-16T11:28:25.964+0500] {logging_mixin.py:188} INFO - [2024-03-16T11:28:25.964+0500] {dag.py:3834} INFO - Setting next_dagrun for download_rocket_launches to None, run_after=None
[2024-03-16T11:28:26.050+0500] {processor.py:183} INFO - Processing /home/muhammadsami/Public/Projects/Airflow/DataPipelineswithApacheAirflow/GettingStarted/dags/download_rocket_launches.py took 0.125 seconds
[2024-03-16T11:29:41.079+0500] {processor.py:161} INFO - Started process (PID=18935) to work on /home/muhammadsami/Public/Projects/Airflow/DataPipelineswithApacheAirflow/GettingStarted/dags/download_rocket_launches.py
[2024-03-16T11:29:41.097+0500] {processor.py:830} INFO - Processing file /home/muhammadsami/Public/Projects/Airflow/DataPipelineswithApacheAirflow/GettingStarted/dags/download_rocket_launches.py for tasks to queue
[2024-03-16T11:29:41.098+0500] {logging_mixin.py:188} INFO - [2024-03-16T11:29:41.098+0500] {dagbag.py:540} INFO - Filling up the DagBag from /home/muhammadsami/Public/Projects/Airflow/DataPipelineswithApacheAirflow/GettingStarted/dags/download_rocket_launches.py
[2024-03-16T11:29:41.106+0500] {processor.py:840} INFO - DAG(s) 'download_rocket_launches' retrieved from /home/muhammadsami/Public/Projects/Airflow/DataPipelineswithApacheAirflow/GettingStarted/dags/download_rocket_launches.py
[2024-03-16T11:29:41.128+0500] {logging_mixin.py:188} INFO - [2024-03-16T11:29:41.128+0500] {dag.py:3047} INFO - Sync 1 DAGs
[2024-03-16T11:29:41.146+0500] {logging_mixin.py:188} INFO - [2024-03-16T11:29:41.146+0500] {dag.py:3834} INFO - Setting next_dagrun for download_rocket_launches to None, run_after=None
[2024-03-16T11:29:41.243+0500] {processor.py:183} INFO - Processing /home/muhammadsami/Public/Projects/Airflow/DataPipelineswithApacheAirflow/GettingStarted/dags/download_rocket_launches.py took 0.167 seconds
[2024-03-16T11:39:26.626+0500] {processor.py:161} INFO - Started process (PID=19688) to work on /home/muhammadsami/Public/Projects/Airflow/DataPipelineswithApacheAirflow/GettingStarted/dags/download_rocket_launches.py
[2024-03-16T11:39:26.627+0500] {processor.py:830} INFO - Processing file /home/muhammadsami/Public/Projects/Airflow/DataPipelineswithApacheAirflow/GettingStarted/dags/download_rocket_launches.py for tasks to queue
[2024-03-16T11:39:26.628+0500] {logging_mixin.py:188} INFO - [2024-03-16T11:39:26.628+0500] {dagbag.py:540} INFO - Filling up the DagBag from /home/muhammadsami/Public/Projects/Airflow/DataPipelineswithApacheAirflow/GettingStarted/dags/download_rocket_launches.py
[2024-03-16T11:39:26.634+0500] {processor.py:840} INFO - DAG(s) 'download_rocket_launches' retrieved from /home/muhammadsami/Public/Projects/Airflow/DataPipelineswithApacheAirflow/GettingStarted/dags/download_rocket_launches.py
[2024-03-16T11:39:26.647+0500] {logging_mixin.py:188} INFO - [2024-03-16T11:39:26.646+0500] {dag.py:3047} INFO - Sync 1 DAGs
[2024-03-16T11:39:26.656+0500] {logging_mixin.py:188} INFO - [2024-03-16T11:39:26.656+0500] {dag.py:3834} INFO - Setting next_dagrun for download_rocket_launches to None, run_after=None
[2024-03-16T11:39:26.758+0500] {processor.py:183} INFO - Processing /home/muhammadsami/Public/Projects/Airflow/DataPipelineswithApacheAirflow/GettingStarted/dags/download_rocket_launches.py took 0.135 seconds
[2024-03-16T11:40:34.770+0500] {processor.py:161} INFO - Started process (PID=19962) to work on /home/muhammadsami/Public/Projects/Airflow/DataPipelineswithApacheAirflow/GettingStarted/dags/download_rocket_launches.py
[2024-03-16T11:40:34.778+0500] {processor.py:830} INFO - Processing file /home/muhammadsami/Public/Projects/Airflow/DataPipelineswithApacheAirflow/GettingStarted/dags/download_rocket_launches.py for tasks to queue
[2024-03-16T11:40:34.779+0500] {logging_mixin.py:188} INFO - [2024-03-16T11:40:34.779+0500] {dagbag.py:540} INFO - Filling up the DagBag from /home/muhammadsami/Public/Projects/Airflow/DataPipelineswithApacheAirflow/GettingStarted/dags/download_rocket_launches.py
[2024-03-16T11:40:34.784+0500] {processor.py:840} INFO - DAG(s) 'download_rocket_launches' retrieved from /home/muhammadsami/Public/Projects/Airflow/DataPipelineswithApacheAirflow/GettingStarted/dags/download_rocket_launches.py
[2024-03-16T11:40:34.881+0500] {logging_mixin.py:188} INFO - [2024-03-16T11:40:34.880+0500] {dag.py:3047} INFO - Sync 1 DAGs
[2024-03-16T11:40:34.889+0500] {logging_mixin.py:188} INFO - [2024-03-16T11:40:34.889+0500] {dag.py:3834} INFO - Setting next_dagrun for download_rocket_launches to None, run_after=None
[2024-03-16T11:40:34.978+0500] {processor.py:183} INFO - Processing /home/muhammadsami/Public/Projects/Airflow/DataPipelineswithApacheAirflow/GettingStarted/dags/download_rocket_launches.py took 0.210 seconds
[2024-03-16T11:41:52.405+0500] {processor.py:161} INFO - Started process (PID=20212) to work on /home/muhammadsami/Public/Projects/Airflow/DataPipelineswithApacheAirflow/GettingStarted/dags/download_rocket_launches.py
[2024-03-16T11:41:52.420+0500] {processor.py:830} INFO - Processing file /home/muhammadsami/Public/Projects/Airflow/DataPipelineswithApacheAirflow/GettingStarted/dags/download_rocket_launches.py for tasks to queue
[2024-03-16T11:41:52.421+0500] {logging_mixin.py:188} INFO - [2024-03-16T11:41:52.421+0500] {dagbag.py:540} INFO - Filling up the DagBag from /home/muhammadsami/Public/Projects/Airflow/DataPipelineswithApacheAirflow/GettingStarted/dags/download_rocket_launches.py
[2024-03-16T11:41:52.426+0500] {processor.py:840} INFO - DAG(s) 'download_rocket_launches' retrieved from /home/muhammadsami/Public/Projects/Airflow/DataPipelineswithApacheAirflow/GettingStarted/dags/download_rocket_launches.py
[2024-03-16T11:41:52.438+0500] {logging_mixin.py:188} INFO - [2024-03-16T11:41:52.438+0500] {dag.py:3047} INFO - Sync 1 DAGs
[2024-03-16T11:41:52.448+0500] {logging_mixin.py:188} INFO - [2024-03-16T11:41:52.448+0500] {dag.py:3834} INFO - Setting next_dagrun for download_rocket_launches to None, run_after=None
[2024-03-16T11:41:52.538+0500] {processor.py:183} INFO - Processing /home/muhammadsami/Public/Projects/Airflow/DataPipelineswithApacheAirflow/GettingStarted/dags/download_rocket_launches.py took 0.136 seconds
[2024-03-16T11:43:07.171+0500] {processor.py:161} INFO - Started process (PID=20300) to work on /home/muhammadsami/Public/Projects/Airflow/DataPipelineswithApacheAirflow/GettingStarted/dags/download_rocket_launches.py
[2024-03-16T11:43:07.263+0500] {processor.py:830} INFO - Processing file /home/muhammadsami/Public/Projects/Airflow/DataPipelineswithApacheAirflow/GettingStarted/dags/download_rocket_launches.py for tasks to queue
[2024-03-16T11:43:07.264+0500] {logging_mixin.py:188} INFO - [2024-03-16T11:43:07.263+0500] {dagbag.py:540} INFO - Filling up the DagBag from /home/muhammadsami/Public/Projects/Airflow/DataPipelineswithApacheAirflow/GettingStarted/dags/download_rocket_launches.py
[2024-03-16T11:43:07.269+0500] {processor.py:840} INFO - DAG(s) 'download_rocket_launches' retrieved from /home/muhammadsami/Public/Projects/Airflow/DataPipelineswithApacheAirflow/GettingStarted/dags/download_rocket_launches.py
[2024-03-16T11:43:07.281+0500] {logging_mixin.py:188} INFO - [2024-03-16T11:43:07.281+0500] {dag.py:3047} INFO - Sync 1 DAGs
[2024-03-16T11:43:07.291+0500] {logging_mixin.py:188} INFO - [2024-03-16T11:43:07.291+0500] {dag.py:3834} INFO - Setting next_dagrun for download_rocket_launches to None, run_after=None
[2024-03-16T11:43:07.432+0500] {processor.py:183} INFO - Processing /home/muhammadsami/Public/Projects/Airflow/DataPipelineswithApacheAirflow/GettingStarted/dags/download_rocket_launches.py took 0.264 seconds
[2024-03-16T11:44:20.099+0500] {processor.py:161} INFO - Started process (PID=20398) to work on /home/muhammadsami/Public/Projects/Airflow/DataPipelineswithApacheAirflow/GettingStarted/dags/download_rocket_launches.py
[2024-03-16T11:44:20.111+0500] {processor.py:830} INFO - Processing file /home/muhammadsami/Public/Projects/Airflow/DataPipelineswithApacheAirflow/GettingStarted/dags/download_rocket_launches.py for tasks to queue
[2024-03-16T11:44:20.112+0500] {logging_mixin.py:188} INFO - [2024-03-16T11:44:20.111+0500] {dagbag.py:540} INFO - Filling up the DagBag from /home/muhammadsami/Public/Projects/Airflow/DataPipelineswithApacheAirflow/GettingStarted/dags/download_rocket_launches.py
[2024-03-16T11:44:20.117+0500] {processor.py:840} INFO - DAG(s) 'download_rocket_launches' retrieved from /home/muhammadsami/Public/Projects/Airflow/DataPipelineswithApacheAirflow/GettingStarted/dags/download_rocket_launches.py
[2024-03-16T11:44:20.129+0500] {logging_mixin.py:188} INFO - [2024-03-16T11:44:20.129+0500] {dag.py:3047} INFO - Sync 1 DAGs
[2024-03-16T11:44:20.139+0500] {logging_mixin.py:188} INFO - [2024-03-16T11:44:20.139+0500] {dag.py:3834} INFO - Setting next_dagrun for download_rocket_launches to None, run_after=None
[2024-03-16T11:44:20.231+0500] {processor.py:183} INFO - Processing /home/muhammadsami/Public/Projects/Airflow/DataPipelineswithApacheAirflow/GettingStarted/dags/download_rocket_launches.py took 0.134 seconds
[2024-03-16T11:45:59.725+0500] {processor.py:161} INFO - Started process (PID=20848) to work on /home/muhammadsami/Public/Projects/Airflow/DataPipelineswithApacheAirflow/GettingStarted/dags/download_rocket_launches.py
[2024-03-16T11:45:59.737+0500] {processor.py:830} INFO - Processing file /home/muhammadsami/Public/Projects/Airflow/DataPipelineswithApacheAirflow/GettingStarted/dags/download_rocket_launches.py for tasks to queue
[2024-03-16T11:45:59.738+0500] {logging_mixin.py:188} INFO - [2024-03-16T11:45:59.737+0500] {dagbag.py:540} INFO - Filling up the DagBag from /home/muhammadsami/Public/Projects/Airflow/DataPipelineswithApacheAirflow/GettingStarted/dags/download_rocket_launches.py
[2024-03-16T11:45:59.743+0500] {processor.py:840} INFO - DAG(s) 'download_rocket_launches' retrieved from /home/muhammadsami/Public/Projects/Airflow/DataPipelineswithApacheAirflow/GettingStarted/dags/download_rocket_launches.py
[2024-03-16T11:45:59.755+0500] {logging_mixin.py:188} INFO - [2024-03-16T11:45:59.755+0500] {dag.py:3047} INFO - Sync 1 DAGs
[2024-03-16T11:45:59.764+0500] {logging_mixin.py:188} INFO - [2024-03-16T11:45:59.764+0500] {dag.py:3834} INFO - Setting next_dagrun for download_rocket_launches to None, run_after=None
[2024-03-16T11:45:59.854+0500] {processor.py:183} INFO - Processing /home/muhammadsami/Public/Projects/Airflow/DataPipelineswithApacheAirflow/GettingStarted/dags/download_rocket_launches.py took 0.131 seconds
[2024-03-16T11:47:17.220+0500] {processor.py:161} INFO - Started process (PID=20956) to work on /home/muhammadsami/Public/Projects/Airflow/DataPipelineswithApacheAirflow/GettingStarted/dags/download_rocket_launches.py
[2024-03-16T11:47:17.230+0500] {processor.py:830} INFO - Processing file /home/muhammadsami/Public/Projects/Airflow/DataPipelineswithApacheAirflow/GettingStarted/dags/download_rocket_launches.py for tasks to queue
[2024-03-16T11:47:17.231+0500] {logging_mixin.py:188} INFO - [2024-03-16T11:47:17.231+0500] {dagbag.py:540} INFO - Filling up the DagBag from /home/muhammadsami/Public/Projects/Airflow/DataPipelineswithApacheAirflow/GettingStarted/dags/download_rocket_launches.py
[2024-03-16T11:47:17.236+0500] {processor.py:840} INFO - DAG(s) 'download_rocket_launches' retrieved from /home/muhammadsami/Public/Projects/Airflow/DataPipelineswithApacheAirflow/GettingStarted/dags/download_rocket_launches.py
[2024-03-16T11:47:17.249+0500] {logging_mixin.py:188} INFO - [2024-03-16T11:47:17.248+0500] {dag.py:3047} INFO - Sync 1 DAGs
[2024-03-16T11:47:17.258+0500] {logging_mixin.py:188} INFO - [2024-03-16T11:47:17.258+0500] {dag.py:3834} INFO - Setting next_dagrun for download_rocket_launches to None, run_after=None
[2024-03-16T11:47:17.348+0500] {processor.py:183} INFO - Processing /home/muhammadsami/Public/Projects/Airflow/DataPipelineswithApacheAirflow/GettingStarted/dags/download_rocket_launches.py took 0.130 seconds
[2024-03-16T11:48:29.461+0500] {processor.py:161} INFO - Started process (PID=21057) to work on /home/muhammadsami/Public/Projects/Airflow/DataPipelineswithApacheAirflow/GettingStarted/dags/download_rocket_launches.py
[2024-03-16T11:48:29.476+0500] {processor.py:830} INFO - Processing file /home/muhammadsami/Public/Projects/Airflow/DataPipelineswithApacheAirflow/GettingStarted/dags/download_rocket_launches.py for tasks to queue
[2024-03-16T11:48:29.477+0500] {logging_mixin.py:188} INFO - [2024-03-16T11:48:29.477+0500] {dagbag.py:540} INFO - Filling up the DagBag from /home/muhammadsami/Public/Projects/Airflow/DataPipelineswithApacheAirflow/GettingStarted/dags/download_rocket_launches.py
[2024-03-16T11:48:29.482+0500] {processor.py:840} INFO - DAG(s) 'download_rocket_launches' retrieved from /home/muhammadsami/Public/Projects/Airflow/DataPipelineswithApacheAirflow/GettingStarted/dags/download_rocket_launches.py
[2024-03-16T11:48:29.495+0500] {logging_mixin.py:188} INFO - [2024-03-16T11:48:29.494+0500] {dag.py:3047} INFO - Sync 1 DAGs
[2024-03-16T11:48:29.504+0500] {logging_mixin.py:188} INFO - [2024-03-16T11:48:29.504+0500] {dag.py:3834} INFO - Setting next_dagrun for download_rocket_launches to None, run_after=None
[2024-03-16T11:48:29.594+0500] {processor.py:183} INFO - Processing /home/muhammadsami/Public/Projects/Airflow/DataPipelineswithApacheAirflow/GettingStarted/dags/download_rocket_launches.py took 0.135 seconds
[2024-03-16T11:49:41.480+0500] {processor.py:161} INFO - Started process (PID=21123) to work on /home/muhammadsami/Public/Projects/Airflow/DataPipelineswithApacheAirflow/GettingStarted/dags/download_rocket_launches.py
[2024-03-16T11:49:41.482+0500] {processor.py:830} INFO - Processing file /home/muhammadsami/Public/Projects/Airflow/DataPipelineswithApacheAirflow/GettingStarted/dags/download_rocket_launches.py for tasks to queue
[2024-03-16T11:49:41.483+0500] {logging_mixin.py:188} INFO - [2024-03-16T11:49:41.482+0500] {dagbag.py:540} INFO - Filling up the DagBag from /home/muhammadsami/Public/Projects/Airflow/DataPipelineswithApacheAirflow/GettingStarted/dags/download_rocket_launches.py
[2024-03-16T11:49:41.488+0500] {processor.py:840} INFO - DAG(s) 'download_rocket_launches' retrieved from /home/muhammadsami/Public/Projects/Airflow/DataPipelineswithApacheAirflow/GettingStarted/dags/download_rocket_launches.py
[2024-03-16T11:49:41.502+0500] {logging_mixin.py:188} INFO - [2024-03-16T11:49:41.502+0500] {dag.py:3047} INFO - Sync 1 DAGs
[2024-03-16T11:49:41.513+0500] {logging_mixin.py:188} INFO - [2024-03-16T11:49:41.512+0500] {dag.py:3834} INFO - Setting next_dagrun for download_rocket_launches to None, run_after=None
[2024-03-16T11:49:41.690+0500] {processor.py:183} INFO - Processing /home/muhammadsami/Public/Projects/Airflow/DataPipelineswithApacheAirflow/GettingStarted/dags/download_rocket_launches.py took 0.213 seconds
[2024-03-16T11:50:57.068+0500] {processor.py:161} INFO - Started process (PID=21227) to work on /home/muhammadsami/Public/Projects/Airflow/DataPipelineswithApacheAirflow/GettingStarted/dags/download_rocket_launches.py
[2024-03-16T11:50:57.070+0500] {processor.py:830} INFO - Processing file /home/muhammadsami/Public/Projects/Airflow/DataPipelineswithApacheAirflow/GettingStarted/dags/download_rocket_launches.py for tasks to queue
[2024-03-16T11:50:57.070+0500] {logging_mixin.py:188} INFO - [2024-03-16T11:50:57.070+0500] {dagbag.py:540} INFO - Filling up the DagBag from /home/muhammadsami/Public/Projects/Airflow/DataPipelineswithApacheAirflow/GettingStarted/dags/download_rocket_launches.py
[2024-03-16T11:50:57.077+0500] {processor.py:840} INFO - DAG(s) 'download_rocket_launches' retrieved from /home/muhammadsami/Public/Projects/Airflow/DataPipelineswithApacheAirflow/GettingStarted/dags/download_rocket_launches.py
[2024-03-16T11:50:57.090+0500] {logging_mixin.py:188} INFO - [2024-03-16T11:50:57.090+0500] {dag.py:3047} INFO - Sync 1 DAGs
[2024-03-16T11:50:57.100+0500] {logging_mixin.py:188} INFO - [2024-03-16T11:50:57.100+0500] {dag.py:3834} INFO - Setting next_dagrun for download_rocket_launches to None, run_after=None
[2024-03-16T11:50:57.194+0500] {processor.py:183} INFO - Processing /home/muhammadsami/Public/Projects/Airflow/DataPipelineswithApacheAirflow/GettingStarted/dags/download_rocket_launches.py took 0.128 seconds
[2024-03-16T11:52:16.346+0500] {processor.py:161} INFO - Started process (PID=21450) to work on /home/muhammadsami/Public/Projects/Airflow/DataPipelineswithApacheAirflow/GettingStarted/dags/download_rocket_launches.py
[2024-03-16T11:52:16.351+0500] {processor.py:830} INFO - Processing file /home/muhammadsami/Public/Projects/Airflow/DataPipelineswithApacheAirflow/GettingStarted/dags/download_rocket_launches.py for tasks to queue
[2024-03-16T11:52:16.352+0500] {logging_mixin.py:188} INFO - [2024-03-16T11:52:16.352+0500] {dagbag.py:540} INFO - Filling up the DagBag from /home/muhammadsami/Public/Projects/Airflow/DataPipelineswithApacheAirflow/GettingStarted/dags/download_rocket_launches.py
[2024-03-16T11:52:16.358+0500] {processor.py:840} INFO - DAG(s) 'download_rocket_launches' retrieved from /home/muhammadsami/Public/Projects/Airflow/DataPipelineswithApacheAirflow/GettingStarted/dags/download_rocket_launches.py
[2024-03-16T11:52:16.370+0500] {logging_mixin.py:188} INFO - [2024-03-16T11:52:16.370+0500] {dag.py:3047} INFO - Sync 1 DAGs
[2024-03-16T11:52:16.383+0500] {logging_mixin.py:188} INFO - [2024-03-16T11:52:16.383+0500] {dag.py:3834} INFO - Setting next_dagrun for download_rocket_launches to None, run_after=None
[2024-03-16T11:52:16.477+0500] {processor.py:183} INFO - Processing /home/muhammadsami/Public/Projects/Airflow/DataPipelineswithApacheAirflow/GettingStarted/dags/download_rocket_launches.py took 0.134 seconds
[2024-03-16T11:53:35.624+0500] {processor.py:161} INFO - Started process (PID=21589) to work on /home/muhammadsami/Public/Projects/Airflow/DataPipelineswithApacheAirflow/GettingStarted/dags/download_rocket_launches.py
[2024-03-16T11:53:35.625+0500] {processor.py:830} INFO - Processing file /home/muhammadsami/Public/Projects/Airflow/DataPipelineswithApacheAirflow/GettingStarted/dags/download_rocket_launches.py for tasks to queue
[2024-03-16T11:53:35.626+0500] {logging_mixin.py:188} INFO - [2024-03-16T11:53:35.626+0500] {dagbag.py:540} INFO - Filling up the DagBag from /home/muhammadsami/Public/Projects/Airflow/DataPipelineswithApacheAirflow/GettingStarted/dags/download_rocket_launches.py
[2024-03-16T11:53:35.632+0500] {processor.py:840} INFO - DAG(s) 'download_rocket_launches' retrieved from /home/muhammadsami/Public/Projects/Airflow/DataPipelineswithApacheAirflow/GettingStarted/dags/download_rocket_launches.py
[2024-03-16T11:53:35.644+0500] {logging_mixin.py:188} INFO - [2024-03-16T11:53:35.644+0500] {dag.py:3047} INFO - Sync 1 DAGs
[2024-03-16T11:53:35.654+0500] {logging_mixin.py:188} INFO - [2024-03-16T11:53:35.654+0500] {dag.py:3834} INFO - Setting next_dagrun for download_rocket_launches to None, run_after=None
[2024-03-16T11:53:35.759+0500] {processor.py:183} INFO - Processing /home/muhammadsami/Public/Projects/Airflow/DataPipelineswithApacheAirflow/GettingStarted/dags/download_rocket_launches.py took 0.137 seconds
[2024-03-16T11:54:49.468+0500] {processor.py:161} INFO - Started process (PID=21796) to work on /home/muhammadsami/Public/Projects/Airflow/DataPipelineswithApacheAirflow/GettingStarted/dags/download_rocket_launches.py
[2024-03-16T11:54:49.469+0500] {processor.py:830} INFO - Processing file /home/muhammadsami/Public/Projects/Airflow/DataPipelineswithApacheAirflow/GettingStarted/dags/download_rocket_launches.py for tasks to queue
[2024-03-16T11:54:49.470+0500] {logging_mixin.py:188} INFO - [2024-03-16T11:54:49.470+0500] {dagbag.py:540} INFO - Filling up the DagBag from /home/muhammadsami/Public/Projects/Airflow/DataPipelineswithApacheAirflow/GettingStarted/dags/download_rocket_launches.py
[2024-03-16T11:54:49.476+0500] {processor.py:840} INFO - DAG(s) 'download_rocket_launches' retrieved from /home/muhammadsami/Public/Projects/Airflow/DataPipelineswithApacheAirflow/GettingStarted/dags/download_rocket_launches.py
[2024-03-16T11:54:49.490+0500] {logging_mixin.py:188} INFO - [2024-03-16T11:54:49.490+0500] {dag.py:3047} INFO - Sync 1 DAGs
[2024-03-16T11:54:49.503+0500] {logging_mixin.py:188} INFO - [2024-03-16T11:54:49.503+0500] {dag.py:3834} INFO - Setting next_dagrun for download_rocket_launches to None, run_after=None
[2024-03-16T11:54:49.612+0500] {processor.py:183} INFO - Processing /home/muhammadsami/Public/Projects/Airflow/DataPipelineswithApacheAirflow/GettingStarted/dags/download_rocket_launches.py took 0.147 seconds
[2024-03-16T11:56:07.899+0500] {processor.py:161} INFO - Started process (PID=21927) to work on /home/muhammadsami/Public/Projects/Airflow/DataPipelineswithApacheAirflow/GettingStarted/dags/download_rocket_launches.py
[2024-03-16T11:56:07.916+0500] {processor.py:830} INFO - Processing file /home/muhammadsami/Public/Projects/Airflow/DataPipelineswithApacheAirflow/GettingStarted/dags/download_rocket_launches.py for tasks to queue
[2024-03-16T11:56:07.917+0500] {logging_mixin.py:188} INFO - [2024-03-16T11:56:07.917+0500] {dagbag.py:540} INFO - Filling up the DagBag from /home/muhammadsami/Public/Projects/Airflow/DataPipelineswithApacheAirflow/GettingStarted/dags/download_rocket_launches.py
[2024-03-16T11:56:07.923+0500] {processor.py:840} INFO - DAG(s) 'download_rocket_launches' retrieved from /home/muhammadsami/Public/Projects/Airflow/DataPipelineswithApacheAirflow/GettingStarted/dags/download_rocket_launches.py
[2024-03-16T11:56:07.937+0500] {logging_mixin.py:188} INFO - [2024-03-16T11:56:07.937+0500] {dag.py:3047} INFO - Sync 1 DAGs
[2024-03-16T11:56:07.951+0500] {logging_mixin.py:188} INFO - [2024-03-16T11:56:07.950+0500] {dag.py:3834} INFO - Setting next_dagrun for download_rocket_launches to None, run_after=None
[2024-03-16T11:56:08.115+0500] {processor.py:183} INFO - Processing /home/muhammadsami/Public/Projects/Airflow/DataPipelineswithApacheAirflow/GettingStarted/dags/download_rocket_launches.py took 0.220 seconds
[2024-03-16T11:57:24.145+0500] {processor.py:161} INFO - Started process (PID=22003) to work on /home/muhammadsami/Public/Projects/Airflow/DataPipelineswithApacheAirflow/GettingStarted/dags/download_rocket_launches.py
[2024-03-16T11:57:24.147+0500] {processor.py:830} INFO - Processing file /home/muhammadsami/Public/Projects/Airflow/DataPipelineswithApacheAirflow/GettingStarted/dags/download_rocket_launches.py for tasks to queue
[2024-03-16T11:57:24.147+0500] {logging_mixin.py:188} INFO - [2024-03-16T11:57:24.147+0500] {dagbag.py:540} INFO - Filling up the DagBag from /home/muhammadsami/Public/Projects/Airflow/DataPipelineswithApacheAirflow/GettingStarted/dags/download_rocket_launches.py
[2024-03-16T11:57:24.154+0500] {processor.py:840} INFO - DAG(s) 'download_rocket_launches' retrieved from /home/muhammadsami/Public/Projects/Airflow/DataPipelineswithApacheAirflow/GettingStarted/dags/download_rocket_launches.py
[2024-03-16T11:57:24.167+0500] {logging_mixin.py:188} INFO - [2024-03-16T11:57:24.167+0500] {dag.py:3047} INFO - Sync 1 DAGs
[2024-03-16T11:57:24.177+0500] {logging_mixin.py:188} INFO - [2024-03-16T11:57:24.177+0500] {dag.py:3834} INFO - Setting next_dagrun for download_rocket_launches to None, run_after=None
[2024-03-16T11:57:24.271+0500] {processor.py:183} INFO - Processing /home/muhammadsami/Public/Projects/Airflow/DataPipelineswithApacheAirflow/GettingStarted/dags/download_rocket_launches.py took 0.128 seconds
[2024-03-16T11:58:40.955+0500] {processor.py:161} INFO - Started process (PID=22132) to work on /home/muhammadsami/Public/Projects/Airflow/DataPipelineswithApacheAirflow/GettingStarted/dags/download_rocket_launches.py
[2024-03-16T11:58:40.971+0500] {processor.py:830} INFO - Processing file /home/muhammadsami/Public/Projects/Airflow/DataPipelineswithApacheAirflow/GettingStarted/dags/download_rocket_launches.py for tasks to queue
[2024-03-16T11:58:40.972+0500] {logging_mixin.py:188} INFO - [2024-03-16T11:58:40.971+0500] {dagbag.py:540} INFO - Filling up the DagBag from /home/muhammadsami/Public/Projects/Airflow/DataPipelineswithApacheAirflow/GettingStarted/dags/download_rocket_launches.py
[2024-03-16T11:58:40.977+0500] {processor.py:840} INFO - DAG(s) 'download_rocket_launches' retrieved from /home/muhammadsami/Public/Projects/Airflow/DataPipelineswithApacheAirflow/GettingStarted/dags/download_rocket_launches.py
[2024-03-16T11:58:40.989+0500] {logging_mixin.py:188} INFO - [2024-03-16T11:58:40.989+0500] {dag.py:3047} INFO - Sync 1 DAGs
[2024-03-16T11:58:40.999+0500] {logging_mixin.py:188} INFO - [2024-03-16T11:58:40.998+0500] {dag.py:3834} INFO - Setting next_dagrun for download_rocket_launches to None, run_after=None
[2024-03-16T11:58:41.096+0500] {processor.py:183} INFO - Processing /home/muhammadsami/Public/Projects/Airflow/DataPipelineswithApacheAirflow/GettingStarted/dags/download_rocket_launches.py took 0.145 seconds
[2024-03-16T11:59:54.879+0500] {processor.py:161} INFO - Started process (PID=22299) to work on /home/muhammadsami/Public/Projects/Airflow/DataPipelineswithApacheAirflow/GettingStarted/dags/download_rocket_launches.py
[2024-03-16T11:59:54.891+0500] {processor.py:830} INFO - Processing file /home/muhammadsami/Public/Projects/Airflow/DataPipelineswithApacheAirflow/GettingStarted/dags/download_rocket_launches.py for tasks to queue
[2024-03-16T11:59:54.892+0500] {logging_mixin.py:188} INFO - [2024-03-16T11:59:54.892+0500] {dagbag.py:540} INFO - Filling up the DagBag from /home/muhammadsami/Public/Projects/Airflow/DataPipelineswithApacheAirflow/GettingStarted/dags/download_rocket_launches.py
[2024-03-16T11:59:54.898+0500] {processor.py:840} INFO - DAG(s) 'download_rocket_launches' retrieved from /home/muhammadsami/Public/Projects/Airflow/DataPipelineswithApacheAirflow/GettingStarted/dags/download_rocket_launches.py
[2024-03-16T11:59:54.910+0500] {logging_mixin.py:188} INFO - [2024-03-16T11:59:54.909+0500] {dag.py:3047} INFO - Sync 1 DAGs
[2024-03-16T11:59:54.919+0500] {logging_mixin.py:188} INFO - [2024-03-16T11:59:54.919+0500] {dag.py:3834} INFO - Setting next_dagrun for download_rocket_launches to None, run_after=None
[2024-03-16T11:59:55.008+0500] {processor.py:183} INFO - Processing /home/muhammadsami/Public/Projects/Airflow/DataPipelineswithApacheAirflow/GettingStarted/dags/download_rocket_launches.py took 0.132 seconds
[2024-03-16T12:01:17.432+0500] {processor.py:161} INFO - Started process (PID=22377) to work on /home/muhammadsami/Public/Projects/Airflow/DataPipelineswithApacheAirflow/GettingStarted/dags/download_rocket_launches.py
[2024-03-16T12:01:17.448+0500] {processor.py:830} INFO - Processing file /home/muhammadsami/Public/Projects/Airflow/DataPipelineswithApacheAirflow/GettingStarted/dags/download_rocket_launches.py for tasks to queue
[2024-03-16T12:01:17.449+0500] {logging_mixin.py:188} INFO - [2024-03-16T12:01:17.448+0500] {dagbag.py:540} INFO - Filling up the DagBag from /home/muhammadsami/Public/Projects/Airflow/DataPipelineswithApacheAirflow/GettingStarted/dags/download_rocket_launches.py
[2024-03-16T12:01:17.454+0500] {processor.py:840} INFO - DAG(s) 'download_rocket_launches' retrieved from /home/muhammadsami/Public/Projects/Airflow/DataPipelineswithApacheAirflow/GettingStarted/dags/download_rocket_launches.py
[2024-03-16T12:01:17.466+0500] {logging_mixin.py:188} INFO - [2024-03-16T12:01:17.466+0500] {dag.py:3047} INFO - Sync 1 DAGs
[2024-03-16T12:01:17.476+0500] {logging_mixin.py:188} INFO - [2024-03-16T12:01:17.476+0500] {dag.py:3834} INFO - Setting next_dagrun for download_rocket_launches to None, run_after=None
[2024-03-16T12:01:17.600+0500] {processor.py:183} INFO - Processing /home/muhammadsami/Public/Projects/Airflow/DataPipelineswithApacheAirflow/GettingStarted/dags/download_rocket_launches.py took 0.171 seconds
