[2024-03-16T11:22:08.952+0500] {processor.py:161} INFO - Started process (PID=17955) to work on /home/muhammadsami/Public/Projects/Airflow/DataPipelineswithApacheAirflow/.env/lib/python3.8/site-packages/airflow/example_dags/plugins/workday.py
[2024-03-16T11:22:08.953+0500] {processor.py:830} INFO - Processing file /home/muhammadsami/Public/Projects/Airflow/DataPipelineswithApacheAirflow/.env/lib/python3.8/site-packages/airflow/example_dags/plugins/workday.py for tasks to queue
[2024-03-16T11:22:08.954+0500] {logging_mixin.py:188} INFO - [2024-03-16T11:22:08.953+0500] {dagbag.py:540} INFO - Filling up the DagBag from /home/muhammadsami/Public/Projects/Airflow/DataPipelineswithApacheAirflow/.env/lib/python3.8/site-packages/airflow/example_dags/plugins/workday.py
[2024-03-16T11:22:08.956+0500] {logging_mixin.py:188} INFO - [2024-03-16T11:22:08.956+0500] {workday.py:40} WARNING - Could not import pandas. Holidays will not be considered.
[2024-03-16T11:22:08.956+0500] {processor.py:842} WARNING - No viable dags retrieved from /home/muhammadsami/Public/Projects/Airflow/DataPipelineswithApacheAirflow/.env/lib/python3.8/site-packages/airflow/example_dags/plugins/workday.py
[2024-03-16T11:22:08.965+0500] {processor.py:183} INFO - Processing /home/muhammadsami/Public/Projects/Airflow/DataPipelineswithApacheAirflow/.env/lib/python3.8/site-packages/airflow/example_dags/plugins/workday.py took 0.015 seconds
[2024-03-16T11:23:46.945+0500] {processor.py:161} INFO - Started process (PID=18440) to work on /home/muhammadsami/Public/Projects/Airflow/DataPipelineswithApacheAirflow/.env/lib/python3.8/site-packages/airflow/example_dags/plugins/workday.py
[2024-03-16T11:23:46.946+0500] {processor.py:830} INFO - Processing file /home/muhammadsami/Public/Projects/Airflow/DataPipelineswithApacheAirflow/.env/lib/python3.8/site-packages/airflow/example_dags/plugins/workday.py for tasks to queue
[2024-03-16T11:23:46.947+0500] {logging_mixin.py:188} INFO - [2024-03-16T11:23:46.947+0500] {dagbag.py:540} INFO - Filling up the DagBag from /home/muhammadsami/Public/Projects/Airflow/DataPipelineswithApacheAirflow/.env/lib/python3.8/site-packages/airflow/example_dags/plugins/workday.py
[2024-03-16T11:23:46.950+0500] {logging_mixin.py:188} INFO - [2024-03-16T11:23:46.950+0500] {workday.py:40} WARNING - Could not import pandas. Holidays will not be considered.
[2024-03-16T11:23:46.951+0500] {processor.py:842} WARNING - No viable dags retrieved from /home/muhammadsami/Public/Projects/Airflow/DataPipelineswithApacheAirflow/.env/lib/python3.8/site-packages/airflow/example_dags/plugins/workday.py
[2024-03-16T11:23:46.960+0500] {processor.py:183} INFO - Processing /home/muhammadsami/Public/Projects/Airflow/DataPipelineswithApacheAirflow/.env/lib/python3.8/site-packages/airflow/example_dags/plugins/workday.py took 0.018 seconds
[2024-03-16T11:24:27.770+0500] {processor.py:161} INFO - Started process (PID=18515) to work on /home/muhammadsami/Public/Projects/Airflow/DataPipelineswithApacheAirflow/.env/lib/python3.8/site-packages/airflow/example_dags/plugins/workday.py
[2024-03-16T11:24:27.771+0500] {processor.py:830} INFO - Processing file /home/muhammadsami/Public/Projects/Airflow/DataPipelineswithApacheAirflow/.env/lib/python3.8/site-packages/airflow/example_dags/plugins/workday.py for tasks to queue
[2024-03-16T11:24:27.772+0500] {logging_mixin.py:188} INFO - [2024-03-16T11:24:27.772+0500] {dagbag.py:540} INFO - Filling up the DagBag from /home/muhammadsami/Public/Projects/Airflow/DataPipelineswithApacheAirflow/.env/lib/python3.8/site-packages/airflow/example_dags/plugins/workday.py
[2024-03-16T11:24:27.775+0500] {logging_mixin.py:188} INFO - [2024-03-16T11:24:27.775+0500] {workday.py:40} WARNING - Could not import pandas. Holidays will not be considered.
[2024-03-16T11:24:27.776+0500] {processor.py:842} WARNING - No viable dags retrieved from /home/muhammadsami/Public/Projects/Airflow/DataPipelineswithApacheAirflow/.env/lib/python3.8/site-packages/airflow/example_dags/plugins/workday.py
[2024-03-16T11:24:27.785+0500] {processor.py:183} INFO - Processing /home/muhammadsami/Public/Projects/Airflow/DataPipelineswithApacheAirflow/.env/lib/python3.8/site-packages/airflow/example_dags/plugins/workday.py took 0.017 seconds
[2024-03-16T11:25:20.599+0500] {processor.py:161} INFO - Started process (PID=18617) to work on /home/muhammadsami/Public/Projects/Airflow/DataPipelineswithApacheAirflow/.env/lib/python3.8/site-packages/airflow/example_dags/plugins/workday.py
[2024-03-16T11:25:20.618+0500] {processor.py:830} INFO - Processing file /home/muhammadsami/Public/Projects/Airflow/DataPipelineswithApacheAirflow/.env/lib/python3.8/site-packages/airflow/example_dags/plugins/workday.py for tasks to queue
[2024-03-16T11:25:20.619+0500] {logging_mixin.py:188} INFO - [2024-03-16T11:25:20.618+0500] {dagbag.py:540} INFO - Filling up the DagBag from /home/muhammadsami/Public/Projects/Airflow/DataPipelineswithApacheAirflow/.env/lib/python3.8/site-packages/airflow/example_dags/plugins/workday.py
[2024-03-16T11:25:20.622+0500] {logging_mixin.py:188} INFO - [2024-03-16T11:25:20.621+0500] {workday.py:40} WARNING - Could not import pandas. Holidays will not be considered.
[2024-03-16T11:25:20.622+0500] {processor.py:842} WARNING - No viable dags retrieved from /home/muhammadsami/Public/Projects/Airflow/DataPipelineswithApacheAirflow/.env/lib/python3.8/site-packages/airflow/example_dags/plugins/workday.py
[2024-03-16T11:25:20.630+0500] {processor.py:183} INFO - Processing /home/muhammadsami/Public/Projects/Airflow/DataPipelineswithApacheAirflow/.env/lib/python3.8/site-packages/airflow/example_dags/plugins/workday.py took 0.033 seconds
[2024-03-16T11:26:10.095+0500] {processor.py:161} INFO - Started process (PID=18674) to work on /home/muhammadsami/Public/Projects/Airflow/DataPipelineswithApacheAirflow/.env/lib/python3.8/site-packages/airflow/example_dags/plugins/workday.py
[2024-03-16T11:26:10.099+0500] {processor.py:830} INFO - Processing file /home/muhammadsami/Public/Projects/Airflow/DataPipelineswithApacheAirflow/.env/lib/python3.8/site-packages/airflow/example_dags/plugins/workday.py for tasks to queue
[2024-03-16T11:26:10.100+0500] {logging_mixin.py:188} INFO - [2024-03-16T11:26:10.100+0500] {dagbag.py:540} INFO - Filling up the DagBag from /home/muhammadsami/Public/Projects/Airflow/DataPipelineswithApacheAirflow/.env/lib/python3.8/site-packages/airflow/example_dags/plugins/workday.py
[2024-03-16T11:26:10.103+0500] {logging_mixin.py:188} INFO - [2024-03-16T11:26:10.102+0500] {workday.py:40} WARNING - Could not import pandas. Holidays will not be considered.
[2024-03-16T11:26:10.103+0500] {processor.py:842} WARNING - No viable dags retrieved from /home/muhammadsami/Public/Projects/Airflow/DataPipelineswithApacheAirflow/.env/lib/python3.8/site-packages/airflow/example_dags/plugins/workday.py
[2024-03-16T11:26:10.112+0500] {processor.py:183} INFO - Processing /home/muhammadsami/Public/Projects/Airflow/DataPipelineswithApacheAirflow/.env/lib/python3.8/site-packages/airflow/example_dags/plugins/workday.py took 0.018 seconds
[2024-03-16T11:27:01.083+0500] {processor.py:161} INFO - Started process (PID=18754) to work on /home/muhammadsami/Public/Projects/Airflow/DataPipelineswithApacheAirflow/.env/lib/python3.8/site-packages/airflow/example_dags/plugins/workday.py
[2024-03-16T11:27:01.099+0500] {processor.py:830} INFO - Processing file /home/muhammadsami/Public/Projects/Airflow/DataPipelineswithApacheAirflow/.env/lib/python3.8/site-packages/airflow/example_dags/plugins/workday.py for tasks to queue
[2024-03-16T11:27:01.100+0500] {logging_mixin.py:188} INFO - [2024-03-16T11:27:01.099+0500] {dagbag.py:540} INFO - Filling up the DagBag from /home/muhammadsami/Public/Projects/Airflow/DataPipelineswithApacheAirflow/.env/lib/python3.8/site-packages/airflow/example_dags/plugins/workday.py
[2024-03-16T11:27:01.103+0500] {logging_mixin.py:188} INFO - [2024-03-16T11:27:01.102+0500] {workday.py:40} WARNING - Could not import pandas. Holidays will not be considered.
[2024-03-16T11:27:01.103+0500] {processor.py:842} WARNING - No viable dags retrieved from /home/muhammadsami/Public/Projects/Airflow/DataPipelineswithApacheAirflow/.env/lib/python3.8/site-packages/airflow/example_dags/plugins/workday.py
[2024-03-16T11:27:01.112+0500] {processor.py:183} INFO - Processing /home/muhammadsami/Public/Projects/Airflow/DataPipelineswithApacheAirflow/.env/lib/python3.8/site-packages/airflow/example_dags/plugins/workday.py took 0.032 seconds
[2024-03-16T11:27:49.698+0500] {processor.py:161} INFO - Started process (PID=18804) to work on /home/muhammadsami/Public/Projects/Airflow/DataPipelineswithApacheAirflow/.env/lib/python3.8/site-packages/airflow/example_dags/plugins/workday.py
[2024-03-16T11:27:49.700+0500] {processor.py:830} INFO - Processing file /home/muhammadsami/Public/Projects/Airflow/DataPipelineswithApacheAirflow/.env/lib/python3.8/site-packages/airflow/example_dags/plugins/workday.py for tasks to queue
[2024-03-16T11:27:49.701+0500] {logging_mixin.py:188} INFO - [2024-03-16T11:27:49.700+0500] {dagbag.py:540} INFO - Filling up the DagBag from /home/muhammadsami/Public/Projects/Airflow/DataPipelineswithApacheAirflow/.env/lib/python3.8/site-packages/airflow/example_dags/plugins/workday.py
[2024-03-16T11:27:49.703+0500] {logging_mixin.py:188} INFO - [2024-03-16T11:27:49.703+0500] {workday.py:40} WARNING - Could not import pandas. Holidays will not be considered.
[2024-03-16T11:27:49.704+0500] {processor.py:842} WARNING - No viable dags retrieved from /home/muhammadsami/Public/Projects/Airflow/DataPipelineswithApacheAirflow/.env/lib/python3.8/site-packages/airflow/example_dags/plugins/workday.py
[2024-03-16T11:27:49.713+0500] {processor.py:183} INFO - Processing /home/muhammadsami/Public/Projects/Airflow/DataPipelineswithApacheAirflow/.env/lib/python3.8/site-packages/airflow/example_dags/plugins/workday.py took 0.018 seconds
[2024-03-16T11:28:35.505+0500] {processor.py:161} INFO - Started process (PID=18847) to work on /home/muhammadsami/Public/Projects/Airflow/DataPipelineswithApacheAirflow/.env/lib/python3.8/site-packages/airflow/example_dags/plugins/workday.py
[2024-03-16T11:28:35.506+0500] {processor.py:830} INFO - Processing file /home/muhammadsami/Public/Projects/Airflow/DataPipelineswithApacheAirflow/.env/lib/python3.8/site-packages/airflow/example_dags/plugins/workday.py for tasks to queue
[2024-03-16T11:28:35.507+0500] {logging_mixin.py:188} INFO - [2024-03-16T11:28:35.507+0500] {dagbag.py:540} INFO - Filling up the DagBag from /home/muhammadsami/Public/Projects/Airflow/DataPipelineswithApacheAirflow/.env/lib/python3.8/site-packages/airflow/example_dags/plugins/workday.py
[2024-03-16T11:28:35.510+0500] {logging_mixin.py:188} INFO - [2024-03-16T11:28:35.510+0500] {workday.py:40} WARNING - Could not import pandas. Holidays will not be considered.
[2024-03-16T11:28:35.511+0500] {processor.py:842} WARNING - No viable dags retrieved from /home/muhammadsami/Public/Projects/Airflow/DataPipelineswithApacheAirflow/.env/lib/python3.8/site-packages/airflow/example_dags/plugins/workday.py
[2024-03-16T11:28:35.520+0500] {processor.py:183} INFO - Processing /home/muhammadsami/Public/Projects/Airflow/DataPipelineswithApacheAirflow/.env/lib/python3.8/site-packages/airflow/example_dags/plugins/workday.py took 0.018 seconds
[2024-03-16T11:29:26.319+0500] {processor.py:161} INFO - Started process (PID=18916) to work on /home/muhammadsami/Public/Projects/Airflow/DataPipelineswithApacheAirflow/.env/lib/python3.8/site-packages/airflow/example_dags/plugins/workday.py
[2024-03-16T11:29:26.323+0500] {processor.py:830} INFO - Processing file /home/muhammadsami/Public/Projects/Airflow/DataPipelineswithApacheAirflow/.env/lib/python3.8/site-packages/airflow/example_dags/plugins/workday.py for tasks to queue
[2024-03-16T11:29:26.324+0500] {logging_mixin.py:188} INFO - [2024-03-16T11:29:26.324+0500] {dagbag.py:540} INFO - Filling up the DagBag from /home/muhammadsami/Public/Projects/Airflow/DataPipelineswithApacheAirflow/.env/lib/python3.8/site-packages/airflow/example_dags/plugins/workday.py
[2024-03-16T11:29:26.327+0500] {logging_mixin.py:188} INFO - [2024-03-16T11:29:26.326+0500] {workday.py:40} WARNING - Could not import pandas. Holidays will not be considered.
[2024-03-16T11:29:26.327+0500] {processor.py:842} WARNING - No viable dags retrieved from /home/muhammadsami/Public/Projects/Airflow/DataPipelineswithApacheAirflow/.env/lib/python3.8/site-packages/airflow/example_dags/plugins/workday.py
[2024-03-16T11:29:26.335+0500] {processor.py:183} INFO - Processing /home/muhammadsami/Public/Projects/Airflow/DataPipelineswithApacheAirflow/.env/lib/python3.8/site-packages/airflow/example_dags/plugins/workday.py took 0.019 seconds
[2024-03-16T11:30:17.687+0500] {processor.py:161} INFO - Started process (PID=18973) to work on /home/muhammadsami/Public/Projects/Airflow/DataPipelineswithApacheAirflow/.env/lib/python3.8/site-packages/airflow/example_dags/plugins/workday.py
[2024-03-16T11:30:17.699+0500] {processor.py:830} INFO - Processing file /home/muhammadsami/Public/Projects/Airflow/DataPipelineswithApacheAirflow/.env/lib/python3.8/site-packages/airflow/example_dags/plugins/workday.py for tasks to queue
[2024-03-16T11:30:17.700+0500] {logging_mixin.py:188} INFO - [2024-03-16T11:30:17.700+0500] {dagbag.py:540} INFO - Filling up the DagBag from /home/muhammadsami/Public/Projects/Airflow/DataPipelineswithApacheAirflow/.env/lib/python3.8/site-packages/airflow/example_dags/plugins/workday.py
[2024-03-16T11:30:17.702+0500] {logging_mixin.py:188} INFO - [2024-03-16T11:30:17.702+0500] {workday.py:40} WARNING - Could not import pandas. Holidays will not be considered.
[2024-03-16T11:30:17.703+0500] {processor.py:842} WARNING - No viable dags retrieved from /home/muhammadsami/Public/Projects/Airflow/DataPipelineswithApacheAirflow/.env/lib/python3.8/site-packages/airflow/example_dags/plugins/workday.py
[2024-03-16T11:30:17.711+0500] {processor.py:183} INFO - Processing /home/muhammadsami/Public/Projects/Airflow/DataPipelineswithApacheAirflow/.env/lib/python3.8/site-packages/airflow/example_dags/plugins/workday.py took 0.026 seconds
[2024-03-16T11:38:35.208+0500] {processor.py:161} INFO - Started process (PID=19423) to work on /home/muhammadsami/Public/Projects/Airflow/DataPipelineswithApacheAirflow/.env/lib/python3.8/site-packages/airflow/example_dags/plugins/workday.py
[2024-03-16T11:38:35.220+0500] {processor.py:830} INFO - Processing file /home/muhammadsami/Public/Projects/Airflow/DataPipelineswithApacheAirflow/.env/lib/python3.8/site-packages/airflow/example_dags/plugins/workday.py for tasks to queue
[2024-03-16T11:38:35.222+0500] {logging_mixin.py:188} INFO - [2024-03-16T11:38:35.221+0500] {dagbag.py:540} INFO - Filling up the DagBag from /home/muhammadsami/Public/Projects/Airflow/DataPipelineswithApacheAirflow/.env/lib/python3.8/site-packages/airflow/example_dags/plugins/workday.py
[2024-03-16T11:38:35.227+0500] {logging_mixin.py:188} INFO - [2024-03-16T11:38:35.226+0500] {workday.py:40} WARNING - Could not import pandas. Holidays will not be considered.
[2024-03-16T11:38:35.228+0500] {processor.py:842} WARNING - No viable dags retrieved from /home/muhammadsami/Public/Projects/Airflow/DataPipelineswithApacheAirflow/.env/lib/python3.8/site-packages/airflow/example_dags/plugins/workday.py
[2024-03-16T11:38:35.242+0500] {processor.py:183} INFO - Processing /home/muhammadsami/Public/Projects/Airflow/DataPipelineswithApacheAirflow/.env/lib/python3.8/site-packages/airflow/example_dags/plugins/workday.py took 0.038 seconds
[2024-03-16T11:39:38.767+0500] {processor.py:161} INFO - Started process (PID=19769) to work on /home/muhammadsami/Public/Projects/Airflow/DataPipelineswithApacheAirflow/.env/lib/python3.8/site-packages/airflow/example_dags/plugins/workday.py
[2024-03-16T11:39:38.776+0500] {processor.py:830} INFO - Processing file /home/muhammadsami/Public/Projects/Airflow/DataPipelineswithApacheAirflow/.env/lib/python3.8/site-packages/airflow/example_dags/plugins/workday.py for tasks to queue
[2024-03-16T11:39:38.777+0500] {logging_mixin.py:188} INFO - [2024-03-16T11:39:38.777+0500] {dagbag.py:540} INFO - Filling up the DagBag from /home/muhammadsami/Public/Projects/Airflow/DataPipelineswithApacheAirflow/.env/lib/python3.8/site-packages/airflow/example_dags/plugins/workday.py
[2024-03-16T11:39:38.780+0500] {logging_mixin.py:188} INFO - [2024-03-16T11:39:38.780+0500] {workday.py:40} WARNING - Could not import pandas. Holidays will not be considered.
[2024-03-16T11:39:38.781+0500] {processor.py:842} WARNING - No viable dags retrieved from /home/muhammadsami/Public/Projects/Airflow/DataPipelineswithApacheAirflow/.env/lib/python3.8/site-packages/airflow/example_dags/plugins/workday.py
[2024-03-16T11:39:38.789+0500] {processor.py:183} INFO - Processing /home/muhammadsami/Public/Projects/Airflow/DataPipelineswithApacheAirflow/.env/lib/python3.8/site-packages/airflow/example_dags/plugins/workday.py took 0.025 seconds
[2024-03-16T11:40:43.556+0500] {processor.py:161} INFO - Started process (PID=19972) to work on /home/muhammadsami/Public/Projects/Airflow/DataPipelineswithApacheAirflow/.env/lib/python3.8/site-packages/airflow/example_dags/plugins/workday.py
[2024-03-16T11:40:43.558+0500] {processor.py:830} INFO - Processing file /home/muhammadsami/Public/Projects/Airflow/DataPipelineswithApacheAirflow/.env/lib/python3.8/site-packages/airflow/example_dags/plugins/workday.py for tasks to queue
[2024-03-16T11:40:43.559+0500] {logging_mixin.py:188} INFO - [2024-03-16T11:40:43.559+0500] {dagbag.py:540} INFO - Filling up the DagBag from /home/muhammadsami/Public/Projects/Airflow/DataPipelineswithApacheAirflow/.env/lib/python3.8/site-packages/airflow/example_dags/plugins/workday.py
[2024-03-16T11:40:43.562+0500] {logging_mixin.py:188} INFO - [2024-03-16T11:40:43.562+0500] {workday.py:40} WARNING - Could not import pandas. Holidays will not be considered.
[2024-03-16T11:40:43.563+0500] {processor.py:842} WARNING - No viable dags retrieved from /home/muhammadsami/Public/Projects/Airflow/DataPipelineswithApacheAirflow/.env/lib/python3.8/site-packages/airflow/example_dags/plugins/workday.py
[2024-03-16T11:40:43.574+0500] {processor.py:183} INFO - Processing /home/muhammadsami/Public/Projects/Airflow/DataPipelineswithApacheAirflow/.env/lib/python3.8/site-packages/airflow/example_dags/plugins/workday.py took 0.021 seconds
[2024-03-16T11:41:23.851+0500] {processor.py:161} INFO - Started process (PID=20184) to work on /home/muhammadsami/Public/Projects/Airflow/DataPipelineswithApacheAirflow/.env/lib/python3.8/site-packages/airflow/example_dags/plugins/workday.py
[2024-03-16T11:41:23.868+0500] {processor.py:830} INFO - Processing file /home/muhammadsami/Public/Projects/Airflow/DataPipelineswithApacheAirflow/.env/lib/python3.8/site-packages/airflow/example_dags/plugins/workday.py for tasks to queue
[2024-03-16T11:41:23.869+0500] {logging_mixin.py:188} INFO - [2024-03-16T11:41:23.868+0500] {dagbag.py:540} INFO - Filling up the DagBag from /home/muhammadsami/Public/Projects/Airflow/DataPipelineswithApacheAirflow/.env/lib/python3.8/site-packages/airflow/example_dags/plugins/workday.py
[2024-03-16T11:41:23.871+0500] {logging_mixin.py:188} INFO - [2024-03-16T11:41:23.871+0500] {workday.py:40} WARNING - Could not import pandas. Holidays will not be considered.
[2024-03-16T11:41:23.871+0500] {processor.py:842} WARNING - No viable dags retrieved from /home/muhammadsami/Public/Projects/Airflow/DataPipelineswithApacheAirflow/.env/lib/python3.8/site-packages/airflow/example_dags/plugins/workday.py
[2024-03-16T11:41:23.880+0500] {processor.py:183} INFO - Processing /home/muhammadsami/Public/Projects/Airflow/DataPipelineswithApacheAirflow/.env/lib/python3.8/site-packages/airflow/example_dags/plugins/workday.py took 0.032 seconds
[2024-03-16T11:42:20.378+0500] {processor.py:161} INFO - Started process (PID=20248) to work on /home/muhammadsami/Public/Projects/Airflow/DataPipelineswithApacheAirflow/.env/lib/python3.8/site-packages/airflow/example_dags/plugins/workday.py
[2024-03-16T11:42:20.395+0500] {processor.py:830} INFO - Processing file /home/muhammadsami/Public/Projects/Airflow/DataPipelineswithApacheAirflow/.env/lib/python3.8/site-packages/airflow/example_dags/plugins/workday.py for tasks to queue
[2024-03-16T11:42:20.396+0500] {logging_mixin.py:188} INFO - [2024-03-16T11:42:20.396+0500] {dagbag.py:540} INFO - Filling up the DagBag from /home/muhammadsami/Public/Projects/Airflow/DataPipelineswithApacheAirflow/.env/lib/python3.8/site-packages/airflow/example_dags/plugins/workday.py
[2024-03-16T11:42:20.399+0500] {logging_mixin.py:188} INFO - [2024-03-16T11:42:20.399+0500] {workday.py:40} WARNING - Could not import pandas. Holidays will not be considered.
[2024-03-16T11:42:20.399+0500] {processor.py:842} WARNING - No viable dags retrieved from /home/muhammadsami/Public/Projects/Airflow/DataPipelineswithApacheAirflow/.env/lib/python3.8/site-packages/airflow/example_dags/plugins/workday.py
[2024-03-16T11:42:20.407+0500] {processor.py:183} INFO - Processing /home/muhammadsami/Public/Projects/Airflow/DataPipelineswithApacheAirflow/.env/lib/python3.8/site-packages/airflow/example_dags/plugins/workday.py took 0.032 seconds
[2024-03-16T11:43:08.527+0500] {processor.py:161} INFO - Started process (PID=20301) to work on /home/muhammadsami/Public/Projects/Airflow/DataPipelineswithApacheAirflow/.env/lib/python3.8/site-packages/airflow/example_dags/plugins/workday.py
[2024-03-16T11:43:08.529+0500] {processor.py:830} INFO - Processing file /home/muhammadsami/Public/Projects/Airflow/DataPipelineswithApacheAirflow/.env/lib/python3.8/site-packages/airflow/example_dags/plugins/workday.py for tasks to queue
[2024-03-16T11:43:08.529+0500] {logging_mixin.py:188} INFO - [2024-03-16T11:43:08.529+0500] {dagbag.py:540} INFO - Filling up the DagBag from /home/muhammadsami/Public/Projects/Airflow/DataPipelineswithApacheAirflow/.env/lib/python3.8/site-packages/airflow/example_dags/plugins/workday.py
[2024-03-16T11:43:08.532+0500] {logging_mixin.py:188} INFO - [2024-03-16T11:43:08.532+0500] {workday.py:40} WARNING - Could not import pandas. Holidays will not be considered.
[2024-03-16T11:43:08.532+0500] {processor.py:842} WARNING - No viable dags retrieved from /home/muhammadsami/Public/Projects/Airflow/DataPipelineswithApacheAirflow/.env/lib/python3.8/site-packages/airflow/example_dags/plugins/workday.py
[2024-03-16T11:43:08.541+0500] {processor.py:183} INFO - Processing /home/muhammadsami/Public/Projects/Airflow/DataPipelineswithApacheAirflow/.env/lib/python3.8/site-packages/airflow/example_dags/plugins/workday.py took 0.016 seconds
[2024-03-16T11:43:56.448+0500] {processor.py:161} INFO - Started process (PID=20375) to work on /home/muhammadsami/Public/Projects/Airflow/DataPipelineswithApacheAirflow/.env/lib/python3.8/site-packages/airflow/example_dags/plugins/workday.py
[2024-03-16T11:43:56.449+0500] {processor.py:830} INFO - Processing file /home/muhammadsami/Public/Projects/Airflow/DataPipelineswithApacheAirflow/.env/lib/python3.8/site-packages/airflow/example_dags/plugins/workday.py for tasks to queue
[2024-03-16T11:43:56.450+0500] {logging_mixin.py:188} INFO - [2024-03-16T11:43:56.450+0500] {dagbag.py:540} INFO - Filling up the DagBag from /home/muhammadsami/Public/Projects/Airflow/DataPipelineswithApacheAirflow/.env/lib/python3.8/site-packages/airflow/example_dags/plugins/workday.py
[2024-03-16T11:43:56.453+0500] {logging_mixin.py:188} INFO - [2024-03-16T11:43:56.453+0500] {workday.py:40} WARNING - Could not import pandas. Holidays will not be considered.
[2024-03-16T11:43:56.454+0500] {processor.py:842} WARNING - No viable dags retrieved from /home/muhammadsami/Public/Projects/Airflow/DataPipelineswithApacheAirflow/.env/lib/python3.8/site-packages/airflow/example_dags/plugins/workday.py
[2024-03-16T11:43:56.462+0500] {processor.py:183} INFO - Processing /home/muhammadsami/Public/Projects/Airflow/DataPipelineswithApacheAirflow/.env/lib/python3.8/site-packages/airflow/example_dags/plugins/workday.py took 0.017 seconds
[2024-03-16T11:44:47.041+0500] {processor.py:161} INFO - Started process (PID=20461) to work on /home/muhammadsami/Public/Projects/Airflow/DataPipelineswithApacheAirflow/.env/lib/python3.8/site-packages/airflow/example_dags/plugins/workday.py
[2024-03-16T11:44:47.042+0500] {processor.py:830} INFO - Processing file /home/muhammadsami/Public/Projects/Airflow/DataPipelineswithApacheAirflow/.env/lib/python3.8/site-packages/airflow/example_dags/plugins/workday.py for tasks to queue
[2024-03-16T11:44:47.043+0500] {logging_mixin.py:188} INFO - [2024-03-16T11:44:47.043+0500] {dagbag.py:540} INFO - Filling up the DagBag from /home/muhammadsami/Public/Projects/Airflow/DataPipelineswithApacheAirflow/.env/lib/python3.8/site-packages/airflow/example_dags/plugins/workday.py
[2024-03-16T11:44:47.046+0500] {logging_mixin.py:188} INFO - [2024-03-16T11:44:47.046+0500] {workday.py:40} WARNING - Could not import pandas. Holidays will not be considered.
[2024-03-16T11:44:47.046+0500] {processor.py:842} WARNING - No viable dags retrieved from /home/muhammadsami/Public/Projects/Airflow/DataPipelineswithApacheAirflow/.env/lib/python3.8/site-packages/airflow/example_dags/plugins/workday.py
[2024-03-16T11:44:47.056+0500] {processor.py:183} INFO - Processing /home/muhammadsami/Public/Projects/Airflow/DataPipelineswithApacheAirflow/.env/lib/python3.8/site-packages/airflow/example_dags/plugins/workday.py took 0.019 seconds
[2024-03-16T11:45:32.678+0500] {processor.py:161} INFO - Started process (PID=20821) to work on /home/muhammadsami/Public/Projects/Airflow/DataPipelineswithApacheAirflow/.env/lib/python3.8/site-packages/airflow/example_dags/plugins/workday.py
[2024-03-16T11:45:32.679+0500] {processor.py:830} INFO - Processing file /home/muhammadsami/Public/Projects/Airflow/DataPipelineswithApacheAirflow/.env/lib/python3.8/site-packages/airflow/example_dags/plugins/workday.py for tasks to queue
[2024-03-16T11:45:32.680+0500] {logging_mixin.py:188} INFO - [2024-03-16T11:45:32.680+0500] {dagbag.py:540} INFO - Filling up the DagBag from /home/muhammadsami/Public/Projects/Airflow/DataPipelineswithApacheAirflow/.env/lib/python3.8/site-packages/airflow/example_dags/plugins/workday.py
[2024-03-16T11:45:32.683+0500] {logging_mixin.py:188} INFO - [2024-03-16T11:45:32.682+0500] {workday.py:40} WARNING - Could not import pandas. Holidays will not be considered.
[2024-03-16T11:45:32.683+0500] {processor.py:842} WARNING - No viable dags retrieved from /home/muhammadsami/Public/Projects/Airflow/DataPipelineswithApacheAirflow/.env/lib/python3.8/site-packages/airflow/example_dags/plugins/workday.py
[2024-03-16T11:45:32.691+0500] {processor.py:183} INFO - Processing /home/muhammadsami/Public/Projects/Airflow/DataPipelineswithApacheAirflow/.env/lib/python3.8/site-packages/airflow/example_dags/plugins/workday.py took 0.016 seconds
[2024-03-16T11:46:30.003+0500] {processor.py:161} INFO - Started process (PID=20881) to work on /home/muhammadsami/Public/Projects/Airflow/DataPipelineswithApacheAirflow/.env/lib/python3.8/site-packages/airflow/example_dags/plugins/workday.py
[2024-03-16T11:46:30.005+0500] {processor.py:830} INFO - Processing file /home/muhammadsami/Public/Projects/Airflow/DataPipelineswithApacheAirflow/.env/lib/python3.8/site-packages/airflow/example_dags/plugins/workday.py for tasks to queue
[2024-03-16T11:46:30.006+0500] {logging_mixin.py:188} INFO - [2024-03-16T11:46:30.005+0500] {dagbag.py:540} INFO - Filling up the DagBag from /home/muhammadsami/Public/Projects/Airflow/DataPipelineswithApacheAirflow/.env/lib/python3.8/site-packages/airflow/example_dags/plugins/workday.py
[2024-03-16T11:46:30.008+0500] {logging_mixin.py:188} INFO - [2024-03-16T11:46:30.008+0500] {workday.py:40} WARNING - Could not import pandas. Holidays will not be considered.
[2024-03-16T11:46:30.009+0500] {processor.py:842} WARNING - No viable dags retrieved from /home/muhammadsami/Public/Projects/Airflow/DataPipelineswithApacheAirflow/.env/lib/python3.8/site-packages/airflow/example_dags/plugins/workday.py
[2024-03-16T11:46:30.017+0500] {processor.py:183} INFO - Processing /home/muhammadsami/Public/Projects/Airflow/DataPipelineswithApacheAirflow/.env/lib/python3.8/site-packages/airflow/example_dags/plugins/workday.py took 0.016 seconds
[2024-03-16T11:47:19.853+0500] {processor.py:161} INFO - Started process (PID=20959) to work on /home/muhammadsami/Public/Projects/Airflow/DataPipelineswithApacheAirflow/.env/lib/python3.8/site-packages/airflow/example_dags/plugins/workday.py
[2024-03-16T11:47:19.854+0500] {processor.py:830} INFO - Processing file /home/muhammadsami/Public/Projects/Airflow/DataPipelineswithApacheAirflow/.env/lib/python3.8/site-packages/airflow/example_dags/plugins/workday.py for tasks to queue
[2024-03-16T11:47:19.855+0500] {logging_mixin.py:188} INFO - [2024-03-16T11:47:19.855+0500] {dagbag.py:540} INFO - Filling up the DagBag from /home/muhammadsami/Public/Projects/Airflow/DataPipelineswithApacheAirflow/.env/lib/python3.8/site-packages/airflow/example_dags/plugins/workday.py
[2024-03-16T11:47:19.858+0500] {logging_mixin.py:188} INFO - [2024-03-16T11:47:19.858+0500] {workday.py:40} WARNING - Could not import pandas. Holidays will not be considered.
[2024-03-16T11:47:19.858+0500] {processor.py:842} WARNING - No viable dags retrieved from /home/muhammadsami/Public/Projects/Airflow/DataPipelineswithApacheAirflow/.env/lib/python3.8/site-packages/airflow/example_dags/plugins/workday.py
[2024-03-16T11:47:19.868+0500] {processor.py:183} INFO - Processing /home/muhammadsami/Public/Projects/Airflow/DataPipelineswithApacheAirflow/.env/lib/python3.8/site-packages/airflow/example_dags/plugins/workday.py took 0.017 seconds
[2024-03-16T11:48:09.837+0500] {processor.py:161} INFO - Started process (PID=21008) to work on /home/muhammadsami/Public/Projects/Airflow/DataPipelineswithApacheAirflow/.env/lib/python3.8/site-packages/airflow/example_dags/plugins/workday.py
[2024-03-16T11:48:09.838+0500] {processor.py:830} INFO - Processing file /home/muhammadsami/Public/Projects/Airflow/DataPipelineswithApacheAirflow/.env/lib/python3.8/site-packages/airflow/example_dags/plugins/workday.py for tasks to queue
[2024-03-16T11:48:09.839+0500] {logging_mixin.py:188} INFO - [2024-03-16T11:48:09.839+0500] {dagbag.py:540} INFO - Filling up the DagBag from /home/muhammadsami/Public/Projects/Airflow/DataPipelineswithApacheAirflow/.env/lib/python3.8/site-packages/airflow/example_dags/plugins/workday.py
[2024-03-16T11:48:09.843+0500] {logging_mixin.py:188} INFO - [2024-03-16T11:48:09.842+0500] {workday.py:40} WARNING - Could not import pandas. Holidays will not be considered.
[2024-03-16T11:48:09.843+0500] {processor.py:842} WARNING - No viable dags retrieved from /home/muhammadsami/Public/Projects/Airflow/DataPipelineswithApacheAirflow/.env/lib/python3.8/site-packages/airflow/example_dags/plugins/workday.py
[2024-03-16T11:48:09.853+0500] {processor.py:183} INFO - Processing /home/muhammadsami/Public/Projects/Airflow/DataPipelineswithApacheAirflow/.env/lib/python3.8/site-packages/airflow/example_dags/plugins/workday.py took 0.018 seconds
[2024-03-16T11:48:55.865+0500] {processor.py:161} INFO - Started process (PID=21080) to work on /home/muhammadsami/Public/Projects/Airflow/DataPipelineswithApacheAirflow/.env/lib/python3.8/site-packages/airflow/example_dags/plugins/workday.py
[2024-03-16T11:48:55.866+0500] {processor.py:830} INFO - Processing file /home/muhammadsami/Public/Projects/Airflow/DataPipelineswithApacheAirflow/.env/lib/python3.8/site-packages/airflow/example_dags/plugins/workday.py for tasks to queue
[2024-03-16T11:48:55.867+0500] {logging_mixin.py:188} INFO - [2024-03-16T11:48:55.867+0500] {dagbag.py:540} INFO - Filling up the DagBag from /home/muhammadsami/Public/Projects/Airflow/DataPipelineswithApacheAirflow/.env/lib/python3.8/site-packages/airflow/example_dags/plugins/workday.py
[2024-03-16T11:48:55.870+0500] {logging_mixin.py:188} INFO - [2024-03-16T11:48:55.869+0500] {workday.py:40} WARNING - Could not import pandas. Holidays will not be considered.
[2024-03-16T11:48:55.870+0500] {processor.py:842} WARNING - No viable dags retrieved from /home/muhammadsami/Public/Projects/Airflow/DataPipelineswithApacheAirflow/.env/lib/python3.8/site-packages/airflow/example_dags/plugins/workday.py
[2024-03-16T11:48:55.879+0500] {processor.py:183} INFO - Processing /home/muhammadsami/Public/Projects/Airflow/DataPipelineswithApacheAirflow/.env/lib/python3.8/site-packages/airflow/example_dags/plugins/workday.py took 0.016 seconds
[2024-03-16T11:49:45.203+0500] {processor.py:161} INFO - Started process (PID=21126) to work on /home/muhammadsami/Public/Projects/Airflow/DataPipelineswithApacheAirflow/.env/lib/python3.8/site-packages/airflow/example_dags/plugins/workday.py
[2024-03-16T11:49:45.215+0500] {processor.py:830} INFO - Processing file /home/muhammadsami/Public/Projects/Airflow/DataPipelineswithApacheAirflow/.env/lib/python3.8/site-packages/airflow/example_dags/plugins/workday.py for tasks to queue
[2024-03-16T11:49:45.215+0500] {logging_mixin.py:188} INFO - [2024-03-16T11:49:45.215+0500] {dagbag.py:540} INFO - Filling up the DagBag from /home/muhammadsami/Public/Projects/Airflow/DataPipelineswithApacheAirflow/.env/lib/python3.8/site-packages/airflow/example_dags/plugins/workday.py
[2024-03-16T11:49:45.218+0500] {logging_mixin.py:188} INFO - [2024-03-16T11:49:45.218+0500] {workday.py:40} WARNING - Could not import pandas. Holidays will not be considered.
[2024-03-16T11:49:45.218+0500] {processor.py:842} WARNING - No viable dags retrieved from /home/muhammadsami/Public/Projects/Airflow/DataPipelineswithApacheAirflow/.env/lib/python3.8/site-packages/airflow/example_dags/plugins/workday.py
[2024-03-16T11:49:45.227+0500] {processor.py:183} INFO - Processing /home/muhammadsami/Public/Projects/Airflow/DataPipelineswithApacheAirflow/.env/lib/python3.8/site-packages/airflow/example_dags/plugins/workday.py took 0.026 seconds
[2024-03-16T11:50:35.228+0500] {processor.py:161} INFO - Started process (PID=21176) to work on /home/muhammadsami/Public/Projects/Airflow/DataPipelineswithApacheAirflow/.env/lib/python3.8/site-packages/airflow/example_dags/plugins/workday.py
[2024-03-16T11:50:35.229+0500] {processor.py:830} INFO - Processing file /home/muhammadsami/Public/Projects/Airflow/DataPipelineswithApacheAirflow/.env/lib/python3.8/site-packages/airflow/example_dags/plugins/workday.py for tasks to queue
[2024-03-16T11:50:35.230+0500] {logging_mixin.py:188} INFO - [2024-03-16T11:50:35.229+0500] {dagbag.py:540} INFO - Filling up the DagBag from /home/muhammadsami/Public/Projects/Airflow/DataPipelineswithApacheAirflow/.env/lib/python3.8/site-packages/airflow/example_dags/plugins/workday.py
[2024-03-16T11:50:35.232+0500] {logging_mixin.py:188} INFO - [2024-03-16T11:50:35.232+0500] {workday.py:40} WARNING - Could not import pandas. Holidays will not be considered.
[2024-03-16T11:50:35.233+0500] {processor.py:842} WARNING - No viable dags retrieved from /home/muhammadsami/Public/Projects/Airflow/DataPipelineswithApacheAirflow/.env/lib/python3.8/site-packages/airflow/example_dags/plugins/workday.py
[2024-03-16T11:50:35.242+0500] {processor.py:183} INFO - Processing /home/muhammadsami/Public/Projects/Airflow/DataPipelineswithApacheAirflow/.env/lib/python3.8/site-packages/airflow/example_dags/plugins/workday.py took 0.017 seconds
[2024-03-16T11:51:28.219+0500] {processor.py:161} INFO - Started process (PID=21291) to work on /home/muhammadsami/Public/Projects/Airflow/DataPipelineswithApacheAirflow/.env/lib/python3.8/site-packages/airflow/example_dags/plugins/workday.py
[2024-03-16T11:51:28.221+0500] {processor.py:830} INFO - Processing file /home/muhammadsami/Public/Projects/Airflow/DataPipelineswithApacheAirflow/.env/lib/python3.8/site-packages/airflow/example_dags/plugins/workday.py for tasks to queue
[2024-03-16T11:51:28.221+0500] {logging_mixin.py:188} INFO - [2024-03-16T11:51:28.221+0500] {dagbag.py:540} INFO - Filling up the DagBag from /home/muhammadsami/Public/Projects/Airflow/DataPipelineswithApacheAirflow/.env/lib/python3.8/site-packages/airflow/example_dags/plugins/workday.py
[2024-03-16T11:51:28.224+0500] {logging_mixin.py:188} INFO - [2024-03-16T11:51:28.224+0500] {workday.py:40} WARNING - Could not import pandas. Holidays will not be considered.
[2024-03-16T11:51:28.224+0500] {processor.py:842} WARNING - No viable dags retrieved from /home/muhammadsami/Public/Projects/Airflow/DataPipelineswithApacheAirflow/.env/lib/python3.8/site-packages/airflow/example_dags/plugins/workday.py
[2024-03-16T11:51:28.233+0500] {processor.py:183} INFO - Processing /home/muhammadsami/Public/Projects/Airflow/DataPipelineswithApacheAirflow/.env/lib/python3.8/site-packages/airflow/example_dags/plugins/workday.py took 0.018 seconds
[2024-03-16T11:52:19.911+0500] {processor.py:161} INFO - Started process (PID=21453) to work on /home/muhammadsami/Public/Projects/Airflow/DataPipelineswithApacheAirflow/.env/lib/python3.8/site-packages/airflow/example_dags/plugins/workday.py
[2024-03-16T11:52:19.923+0500] {processor.py:830} INFO - Processing file /home/muhammadsami/Public/Projects/Airflow/DataPipelineswithApacheAirflow/.env/lib/python3.8/site-packages/airflow/example_dags/plugins/workday.py for tasks to queue
[2024-03-16T11:52:19.924+0500] {logging_mixin.py:188} INFO - [2024-03-16T11:52:19.924+0500] {dagbag.py:540} INFO - Filling up the DagBag from /home/muhammadsami/Public/Projects/Airflow/DataPipelineswithApacheAirflow/.env/lib/python3.8/site-packages/airflow/example_dags/plugins/workday.py
[2024-03-16T11:52:19.926+0500] {logging_mixin.py:188} INFO - [2024-03-16T11:52:19.926+0500] {workday.py:40} WARNING - Could not import pandas. Holidays will not be considered.
[2024-03-16T11:52:19.927+0500] {processor.py:842} WARNING - No viable dags retrieved from /home/muhammadsami/Public/Projects/Airflow/DataPipelineswithApacheAirflow/.env/lib/python3.8/site-packages/airflow/example_dags/plugins/workday.py
[2024-03-16T11:52:19.935+0500] {processor.py:183} INFO - Processing /home/muhammadsami/Public/Projects/Airflow/DataPipelineswithApacheAirflow/.env/lib/python3.8/site-packages/airflow/example_dags/plugins/workday.py took 0.027 seconds
[2024-03-16T11:53:12.912+0500] {processor.py:161} INFO - Started process (PID=21528) to work on /home/muhammadsami/Public/Projects/Airflow/DataPipelineswithApacheAirflow/.env/lib/python3.8/site-packages/airflow/example_dags/plugins/workday.py
[2024-03-16T11:53:12.921+0500] {processor.py:830} INFO - Processing file /home/muhammadsami/Public/Projects/Airflow/DataPipelineswithApacheAirflow/.env/lib/python3.8/site-packages/airflow/example_dags/plugins/workday.py for tasks to queue
[2024-03-16T11:53:12.922+0500] {logging_mixin.py:188} INFO - [2024-03-16T11:53:12.922+0500] {dagbag.py:540} INFO - Filling up the DagBag from /home/muhammadsami/Public/Projects/Airflow/DataPipelineswithApacheAirflow/.env/lib/python3.8/site-packages/airflow/example_dags/plugins/workday.py
[2024-03-16T11:53:12.924+0500] {logging_mixin.py:188} INFO - [2024-03-16T11:53:12.924+0500] {workday.py:40} WARNING - Could not import pandas. Holidays will not be considered.
[2024-03-16T11:53:12.925+0500] {processor.py:842} WARNING - No viable dags retrieved from /home/muhammadsami/Public/Projects/Airflow/DataPipelineswithApacheAirflow/.env/lib/python3.8/site-packages/airflow/example_dags/plugins/workday.py
[2024-03-16T11:53:12.933+0500] {processor.py:183} INFO - Processing /home/muhammadsami/Public/Projects/Airflow/DataPipelineswithApacheAirflow/.env/lib/python3.8/site-packages/airflow/example_dags/plugins/workday.py took 0.023 seconds
[2024-03-16T11:54:04.161+0500] {processor.py:161} INFO - Started process (PID=21649) to work on /home/muhammadsami/Public/Projects/Airflow/DataPipelineswithApacheAirflow/.env/lib/python3.8/site-packages/airflow/example_dags/plugins/workday.py
[2024-03-16T11:54:04.177+0500] {processor.py:830} INFO - Processing file /home/muhammadsami/Public/Projects/Airflow/DataPipelineswithApacheAirflow/.env/lib/python3.8/site-packages/airflow/example_dags/plugins/workday.py for tasks to queue
[2024-03-16T11:54:04.178+0500] {logging_mixin.py:188} INFO - [2024-03-16T11:54:04.177+0500] {dagbag.py:540} INFO - Filling up the DagBag from /home/muhammadsami/Public/Projects/Airflow/DataPipelineswithApacheAirflow/.env/lib/python3.8/site-packages/airflow/example_dags/plugins/workday.py
[2024-03-16T11:54:04.180+0500] {logging_mixin.py:188} INFO - [2024-03-16T11:54:04.180+0500] {workday.py:40} WARNING - Could not import pandas. Holidays will not be considered.
[2024-03-16T11:54:04.180+0500] {processor.py:842} WARNING - No viable dags retrieved from /home/muhammadsami/Public/Projects/Airflow/DataPipelineswithApacheAirflow/.env/lib/python3.8/site-packages/airflow/example_dags/plugins/workday.py
[2024-03-16T11:54:04.188+0500] {processor.py:183} INFO - Processing /home/muhammadsami/Public/Projects/Airflow/DataPipelineswithApacheAirflow/.env/lib/python3.8/site-packages/airflow/example_dags/plugins/workday.py took 0.029 seconds
[2024-03-16T11:54:52.295+0500] {processor.py:161} INFO - Started process (PID=21799) to work on /home/muhammadsami/Public/Projects/Airflow/DataPipelineswithApacheAirflow/.env/lib/python3.8/site-packages/airflow/example_dags/plugins/workday.py
[2024-03-16T11:54:52.306+0500] {processor.py:830} INFO - Processing file /home/muhammadsami/Public/Projects/Airflow/DataPipelineswithApacheAirflow/.env/lib/python3.8/site-packages/airflow/example_dags/plugins/workday.py for tasks to queue
[2024-03-16T11:54:52.307+0500] {logging_mixin.py:188} INFO - [2024-03-16T11:54:52.307+0500] {dagbag.py:540} INFO - Filling up the DagBag from /home/muhammadsami/Public/Projects/Airflow/DataPipelineswithApacheAirflow/.env/lib/python3.8/site-packages/airflow/example_dags/plugins/workday.py
[2024-03-16T11:54:52.313+0500] {logging_mixin.py:188} INFO - [2024-03-16T11:54:52.312+0500] {workday.py:40} WARNING - Could not import pandas. Holidays will not be considered.
[2024-03-16T11:54:52.313+0500] {processor.py:842} WARNING - No viable dags retrieved from /home/muhammadsami/Public/Projects/Airflow/DataPipelineswithApacheAirflow/.env/lib/python3.8/site-packages/airflow/example_dags/plugins/workday.py
[2024-03-16T11:54:52.322+0500] {processor.py:183} INFO - Processing /home/muhammadsami/Public/Projects/Airflow/DataPipelineswithApacheAirflow/.env/lib/python3.8/site-packages/airflow/example_dags/plugins/workday.py took 0.030 seconds
[2024-03-16T11:55:45.281+0500] {processor.py:161} INFO - Started process (PID=21904) to work on /home/muhammadsami/Public/Projects/Airflow/DataPipelineswithApacheAirflow/.env/lib/python3.8/site-packages/airflow/example_dags/plugins/workday.py
[2024-03-16T11:55:45.294+0500] {processor.py:830} INFO - Processing file /home/muhammadsami/Public/Projects/Airflow/DataPipelineswithApacheAirflow/.env/lib/python3.8/site-packages/airflow/example_dags/plugins/workday.py for tasks to queue
[2024-03-16T11:55:45.295+0500] {logging_mixin.py:188} INFO - [2024-03-16T11:55:45.295+0500] {dagbag.py:540} INFO - Filling up the DagBag from /home/muhammadsami/Public/Projects/Airflow/DataPipelineswithApacheAirflow/.env/lib/python3.8/site-packages/airflow/example_dags/plugins/workday.py
[2024-03-16T11:55:45.298+0500] {logging_mixin.py:188} INFO - [2024-03-16T11:55:45.298+0500] {workday.py:40} WARNING - Could not import pandas. Holidays will not be considered.
[2024-03-16T11:55:45.299+0500] {processor.py:842} WARNING - No viable dags retrieved from /home/muhammadsami/Public/Projects/Airflow/DataPipelineswithApacheAirflow/.env/lib/python3.8/site-packages/airflow/example_dags/plugins/workday.py
[2024-03-16T11:55:45.308+0500] {processor.py:183} INFO - Processing /home/muhammadsami/Public/Projects/Airflow/DataPipelineswithApacheAirflow/.env/lib/python3.8/site-packages/airflow/example_dags/plugins/workday.py took 0.030 seconds
[2024-03-16T11:56:34.655+0500] {processor.py:161} INFO - Started process (PID=21954) to work on /home/muhammadsami/Public/Projects/Airflow/DataPipelineswithApacheAirflow/.env/lib/python3.8/site-packages/airflow/example_dags/plugins/workday.py
[2024-03-16T11:56:34.683+0500] {processor.py:830} INFO - Processing file /home/muhammadsami/Public/Projects/Airflow/DataPipelineswithApacheAirflow/.env/lib/python3.8/site-packages/airflow/example_dags/plugins/workday.py for tasks to queue
[2024-03-16T11:56:34.684+0500] {logging_mixin.py:188} INFO - [2024-03-16T11:56:34.683+0500] {dagbag.py:540} INFO - Filling up the DagBag from /home/muhammadsami/Public/Projects/Airflow/DataPipelineswithApacheAirflow/.env/lib/python3.8/site-packages/airflow/example_dags/plugins/workday.py
[2024-03-16T11:56:34.686+0500] {logging_mixin.py:188} INFO - [2024-03-16T11:56:34.686+0500] {workday.py:40} WARNING - Could not import pandas. Holidays will not be considered.
[2024-03-16T11:56:34.687+0500] {processor.py:842} WARNING - No viable dags retrieved from /home/muhammadsami/Public/Projects/Airflow/DataPipelineswithApacheAirflow/.env/lib/python3.8/site-packages/airflow/example_dags/plugins/workday.py
[2024-03-16T11:56:34.695+0500] {processor.py:183} INFO - Processing /home/muhammadsami/Public/Projects/Airflow/DataPipelineswithApacheAirflow/.env/lib/python3.8/site-packages/airflow/example_dags/plugins/workday.py took 0.042 seconds
[2024-03-16T11:57:26.950+0500] {processor.py:161} INFO - Started process (PID=22007) to work on /home/muhammadsami/Public/Projects/Airflow/DataPipelineswithApacheAirflow/.env/lib/python3.8/site-packages/airflow/example_dags/plugins/workday.py
[2024-03-16T11:57:26.951+0500] {processor.py:830} INFO - Processing file /home/muhammadsami/Public/Projects/Airflow/DataPipelineswithApacheAirflow/.env/lib/python3.8/site-packages/airflow/example_dags/plugins/workday.py for tasks to queue
[2024-03-16T11:57:26.952+0500] {logging_mixin.py:188} INFO - [2024-03-16T11:57:26.952+0500] {dagbag.py:540} INFO - Filling up the DagBag from /home/muhammadsami/Public/Projects/Airflow/DataPipelineswithApacheAirflow/.env/lib/python3.8/site-packages/airflow/example_dags/plugins/workday.py
[2024-03-16T11:57:26.955+0500] {logging_mixin.py:188} INFO - [2024-03-16T11:57:26.955+0500] {workday.py:40} WARNING - Could not import pandas. Holidays will not be considered.
[2024-03-16T11:57:26.955+0500] {processor.py:842} WARNING - No viable dags retrieved from /home/muhammadsami/Public/Projects/Airflow/DataPipelineswithApacheAirflow/.env/lib/python3.8/site-packages/airflow/example_dags/plugins/workday.py
[2024-03-16T11:57:26.965+0500] {processor.py:183} INFO - Processing /home/muhammadsami/Public/Projects/Airflow/DataPipelineswithApacheAirflow/.env/lib/python3.8/site-packages/airflow/example_dags/plugins/workday.py took 0.018 seconds
[2024-03-16T11:58:20.933+0500] {processor.py:161} INFO - Started process (PID=22082) to work on /home/muhammadsami/Public/Projects/Airflow/DataPipelineswithApacheAirflow/.env/lib/python3.8/site-packages/airflow/example_dags/plugins/workday.py
[2024-03-16T11:58:20.934+0500] {processor.py:830} INFO - Processing file /home/muhammadsami/Public/Projects/Airflow/DataPipelineswithApacheAirflow/.env/lib/python3.8/site-packages/airflow/example_dags/plugins/workday.py for tasks to queue
[2024-03-16T11:58:20.935+0500] {logging_mixin.py:188} INFO - [2024-03-16T11:58:20.935+0500] {dagbag.py:540} INFO - Filling up the DagBag from /home/muhammadsami/Public/Projects/Airflow/DataPipelineswithApacheAirflow/.env/lib/python3.8/site-packages/airflow/example_dags/plugins/workday.py
[2024-03-16T11:58:20.938+0500] {logging_mixin.py:188} INFO - [2024-03-16T11:58:20.938+0500] {workday.py:40} WARNING - Could not import pandas. Holidays will not be considered.
[2024-03-16T11:58:20.939+0500] {processor.py:842} WARNING - No viable dags retrieved from /home/muhammadsami/Public/Projects/Airflow/DataPipelineswithApacheAirflow/.env/lib/python3.8/site-packages/airflow/example_dags/plugins/workday.py
[2024-03-16T11:58:20.948+0500] {processor.py:183} INFO - Processing /home/muhammadsami/Public/Projects/Airflow/DataPipelineswithApacheAirflow/.env/lib/python3.8/site-packages/airflow/example_dags/plugins/workday.py took 0.019 seconds
[2024-03-16T11:59:06.717+0500] {processor.py:161} INFO - Started process (PID=22167) to work on /home/muhammadsami/Public/Projects/Airflow/DataPipelineswithApacheAirflow/.env/lib/python3.8/site-packages/airflow/example_dags/plugins/workday.py
[2024-03-16T11:59:06.719+0500] {processor.py:830} INFO - Processing file /home/muhammadsami/Public/Projects/Airflow/DataPipelineswithApacheAirflow/.env/lib/python3.8/site-packages/airflow/example_dags/plugins/workday.py for tasks to queue
[2024-03-16T11:59:06.720+0500] {logging_mixin.py:188} INFO - [2024-03-16T11:59:06.719+0500] {dagbag.py:540} INFO - Filling up the DagBag from /home/muhammadsami/Public/Projects/Airflow/DataPipelineswithApacheAirflow/.env/lib/python3.8/site-packages/airflow/example_dags/plugins/workday.py
[2024-03-16T11:59:06.723+0500] {logging_mixin.py:188} INFO - [2024-03-16T11:59:06.722+0500] {workday.py:40} WARNING - Could not import pandas. Holidays will not be considered.
[2024-03-16T11:59:06.723+0500] {processor.py:842} WARNING - No viable dags retrieved from /home/muhammadsami/Public/Projects/Airflow/DataPipelineswithApacheAirflow/.env/lib/python3.8/site-packages/airflow/example_dags/plugins/workday.py
[2024-03-16T11:59:06.732+0500] {processor.py:183} INFO - Processing /home/muhammadsami/Public/Projects/Airflow/DataPipelineswithApacheAirflow/.env/lib/python3.8/site-packages/airflow/example_dags/plugins/workday.py took 0.017 seconds
[2024-03-16T11:59:58.354+0500] {processor.py:161} INFO - Started process (PID=22302) to work on /home/muhammadsami/Public/Projects/Airflow/DataPipelineswithApacheAirflow/.env/lib/python3.8/site-packages/airflow/example_dags/plugins/workday.py
[2024-03-16T11:59:58.356+0500] {processor.py:830} INFO - Processing file /home/muhammadsami/Public/Projects/Airflow/DataPipelineswithApacheAirflow/.env/lib/python3.8/site-packages/airflow/example_dags/plugins/workday.py for tasks to queue
[2024-03-16T11:59:58.357+0500] {logging_mixin.py:188} INFO - [2024-03-16T11:59:58.356+0500] {dagbag.py:540} INFO - Filling up the DagBag from /home/muhammadsami/Public/Projects/Airflow/DataPipelineswithApacheAirflow/.env/lib/python3.8/site-packages/airflow/example_dags/plugins/workday.py
[2024-03-16T11:59:58.360+0500] {logging_mixin.py:188} INFO - [2024-03-16T11:59:58.359+0500] {workday.py:40} WARNING - Could not import pandas. Holidays will not be considered.
[2024-03-16T11:59:58.360+0500] {processor.py:842} WARNING - No viable dags retrieved from /home/muhammadsami/Public/Projects/Airflow/DataPipelineswithApacheAirflow/.env/lib/python3.8/site-packages/airflow/example_dags/plugins/workday.py
[2024-03-16T11:59:58.370+0500] {processor.py:183} INFO - Processing /home/muhammadsami/Public/Projects/Airflow/DataPipelineswithApacheAirflow/.env/lib/python3.8/site-packages/airflow/example_dags/plugins/workday.py took 0.019 seconds
[2024-03-16T12:00:52.853+0500] {processor.py:161} INFO - Started process (PID=22356) to work on /home/muhammadsami/Public/Projects/Airflow/DataPipelineswithApacheAirflow/.env/lib/python3.8/site-packages/airflow/example_dags/plugins/workday.py
[2024-03-16T12:00:52.854+0500] {processor.py:830} INFO - Processing file /home/muhammadsami/Public/Projects/Airflow/DataPipelineswithApacheAirflow/.env/lib/python3.8/site-packages/airflow/example_dags/plugins/workday.py for tasks to queue
[2024-03-16T12:00:52.855+0500] {logging_mixin.py:188} INFO - [2024-03-16T12:00:52.855+0500] {dagbag.py:540} INFO - Filling up the DagBag from /home/muhammadsami/Public/Projects/Airflow/DataPipelineswithApacheAirflow/.env/lib/python3.8/site-packages/airflow/example_dags/plugins/workday.py
[2024-03-16T12:00:52.858+0500] {logging_mixin.py:188} INFO - [2024-03-16T12:00:52.858+0500] {workday.py:40} WARNING - Could not import pandas. Holidays will not be considered.
[2024-03-16T12:00:52.858+0500] {processor.py:842} WARNING - No viable dags retrieved from /home/muhammadsami/Public/Projects/Airflow/DataPipelineswithApacheAirflow/.env/lib/python3.8/site-packages/airflow/example_dags/plugins/workday.py
[2024-03-16T12:00:52.866+0500] {processor.py:183} INFO - Processing /home/muhammadsami/Public/Projects/Airflow/DataPipelineswithApacheAirflow/.env/lib/python3.8/site-packages/airflow/example_dags/plugins/workday.py took 0.016 seconds
