[2024-03-17T08:52:27.026+0500] {processor.py:161} INFO - Started process (PID=6363) to work on /home/muhammadsami/Public/Projects/Airflow/DataPipelineswithApacheAirflow/.env/lib/python3.8/site-packages/airflow/example_dags/example_complex.py
[2024-03-17T08:52:27.027+0500] {processor.py:830} INFO - Processing file /home/muhammadsami/Public/Projects/Airflow/DataPipelineswithApacheAirflow/.env/lib/python3.8/site-packages/airflow/example_dags/example_complex.py for tasks to queue
[2024-03-17T08:52:27.028+0500] {logging_mixin.py:188} INFO - [2024-03-17T08:52:27.028+0500] {dagbag.py:540} INFO - Filling up the DagBag from /home/muhammadsami/Public/Projects/Airflow/DataPipelineswithApacheAirflow/.env/lib/python3.8/site-packages/airflow/example_dags/example_complex.py
[2024-03-17T08:52:27.040+0500] {processor.py:840} INFO - DAG(s) 'example_complex' retrieved from /home/muhammadsami/Public/Projects/Airflow/DataPipelineswithApacheAirflow/.env/lib/python3.8/site-packages/airflow/example_dags/example_complex.py
[2024-03-17T08:52:27.225+0500] {logging_mixin.py:188} INFO - [2024-03-17T08:52:27.225+0500] {dag.py:3047} INFO - Sync 1 DAGs
[2024-03-17T08:52:27.232+0500] {logging_mixin.py:188} INFO - [2024-03-17T08:52:27.232+0500] {dag.py:3834} INFO - Setting next_dagrun for example_complex to None, run_after=None
[2024-03-17T08:52:27.408+0500] {processor.py:183} INFO - Processing /home/muhammadsami/Public/Projects/Airflow/DataPipelineswithApacheAirflow/.env/lib/python3.8/site-packages/airflow/example_dags/example_complex.py took 0.384 seconds
[2024-03-17T08:53:33.894+0500] {processor.py:161} INFO - Started process (PID=6667) to work on /home/muhammadsami/Public/Projects/Airflow/DataPipelineswithApacheAirflow/.env/lib/python3.8/site-packages/airflow/example_dags/example_complex.py
[2024-03-17T08:53:33.900+0500] {processor.py:830} INFO - Processing file /home/muhammadsami/Public/Projects/Airflow/DataPipelineswithApacheAirflow/.env/lib/python3.8/site-packages/airflow/example_dags/example_complex.py for tasks to queue
[2024-03-17T08:53:33.901+0500] {logging_mixin.py:188} INFO - [2024-03-17T08:53:33.901+0500] {dagbag.py:540} INFO - Filling up the DagBag from /home/muhammadsami/Public/Projects/Airflow/DataPipelineswithApacheAirflow/.env/lib/python3.8/site-packages/airflow/example_dags/example_complex.py
[2024-03-17T08:53:33.910+0500] {processor.py:840} INFO - DAG(s) 'example_complex' retrieved from /home/muhammadsami/Public/Projects/Airflow/DataPipelineswithApacheAirflow/.env/lib/python3.8/site-packages/airflow/example_dags/example_complex.py
[2024-03-17T08:53:34.012+0500] {logging_mixin.py:188} INFO - [2024-03-17T08:53:34.012+0500] {dag.py:3047} INFO - Sync 1 DAGs
[2024-03-17T08:53:34.020+0500] {logging_mixin.py:188} INFO - [2024-03-17T08:53:34.020+0500] {dag.py:3834} INFO - Setting next_dagrun for example_complex to None, run_after=None
[2024-03-17T08:53:34.140+0500] {processor.py:183} INFO - Processing /home/muhammadsami/Public/Projects/Airflow/DataPipelineswithApacheAirflow/.env/lib/python3.8/site-packages/airflow/example_dags/example_complex.py took 0.248 seconds
[2024-03-17T08:54:46.958+0500] {processor.py:161} INFO - Started process (PID=7306) to work on /home/muhammadsami/Public/Projects/Airflow/DataPipelineswithApacheAirflow/.env/lib/python3.8/site-packages/airflow/example_dags/example_complex.py
[2024-03-17T08:54:46.960+0500] {processor.py:830} INFO - Processing file /home/muhammadsami/Public/Projects/Airflow/DataPipelineswithApacheAirflow/.env/lib/python3.8/site-packages/airflow/example_dags/example_complex.py for tasks to queue
[2024-03-17T08:54:46.961+0500] {logging_mixin.py:188} INFO - [2024-03-17T08:54:46.961+0500] {dagbag.py:540} INFO - Filling up the DagBag from /home/muhammadsami/Public/Projects/Airflow/DataPipelineswithApacheAirflow/.env/lib/python3.8/site-packages/airflow/example_dags/example_complex.py
[2024-03-17T08:54:46.971+0500] {processor.py:840} INFO - DAG(s) 'example_complex' retrieved from /home/muhammadsami/Public/Projects/Airflow/DataPipelineswithApacheAirflow/.env/lib/python3.8/site-packages/airflow/example_dags/example_complex.py
[2024-03-17T08:54:46.991+0500] {logging_mixin.py:188} INFO - [2024-03-17T08:54:46.991+0500] {dag.py:3047} INFO - Sync 1 DAGs
[2024-03-17T08:54:47.002+0500] {logging_mixin.py:188} INFO - [2024-03-17T08:54:47.001+0500] {dag.py:3834} INFO - Setting next_dagrun for example_complex to None, run_after=None
[2024-03-17T08:54:47.115+0500] {processor.py:183} INFO - Processing /home/muhammadsami/Public/Projects/Airflow/DataPipelineswithApacheAirflow/.env/lib/python3.8/site-packages/airflow/example_dags/example_complex.py took 0.159 seconds
[2024-03-17T08:56:02.895+0500] {processor.py:161} INFO - Started process (PID=7452) to work on /home/muhammadsami/Public/Projects/Airflow/DataPipelineswithApacheAirflow/.env/lib/python3.8/site-packages/airflow/example_dags/example_complex.py
[2024-03-17T08:56:02.896+0500] {processor.py:830} INFO - Processing file /home/muhammadsami/Public/Projects/Airflow/DataPipelineswithApacheAirflow/.env/lib/python3.8/site-packages/airflow/example_dags/example_complex.py for tasks to queue
[2024-03-17T08:56:02.897+0500] {logging_mixin.py:188} INFO - [2024-03-17T08:56:02.897+0500] {dagbag.py:540} INFO - Filling up the DagBag from /home/muhammadsami/Public/Projects/Airflow/DataPipelineswithApacheAirflow/.env/lib/python3.8/site-packages/airflow/example_dags/example_complex.py
[2024-03-17T08:56:02.907+0500] {processor.py:840} INFO - DAG(s) 'example_complex' retrieved from /home/muhammadsami/Public/Projects/Airflow/DataPipelineswithApacheAirflow/.env/lib/python3.8/site-packages/airflow/example_dags/example_complex.py
[2024-03-17T08:56:02.931+0500] {logging_mixin.py:188} INFO - [2024-03-17T08:56:02.931+0500] {dag.py:3047} INFO - Sync 1 DAGs
[2024-03-17T08:56:02.942+0500] {logging_mixin.py:188} INFO - [2024-03-17T08:56:02.941+0500] {dag.py:3834} INFO - Setting next_dagrun for example_complex to None, run_after=None
[2024-03-17T08:56:03.052+0500] {processor.py:183} INFO - Processing /home/muhammadsami/Public/Projects/Airflow/DataPipelineswithApacheAirflow/.env/lib/python3.8/site-packages/airflow/example_dags/example_complex.py took 0.160 seconds
[2024-03-17T08:57:14.265+0500] {processor.py:161} INFO - Started process (PID=7679) to work on /home/muhammadsami/Public/Projects/Airflow/DataPipelineswithApacheAirflow/.env/lib/python3.8/site-packages/airflow/example_dags/example_complex.py
[2024-03-17T08:57:14.266+0500] {processor.py:830} INFO - Processing file /home/muhammadsami/Public/Projects/Airflow/DataPipelineswithApacheAirflow/.env/lib/python3.8/site-packages/airflow/example_dags/example_complex.py for tasks to queue
[2024-03-17T08:57:14.267+0500] {logging_mixin.py:188} INFO - [2024-03-17T08:57:14.267+0500] {dagbag.py:540} INFO - Filling up the DagBag from /home/muhammadsami/Public/Projects/Airflow/DataPipelineswithApacheAirflow/.env/lib/python3.8/site-packages/airflow/example_dags/example_complex.py
[2024-03-17T08:57:14.278+0500] {processor.py:840} INFO - DAG(s) 'example_complex' retrieved from /home/muhammadsami/Public/Projects/Airflow/DataPipelineswithApacheAirflow/.env/lib/python3.8/site-packages/airflow/example_dags/example_complex.py
[2024-03-17T08:57:14.301+0500] {logging_mixin.py:188} INFO - [2024-03-17T08:57:14.301+0500] {dag.py:3047} INFO - Sync 1 DAGs
[2024-03-17T08:57:14.314+0500] {logging_mixin.py:188} INFO - [2024-03-17T08:57:14.314+0500] {dag.py:3834} INFO - Setting next_dagrun for example_complex to None, run_after=None
[2024-03-17T08:57:14.426+0500] {processor.py:183} INFO - Processing /home/muhammadsami/Public/Projects/Airflow/DataPipelineswithApacheAirflow/.env/lib/python3.8/site-packages/airflow/example_dags/example_complex.py took 0.164 seconds
[2024-03-17T08:58:34.747+0500] {processor.py:161} INFO - Started process (PID=7919) to work on /home/muhammadsami/Public/Projects/Airflow/DataPipelineswithApacheAirflow/.env/lib/python3.8/site-packages/airflow/example_dags/example_complex.py
[2024-03-17T08:58:34.758+0500] {processor.py:830} INFO - Processing file /home/muhammadsami/Public/Projects/Airflow/DataPipelineswithApacheAirflow/.env/lib/python3.8/site-packages/airflow/example_dags/example_complex.py for tasks to queue
[2024-03-17T08:58:34.759+0500] {logging_mixin.py:188} INFO - [2024-03-17T08:58:34.758+0500] {dagbag.py:540} INFO - Filling up the DagBag from /home/muhammadsami/Public/Projects/Airflow/DataPipelineswithApacheAirflow/.env/lib/python3.8/site-packages/airflow/example_dags/example_complex.py
[2024-03-17T08:58:34.768+0500] {processor.py:840} INFO - DAG(s) 'example_complex' retrieved from /home/muhammadsami/Public/Projects/Airflow/DataPipelineswithApacheAirflow/.env/lib/python3.8/site-packages/airflow/example_dags/example_complex.py
[2024-03-17T08:58:34.788+0500] {logging_mixin.py:188} INFO - [2024-03-17T08:58:34.788+0500] {dag.py:3047} INFO - Sync 1 DAGs
[2024-03-17T08:58:34.801+0500] {logging_mixin.py:188} INFO - [2024-03-17T08:58:34.801+0500] {dag.py:3834} INFO - Setting next_dagrun for example_complex to None, run_after=None
[2024-03-17T08:58:34.923+0500] {processor.py:183} INFO - Processing /home/muhammadsami/Public/Projects/Airflow/DataPipelineswithApacheAirflow/.env/lib/python3.8/site-packages/airflow/example_dags/example_complex.py took 0.179 seconds
[2024-03-17T08:59:32.710+0500] {processor.py:161} INFO - Started process (PID=8035) to work on /home/muhammadsami/Public/Projects/Airflow/DataPipelineswithApacheAirflow/.env/lib/python3.8/site-packages/airflow/example_dags/example_complex.py
[2024-03-17T08:59:32.724+0500] {processor.py:830} INFO - Processing file /home/muhammadsami/Public/Projects/Airflow/DataPipelineswithApacheAirflow/.env/lib/python3.8/site-packages/airflow/example_dags/example_complex.py for tasks to queue
[2024-03-17T08:59:32.725+0500] {logging_mixin.py:188} INFO - [2024-03-17T08:59:32.725+0500] {dagbag.py:540} INFO - Filling up the DagBag from /home/muhammadsami/Public/Projects/Airflow/DataPipelineswithApacheAirflow/.env/lib/python3.8/site-packages/airflow/example_dags/example_complex.py
[2024-03-17T08:59:32.734+0500] {processor.py:840} INFO - DAG(s) 'example_complex' retrieved from /home/muhammadsami/Public/Projects/Airflow/DataPipelineswithApacheAirflow/.env/lib/python3.8/site-packages/airflow/example_dags/example_complex.py
[2024-03-17T08:59:32.755+0500] {logging_mixin.py:188} INFO - [2024-03-17T08:59:32.755+0500] {dag.py:3047} INFO - Sync 1 DAGs
[2024-03-17T08:59:32.764+0500] {logging_mixin.py:188} INFO - [2024-03-17T08:59:32.764+0500] {dag.py:3834} INFO - Setting next_dagrun for example_complex to None, run_after=None
[2024-03-17T08:59:32.863+0500] {processor.py:183} INFO - Processing /home/muhammadsami/Public/Projects/Airflow/DataPipelineswithApacheAirflow/.env/lib/python3.8/site-packages/airflow/example_dags/example_complex.py took 0.155 seconds
[2024-03-17T09:00:51.314+0500] {processor.py:161} INFO - Started process (PID=8232) to work on /home/muhammadsami/Public/Projects/Airflow/DataPipelineswithApacheAirflow/.env/lib/python3.8/site-packages/airflow/example_dags/example_complex.py
[2024-03-17T09:00:51.316+0500] {processor.py:830} INFO - Processing file /home/muhammadsami/Public/Projects/Airflow/DataPipelineswithApacheAirflow/.env/lib/python3.8/site-packages/airflow/example_dags/example_complex.py for tasks to queue
[2024-03-17T09:00:51.316+0500] {logging_mixin.py:188} INFO - [2024-03-17T09:00:51.316+0500] {dagbag.py:540} INFO - Filling up the DagBag from /home/muhammadsami/Public/Projects/Airflow/DataPipelineswithApacheAirflow/.env/lib/python3.8/site-packages/airflow/example_dags/example_complex.py
[2024-03-17T09:00:51.330+0500] {processor.py:840} INFO - DAG(s) 'example_complex' retrieved from /home/muhammadsami/Public/Projects/Airflow/DataPipelineswithApacheAirflow/.env/lib/python3.8/site-packages/airflow/example_dags/example_complex.py
[2024-03-17T09:00:51.355+0500] {logging_mixin.py:188} INFO - [2024-03-17T09:00:51.355+0500] {dag.py:3047} INFO - Sync 1 DAGs
[2024-03-17T09:00:51.366+0500] {logging_mixin.py:188} INFO - [2024-03-17T09:00:51.366+0500] {dag.py:3834} INFO - Setting next_dagrun for example_complex to None, run_after=None
[2024-03-17T09:00:51.476+0500] {processor.py:183} INFO - Processing /home/muhammadsami/Public/Projects/Airflow/DataPipelineswithApacheAirflow/.env/lib/python3.8/site-packages/airflow/example_dags/example_complex.py took 0.164 seconds
[2024-03-17T09:02:06.998+0500] {processor.py:161} INFO - Started process (PID=8455) to work on /home/muhammadsami/Public/Projects/Airflow/DataPipelineswithApacheAirflow/.env/lib/python3.8/site-packages/airflow/example_dags/example_complex.py
[2024-03-17T09:02:06.999+0500] {processor.py:830} INFO - Processing file /home/muhammadsami/Public/Projects/Airflow/DataPipelineswithApacheAirflow/.env/lib/python3.8/site-packages/airflow/example_dags/example_complex.py for tasks to queue
[2024-03-17T09:02:07.000+0500] {logging_mixin.py:188} INFO - [2024-03-17T09:02:07.000+0500] {dagbag.py:540} INFO - Filling up the DagBag from /home/muhammadsami/Public/Projects/Airflow/DataPipelineswithApacheAirflow/.env/lib/python3.8/site-packages/airflow/example_dags/example_complex.py
[2024-03-17T09:02:07.013+0500] {processor.py:840} INFO - DAG(s) 'example_complex' retrieved from /home/muhammadsami/Public/Projects/Airflow/DataPipelineswithApacheAirflow/.env/lib/python3.8/site-packages/airflow/example_dags/example_complex.py
[2024-03-17T09:02:07.036+0500] {logging_mixin.py:188} INFO - [2024-03-17T09:02:07.035+0500] {dag.py:3047} INFO - Sync 1 DAGs
[2024-03-17T09:02:07.046+0500] {logging_mixin.py:188} INFO - [2024-03-17T09:02:07.045+0500] {dag.py:3834} INFO - Setting next_dagrun for example_complex to None, run_after=None
[2024-03-17T09:02:07.162+0500] {processor.py:183} INFO - Processing /home/muhammadsami/Public/Projects/Airflow/DataPipelineswithApacheAirflow/.env/lib/python3.8/site-packages/airflow/example_dags/example_complex.py took 0.167 seconds
[2024-03-17T09:03:28.970+0500] {processor.py:161} INFO - Started process (PID=8661) to work on /home/muhammadsami/Public/Projects/Airflow/DataPipelineswithApacheAirflow/.env/lib/python3.8/site-packages/airflow/example_dags/example_complex.py
[2024-03-17T09:03:28.971+0500] {processor.py:830} INFO - Processing file /home/muhammadsami/Public/Projects/Airflow/DataPipelineswithApacheAirflow/.env/lib/python3.8/site-packages/airflow/example_dags/example_complex.py for tasks to queue
[2024-03-17T09:03:28.972+0500] {logging_mixin.py:188} INFO - [2024-03-17T09:03:28.971+0500] {dagbag.py:540} INFO - Filling up the DagBag from /home/muhammadsami/Public/Projects/Airflow/DataPipelineswithApacheAirflow/.env/lib/python3.8/site-packages/airflow/example_dags/example_complex.py
[2024-03-17T09:03:28.982+0500] {processor.py:840} INFO - DAG(s) 'example_complex' retrieved from /home/muhammadsami/Public/Projects/Airflow/DataPipelineswithApacheAirflow/.env/lib/python3.8/site-packages/airflow/example_dags/example_complex.py
[2024-03-17T09:03:29.003+0500] {logging_mixin.py:188} INFO - [2024-03-17T09:03:29.003+0500] {dag.py:3047} INFO - Sync 1 DAGs
[2024-03-17T09:03:29.014+0500] {logging_mixin.py:188} INFO - [2024-03-17T09:03:29.013+0500] {dag.py:3834} INFO - Setting next_dagrun for example_complex to None, run_after=None
[2024-03-17T09:03:29.222+0500] {processor.py:183} INFO - Processing /home/muhammadsami/Public/Projects/Airflow/DataPipelineswithApacheAirflow/.env/lib/python3.8/site-packages/airflow/example_dags/example_complex.py took 0.255 seconds
[2024-03-17T09:04:44.499+0500] {processor.py:161} INFO - Started process (PID=8797) to work on /home/muhammadsami/Public/Projects/Airflow/DataPipelineswithApacheAirflow/.env/lib/python3.8/site-packages/airflow/example_dags/example_complex.py
[2024-03-17T09:04:44.508+0500] {processor.py:830} INFO - Processing file /home/muhammadsami/Public/Projects/Airflow/DataPipelineswithApacheAirflow/.env/lib/python3.8/site-packages/airflow/example_dags/example_complex.py for tasks to queue
[2024-03-17T09:04:44.509+0500] {logging_mixin.py:188} INFO - [2024-03-17T09:04:44.509+0500] {dagbag.py:540} INFO - Filling up the DagBag from /home/muhammadsami/Public/Projects/Airflow/DataPipelineswithApacheAirflow/.env/lib/python3.8/site-packages/airflow/example_dags/example_complex.py
[2024-03-17T09:04:44.518+0500] {processor.py:840} INFO - DAG(s) 'example_complex' retrieved from /home/muhammadsami/Public/Projects/Airflow/DataPipelineswithApacheAirflow/.env/lib/python3.8/site-packages/airflow/example_dags/example_complex.py
[2024-03-17T09:04:44.540+0500] {logging_mixin.py:188} INFO - [2024-03-17T09:04:44.540+0500] {dag.py:3047} INFO - Sync 1 DAGs
[2024-03-17T09:04:44.550+0500] {logging_mixin.py:188} INFO - [2024-03-17T09:04:44.550+0500] {dag.py:3834} INFO - Setting next_dagrun for example_complex to None, run_after=None
[2024-03-17T09:04:44.648+0500] {processor.py:183} INFO - Processing /home/muhammadsami/Public/Projects/Airflow/DataPipelineswithApacheAirflow/.env/lib/python3.8/site-packages/airflow/example_dags/example_complex.py took 0.151 seconds
[2024-03-17T09:06:01.187+0500] {processor.py:161} INFO - Started process (PID=8964) to work on /home/muhammadsami/Public/Projects/Airflow/DataPipelineswithApacheAirflow/.env/lib/python3.8/site-packages/airflow/example_dags/example_complex.py
[2024-03-17T09:06:01.188+0500] {processor.py:830} INFO - Processing file /home/muhammadsami/Public/Projects/Airflow/DataPipelineswithApacheAirflow/.env/lib/python3.8/site-packages/airflow/example_dags/example_complex.py for tasks to queue
[2024-03-17T09:06:01.189+0500] {logging_mixin.py:188} INFO - [2024-03-17T09:06:01.189+0500] {dagbag.py:540} INFO - Filling up the DagBag from /home/muhammadsami/Public/Projects/Airflow/DataPipelineswithApacheAirflow/.env/lib/python3.8/site-packages/airflow/example_dags/example_complex.py
[2024-03-17T09:06:01.199+0500] {processor.py:840} INFO - DAG(s) 'example_complex' retrieved from /home/muhammadsami/Public/Projects/Airflow/DataPipelineswithApacheAirflow/.env/lib/python3.8/site-packages/airflow/example_dags/example_complex.py
[2024-03-17T09:06:01.220+0500] {logging_mixin.py:188} INFO - [2024-03-17T09:06:01.220+0500] {dag.py:3047} INFO - Sync 1 DAGs
[2024-03-17T09:06:01.230+0500] {logging_mixin.py:188} INFO - [2024-03-17T09:06:01.230+0500] {dag.py:3834} INFO - Setting next_dagrun for example_complex to None, run_after=None
[2024-03-17T09:06:01.354+0500] {processor.py:183} INFO - Processing /home/muhammadsami/Public/Projects/Airflow/DataPipelineswithApacheAirflow/.env/lib/python3.8/site-packages/airflow/example_dags/example_complex.py took 0.170 seconds
[2024-03-17T09:07:19.712+0500] {processor.py:161} INFO - Started process (PID=9266) to work on /home/muhammadsami/Public/Projects/Airflow/DataPipelineswithApacheAirflow/.env/lib/python3.8/site-packages/airflow/example_dags/example_complex.py
[2024-03-17T09:07:19.713+0500] {processor.py:830} INFO - Processing file /home/muhammadsami/Public/Projects/Airflow/DataPipelineswithApacheAirflow/.env/lib/python3.8/site-packages/airflow/example_dags/example_complex.py for tasks to queue
[2024-03-17T09:07:19.714+0500] {logging_mixin.py:188} INFO - [2024-03-17T09:07:19.713+0500] {dagbag.py:540} INFO - Filling up the DagBag from /home/muhammadsami/Public/Projects/Airflow/DataPipelineswithApacheAirflow/.env/lib/python3.8/site-packages/airflow/example_dags/example_complex.py
[2024-03-17T09:07:19.724+0500] {processor.py:840} INFO - DAG(s) 'example_complex' retrieved from /home/muhammadsami/Public/Projects/Airflow/DataPipelineswithApacheAirflow/.env/lib/python3.8/site-packages/airflow/example_dags/example_complex.py
[2024-03-17T09:07:19.745+0500] {logging_mixin.py:188} INFO - [2024-03-17T09:07:19.745+0500] {dag.py:3047} INFO - Sync 1 DAGs
[2024-03-17T09:07:19.755+0500] {logging_mixin.py:188} INFO - [2024-03-17T09:07:19.754+0500] {dag.py:3834} INFO - Setting next_dagrun for example_complex to None, run_after=None
[2024-03-17T09:07:19.861+0500] {processor.py:183} INFO - Processing /home/muhammadsami/Public/Projects/Airflow/DataPipelineswithApacheAirflow/.env/lib/python3.8/site-packages/airflow/example_dags/example_complex.py took 0.152 seconds
[2024-03-17T09:08:31.280+0500] {processor.py:161} INFO - Started process (PID=9404) to work on /home/muhammadsami/Public/Projects/Airflow/DataPipelineswithApacheAirflow/.env/lib/python3.8/site-packages/airflow/example_dags/example_complex.py
[2024-03-17T09:08:31.284+0500] {processor.py:830} INFO - Processing file /home/muhammadsami/Public/Projects/Airflow/DataPipelineswithApacheAirflow/.env/lib/python3.8/site-packages/airflow/example_dags/example_complex.py for tasks to queue
[2024-03-17T09:08:31.285+0500] {logging_mixin.py:188} INFO - [2024-03-17T09:08:31.284+0500] {dagbag.py:540} INFO - Filling up the DagBag from /home/muhammadsami/Public/Projects/Airflow/DataPipelineswithApacheAirflow/.env/lib/python3.8/site-packages/airflow/example_dags/example_complex.py
[2024-03-17T09:08:31.295+0500] {processor.py:840} INFO - DAG(s) 'example_complex' retrieved from /home/muhammadsami/Public/Projects/Airflow/DataPipelineswithApacheAirflow/.env/lib/python3.8/site-packages/airflow/example_dags/example_complex.py
[2024-03-17T09:08:31.316+0500] {logging_mixin.py:188} INFO - [2024-03-17T09:08:31.316+0500] {dag.py:3047} INFO - Sync 1 DAGs
[2024-03-17T09:08:31.326+0500] {logging_mixin.py:188} INFO - [2024-03-17T09:08:31.326+0500] {dag.py:3834} INFO - Setting next_dagrun for example_complex to None, run_after=None
[2024-03-17T09:08:31.430+0500] {processor.py:183} INFO - Processing /home/muhammadsami/Public/Projects/Airflow/DataPipelineswithApacheAirflow/.env/lib/python3.8/site-packages/airflow/example_dags/example_complex.py took 0.153 seconds
[2024-03-17T09:09:44.623+0500] {processor.py:161} INFO - Started process (PID=9545) to work on /home/muhammadsami/Public/Projects/Airflow/DataPipelineswithApacheAirflow/.env/lib/python3.8/site-packages/airflow/example_dags/example_complex.py
[2024-03-17T09:09:44.641+0500] {processor.py:830} INFO - Processing file /home/muhammadsami/Public/Projects/Airflow/DataPipelineswithApacheAirflow/.env/lib/python3.8/site-packages/airflow/example_dags/example_complex.py for tasks to queue
[2024-03-17T09:09:44.642+0500] {logging_mixin.py:188} INFO - [2024-03-17T09:09:44.642+0500] {dagbag.py:540} INFO - Filling up the DagBag from /home/muhammadsami/Public/Projects/Airflow/DataPipelineswithApacheAirflow/.env/lib/python3.8/site-packages/airflow/example_dags/example_complex.py
[2024-03-17T09:09:44.651+0500] {processor.py:840} INFO - DAG(s) 'example_complex' retrieved from /home/muhammadsami/Public/Projects/Airflow/DataPipelineswithApacheAirflow/.env/lib/python3.8/site-packages/airflow/example_dags/example_complex.py
[2024-03-17T09:09:44.672+0500] {logging_mixin.py:188} INFO - [2024-03-17T09:09:44.671+0500] {dag.py:3047} INFO - Sync 1 DAGs
[2024-03-17T09:09:44.681+0500] {logging_mixin.py:188} INFO - [2024-03-17T09:09:44.681+0500] {dag.py:3834} INFO - Setting next_dagrun for example_complex to None, run_after=None
[2024-03-17T09:09:44.787+0500] {processor.py:183} INFO - Processing /home/muhammadsami/Public/Projects/Airflow/DataPipelineswithApacheAirflow/.env/lib/python3.8/site-packages/airflow/example_dags/example_complex.py took 0.167 seconds
[2024-03-17T09:11:02.459+0500] {processor.py:161} INFO - Started process (PID=9680) to work on /home/muhammadsami/Public/Projects/Airflow/DataPipelineswithApacheAirflow/.env/lib/python3.8/site-packages/airflow/example_dags/example_complex.py
[2024-03-17T09:11:02.460+0500] {processor.py:830} INFO - Processing file /home/muhammadsami/Public/Projects/Airflow/DataPipelineswithApacheAirflow/.env/lib/python3.8/site-packages/airflow/example_dags/example_complex.py for tasks to queue
[2024-03-17T09:11:02.461+0500] {logging_mixin.py:188} INFO - [2024-03-17T09:11:02.461+0500] {dagbag.py:540} INFO - Filling up the DagBag from /home/muhammadsami/Public/Projects/Airflow/DataPipelineswithApacheAirflow/.env/lib/python3.8/site-packages/airflow/example_dags/example_complex.py
[2024-03-17T09:11:02.471+0500] {processor.py:840} INFO - DAG(s) 'example_complex' retrieved from /home/muhammadsami/Public/Projects/Airflow/DataPipelineswithApacheAirflow/.env/lib/python3.8/site-packages/airflow/example_dags/example_complex.py
[2024-03-17T09:11:02.493+0500] {logging_mixin.py:188} INFO - [2024-03-17T09:11:02.492+0500] {dag.py:3047} INFO - Sync 1 DAGs
[2024-03-17T09:11:02.505+0500] {logging_mixin.py:188} INFO - [2024-03-17T09:11:02.505+0500] {dag.py:3834} INFO - Setting next_dagrun for example_complex to None, run_after=None
[2024-03-17T09:11:02.610+0500] {processor.py:183} INFO - Processing /home/muhammadsami/Public/Projects/Airflow/DataPipelineswithApacheAirflow/.env/lib/python3.8/site-packages/airflow/example_dags/example_complex.py took 0.154 seconds
[2024-03-17T09:12:15.921+0500] {processor.py:161} INFO - Started process (PID=9911) to work on /home/muhammadsami/Public/Projects/Airflow/DataPipelineswithApacheAirflow/.env/lib/python3.8/site-packages/airflow/example_dags/example_complex.py
[2024-03-17T09:12:15.922+0500] {processor.py:830} INFO - Processing file /home/muhammadsami/Public/Projects/Airflow/DataPipelineswithApacheAirflow/.env/lib/python3.8/site-packages/airflow/example_dags/example_complex.py for tasks to queue
[2024-03-17T09:12:15.923+0500] {logging_mixin.py:188} INFO - [2024-03-17T09:12:15.923+0500] {dagbag.py:540} INFO - Filling up the DagBag from /home/muhammadsami/Public/Projects/Airflow/DataPipelineswithApacheAirflow/.env/lib/python3.8/site-packages/airflow/example_dags/example_complex.py
[2024-03-17T09:12:15.933+0500] {processor.py:840} INFO - DAG(s) 'example_complex' retrieved from /home/muhammadsami/Public/Projects/Airflow/DataPipelineswithApacheAirflow/.env/lib/python3.8/site-packages/airflow/example_dags/example_complex.py
[2024-03-17T09:12:15.957+0500] {logging_mixin.py:188} INFO - [2024-03-17T09:12:15.957+0500] {dag.py:3047} INFO - Sync 1 DAGs
[2024-03-17T09:12:15.966+0500] {logging_mixin.py:188} INFO - [2024-03-17T09:12:15.966+0500] {dag.py:3834} INFO - Setting next_dagrun for example_complex to None, run_after=None
[2024-03-17T09:12:16.062+0500] {processor.py:183} INFO - Processing /home/muhammadsami/Public/Projects/Airflow/DataPipelineswithApacheAirflow/.env/lib/python3.8/site-packages/airflow/example_dags/example_complex.py took 0.143 seconds
[2024-03-17T09:13:27.871+0500] {processor.py:161} INFO - Started process (PID=10112) to work on /home/muhammadsami/Public/Projects/Airflow/DataPipelineswithApacheAirflow/.env/lib/python3.8/site-packages/airflow/example_dags/example_complex.py
[2024-03-17T09:13:27.873+0500] {processor.py:830} INFO - Processing file /home/muhammadsami/Public/Projects/Airflow/DataPipelineswithApacheAirflow/.env/lib/python3.8/site-packages/airflow/example_dags/example_complex.py for tasks to queue
[2024-03-17T09:13:27.874+0500] {logging_mixin.py:188} INFO - [2024-03-17T09:13:27.873+0500] {dagbag.py:540} INFO - Filling up the DagBag from /home/muhammadsami/Public/Projects/Airflow/DataPipelineswithApacheAirflow/.env/lib/python3.8/site-packages/airflow/example_dags/example_complex.py
[2024-03-17T09:13:27.884+0500] {processor.py:840} INFO - DAG(s) 'example_complex' retrieved from /home/muhammadsami/Public/Projects/Airflow/DataPipelineswithApacheAirflow/.env/lib/python3.8/site-packages/airflow/example_dags/example_complex.py
[2024-03-17T09:13:27.905+0500] {logging_mixin.py:188} INFO - [2024-03-17T09:13:27.905+0500] {dag.py:3047} INFO - Sync 1 DAGs
[2024-03-17T09:13:27.915+0500] {logging_mixin.py:188} INFO - [2024-03-17T09:13:27.915+0500] {dag.py:3834} INFO - Setting next_dagrun for example_complex to None, run_after=None
[2024-03-17T09:13:28.019+0500] {processor.py:183} INFO - Processing /home/muhammadsami/Public/Projects/Airflow/DataPipelineswithApacheAirflow/.env/lib/python3.8/site-packages/airflow/example_dags/example_complex.py took 0.150 seconds
[2024-03-17T09:14:44.153+0500] {processor.py:161} INFO - Started process (PID=10257) to work on /home/muhammadsami/Public/Projects/Airflow/DataPipelineswithApacheAirflow/.env/lib/python3.8/site-packages/airflow/example_dags/example_complex.py
[2024-03-17T09:14:44.169+0500] {processor.py:830} INFO - Processing file /home/muhammadsami/Public/Projects/Airflow/DataPipelineswithApacheAirflow/.env/lib/python3.8/site-packages/airflow/example_dags/example_complex.py for tasks to queue
[2024-03-17T09:14:44.170+0500] {logging_mixin.py:188} INFO - [2024-03-17T09:14:44.170+0500] {dagbag.py:540} INFO - Filling up the DagBag from /home/muhammadsami/Public/Projects/Airflow/DataPipelineswithApacheAirflow/.env/lib/python3.8/site-packages/airflow/example_dags/example_complex.py
[2024-03-17T09:14:44.180+0500] {processor.py:840} INFO - DAG(s) 'example_complex' retrieved from /home/muhammadsami/Public/Projects/Airflow/DataPipelineswithApacheAirflow/.env/lib/python3.8/site-packages/airflow/example_dags/example_complex.py
[2024-03-17T09:14:44.202+0500] {logging_mixin.py:188} INFO - [2024-03-17T09:14:44.202+0500] {dag.py:3047} INFO - Sync 1 DAGs
[2024-03-17T09:14:44.212+0500] {logging_mixin.py:188} INFO - [2024-03-17T09:14:44.212+0500] {dag.py:3834} INFO - Setting next_dagrun for example_complex to None, run_after=None
[2024-03-17T09:14:44.317+0500] {processor.py:183} INFO - Processing /home/muhammadsami/Public/Projects/Airflow/DataPipelineswithApacheAirflow/.env/lib/python3.8/site-packages/airflow/example_dags/example_complex.py took 0.167 seconds
[2024-03-17T09:15:58.692+0500] {processor.py:161} INFO - Started process (PID=10411) to work on /home/muhammadsami/Public/Projects/Airflow/DataPipelineswithApacheAirflow/.env/lib/python3.8/site-packages/airflow/example_dags/example_complex.py
[2024-03-17T09:15:58.693+0500] {processor.py:830} INFO - Processing file /home/muhammadsami/Public/Projects/Airflow/DataPipelineswithApacheAirflow/.env/lib/python3.8/site-packages/airflow/example_dags/example_complex.py for tasks to queue
[2024-03-17T09:15:58.694+0500] {logging_mixin.py:188} INFO - [2024-03-17T09:15:58.694+0500] {dagbag.py:540} INFO - Filling up the DagBag from /home/muhammadsami/Public/Projects/Airflow/DataPipelineswithApacheAirflow/.env/lib/python3.8/site-packages/airflow/example_dags/example_complex.py
[2024-03-17T09:15:58.713+0500] {processor.py:840} INFO - DAG(s) 'example_complex' retrieved from /home/muhammadsami/Public/Projects/Airflow/DataPipelineswithApacheAirflow/.env/lib/python3.8/site-packages/airflow/example_dags/example_complex.py
[2024-03-17T09:15:58.752+0500] {logging_mixin.py:188} INFO - [2024-03-17T09:15:58.751+0500] {dag.py:3047} INFO - Sync 1 DAGs
[2024-03-17T09:15:58.768+0500] {logging_mixin.py:188} INFO - [2024-03-17T09:15:58.767+0500] {dag.py:3834} INFO - Setting next_dagrun for example_complex to None, run_after=None
[2024-03-17T09:15:58.885+0500] {processor.py:183} INFO - Processing /home/muhammadsami/Public/Projects/Airflow/DataPipelineswithApacheAirflow/.env/lib/python3.8/site-packages/airflow/example_dags/example_complex.py took 0.196 seconds
[2024-03-17T09:17:20.137+0500] {processor.py:161} INFO - Started process (PID=10820) to work on /home/muhammadsami/Public/Projects/Airflow/DataPipelineswithApacheAirflow/.env/lib/python3.8/site-packages/airflow/example_dags/example_complex.py
[2024-03-17T09:17:20.139+0500] {processor.py:830} INFO - Processing file /home/muhammadsami/Public/Projects/Airflow/DataPipelineswithApacheAirflow/.env/lib/python3.8/site-packages/airflow/example_dags/example_complex.py for tasks to queue
[2024-03-17T09:17:20.140+0500] {logging_mixin.py:188} INFO - [2024-03-17T09:17:20.140+0500] {dagbag.py:540} INFO - Filling up the DagBag from /home/muhammadsami/Public/Projects/Airflow/DataPipelineswithApacheAirflow/.env/lib/python3.8/site-packages/airflow/example_dags/example_complex.py
[2024-03-17T09:17:20.149+0500] {processor.py:840} INFO - DAG(s) 'example_complex' retrieved from /home/muhammadsami/Public/Projects/Airflow/DataPipelineswithApacheAirflow/.env/lib/python3.8/site-packages/airflow/example_dags/example_complex.py
[2024-03-17T09:17:20.170+0500] {logging_mixin.py:188} INFO - [2024-03-17T09:17:20.170+0500] {dag.py:3047} INFO - Sync 1 DAGs
[2024-03-17T09:17:20.180+0500] {logging_mixin.py:188} INFO - [2024-03-17T09:17:20.180+0500] {dag.py:3834} INFO - Setting next_dagrun for example_complex to None, run_after=None
[2024-03-17T09:17:20.287+0500] {processor.py:183} INFO - Processing /home/muhammadsami/Public/Projects/Airflow/DataPipelineswithApacheAirflow/.env/lib/python3.8/site-packages/airflow/example_dags/example_complex.py took 0.152 seconds
[2024-03-17T09:18:36.640+0500] {processor.py:161} INFO - Started process (PID=10980) to work on /home/muhammadsami/Public/Projects/Airflow/DataPipelineswithApacheAirflow/.env/lib/python3.8/site-packages/airflow/example_dags/example_complex.py
[2024-03-17T09:18:36.653+0500] {processor.py:830} INFO - Processing file /home/muhammadsami/Public/Projects/Airflow/DataPipelineswithApacheAirflow/.env/lib/python3.8/site-packages/airflow/example_dags/example_complex.py for tasks to queue
[2024-03-17T09:18:36.654+0500] {logging_mixin.py:188} INFO - [2024-03-17T09:18:36.654+0500] {dagbag.py:540} INFO - Filling up the DagBag from /home/muhammadsami/Public/Projects/Airflow/DataPipelineswithApacheAirflow/.env/lib/python3.8/site-packages/airflow/example_dags/example_complex.py
[2024-03-17T09:18:36.664+0500] {processor.py:840} INFO - DAG(s) 'example_complex' retrieved from /home/muhammadsami/Public/Projects/Airflow/DataPipelineswithApacheAirflow/.env/lib/python3.8/site-packages/airflow/example_dags/example_complex.py
[2024-03-17T09:18:36.692+0500] {logging_mixin.py:188} INFO - [2024-03-17T09:18:36.691+0500] {dag.py:3047} INFO - Sync 1 DAGs
[2024-03-17T09:18:36.705+0500] {logging_mixin.py:188} INFO - [2024-03-17T09:18:36.705+0500] {dag.py:3834} INFO - Setting next_dagrun for example_complex to None, run_after=None
[2024-03-17T09:18:36.818+0500] {processor.py:183} INFO - Processing /home/muhammadsami/Public/Projects/Airflow/DataPipelineswithApacheAirflow/.env/lib/python3.8/site-packages/airflow/example_dags/example_complex.py took 0.180 seconds
[2024-03-17T09:19:54.051+0500] {processor.py:161} INFO - Started process (PID=11121) to work on /home/muhammadsami/Public/Projects/Airflow/DataPipelineswithApacheAirflow/.env/lib/python3.8/site-packages/airflow/example_dags/example_complex.py
[2024-03-17T09:19:54.066+0500] {processor.py:830} INFO - Processing file /home/muhammadsami/Public/Projects/Airflow/DataPipelineswithApacheAirflow/.env/lib/python3.8/site-packages/airflow/example_dags/example_complex.py for tasks to queue
[2024-03-17T09:19:54.067+0500] {logging_mixin.py:188} INFO - [2024-03-17T09:19:54.067+0500] {dagbag.py:540} INFO - Filling up the DagBag from /home/muhammadsami/Public/Projects/Airflow/DataPipelineswithApacheAirflow/.env/lib/python3.8/site-packages/airflow/example_dags/example_complex.py
[2024-03-17T09:19:54.076+0500] {processor.py:840} INFO - DAG(s) 'example_complex' retrieved from /home/muhammadsami/Public/Projects/Airflow/DataPipelineswithApacheAirflow/.env/lib/python3.8/site-packages/airflow/example_dags/example_complex.py
[2024-03-17T09:19:54.096+0500] {logging_mixin.py:188} INFO - [2024-03-17T09:19:54.096+0500] {dag.py:3047} INFO - Sync 1 DAGs
[2024-03-17T09:19:54.106+0500] {logging_mixin.py:188} INFO - [2024-03-17T09:19:54.106+0500] {dag.py:3834} INFO - Setting next_dagrun for example_complex to None, run_after=None
[2024-03-17T09:19:54.218+0500] {processor.py:183} INFO - Processing /home/muhammadsami/Public/Projects/Airflow/DataPipelineswithApacheAirflow/.env/lib/python3.8/site-packages/airflow/example_dags/example_complex.py took 0.170 seconds
[2024-03-17T09:21:08.518+0500] {processor.py:161} INFO - Started process (PID=11257) to work on /home/muhammadsami/Public/Projects/Airflow/DataPipelineswithApacheAirflow/.env/lib/python3.8/site-packages/airflow/example_dags/example_complex.py
[2024-03-17T09:21:08.519+0500] {processor.py:830} INFO - Processing file /home/muhammadsami/Public/Projects/Airflow/DataPipelineswithApacheAirflow/.env/lib/python3.8/site-packages/airflow/example_dags/example_complex.py for tasks to queue
[2024-03-17T09:21:08.520+0500] {logging_mixin.py:188} INFO - [2024-03-17T09:21:08.520+0500] {dagbag.py:540} INFO - Filling up the DagBag from /home/muhammadsami/Public/Projects/Airflow/DataPipelineswithApacheAirflow/.env/lib/python3.8/site-packages/airflow/example_dags/example_complex.py
[2024-03-17T09:21:08.531+0500] {processor.py:840} INFO - DAG(s) 'example_complex' retrieved from /home/muhammadsami/Public/Projects/Airflow/DataPipelineswithApacheAirflow/.env/lib/python3.8/site-packages/airflow/example_dags/example_complex.py
[2024-03-17T09:21:08.552+0500] {logging_mixin.py:188} INFO - [2024-03-17T09:21:08.552+0500] {dag.py:3047} INFO - Sync 1 DAGs
[2024-03-17T09:21:08.562+0500] {logging_mixin.py:188} INFO - [2024-03-17T09:21:08.562+0500] {dag.py:3834} INFO - Setting next_dagrun for example_complex to None, run_after=None
[2024-03-17T09:21:08.667+0500] {processor.py:183} INFO - Processing /home/muhammadsami/Public/Projects/Airflow/DataPipelineswithApacheAirflow/.env/lib/python3.8/site-packages/airflow/example_dags/example_complex.py took 0.152 seconds
[2024-03-17T09:22:25.662+0500] {processor.py:161} INFO - Started process (PID=11525) to work on /home/muhammadsami/Public/Projects/Airflow/DataPipelineswithApacheAirflow/.env/lib/python3.8/site-packages/airflow/example_dags/example_complex.py
[2024-03-17T09:22:25.663+0500] {processor.py:830} INFO - Processing file /home/muhammadsami/Public/Projects/Airflow/DataPipelineswithApacheAirflow/.env/lib/python3.8/site-packages/airflow/example_dags/example_complex.py for tasks to queue
[2024-03-17T09:22:25.664+0500] {logging_mixin.py:188} INFO - [2024-03-17T09:22:25.664+0500] {dagbag.py:540} INFO - Filling up the DagBag from /home/muhammadsami/Public/Projects/Airflow/DataPipelineswithApacheAirflow/.env/lib/python3.8/site-packages/airflow/example_dags/example_complex.py
[2024-03-17T09:22:25.674+0500] {processor.py:840} INFO - DAG(s) 'example_complex' retrieved from /home/muhammadsami/Public/Projects/Airflow/DataPipelineswithApacheAirflow/.env/lib/python3.8/site-packages/airflow/example_dags/example_complex.py
[2024-03-17T09:22:25.695+0500] {logging_mixin.py:188} INFO - [2024-03-17T09:22:25.695+0500] {dag.py:3047} INFO - Sync 1 DAGs
[2024-03-17T09:22:25.705+0500] {logging_mixin.py:188} INFO - [2024-03-17T09:22:25.705+0500] {dag.py:3834} INFO - Setting next_dagrun for example_complex to None, run_after=None
[2024-03-17T09:22:25.806+0500] {processor.py:183} INFO - Processing /home/muhammadsami/Public/Projects/Airflow/DataPipelineswithApacheAirflow/.env/lib/python3.8/site-packages/airflow/example_dags/example_complex.py took 0.147 seconds
[2024-03-17T09:32:14.915+0500] {processor.py:161} INFO - Started process (PID=12805) to work on /home/muhammadsami/Public/Projects/Airflow/DataPipelineswithApacheAirflow/.env/lib/python3.8/site-packages/airflow/example_dags/example_complex.py
[2024-03-17T09:32:14.916+0500] {processor.py:830} INFO - Processing file /home/muhammadsami/Public/Projects/Airflow/DataPipelineswithApacheAirflow/.env/lib/python3.8/site-packages/airflow/example_dags/example_complex.py for tasks to queue
[2024-03-17T09:32:14.917+0500] {logging_mixin.py:188} INFO - [2024-03-17T09:32:14.917+0500] {dagbag.py:540} INFO - Filling up the DagBag from /home/muhammadsami/Public/Projects/Airflow/DataPipelineswithApacheAirflow/.env/lib/python3.8/site-packages/airflow/example_dags/example_complex.py
[2024-03-17T09:32:14.926+0500] {processor.py:840} INFO - DAG(s) 'example_complex' retrieved from /home/muhammadsami/Public/Projects/Airflow/DataPipelineswithApacheAirflow/.env/lib/python3.8/site-packages/airflow/example_dags/example_complex.py
[2024-03-17T09:32:15.097+0500] {logging_mixin.py:188} INFO - [2024-03-17T09:32:15.096+0500] {dag.py:3047} INFO - Sync 1 DAGs
[2024-03-17T09:32:15.104+0500] {logging_mixin.py:188} INFO - [2024-03-17T09:32:15.104+0500] {dag.py:3834} INFO - Setting next_dagrun for example_complex to None, run_after=None
[2024-03-17T09:32:15.253+0500] {processor.py:183} INFO - Processing /home/muhammadsami/Public/Projects/Airflow/DataPipelineswithApacheAirflow/.env/lib/python3.8/site-packages/airflow/example_dags/example_complex.py took 0.340 seconds
[2024-03-17T09:33:18.806+0500] {processor.py:161} INFO - Started process (PID=13006) to work on /home/muhammadsami/Public/Projects/Airflow/DataPipelineswithApacheAirflow/.env/lib/python3.8/site-packages/airflow/example_dags/example_complex.py
[2024-03-17T09:33:18.823+0500] {processor.py:830} INFO - Processing file /home/muhammadsami/Public/Projects/Airflow/DataPipelineswithApacheAirflow/.env/lib/python3.8/site-packages/airflow/example_dags/example_complex.py for tasks to queue
[2024-03-17T09:33:18.824+0500] {logging_mixin.py:188} INFO - [2024-03-17T09:33:18.824+0500] {dagbag.py:540} INFO - Filling up the DagBag from /home/muhammadsami/Public/Projects/Airflow/DataPipelineswithApacheAirflow/.env/lib/python3.8/site-packages/airflow/example_dags/example_complex.py
[2024-03-17T09:33:18.833+0500] {processor.py:840} INFO - DAG(s) 'example_complex' retrieved from /home/muhammadsami/Public/Projects/Airflow/DataPipelineswithApacheAirflow/.env/lib/python3.8/site-packages/airflow/example_dags/example_complex.py
[2024-03-17T09:33:18.945+0500] {logging_mixin.py:188} INFO - [2024-03-17T09:33:18.945+0500] {dag.py:3047} INFO - Sync 1 DAGs
[2024-03-17T09:33:18.955+0500] {logging_mixin.py:188} INFO - [2024-03-17T09:33:18.954+0500] {dag.py:3834} INFO - Setting next_dagrun for example_complex to None, run_after=None
[2024-03-17T09:33:19.052+0500] {processor.py:183} INFO - Processing /home/muhammadsami/Public/Projects/Airflow/DataPipelineswithApacheAirflow/.env/lib/python3.8/site-packages/airflow/example_dags/example_complex.py took 0.249 seconds
[2024-03-17T09:34:29.276+0500] {processor.py:161} INFO - Started process (PID=13427) to work on /home/muhammadsami/Public/Projects/Airflow/DataPipelineswithApacheAirflow/.env/lib/python3.8/site-packages/airflow/example_dags/example_complex.py
[2024-03-17T09:34:29.307+0500] {processor.py:830} INFO - Processing file /home/muhammadsami/Public/Projects/Airflow/DataPipelineswithApacheAirflow/.env/lib/python3.8/site-packages/airflow/example_dags/example_complex.py for tasks to queue
[2024-03-17T09:34:29.308+0500] {logging_mixin.py:188} INFO - [2024-03-17T09:34:29.308+0500] {dagbag.py:540} INFO - Filling up the DagBag from /home/muhammadsami/Public/Projects/Airflow/DataPipelineswithApacheAirflow/.env/lib/python3.8/site-packages/airflow/example_dags/example_complex.py
[2024-03-17T09:34:29.317+0500] {processor.py:840} INFO - DAG(s) 'example_complex' retrieved from /home/muhammadsami/Public/Projects/Airflow/DataPipelineswithApacheAirflow/.env/lib/python3.8/site-packages/airflow/example_dags/example_complex.py
[2024-03-17T09:34:29.338+0500] {logging_mixin.py:188} INFO - [2024-03-17T09:34:29.338+0500] {dag.py:3047} INFO - Sync 1 DAGs
[2024-03-17T09:34:29.349+0500] {logging_mixin.py:188} INFO - [2024-03-17T09:34:29.348+0500] {dag.py:3834} INFO - Setting next_dagrun for example_complex to None, run_after=None
[2024-03-17T09:34:29.533+0500] {processor.py:183} INFO - Processing /home/muhammadsami/Public/Projects/Airflow/DataPipelineswithApacheAirflow/.env/lib/python3.8/site-packages/airflow/example_dags/example_complex.py took 0.259 seconds
[2024-03-17T09:35:26.146+0500] {processor.py:161} INFO - Started process (PID=13558) to work on /home/muhammadsami/Public/Projects/Airflow/DataPipelineswithApacheAirflow/.env/lib/python3.8/site-packages/airflow/example_dags/example_complex.py
[2024-03-17T09:35:26.157+0500] {processor.py:830} INFO - Processing file /home/muhammadsami/Public/Projects/Airflow/DataPipelineswithApacheAirflow/.env/lib/python3.8/site-packages/airflow/example_dags/example_complex.py for tasks to queue
[2024-03-17T09:35:26.158+0500] {logging_mixin.py:188} INFO - [2024-03-17T09:35:26.158+0500] {dagbag.py:540} INFO - Filling up the DagBag from /home/muhammadsami/Public/Projects/Airflow/DataPipelineswithApacheAirflow/.env/lib/python3.8/site-packages/airflow/example_dags/example_complex.py
[2024-03-17T09:35:26.169+0500] {processor.py:840} INFO - DAG(s) 'example_complex' retrieved from /home/muhammadsami/Public/Projects/Airflow/DataPipelineswithApacheAirflow/.env/lib/python3.8/site-packages/airflow/example_dags/example_complex.py
[2024-03-17T09:35:26.192+0500] {logging_mixin.py:188} INFO - [2024-03-17T09:35:26.192+0500] {dag.py:3047} INFO - Sync 1 DAGs
[2024-03-17T09:35:26.202+0500] {logging_mixin.py:188} INFO - [2024-03-17T09:35:26.201+0500] {dag.py:3834} INFO - Setting next_dagrun for example_complex to None, run_after=None
[2024-03-17T09:35:26.301+0500] {processor.py:183} INFO - Processing /home/muhammadsami/Public/Projects/Airflow/DataPipelineswithApacheAirflow/.env/lib/python3.8/site-packages/airflow/example_dags/example_complex.py took 0.158 seconds
[2024-03-17T09:36:52.343+0500] {processor.py:161} INFO - Started process (PID=13951) to work on /home/muhammadsami/Public/Projects/Airflow/DataPipelineswithApacheAirflow/.env/lib/python3.8/site-packages/airflow/example_dags/example_complex.py
[2024-03-17T09:36:52.356+0500] {processor.py:830} INFO - Processing file /home/muhammadsami/Public/Projects/Airflow/DataPipelineswithApacheAirflow/.env/lib/python3.8/site-packages/airflow/example_dags/example_complex.py for tasks to queue
[2024-03-17T09:36:52.357+0500] {logging_mixin.py:188} INFO - [2024-03-17T09:36:52.357+0500] {dagbag.py:540} INFO - Filling up the DagBag from /home/muhammadsami/Public/Projects/Airflow/DataPipelineswithApacheAirflow/.env/lib/python3.8/site-packages/airflow/example_dags/example_complex.py
[2024-03-17T09:36:52.366+0500] {processor.py:840} INFO - DAG(s) 'example_complex' retrieved from /home/muhammadsami/Public/Projects/Airflow/DataPipelineswithApacheAirflow/.env/lib/python3.8/site-packages/airflow/example_dags/example_complex.py
[2024-03-17T09:36:52.387+0500] {logging_mixin.py:188} INFO - [2024-03-17T09:36:52.387+0500] {dag.py:3047} INFO - Sync 1 DAGs
[2024-03-17T09:36:52.396+0500] {logging_mixin.py:188} INFO - [2024-03-17T09:36:52.396+0500] {dag.py:3834} INFO - Setting next_dagrun for example_complex to None, run_after=None
[2024-03-17T09:36:52.500+0500] {processor.py:183} INFO - Processing /home/muhammadsami/Public/Projects/Airflow/DataPipelineswithApacheAirflow/.env/lib/python3.8/site-packages/airflow/example_dags/example_complex.py took 0.160 seconds
[2024-03-17T09:37:52.171+0500] {processor.py:161} INFO - Started process (PID=14069) to work on /home/muhammadsami/Public/Projects/Airflow/DataPipelineswithApacheAirflow/.env/lib/python3.8/site-packages/airflow/example_dags/example_complex.py
[2024-03-17T09:37:52.185+0500] {processor.py:830} INFO - Processing file /home/muhammadsami/Public/Projects/Airflow/DataPipelineswithApacheAirflow/.env/lib/python3.8/site-packages/airflow/example_dags/example_complex.py for tasks to queue
[2024-03-17T09:37:52.185+0500] {logging_mixin.py:188} INFO - [2024-03-17T09:37:52.185+0500] {dagbag.py:540} INFO - Filling up the DagBag from /home/muhammadsami/Public/Projects/Airflow/DataPipelineswithApacheAirflow/.env/lib/python3.8/site-packages/airflow/example_dags/example_complex.py
[2024-03-17T09:37:52.194+0500] {processor.py:840} INFO - DAG(s) 'example_complex' retrieved from /home/muhammadsami/Public/Projects/Airflow/DataPipelineswithApacheAirflow/.env/lib/python3.8/site-packages/airflow/example_dags/example_complex.py
[2024-03-17T09:37:52.216+0500] {logging_mixin.py:188} INFO - [2024-03-17T09:37:52.216+0500] {dag.py:3047} INFO - Sync 1 DAGs
[2024-03-17T09:37:52.226+0500] {logging_mixin.py:188} INFO - [2024-03-17T09:37:52.226+0500] {dag.py:3834} INFO - Setting next_dagrun for example_complex to None, run_after=None
[2024-03-17T09:37:52.319+0500] {processor.py:183} INFO - Processing /home/muhammadsami/Public/Projects/Airflow/DataPipelineswithApacheAirflow/.env/lib/python3.8/site-packages/airflow/example_dags/example_complex.py took 0.152 seconds
[2024-03-17T09:39:34.461+0500] {processor.py:161} INFO - Started process (PID=14483) to work on /home/muhammadsami/Public/Projects/Airflow/DataPipelineswithApacheAirflow/.env/lib/python3.8/site-packages/airflow/example_dags/example_complex.py
[2024-03-17T09:39:34.462+0500] {processor.py:830} INFO - Processing file /home/muhammadsami/Public/Projects/Airflow/DataPipelineswithApacheAirflow/.env/lib/python3.8/site-packages/airflow/example_dags/example_complex.py for tasks to queue
[2024-03-17T09:39:34.463+0500] {logging_mixin.py:188} INFO - [2024-03-17T09:39:34.463+0500] {dagbag.py:540} INFO - Filling up the DagBag from /home/muhammadsami/Public/Projects/Airflow/DataPipelineswithApacheAirflow/.env/lib/python3.8/site-packages/airflow/example_dags/example_complex.py
[2024-03-17T09:39:34.474+0500] {processor.py:840} INFO - DAG(s) 'example_complex' retrieved from /home/muhammadsami/Public/Projects/Airflow/DataPipelineswithApacheAirflow/.env/lib/python3.8/site-packages/airflow/example_dags/example_complex.py
[2024-03-17T09:39:34.497+0500] {logging_mixin.py:188} INFO - [2024-03-17T09:39:34.496+0500] {dag.py:3047} INFO - Sync 1 DAGs
[2024-03-17T09:39:34.507+0500] {logging_mixin.py:188} INFO - [2024-03-17T09:39:34.507+0500] {dag.py:3834} INFO - Setting next_dagrun for example_complex to None, run_after=None
[2024-03-17T09:39:34.608+0500] {processor.py:183} INFO - Processing /home/muhammadsami/Public/Projects/Airflow/DataPipelineswithApacheAirflow/.env/lib/python3.8/site-packages/airflow/example_dags/example_complex.py took 0.150 seconds
[2024-03-17T10:30:17.378+0500] {processor.py:161} INFO - Started process (PID=18333) to work on /home/muhammadsami/Public/Projects/Airflow/DataPipelineswithApacheAirflow/.env/lib/python3.8/site-packages/airflow/example_dags/example_complex.py
[2024-03-17T10:30:17.386+0500] {processor.py:830} INFO - Processing file /home/muhammadsami/Public/Projects/Airflow/DataPipelineswithApacheAirflow/.env/lib/python3.8/site-packages/airflow/example_dags/example_complex.py for tasks to queue
[2024-03-17T10:30:17.387+0500] {logging_mixin.py:188} INFO - [2024-03-17T10:30:17.386+0500] {dagbag.py:540} INFO - Filling up the DagBag from /home/muhammadsami/Public/Projects/Airflow/DataPipelineswithApacheAirflow/.env/lib/python3.8/site-packages/airflow/example_dags/example_complex.py
[2024-03-17T10:30:17.396+0500] {processor.py:840} INFO - DAG(s) 'example_complex' retrieved from /home/muhammadsami/Public/Projects/Airflow/DataPipelineswithApacheAirflow/.env/lib/python3.8/site-packages/airflow/example_dags/example_complex.py
[2024-03-17T10:30:17.605+0500] {logging_mixin.py:188} INFO - [2024-03-17T10:30:17.605+0500] {dag.py:3047} INFO - Sync 1 DAGs
[2024-03-17T10:30:17.613+0500] {logging_mixin.py:188} INFO - [2024-03-17T10:30:17.613+0500] {dag.py:3834} INFO - Setting next_dagrun for example_complex to None, run_after=None
[2024-03-17T10:30:17.787+0500] {processor.py:183} INFO - Processing /home/muhammadsami/Public/Projects/Airflow/DataPipelineswithApacheAirflow/.env/lib/python3.8/site-packages/airflow/example_dags/example_complex.py took 0.412 seconds
[2024-03-17T10:32:43.018+0500] {processor.py:161} INFO - Started process (PID=19367) to work on /home/muhammadsami/Public/Projects/Airflow/DataPipelineswithApacheAirflow/.env/lib/python3.8/site-packages/airflow/example_dags/example_complex.py
[2024-03-17T10:32:43.028+0500] {processor.py:830} INFO - Processing file /home/muhammadsami/Public/Projects/Airflow/DataPipelineswithApacheAirflow/.env/lib/python3.8/site-packages/airflow/example_dags/example_complex.py for tasks to queue
[2024-03-17T10:32:43.029+0500] {logging_mixin.py:188} INFO - [2024-03-17T10:32:43.029+0500] {dagbag.py:540} INFO - Filling up the DagBag from /home/muhammadsami/Public/Projects/Airflow/DataPipelineswithApacheAirflow/.env/lib/python3.8/site-packages/airflow/example_dags/example_complex.py
[2024-03-17T10:32:43.039+0500] {processor.py:840} INFO - DAG(s) 'example_complex' retrieved from /home/muhammadsami/Public/Projects/Airflow/DataPipelineswithApacheAirflow/.env/lib/python3.8/site-packages/airflow/example_dags/example_complex.py
[2024-03-17T10:32:43.060+0500] {logging_mixin.py:188} INFO - [2024-03-17T10:32:43.060+0500] {dag.py:3047} INFO - Sync 1 DAGs
[2024-03-17T10:32:43.072+0500] {logging_mixin.py:188} INFO - [2024-03-17T10:32:43.071+0500] {dag.py:3834} INFO - Setting next_dagrun for example_complex to None, run_after=None
[2024-03-17T10:32:43.179+0500] {processor.py:183} INFO - Processing /home/muhammadsami/Public/Projects/Airflow/DataPipelineswithApacheAirflow/.env/lib/python3.8/site-packages/airflow/example_dags/example_complex.py took 0.164 seconds
[2024-03-17T10:34:01.324+0500] {processor.py:161} INFO - Started process (PID=19574) to work on /home/muhammadsami/Public/Projects/Airflow/DataPipelineswithApacheAirflow/.env/lib/python3.8/site-packages/airflow/example_dags/example_complex.py
[2024-03-17T10:34:01.341+0500] {processor.py:830} INFO - Processing file /home/muhammadsami/Public/Projects/Airflow/DataPipelineswithApacheAirflow/.env/lib/python3.8/site-packages/airflow/example_dags/example_complex.py for tasks to queue
[2024-03-17T10:34:01.343+0500] {logging_mixin.py:188} INFO - [2024-03-17T10:34:01.342+0500] {dagbag.py:540} INFO - Filling up the DagBag from /home/muhammadsami/Public/Projects/Airflow/DataPipelineswithApacheAirflow/.env/lib/python3.8/site-packages/airflow/example_dags/example_complex.py
[2024-03-17T10:34:01.363+0500] {processor.py:840} INFO - DAG(s) 'example_complex' retrieved from /home/muhammadsami/Public/Projects/Airflow/DataPipelineswithApacheAirflow/.env/lib/python3.8/site-packages/airflow/example_dags/example_complex.py
[2024-03-17T10:34:01.403+0500] {logging_mixin.py:188} INFO - [2024-03-17T10:34:01.402+0500] {dag.py:3047} INFO - Sync 1 DAGs
[2024-03-17T10:34:01.424+0500] {logging_mixin.py:188} INFO - [2024-03-17T10:34:01.424+0500] {dag.py:3834} INFO - Setting next_dagrun for example_complex to None, run_after=None
[2024-03-17T10:34:01.560+0500] {processor.py:183} INFO - Processing /home/muhammadsami/Public/Projects/Airflow/DataPipelineswithApacheAirflow/.env/lib/python3.8/site-packages/airflow/example_dags/example_complex.py took 0.241 seconds
[2024-03-17T10:35:47.853+0500] {processor.py:161} INFO - Started process (PID=20328) to work on /home/muhammadsami/Public/Projects/Airflow/DataPipelineswithApacheAirflow/.env/lib/python3.8/site-packages/airflow/example_dags/example_complex.py
[2024-03-17T10:35:47.864+0500] {processor.py:830} INFO - Processing file /home/muhammadsami/Public/Projects/Airflow/DataPipelineswithApacheAirflow/.env/lib/python3.8/site-packages/airflow/example_dags/example_complex.py for tasks to queue
[2024-03-17T10:35:47.865+0500] {logging_mixin.py:188} INFO - [2024-03-17T10:35:47.865+0500] {dagbag.py:540} INFO - Filling up the DagBag from /home/muhammadsami/Public/Projects/Airflow/DataPipelineswithApacheAirflow/.env/lib/python3.8/site-packages/airflow/example_dags/example_complex.py
[2024-03-17T10:35:47.875+0500] {processor.py:840} INFO - DAG(s) 'example_complex' retrieved from /home/muhammadsami/Public/Projects/Airflow/DataPipelineswithApacheAirflow/.env/lib/python3.8/site-packages/airflow/example_dags/example_complex.py
[2024-03-17T10:35:47.898+0500] {logging_mixin.py:188} INFO - [2024-03-17T10:35:47.898+0500] {dag.py:3047} INFO - Sync 1 DAGs
[2024-03-17T10:35:47.908+0500] {logging_mixin.py:188} INFO - [2024-03-17T10:35:47.908+0500] {dag.py:3834} INFO - Setting next_dagrun for example_complex to None, run_after=None
[2024-03-17T10:35:48.006+0500] {processor.py:183} INFO - Processing /home/muhammadsami/Public/Projects/Airflow/DataPipelineswithApacheAirflow/.env/lib/python3.8/site-packages/airflow/example_dags/example_complex.py took 0.156 seconds
[2024-03-17T10:37:18.576+0500] {processor.py:161} INFO - Started process (PID=20715) to work on /home/muhammadsami/Public/Projects/Airflow/DataPipelineswithApacheAirflow/.env/lib/python3.8/site-packages/airflow/example_dags/example_complex.py
[2024-03-17T10:37:18.587+0500] {processor.py:830} INFO - Processing file /home/muhammadsami/Public/Projects/Airflow/DataPipelineswithApacheAirflow/.env/lib/python3.8/site-packages/airflow/example_dags/example_complex.py for tasks to queue
[2024-03-17T10:37:18.587+0500] {logging_mixin.py:188} INFO - [2024-03-17T10:37:18.587+0500] {dagbag.py:540} INFO - Filling up the DagBag from /home/muhammadsami/Public/Projects/Airflow/DataPipelineswithApacheAirflow/.env/lib/python3.8/site-packages/airflow/example_dags/example_complex.py
[2024-03-17T10:37:18.597+0500] {processor.py:840} INFO - DAG(s) 'example_complex' retrieved from /home/muhammadsami/Public/Projects/Airflow/DataPipelineswithApacheAirflow/.env/lib/python3.8/site-packages/airflow/example_dags/example_complex.py
[2024-03-17T10:37:18.618+0500] {logging_mixin.py:188} INFO - [2024-03-17T10:37:18.617+0500] {dag.py:3047} INFO - Sync 1 DAGs
[2024-03-17T10:37:18.630+0500] {logging_mixin.py:188} INFO - [2024-03-17T10:37:18.630+0500] {dag.py:3834} INFO - Setting next_dagrun for example_complex to None, run_after=None
[2024-03-17T10:37:18.752+0500] {processor.py:183} INFO - Processing /home/muhammadsami/Public/Projects/Airflow/DataPipelineswithApacheAirflow/.env/lib/python3.8/site-packages/airflow/example_dags/example_complex.py took 0.178 seconds
[2024-03-17T10:38:28.878+0500] {processor.py:161} INFO - Started process (PID=20970) to work on /home/muhammadsami/Public/Projects/Airflow/DataPipelineswithApacheAirflow/.env/lib/python3.8/site-packages/airflow/example_dags/example_complex.py
[2024-03-17T10:38:29.125+0500] {processor.py:830} INFO - Processing file /home/muhammadsami/Public/Projects/Airflow/DataPipelineswithApacheAirflow/.env/lib/python3.8/site-packages/airflow/example_dags/example_complex.py for tasks to queue
[2024-03-17T10:38:29.126+0500] {logging_mixin.py:188} INFO - [2024-03-17T10:38:29.126+0500] {dagbag.py:540} INFO - Filling up the DagBag from /home/muhammadsami/Public/Projects/Airflow/DataPipelineswithApacheAirflow/.env/lib/python3.8/site-packages/airflow/example_dags/example_complex.py
[2024-03-17T10:38:29.135+0500] {processor.py:840} INFO - DAG(s) 'example_complex' retrieved from /home/muhammadsami/Public/Projects/Airflow/DataPipelineswithApacheAirflow/.env/lib/python3.8/site-packages/airflow/example_dags/example_complex.py
[2024-03-17T10:38:29.156+0500] {logging_mixin.py:188} INFO - [2024-03-17T10:38:29.156+0500] {dag.py:3047} INFO - Sync 1 DAGs
[2024-03-17T10:38:29.166+0500] {logging_mixin.py:188} INFO - [2024-03-17T10:38:29.166+0500] {dag.py:3834} INFO - Setting next_dagrun for example_complex to None, run_after=None
[2024-03-17T10:38:29.278+0500] {processor.py:183} INFO - Processing /home/muhammadsami/Public/Projects/Airflow/DataPipelineswithApacheAirflow/.env/lib/python3.8/site-packages/airflow/example_dags/example_complex.py took 0.402 seconds
[2024-03-17T10:39:43.979+0500] {processor.py:161} INFO - Started process (PID=21343) to work on /home/muhammadsami/Public/Projects/Airflow/DataPipelineswithApacheAirflow/.env/lib/python3.8/site-packages/airflow/example_dags/example_complex.py
[2024-03-17T10:39:43.989+0500] {processor.py:830} INFO - Processing file /home/muhammadsami/Public/Projects/Airflow/DataPipelineswithApacheAirflow/.env/lib/python3.8/site-packages/airflow/example_dags/example_complex.py for tasks to queue
[2024-03-17T10:39:43.990+0500] {logging_mixin.py:188} INFO - [2024-03-17T10:39:43.989+0500] {dagbag.py:540} INFO - Filling up the DagBag from /home/muhammadsami/Public/Projects/Airflow/DataPipelineswithApacheAirflow/.env/lib/python3.8/site-packages/airflow/example_dags/example_complex.py
[2024-03-17T10:39:43.999+0500] {processor.py:840} INFO - DAG(s) 'example_complex' retrieved from /home/muhammadsami/Public/Projects/Airflow/DataPipelineswithApacheAirflow/.env/lib/python3.8/site-packages/airflow/example_dags/example_complex.py
[2024-03-17T10:39:44.020+0500] {logging_mixin.py:188} INFO - [2024-03-17T10:39:44.020+0500] {dag.py:3047} INFO - Sync 1 DAGs
[2024-03-17T10:39:44.030+0500] {logging_mixin.py:188} INFO - [2024-03-17T10:39:44.029+0500] {dag.py:3834} INFO - Setting next_dagrun for example_complex to None, run_after=None
[2024-03-17T10:39:44.133+0500] {processor.py:183} INFO - Processing /home/muhammadsami/Public/Projects/Airflow/DataPipelineswithApacheAirflow/.env/lib/python3.8/site-packages/airflow/example_dags/example_complex.py took 0.157 seconds
[2024-03-17T10:40:54.960+0500] {processor.py:161} INFO - Started process (PID=21477) to work on /home/muhammadsami/Public/Projects/Airflow/DataPipelineswithApacheAirflow/.env/lib/python3.8/site-packages/airflow/example_dags/example_complex.py
[2024-03-17T10:40:54.971+0500] {processor.py:830} INFO - Processing file /home/muhammadsami/Public/Projects/Airflow/DataPipelineswithApacheAirflow/.env/lib/python3.8/site-packages/airflow/example_dags/example_complex.py for tasks to queue
[2024-03-17T10:40:54.972+0500] {logging_mixin.py:188} INFO - [2024-03-17T10:40:54.972+0500] {dagbag.py:540} INFO - Filling up the DagBag from /home/muhammadsami/Public/Projects/Airflow/DataPipelineswithApacheAirflow/.env/lib/python3.8/site-packages/airflow/example_dags/example_complex.py
[2024-03-17T10:40:54.982+0500] {processor.py:840} INFO - DAG(s) 'example_complex' retrieved from /home/muhammadsami/Public/Projects/Airflow/DataPipelineswithApacheAirflow/.env/lib/python3.8/site-packages/airflow/example_dags/example_complex.py
[2024-03-17T10:40:55.003+0500] {logging_mixin.py:188} INFO - [2024-03-17T10:40:55.003+0500] {dag.py:3047} INFO - Sync 1 DAGs
[2024-03-17T10:40:55.013+0500] {logging_mixin.py:188} INFO - [2024-03-17T10:40:55.013+0500] {dag.py:3834} INFO - Setting next_dagrun for example_complex to None, run_after=None
[2024-03-17T10:40:55.125+0500] {processor.py:183} INFO - Processing /home/muhammadsami/Public/Projects/Airflow/DataPipelineswithApacheAirflow/.env/lib/python3.8/site-packages/airflow/example_dags/example_complex.py took 0.169 seconds
[2024-03-17T10:42:12.463+0500] {processor.py:161} INFO - Started process (PID=21796) to work on /home/muhammadsami/Public/Projects/Airflow/DataPipelineswithApacheAirflow/.env/lib/python3.8/site-packages/airflow/example_dags/example_complex.py
[2024-03-17T10:42:12.477+0500] {processor.py:830} INFO - Processing file /home/muhammadsami/Public/Projects/Airflow/DataPipelineswithApacheAirflow/.env/lib/python3.8/site-packages/airflow/example_dags/example_complex.py for tasks to queue
[2024-03-17T10:42:12.478+0500] {logging_mixin.py:188} INFO - [2024-03-17T10:42:12.478+0500] {dagbag.py:540} INFO - Filling up the DagBag from /home/muhammadsami/Public/Projects/Airflow/DataPipelineswithApacheAirflow/.env/lib/python3.8/site-packages/airflow/example_dags/example_complex.py
[2024-03-17T10:42:12.487+0500] {processor.py:840} INFO - DAG(s) 'example_complex' retrieved from /home/muhammadsami/Public/Projects/Airflow/DataPipelineswithApacheAirflow/.env/lib/python3.8/site-packages/airflow/example_dags/example_complex.py
[2024-03-17T10:42:12.510+0500] {logging_mixin.py:188} INFO - [2024-03-17T10:42:12.510+0500] {dag.py:3047} INFO - Sync 1 DAGs
[2024-03-17T10:42:12.520+0500] {logging_mixin.py:188} INFO - [2024-03-17T10:42:12.520+0500] {dag.py:3834} INFO - Setting next_dagrun for example_complex to None, run_after=None
[2024-03-17T10:42:12.627+0500] {processor.py:183} INFO - Processing /home/muhammadsami/Public/Projects/Airflow/DataPipelineswithApacheAirflow/.env/lib/python3.8/site-packages/airflow/example_dags/example_complex.py took 0.166 seconds
[2024-03-17T10:43:31.931+0500] {processor.py:161} INFO - Started process (PID=22296) to work on /home/muhammadsami/Public/Projects/Airflow/DataPipelineswithApacheAirflow/.env/lib/python3.8/site-packages/airflow/example_dags/example_complex.py
[2024-03-17T10:43:31.959+0500] {processor.py:830} INFO - Processing file /home/muhammadsami/Public/Projects/Airflow/DataPipelineswithApacheAirflow/.env/lib/python3.8/site-packages/airflow/example_dags/example_complex.py for tasks to queue
[2024-03-17T10:43:31.960+0500] {logging_mixin.py:188} INFO - [2024-03-17T10:43:31.960+0500] {dagbag.py:540} INFO - Filling up the DagBag from /home/muhammadsami/Public/Projects/Airflow/DataPipelineswithApacheAirflow/.env/lib/python3.8/site-packages/airflow/example_dags/example_complex.py
[2024-03-17T10:43:31.970+0500] {processor.py:840} INFO - DAG(s) 'example_complex' retrieved from /home/muhammadsami/Public/Projects/Airflow/DataPipelineswithApacheAirflow/.env/lib/python3.8/site-packages/airflow/example_dags/example_complex.py
[2024-03-17T10:43:31.997+0500] {logging_mixin.py:188} INFO - [2024-03-17T10:43:31.997+0500] {dag.py:3047} INFO - Sync 1 DAGs
[2024-03-17T10:43:32.012+0500] {logging_mixin.py:188} INFO - [2024-03-17T10:43:32.012+0500] {dag.py:3834} INFO - Setting next_dagrun for example_complex to None, run_after=None
[2024-03-17T10:43:32.118+0500] {processor.py:183} INFO - Processing /home/muhammadsami/Public/Projects/Airflow/DataPipelineswithApacheAirflow/.env/lib/python3.8/site-packages/airflow/example_dags/example_complex.py took 0.189 seconds
[2024-03-17T10:44:46.647+0500] {processor.py:161} INFO - Started process (PID=22460) to work on /home/muhammadsami/Public/Projects/Airflow/DataPipelineswithApacheAirflow/.env/lib/python3.8/site-packages/airflow/example_dags/example_complex.py
[2024-03-17T10:44:46.662+0500] {processor.py:830} INFO - Processing file /home/muhammadsami/Public/Projects/Airflow/DataPipelineswithApacheAirflow/.env/lib/python3.8/site-packages/airflow/example_dags/example_complex.py for tasks to queue
[2024-03-17T10:44:46.663+0500] {logging_mixin.py:188} INFO - [2024-03-17T10:44:46.663+0500] {dagbag.py:540} INFO - Filling up the DagBag from /home/muhammadsami/Public/Projects/Airflow/DataPipelineswithApacheAirflow/.env/lib/python3.8/site-packages/airflow/example_dags/example_complex.py
[2024-03-17T10:44:46.675+0500] {processor.py:840} INFO - DAG(s) 'example_complex' retrieved from /home/muhammadsami/Public/Projects/Airflow/DataPipelineswithApacheAirflow/.env/lib/python3.8/site-packages/airflow/example_dags/example_complex.py
[2024-03-17T10:44:46.700+0500] {logging_mixin.py:188} INFO - [2024-03-17T10:44:46.700+0500] {dag.py:3047} INFO - Sync 1 DAGs
[2024-03-17T10:44:46.710+0500] {logging_mixin.py:188} INFO - [2024-03-17T10:44:46.710+0500] {dag.py:3834} INFO - Setting next_dagrun for example_complex to None, run_after=None
[2024-03-17T10:44:46.814+0500] {processor.py:183} INFO - Processing /home/muhammadsami/Public/Projects/Airflow/DataPipelineswithApacheAirflow/.env/lib/python3.8/site-packages/airflow/example_dags/example_complex.py took 0.169 seconds
[2024-03-17T10:46:05.757+0500] {processor.py:161} INFO - Started process (PID=22611) to work on /home/muhammadsami/Public/Projects/Airflow/DataPipelineswithApacheAirflow/.env/lib/python3.8/site-packages/airflow/example_dags/example_complex.py
[2024-03-17T10:46:05.766+0500] {processor.py:830} INFO - Processing file /home/muhammadsami/Public/Projects/Airflow/DataPipelineswithApacheAirflow/.env/lib/python3.8/site-packages/airflow/example_dags/example_complex.py for tasks to queue
[2024-03-17T10:46:05.767+0500] {logging_mixin.py:188} INFO - [2024-03-17T10:46:05.767+0500] {dagbag.py:540} INFO - Filling up the DagBag from /home/muhammadsami/Public/Projects/Airflow/DataPipelineswithApacheAirflow/.env/lib/python3.8/site-packages/airflow/example_dags/example_complex.py
[2024-03-17T10:46:05.782+0500] {processor.py:840} INFO - DAG(s) 'example_complex' retrieved from /home/muhammadsami/Public/Projects/Airflow/DataPipelineswithApacheAirflow/.env/lib/python3.8/site-packages/airflow/example_dags/example_complex.py
[2024-03-17T10:46:05.808+0500] {logging_mixin.py:188} INFO - [2024-03-17T10:46:05.808+0500] {dag.py:3047} INFO - Sync 1 DAGs
[2024-03-17T10:46:05.819+0500] {logging_mixin.py:188} INFO - [2024-03-17T10:46:05.819+0500] {dag.py:3834} INFO - Setting next_dagrun for example_complex to None, run_after=None
[2024-03-17T10:46:05.969+0500] {processor.py:183} INFO - Processing /home/muhammadsami/Public/Projects/Airflow/DataPipelineswithApacheAirflow/.env/lib/python3.8/site-packages/airflow/example_dags/example_complex.py took 0.215 seconds
[2024-03-17T10:47:25.022+0500] {processor.py:161} INFO - Started process (PID=22817) to work on /home/muhammadsami/Public/Projects/Airflow/DataPipelineswithApacheAirflow/.env/lib/python3.8/site-packages/airflow/example_dags/example_complex.py
[2024-03-17T10:47:25.038+0500] {processor.py:830} INFO - Processing file /home/muhammadsami/Public/Projects/Airflow/DataPipelineswithApacheAirflow/.env/lib/python3.8/site-packages/airflow/example_dags/example_complex.py for tasks to queue
[2024-03-17T10:47:25.039+0500] {logging_mixin.py:188} INFO - [2024-03-17T10:47:25.039+0500] {dagbag.py:540} INFO - Filling up the DagBag from /home/muhammadsami/Public/Projects/Airflow/DataPipelineswithApacheAirflow/.env/lib/python3.8/site-packages/airflow/example_dags/example_complex.py
[2024-03-17T10:47:25.048+0500] {processor.py:840} INFO - DAG(s) 'example_complex' retrieved from /home/muhammadsami/Public/Projects/Airflow/DataPipelineswithApacheAirflow/.env/lib/python3.8/site-packages/airflow/example_dags/example_complex.py
[2024-03-17T10:47:25.069+0500] {logging_mixin.py:188} INFO - [2024-03-17T10:47:25.069+0500] {dag.py:3047} INFO - Sync 1 DAGs
[2024-03-17T10:47:25.079+0500] {logging_mixin.py:188} INFO - [2024-03-17T10:47:25.079+0500] {dag.py:3834} INFO - Setting next_dagrun for example_complex to None, run_after=None
[2024-03-17T10:47:25.182+0500] {processor.py:183} INFO - Processing /home/muhammadsami/Public/Projects/Airflow/DataPipelineswithApacheAirflow/.env/lib/python3.8/site-packages/airflow/example_dags/example_complex.py took 0.163 seconds
[2024-03-17T10:48:40.271+0500] {processor.py:161} INFO - Started process (PID=23011) to work on /home/muhammadsami/Public/Projects/Airflow/DataPipelineswithApacheAirflow/.env/lib/python3.8/site-packages/airflow/example_dags/example_complex.py
[2024-03-17T10:48:40.273+0500] {processor.py:830} INFO - Processing file /home/muhammadsami/Public/Projects/Airflow/DataPipelineswithApacheAirflow/.env/lib/python3.8/site-packages/airflow/example_dags/example_complex.py for tasks to queue
[2024-03-17T10:48:40.273+0500] {logging_mixin.py:188} INFO - [2024-03-17T10:48:40.273+0500] {dagbag.py:540} INFO - Filling up the DagBag from /home/muhammadsami/Public/Projects/Airflow/DataPipelineswithApacheAirflow/.env/lib/python3.8/site-packages/airflow/example_dags/example_complex.py
[2024-03-17T10:48:40.284+0500] {processor.py:840} INFO - DAG(s) 'example_complex' retrieved from /home/muhammadsami/Public/Projects/Airflow/DataPipelineswithApacheAirflow/.env/lib/python3.8/site-packages/airflow/example_dags/example_complex.py
[2024-03-17T10:48:40.306+0500] {logging_mixin.py:188} INFO - [2024-03-17T10:48:40.306+0500] {dag.py:3047} INFO - Sync 1 DAGs
[2024-03-17T10:48:40.316+0500] {logging_mixin.py:188} INFO - [2024-03-17T10:48:40.316+0500] {dag.py:3834} INFO - Setting next_dagrun for example_complex to None, run_after=None
[2024-03-17T10:48:40.426+0500] {processor.py:183} INFO - Processing /home/muhammadsami/Public/Projects/Airflow/DataPipelineswithApacheAirflow/.env/lib/python3.8/site-packages/airflow/example_dags/example_complex.py took 0.158 seconds
[2024-03-17T10:50:53.435+0500] {processor.py:161} INFO - Started process (PID=24069) to work on /home/muhammadsami/Public/Projects/Airflow/DataPipelineswithApacheAirflow/.env/lib/python3.8/site-packages/airflow/example_dags/example_complex.py
[2024-03-17T10:50:53.436+0500] {processor.py:830} INFO - Processing file /home/muhammadsami/Public/Projects/Airflow/DataPipelineswithApacheAirflow/.env/lib/python3.8/site-packages/airflow/example_dags/example_complex.py for tasks to queue
[2024-03-17T10:50:53.437+0500] {logging_mixin.py:188} INFO - [2024-03-17T10:50:53.437+0500] {dagbag.py:540} INFO - Filling up the DagBag from /home/muhammadsami/Public/Projects/Airflow/DataPipelineswithApacheAirflow/.env/lib/python3.8/site-packages/airflow/example_dags/example_complex.py
[2024-03-17T10:50:53.448+0500] {processor.py:840} INFO - DAG(s) 'example_complex' retrieved from /home/muhammadsami/Public/Projects/Airflow/DataPipelineswithApacheAirflow/.env/lib/python3.8/site-packages/airflow/example_dags/example_complex.py
[2024-03-17T10:50:53.470+0500] {logging_mixin.py:188} INFO - [2024-03-17T10:50:53.470+0500] {dag.py:3047} INFO - Sync 1 DAGs
[2024-03-17T10:50:53.480+0500] {logging_mixin.py:188} INFO - [2024-03-17T10:50:53.479+0500] {dag.py:3834} INFO - Setting next_dagrun for example_complex to None, run_after=None
[2024-03-17T10:50:53.577+0500] {processor.py:183} INFO - Processing /home/muhammadsami/Public/Projects/Airflow/DataPipelineswithApacheAirflow/.env/lib/python3.8/site-packages/airflow/example_dags/example_complex.py took 0.145 seconds
[2024-03-17T10:52:08.070+0500] {processor.py:161} INFO - Started process (PID=24212) to work on /home/muhammadsami/Public/Projects/Airflow/DataPipelineswithApacheAirflow/.env/lib/python3.8/site-packages/airflow/example_dags/example_complex.py
[2024-03-17T10:52:08.082+0500] {processor.py:830} INFO - Processing file /home/muhammadsami/Public/Projects/Airflow/DataPipelineswithApacheAirflow/.env/lib/python3.8/site-packages/airflow/example_dags/example_complex.py for tasks to queue
[2024-03-17T10:52:08.083+0500] {logging_mixin.py:188} INFO - [2024-03-17T10:52:08.083+0500] {dagbag.py:540} INFO - Filling up the DagBag from /home/muhammadsami/Public/Projects/Airflow/DataPipelineswithApacheAirflow/.env/lib/python3.8/site-packages/airflow/example_dags/example_complex.py
[2024-03-17T10:52:08.092+0500] {processor.py:840} INFO - DAG(s) 'example_complex' retrieved from /home/muhammadsami/Public/Projects/Airflow/DataPipelineswithApacheAirflow/.env/lib/python3.8/site-packages/airflow/example_dags/example_complex.py
[2024-03-17T10:52:08.121+0500] {logging_mixin.py:188} INFO - [2024-03-17T10:52:08.120+0500] {dag.py:3047} INFO - Sync 1 DAGs
[2024-03-17T10:52:08.131+0500] {logging_mixin.py:188} INFO - [2024-03-17T10:52:08.130+0500] {dag.py:3834} INFO - Setting next_dagrun for example_complex to None, run_after=None
[2024-03-17T10:52:08.234+0500] {processor.py:183} INFO - Processing /home/muhammadsami/Public/Projects/Airflow/DataPipelineswithApacheAirflow/.env/lib/python3.8/site-packages/airflow/example_dags/example_complex.py took 0.166 seconds
[2024-03-17T10:53:31.240+0500] {processor.py:161} INFO - Started process (PID=24460) to work on /home/muhammadsami/Public/Projects/Airflow/DataPipelineswithApacheAirflow/.env/lib/python3.8/site-packages/airflow/example_dags/example_complex.py
[2024-03-17T10:53:31.241+0500] {processor.py:830} INFO - Processing file /home/muhammadsami/Public/Projects/Airflow/DataPipelineswithApacheAirflow/.env/lib/python3.8/site-packages/airflow/example_dags/example_complex.py for tasks to queue
[2024-03-17T10:53:31.242+0500] {logging_mixin.py:188} INFO - [2024-03-17T10:53:31.242+0500] {dagbag.py:540} INFO - Filling up the DagBag from /home/muhammadsami/Public/Projects/Airflow/DataPipelineswithApacheAirflow/.env/lib/python3.8/site-packages/airflow/example_dags/example_complex.py
[2024-03-17T10:53:31.253+0500] {processor.py:840} INFO - DAG(s) 'example_complex' retrieved from /home/muhammadsami/Public/Projects/Airflow/DataPipelineswithApacheAirflow/.env/lib/python3.8/site-packages/airflow/example_dags/example_complex.py
[2024-03-17T10:53:31.273+0500] {logging_mixin.py:188} INFO - [2024-03-17T10:53:31.273+0500] {dag.py:3047} INFO - Sync 1 DAGs
[2024-03-17T10:53:31.283+0500] {logging_mixin.py:188} INFO - [2024-03-17T10:53:31.283+0500] {dag.py:3834} INFO - Setting next_dagrun for example_complex to None, run_after=None
[2024-03-17T10:53:31.391+0500] {processor.py:183} INFO - Processing /home/muhammadsami/Public/Projects/Airflow/DataPipelineswithApacheAirflow/.env/lib/python3.8/site-packages/airflow/example_dags/example_complex.py took 0.153 seconds
[2024-03-17T10:54:51.024+0500] {processor.py:161} INFO - Started process (PID=24639) to work on /home/muhammadsami/Public/Projects/Airflow/DataPipelineswithApacheAirflow/.env/lib/python3.8/site-packages/airflow/example_dags/example_complex.py
[2024-03-17T10:54:51.091+0500] {processor.py:830} INFO - Processing file /home/muhammadsami/Public/Projects/Airflow/DataPipelineswithApacheAirflow/.env/lib/python3.8/site-packages/airflow/example_dags/example_complex.py for tasks to queue
[2024-03-17T10:54:51.092+0500] {logging_mixin.py:188} INFO - [2024-03-17T10:54:51.092+0500] {dagbag.py:540} INFO - Filling up the DagBag from /home/muhammadsami/Public/Projects/Airflow/DataPipelineswithApacheAirflow/.env/lib/python3.8/site-packages/airflow/example_dags/example_complex.py
[2024-03-17T10:54:51.103+0500] {processor.py:840} INFO - DAG(s) 'example_complex' retrieved from /home/muhammadsami/Public/Projects/Airflow/DataPipelineswithApacheAirflow/.env/lib/python3.8/site-packages/airflow/example_dags/example_complex.py
[2024-03-17T10:54:51.127+0500] {logging_mixin.py:188} INFO - [2024-03-17T10:54:51.127+0500] {dag.py:3047} INFO - Sync 1 DAGs
[2024-03-17T10:54:51.139+0500] {logging_mixin.py:188} INFO - [2024-03-17T10:54:51.139+0500] {dag.py:3834} INFO - Setting next_dagrun for example_complex to None, run_after=None
[2024-03-17T10:54:51.257+0500] {processor.py:183} INFO - Processing /home/muhammadsami/Public/Projects/Airflow/DataPipelineswithApacheAirflow/.env/lib/python3.8/site-packages/airflow/example_dags/example_complex.py took 0.236 seconds
[2024-03-17T10:56:09.729+0500] {processor.py:161} INFO - Started process (PID=25021) to work on /home/muhammadsami/Public/Projects/Airflow/DataPipelineswithApacheAirflow/.env/lib/python3.8/site-packages/airflow/example_dags/example_complex.py
[2024-03-17T10:56:09.743+0500] {processor.py:830} INFO - Processing file /home/muhammadsami/Public/Projects/Airflow/DataPipelineswithApacheAirflow/.env/lib/python3.8/site-packages/airflow/example_dags/example_complex.py for tasks to queue
[2024-03-17T10:56:09.744+0500] {logging_mixin.py:188} INFO - [2024-03-17T10:56:09.744+0500] {dagbag.py:540} INFO - Filling up the DagBag from /home/muhammadsami/Public/Projects/Airflow/DataPipelineswithApacheAirflow/.env/lib/python3.8/site-packages/airflow/example_dags/example_complex.py
[2024-03-17T10:56:09.753+0500] {processor.py:840} INFO - DAG(s) 'example_complex' retrieved from /home/muhammadsami/Public/Projects/Airflow/DataPipelineswithApacheAirflow/.env/lib/python3.8/site-packages/airflow/example_dags/example_complex.py
[2024-03-17T10:56:09.775+0500] {logging_mixin.py:188} INFO - [2024-03-17T10:56:09.774+0500] {dag.py:3047} INFO - Sync 1 DAGs
[2024-03-17T10:56:09.784+0500] {logging_mixin.py:188} INFO - [2024-03-17T10:56:09.784+0500] {dag.py:3834} INFO - Setting next_dagrun for example_complex to None, run_after=None
[2024-03-17T10:56:09.908+0500] {processor.py:183} INFO - Processing /home/muhammadsami/Public/Projects/Airflow/DataPipelineswithApacheAirflow/.env/lib/python3.8/site-packages/airflow/example_dags/example_complex.py took 0.182 seconds
[2024-03-17T10:57:29.493+0500] {processor.py:161} INFO - Started process (PID=25467) to work on /home/muhammadsami/Public/Projects/Airflow/DataPipelineswithApacheAirflow/.env/lib/python3.8/site-packages/airflow/example_dags/example_complex.py
[2024-03-17T10:57:29.598+0500] {processor.py:830} INFO - Processing file /home/muhammadsami/Public/Projects/Airflow/DataPipelineswithApacheAirflow/.env/lib/python3.8/site-packages/airflow/example_dags/example_complex.py for tasks to queue
[2024-03-17T10:57:29.599+0500] {logging_mixin.py:188} INFO - [2024-03-17T10:57:29.599+0500] {dagbag.py:540} INFO - Filling up the DagBag from /home/muhammadsami/Public/Projects/Airflow/DataPipelineswithApacheAirflow/.env/lib/python3.8/site-packages/airflow/example_dags/example_complex.py
[2024-03-17T10:57:29.608+0500] {processor.py:840} INFO - DAG(s) 'example_complex' retrieved from /home/muhammadsami/Public/Projects/Airflow/DataPipelineswithApacheAirflow/.env/lib/python3.8/site-packages/airflow/example_dags/example_complex.py
[2024-03-17T10:57:29.629+0500] {logging_mixin.py:188} INFO - [2024-03-17T10:57:29.629+0500] {dag.py:3047} INFO - Sync 1 DAGs
[2024-03-17T10:57:29.639+0500] {logging_mixin.py:188} INFO - [2024-03-17T10:57:29.639+0500] {dag.py:3834} INFO - Setting next_dagrun for example_complex to None, run_after=None
[2024-03-17T10:57:30.456+0500] {processor.py:183} INFO - Processing /home/muhammadsami/Public/Projects/Airflow/DataPipelineswithApacheAirflow/.env/lib/python3.8/site-packages/airflow/example_dags/example_complex.py took 0.966 seconds
[2024-03-17T10:58:40.685+0500] {processor.py:161} INFO - Started process (PID=25873) to work on /home/muhammadsami/Public/Projects/Airflow/DataPipelineswithApacheAirflow/.env/lib/python3.8/site-packages/airflow/example_dags/example_complex.py
[2024-03-17T10:58:40.736+0500] {processor.py:830} INFO - Processing file /home/muhammadsami/Public/Projects/Airflow/DataPipelineswithApacheAirflow/.env/lib/python3.8/site-packages/airflow/example_dags/example_complex.py for tasks to queue
[2024-03-17T10:58:40.737+0500] {logging_mixin.py:188} INFO - [2024-03-17T10:58:40.737+0500] {dagbag.py:540} INFO - Filling up the DagBag from /home/muhammadsami/Public/Projects/Airflow/DataPipelineswithApacheAirflow/.env/lib/python3.8/site-packages/airflow/example_dags/example_complex.py
[2024-03-17T10:58:40.746+0500] {processor.py:840} INFO - DAG(s) 'example_complex' retrieved from /home/muhammadsami/Public/Projects/Airflow/DataPipelineswithApacheAirflow/.env/lib/python3.8/site-packages/airflow/example_dags/example_complex.py
[2024-03-17T10:58:40.768+0500] {logging_mixin.py:188} INFO - [2024-03-17T10:58:40.767+0500] {dag.py:3047} INFO - Sync 1 DAGs
[2024-03-17T10:58:40.777+0500] {logging_mixin.py:188} INFO - [2024-03-17T10:58:40.777+0500] {dag.py:3834} INFO - Setting next_dagrun for example_complex to None, run_after=None
[2024-03-17T10:58:40.892+0500] {processor.py:183} INFO - Processing /home/muhammadsami/Public/Projects/Airflow/DataPipelineswithApacheAirflow/.env/lib/python3.8/site-packages/airflow/example_dags/example_complex.py took 0.210 seconds
[2024-03-17T10:59:57.272+0500] {processor.py:161} INFO - Started process (PID=26292) to work on /home/muhammadsami/Public/Projects/Airflow/DataPipelineswithApacheAirflow/.env/lib/python3.8/site-packages/airflow/example_dags/example_complex.py
[2024-03-17T10:59:57.273+0500] {processor.py:830} INFO - Processing file /home/muhammadsami/Public/Projects/Airflow/DataPipelineswithApacheAirflow/.env/lib/python3.8/site-packages/airflow/example_dags/example_complex.py for tasks to queue
[2024-03-17T10:59:57.274+0500] {logging_mixin.py:188} INFO - [2024-03-17T10:59:57.273+0500] {dagbag.py:540} INFO - Filling up the DagBag from /home/muhammadsami/Public/Projects/Airflow/DataPipelineswithApacheAirflow/.env/lib/python3.8/site-packages/airflow/example_dags/example_complex.py
[2024-03-17T10:59:57.284+0500] {processor.py:840} INFO - DAG(s) 'example_complex' retrieved from /home/muhammadsami/Public/Projects/Airflow/DataPipelineswithApacheAirflow/.env/lib/python3.8/site-packages/airflow/example_dags/example_complex.py
[2024-03-17T10:59:57.310+0500] {logging_mixin.py:188} INFO - [2024-03-17T10:59:57.310+0500] {dag.py:3047} INFO - Sync 1 DAGs
[2024-03-17T10:59:57.323+0500] {logging_mixin.py:188} INFO - [2024-03-17T10:59:57.323+0500] {dag.py:3834} INFO - Setting next_dagrun for example_complex to None, run_after=None
[2024-03-17T10:59:57.440+0500] {processor.py:183} INFO - Processing /home/muhammadsami/Public/Projects/Airflow/DataPipelineswithApacheAirflow/.env/lib/python3.8/site-packages/airflow/example_dags/example_complex.py took 0.171 seconds
[2024-03-17T11:01:29.118+0500] {processor.py:161} INFO - Started process (PID=26762) to work on /home/muhammadsami/Public/Projects/Airflow/DataPipelineswithApacheAirflow/.env/lib/python3.8/site-packages/airflow/example_dags/example_complex.py
[2024-03-17T11:01:29.119+0500] {processor.py:830} INFO - Processing file /home/muhammadsami/Public/Projects/Airflow/DataPipelineswithApacheAirflow/.env/lib/python3.8/site-packages/airflow/example_dags/example_complex.py for tasks to queue
[2024-03-17T11:01:29.121+0500] {logging_mixin.py:188} INFO - [2024-03-17T11:01:29.120+0500] {dagbag.py:540} INFO - Filling up the DagBag from /home/muhammadsami/Public/Projects/Airflow/DataPipelineswithApacheAirflow/.env/lib/python3.8/site-packages/airflow/example_dags/example_complex.py
[2024-03-17T11:01:29.132+0500] {processor.py:840} INFO - DAG(s) 'example_complex' retrieved from /home/muhammadsami/Public/Projects/Airflow/DataPipelineswithApacheAirflow/.env/lib/python3.8/site-packages/airflow/example_dags/example_complex.py
[2024-03-17T11:01:29.154+0500] {logging_mixin.py:188} INFO - [2024-03-17T11:01:29.154+0500] {dag.py:3047} INFO - Sync 1 DAGs
[2024-03-17T11:01:29.169+0500] {logging_mixin.py:188} INFO - [2024-03-17T11:01:29.169+0500] {dag.py:3834} INFO - Setting next_dagrun for example_complex to None, run_after=None
[2024-03-17T11:01:29.259+0500] {processor.py:183} INFO - Processing /home/muhammadsami/Public/Projects/Airflow/DataPipelineswithApacheAirflow/.env/lib/python3.8/site-packages/airflow/example_dags/example_complex.py took 0.144 seconds
