[2024-03-17T08:52:18.855+0500] {processor.py:161} INFO - Started process (PID=6355) to work on /home/muhammadsami/Public/Projects/Airflow/DataPipelineswithApacheAirflow/.env/lib/python3.8/site-packages/airflow/example_dags/example_bash_operator.py
[2024-03-17T08:52:18.856+0500] {processor.py:830} INFO - Processing file /home/muhammadsami/Public/Projects/Airflow/DataPipelineswithApacheAirflow/.env/lib/python3.8/site-packages/airflow/example_dags/example_bash_operator.py for tasks to queue
[2024-03-17T08:52:18.857+0500] {logging_mixin.py:188} INFO - [2024-03-17T08:52:18.856+0500] {dagbag.py:540} INFO - Filling up the DagBag from /home/muhammadsami/Public/Projects/Airflow/DataPipelineswithApacheAirflow/.env/lib/python3.8/site-packages/airflow/example_dags/example_bash_operator.py
[2024-03-17T08:52:18.869+0500] {processor.py:840} INFO - DAG(s) 'example_bash_operator' retrieved from /home/muhammadsami/Public/Projects/Airflow/DataPipelineswithApacheAirflow/.env/lib/python3.8/site-packages/airflow/example_dags/example_bash_operator.py
[2024-03-17T08:52:19.040+0500] {logging_mixin.py:188} INFO - [2024-03-17T08:52:19.039+0500] {dag.py:3047} INFO - Sync 1 DAGs
[2024-03-17T08:52:19.054+0500] {logging_mixin.py:188} INFO - [2024-03-17T08:52:19.054+0500] {dag.py:3834} INFO - Setting next_dagrun for example_bash_operator to 2024-03-16 00:00:00+00:00, run_after=2024-03-17 00:00:00+00:00
[2024-03-17T08:52:19.191+0500] {processor.py:183} INFO - Processing /home/muhammadsami/Public/Projects/Airflow/DataPipelineswithApacheAirflow/.env/lib/python3.8/site-packages/airflow/example_dags/example_bash_operator.py took 0.340 seconds
[2024-03-17T08:53:22.884+0500] {processor.py:161} INFO - Started process (PID=6599) to work on /home/muhammadsami/Public/Projects/Airflow/DataPipelineswithApacheAirflow/.env/lib/python3.8/site-packages/airflow/example_dags/example_bash_operator.py
[2024-03-17T08:53:22.886+0500] {processor.py:830} INFO - Processing file /home/muhammadsami/Public/Projects/Airflow/DataPipelineswithApacheAirflow/.env/lib/python3.8/site-packages/airflow/example_dags/example_bash_operator.py for tasks to queue
[2024-03-17T08:53:22.887+0500] {logging_mixin.py:188} INFO - [2024-03-17T08:53:22.886+0500] {dagbag.py:540} INFO - Filling up the DagBag from /home/muhammadsami/Public/Projects/Airflow/DataPipelineswithApacheAirflow/.env/lib/python3.8/site-packages/airflow/example_dags/example_bash_operator.py
[2024-03-17T08:53:22.901+0500] {processor.py:840} INFO - DAG(s) 'example_bash_operator' retrieved from /home/muhammadsami/Public/Projects/Airflow/DataPipelineswithApacheAirflow/.env/lib/python3.8/site-packages/airflow/example_dags/example_bash_operator.py
[2024-03-17T08:53:22.923+0500] {logging_mixin.py:188} INFO - [2024-03-17T08:53:22.923+0500] {dag.py:3047} INFO - Sync 1 DAGs
[2024-03-17T08:53:23.023+0500] {logging_mixin.py:188} INFO - [2024-03-17T08:53:23.023+0500] {dag.py:3834} INFO - Setting next_dagrun for example_bash_operator to 2024-03-16 00:00:00+00:00, run_after=2024-03-17 00:00:00+00:00
[2024-03-17T08:53:23.140+0500] {processor.py:183} INFO - Processing /home/muhammadsami/Public/Projects/Airflow/DataPipelineswithApacheAirflow/.env/lib/python3.8/site-packages/airflow/example_dags/example_bash_operator.py took 0.258 seconds
[2024-03-17T08:54:39.608+0500] {processor.py:161} INFO - Started process (PID=7279) to work on /home/muhammadsami/Public/Projects/Airflow/DataPipelineswithApacheAirflow/.env/lib/python3.8/site-packages/airflow/example_dags/example_bash_operator.py
[2024-03-17T08:54:39.609+0500] {processor.py:830} INFO - Processing file /home/muhammadsami/Public/Projects/Airflow/DataPipelineswithApacheAirflow/.env/lib/python3.8/site-packages/airflow/example_dags/example_bash_operator.py for tasks to queue
[2024-03-17T08:54:39.613+0500] {logging_mixin.py:188} INFO - [2024-03-17T08:54:39.612+0500] {dagbag.py:540} INFO - Filling up the DagBag from /home/muhammadsami/Public/Projects/Airflow/DataPipelineswithApacheAirflow/.env/lib/python3.8/site-packages/airflow/example_dags/example_bash_operator.py
[2024-03-17T08:54:39.659+0500] {processor.py:840} INFO - DAG(s) 'example_bash_operator' retrieved from /home/muhammadsami/Public/Projects/Airflow/DataPipelineswithApacheAirflow/.env/lib/python3.8/site-packages/airflow/example_dags/example_bash_operator.py
[2024-03-17T08:54:39.724+0500] {logging_mixin.py:188} INFO - [2024-03-17T08:54:39.724+0500] {dag.py:3047} INFO - Sync 1 DAGs
[2024-03-17T08:54:39.761+0500] {logging_mixin.py:188} INFO - [2024-03-17T08:54:39.760+0500] {dag.py:3834} INFO - Setting next_dagrun for example_bash_operator to 2024-03-16 00:00:00+00:00, run_after=2024-03-17 00:00:00+00:00
[2024-03-17T08:54:40.058+0500] {processor.py:183} INFO - Processing /home/muhammadsami/Public/Projects/Airflow/DataPipelineswithApacheAirflow/.env/lib/python3.8/site-packages/airflow/example_dags/example_bash_operator.py took 0.454 seconds
[2024-03-17T08:55:35.768+0500] {processor.py:161} INFO - Started process (PID=7425) to work on /home/muhammadsami/Public/Projects/Airflow/DataPipelineswithApacheAirflow/.env/lib/python3.8/site-packages/airflow/example_dags/example_bash_operator.py
[2024-03-17T08:55:35.769+0500] {processor.py:830} INFO - Processing file /home/muhammadsami/Public/Projects/Airflow/DataPipelineswithApacheAirflow/.env/lib/python3.8/site-packages/airflow/example_dags/example_bash_operator.py for tasks to queue
[2024-03-17T08:55:35.770+0500] {logging_mixin.py:188} INFO - [2024-03-17T08:55:35.770+0500] {dagbag.py:540} INFO - Filling up the DagBag from /home/muhammadsami/Public/Projects/Airflow/DataPipelineswithApacheAirflow/.env/lib/python3.8/site-packages/airflow/example_dags/example_bash_operator.py
[2024-03-17T08:55:35.781+0500] {processor.py:840} INFO - DAG(s) 'example_bash_operator' retrieved from /home/muhammadsami/Public/Projects/Airflow/DataPipelineswithApacheAirflow/.env/lib/python3.8/site-packages/airflow/example_dags/example_bash_operator.py
[2024-03-17T08:55:35.801+0500] {logging_mixin.py:188} INFO - [2024-03-17T08:55:35.801+0500] {dag.py:3047} INFO - Sync 1 DAGs
[2024-03-17T08:55:35.820+0500] {logging_mixin.py:188} INFO - [2024-03-17T08:55:35.820+0500] {dag.py:3834} INFO - Setting next_dagrun for example_bash_operator to 2024-03-16 00:00:00+00:00, run_after=2024-03-17 00:00:00+00:00
[2024-03-17T08:55:35.938+0500] {processor.py:183} INFO - Processing /home/muhammadsami/Public/Projects/Airflow/DataPipelineswithApacheAirflow/.env/lib/python3.8/site-packages/airflow/example_dags/example_bash_operator.py took 0.173 seconds
[2024-03-17T08:56:45.346+0500] {processor.py:161} INFO - Started process (PID=7645) to work on /home/muhammadsami/Public/Projects/Airflow/DataPipelineswithApacheAirflow/.env/lib/python3.8/site-packages/airflow/example_dags/example_bash_operator.py
[2024-03-17T08:56:45.360+0500] {processor.py:830} INFO - Processing file /home/muhammadsami/Public/Projects/Airflow/DataPipelineswithApacheAirflow/.env/lib/python3.8/site-packages/airflow/example_dags/example_bash_operator.py for tasks to queue
[2024-03-17T08:56:45.362+0500] {logging_mixin.py:188} INFO - [2024-03-17T08:56:45.361+0500] {dagbag.py:540} INFO - Filling up the DagBag from /home/muhammadsami/Public/Projects/Airflow/DataPipelineswithApacheAirflow/.env/lib/python3.8/site-packages/airflow/example_dags/example_bash_operator.py
[2024-03-17T08:56:45.375+0500] {processor.py:840} INFO - DAG(s) 'example_bash_operator' retrieved from /home/muhammadsami/Public/Projects/Airflow/DataPipelineswithApacheAirflow/.env/lib/python3.8/site-packages/airflow/example_dags/example_bash_operator.py
[2024-03-17T08:56:45.403+0500] {logging_mixin.py:188} INFO - [2024-03-17T08:56:45.402+0500] {dag.py:3047} INFO - Sync 1 DAGs
[2024-03-17T08:56:45.427+0500] {logging_mixin.py:188} INFO - [2024-03-17T08:56:45.427+0500] {dag.py:3834} INFO - Setting next_dagrun for example_bash_operator to 2024-03-16 00:00:00+00:00, run_after=2024-03-17 00:00:00+00:00
[2024-03-17T08:56:45.528+0500] {processor.py:183} INFO - Processing /home/muhammadsami/Public/Projects/Airflow/DataPipelineswithApacheAirflow/.env/lib/python3.8/site-packages/airflow/example_dags/example_bash_operator.py took 0.185 seconds
[2024-03-17T08:57:40.029+0500] {processor.py:161} INFO - Started process (PID=7794) to work on /home/muhammadsami/Public/Projects/Airflow/DataPipelineswithApacheAirflow/.env/lib/python3.8/site-packages/airflow/example_dags/example_bash_operator.py
[2024-03-17T08:57:40.030+0500] {processor.py:830} INFO - Processing file /home/muhammadsami/Public/Projects/Airflow/DataPipelineswithApacheAirflow/.env/lib/python3.8/site-packages/airflow/example_dags/example_bash_operator.py for tasks to queue
[2024-03-17T08:57:40.031+0500] {logging_mixin.py:188} INFO - [2024-03-17T08:57:40.031+0500] {dagbag.py:540} INFO - Filling up the DagBag from /home/muhammadsami/Public/Projects/Airflow/DataPipelineswithApacheAirflow/.env/lib/python3.8/site-packages/airflow/example_dags/example_bash_operator.py
[2024-03-17T08:57:40.045+0500] {processor.py:840} INFO - DAG(s) 'example_bash_operator' retrieved from /home/muhammadsami/Public/Projects/Airflow/DataPipelineswithApacheAirflow/.env/lib/python3.8/site-packages/airflow/example_dags/example_bash_operator.py
[2024-03-17T08:57:40.065+0500] {logging_mixin.py:188} INFO - [2024-03-17T08:57:40.064+0500] {dag.py:3047} INFO - Sync 1 DAGs
[2024-03-17T08:57:40.083+0500] {logging_mixin.py:188} INFO - [2024-03-17T08:57:40.083+0500] {dag.py:3834} INFO - Setting next_dagrun for example_bash_operator to 2024-03-16 00:00:00+00:00, run_after=2024-03-17 00:00:00+00:00
[2024-03-17T08:57:40.253+0500] {processor.py:183} INFO - Processing /home/muhammadsami/Public/Projects/Airflow/DataPipelineswithApacheAirflow/.env/lib/python3.8/site-packages/airflow/example_dags/example_bash_operator.py took 0.226 seconds
[2024-03-17T08:59:00.279+0500] {processor.py:161} INFO - Started process (PID=7943) to work on /home/muhammadsami/Public/Projects/Airflow/DataPipelineswithApacheAirflow/.env/lib/python3.8/site-packages/airflow/example_dags/example_bash_operator.py
[2024-03-17T08:59:00.293+0500] {processor.py:830} INFO - Processing file /home/muhammadsami/Public/Projects/Airflow/DataPipelineswithApacheAirflow/.env/lib/python3.8/site-packages/airflow/example_dags/example_bash_operator.py for tasks to queue
[2024-03-17T08:59:00.294+0500] {logging_mixin.py:188} INFO - [2024-03-17T08:59:00.293+0500] {dagbag.py:540} INFO - Filling up the DagBag from /home/muhammadsami/Public/Projects/Airflow/DataPipelineswithApacheAirflow/.env/lib/python3.8/site-packages/airflow/example_dags/example_bash_operator.py
[2024-03-17T08:59:00.304+0500] {processor.py:840} INFO - DAG(s) 'example_bash_operator' retrieved from /home/muhammadsami/Public/Projects/Airflow/DataPipelineswithApacheAirflow/.env/lib/python3.8/site-packages/airflow/example_dags/example_bash_operator.py
[2024-03-17T08:59:00.327+0500] {logging_mixin.py:188} INFO - [2024-03-17T08:59:00.326+0500] {dag.py:3047} INFO - Sync 1 DAGs
[2024-03-17T08:59:00.346+0500] {logging_mixin.py:188} INFO - [2024-03-17T08:59:00.345+0500] {dag.py:3834} INFO - Setting next_dagrun for example_bash_operator to 2024-03-16 00:00:00+00:00, run_after=2024-03-17 00:00:00+00:00
[2024-03-17T08:59:00.451+0500] {processor.py:183} INFO - Processing /home/muhammadsami/Public/Projects/Airflow/DataPipelineswithApacheAirflow/.env/lib/python3.8/site-packages/airflow/example_dags/example_bash_operator.py took 0.174 seconds
[2024-03-17T08:59:54.640+0500] {processor.py:161} INFO - Started process (PID=8064) to work on /home/muhammadsami/Public/Projects/Airflow/DataPipelineswithApacheAirflow/.env/lib/python3.8/site-packages/airflow/example_dags/example_bash_operator.py
[2024-03-17T08:59:54.641+0500] {processor.py:830} INFO - Processing file /home/muhammadsami/Public/Projects/Airflow/DataPipelineswithApacheAirflow/.env/lib/python3.8/site-packages/airflow/example_dags/example_bash_operator.py for tasks to queue
[2024-03-17T08:59:54.642+0500] {logging_mixin.py:188} INFO - [2024-03-17T08:59:54.642+0500] {dagbag.py:540} INFO - Filling up the DagBag from /home/muhammadsami/Public/Projects/Airflow/DataPipelineswithApacheAirflow/.env/lib/python3.8/site-packages/airflow/example_dags/example_bash_operator.py
[2024-03-17T08:59:54.653+0500] {processor.py:840} INFO - DAG(s) 'example_bash_operator' retrieved from /home/muhammadsami/Public/Projects/Airflow/DataPipelineswithApacheAirflow/.env/lib/python3.8/site-packages/airflow/example_dags/example_bash_operator.py
[2024-03-17T08:59:54.673+0500] {logging_mixin.py:188} INFO - [2024-03-17T08:59:54.673+0500] {dag.py:3047} INFO - Sync 1 DAGs
[2024-03-17T08:59:54.691+0500] {logging_mixin.py:188} INFO - [2024-03-17T08:59:54.691+0500] {dag.py:3834} INFO - Setting next_dagrun for example_bash_operator to 2024-03-16 00:00:00+00:00, run_after=2024-03-17 00:00:00+00:00
[2024-03-17T08:59:54.815+0500] {processor.py:183} INFO - Processing /home/muhammadsami/Public/Projects/Airflow/DataPipelineswithApacheAirflow/.env/lib/python3.8/site-packages/airflow/example_dags/example_bash_operator.py took 0.178 seconds
[2024-03-17T09:00:48.460+0500] {processor.py:161} INFO - Started process (PID=8222) to work on /home/muhammadsami/Public/Projects/Airflow/DataPipelineswithApacheAirflow/.env/lib/python3.8/site-packages/airflow/example_dags/example_bash_operator.py
[2024-03-17T09:00:48.473+0500] {processor.py:830} INFO - Processing file /home/muhammadsami/Public/Projects/Airflow/DataPipelineswithApacheAirflow/.env/lib/python3.8/site-packages/airflow/example_dags/example_bash_operator.py for tasks to queue
[2024-03-17T09:00:48.474+0500] {logging_mixin.py:188} INFO - [2024-03-17T09:00:48.473+0500] {dagbag.py:540} INFO - Filling up the DagBag from /home/muhammadsami/Public/Projects/Airflow/DataPipelineswithApacheAirflow/.env/lib/python3.8/site-packages/airflow/example_dags/example_bash_operator.py
[2024-03-17T09:00:48.483+0500] {processor.py:840} INFO - DAG(s) 'example_bash_operator' retrieved from /home/muhammadsami/Public/Projects/Airflow/DataPipelineswithApacheAirflow/.env/lib/python3.8/site-packages/airflow/example_dags/example_bash_operator.py
[2024-03-17T09:00:48.503+0500] {logging_mixin.py:188} INFO - [2024-03-17T09:00:48.503+0500] {dag.py:3047} INFO - Sync 1 DAGs
[2024-03-17T09:00:48.522+0500] {logging_mixin.py:188} INFO - [2024-03-17T09:00:48.522+0500] {dag.py:3834} INFO - Setting next_dagrun for example_bash_operator to 2024-03-16 00:00:00+00:00, run_after=2024-03-17 00:00:00+00:00
[2024-03-17T09:00:48.703+0500] {processor.py:183} INFO - Processing /home/muhammadsami/Public/Projects/Airflow/DataPipelineswithApacheAirflow/.env/lib/python3.8/site-packages/airflow/example_dags/example_bash_operator.py took 0.246 seconds
[2024-03-17T09:02:03.155+0500] {processor.py:161} INFO - Started process (PID=8452) to work on /home/muhammadsami/Public/Projects/Airflow/DataPipelineswithApacheAirflow/.env/lib/python3.8/site-packages/airflow/example_dags/example_bash_operator.py
[2024-03-17T09:02:03.156+0500] {processor.py:830} INFO - Processing file /home/muhammadsami/Public/Projects/Airflow/DataPipelineswithApacheAirflow/.env/lib/python3.8/site-packages/airflow/example_dags/example_bash_operator.py for tasks to queue
[2024-03-17T09:02:03.157+0500] {logging_mixin.py:188} INFO - [2024-03-17T09:02:03.157+0500] {dagbag.py:540} INFO - Filling up the DagBag from /home/muhammadsami/Public/Projects/Airflow/DataPipelineswithApacheAirflow/.env/lib/python3.8/site-packages/airflow/example_dags/example_bash_operator.py
[2024-03-17T09:02:03.167+0500] {processor.py:840} INFO - DAG(s) 'example_bash_operator' retrieved from /home/muhammadsami/Public/Projects/Airflow/DataPipelineswithApacheAirflow/.env/lib/python3.8/site-packages/airflow/example_dags/example_bash_operator.py
[2024-03-17T09:02:03.189+0500] {logging_mixin.py:188} INFO - [2024-03-17T09:02:03.189+0500] {dag.py:3047} INFO - Sync 1 DAGs
[2024-03-17T09:02:03.208+0500] {logging_mixin.py:188} INFO - [2024-03-17T09:02:03.208+0500] {dag.py:3834} INFO - Setting next_dagrun for example_bash_operator to 2024-03-16 00:00:00+00:00, run_after=2024-03-17 00:00:00+00:00
[2024-03-17T09:02:03.326+0500] {processor.py:183} INFO - Processing /home/muhammadsami/Public/Projects/Airflow/DataPipelineswithApacheAirflow/.env/lib/python3.8/site-packages/airflow/example_dags/example_bash_operator.py took 0.173 seconds
[2024-03-17T09:03:00.219+0500] {processor.py:161} INFO - Started process (PID=8572) to work on /home/muhammadsami/Public/Projects/Airflow/DataPipelineswithApacheAirflow/.env/lib/python3.8/site-packages/airflow/example_dags/example_bash_operator.py
[2024-03-17T09:03:00.222+0500] {processor.py:830} INFO - Processing file /home/muhammadsami/Public/Projects/Airflow/DataPipelineswithApacheAirflow/.env/lib/python3.8/site-packages/airflow/example_dags/example_bash_operator.py for tasks to queue
[2024-03-17T09:03:00.223+0500] {logging_mixin.py:188} INFO - [2024-03-17T09:03:00.223+0500] {dagbag.py:540} INFO - Filling up the DagBag from /home/muhammadsami/Public/Projects/Airflow/DataPipelineswithApacheAirflow/.env/lib/python3.8/site-packages/airflow/example_dags/example_bash_operator.py
[2024-03-17T09:03:00.256+0500] {processor.py:840} INFO - DAG(s) 'example_bash_operator' retrieved from /home/muhammadsami/Public/Projects/Airflow/DataPipelineswithApacheAirflow/.env/lib/python3.8/site-packages/airflow/example_dags/example_bash_operator.py
[2024-03-17T09:03:00.396+0500] {logging_mixin.py:188} INFO - [2024-03-17T09:03:00.396+0500] {dag.py:3047} INFO - Sync 1 DAGs
[2024-03-17T09:03:00.416+0500] {logging_mixin.py:188} INFO - [2024-03-17T09:03:00.416+0500] {dag.py:3834} INFO - Setting next_dagrun for example_bash_operator to 2024-03-16 00:00:00+00:00, run_after=2024-03-17 00:00:00+00:00
[2024-03-17T09:03:00.525+0500] {processor.py:183} INFO - Processing /home/muhammadsami/Public/Projects/Airflow/DataPipelineswithApacheAirflow/.env/lib/python3.8/site-packages/airflow/example_dags/example_bash_operator.py took 0.310 seconds
[2024-03-17T09:04:16.566+0500] {processor.py:161} INFO - Started process (PID=8773) to work on /home/muhammadsami/Public/Projects/Airflow/DataPipelineswithApacheAirflow/.env/lib/python3.8/site-packages/airflow/example_dags/example_bash_operator.py
[2024-03-17T09:04:16.567+0500] {processor.py:830} INFO - Processing file /home/muhammadsami/Public/Projects/Airflow/DataPipelineswithApacheAirflow/.env/lib/python3.8/site-packages/airflow/example_dags/example_bash_operator.py for tasks to queue
[2024-03-17T09:04:16.569+0500] {logging_mixin.py:188} INFO - [2024-03-17T09:04:16.568+0500] {dagbag.py:540} INFO - Filling up the DagBag from /home/muhammadsami/Public/Projects/Airflow/DataPipelineswithApacheAirflow/.env/lib/python3.8/site-packages/airflow/example_dags/example_bash_operator.py
[2024-03-17T09:04:16.585+0500] {processor.py:840} INFO - DAG(s) 'example_bash_operator' retrieved from /home/muhammadsami/Public/Projects/Airflow/DataPipelineswithApacheAirflow/.env/lib/python3.8/site-packages/airflow/example_dags/example_bash_operator.py
[2024-03-17T09:04:16.629+0500] {logging_mixin.py:188} INFO - [2024-03-17T09:04:16.628+0500] {dag.py:3047} INFO - Sync 1 DAGs
[2024-03-17T09:04:16.673+0500] {logging_mixin.py:188} INFO - [2024-03-17T09:04:16.673+0500] {dag.py:3834} INFO - Setting next_dagrun for example_bash_operator to 2024-03-16 00:00:00+00:00, run_after=2024-03-17 00:00:00+00:00
[2024-03-17T09:04:16.800+0500] {processor.py:183} INFO - Processing /home/muhammadsami/Public/Projects/Airflow/DataPipelineswithApacheAirflow/.env/lib/python3.8/site-packages/airflow/example_dags/example_bash_operator.py took 0.239 seconds
[2024-03-17T09:05:32.066+0500] {processor.py:161} INFO - Started process (PID=8925) to work on /home/muhammadsami/Public/Projects/Airflow/DataPipelineswithApacheAirflow/.env/lib/python3.8/site-packages/airflow/example_dags/example_bash_operator.py
[2024-03-17T09:05:32.081+0500] {processor.py:830} INFO - Processing file /home/muhammadsami/Public/Projects/Airflow/DataPipelineswithApacheAirflow/.env/lib/python3.8/site-packages/airflow/example_dags/example_bash_operator.py for tasks to queue
[2024-03-17T09:05:32.082+0500] {logging_mixin.py:188} INFO - [2024-03-17T09:05:32.081+0500] {dagbag.py:540} INFO - Filling up the DagBag from /home/muhammadsami/Public/Projects/Airflow/DataPipelineswithApacheAirflow/.env/lib/python3.8/site-packages/airflow/example_dags/example_bash_operator.py
[2024-03-17T09:05:32.092+0500] {processor.py:840} INFO - DAG(s) 'example_bash_operator' retrieved from /home/muhammadsami/Public/Projects/Airflow/DataPipelineswithApacheAirflow/.env/lib/python3.8/site-packages/airflow/example_dags/example_bash_operator.py
[2024-03-17T09:05:32.112+0500] {logging_mixin.py:188} INFO - [2024-03-17T09:05:32.112+0500] {dag.py:3047} INFO - Sync 1 DAGs
[2024-03-17T09:05:32.131+0500] {logging_mixin.py:188} INFO - [2024-03-17T09:05:32.131+0500] {dag.py:3834} INFO - Setting next_dagrun for example_bash_operator to 2024-03-16 00:00:00+00:00, run_after=2024-03-17 00:00:00+00:00
[2024-03-17T09:05:32.227+0500] {processor.py:183} INFO - Processing /home/muhammadsami/Public/Projects/Airflow/DataPipelineswithApacheAirflow/.env/lib/python3.8/site-packages/airflow/example_dags/example_bash_operator.py took 0.164 seconds
[2024-03-17T09:06:27.822+0500] {processor.py:161} INFO - Started process (PID=9113) to work on /home/muhammadsami/Public/Projects/Airflow/DataPipelineswithApacheAirflow/.env/lib/python3.8/site-packages/airflow/example_dags/example_bash_operator.py
[2024-03-17T09:06:27.823+0500] {processor.py:830} INFO - Processing file /home/muhammadsami/Public/Projects/Airflow/DataPipelineswithApacheAirflow/.env/lib/python3.8/site-packages/airflow/example_dags/example_bash_operator.py for tasks to queue
[2024-03-17T09:06:27.824+0500] {logging_mixin.py:188} INFO - [2024-03-17T09:06:27.824+0500] {dagbag.py:540} INFO - Filling up the DagBag from /home/muhammadsami/Public/Projects/Airflow/DataPipelineswithApacheAirflow/.env/lib/python3.8/site-packages/airflow/example_dags/example_bash_operator.py
[2024-03-17T09:06:27.837+0500] {processor.py:840} INFO - DAG(s) 'example_bash_operator' retrieved from /home/muhammadsami/Public/Projects/Airflow/DataPipelineswithApacheAirflow/.env/lib/python3.8/site-packages/airflow/example_dags/example_bash_operator.py
[2024-03-17T09:06:27.858+0500] {logging_mixin.py:188} INFO - [2024-03-17T09:06:27.858+0500] {dag.py:3047} INFO - Sync 1 DAGs
[2024-03-17T09:06:27.877+0500] {logging_mixin.py:188} INFO - [2024-03-17T09:06:27.876+0500] {dag.py:3834} INFO - Setting next_dagrun for example_bash_operator to 2024-03-16 00:00:00+00:00, run_after=2024-03-17 00:00:00+00:00
[2024-03-17T09:06:27.988+0500] {processor.py:183} INFO - Processing /home/muhammadsami/Public/Projects/Airflow/DataPipelineswithApacheAirflow/.env/lib/python3.8/site-packages/airflow/example_dags/example_bash_operator.py took 0.168 seconds
[2024-03-17T09:07:42.385+0500] {processor.py:161} INFO - Started process (PID=9290) to work on /home/muhammadsami/Public/Projects/Airflow/DataPipelineswithApacheAirflow/.env/lib/python3.8/site-packages/airflow/example_dags/example_bash_operator.py
[2024-03-17T09:07:42.396+0500] {processor.py:830} INFO - Processing file /home/muhammadsami/Public/Projects/Airflow/DataPipelineswithApacheAirflow/.env/lib/python3.8/site-packages/airflow/example_dags/example_bash_operator.py for tasks to queue
[2024-03-17T09:07:42.397+0500] {logging_mixin.py:188} INFO - [2024-03-17T09:07:42.397+0500] {dagbag.py:540} INFO - Filling up the DagBag from /home/muhammadsami/Public/Projects/Airflow/DataPipelineswithApacheAirflow/.env/lib/python3.8/site-packages/airflow/example_dags/example_bash_operator.py
[2024-03-17T09:07:42.407+0500] {processor.py:840} INFO - DAG(s) 'example_bash_operator' retrieved from /home/muhammadsami/Public/Projects/Airflow/DataPipelineswithApacheAirflow/.env/lib/python3.8/site-packages/airflow/example_dags/example_bash_operator.py
[2024-03-17T09:07:42.435+0500] {logging_mixin.py:188} INFO - [2024-03-17T09:07:42.435+0500] {dag.py:3047} INFO - Sync 1 DAGs
[2024-03-17T09:07:42.454+0500] {logging_mixin.py:188} INFO - [2024-03-17T09:07:42.454+0500] {dag.py:3834} INFO - Setting next_dagrun for example_bash_operator to 2024-03-16 00:00:00+00:00, run_after=2024-03-17 00:00:00+00:00
[2024-03-17T09:07:42.557+0500] {processor.py:183} INFO - Processing /home/muhammadsami/Public/Projects/Airflow/DataPipelineswithApacheAirflow/.env/lib/python3.8/site-packages/airflow/example_dags/example_bash_operator.py took 0.174 seconds
[2024-03-17T09:08:55.870+0500] {processor.py:161} INFO - Started process (PID=9428) to work on /home/muhammadsami/Public/Projects/Airflow/DataPipelineswithApacheAirflow/.env/lib/python3.8/site-packages/airflow/example_dags/example_bash_operator.py
[2024-03-17T09:08:55.879+0500] {processor.py:830} INFO - Processing file /home/muhammadsami/Public/Projects/Airflow/DataPipelineswithApacheAirflow/.env/lib/python3.8/site-packages/airflow/example_dags/example_bash_operator.py for tasks to queue
[2024-03-17T09:08:55.880+0500] {logging_mixin.py:188} INFO - [2024-03-17T09:08:55.879+0500] {dagbag.py:540} INFO - Filling up the DagBag from /home/muhammadsami/Public/Projects/Airflow/DataPipelineswithApacheAirflow/.env/lib/python3.8/site-packages/airflow/example_dags/example_bash_operator.py
[2024-03-17T09:08:55.890+0500] {processor.py:840} INFO - DAG(s) 'example_bash_operator' retrieved from /home/muhammadsami/Public/Projects/Airflow/DataPipelineswithApacheAirflow/.env/lib/python3.8/site-packages/airflow/example_dags/example_bash_operator.py
[2024-03-17T09:08:55.910+0500] {logging_mixin.py:188} INFO - [2024-03-17T09:08:55.910+0500] {dag.py:3047} INFO - Sync 1 DAGs
[2024-03-17T09:08:55.928+0500] {logging_mixin.py:188} INFO - [2024-03-17T09:08:55.927+0500] {dag.py:3834} INFO - Setting next_dagrun for example_bash_operator to 2024-03-16 00:00:00+00:00, run_after=2024-03-17 00:00:00+00:00
[2024-03-17T09:08:56.072+0500] {processor.py:183} INFO - Processing /home/muhammadsami/Public/Projects/Airflow/DataPipelineswithApacheAirflow/.env/lib/python3.8/site-packages/airflow/example_dags/example_bash_operator.py took 0.205 seconds
[2024-03-17T09:10:08.393+0500] {processor.py:161} INFO - Started process (PID=9570) to work on /home/muhammadsami/Public/Projects/Airflow/DataPipelineswithApacheAirflow/.env/lib/python3.8/site-packages/airflow/example_dags/example_bash_operator.py
[2024-03-17T09:10:08.405+0500] {processor.py:830} INFO - Processing file /home/muhammadsami/Public/Projects/Airflow/DataPipelineswithApacheAirflow/.env/lib/python3.8/site-packages/airflow/example_dags/example_bash_operator.py for tasks to queue
[2024-03-17T09:10:08.406+0500] {logging_mixin.py:188} INFO - [2024-03-17T09:10:08.405+0500] {dagbag.py:540} INFO - Filling up the DagBag from /home/muhammadsami/Public/Projects/Airflow/DataPipelineswithApacheAirflow/.env/lib/python3.8/site-packages/airflow/example_dags/example_bash_operator.py
[2024-03-17T09:10:08.416+0500] {processor.py:840} INFO - DAG(s) 'example_bash_operator' retrieved from /home/muhammadsami/Public/Projects/Airflow/DataPipelineswithApacheAirflow/.env/lib/python3.8/site-packages/airflow/example_dags/example_bash_operator.py
[2024-03-17T09:10:08.443+0500] {logging_mixin.py:188} INFO - [2024-03-17T09:10:08.443+0500] {dag.py:3047} INFO - Sync 1 DAGs
[2024-03-17T09:10:08.462+0500] {logging_mixin.py:188} INFO - [2024-03-17T09:10:08.461+0500] {dag.py:3834} INFO - Setting next_dagrun for example_bash_operator to 2024-03-16 00:00:00+00:00, run_after=2024-03-17 00:00:00+00:00
[2024-03-17T09:10:08.567+0500] {processor.py:183} INFO - Processing /home/muhammadsami/Public/Projects/Airflow/DataPipelineswithApacheAirflow/.env/lib/python3.8/site-packages/airflow/example_dags/example_bash_operator.py took 0.176 seconds
[2024-03-17T09:11:24.768+0500] {processor.py:161} INFO - Started process (PID=9824) to work on /home/muhammadsami/Public/Projects/Airflow/DataPipelineswithApacheAirflow/.env/lib/python3.8/site-packages/airflow/example_dags/example_bash_operator.py
[2024-03-17T09:11:24.769+0500] {processor.py:830} INFO - Processing file /home/muhammadsami/Public/Projects/Airflow/DataPipelineswithApacheAirflow/.env/lib/python3.8/site-packages/airflow/example_dags/example_bash_operator.py for tasks to queue
[2024-03-17T09:11:24.770+0500] {logging_mixin.py:188} INFO - [2024-03-17T09:11:24.770+0500] {dagbag.py:540} INFO - Filling up the DagBag from /home/muhammadsami/Public/Projects/Airflow/DataPipelineswithApacheAirflow/.env/lib/python3.8/site-packages/airflow/example_dags/example_bash_operator.py
[2024-03-17T09:11:24.782+0500] {processor.py:840} INFO - DAG(s) 'example_bash_operator' retrieved from /home/muhammadsami/Public/Projects/Airflow/DataPipelineswithApacheAirflow/.env/lib/python3.8/site-packages/airflow/example_dags/example_bash_operator.py
[2024-03-17T09:11:24.802+0500] {logging_mixin.py:188} INFO - [2024-03-17T09:11:24.802+0500] {dag.py:3047} INFO - Sync 1 DAGs
[2024-03-17T09:11:24.822+0500] {logging_mixin.py:188} INFO - [2024-03-17T09:11:24.822+0500] {dag.py:3834} INFO - Setting next_dagrun for example_bash_operator to 2024-03-16 00:00:00+00:00, run_after=2024-03-17 00:00:00+00:00
[2024-03-17T09:11:24.938+0500] {processor.py:183} INFO - Processing /home/muhammadsami/Public/Projects/Airflow/DataPipelineswithApacheAirflow/.env/lib/python3.8/site-packages/airflow/example_dags/example_bash_operator.py took 0.173 seconds
[2024-03-17T09:12:36.325+0500] {processor.py:161} INFO - Started process (PID=9971) to work on /home/muhammadsami/Public/Projects/Airflow/DataPipelineswithApacheAirflow/.env/lib/python3.8/site-packages/airflow/example_dags/example_bash_operator.py
[2024-03-17T09:12:36.337+0500] {processor.py:830} INFO - Processing file /home/muhammadsami/Public/Projects/Airflow/DataPipelineswithApacheAirflow/.env/lib/python3.8/site-packages/airflow/example_dags/example_bash_operator.py for tasks to queue
[2024-03-17T09:12:36.338+0500] {logging_mixin.py:188} INFO - [2024-03-17T09:12:36.338+0500] {dagbag.py:540} INFO - Filling up the DagBag from /home/muhammadsami/Public/Projects/Airflow/DataPipelineswithApacheAirflow/.env/lib/python3.8/site-packages/airflow/example_dags/example_bash_operator.py
[2024-03-17T09:12:36.348+0500] {processor.py:840} INFO - DAG(s) 'example_bash_operator' retrieved from /home/muhammadsami/Public/Projects/Airflow/DataPipelineswithApacheAirflow/.env/lib/python3.8/site-packages/airflow/example_dags/example_bash_operator.py
[2024-03-17T09:12:36.369+0500] {logging_mixin.py:188} INFO - [2024-03-17T09:12:36.369+0500] {dag.py:3047} INFO - Sync 1 DAGs
[2024-03-17T09:12:36.388+0500] {logging_mixin.py:188} INFO - [2024-03-17T09:12:36.388+0500] {dag.py:3834} INFO - Setting next_dagrun for example_bash_operator to 2024-03-16 00:00:00+00:00, run_after=2024-03-17 00:00:00+00:00
[2024-03-17T09:12:36.481+0500] {processor.py:183} INFO - Processing /home/muhammadsami/Public/Projects/Airflow/DataPipelineswithApacheAirflow/.env/lib/python3.8/site-packages/airflow/example_dags/example_bash_operator.py took 0.159 seconds
[2024-03-17T09:13:50.313+0500] {processor.py:161} INFO - Started process (PID=10137) to work on /home/muhammadsami/Public/Projects/Airflow/DataPipelineswithApacheAirflow/.env/lib/python3.8/site-packages/airflow/example_dags/example_bash_operator.py
[2024-03-17T09:13:50.341+0500] {processor.py:830} INFO - Processing file /home/muhammadsami/Public/Projects/Airflow/DataPipelineswithApacheAirflow/.env/lib/python3.8/site-packages/airflow/example_dags/example_bash_operator.py for tasks to queue
[2024-03-17T09:13:50.342+0500] {logging_mixin.py:188} INFO - [2024-03-17T09:13:50.341+0500] {dagbag.py:540} INFO - Filling up the DagBag from /home/muhammadsami/Public/Projects/Airflow/DataPipelineswithApacheAirflow/.env/lib/python3.8/site-packages/airflow/example_dags/example_bash_operator.py
[2024-03-17T09:13:50.351+0500] {processor.py:840} INFO - DAG(s) 'example_bash_operator' retrieved from /home/muhammadsami/Public/Projects/Airflow/DataPipelineswithApacheAirflow/.env/lib/python3.8/site-packages/airflow/example_dags/example_bash_operator.py
[2024-03-17T09:13:50.372+0500] {logging_mixin.py:188} INFO - [2024-03-17T09:13:50.371+0500] {dag.py:3047} INFO - Sync 1 DAGs
[2024-03-17T09:13:50.392+0500] {logging_mixin.py:188} INFO - [2024-03-17T09:13:50.391+0500] {dag.py:3834} INFO - Setting next_dagrun for example_bash_operator to 2024-03-16 00:00:00+00:00, run_after=2024-03-17 00:00:00+00:00
[2024-03-17T09:13:50.504+0500] {processor.py:183} INFO - Processing /home/muhammadsami/Public/Projects/Airflow/DataPipelineswithApacheAirflow/.env/lib/python3.8/site-packages/airflow/example_dags/example_bash_operator.py took 0.193 seconds
[2024-03-17T09:15:06.574+0500] {processor.py:161} INFO - Started process (PID=10285) to work on /home/muhammadsami/Public/Projects/Airflow/DataPipelineswithApacheAirflow/.env/lib/python3.8/site-packages/airflow/example_dags/example_bash_operator.py
[2024-03-17T09:15:06.589+0500] {processor.py:830} INFO - Processing file /home/muhammadsami/Public/Projects/Airflow/DataPipelineswithApacheAirflow/.env/lib/python3.8/site-packages/airflow/example_dags/example_bash_operator.py for tasks to queue
[2024-03-17T09:15:06.590+0500] {logging_mixin.py:188} INFO - [2024-03-17T09:15:06.589+0500] {dagbag.py:540} INFO - Filling up the DagBag from /home/muhammadsami/Public/Projects/Airflow/DataPipelineswithApacheAirflow/.env/lib/python3.8/site-packages/airflow/example_dags/example_bash_operator.py
[2024-03-17T09:15:06.599+0500] {processor.py:840} INFO - DAG(s) 'example_bash_operator' retrieved from /home/muhammadsami/Public/Projects/Airflow/DataPipelineswithApacheAirflow/.env/lib/python3.8/site-packages/airflow/example_dags/example_bash_operator.py
[2024-03-17T09:15:06.620+0500] {logging_mixin.py:188} INFO - [2024-03-17T09:15:06.619+0500] {dag.py:3047} INFO - Sync 1 DAGs
[2024-03-17T09:15:06.639+0500] {logging_mixin.py:188} INFO - [2024-03-17T09:15:06.638+0500] {dag.py:3834} INFO - Setting next_dagrun for example_bash_operator to 2024-03-16 00:00:00+00:00, run_after=2024-03-17 00:00:00+00:00
[2024-03-17T09:15:06.741+0500] {processor.py:183} INFO - Processing /home/muhammadsami/Public/Projects/Airflow/DataPipelineswithApacheAirflow/.env/lib/python3.8/site-packages/airflow/example_dags/example_bash_operator.py took 0.170 seconds
[2024-03-17T09:16:22.852+0500] {processor.py:161} INFO - Started process (PID=10568) to work on /home/muhammadsami/Public/Projects/Airflow/DataPipelineswithApacheAirflow/.env/lib/python3.8/site-packages/airflow/example_dags/example_bash_operator.py
[2024-03-17T09:16:22.867+0500] {processor.py:830} INFO - Processing file /home/muhammadsami/Public/Projects/Airflow/DataPipelineswithApacheAirflow/.env/lib/python3.8/site-packages/airflow/example_dags/example_bash_operator.py for tasks to queue
[2024-03-17T09:16:22.867+0500] {logging_mixin.py:188} INFO - [2024-03-17T09:16:22.867+0500] {dagbag.py:540} INFO - Filling up the DagBag from /home/muhammadsami/Public/Projects/Airflow/DataPipelineswithApacheAirflow/.env/lib/python3.8/site-packages/airflow/example_dags/example_bash_operator.py
[2024-03-17T09:16:22.877+0500] {processor.py:840} INFO - DAG(s) 'example_bash_operator' retrieved from /home/muhammadsami/Public/Projects/Airflow/DataPipelineswithApacheAirflow/.env/lib/python3.8/site-packages/airflow/example_dags/example_bash_operator.py
[2024-03-17T09:16:22.898+0500] {logging_mixin.py:188} INFO - [2024-03-17T09:16:22.897+0500] {dag.py:3047} INFO - Sync 1 DAGs
[2024-03-17T09:16:22.926+0500] {logging_mixin.py:188} INFO - [2024-03-17T09:16:22.926+0500] {dag.py:3834} INFO - Setting next_dagrun for example_bash_operator to 2024-03-16 00:00:00+00:00, run_after=2024-03-17 00:00:00+00:00
[2024-03-17T09:16:23.030+0500] {processor.py:183} INFO - Processing /home/muhammadsami/Public/Projects/Airflow/DataPipelineswithApacheAirflow/.env/lib/python3.8/site-packages/airflow/example_dags/example_bash_operator.py took 0.180 seconds
[2024-03-17T09:17:41.642+0500] {processor.py:161} INFO - Started process (PID=10849) to work on /home/muhammadsami/Public/Projects/Airflow/DataPipelineswithApacheAirflow/.env/lib/python3.8/site-packages/airflow/example_dags/example_bash_operator.py
[2024-03-17T09:17:41.652+0500] {processor.py:830} INFO - Processing file /home/muhammadsami/Public/Projects/Airflow/DataPipelineswithApacheAirflow/.env/lib/python3.8/site-packages/airflow/example_dags/example_bash_operator.py for tasks to queue
[2024-03-17T09:17:41.653+0500] {logging_mixin.py:188} INFO - [2024-03-17T09:17:41.653+0500] {dagbag.py:540} INFO - Filling up the DagBag from /home/muhammadsami/Public/Projects/Airflow/DataPipelineswithApacheAirflow/.env/lib/python3.8/site-packages/airflow/example_dags/example_bash_operator.py
[2024-03-17T09:17:41.663+0500] {processor.py:840} INFO - DAG(s) 'example_bash_operator' retrieved from /home/muhammadsami/Public/Projects/Airflow/DataPipelineswithApacheAirflow/.env/lib/python3.8/site-packages/airflow/example_dags/example_bash_operator.py
[2024-03-17T09:17:41.683+0500] {logging_mixin.py:188} INFO - [2024-03-17T09:17:41.683+0500] {dag.py:3047} INFO - Sync 1 DAGs
[2024-03-17T09:17:41.709+0500] {logging_mixin.py:188} INFO - [2024-03-17T09:17:41.708+0500] {dag.py:3834} INFO - Setting next_dagrun for example_bash_operator to 2024-03-16 00:00:00+00:00, run_after=2024-03-17 00:00:00+00:00
[2024-03-17T09:17:41.811+0500] {processor.py:183} INFO - Processing /home/muhammadsami/Public/Projects/Airflow/DataPipelineswithApacheAirflow/.env/lib/python3.8/site-packages/airflow/example_dags/example_bash_operator.py took 0.172 seconds
[2024-03-17T09:19:00.241+0500] {processor.py:161} INFO - Started process (PID=11005) to work on /home/muhammadsami/Public/Projects/Airflow/DataPipelineswithApacheAirflow/.env/lib/python3.8/site-packages/airflow/example_dags/example_bash_operator.py
[2024-03-17T09:19:00.242+0500] {processor.py:830} INFO - Processing file /home/muhammadsami/Public/Projects/Airflow/DataPipelineswithApacheAirflow/.env/lib/python3.8/site-packages/airflow/example_dags/example_bash_operator.py for tasks to queue
[2024-03-17T09:19:00.243+0500] {logging_mixin.py:188} INFO - [2024-03-17T09:19:00.243+0500] {dagbag.py:540} INFO - Filling up the DagBag from /home/muhammadsami/Public/Projects/Airflow/DataPipelineswithApacheAirflow/.env/lib/python3.8/site-packages/airflow/example_dags/example_bash_operator.py
[2024-03-17T09:19:00.255+0500] {processor.py:840} INFO - DAG(s) 'example_bash_operator' retrieved from /home/muhammadsami/Public/Projects/Airflow/DataPipelineswithApacheAirflow/.env/lib/python3.8/site-packages/airflow/example_dags/example_bash_operator.py
[2024-03-17T09:19:00.278+0500] {logging_mixin.py:188} INFO - [2024-03-17T09:19:00.278+0500] {dag.py:3047} INFO - Sync 1 DAGs
[2024-03-17T09:19:00.300+0500] {logging_mixin.py:188} INFO - [2024-03-17T09:19:00.300+0500] {dag.py:3834} INFO - Setting next_dagrun for example_bash_operator to 2024-03-16 00:00:00+00:00, run_after=2024-03-17 00:00:00+00:00
[2024-03-17T09:19:00.493+0500] {processor.py:183} INFO - Processing /home/muhammadsami/Public/Projects/Airflow/DataPipelineswithApacheAirflow/.env/lib/python3.8/site-packages/airflow/example_dags/example_bash_operator.py took 0.255 seconds
[2024-03-17T09:20:14.856+0500] {processor.py:161} INFO - Started process (PID=11141) to work on /home/muhammadsami/Public/Projects/Airflow/DataPipelineswithApacheAirflow/.env/lib/python3.8/site-packages/airflow/example_dags/example_bash_operator.py
[2024-03-17T09:20:14.869+0500] {processor.py:830} INFO - Processing file /home/muhammadsami/Public/Projects/Airflow/DataPipelineswithApacheAirflow/.env/lib/python3.8/site-packages/airflow/example_dags/example_bash_operator.py for tasks to queue
[2024-03-17T09:20:14.870+0500] {logging_mixin.py:188} INFO - [2024-03-17T09:20:14.869+0500] {dagbag.py:540} INFO - Filling up the DagBag from /home/muhammadsami/Public/Projects/Airflow/DataPipelineswithApacheAirflow/.env/lib/python3.8/site-packages/airflow/example_dags/example_bash_operator.py
[2024-03-17T09:20:14.879+0500] {processor.py:840} INFO - DAG(s) 'example_bash_operator' retrieved from /home/muhammadsami/Public/Projects/Airflow/DataPipelineswithApacheAirflow/.env/lib/python3.8/site-packages/airflow/example_dags/example_bash_operator.py
[2024-03-17T09:20:14.900+0500] {logging_mixin.py:188} INFO - [2024-03-17T09:20:14.900+0500] {dag.py:3047} INFO - Sync 1 DAGs
[2024-03-17T09:20:14.918+0500] {logging_mixin.py:188} INFO - [2024-03-17T09:20:14.918+0500] {dag.py:3834} INFO - Setting next_dagrun for example_bash_operator to 2024-03-16 00:00:00+00:00, run_after=2024-03-17 00:00:00+00:00
[2024-03-17T09:20:15.091+0500] {processor.py:183} INFO - Processing /home/muhammadsami/Public/Projects/Airflow/DataPipelineswithApacheAirflow/.env/lib/python3.8/site-packages/airflow/example_dags/example_bash_operator.py took 0.237 seconds
[2024-03-17T09:21:31.376+0500] {processor.py:161} INFO - Started process (PID=11405) to work on /home/muhammadsami/Public/Projects/Airflow/DataPipelineswithApacheAirflow/.env/lib/python3.8/site-packages/airflow/example_dags/example_bash_operator.py
[2024-03-17T09:21:31.389+0500] {processor.py:830} INFO - Processing file /home/muhammadsami/Public/Projects/Airflow/DataPipelineswithApacheAirflow/.env/lib/python3.8/site-packages/airflow/example_dags/example_bash_operator.py for tasks to queue
[2024-03-17T09:21:31.390+0500] {logging_mixin.py:188} INFO - [2024-03-17T09:21:31.390+0500] {dagbag.py:540} INFO - Filling up the DagBag from /home/muhammadsami/Public/Projects/Airflow/DataPipelineswithApacheAirflow/.env/lib/python3.8/site-packages/airflow/example_dags/example_bash_operator.py
[2024-03-17T09:21:31.400+0500] {processor.py:840} INFO - DAG(s) 'example_bash_operator' retrieved from /home/muhammadsami/Public/Projects/Airflow/DataPipelineswithApacheAirflow/.env/lib/python3.8/site-packages/airflow/example_dags/example_bash_operator.py
[2024-03-17T09:21:31.420+0500] {logging_mixin.py:188} INFO - [2024-03-17T09:21:31.419+0500] {dag.py:3047} INFO - Sync 1 DAGs
[2024-03-17T09:21:31.438+0500] {logging_mixin.py:188} INFO - [2024-03-17T09:21:31.438+0500] {dag.py:3834} INFO - Setting next_dagrun for example_bash_operator to 2024-03-16 00:00:00+00:00, run_after=2024-03-17 00:00:00+00:00
[2024-03-17T09:21:31.548+0500] {processor.py:183} INFO - Processing /home/muhammadsami/Public/Projects/Airflow/DataPipelineswithApacheAirflow/.env/lib/python3.8/site-packages/airflow/example_dags/example_bash_operator.py took 0.174 seconds
[2024-03-17T09:32:06.729+0500] {processor.py:161} INFO - Started process (PID=12795) to work on /home/muhammadsami/Public/Projects/Airflow/DataPipelineswithApacheAirflow/.env/lib/python3.8/site-packages/airflow/example_dags/example_bash_operator.py
[2024-03-17T09:32:06.731+0500] {processor.py:830} INFO - Processing file /home/muhammadsami/Public/Projects/Airflow/DataPipelineswithApacheAirflow/.env/lib/python3.8/site-packages/airflow/example_dags/example_bash_operator.py for tasks to queue
[2024-03-17T09:32:06.732+0500] {logging_mixin.py:188} INFO - [2024-03-17T09:32:06.732+0500] {dagbag.py:540} INFO - Filling up the DagBag from /home/muhammadsami/Public/Projects/Airflow/DataPipelineswithApacheAirflow/.env/lib/python3.8/site-packages/airflow/example_dags/example_bash_operator.py
[2024-03-17T09:32:06.744+0500] {processor.py:840} INFO - DAG(s) 'example_bash_operator' retrieved from /home/muhammadsami/Public/Projects/Airflow/DataPipelineswithApacheAirflow/.env/lib/python3.8/site-packages/airflow/example_dags/example_bash_operator.py
[2024-03-17T09:32:06.911+0500] {logging_mixin.py:188} INFO - [2024-03-17T09:32:06.911+0500] {dag.py:3047} INFO - Sync 1 DAGs
[2024-03-17T09:32:06.925+0500] {logging_mixin.py:188} INFO - [2024-03-17T09:32:06.925+0500] {dag.py:3834} INFO - Setting next_dagrun for example_bash_operator to 2024-03-16 00:00:00+00:00, run_after=2024-03-17 00:00:00+00:00
[2024-03-17T09:32:07.045+0500] {processor.py:183} INFO - Processing /home/muhammadsami/Public/Projects/Airflow/DataPipelineswithApacheAirflow/.env/lib/python3.8/site-packages/airflow/example_dags/example_bash_operator.py took 0.318 seconds
[2024-03-17T09:33:07.934+0500] {processor.py:161} INFO - Started process (PID=12913) to work on /home/muhammadsami/Public/Projects/Airflow/DataPipelineswithApacheAirflow/.env/lib/python3.8/site-packages/airflow/example_dags/example_bash_operator.py
[2024-03-17T09:33:07.949+0500] {processor.py:830} INFO - Processing file /home/muhammadsami/Public/Projects/Airflow/DataPipelineswithApacheAirflow/.env/lib/python3.8/site-packages/airflow/example_dags/example_bash_operator.py for tasks to queue
[2024-03-17T09:33:07.950+0500] {logging_mixin.py:188} INFO - [2024-03-17T09:33:07.950+0500] {dagbag.py:540} INFO - Filling up the DagBag from /home/muhammadsami/Public/Projects/Airflow/DataPipelineswithApacheAirflow/.env/lib/python3.8/site-packages/airflow/example_dags/example_bash_operator.py
[2024-03-17T09:33:07.960+0500] {processor.py:840} INFO - DAG(s) 'example_bash_operator' retrieved from /home/muhammadsami/Public/Projects/Airflow/DataPipelineswithApacheAirflow/.env/lib/python3.8/site-packages/airflow/example_dags/example_bash_operator.py
[2024-03-17T09:33:07.982+0500] {logging_mixin.py:188} INFO - [2024-03-17T09:33:07.981+0500] {dag.py:3047} INFO - Sync 1 DAGs
[2024-03-17T09:33:08.083+0500] {logging_mixin.py:188} INFO - [2024-03-17T09:33:08.083+0500] {dag.py:3834} INFO - Setting next_dagrun for example_bash_operator to 2024-03-16 00:00:00+00:00, run_after=2024-03-17 00:00:00+00:00
[2024-03-17T09:33:08.184+0500] {processor.py:183} INFO - Processing /home/muhammadsami/Public/Projects/Airflow/DataPipelineswithApacheAirflow/.env/lib/python3.8/site-packages/airflow/example_dags/example_bash_operator.py took 0.253 seconds
[2024-03-17T09:34:22.687+0500] {processor.py:161} INFO - Started process (PID=13420) to work on /home/muhammadsami/Public/Projects/Airflow/DataPipelineswithApacheAirflow/.env/lib/python3.8/site-packages/airflow/example_dags/example_bash_operator.py
[2024-03-17T09:34:22.688+0500] {processor.py:830} INFO - Processing file /home/muhammadsami/Public/Projects/Airflow/DataPipelineswithApacheAirflow/.env/lib/python3.8/site-packages/airflow/example_dags/example_bash_operator.py for tasks to queue
[2024-03-17T09:34:22.689+0500] {logging_mixin.py:188} INFO - [2024-03-17T09:34:22.689+0500] {dagbag.py:540} INFO - Filling up the DagBag from /home/muhammadsami/Public/Projects/Airflow/DataPipelineswithApacheAirflow/.env/lib/python3.8/site-packages/airflow/example_dags/example_bash_operator.py
[2024-03-17T09:34:22.703+0500] {processor.py:840} INFO - DAG(s) 'example_bash_operator' retrieved from /home/muhammadsami/Public/Projects/Airflow/DataPipelineswithApacheAirflow/.env/lib/python3.8/site-packages/airflow/example_dags/example_bash_operator.py
[2024-03-17T09:34:22.731+0500] {logging_mixin.py:188} INFO - [2024-03-17T09:34:22.731+0500] {dag.py:3047} INFO - Sync 1 DAGs
[2024-03-17T09:34:22.757+0500] {logging_mixin.py:188} INFO - [2024-03-17T09:34:22.757+0500] {dag.py:3834} INFO - Setting next_dagrun for example_bash_operator to 2024-03-16 00:00:00+00:00, run_after=2024-03-17 00:00:00+00:00
[2024-03-17T09:34:22.875+0500] {processor.py:183} INFO - Processing /home/muhammadsami/Public/Projects/Airflow/DataPipelineswithApacheAirflow/.env/lib/python3.8/site-packages/airflow/example_dags/example_bash_operator.py took 0.191 seconds
[2024-03-17T09:35:20.415+0500] {processor.py:161} INFO - Started process (PID=13552) to work on /home/muhammadsami/Public/Projects/Airflow/DataPipelineswithApacheAirflow/.env/lib/python3.8/site-packages/airflow/example_dags/example_bash_operator.py
[2024-03-17T09:35:20.417+0500] {processor.py:830} INFO - Processing file /home/muhammadsami/Public/Projects/Airflow/DataPipelineswithApacheAirflow/.env/lib/python3.8/site-packages/airflow/example_dags/example_bash_operator.py for tasks to queue
[2024-03-17T09:35:20.418+0500] {logging_mixin.py:188} INFO - [2024-03-17T09:35:20.417+0500] {dagbag.py:540} INFO - Filling up the DagBag from /home/muhammadsami/Public/Projects/Airflow/DataPipelineswithApacheAirflow/.env/lib/python3.8/site-packages/airflow/example_dags/example_bash_operator.py
[2024-03-17T09:35:20.430+0500] {processor.py:840} INFO - DAG(s) 'example_bash_operator' retrieved from /home/muhammadsami/Public/Projects/Airflow/DataPipelineswithApacheAirflow/.env/lib/python3.8/site-packages/airflow/example_dags/example_bash_operator.py
[2024-03-17T09:35:20.454+0500] {logging_mixin.py:188} INFO - [2024-03-17T09:35:20.454+0500] {dag.py:3047} INFO - Sync 1 DAGs
[2024-03-17T09:35:20.472+0500] {logging_mixin.py:188} INFO - [2024-03-17T09:35:20.471+0500] {dag.py:3834} INFO - Setting next_dagrun for example_bash_operator to 2024-03-16 00:00:00+00:00, run_after=2024-03-17 00:00:00+00:00
[2024-03-17T09:35:20.586+0500] {processor.py:183} INFO - Processing /home/muhammadsami/Public/Projects/Airflow/DataPipelineswithApacheAirflow/.env/lib/python3.8/site-packages/airflow/example_dags/example_bash_operator.py took 0.173 seconds
[2024-03-17T09:36:15.781+0500] {processor.py:161} INFO - Started process (PID=13725) to work on /home/muhammadsami/Public/Projects/Airflow/DataPipelineswithApacheAirflow/.env/lib/python3.8/site-packages/airflow/example_dags/example_bash_operator.py
[2024-03-17T09:36:15.795+0500] {processor.py:830} INFO - Processing file /home/muhammadsami/Public/Projects/Airflow/DataPipelineswithApacheAirflow/.env/lib/python3.8/site-packages/airflow/example_dags/example_bash_operator.py for tasks to queue
[2024-03-17T09:36:15.797+0500] {logging_mixin.py:188} INFO - [2024-03-17T09:36:15.796+0500] {dagbag.py:540} INFO - Filling up the DagBag from /home/muhammadsami/Public/Projects/Airflow/DataPipelineswithApacheAirflow/.env/lib/python3.8/site-packages/airflow/example_dags/example_bash_operator.py
[2024-03-17T09:36:15.817+0500] {processor.py:840} INFO - DAG(s) 'example_bash_operator' retrieved from /home/muhammadsami/Public/Projects/Airflow/DataPipelineswithApacheAirflow/.env/lib/python3.8/site-packages/airflow/example_dags/example_bash_operator.py
[2024-03-17T09:36:15.882+0500] {logging_mixin.py:188} INFO - [2024-03-17T09:36:15.881+0500] {dag.py:3047} INFO - Sync 1 DAGs
[2024-03-17T09:36:15.933+0500] {logging_mixin.py:188} INFO - [2024-03-17T09:36:15.932+0500] {dag.py:3834} INFO - Setting next_dagrun for example_bash_operator to 2024-03-16 00:00:00+00:00, run_after=2024-03-17 00:00:00+00:00
[2024-03-17T09:36:16.073+0500] {processor.py:183} INFO - Processing /home/muhammadsami/Public/Projects/Airflow/DataPipelineswithApacheAirflow/.env/lib/python3.8/site-packages/airflow/example_dags/example_bash_operator.py took 0.296 seconds
[2024-03-17T09:37:23.533+0500] {processor.py:161} INFO - Started process (PID=14043) to work on /home/muhammadsami/Public/Projects/Airflow/DataPipelineswithApacheAirflow/.env/lib/python3.8/site-packages/airflow/example_dags/example_bash_operator.py
[2024-03-17T09:37:23.547+0500] {processor.py:830} INFO - Processing file /home/muhammadsami/Public/Projects/Airflow/DataPipelineswithApacheAirflow/.env/lib/python3.8/site-packages/airflow/example_dags/example_bash_operator.py for tasks to queue
[2024-03-17T09:37:23.548+0500] {logging_mixin.py:188} INFO - [2024-03-17T09:37:23.548+0500] {dagbag.py:540} INFO - Filling up the DagBag from /home/muhammadsami/Public/Projects/Airflow/DataPipelineswithApacheAirflow/.env/lib/python3.8/site-packages/airflow/example_dags/example_bash_operator.py
[2024-03-17T09:37:23.558+0500] {processor.py:840} INFO - DAG(s) 'example_bash_operator' retrieved from /home/muhammadsami/Public/Projects/Airflow/DataPipelineswithApacheAirflow/.env/lib/python3.8/site-packages/airflow/example_dags/example_bash_operator.py
[2024-03-17T09:37:23.578+0500] {logging_mixin.py:188} INFO - [2024-03-17T09:37:23.578+0500] {dag.py:3047} INFO - Sync 1 DAGs
[2024-03-17T09:37:23.597+0500] {logging_mixin.py:188} INFO - [2024-03-17T09:37:23.596+0500] {dag.py:3834} INFO - Setting next_dagrun for example_bash_operator to 2024-03-16 00:00:00+00:00, run_after=2024-03-17 00:00:00+00:00
[2024-03-17T09:37:23.705+0500] {processor.py:183} INFO - Processing /home/muhammadsami/Public/Projects/Airflow/DataPipelineswithApacheAirflow/.env/lib/python3.8/site-packages/airflow/example_dags/example_bash_operator.py took 0.174 seconds
[2024-03-17T09:38:40.678+0500] {processor.py:161} INFO - Started process (PID=14181) to work on /home/muhammadsami/Public/Projects/Airflow/DataPipelineswithApacheAirflow/.env/lib/python3.8/site-packages/airflow/example_dags/example_bash_operator.py
[2024-03-17T09:38:40.695+0500] {processor.py:830} INFO - Processing file /home/muhammadsami/Public/Projects/Airflow/DataPipelineswithApacheAirflow/.env/lib/python3.8/site-packages/airflow/example_dags/example_bash_operator.py for tasks to queue
[2024-03-17T09:38:40.696+0500] {logging_mixin.py:188} INFO - [2024-03-17T09:38:40.695+0500] {dagbag.py:540} INFO - Filling up the DagBag from /home/muhammadsami/Public/Projects/Airflow/DataPipelineswithApacheAirflow/.env/lib/python3.8/site-packages/airflow/example_dags/example_bash_operator.py
[2024-03-17T09:38:40.706+0500] {processor.py:840} INFO - DAG(s) 'example_bash_operator' retrieved from /home/muhammadsami/Public/Projects/Airflow/DataPipelineswithApacheAirflow/.env/lib/python3.8/site-packages/airflow/example_dags/example_bash_operator.py
[2024-03-17T09:38:40.727+0500] {logging_mixin.py:188} INFO - [2024-03-17T09:38:40.727+0500] {dag.py:3047} INFO - Sync 1 DAGs
[2024-03-17T09:38:40.745+0500] {logging_mixin.py:188} INFO - [2024-03-17T09:38:40.745+0500] {dag.py:3834} INFO - Setting next_dagrun for example_bash_operator to 2024-03-16 00:00:00+00:00, run_after=2024-03-17 00:00:00+00:00
[2024-03-17T09:38:40.845+0500] {processor.py:183} INFO - Processing /home/muhammadsami/Public/Projects/Airflow/DataPipelineswithApacheAirflow/.env/lib/python3.8/site-packages/airflow/example_dags/example_bash_operator.py took 0.170 seconds
[2024-03-17T09:39:53.691+0500] {processor.py:161} INFO - Started process (PID=14510) to work on /home/muhammadsami/Public/Projects/Airflow/DataPipelineswithApacheAirflow/.env/lib/python3.8/site-packages/airflow/example_dags/example_bash_operator.py
[2024-03-17T09:39:53.705+0500] {processor.py:830} INFO - Processing file /home/muhammadsami/Public/Projects/Airflow/DataPipelineswithApacheAirflow/.env/lib/python3.8/site-packages/airflow/example_dags/example_bash_operator.py for tasks to queue
[2024-03-17T09:39:53.706+0500] {logging_mixin.py:188} INFO - [2024-03-17T09:39:53.705+0500] {dagbag.py:540} INFO - Filling up the DagBag from /home/muhammadsami/Public/Projects/Airflow/DataPipelineswithApacheAirflow/.env/lib/python3.8/site-packages/airflow/example_dags/example_bash_operator.py
[2024-03-17T09:39:53.716+0500] {processor.py:840} INFO - DAG(s) 'example_bash_operator' retrieved from /home/muhammadsami/Public/Projects/Airflow/DataPipelineswithApacheAirflow/.env/lib/python3.8/site-packages/airflow/example_dags/example_bash_operator.py
[2024-03-17T09:39:53.736+0500] {logging_mixin.py:188} INFO - [2024-03-17T09:39:53.736+0500] {dag.py:3047} INFO - Sync 1 DAGs
[2024-03-17T09:39:53.755+0500] {logging_mixin.py:188} INFO - [2024-03-17T09:39:53.754+0500] {dag.py:3834} INFO - Setting next_dagrun for example_bash_operator to 2024-03-16 00:00:00+00:00, run_after=2024-03-17 00:00:00+00:00
[2024-03-17T09:39:53.883+0500] {processor.py:183} INFO - Processing /home/muhammadsami/Public/Projects/Airflow/DataPipelineswithApacheAirflow/.env/lib/python3.8/site-packages/airflow/example_dags/example_bash_operator.py took 0.194 seconds
[2024-03-17T10:30:10.305+0500] {processor.py:161} INFO - Started process (PID=18325) to work on /home/muhammadsami/Public/Projects/Airflow/DataPipelineswithApacheAirflow/.env/lib/python3.8/site-packages/airflow/example_dags/example_bash_operator.py
[2024-03-17T10:30:10.311+0500] {processor.py:830} INFO - Processing file /home/muhammadsami/Public/Projects/Airflow/DataPipelineswithApacheAirflow/.env/lib/python3.8/site-packages/airflow/example_dags/example_bash_operator.py for tasks to queue
[2024-03-17T10:30:10.312+0500] {logging_mixin.py:188} INFO - [2024-03-17T10:30:10.311+0500] {dagbag.py:540} INFO - Filling up the DagBag from /home/muhammadsami/Public/Projects/Airflow/DataPipelineswithApacheAirflow/.env/lib/python3.8/site-packages/airflow/example_dags/example_bash_operator.py
[2024-03-17T10:30:10.323+0500] {processor.py:840} INFO - DAG(s) 'example_bash_operator' retrieved from /home/muhammadsami/Public/Projects/Airflow/DataPipelineswithApacheAirflow/.env/lib/python3.8/site-packages/airflow/example_dags/example_bash_operator.py
[2024-03-17T10:30:10.491+0500] {logging_mixin.py:188} INFO - [2024-03-17T10:30:10.491+0500] {dag.py:3047} INFO - Sync 1 DAGs
[2024-03-17T10:30:10.506+0500] {logging_mixin.py:188} INFO - [2024-03-17T10:30:10.505+0500] {dag.py:3834} INFO - Setting next_dagrun for example_bash_operator to 2024-03-16 00:00:00+00:00, run_after=2024-03-17 00:00:00+00:00
[2024-03-17T10:30:10.638+0500] {processor.py:183} INFO - Processing /home/muhammadsami/Public/Projects/Airflow/DataPipelineswithApacheAirflow/.env/lib/python3.8/site-packages/airflow/example_dags/example_bash_operator.py took 0.335 seconds
[2024-03-17T10:32:35.548+0500] {processor.py:161} INFO - Started process (PID=19361) to work on /home/muhammadsami/Public/Projects/Airflow/DataPipelineswithApacheAirflow/.env/lib/python3.8/site-packages/airflow/example_dags/example_bash_operator.py
[2024-03-17T10:32:35.557+0500] {processor.py:830} INFO - Processing file /home/muhammadsami/Public/Projects/Airflow/DataPipelineswithApacheAirflow/.env/lib/python3.8/site-packages/airflow/example_dags/example_bash_operator.py for tasks to queue
[2024-03-17T10:32:35.558+0500] {logging_mixin.py:188} INFO - [2024-03-17T10:32:35.558+0500] {dagbag.py:540} INFO - Filling up the DagBag from /home/muhammadsami/Public/Projects/Airflow/DataPipelineswithApacheAirflow/.env/lib/python3.8/site-packages/airflow/example_dags/example_bash_operator.py
[2024-03-17T10:32:35.569+0500] {processor.py:840} INFO - DAG(s) 'example_bash_operator' retrieved from /home/muhammadsami/Public/Projects/Airflow/DataPipelineswithApacheAirflow/.env/lib/python3.8/site-packages/airflow/example_dags/example_bash_operator.py
[2024-03-17T10:32:35.590+0500] {logging_mixin.py:188} INFO - [2024-03-17T10:32:35.589+0500] {dag.py:3047} INFO - Sync 1 DAGs
[2024-03-17T10:32:35.608+0500] {logging_mixin.py:188} INFO - [2024-03-17T10:32:35.608+0500] {dag.py:3834} INFO - Setting next_dagrun for example_bash_operator to 2024-03-16 00:00:00+00:00, run_after=2024-03-17 00:00:00+00:00
[2024-03-17T10:32:35.710+0500] {processor.py:183} INFO - Processing /home/muhammadsami/Public/Projects/Airflow/DataPipelineswithApacheAirflow/.env/lib/python3.8/site-packages/airflow/example_dags/example_bash_operator.py took 0.165 seconds
[2024-03-17T10:33:30.711+0500] {processor.py:161} INFO - Started process (PID=19537) to work on /home/muhammadsami/Public/Projects/Airflow/DataPipelineswithApacheAirflow/.env/lib/python3.8/site-packages/airflow/example_dags/example_bash_operator.py
[2024-03-17T10:33:30.713+0500] {processor.py:830} INFO - Processing file /home/muhammadsami/Public/Projects/Airflow/DataPipelineswithApacheAirflow/.env/lib/python3.8/site-packages/airflow/example_dags/example_bash_operator.py for tasks to queue
[2024-03-17T10:33:30.714+0500] {logging_mixin.py:188} INFO - [2024-03-17T10:33:30.714+0500] {dagbag.py:540} INFO - Filling up the DagBag from /home/muhammadsami/Public/Projects/Airflow/DataPipelineswithApacheAirflow/.env/lib/python3.8/site-packages/airflow/example_dags/example_bash_operator.py
[2024-03-17T10:33:30.725+0500] {processor.py:840} INFO - DAG(s) 'example_bash_operator' retrieved from /home/muhammadsami/Public/Projects/Airflow/DataPipelineswithApacheAirflow/.env/lib/python3.8/site-packages/airflow/example_dags/example_bash_operator.py
[2024-03-17T10:33:30.745+0500] {logging_mixin.py:188} INFO - [2024-03-17T10:33:30.745+0500] {dag.py:3047} INFO - Sync 1 DAGs
[2024-03-17T10:33:30.763+0500] {logging_mixin.py:188} INFO - [2024-03-17T10:33:30.763+0500] {dag.py:3834} INFO - Setting next_dagrun for example_bash_operator to 2024-03-16 00:00:00+00:00, run_after=2024-03-17 00:00:00+00:00
[2024-03-17T10:33:30.871+0500] {processor.py:183} INFO - Processing /home/muhammadsami/Public/Projects/Airflow/DataPipelineswithApacheAirflow/.env/lib/python3.8/site-packages/airflow/example_dags/example_bash_operator.py took 0.163 seconds
[2024-03-17T10:34:26.623+0500] {processor.py:161} INFO - Started process (PID=19657) to work on /home/muhammadsami/Public/Projects/Airflow/DataPipelineswithApacheAirflow/.env/lib/python3.8/site-packages/airflow/example_dags/example_bash_operator.py
[2024-03-17T10:34:26.625+0500] {processor.py:830} INFO - Processing file /home/muhammadsami/Public/Projects/Airflow/DataPipelineswithApacheAirflow/.env/lib/python3.8/site-packages/airflow/example_dags/example_bash_operator.py for tasks to queue
[2024-03-17T10:34:26.626+0500] {logging_mixin.py:188} INFO - [2024-03-17T10:34:26.626+0500] {dagbag.py:540} INFO - Filling up the DagBag from /home/muhammadsami/Public/Projects/Airflow/DataPipelineswithApacheAirflow/.env/lib/python3.8/site-packages/airflow/example_dags/example_bash_operator.py
[2024-03-17T10:34:26.638+0500] {processor.py:840} INFO - DAG(s) 'example_bash_operator' retrieved from /home/muhammadsami/Public/Projects/Airflow/DataPipelineswithApacheAirflow/.env/lib/python3.8/site-packages/airflow/example_dags/example_bash_operator.py
[2024-03-17T10:34:26.661+0500] {logging_mixin.py:188} INFO - [2024-03-17T10:34:26.660+0500] {dag.py:3047} INFO - Sync 1 DAGs
[2024-03-17T10:34:26.679+0500] {logging_mixin.py:188} INFO - [2024-03-17T10:34:26.679+0500] {dag.py:3834} INFO - Setting next_dagrun for example_bash_operator to 2024-03-16 00:00:00+00:00, run_after=2024-03-17 00:00:00+00:00
[2024-03-17T10:34:26.788+0500] {processor.py:183} INFO - Processing /home/muhammadsami/Public/Projects/Airflow/DataPipelineswithApacheAirflow/.env/lib/python3.8/site-packages/airflow/example_dags/example_bash_operator.py took 0.169 seconds
[2024-03-17T10:35:45.244+0500] {processor.py:161} INFO - Started process (PID=20326) to work on /home/muhammadsami/Public/Projects/Airflow/DataPipelineswithApacheAirflow/.env/lib/python3.8/site-packages/airflow/example_dags/example_bash_operator.py
[2024-03-17T10:35:45.257+0500] {processor.py:830} INFO - Processing file /home/muhammadsami/Public/Projects/Airflow/DataPipelineswithApacheAirflow/.env/lib/python3.8/site-packages/airflow/example_dags/example_bash_operator.py for tasks to queue
[2024-03-17T10:35:45.258+0500] {logging_mixin.py:188} INFO - [2024-03-17T10:35:45.258+0500] {dagbag.py:540} INFO - Filling up the DagBag from /home/muhammadsami/Public/Projects/Airflow/DataPipelineswithApacheAirflow/.env/lib/python3.8/site-packages/airflow/example_dags/example_bash_operator.py
[2024-03-17T10:35:45.272+0500] {processor.py:840} INFO - DAG(s) 'example_bash_operator' retrieved from /home/muhammadsami/Public/Projects/Airflow/DataPipelineswithApacheAirflow/.env/lib/python3.8/site-packages/airflow/example_dags/example_bash_operator.py
[2024-03-17T10:35:45.299+0500] {logging_mixin.py:188} INFO - [2024-03-17T10:35:45.299+0500] {dag.py:3047} INFO - Sync 1 DAGs
[2024-03-17T10:35:45.321+0500] {logging_mixin.py:188} INFO - [2024-03-17T10:35:45.321+0500] {dag.py:3834} INFO - Setting next_dagrun for example_bash_operator to 2024-03-16 00:00:00+00:00, run_after=2024-03-17 00:00:00+00:00
[2024-03-17T10:35:45.426+0500] {processor.py:183} INFO - Processing /home/muhammadsami/Public/Projects/Airflow/DataPipelineswithApacheAirflow/.env/lib/python3.8/site-packages/airflow/example_dags/example_bash_operator.py took 0.186 seconds
[2024-03-17T10:37:11.907+0500] {processor.py:161} INFO - Started process (PID=20708) to work on /home/muhammadsami/Public/Projects/Airflow/DataPipelineswithApacheAirflow/.env/lib/python3.8/site-packages/airflow/example_dags/example_bash_operator.py
[2024-03-17T10:37:11.919+0500] {processor.py:830} INFO - Processing file /home/muhammadsami/Public/Projects/Airflow/DataPipelineswithApacheAirflow/.env/lib/python3.8/site-packages/airflow/example_dags/example_bash_operator.py for tasks to queue
[2024-03-17T10:37:11.921+0500] {logging_mixin.py:188} INFO - [2024-03-17T10:37:11.920+0500] {dagbag.py:540} INFO - Filling up the DagBag from /home/muhammadsami/Public/Projects/Airflow/DataPipelineswithApacheAirflow/.env/lib/python3.8/site-packages/airflow/example_dags/example_bash_operator.py
[2024-03-17T10:37:11.931+0500] {processor.py:840} INFO - DAG(s) 'example_bash_operator' retrieved from /home/muhammadsami/Public/Projects/Airflow/DataPipelineswithApacheAirflow/.env/lib/python3.8/site-packages/airflow/example_dags/example_bash_operator.py
[2024-03-17T10:37:11.951+0500] {logging_mixin.py:188} INFO - [2024-03-17T10:37:11.951+0500] {dag.py:3047} INFO - Sync 1 DAGs
[2024-03-17T10:37:11.969+0500] {logging_mixin.py:188} INFO - [2024-03-17T10:37:11.969+0500] {dag.py:3834} INFO - Setting next_dagrun for example_bash_operator to 2024-03-16 00:00:00+00:00, run_after=2024-03-17 00:00:00+00:00
[2024-03-17T10:37:12.061+0500] {processor.py:183} INFO - Processing /home/muhammadsami/Public/Projects/Airflow/DataPipelineswithApacheAirflow/.env/lib/python3.8/site-packages/airflow/example_dags/example_bash_operator.py took 0.157 seconds
[2024-03-17T10:38:04.300+0500] {processor.py:161} INFO - Started process (PID=20824) to work on /home/muhammadsami/Public/Projects/Airflow/DataPipelineswithApacheAirflow/.env/lib/python3.8/site-packages/airflow/example_dags/example_bash_operator.py
[2024-03-17T10:38:04.315+0500] {processor.py:830} INFO - Processing file /home/muhammadsami/Public/Projects/Airflow/DataPipelineswithApacheAirflow/.env/lib/python3.8/site-packages/airflow/example_dags/example_bash_operator.py for tasks to queue
[2024-03-17T10:38:04.316+0500] {logging_mixin.py:188} INFO - [2024-03-17T10:38:04.316+0500] {dagbag.py:540} INFO - Filling up the DagBag from /home/muhammadsami/Public/Projects/Airflow/DataPipelineswithApacheAirflow/.env/lib/python3.8/site-packages/airflow/example_dags/example_bash_operator.py
[2024-03-17T10:38:04.329+0500] {processor.py:840} INFO - DAG(s) 'example_bash_operator' retrieved from /home/muhammadsami/Public/Projects/Airflow/DataPipelineswithApacheAirflow/.env/lib/python3.8/site-packages/airflow/example_dags/example_bash_operator.py
[2024-03-17T10:38:04.350+0500] {logging_mixin.py:188} INFO - [2024-03-17T10:38:04.350+0500] {dag.py:3047} INFO - Sync 1 DAGs
[2024-03-17T10:38:04.378+0500] {logging_mixin.py:188} INFO - [2024-03-17T10:38:04.378+0500] {dag.py:3834} INFO - Setting next_dagrun for example_bash_operator to 2024-03-16 00:00:00+00:00, run_after=2024-03-17 00:00:00+00:00
[2024-03-17T10:38:04.498+0500] {processor.py:183} INFO - Processing /home/muhammadsami/Public/Projects/Airflow/DataPipelineswithApacheAirflow/.env/lib/python3.8/site-packages/airflow/example_dags/example_bash_operator.py took 0.201 seconds
[2024-03-17T10:39:18.250+0500] {processor.py:161} INFO - Started process (PID=21227) to work on /home/muhammadsami/Public/Projects/Airflow/DataPipelineswithApacheAirflow/.env/lib/python3.8/site-packages/airflow/example_dags/example_bash_operator.py
[2024-03-17T10:39:18.255+0500] {processor.py:830} INFO - Processing file /home/muhammadsami/Public/Projects/Airflow/DataPipelineswithApacheAirflow/.env/lib/python3.8/site-packages/airflow/example_dags/example_bash_operator.py for tasks to queue
[2024-03-17T10:39:18.256+0500] {logging_mixin.py:188} INFO - [2024-03-17T10:39:18.256+0500] {dagbag.py:540} INFO - Filling up the DagBag from /home/muhammadsami/Public/Projects/Airflow/DataPipelineswithApacheAirflow/.env/lib/python3.8/site-packages/airflow/example_dags/example_bash_operator.py
[2024-03-17T10:39:18.268+0500] {processor.py:840} INFO - DAG(s) 'example_bash_operator' retrieved from /home/muhammadsami/Public/Projects/Airflow/DataPipelineswithApacheAirflow/.env/lib/python3.8/site-packages/airflow/example_dags/example_bash_operator.py
[2024-03-17T10:39:18.293+0500] {logging_mixin.py:188} INFO - [2024-03-17T10:39:18.293+0500] {dag.py:3047} INFO - Sync 1 DAGs
[2024-03-17T10:39:18.319+0500] {logging_mixin.py:188} INFO - [2024-03-17T10:39:18.319+0500] {dag.py:3834} INFO - Setting next_dagrun for example_bash_operator to 2024-03-16 00:00:00+00:00, run_after=2024-03-17 00:00:00+00:00
[2024-03-17T10:39:18.421+0500] {processor.py:183} INFO - Processing /home/muhammadsami/Public/Projects/Airflow/DataPipelineswithApacheAirflow/.env/lib/python3.8/site-packages/airflow/example_dags/example_bash_operator.py took 0.174 seconds
[2024-03-17T10:40:27.613+0500] {processor.py:161} INFO - Started process (PID=21452) to work on /home/muhammadsami/Public/Projects/Airflow/DataPipelineswithApacheAirflow/.env/lib/python3.8/site-packages/airflow/example_dags/example_bash_operator.py
[2024-03-17T10:40:27.614+0500] {processor.py:830} INFO - Processing file /home/muhammadsami/Public/Projects/Airflow/DataPipelineswithApacheAirflow/.env/lib/python3.8/site-packages/airflow/example_dags/example_bash_operator.py for tasks to queue
[2024-03-17T10:40:27.615+0500] {logging_mixin.py:188} INFO - [2024-03-17T10:40:27.615+0500] {dagbag.py:540} INFO - Filling up the DagBag from /home/muhammadsami/Public/Projects/Airflow/DataPipelineswithApacheAirflow/.env/lib/python3.8/site-packages/airflow/example_dags/example_bash_operator.py
[2024-03-17T10:40:27.627+0500] {processor.py:840} INFO - DAG(s) 'example_bash_operator' retrieved from /home/muhammadsami/Public/Projects/Airflow/DataPipelineswithApacheAirflow/.env/lib/python3.8/site-packages/airflow/example_dags/example_bash_operator.py
[2024-03-17T10:40:27.648+0500] {logging_mixin.py:188} INFO - [2024-03-17T10:40:27.648+0500] {dag.py:3047} INFO - Sync 1 DAGs
[2024-03-17T10:40:27.666+0500] {logging_mixin.py:188} INFO - [2024-03-17T10:40:27.666+0500] {dag.py:3834} INFO - Setting next_dagrun for example_bash_operator to 2024-03-16 00:00:00+00:00, run_after=2024-03-17 00:00:00+00:00
[2024-03-17T10:40:27.767+0500] {processor.py:183} INFO - Processing /home/muhammadsami/Public/Projects/Airflow/DataPipelineswithApacheAirflow/.env/lib/python3.8/site-packages/airflow/example_dags/example_bash_operator.py took 0.157 seconds
[2024-03-17T10:41:44.177+0500] {processor.py:161} INFO - Started process (PID=21706) to work on /home/muhammadsami/Public/Projects/Airflow/DataPipelineswithApacheAirflow/.env/lib/python3.8/site-packages/airflow/example_dags/example_bash_operator.py
[2024-03-17T10:41:44.205+0500] {processor.py:830} INFO - Processing file /home/muhammadsami/Public/Projects/Airflow/DataPipelineswithApacheAirflow/.env/lib/python3.8/site-packages/airflow/example_dags/example_bash_operator.py for tasks to queue
[2024-03-17T10:41:44.206+0500] {logging_mixin.py:188} INFO - [2024-03-17T10:41:44.206+0500] {dagbag.py:540} INFO - Filling up the DagBag from /home/muhammadsami/Public/Projects/Airflow/DataPipelineswithApacheAirflow/.env/lib/python3.8/site-packages/airflow/example_dags/example_bash_operator.py
[2024-03-17T10:41:44.216+0500] {processor.py:840} INFO - DAG(s) 'example_bash_operator' retrieved from /home/muhammadsami/Public/Projects/Airflow/DataPipelineswithApacheAirflow/.env/lib/python3.8/site-packages/airflow/example_dags/example_bash_operator.py
[2024-03-17T10:41:44.236+0500] {logging_mixin.py:188} INFO - [2024-03-17T10:41:44.236+0500] {dag.py:3047} INFO - Sync 1 DAGs
[2024-03-17T10:41:44.254+0500] {logging_mixin.py:188} INFO - [2024-03-17T10:41:44.254+0500] {dag.py:3834} INFO - Setting next_dagrun for example_bash_operator to 2024-03-16 00:00:00+00:00, run_after=2024-03-17 00:00:00+00:00
[2024-03-17T10:41:44.360+0500] {processor.py:183} INFO - Processing /home/muhammadsami/Public/Projects/Airflow/DataPipelineswithApacheAirflow/.env/lib/python3.8/site-packages/airflow/example_dags/example_bash_operator.py took 0.185 seconds
[2024-03-17T10:42:59.918+0500] {processor.py:161} INFO - Started process (PID=22023) to work on /home/muhammadsami/Public/Projects/Airflow/DataPipelineswithApacheAirflow/.env/lib/python3.8/site-packages/airflow/example_dags/example_bash_operator.py
[2024-03-17T10:42:59.919+0500] {processor.py:830} INFO - Processing file /home/muhammadsami/Public/Projects/Airflow/DataPipelineswithApacheAirflow/.env/lib/python3.8/site-packages/airflow/example_dags/example_bash_operator.py for tasks to queue
[2024-03-17T10:42:59.920+0500] {logging_mixin.py:188} INFO - [2024-03-17T10:42:59.920+0500] {dagbag.py:540} INFO - Filling up the DagBag from /home/muhammadsami/Public/Projects/Airflow/DataPipelineswithApacheAirflow/.env/lib/python3.8/site-packages/airflow/example_dags/example_bash_operator.py
[2024-03-17T10:42:59.932+0500] {processor.py:840} INFO - DAG(s) 'example_bash_operator' retrieved from /home/muhammadsami/Public/Projects/Airflow/DataPipelineswithApacheAirflow/.env/lib/python3.8/site-packages/airflow/example_dags/example_bash_operator.py
[2024-03-17T10:42:59.953+0500] {logging_mixin.py:188} INFO - [2024-03-17T10:42:59.953+0500] {dag.py:3047} INFO - Sync 1 DAGs
[2024-03-17T10:42:59.971+0500] {logging_mixin.py:188} INFO - [2024-03-17T10:42:59.971+0500] {dag.py:3834} INFO - Setting next_dagrun for example_bash_operator to 2024-03-16 00:00:00+00:00, run_after=2024-03-17 00:00:00+00:00
[2024-03-17T10:43:00.078+0500] {processor.py:183} INFO - Processing /home/muhammadsami/Public/Projects/Airflow/DataPipelineswithApacheAirflow/.env/lib/python3.8/site-packages/airflow/example_dags/example_bash_operator.py took 0.163 seconds
[2024-03-17T10:43:56.302+0500] {processor.py:161} INFO - Started process (PID=22336) to work on /home/muhammadsami/Public/Projects/Airflow/DataPipelineswithApacheAirflow/.env/lib/python3.8/site-packages/airflow/example_dags/example_bash_operator.py
[2024-03-17T10:43:56.320+0500] {processor.py:830} INFO - Processing file /home/muhammadsami/Public/Projects/Airflow/DataPipelineswithApacheAirflow/.env/lib/python3.8/site-packages/airflow/example_dags/example_bash_operator.py for tasks to queue
[2024-03-17T10:43:56.321+0500] {logging_mixin.py:188} INFO - [2024-03-17T10:43:56.321+0500] {dagbag.py:540} INFO - Filling up the DagBag from /home/muhammadsami/Public/Projects/Airflow/DataPipelineswithApacheAirflow/.env/lib/python3.8/site-packages/airflow/example_dags/example_bash_operator.py
[2024-03-17T10:43:56.331+0500] {processor.py:840} INFO - DAG(s) 'example_bash_operator' retrieved from /home/muhammadsami/Public/Projects/Airflow/DataPipelineswithApacheAirflow/.env/lib/python3.8/site-packages/airflow/example_dags/example_bash_operator.py
[2024-03-17T10:43:56.354+0500] {logging_mixin.py:188} INFO - [2024-03-17T10:43:56.354+0500] {dag.py:3047} INFO - Sync 1 DAGs
[2024-03-17T10:43:56.373+0500] {logging_mixin.py:188} INFO - [2024-03-17T10:43:56.373+0500] {dag.py:3834} INFO - Setting next_dagrun for example_bash_operator to 2024-03-16 00:00:00+00:00, run_after=2024-03-17 00:00:00+00:00
[2024-03-17T10:43:56.474+0500] {processor.py:183} INFO - Processing /home/muhammadsami/Public/Projects/Airflow/DataPipelineswithApacheAirflow/.env/lib/python3.8/site-packages/airflow/example_dags/example_bash_operator.py took 0.175 seconds
[2024-03-17T10:45:09.780+0500] {processor.py:161} INFO - Started process (PID=22485) to work on /home/muhammadsami/Public/Projects/Airflow/DataPipelineswithApacheAirflow/.env/lib/python3.8/site-packages/airflow/example_dags/example_bash_operator.py
[2024-03-17T10:45:09.808+0500] {processor.py:830} INFO - Processing file /home/muhammadsami/Public/Projects/Airflow/DataPipelineswithApacheAirflow/.env/lib/python3.8/site-packages/airflow/example_dags/example_bash_operator.py for tasks to queue
[2024-03-17T10:45:09.809+0500] {logging_mixin.py:188} INFO - [2024-03-17T10:45:09.808+0500] {dagbag.py:540} INFO - Filling up the DagBag from /home/muhammadsami/Public/Projects/Airflow/DataPipelineswithApacheAirflow/.env/lib/python3.8/site-packages/airflow/example_dags/example_bash_operator.py
[2024-03-17T10:45:09.819+0500] {processor.py:840} INFO - DAG(s) 'example_bash_operator' retrieved from /home/muhammadsami/Public/Projects/Airflow/DataPipelineswithApacheAirflow/.env/lib/python3.8/site-packages/airflow/example_dags/example_bash_operator.py
[2024-03-17T10:45:09.841+0500] {logging_mixin.py:188} INFO - [2024-03-17T10:45:09.841+0500] {dag.py:3047} INFO - Sync 1 DAGs
[2024-03-17T10:45:09.859+0500] {logging_mixin.py:188} INFO - [2024-03-17T10:45:09.858+0500] {dag.py:3834} INFO - Setting next_dagrun for example_bash_operator to 2024-03-16 00:00:00+00:00, run_after=2024-03-17 00:00:00+00:00
[2024-03-17T10:45:09.974+0500] {processor.py:183} INFO - Processing /home/muhammadsami/Public/Projects/Airflow/DataPipelineswithApacheAirflow/.env/lib/python3.8/site-packages/airflow/example_dags/example_bash_operator.py took 0.197 seconds
[2024-03-17T10:46:03.282+0500] {processor.py:161} INFO - Started process (PID=22608) to work on /home/muhammadsami/Public/Projects/Airflow/DataPipelineswithApacheAirflow/.env/lib/python3.8/site-packages/airflow/example_dags/example_bash_operator.py
[2024-03-17T10:46:03.322+0500] {processor.py:830} INFO - Processing file /home/muhammadsami/Public/Projects/Airflow/DataPipelineswithApacheAirflow/.env/lib/python3.8/site-packages/airflow/example_dags/example_bash_operator.py for tasks to queue
[2024-03-17T10:46:03.323+0500] {logging_mixin.py:188} INFO - [2024-03-17T10:46:03.322+0500] {dagbag.py:540} INFO - Filling up the DagBag from /home/muhammadsami/Public/Projects/Airflow/DataPipelineswithApacheAirflow/.env/lib/python3.8/site-packages/airflow/example_dags/example_bash_operator.py
[2024-03-17T10:46:03.333+0500] {processor.py:840} INFO - DAG(s) 'example_bash_operator' retrieved from /home/muhammadsami/Public/Projects/Airflow/DataPipelineswithApacheAirflow/.env/lib/python3.8/site-packages/airflow/example_dags/example_bash_operator.py
[2024-03-17T10:46:03.355+0500] {logging_mixin.py:188} INFO - [2024-03-17T10:46:03.355+0500] {dag.py:3047} INFO - Sync 1 DAGs
[2024-03-17T10:46:03.377+0500] {logging_mixin.py:188} INFO - [2024-03-17T10:46:03.377+0500] {dag.py:3834} INFO - Setting next_dagrun for example_bash_operator to 2024-03-16 00:00:00+00:00, run_after=2024-03-17 00:00:00+00:00
[2024-03-17T10:46:03.480+0500] {processor.py:183} INFO - Processing /home/muhammadsami/Public/Projects/Airflow/DataPipelineswithApacheAirflow/.env/lib/python3.8/site-packages/airflow/example_dags/example_bash_operator.py took 0.201 seconds
[2024-03-17T10:46:56.079+0500] {processor.py:161} INFO - Started process (PID=22725) to work on /home/muhammadsami/Public/Projects/Airflow/DataPipelineswithApacheAirflow/.env/lib/python3.8/site-packages/airflow/example_dags/example_bash_operator.py
[2024-03-17T10:46:56.098+0500] {processor.py:830} INFO - Processing file /home/muhammadsami/Public/Projects/Airflow/DataPipelineswithApacheAirflow/.env/lib/python3.8/site-packages/airflow/example_dags/example_bash_operator.py for tasks to queue
[2024-03-17T10:46:56.099+0500] {logging_mixin.py:188} INFO - [2024-03-17T10:46:56.098+0500] {dagbag.py:540} INFO - Filling up the DagBag from /home/muhammadsami/Public/Projects/Airflow/DataPipelineswithApacheAirflow/.env/lib/python3.8/site-packages/airflow/example_dags/example_bash_operator.py
[2024-03-17T10:46:56.108+0500] {processor.py:840} INFO - DAG(s) 'example_bash_operator' retrieved from /home/muhammadsami/Public/Projects/Airflow/DataPipelineswithApacheAirflow/.env/lib/python3.8/site-packages/airflow/example_dags/example_bash_operator.py
[2024-03-17T10:46:56.141+0500] {logging_mixin.py:188} INFO - [2024-03-17T10:46:56.141+0500] {dag.py:3047} INFO - Sync 1 DAGs
[2024-03-17T10:46:56.163+0500] {logging_mixin.py:188} INFO - [2024-03-17T10:46:56.163+0500] {dag.py:3834} INFO - Setting next_dagrun for example_bash_operator to 2024-03-16 00:00:00+00:00, run_after=2024-03-17 00:00:00+00:00
[2024-03-17T10:46:56.266+0500] {processor.py:183} INFO - Processing /home/muhammadsami/Public/Projects/Airflow/DataPipelineswithApacheAirflow/.env/lib/python3.8/site-packages/airflow/example_dags/example_bash_operator.py took 0.190 seconds
[2024-03-17T10:48:15.060+0500] {processor.py:161} INFO - Started process (PID=22866) to work on /home/muhammadsami/Public/Projects/Airflow/DataPipelineswithApacheAirflow/.env/lib/python3.8/site-packages/airflow/example_dags/example_bash_operator.py
[2024-03-17T10:48:15.074+0500] {processor.py:830} INFO - Processing file /home/muhammadsami/Public/Projects/Airflow/DataPipelineswithApacheAirflow/.env/lib/python3.8/site-packages/airflow/example_dags/example_bash_operator.py for tasks to queue
[2024-03-17T10:48:15.075+0500] {logging_mixin.py:188} INFO - [2024-03-17T10:48:15.075+0500] {dagbag.py:540} INFO - Filling up the DagBag from /home/muhammadsami/Public/Projects/Airflow/DataPipelineswithApacheAirflow/.env/lib/python3.8/site-packages/airflow/example_dags/example_bash_operator.py
[2024-03-17T10:48:15.085+0500] {processor.py:840} INFO - DAG(s) 'example_bash_operator' retrieved from /home/muhammadsami/Public/Projects/Airflow/DataPipelineswithApacheAirflow/.env/lib/python3.8/site-packages/airflow/example_dags/example_bash_operator.py
[2024-03-17T10:48:15.105+0500] {logging_mixin.py:188} INFO - [2024-03-17T10:48:15.105+0500] {dag.py:3047} INFO - Sync 1 DAGs
[2024-03-17T10:48:15.126+0500] {logging_mixin.py:188} INFO - [2024-03-17T10:48:15.126+0500] {dag.py:3834} INFO - Setting next_dagrun for example_bash_operator to 2024-03-16 00:00:00+00:00, run_after=2024-03-17 00:00:00+00:00
[2024-03-17T10:48:15.223+0500] {processor.py:183} INFO - Processing /home/muhammadsami/Public/Projects/Airflow/DataPipelineswithApacheAirflow/.env/lib/python3.8/site-packages/airflow/example_dags/example_bash_operator.py took 0.166 seconds
[2024-03-17T10:50:13.393+0500] {processor.py:161} INFO - Started process (PID=23790) to work on /home/muhammadsami/Public/Projects/Airflow/DataPipelineswithApacheAirflow/.env/lib/python3.8/site-packages/airflow/example_dags/example_bash_operator.py
[2024-03-17T10:50:13.498+0500] {processor.py:830} INFO - Processing file /home/muhammadsami/Public/Projects/Airflow/DataPipelineswithApacheAirflow/.env/lib/python3.8/site-packages/airflow/example_dags/example_bash_operator.py for tasks to queue
[2024-03-17T10:50:13.500+0500] {logging_mixin.py:188} INFO - [2024-03-17T10:50:13.499+0500] {dagbag.py:540} INFO - Filling up the DagBag from /home/muhammadsami/Public/Projects/Airflow/DataPipelineswithApacheAirflow/.env/lib/python3.8/site-packages/airflow/example_dags/example_bash_operator.py
[2024-03-17T10:50:13.510+0500] {processor.py:840} INFO - DAG(s) 'example_bash_operator' retrieved from /home/muhammadsami/Public/Projects/Airflow/DataPipelineswithApacheAirflow/.env/lib/python3.8/site-packages/airflow/example_dags/example_bash_operator.py
[2024-03-17T10:50:13.530+0500] {logging_mixin.py:188} INFO - [2024-03-17T10:50:13.529+0500] {dag.py:3047} INFO - Sync 1 DAGs
[2024-03-17T10:50:13.548+0500] {logging_mixin.py:188} INFO - [2024-03-17T10:50:13.548+0500] {dag.py:3834} INFO - Setting next_dagrun for example_bash_operator to 2024-03-16 00:00:00+00:00, run_after=2024-03-17 00:00:00+00:00
[2024-03-17T10:50:13.876+0500] {processor.py:183} INFO - Processing /home/muhammadsami/Public/Projects/Airflow/DataPipelineswithApacheAirflow/.env/lib/python3.8/site-packages/airflow/example_dags/example_bash_operator.py took 0.485 seconds
[2024-03-17T10:51:16.086+0500] {processor.py:161} INFO - Started process (PID=24101) to work on /home/muhammadsami/Public/Projects/Airflow/DataPipelineswithApacheAirflow/.env/lib/python3.8/site-packages/airflow/example_dags/example_bash_operator.py
[2024-03-17T10:51:16.097+0500] {processor.py:830} INFO - Processing file /home/muhammadsami/Public/Projects/Airflow/DataPipelineswithApacheAirflow/.env/lib/python3.8/site-packages/airflow/example_dags/example_bash_operator.py for tasks to queue
[2024-03-17T10:51:16.098+0500] {logging_mixin.py:188} INFO - [2024-03-17T10:51:16.098+0500] {dagbag.py:540} INFO - Filling up the DagBag from /home/muhammadsami/Public/Projects/Airflow/DataPipelineswithApacheAirflow/.env/lib/python3.8/site-packages/airflow/example_dags/example_bash_operator.py
[2024-03-17T10:51:16.108+0500] {processor.py:840} INFO - DAG(s) 'example_bash_operator' retrieved from /home/muhammadsami/Public/Projects/Airflow/DataPipelineswithApacheAirflow/.env/lib/python3.8/site-packages/airflow/example_dags/example_bash_operator.py
[2024-03-17T10:51:16.128+0500] {logging_mixin.py:188} INFO - [2024-03-17T10:51:16.128+0500] {dag.py:3047} INFO - Sync 1 DAGs
[2024-03-17T10:51:16.146+0500] {logging_mixin.py:188} INFO - [2024-03-17T10:51:16.146+0500] {dag.py:3834} INFO - Setting next_dagrun for example_bash_operator to 2024-03-16 00:00:00+00:00, run_after=2024-03-17 00:00:00+00:00
[2024-03-17T10:51:16.239+0500] {processor.py:183} INFO - Processing /home/muhammadsami/Public/Projects/Airflow/DataPipelineswithApacheAirflow/.env/lib/python3.8/site-packages/airflow/example_dags/example_bash_operator.py took 0.156 seconds
[2024-03-17T10:52:32.213+0500] {processor.py:161} INFO - Started process (PID=24300) to work on /home/muhammadsami/Public/Projects/Airflow/DataPipelineswithApacheAirflow/.env/lib/python3.8/site-packages/airflow/example_dags/example_bash_operator.py
[2024-03-17T10:52:32.224+0500] {processor.py:830} INFO - Processing file /home/muhammadsami/Public/Projects/Airflow/DataPipelineswithApacheAirflow/.env/lib/python3.8/site-packages/airflow/example_dags/example_bash_operator.py for tasks to queue
[2024-03-17T10:52:32.225+0500] {logging_mixin.py:188} INFO - [2024-03-17T10:52:32.224+0500] {dagbag.py:540} INFO - Filling up the DagBag from /home/muhammadsami/Public/Projects/Airflow/DataPipelineswithApacheAirflow/.env/lib/python3.8/site-packages/airflow/example_dags/example_bash_operator.py
[2024-03-17T10:52:32.234+0500] {processor.py:840} INFO - DAG(s) 'example_bash_operator' retrieved from /home/muhammadsami/Public/Projects/Airflow/DataPipelineswithApacheAirflow/.env/lib/python3.8/site-packages/airflow/example_dags/example_bash_operator.py
[2024-03-17T10:52:32.254+0500] {logging_mixin.py:188} INFO - [2024-03-17T10:52:32.254+0500] {dag.py:3047} INFO - Sync 1 DAGs
[2024-03-17T10:52:32.272+0500] {logging_mixin.py:188} INFO - [2024-03-17T10:52:32.272+0500] {dag.py:3834} INFO - Setting next_dagrun for example_bash_operator to 2024-03-16 00:00:00+00:00, run_after=2024-03-17 00:00:00+00:00
[2024-03-17T10:52:32.375+0500] {processor.py:183} INFO - Processing /home/muhammadsami/Public/Projects/Airflow/DataPipelineswithApacheAirflow/.env/lib/python3.8/site-packages/airflow/example_dags/example_bash_operator.py took 0.165 seconds
[2024-03-17T10:53:25.953+0500] {processor.py:161} INFO - Started process (PID=24415) to work on /home/muhammadsami/Public/Projects/Airflow/DataPipelineswithApacheAirflow/.env/lib/python3.8/site-packages/airflow/example_dags/example_bash_operator.py
[2024-03-17T10:53:25.963+0500] {processor.py:830} INFO - Processing file /home/muhammadsami/Public/Projects/Airflow/DataPipelineswithApacheAirflow/.env/lib/python3.8/site-packages/airflow/example_dags/example_bash_operator.py for tasks to queue
[2024-03-17T10:53:25.964+0500] {logging_mixin.py:188} INFO - [2024-03-17T10:53:25.963+0500] {dagbag.py:540} INFO - Filling up the DagBag from /home/muhammadsami/Public/Projects/Airflow/DataPipelineswithApacheAirflow/.env/lib/python3.8/site-packages/airflow/example_dags/example_bash_operator.py
[2024-03-17T10:53:25.974+0500] {processor.py:840} INFO - DAG(s) 'example_bash_operator' retrieved from /home/muhammadsami/Public/Projects/Airflow/DataPipelineswithApacheAirflow/.env/lib/python3.8/site-packages/airflow/example_dags/example_bash_operator.py
[2024-03-17T10:53:25.993+0500] {logging_mixin.py:188} INFO - [2024-03-17T10:53:25.993+0500] {dag.py:3047} INFO - Sync 1 DAGs
[2024-03-17T10:53:26.011+0500] {logging_mixin.py:188} INFO - [2024-03-17T10:53:26.011+0500] {dag.py:3834} INFO - Setting next_dagrun for example_bash_operator to 2024-03-16 00:00:00+00:00, run_after=2024-03-17 00:00:00+00:00
[2024-03-17T10:53:26.110+0500] {processor.py:183} INFO - Processing /home/muhammadsami/Public/Projects/Airflow/DataPipelineswithApacheAirflow/.env/lib/python3.8/site-packages/airflow/example_dags/example_bash_operator.py took 0.159 seconds
[2024-03-17T10:54:21.412+0500] {processor.py:161} INFO - Started process (PID=24545) to work on /home/muhammadsami/Public/Projects/Airflow/DataPipelineswithApacheAirflow/.env/lib/python3.8/site-packages/airflow/example_dags/example_bash_operator.py
[2024-03-17T10:54:21.422+0500] {processor.py:830} INFO - Processing file /home/muhammadsami/Public/Projects/Airflow/DataPipelineswithApacheAirflow/.env/lib/python3.8/site-packages/airflow/example_dags/example_bash_operator.py for tasks to queue
[2024-03-17T10:54:21.424+0500] {logging_mixin.py:188} INFO - [2024-03-17T10:54:21.424+0500] {dagbag.py:540} INFO - Filling up the DagBag from /home/muhammadsami/Public/Projects/Airflow/DataPipelineswithApacheAirflow/.env/lib/python3.8/site-packages/airflow/example_dags/example_bash_operator.py
[2024-03-17T10:54:21.436+0500] {processor.py:840} INFO - DAG(s) 'example_bash_operator' retrieved from /home/muhammadsami/Public/Projects/Airflow/DataPipelineswithApacheAirflow/.env/lib/python3.8/site-packages/airflow/example_dags/example_bash_operator.py
[2024-03-17T10:54:21.460+0500] {logging_mixin.py:188} INFO - [2024-03-17T10:54:21.460+0500] {dag.py:3047} INFO - Sync 1 DAGs
[2024-03-17T10:54:21.481+0500] {logging_mixin.py:188} INFO - [2024-03-17T10:54:21.481+0500] {dag.py:3834} INFO - Setting next_dagrun for example_bash_operator to 2024-03-16 00:00:00+00:00, run_after=2024-03-17 00:00:00+00:00
[2024-03-17T10:54:21.579+0500] {processor.py:183} INFO - Processing /home/muhammadsami/Public/Projects/Airflow/DataPipelineswithApacheAirflow/.env/lib/python3.8/site-packages/airflow/example_dags/example_bash_operator.py took 0.169 seconds
[2024-03-17T10:55:18.802+0500] {processor.py:161} INFO - Started process (PID=24762) to work on /home/muhammadsami/Public/Projects/Airflow/DataPipelineswithApacheAirflow/.env/lib/python3.8/site-packages/airflow/example_dags/example_bash_operator.py
[2024-03-17T10:55:18.804+0500] {processor.py:830} INFO - Processing file /home/muhammadsami/Public/Projects/Airflow/DataPipelineswithApacheAirflow/.env/lib/python3.8/site-packages/airflow/example_dags/example_bash_operator.py for tasks to queue
[2024-03-17T10:55:18.806+0500] {logging_mixin.py:188} INFO - [2024-03-17T10:55:18.805+0500] {dagbag.py:540} INFO - Filling up the DagBag from /home/muhammadsami/Public/Projects/Airflow/DataPipelineswithApacheAirflow/.env/lib/python3.8/site-packages/airflow/example_dags/example_bash_operator.py
[2024-03-17T10:55:18.819+0500] {processor.py:840} INFO - DAG(s) 'example_bash_operator' retrieved from /home/muhammadsami/Public/Projects/Airflow/DataPipelineswithApacheAirflow/.env/lib/python3.8/site-packages/airflow/example_dags/example_bash_operator.py
[2024-03-17T10:55:18.847+0500] {logging_mixin.py:188} INFO - [2024-03-17T10:55:18.847+0500] {dag.py:3047} INFO - Sync 1 DAGs
[2024-03-17T10:55:18.876+0500] {logging_mixin.py:188} INFO - [2024-03-17T10:55:18.876+0500] {dag.py:3834} INFO - Setting next_dagrun for example_bash_operator to 2024-03-16 00:00:00+00:00, run_after=2024-03-17 00:00:00+00:00
[2024-03-17T10:55:18.985+0500] {processor.py:183} INFO - Processing /home/muhammadsami/Public/Projects/Airflow/DataPipelineswithApacheAirflow/.env/lib/python3.8/site-packages/airflow/example_dags/example_bash_operator.py took 0.185 seconds
[2024-03-17T10:56:34.102+0500] {processor.py:161} INFO - Started process (PID=25181) to work on /home/muhammadsami/Public/Projects/Airflow/DataPipelineswithApacheAirflow/.env/lib/python3.8/site-packages/airflow/example_dags/example_bash_operator.py
[2024-03-17T10:56:34.103+0500] {processor.py:830} INFO - Processing file /home/muhammadsami/Public/Projects/Airflow/DataPipelineswithApacheAirflow/.env/lib/python3.8/site-packages/airflow/example_dags/example_bash_operator.py for tasks to queue
[2024-03-17T10:56:34.104+0500] {logging_mixin.py:188} INFO - [2024-03-17T10:56:34.104+0500] {dagbag.py:540} INFO - Filling up the DagBag from /home/muhammadsami/Public/Projects/Airflow/DataPipelineswithApacheAirflow/.env/lib/python3.8/site-packages/airflow/example_dags/example_bash_operator.py
[2024-03-17T10:56:34.114+0500] {processor.py:840} INFO - DAG(s) 'example_bash_operator' retrieved from /home/muhammadsami/Public/Projects/Airflow/DataPipelineswithApacheAirflow/.env/lib/python3.8/site-packages/airflow/example_dags/example_bash_operator.py
[2024-03-17T10:56:34.135+0500] {logging_mixin.py:188} INFO - [2024-03-17T10:56:34.134+0500] {dag.py:3047} INFO - Sync 1 DAGs
[2024-03-17T10:56:34.152+0500] {logging_mixin.py:188} INFO - [2024-03-17T10:56:34.152+0500] {dag.py:3834} INFO - Setting next_dagrun for example_bash_operator to 2024-03-16 00:00:00+00:00, run_after=2024-03-17 00:00:00+00:00
[2024-03-17T10:56:34.255+0500] {processor.py:183} INFO - Processing /home/muhammadsami/Public/Projects/Airflow/DataPipelineswithApacheAirflow/.env/lib/python3.8/site-packages/airflow/example_dags/example_bash_operator.py took 0.156 seconds
[2024-03-17T10:57:51.680+0500] {processor.py:161} INFO - Started process (PID=25557) to work on /home/muhammadsami/Public/Projects/Airflow/DataPipelineswithApacheAirflow/.env/lib/python3.8/site-packages/airflow/example_dags/example_bash_operator.py
[2024-03-17T10:57:51.687+0500] {processor.py:830} INFO - Processing file /home/muhammadsami/Public/Projects/Airflow/DataPipelineswithApacheAirflow/.env/lib/python3.8/site-packages/airflow/example_dags/example_bash_operator.py for tasks to queue
[2024-03-17T10:57:51.688+0500] {logging_mixin.py:188} INFO - [2024-03-17T10:57:51.688+0500] {dagbag.py:540} INFO - Filling up the DagBag from /home/muhammadsami/Public/Projects/Airflow/DataPipelineswithApacheAirflow/.env/lib/python3.8/site-packages/airflow/example_dags/example_bash_operator.py
[2024-03-17T10:57:51.700+0500] {processor.py:840} INFO - DAG(s) 'example_bash_operator' retrieved from /home/muhammadsami/Public/Projects/Airflow/DataPipelineswithApacheAirflow/.env/lib/python3.8/site-packages/airflow/example_dags/example_bash_operator.py
[2024-03-17T10:57:51.728+0500] {logging_mixin.py:188} INFO - [2024-03-17T10:57:51.728+0500] {dag.py:3047} INFO - Sync 1 DAGs
[2024-03-17T10:57:51.749+0500] {logging_mixin.py:188} INFO - [2024-03-17T10:57:51.749+0500] {dag.py:3834} INFO - Setting next_dagrun for example_bash_operator to 2024-03-16 00:00:00+00:00, run_after=2024-03-17 00:00:00+00:00
[2024-03-17T10:57:51.854+0500] {processor.py:183} INFO - Processing /home/muhammadsami/Public/Projects/Airflow/DataPipelineswithApacheAirflow/.env/lib/python3.8/site-packages/airflow/example_dags/example_bash_operator.py took 0.177 seconds
[2024-03-17T10:58:58.969+0500] {processor.py:161} INFO - Started process (PID=25950) to work on /home/muhammadsami/Public/Projects/Airflow/DataPipelineswithApacheAirflow/.env/lib/python3.8/site-packages/airflow/example_dags/example_bash_operator.py
[2024-03-17T10:58:58.983+0500] {processor.py:830} INFO - Processing file /home/muhammadsami/Public/Projects/Airflow/DataPipelineswithApacheAirflow/.env/lib/python3.8/site-packages/airflow/example_dags/example_bash_operator.py for tasks to queue
[2024-03-17T10:58:58.983+0500] {logging_mixin.py:188} INFO - [2024-03-17T10:58:58.983+0500] {dagbag.py:540} INFO - Filling up the DagBag from /home/muhammadsami/Public/Projects/Airflow/DataPipelineswithApacheAirflow/.env/lib/python3.8/site-packages/airflow/example_dags/example_bash_operator.py
[2024-03-17T10:58:58.994+0500] {processor.py:840} INFO - DAG(s) 'example_bash_operator' retrieved from /home/muhammadsami/Public/Projects/Airflow/DataPipelineswithApacheAirflow/.env/lib/python3.8/site-packages/airflow/example_dags/example_bash_operator.py
[2024-03-17T10:58:59.014+0500] {logging_mixin.py:188} INFO - [2024-03-17T10:58:59.014+0500] {dag.py:3047} INFO - Sync 1 DAGs
[2024-03-17T10:58:59.032+0500] {logging_mixin.py:188} INFO - [2024-03-17T10:58:59.032+0500] {dag.py:3834} INFO - Setting next_dagrun for example_bash_operator to 2024-03-16 00:00:00+00:00, run_after=2024-03-17 00:00:00+00:00
[2024-03-17T10:58:59.129+0500] {processor.py:183} INFO - Processing /home/muhammadsami/Public/Projects/Airflow/DataPipelineswithApacheAirflow/.env/lib/python3.8/site-packages/airflow/example_dags/example_bash_operator.py took 0.163 seconds
[2024-03-17T10:59:54.582+0500] {processor.py:161} INFO - Started process (PID=26279) to work on /home/muhammadsami/Public/Projects/Airflow/DataPipelineswithApacheAirflow/.env/lib/python3.8/site-packages/airflow/example_dags/example_bash_operator.py
[2024-03-17T10:59:54.583+0500] {processor.py:830} INFO - Processing file /home/muhammadsami/Public/Projects/Airflow/DataPipelineswithApacheAirflow/.env/lib/python3.8/site-packages/airflow/example_dags/example_bash_operator.py for tasks to queue
[2024-03-17T10:59:54.584+0500] {logging_mixin.py:188} INFO - [2024-03-17T10:59:54.584+0500] {dagbag.py:540} INFO - Filling up the DagBag from /home/muhammadsami/Public/Projects/Airflow/DataPipelineswithApacheAirflow/.env/lib/python3.8/site-packages/airflow/example_dags/example_bash_operator.py
[2024-03-17T10:59:54.594+0500] {processor.py:840} INFO - DAG(s) 'example_bash_operator' retrieved from /home/muhammadsami/Public/Projects/Airflow/DataPipelineswithApacheAirflow/.env/lib/python3.8/site-packages/airflow/example_dags/example_bash_operator.py
[2024-03-17T10:59:54.615+0500] {logging_mixin.py:188} INFO - [2024-03-17T10:59:54.615+0500] {dag.py:3047} INFO - Sync 1 DAGs
[2024-03-17T10:59:54.635+0500] {logging_mixin.py:188} INFO - [2024-03-17T10:59:54.634+0500] {dag.py:3834} INFO - Setting next_dagrun for example_bash_operator to 2024-03-16 00:00:00+00:00, run_after=2024-03-17 00:00:00+00:00
[2024-03-17T10:59:54.750+0500] {processor.py:183} INFO - Processing /home/muhammadsami/Public/Projects/Airflow/DataPipelineswithApacheAirflow/.env/lib/python3.8/site-packages/airflow/example_dags/example_bash_operator.py took 0.170 seconds
[2024-03-17T11:01:24.404+0500] {processor.py:161} INFO - Started process (PID=26758) to work on /home/muhammadsami/Public/Projects/Airflow/DataPipelineswithApacheAirflow/.env/lib/python3.8/site-packages/airflow/example_dags/example_bash_operator.py
[2024-03-17T11:01:24.406+0500] {processor.py:830} INFO - Processing file /home/muhammadsami/Public/Projects/Airflow/DataPipelineswithApacheAirflow/.env/lib/python3.8/site-packages/airflow/example_dags/example_bash_operator.py for tasks to queue
[2024-03-17T11:01:24.410+0500] {logging_mixin.py:188} INFO - [2024-03-17T11:01:24.409+0500] {dagbag.py:540} INFO - Filling up the DagBag from /home/muhammadsami/Public/Projects/Airflow/DataPipelineswithApacheAirflow/.env/lib/python3.8/site-packages/airflow/example_dags/example_bash_operator.py
[2024-03-17T11:01:24.424+0500] {processor.py:840} INFO - DAG(s) 'example_bash_operator' retrieved from /home/muhammadsami/Public/Projects/Airflow/DataPipelineswithApacheAirflow/.env/lib/python3.8/site-packages/airflow/example_dags/example_bash_operator.py
[2024-03-17T11:01:24.446+0500] {logging_mixin.py:188} INFO - [2024-03-17T11:01:24.446+0500] {dag.py:3047} INFO - Sync 1 DAGs
[2024-03-17T11:01:24.475+0500] {logging_mixin.py:188} INFO - [2024-03-17T11:01:24.475+0500] {dag.py:3834} INFO - Setting next_dagrun for example_bash_operator to 2024-03-16 00:00:00+00:00, run_after=2024-03-17 00:00:00+00:00
[2024-03-17T11:01:24.589+0500] {processor.py:183} INFO - Processing /home/muhammadsami/Public/Projects/Airflow/DataPipelineswithApacheAirflow/.env/lib/python3.8/site-packages/airflow/example_dags/example_bash_operator.py took 0.188 seconds
