[2024-03-17T08:52:20.302+0500] {processor.py:161} INFO - Started process (PID=6356) to work on /home/muhammadsami/Public/Projects/Airflow/DataPipelineswithApacheAirflow/.env/lib/python3.8/site-packages/airflow/example_dags/example_dag_decorator.py
[2024-03-17T08:52:20.304+0500] {processor.py:830} INFO - Processing file /home/muhammadsami/Public/Projects/Airflow/DataPipelineswithApacheAirflow/.env/lib/python3.8/site-packages/airflow/example_dags/example_dag_decorator.py for tasks to queue
[2024-03-17T08:52:20.306+0500] {logging_mixin.py:188} INFO - [2024-03-17T08:52:20.305+0500] {dagbag.py:540} INFO - Filling up the DagBag from /home/muhammadsami/Public/Projects/Airflow/DataPipelineswithApacheAirflow/.env/lib/python3.8/site-packages/airflow/example_dags/example_dag_decorator.py
[2024-03-17T08:52:20.504+0500] {processor.py:840} INFO - DAG(s) 'example_dag_decorator' retrieved from /home/muhammadsami/Public/Projects/Airflow/DataPipelineswithApacheAirflow/.env/lib/python3.8/site-packages/airflow/example_dags/example_dag_decorator.py
[2024-03-17T08:52:20.582+0500] {logging_mixin.py:188} INFO - [2024-03-17T08:52:20.582+0500] {dag.py:3047} INFO - Sync 1 DAGs
[2024-03-17T08:52:20.589+0500] {logging_mixin.py:188} INFO - [2024-03-17T08:52:20.589+0500] {dag.py:3834} INFO - Setting next_dagrun for example_dag_decorator to None, run_after=None
[2024-03-17T08:52:20.693+0500] {processor.py:183} INFO - Processing /home/muhammadsami/Public/Projects/Airflow/DataPipelineswithApacheAirflow/.env/lib/python3.8/site-packages/airflow/example_dags/example_dag_decorator.py took 0.394 seconds
[2024-03-17T08:53:24.240+0500] {processor.py:161} INFO - Started process (PID=6600) to work on /home/muhammadsami/Public/Projects/Airflow/DataPipelineswithApacheAirflow/.env/lib/python3.8/site-packages/airflow/example_dags/example_dag_decorator.py
[2024-03-17T08:53:24.258+0500] {processor.py:830} INFO - Processing file /home/muhammadsami/Public/Projects/Airflow/DataPipelineswithApacheAirflow/.env/lib/python3.8/site-packages/airflow/example_dags/example_dag_decorator.py for tasks to queue
[2024-03-17T08:53:24.259+0500] {logging_mixin.py:188} INFO - [2024-03-17T08:53:24.258+0500] {dagbag.py:540} INFO - Filling up the DagBag from /home/muhammadsami/Public/Projects/Airflow/DataPipelineswithApacheAirflow/.env/lib/python3.8/site-packages/airflow/example_dags/example_dag_decorator.py
[2024-03-17T08:53:24.410+0500] {processor.py:840} INFO - DAG(s) 'example_dag_decorator' retrieved from /home/muhammadsami/Public/Projects/Airflow/DataPipelineswithApacheAirflow/.env/lib/python3.8/site-packages/airflow/example_dags/example_dag_decorator.py
[2024-03-17T08:53:24.487+0500] {logging_mixin.py:188} INFO - [2024-03-17T08:53:24.487+0500] {dag.py:3047} INFO - Sync 1 DAGs
[2024-03-17T08:53:24.494+0500] {logging_mixin.py:188} INFO - [2024-03-17T08:53:24.494+0500] {dag.py:3834} INFO - Setting next_dagrun for example_dag_decorator to None, run_after=None
[2024-03-17T08:53:24.592+0500] {processor.py:183} INFO - Processing /home/muhammadsami/Public/Projects/Airflow/DataPipelineswithApacheAirflow/.env/lib/python3.8/site-packages/airflow/example_dags/example_dag_decorator.py took 0.353 seconds
[2024-03-17T08:54:41.166+0500] {processor.py:161} INFO - Started process (PID=7295) to work on /home/muhammadsami/Public/Projects/Airflow/DataPipelineswithApacheAirflow/.env/lib/python3.8/site-packages/airflow/example_dags/example_dag_decorator.py
[2024-03-17T08:54:41.168+0500] {processor.py:830} INFO - Processing file /home/muhammadsami/Public/Projects/Airflow/DataPipelineswithApacheAirflow/.env/lib/python3.8/site-packages/airflow/example_dags/example_dag_decorator.py for tasks to queue
[2024-03-17T08:54:41.169+0500] {logging_mixin.py:188} INFO - [2024-03-17T08:54:41.168+0500] {dagbag.py:540} INFO - Filling up the DagBag from /home/muhammadsami/Public/Projects/Airflow/DataPipelineswithApacheAirflow/.env/lib/python3.8/site-packages/airflow/example_dags/example_dag_decorator.py
[2024-03-17T08:54:41.240+0500] {processor.py:840} INFO - DAG(s) 'example_dag_decorator' retrieved from /home/muhammadsami/Public/Projects/Airflow/DataPipelineswithApacheAirflow/.env/lib/python3.8/site-packages/airflow/example_dags/example_dag_decorator.py
[2024-03-17T08:54:41.317+0500] {logging_mixin.py:188} INFO - [2024-03-17T08:54:41.317+0500] {dag.py:3047} INFO - Sync 1 DAGs
[2024-03-17T08:54:41.326+0500] {logging_mixin.py:188} INFO - [2024-03-17T08:54:41.326+0500] {dag.py:3834} INFO - Setting next_dagrun for example_dag_decorator to None, run_after=None
[2024-03-17T08:54:41.454+0500] {processor.py:183} INFO - Processing /home/muhammadsami/Public/Projects/Airflow/DataPipelineswithApacheAirflow/.env/lib/python3.8/site-packages/airflow/example_dags/example_dag_decorator.py took 0.290 seconds
[2024-03-17T08:55:36.120+0500] {processor.py:161} INFO - Started process (PID=7426) to work on /home/muhammadsami/Public/Projects/Airflow/DataPipelineswithApacheAirflow/.env/lib/python3.8/site-packages/airflow/example_dags/example_dag_decorator.py
[2024-03-17T08:55:36.123+0500] {processor.py:830} INFO - Processing file /home/muhammadsami/Public/Projects/Airflow/DataPipelineswithApacheAirflow/.env/lib/python3.8/site-packages/airflow/example_dags/example_dag_decorator.py for tasks to queue
[2024-03-17T08:55:36.124+0500] {logging_mixin.py:188} INFO - [2024-03-17T08:55:36.123+0500] {dagbag.py:540} INFO - Filling up the DagBag from /home/muhammadsami/Public/Projects/Airflow/DataPipelineswithApacheAirflow/.env/lib/python3.8/site-packages/airflow/example_dags/example_dag_decorator.py
[2024-03-17T08:55:36.197+0500] {processor.py:840} INFO - DAG(s) 'example_dag_decorator' retrieved from /home/muhammadsami/Public/Projects/Airflow/DataPipelineswithApacheAirflow/.env/lib/python3.8/site-packages/airflow/example_dags/example_dag_decorator.py
[2024-03-17T08:55:36.278+0500] {logging_mixin.py:188} INFO - [2024-03-17T08:55:36.278+0500] {dag.py:3047} INFO - Sync 1 DAGs
[2024-03-17T08:55:36.288+0500] {logging_mixin.py:188} INFO - [2024-03-17T08:55:36.288+0500] {dag.py:3834} INFO - Setting next_dagrun for example_dag_decorator to None, run_after=None
[2024-03-17T08:55:36.436+0500] {processor.py:183} INFO - Processing /home/muhammadsami/Public/Projects/Airflow/DataPipelineswithApacheAirflow/.env/lib/python3.8/site-packages/airflow/example_dags/example_dag_decorator.py took 0.318 seconds
[2024-03-17T08:56:46.202+0500] {processor.py:161} INFO - Started process (PID=7646) to work on /home/muhammadsami/Public/Projects/Airflow/DataPipelineswithApacheAirflow/.env/lib/python3.8/site-packages/airflow/example_dags/example_dag_decorator.py
[2024-03-17T08:56:46.203+0500] {processor.py:830} INFO - Processing file /home/muhammadsami/Public/Projects/Airflow/DataPipelineswithApacheAirflow/.env/lib/python3.8/site-packages/airflow/example_dags/example_dag_decorator.py for tasks to queue
[2024-03-17T08:56:46.204+0500] {logging_mixin.py:188} INFO - [2024-03-17T08:56:46.204+0500] {dagbag.py:540} INFO - Filling up the DagBag from /home/muhammadsami/Public/Projects/Airflow/DataPipelineswithApacheAirflow/.env/lib/python3.8/site-packages/airflow/example_dags/example_dag_decorator.py
[2024-03-17T08:56:46.281+0500] {processor.py:840} INFO - DAG(s) 'example_dag_decorator' retrieved from /home/muhammadsami/Public/Projects/Airflow/DataPipelineswithApacheAirflow/.env/lib/python3.8/site-packages/airflow/example_dags/example_dag_decorator.py
[2024-03-17T08:56:46.359+0500] {logging_mixin.py:188} INFO - [2024-03-17T08:56:46.359+0500] {dag.py:3047} INFO - Sync 1 DAGs
[2024-03-17T08:56:46.368+0500] {logging_mixin.py:188} INFO - [2024-03-17T08:56:46.368+0500] {dag.py:3834} INFO - Setting next_dagrun for example_dag_decorator to None, run_after=None
[2024-03-17T08:56:46.505+0500] {processor.py:183} INFO - Processing /home/muhammadsami/Public/Projects/Airflow/DataPipelineswithApacheAirflow/.env/lib/python3.8/site-packages/airflow/example_dags/example_dag_decorator.py took 0.305 seconds
[2024-03-17T08:57:41.375+0500] {processor.py:161} INFO - Started process (PID=7797) to work on /home/muhammadsami/Public/Projects/Airflow/DataPipelineswithApacheAirflow/.env/lib/python3.8/site-packages/airflow/example_dags/example_dag_decorator.py
[2024-03-17T08:57:41.376+0500] {processor.py:830} INFO - Processing file /home/muhammadsami/Public/Projects/Airflow/DataPipelineswithApacheAirflow/.env/lib/python3.8/site-packages/airflow/example_dags/example_dag_decorator.py for tasks to queue
[2024-03-17T08:57:41.377+0500] {logging_mixin.py:188} INFO - [2024-03-17T08:57:41.377+0500] {dagbag.py:540} INFO - Filling up the DagBag from /home/muhammadsami/Public/Projects/Airflow/DataPipelineswithApacheAirflow/.env/lib/python3.8/site-packages/airflow/example_dags/example_dag_decorator.py
[2024-03-17T08:57:41.465+0500] {processor.py:840} INFO - DAG(s) 'example_dag_decorator' retrieved from /home/muhammadsami/Public/Projects/Airflow/DataPipelineswithApacheAirflow/.env/lib/python3.8/site-packages/airflow/example_dags/example_dag_decorator.py
[2024-03-17T08:57:41.592+0500] {logging_mixin.py:188} INFO - [2024-03-17T08:57:41.592+0500] {dag.py:3047} INFO - Sync 1 DAGs
[2024-03-17T08:57:41.602+0500] {logging_mixin.py:188} INFO - [2024-03-17T08:57:41.602+0500] {dag.py:3834} INFO - Setting next_dagrun for example_dag_decorator to None, run_after=None
[2024-03-17T08:57:41.720+0500] {processor.py:183} INFO - Processing /home/muhammadsami/Public/Projects/Airflow/DataPipelineswithApacheAirflow/.env/lib/python3.8/site-packages/airflow/example_dags/example_dag_decorator.py took 0.347 seconds
[2024-03-17T08:59:01.526+0500] {processor.py:161} INFO - Started process (PID=7944) to work on /home/muhammadsami/Public/Projects/Airflow/DataPipelineswithApacheAirflow/.env/lib/python3.8/site-packages/airflow/example_dags/example_dag_decorator.py
[2024-03-17T08:59:01.539+0500] {processor.py:830} INFO - Processing file /home/muhammadsami/Public/Projects/Airflow/DataPipelineswithApacheAirflow/.env/lib/python3.8/site-packages/airflow/example_dags/example_dag_decorator.py for tasks to queue
[2024-03-17T08:59:01.539+0500] {logging_mixin.py:188} INFO - [2024-03-17T08:59:01.539+0500] {dagbag.py:540} INFO - Filling up the DagBag from /home/muhammadsami/Public/Projects/Airflow/DataPipelineswithApacheAirflow/.env/lib/python3.8/site-packages/airflow/example_dags/example_dag_decorator.py
[2024-03-17T08:59:01.609+0500] {processor.py:840} INFO - DAG(s) 'example_dag_decorator' retrieved from /home/muhammadsami/Public/Projects/Airflow/DataPipelineswithApacheAirflow/.env/lib/python3.8/site-packages/airflow/example_dags/example_dag_decorator.py
[2024-03-17T08:59:01.688+0500] {logging_mixin.py:188} INFO - [2024-03-17T08:59:01.688+0500] {dag.py:3047} INFO - Sync 1 DAGs
[2024-03-17T08:59:01.696+0500] {logging_mixin.py:188} INFO - [2024-03-17T08:59:01.696+0500] {dag.py:3834} INFO - Setting next_dagrun for example_dag_decorator to None, run_after=None
[2024-03-17T08:59:01.810+0500] {processor.py:183} INFO - Processing /home/muhammadsami/Public/Projects/Airflow/DataPipelineswithApacheAirflow/.env/lib/python3.8/site-packages/airflow/example_dags/example_dag_decorator.py took 0.287 seconds
[2024-03-17T08:59:55.901+0500] {processor.py:161} INFO - Started process (PID=8065) to work on /home/muhammadsami/Public/Projects/Airflow/DataPipelineswithApacheAirflow/.env/lib/python3.8/site-packages/airflow/example_dags/example_dag_decorator.py
[2024-03-17T08:59:55.902+0500] {processor.py:830} INFO - Processing file /home/muhammadsami/Public/Projects/Airflow/DataPipelineswithApacheAirflow/.env/lib/python3.8/site-packages/airflow/example_dags/example_dag_decorator.py for tasks to queue
[2024-03-17T08:59:55.903+0500] {logging_mixin.py:188} INFO - [2024-03-17T08:59:55.903+0500] {dagbag.py:540} INFO - Filling up the DagBag from /home/muhammadsami/Public/Projects/Airflow/DataPipelineswithApacheAirflow/.env/lib/python3.8/site-packages/airflow/example_dags/example_dag_decorator.py
[2024-03-17T08:59:55.973+0500] {processor.py:840} INFO - DAG(s) 'example_dag_decorator' retrieved from /home/muhammadsami/Public/Projects/Airflow/DataPipelineswithApacheAirflow/.env/lib/python3.8/site-packages/airflow/example_dags/example_dag_decorator.py
[2024-03-17T08:59:56.051+0500] {logging_mixin.py:188} INFO - [2024-03-17T08:59:56.051+0500] {dag.py:3047} INFO - Sync 1 DAGs
[2024-03-17T08:59:56.059+0500] {logging_mixin.py:188} INFO - [2024-03-17T08:59:56.059+0500] {dag.py:3834} INFO - Setting next_dagrun for example_dag_decorator to None, run_after=None
[2024-03-17T08:59:56.176+0500] {processor.py:183} INFO - Processing /home/muhammadsami/Public/Projects/Airflow/DataPipelineswithApacheAirflow/.env/lib/python3.8/site-packages/airflow/example_dags/example_dag_decorator.py took 0.277 seconds
[2024-03-17T09:01:15.119+0500] {processor.py:161} INFO - Started process (PID=8298) to work on /home/muhammadsami/Public/Projects/Airflow/DataPipelineswithApacheAirflow/.env/lib/python3.8/site-packages/airflow/example_dags/example_dag_decorator.py
[2024-03-17T09:01:15.120+0500] {processor.py:830} INFO - Processing file /home/muhammadsami/Public/Projects/Airflow/DataPipelineswithApacheAirflow/.env/lib/python3.8/site-packages/airflow/example_dags/example_dag_decorator.py for tasks to queue
[2024-03-17T09:01:15.121+0500] {logging_mixin.py:188} INFO - [2024-03-17T09:01:15.121+0500] {dagbag.py:540} INFO - Filling up the DagBag from /home/muhammadsami/Public/Projects/Airflow/DataPipelineswithApacheAirflow/.env/lib/python3.8/site-packages/airflow/example_dags/example_dag_decorator.py
[2024-03-17T09:01:15.192+0500] {processor.py:840} INFO - DAG(s) 'example_dag_decorator' retrieved from /home/muhammadsami/Public/Projects/Airflow/DataPipelineswithApacheAirflow/.env/lib/python3.8/site-packages/airflow/example_dags/example_dag_decorator.py
[2024-03-17T09:01:15.268+0500] {logging_mixin.py:188} INFO - [2024-03-17T09:01:15.267+0500] {dag.py:3047} INFO - Sync 1 DAGs
[2024-03-17T09:01:15.276+0500] {logging_mixin.py:188} INFO - [2024-03-17T09:01:15.276+0500] {dag.py:3834} INFO - Setting next_dagrun for example_dag_decorator to None, run_after=None
[2024-03-17T09:01:15.386+0500] {processor.py:183} INFO - Processing /home/muhammadsami/Public/Projects/Airflow/DataPipelineswithApacheAirflow/.env/lib/python3.8/site-packages/airflow/example_dags/example_dag_decorator.py took 0.270 seconds
[2024-03-17T09:02:30.754+0500] {processor.py:161} INFO - Started process (PID=8539) to work on /home/muhammadsami/Public/Projects/Airflow/DataPipelineswithApacheAirflow/.env/lib/python3.8/site-packages/airflow/example_dags/example_dag_decorator.py
[2024-03-17T09:02:30.767+0500] {processor.py:830} INFO - Processing file /home/muhammadsami/Public/Projects/Airflow/DataPipelineswithApacheAirflow/.env/lib/python3.8/site-packages/airflow/example_dags/example_dag_decorator.py for tasks to queue
[2024-03-17T09:02:30.768+0500] {logging_mixin.py:188} INFO - [2024-03-17T09:02:30.767+0500] {dagbag.py:540} INFO - Filling up the DagBag from /home/muhammadsami/Public/Projects/Airflow/DataPipelineswithApacheAirflow/.env/lib/python3.8/site-packages/airflow/example_dags/example_dag_decorator.py
[2024-03-17T09:02:30.844+0500] {processor.py:840} INFO - DAG(s) 'example_dag_decorator' retrieved from /home/muhammadsami/Public/Projects/Airflow/DataPipelineswithApacheAirflow/.env/lib/python3.8/site-packages/airflow/example_dags/example_dag_decorator.py
[2024-03-17T09:02:30.935+0500] {logging_mixin.py:188} INFO - [2024-03-17T09:02:30.935+0500] {dag.py:3047} INFO - Sync 1 DAGs
[2024-03-17T09:02:30.943+0500] {logging_mixin.py:188} INFO - [2024-03-17T09:02:30.943+0500] {dag.py:3834} INFO - Setting next_dagrun for example_dag_decorator to None, run_after=None
[2024-03-17T09:02:31.063+0500] {processor.py:183} INFO - Processing /home/muhammadsami/Public/Projects/Airflow/DataPipelineswithApacheAirflow/.env/lib/python3.8/site-packages/airflow/example_dags/example_dag_decorator.py took 0.311 seconds
[2024-03-17T09:03:26.225+0500] {processor.py:161} INFO - Started process (PID=8657) to work on /home/muhammadsami/Public/Projects/Airflow/DataPipelineswithApacheAirflow/.env/lib/python3.8/site-packages/airflow/example_dags/example_dag_decorator.py
[2024-03-17T09:03:26.235+0500] {processor.py:830} INFO - Processing file /home/muhammadsami/Public/Projects/Airflow/DataPipelineswithApacheAirflow/.env/lib/python3.8/site-packages/airflow/example_dags/example_dag_decorator.py for tasks to queue
[2024-03-17T09:03:26.235+0500] {logging_mixin.py:188} INFO - [2024-03-17T09:03:26.235+0500] {dagbag.py:540} INFO - Filling up the DagBag from /home/muhammadsami/Public/Projects/Airflow/DataPipelineswithApacheAirflow/.env/lib/python3.8/site-packages/airflow/example_dags/example_dag_decorator.py
[2024-03-17T09:03:26.312+0500] {processor.py:840} INFO - DAG(s) 'example_dag_decorator' retrieved from /home/muhammadsami/Public/Projects/Airflow/DataPipelineswithApacheAirflow/.env/lib/python3.8/site-packages/airflow/example_dags/example_dag_decorator.py
[2024-03-17T09:03:26.411+0500] {logging_mixin.py:188} INFO - [2024-03-17T09:03:26.411+0500] {dag.py:3047} INFO - Sync 1 DAGs
[2024-03-17T09:03:26.420+0500] {logging_mixin.py:188} INFO - [2024-03-17T09:03:26.420+0500] {dag.py:3834} INFO - Setting next_dagrun for example_dag_decorator to None, run_after=None
[2024-03-17T09:03:26.521+0500] {processor.py:183} INFO - Processing /home/muhammadsami/Public/Projects/Airflow/DataPipelineswithApacheAirflow/.env/lib/python3.8/site-packages/airflow/example_dags/example_dag_decorator.py took 0.298 seconds
[2024-03-17T09:04:41.599+0500] {processor.py:161} INFO - Started process (PID=8794) to work on /home/muhammadsami/Public/Projects/Airflow/DataPipelineswithApacheAirflow/.env/lib/python3.8/site-packages/airflow/example_dags/example_dag_decorator.py
[2024-03-17T09:04:41.601+0500] {processor.py:830} INFO - Processing file /home/muhammadsami/Public/Projects/Airflow/DataPipelineswithApacheAirflow/.env/lib/python3.8/site-packages/airflow/example_dags/example_dag_decorator.py for tasks to queue
[2024-03-17T09:04:41.602+0500] {logging_mixin.py:188} INFO - [2024-03-17T09:04:41.601+0500] {dagbag.py:540} INFO - Filling up the DagBag from /home/muhammadsami/Public/Projects/Airflow/DataPipelineswithApacheAirflow/.env/lib/python3.8/site-packages/airflow/example_dags/example_dag_decorator.py
[2024-03-17T09:04:41.673+0500] {processor.py:840} INFO - DAG(s) 'example_dag_decorator' retrieved from /home/muhammadsami/Public/Projects/Airflow/DataPipelineswithApacheAirflow/.env/lib/python3.8/site-packages/airflow/example_dags/example_dag_decorator.py
[2024-03-17T09:04:41.690+0500] {logging_mixin.py:188} INFO - [2024-03-17T09:04:41.689+0500] {dag.py:3047} INFO - Sync 1 DAGs
[2024-03-17T09:04:41.699+0500] {logging_mixin.py:188} INFO - [2024-03-17T09:04:41.699+0500] {dag.py:3834} INFO - Setting next_dagrun for example_dag_decorator to None, run_after=None
[2024-03-17T09:04:41.809+0500] {processor.py:183} INFO - Processing /home/muhammadsami/Public/Projects/Airflow/DataPipelineswithApacheAirflow/.env/lib/python3.8/site-packages/airflow/example_dags/example_dag_decorator.py took 0.212 seconds
[2024-03-17T09:05:57.159+0500] {processor.py:161} INFO - Started process (PID=8957) to work on /home/muhammadsami/Public/Projects/Airflow/DataPipelineswithApacheAirflow/.env/lib/python3.8/site-packages/airflow/example_dags/example_dag_decorator.py
[2024-03-17T09:05:57.164+0500] {processor.py:830} INFO - Processing file /home/muhammadsami/Public/Projects/Airflow/DataPipelineswithApacheAirflow/.env/lib/python3.8/site-packages/airflow/example_dags/example_dag_decorator.py for tasks to queue
[2024-03-17T09:05:57.165+0500] {logging_mixin.py:188} INFO - [2024-03-17T09:05:57.165+0500] {dagbag.py:540} INFO - Filling up the DagBag from /home/muhammadsami/Public/Projects/Airflow/DataPipelineswithApacheAirflow/.env/lib/python3.8/site-packages/airflow/example_dags/example_dag_decorator.py
[2024-03-17T09:05:57.237+0500] {processor.py:840} INFO - DAG(s) 'example_dag_decorator' retrieved from /home/muhammadsami/Public/Projects/Airflow/DataPipelineswithApacheAirflow/.env/lib/python3.8/site-packages/airflow/example_dags/example_dag_decorator.py
[2024-03-17T09:05:57.315+0500] {logging_mixin.py:188} INFO - [2024-03-17T09:05:57.315+0500] {dag.py:3047} INFO - Sync 1 DAGs
[2024-03-17T09:05:57.323+0500] {logging_mixin.py:188} INFO - [2024-03-17T09:05:57.323+0500] {dag.py:3834} INFO - Setting next_dagrun for example_dag_decorator to None, run_after=None
[2024-03-17T09:05:57.426+0500] {processor.py:183} INFO - Processing /home/muhammadsami/Public/Projects/Airflow/DataPipelineswithApacheAirflow/.env/lib/python3.8/site-packages/airflow/example_dags/example_dag_decorator.py took 0.269 seconds
[2024-03-17T09:06:51.201+0500] {processor.py:161} INFO - Started process (PID=9168) to work on /home/muhammadsami/Public/Projects/Airflow/DataPipelineswithApacheAirflow/.env/lib/python3.8/site-packages/airflow/example_dags/example_dag_decorator.py
[2024-03-17T09:06:51.202+0500] {processor.py:830} INFO - Processing file /home/muhammadsami/Public/Projects/Airflow/DataPipelineswithApacheAirflow/.env/lib/python3.8/site-packages/airflow/example_dags/example_dag_decorator.py for tasks to queue
[2024-03-17T09:06:51.203+0500] {logging_mixin.py:188} INFO - [2024-03-17T09:06:51.203+0500] {dagbag.py:540} INFO - Filling up the DagBag from /home/muhammadsami/Public/Projects/Airflow/DataPipelineswithApacheAirflow/.env/lib/python3.8/site-packages/airflow/example_dags/example_dag_decorator.py
[2024-03-17T09:06:51.274+0500] {processor.py:840} INFO - DAG(s) 'example_dag_decorator' retrieved from /home/muhammadsami/Public/Projects/Airflow/DataPipelineswithApacheAirflow/.env/lib/python3.8/site-packages/airflow/example_dags/example_dag_decorator.py
[2024-03-17T09:06:51.351+0500] {logging_mixin.py:188} INFO - [2024-03-17T09:06:51.351+0500] {dag.py:3047} INFO - Sync 1 DAGs
[2024-03-17T09:06:51.365+0500] {logging_mixin.py:188} INFO - [2024-03-17T09:06:51.364+0500] {dag.py:3834} INFO - Setting next_dagrun for example_dag_decorator to None, run_after=None
[2024-03-17T09:06:51.486+0500] {processor.py:183} INFO - Processing /home/muhammadsami/Public/Projects/Airflow/DataPipelineswithApacheAirflow/.env/lib/python3.8/site-packages/airflow/example_dags/example_dag_decorator.py took 0.288 seconds
[2024-03-17T09:08:02.370+0500] {processor.py:161} INFO - Started process (PID=9313) to work on /home/muhammadsami/Public/Projects/Airflow/DataPipelineswithApacheAirflow/.env/lib/python3.8/site-packages/airflow/example_dags/example_dag_decorator.py
[2024-03-17T09:08:02.382+0500] {processor.py:830} INFO - Processing file /home/muhammadsami/Public/Projects/Airflow/DataPipelineswithApacheAirflow/.env/lib/python3.8/site-packages/airflow/example_dags/example_dag_decorator.py for tasks to queue
[2024-03-17T09:08:02.383+0500] {logging_mixin.py:188} INFO - [2024-03-17T09:08:02.383+0500] {dagbag.py:540} INFO - Filling up the DagBag from /home/muhammadsami/Public/Projects/Airflow/DataPipelineswithApacheAirflow/.env/lib/python3.8/site-packages/airflow/example_dags/example_dag_decorator.py
[2024-03-17T09:08:02.453+0500] {processor.py:840} INFO - DAG(s) 'example_dag_decorator' retrieved from /home/muhammadsami/Public/Projects/Airflow/DataPipelineswithApacheAirflow/.env/lib/python3.8/site-packages/airflow/example_dags/example_dag_decorator.py
[2024-03-17T09:08:02.535+0500] {logging_mixin.py:188} INFO - [2024-03-17T09:08:02.534+0500] {dag.py:3047} INFO - Sync 1 DAGs
[2024-03-17T09:08:02.543+0500] {logging_mixin.py:188} INFO - [2024-03-17T09:08:02.543+0500] {dag.py:3834} INFO - Setting next_dagrun for example_dag_decorator to None, run_after=None
[2024-03-17T09:08:02.650+0500] {processor.py:183} INFO - Processing /home/muhammadsami/Public/Projects/Airflow/DataPipelineswithApacheAirflow/.env/lib/python3.8/site-packages/airflow/example_dags/example_dag_decorator.py took 0.282 seconds
[2024-03-17T09:09:18.794+0500] {processor.py:161} INFO - Started process (PID=9518) to work on /home/muhammadsami/Public/Projects/Airflow/DataPipelineswithApacheAirflow/.env/lib/python3.8/site-packages/airflow/example_dags/example_dag_decorator.py
[2024-03-17T09:09:18.811+0500] {processor.py:830} INFO - Processing file /home/muhammadsami/Public/Projects/Airflow/DataPipelineswithApacheAirflow/.env/lib/python3.8/site-packages/airflow/example_dags/example_dag_decorator.py for tasks to queue
[2024-03-17T09:09:18.812+0500] {logging_mixin.py:188} INFO - [2024-03-17T09:09:18.811+0500] {dagbag.py:540} INFO - Filling up the DagBag from /home/muhammadsami/Public/Projects/Airflow/DataPipelineswithApacheAirflow/.env/lib/python3.8/site-packages/airflow/example_dags/example_dag_decorator.py
[2024-03-17T09:09:18.887+0500] {processor.py:840} INFO - DAG(s) 'example_dag_decorator' retrieved from /home/muhammadsami/Public/Projects/Airflow/DataPipelineswithApacheAirflow/.env/lib/python3.8/site-packages/airflow/example_dags/example_dag_decorator.py
[2024-03-17T09:09:18.972+0500] {logging_mixin.py:188} INFO - [2024-03-17T09:09:18.972+0500] {dag.py:3047} INFO - Sync 1 DAGs
[2024-03-17T09:09:18.982+0500] {logging_mixin.py:188} INFO - [2024-03-17T09:09:18.981+0500] {dag.py:3834} INFO - Setting next_dagrun for example_dag_decorator to None, run_after=None
[2024-03-17T09:09:19.090+0500] {processor.py:183} INFO - Processing /home/muhammadsami/Public/Projects/Airflow/DataPipelineswithApacheAirflow/.env/lib/python3.8/site-packages/airflow/example_dags/example_dag_decorator.py took 0.299 seconds
[2024-03-17T09:10:32.297+0500] {processor.py:161} INFO - Started process (PID=9652) to work on /home/muhammadsami/Public/Projects/Airflow/DataPipelineswithApacheAirflow/.env/lib/python3.8/site-packages/airflow/example_dags/example_dag_decorator.py
[2024-03-17T09:10:32.313+0500] {processor.py:830} INFO - Processing file /home/muhammadsami/Public/Projects/Airflow/DataPipelineswithApacheAirflow/.env/lib/python3.8/site-packages/airflow/example_dags/example_dag_decorator.py for tasks to queue
[2024-03-17T09:10:32.314+0500] {logging_mixin.py:188} INFO - [2024-03-17T09:10:32.314+0500] {dagbag.py:540} INFO - Filling up the DagBag from /home/muhammadsami/Public/Projects/Airflow/DataPipelineswithApacheAirflow/.env/lib/python3.8/site-packages/airflow/example_dags/example_dag_decorator.py
[2024-03-17T09:10:32.383+0500] {processor.py:840} INFO - DAG(s) 'example_dag_decorator' retrieved from /home/muhammadsami/Public/Projects/Airflow/DataPipelineswithApacheAirflow/.env/lib/python3.8/site-packages/airflow/example_dags/example_dag_decorator.py
[2024-03-17T09:10:32.460+0500] {logging_mixin.py:188} INFO - [2024-03-17T09:10:32.460+0500] {dag.py:3047} INFO - Sync 1 DAGs
[2024-03-17T09:10:32.469+0500] {logging_mixin.py:188} INFO - [2024-03-17T09:10:32.469+0500] {dag.py:3834} INFO - Setting next_dagrun for example_dag_decorator to None, run_after=None
[2024-03-17T09:10:32.576+0500] {processor.py:183} INFO - Processing /home/muhammadsami/Public/Projects/Airflow/DataPipelineswithApacheAirflow/.env/lib/python3.8/site-packages/airflow/example_dags/example_dag_decorator.py took 0.281 seconds
[2024-03-17T09:11:26.015+0500] {processor.py:161} INFO - Started process (PID=9825) to work on /home/muhammadsami/Public/Projects/Airflow/DataPipelineswithApacheAirflow/.env/lib/python3.8/site-packages/airflow/example_dags/example_dag_decorator.py
[2024-03-17T09:11:26.027+0500] {processor.py:830} INFO - Processing file /home/muhammadsami/Public/Projects/Airflow/DataPipelineswithApacheAirflow/.env/lib/python3.8/site-packages/airflow/example_dags/example_dag_decorator.py for tasks to queue
[2024-03-17T09:11:26.028+0500] {logging_mixin.py:188} INFO - [2024-03-17T09:11:26.027+0500] {dagbag.py:540} INFO - Filling up the DagBag from /home/muhammadsami/Public/Projects/Airflow/DataPipelineswithApacheAirflow/.env/lib/python3.8/site-packages/airflow/example_dags/example_dag_decorator.py
[2024-03-17T09:11:26.104+0500] {processor.py:840} INFO - DAG(s) 'example_dag_decorator' retrieved from /home/muhammadsami/Public/Projects/Airflow/DataPipelineswithApacheAirflow/.env/lib/python3.8/site-packages/airflow/example_dags/example_dag_decorator.py
[2024-03-17T09:11:26.185+0500] {logging_mixin.py:188} INFO - [2024-03-17T09:11:26.185+0500] {dag.py:3047} INFO - Sync 1 DAGs
[2024-03-17T09:11:26.194+0500] {logging_mixin.py:188} INFO - [2024-03-17T09:11:26.194+0500] {dag.py:3834} INFO - Setting next_dagrun for example_dag_decorator to None, run_after=None
[2024-03-17T09:11:26.298+0500] {processor.py:183} INFO - Processing /home/muhammadsami/Public/Projects/Airflow/DataPipelineswithApacheAirflow/.env/lib/python3.8/site-packages/airflow/example_dags/example_dag_decorator.py took 0.285 seconds
[2024-03-17T09:12:37.589+0500] {processor.py:161} INFO - Started process (PID=9972) to work on /home/muhammadsami/Public/Projects/Airflow/DataPipelineswithApacheAirflow/.env/lib/python3.8/site-packages/airflow/example_dags/example_dag_decorator.py
[2024-03-17T09:12:37.613+0500] {processor.py:830} INFO - Processing file /home/muhammadsami/Public/Projects/Airflow/DataPipelineswithApacheAirflow/.env/lib/python3.8/site-packages/airflow/example_dags/example_dag_decorator.py for tasks to queue
[2024-03-17T09:12:37.614+0500] {logging_mixin.py:188} INFO - [2024-03-17T09:12:37.613+0500] {dagbag.py:540} INFO - Filling up the DagBag from /home/muhammadsami/Public/Projects/Airflow/DataPipelineswithApacheAirflow/.env/lib/python3.8/site-packages/airflow/example_dags/example_dag_decorator.py
[2024-03-17T09:12:37.683+0500] {processor.py:840} INFO - DAG(s) 'example_dag_decorator' retrieved from /home/muhammadsami/Public/Projects/Airflow/DataPipelineswithApacheAirflow/.env/lib/python3.8/site-packages/airflow/example_dags/example_dag_decorator.py
[2024-03-17T09:12:37.765+0500] {logging_mixin.py:188} INFO - [2024-03-17T09:12:37.765+0500] {dag.py:3047} INFO - Sync 1 DAGs
[2024-03-17T09:12:37.775+0500] {logging_mixin.py:188} INFO - [2024-03-17T09:12:37.775+0500] {dag.py:3834} INFO - Setting next_dagrun for example_dag_decorator to None, run_after=None
[2024-03-17T09:12:37.877+0500] {processor.py:183} INFO - Processing /home/muhammadsami/Public/Projects/Airflow/DataPipelineswithApacheAirflow/.env/lib/python3.8/site-packages/airflow/example_dags/example_dag_decorator.py took 0.291 seconds
[2024-03-17T09:13:51.558+0500] {processor.py:161} INFO - Started process (PID=10141) to work on /home/muhammadsami/Public/Projects/Airflow/DataPipelineswithApacheAirflow/.env/lib/python3.8/site-packages/airflow/example_dags/example_dag_decorator.py
[2024-03-17T09:13:51.559+0500] {processor.py:830} INFO - Processing file /home/muhammadsami/Public/Projects/Airflow/DataPipelineswithApacheAirflow/.env/lib/python3.8/site-packages/airflow/example_dags/example_dag_decorator.py for tasks to queue
[2024-03-17T09:13:51.560+0500] {logging_mixin.py:188} INFO - [2024-03-17T09:13:51.559+0500] {dagbag.py:540} INFO - Filling up the DagBag from /home/muhammadsami/Public/Projects/Airflow/DataPipelineswithApacheAirflow/.env/lib/python3.8/site-packages/airflow/example_dags/example_dag_decorator.py
[2024-03-17T09:13:51.658+0500] {processor.py:840} INFO - DAG(s) 'example_dag_decorator' retrieved from /home/muhammadsami/Public/Projects/Airflow/DataPipelineswithApacheAirflow/.env/lib/python3.8/site-packages/airflow/example_dags/example_dag_decorator.py
[2024-03-17T09:13:51.756+0500] {logging_mixin.py:188} INFO - [2024-03-17T09:13:51.756+0500] {dag.py:3047} INFO - Sync 1 DAGs
[2024-03-17T09:13:51.770+0500] {logging_mixin.py:188} INFO - [2024-03-17T09:13:51.769+0500] {dag.py:3834} INFO - Setting next_dagrun for example_dag_decorator to None, run_after=None
[2024-03-17T09:13:51.889+0500] {processor.py:183} INFO - Processing /home/muhammadsami/Public/Projects/Airflow/DataPipelineswithApacheAirflow/.env/lib/python3.8/site-packages/airflow/example_dags/example_dag_decorator.py took 0.333 seconds
[2024-03-17T09:15:07.221+0500] {processor.py:161} INFO - Started process (PID=10286) to work on /home/muhammadsami/Public/Projects/Airflow/DataPipelineswithApacheAirflow/.env/lib/python3.8/site-packages/airflow/example_dags/example_dag_decorator.py
[2024-03-17T09:15:07.223+0500] {processor.py:830} INFO - Processing file /home/muhammadsami/Public/Projects/Airflow/DataPipelineswithApacheAirflow/.env/lib/python3.8/site-packages/airflow/example_dags/example_dag_decorator.py for tasks to queue
[2024-03-17T09:15:07.225+0500] {logging_mixin.py:188} INFO - [2024-03-17T09:15:07.224+0500] {dagbag.py:540} INFO - Filling up the DagBag from /home/muhammadsami/Public/Projects/Airflow/DataPipelineswithApacheAirflow/.env/lib/python3.8/site-packages/airflow/example_dags/example_dag_decorator.py
[2024-03-17T09:15:07.316+0500] {processor.py:840} INFO - DAG(s) 'example_dag_decorator' retrieved from /home/muhammadsami/Public/Projects/Airflow/DataPipelineswithApacheAirflow/.env/lib/python3.8/site-packages/airflow/example_dags/example_dag_decorator.py
[2024-03-17T09:15:07.415+0500] {logging_mixin.py:188} INFO - [2024-03-17T09:15:07.415+0500] {dag.py:3047} INFO - Sync 1 DAGs
[2024-03-17T09:15:07.423+0500] {logging_mixin.py:188} INFO - [2024-03-17T09:15:07.423+0500] {dag.py:3834} INFO - Setting next_dagrun for example_dag_decorator to None, run_after=None
[2024-03-17T09:15:07.524+0500] {processor.py:183} INFO - Processing /home/muhammadsami/Public/Projects/Airflow/DataPipelineswithApacheAirflow/.env/lib/python3.8/site-packages/airflow/example_dags/example_dag_decorator.py took 0.305 seconds
[2024-03-17T09:16:24.097+0500] {processor.py:161} INFO - Started process (PID=10569) to work on /home/muhammadsami/Public/Projects/Airflow/DataPipelineswithApacheAirflow/.env/lib/python3.8/site-packages/airflow/example_dags/example_dag_decorator.py
[2024-03-17T09:16:24.099+0500] {processor.py:830} INFO - Processing file /home/muhammadsami/Public/Projects/Airflow/DataPipelineswithApacheAirflow/.env/lib/python3.8/site-packages/airflow/example_dags/example_dag_decorator.py for tasks to queue
[2024-03-17T09:16:24.100+0500] {logging_mixin.py:188} INFO - [2024-03-17T09:16:24.099+0500] {dagbag.py:540} INFO - Filling up the DagBag from /home/muhammadsami/Public/Projects/Airflow/DataPipelineswithApacheAirflow/.env/lib/python3.8/site-packages/airflow/example_dags/example_dag_decorator.py
[2024-03-17T09:16:24.184+0500] {processor.py:840} INFO - DAG(s) 'example_dag_decorator' retrieved from /home/muhammadsami/Public/Projects/Airflow/DataPipelineswithApacheAirflow/.env/lib/python3.8/site-packages/airflow/example_dags/example_dag_decorator.py
[2024-03-17T09:16:24.268+0500] {logging_mixin.py:188} INFO - [2024-03-17T09:16:24.268+0500] {dag.py:3047} INFO - Sync 1 DAGs
[2024-03-17T09:16:24.278+0500] {logging_mixin.py:188} INFO - [2024-03-17T09:16:24.277+0500] {dag.py:3834} INFO - Setting next_dagrun for example_dag_decorator to None, run_after=None
[2024-03-17T09:16:24.401+0500] {processor.py:183} INFO - Processing /home/muhammadsami/Public/Projects/Airflow/DataPipelineswithApacheAirflow/.env/lib/python3.8/site-packages/airflow/example_dags/example_dag_decorator.py took 0.306 seconds
[2024-03-17T09:17:42.977+0500] {processor.py:161} INFO - Started process (PID=10852) to work on /home/muhammadsami/Public/Projects/Airflow/DataPipelineswithApacheAirflow/.env/lib/python3.8/site-packages/airflow/example_dags/example_dag_decorator.py
[2024-03-17T09:17:42.978+0500] {processor.py:830} INFO - Processing file /home/muhammadsami/Public/Projects/Airflow/DataPipelineswithApacheAirflow/.env/lib/python3.8/site-packages/airflow/example_dags/example_dag_decorator.py for tasks to queue
[2024-03-17T09:17:42.979+0500] {logging_mixin.py:188} INFO - [2024-03-17T09:17:42.978+0500] {dagbag.py:540} INFO - Filling up the DagBag from /home/muhammadsami/Public/Projects/Airflow/DataPipelineswithApacheAirflow/.env/lib/python3.8/site-packages/airflow/example_dags/example_dag_decorator.py
[2024-03-17T09:17:43.052+0500] {processor.py:840} INFO - DAG(s) 'example_dag_decorator' retrieved from /home/muhammadsami/Public/Projects/Airflow/DataPipelineswithApacheAirflow/.env/lib/python3.8/site-packages/airflow/example_dags/example_dag_decorator.py
[2024-03-17T09:17:43.131+0500] {logging_mixin.py:188} INFO - [2024-03-17T09:17:43.131+0500] {dag.py:3047} INFO - Sync 1 DAGs
[2024-03-17T09:17:43.140+0500] {logging_mixin.py:188} INFO - [2024-03-17T09:17:43.139+0500] {dag.py:3834} INFO - Setting next_dagrun for example_dag_decorator to None, run_after=None
[2024-03-17T09:17:43.264+0500] {processor.py:183} INFO - Processing /home/muhammadsami/Public/Projects/Airflow/DataPipelineswithApacheAirflow/.env/lib/python3.8/site-packages/airflow/example_dags/example_dag_decorator.py took 0.290 seconds
[2024-03-17T09:19:01.589+0500] {processor.py:161} INFO - Started process (PID=11006) to work on /home/muhammadsami/Public/Projects/Airflow/DataPipelineswithApacheAirflow/.env/lib/python3.8/site-packages/airflow/example_dags/example_dag_decorator.py
[2024-03-17T09:19:01.605+0500] {processor.py:830} INFO - Processing file /home/muhammadsami/Public/Projects/Airflow/DataPipelineswithApacheAirflow/.env/lib/python3.8/site-packages/airflow/example_dags/example_dag_decorator.py for tasks to queue
[2024-03-17T09:19:01.606+0500] {logging_mixin.py:188} INFO - [2024-03-17T09:19:01.606+0500] {dagbag.py:540} INFO - Filling up the DagBag from /home/muhammadsami/Public/Projects/Airflow/DataPipelineswithApacheAirflow/.env/lib/python3.8/site-packages/airflow/example_dags/example_dag_decorator.py
[2024-03-17T09:19:01.676+0500] {processor.py:840} INFO - DAG(s) 'example_dag_decorator' retrieved from /home/muhammadsami/Public/Projects/Airflow/DataPipelineswithApacheAirflow/.env/lib/python3.8/site-packages/airflow/example_dags/example_dag_decorator.py
[2024-03-17T09:19:01.758+0500] {logging_mixin.py:188} INFO - [2024-03-17T09:19:01.758+0500] {dag.py:3047} INFO - Sync 1 DAGs
[2024-03-17T09:19:01.766+0500] {logging_mixin.py:188} INFO - [2024-03-17T09:19:01.766+0500] {dag.py:3834} INFO - Setting next_dagrun for example_dag_decorator to None, run_after=None
[2024-03-17T09:19:01.896+0500] {processor.py:183} INFO - Processing /home/muhammadsami/Public/Projects/Airflow/DataPipelineswithApacheAirflow/.env/lib/python3.8/site-packages/airflow/example_dags/example_dag_decorator.py took 0.309 seconds
[2024-03-17T09:20:16.208+0500] {processor.py:161} INFO - Started process (PID=11167) to work on /home/muhammadsami/Public/Projects/Airflow/DataPipelineswithApacheAirflow/.env/lib/python3.8/site-packages/airflow/example_dags/example_dag_decorator.py
[2024-03-17T09:20:16.225+0500] {processor.py:830} INFO - Processing file /home/muhammadsami/Public/Projects/Airflow/DataPipelineswithApacheAirflow/.env/lib/python3.8/site-packages/airflow/example_dags/example_dag_decorator.py for tasks to queue
[2024-03-17T09:20:16.226+0500] {logging_mixin.py:188} INFO - [2024-03-17T09:20:16.225+0500] {dagbag.py:540} INFO - Filling up the DagBag from /home/muhammadsami/Public/Projects/Airflow/DataPipelineswithApacheAirflow/.env/lib/python3.8/site-packages/airflow/example_dags/example_dag_decorator.py
[2024-03-17T09:20:16.298+0500] {processor.py:840} INFO - DAG(s) 'example_dag_decorator' retrieved from /home/muhammadsami/Public/Projects/Airflow/DataPipelineswithApacheAirflow/.env/lib/python3.8/site-packages/airflow/example_dags/example_dag_decorator.py
[2024-03-17T09:20:16.374+0500] {logging_mixin.py:188} INFO - [2024-03-17T09:20:16.374+0500] {dag.py:3047} INFO - Sync 1 DAGs
[2024-03-17T09:20:16.382+0500] {logging_mixin.py:188} INFO - [2024-03-17T09:20:16.382+0500] {dag.py:3834} INFO - Setting next_dagrun for example_dag_decorator to None, run_after=None
[2024-03-17T09:20:16.487+0500] {processor.py:183} INFO - Processing /home/muhammadsami/Public/Projects/Airflow/DataPipelineswithApacheAirflow/.env/lib/python3.8/site-packages/airflow/example_dags/example_dag_decorator.py took 0.281 seconds
[2024-03-17T09:21:32.708+0500] {processor.py:161} INFO - Started process (PID=11406) to work on /home/muhammadsami/Public/Projects/Airflow/DataPipelineswithApacheAirflow/.env/lib/python3.8/site-packages/airflow/example_dags/example_dag_decorator.py
[2024-03-17T09:21:32.720+0500] {processor.py:830} INFO - Processing file /home/muhammadsami/Public/Projects/Airflow/DataPipelineswithApacheAirflow/.env/lib/python3.8/site-packages/airflow/example_dags/example_dag_decorator.py for tasks to queue
[2024-03-17T09:21:32.721+0500] {logging_mixin.py:188} INFO - [2024-03-17T09:21:32.721+0500] {dagbag.py:540} INFO - Filling up the DagBag from /home/muhammadsami/Public/Projects/Airflow/DataPipelineswithApacheAirflow/.env/lib/python3.8/site-packages/airflow/example_dags/example_dag_decorator.py
[2024-03-17T09:21:32.791+0500] {processor.py:840} INFO - DAG(s) 'example_dag_decorator' retrieved from /home/muhammadsami/Public/Projects/Airflow/DataPipelineswithApacheAirflow/.env/lib/python3.8/site-packages/airflow/example_dags/example_dag_decorator.py
[2024-03-17T09:21:32.868+0500] {logging_mixin.py:188} INFO - [2024-03-17T09:21:32.868+0500] {dag.py:3047} INFO - Sync 1 DAGs
[2024-03-17T09:21:32.876+0500] {logging_mixin.py:188} INFO - [2024-03-17T09:21:32.876+0500] {dag.py:3834} INFO - Setting next_dagrun for example_dag_decorator to None, run_after=None
[2024-03-17T09:21:32.981+0500] {processor.py:183} INFO - Processing /home/muhammadsami/Public/Projects/Airflow/DataPipelineswithApacheAirflow/.env/lib/python3.8/site-packages/airflow/example_dags/example_dag_decorator.py took 0.276 seconds
[2024-03-17T09:32:08.174+0500] {processor.py:161} INFO - Started process (PID=12800) to work on /home/muhammadsami/Public/Projects/Airflow/DataPipelineswithApacheAirflow/.env/lib/python3.8/site-packages/airflow/example_dags/example_dag_decorator.py
[2024-03-17T09:32:08.176+0500] {processor.py:830} INFO - Processing file /home/muhammadsami/Public/Projects/Airflow/DataPipelineswithApacheAirflow/.env/lib/python3.8/site-packages/airflow/example_dags/example_dag_decorator.py for tasks to queue
[2024-03-17T09:32:08.177+0500] {logging_mixin.py:188} INFO - [2024-03-17T09:32:08.176+0500] {dagbag.py:540} INFO - Filling up the DagBag from /home/muhammadsami/Public/Projects/Airflow/DataPipelineswithApacheAirflow/.env/lib/python3.8/site-packages/airflow/example_dags/example_dag_decorator.py
[2024-03-17T09:32:08.338+0500] {processor.py:840} INFO - DAG(s) 'example_dag_decorator' retrieved from /home/muhammadsami/Public/Projects/Airflow/DataPipelineswithApacheAirflow/.env/lib/python3.8/site-packages/airflow/example_dags/example_dag_decorator.py
[2024-03-17T09:32:08.410+0500] {logging_mixin.py:188} INFO - [2024-03-17T09:32:08.409+0500] {dag.py:3047} INFO - Sync 1 DAGs
[2024-03-17T09:32:08.417+0500] {logging_mixin.py:188} INFO - [2024-03-17T09:32:08.417+0500] {dag.py:3834} INFO - Setting next_dagrun for example_dag_decorator to None, run_after=None
[2024-03-17T09:32:08.513+0500] {processor.py:183} INFO - Processing /home/muhammadsami/Public/Projects/Airflow/DataPipelineswithApacheAirflow/.env/lib/python3.8/site-packages/airflow/example_dags/example_dag_decorator.py took 0.341 seconds
[2024-03-17T09:33:09.378+0500] {processor.py:161} INFO - Started process (PID=12914) to work on /home/muhammadsami/Public/Projects/Airflow/DataPipelineswithApacheAirflow/.env/lib/python3.8/site-packages/airflow/example_dags/example_dag_decorator.py
[2024-03-17T09:33:09.380+0500] {processor.py:830} INFO - Processing file /home/muhammadsami/Public/Projects/Airflow/DataPipelineswithApacheAirflow/.env/lib/python3.8/site-packages/airflow/example_dags/example_dag_decorator.py for tasks to queue
[2024-03-17T09:33:09.381+0500] {logging_mixin.py:188} INFO - [2024-03-17T09:33:09.380+0500] {dagbag.py:540} INFO - Filling up the DagBag from /home/muhammadsami/Public/Projects/Airflow/DataPipelineswithApacheAirflow/.env/lib/python3.8/site-packages/airflow/example_dags/example_dag_decorator.py
[2024-03-17T09:33:09.542+0500] {processor.py:840} INFO - DAG(s) 'example_dag_decorator' retrieved from /home/muhammadsami/Public/Projects/Airflow/DataPipelineswithApacheAirflow/.env/lib/python3.8/site-packages/airflow/example_dags/example_dag_decorator.py
[2024-03-17T09:33:09.614+0500] {logging_mixin.py:188} INFO - [2024-03-17T09:33:09.614+0500] {dag.py:3047} INFO - Sync 1 DAGs
[2024-03-17T09:33:09.624+0500] {logging_mixin.py:188} INFO - [2024-03-17T09:33:09.623+0500] {dag.py:3834} INFO - Setting next_dagrun for example_dag_decorator to None, run_after=None
[2024-03-17T09:33:09.729+0500] {processor.py:183} INFO - Processing /home/muhammadsami/Public/Projects/Airflow/DataPipelineswithApacheAirflow/.env/lib/python3.8/site-packages/airflow/example_dags/example_dag_decorator.py took 0.353 seconds
[2024-03-17T09:34:23.932+0500] {processor.py:161} INFO - Started process (PID=13421) to work on /home/muhammadsami/Public/Projects/Airflow/DataPipelineswithApacheAirflow/.env/lib/python3.8/site-packages/airflow/example_dags/example_dag_decorator.py
[2024-03-17T09:34:23.943+0500] {processor.py:830} INFO - Processing file /home/muhammadsami/Public/Projects/Airflow/DataPipelineswithApacheAirflow/.env/lib/python3.8/site-packages/airflow/example_dags/example_dag_decorator.py for tasks to queue
[2024-03-17T09:34:23.944+0500] {logging_mixin.py:188} INFO - [2024-03-17T09:34:23.943+0500] {dagbag.py:540} INFO - Filling up the DagBag from /home/muhammadsami/Public/Projects/Airflow/DataPipelineswithApacheAirflow/.env/lib/python3.8/site-packages/airflow/example_dags/example_dag_decorator.py
[2024-03-17T09:34:24.028+0500] {processor.py:840} INFO - DAG(s) 'example_dag_decorator' retrieved from /home/muhammadsami/Public/Projects/Airflow/DataPipelineswithApacheAirflow/.env/lib/python3.8/site-packages/airflow/example_dags/example_dag_decorator.py
[2024-03-17T09:34:24.110+0500] {logging_mixin.py:188} INFO - [2024-03-17T09:34:24.110+0500] {dag.py:3047} INFO - Sync 1 DAGs
[2024-03-17T09:34:24.118+0500] {logging_mixin.py:188} INFO - [2024-03-17T09:34:24.118+0500] {dag.py:3834} INFO - Setting next_dagrun for example_dag_decorator to None, run_after=None
[2024-03-17T09:34:24.229+0500] {processor.py:183} INFO - Processing /home/muhammadsami/Public/Projects/Airflow/DataPipelineswithApacheAirflow/.env/lib/python3.8/site-packages/airflow/example_dags/example_dag_decorator.py took 0.302 seconds
[2024-03-17T09:35:20.882+0500] {processor.py:161} INFO - Started process (PID=13553) to work on /home/muhammadsami/Public/Projects/Airflow/DataPipelineswithApacheAirflow/.env/lib/python3.8/site-packages/airflow/example_dags/example_dag_decorator.py
[2024-03-17T09:35:20.889+0500] {processor.py:830} INFO - Processing file /home/muhammadsami/Public/Projects/Airflow/DataPipelineswithApacheAirflow/.env/lib/python3.8/site-packages/airflow/example_dags/example_dag_decorator.py for tasks to queue
[2024-03-17T09:35:20.890+0500] {logging_mixin.py:188} INFO - [2024-03-17T09:35:20.889+0500] {dagbag.py:540} INFO - Filling up the DagBag from /home/muhammadsami/Public/Projects/Airflow/DataPipelineswithApacheAirflow/.env/lib/python3.8/site-packages/airflow/example_dags/example_dag_decorator.py
[2024-03-17T09:35:20.961+0500] {processor.py:840} INFO - DAG(s) 'example_dag_decorator' retrieved from /home/muhammadsami/Public/Projects/Airflow/DataPipelineswithApacheAirflow/.env/lib/python3.8/site-packages/airflow/example_dags/example_dag_decorator.py
[2024-03-17T09:35:21.041+0500] {logging_mixin.py:188} INFO - [2024-03-17T09:35:21.040+0500] {dag.py:3047} INFO - Sync 1 DAGs
[2024-03-17T09:35:21.051+0500] {logging_mixin.py:188} INFO - [2024-03-17T09:35:21.050+0500] {dag.py:3834} INFO - Setting next_dagrun for example_dag_decorator to None, run_after=None
[2024-03-17T09:35:21.162+0500] {processor.py:183} INFO - Processing /home/muhammadsami/Public/Projects/Airflow/DataPipelineswithApacheAirflow/.env/lib/python3.8/site-packages/airflow/example_dags/example_dag_decorator.py took 0.283 seconds
[2024-03-17T09:36:17.227+0500] {processor.py:161} INFO - Started process (PID=13726) to work on /home/muhammadsami/Public/Projects/Airflow/DataPipelineswithApacheAirflow/.env/lib/python3.8/site-packages/airflow/example_dags/example_dag_decorator.py
[2024-03-17T09:36:17.229+0500] {processor.py:830} INFO - Processing file /home/muhammadsami/Public/Projects/Airflow/DataPipelineswithApacheAirflow/.env/lib/python3.8/site-packages/airflow/example_dags/example_dag_decorator.py for tasks to queue
[2024-03-17T09:36:17.229+0500] {logging_mixin.py:188} INFO - [2024-03-17T09:36:17.229+0500] {dagbag.py:540} INFO - Filling up the DagBag from /home/muhammadsami/Public/Projects/Airflow/DataPipelineswithApacheAirflow/.env/lib/python3.8/site-packages/airflow/example_dags/example_dag_decorator.py
[2024-03-17T09:36:17.311+0500] {processor.py:840} INFO - DAG(s) 'example_dag_decorator' retrieved from /home/muhammadsami/Public/Projects/Airflow/DataPipelineswithApacheAirflow/.env/lib/python3.8/site-packages/airflow/example_dags/example_dag_decorator.py
[2024-03-17T09:36:17.438+0500] {logging_mixin.py:188} INFO - [2024-03-17T09:36:17.437+0500] {dag.py:3047} INFO - Sync 1 DAGs
[2024-03-17T09:36:17.446+0500] {logging_mixin.py:188} INFO - [2024-03-17T09:36:17.446+0500] {dag.py:3834} INFO - Setting next_dagrun for example_dag_decorator to None, run_after=None
[2024-03-17T09:36:17.555+0500] {processor.py:183} INFO - Processing /home/muhammadsami/Public/Projects/Airflow/DataPipelineswithApacheAirflow/.env/lib/python3.8/site-packages/airflow/example_dags/example_dag_decorator.py took 0.329 seconds
[2024-03-17T09:37:24.193+0500] {processor.py:161} INFO - Started process (PID=14044) to work on /home/muhammadsami/Public/Projects/Airflow/DataPipelineswithApacheAirflow/.env/lib/python3.8/site-packages/airflow/example_dags/example_dag_decorator.py
[2024-03-17T09:37:24.194+0500] {processor.py:830} INFO - Processing file /home/muhammadsami/Public/Projects/Airflow/DataPipelineswithApacheAirflow/.env/lib/python3.8/site-packages/airflow/example_dags/example_dag_decorator.py for tasks to queue
[2024-03-17T09:37:24.195+0500] {logging_mixin.py:188} INFO - [2024-03-17T09:37:24.194+0500] {dagbag.py:540} INFO - Filling up the DagBag from /home/muhammadsami/Public/Projects/Airflow/DataPipelineswithApacheAirflow/.env/lib/python3.8/site-packages/airflow/example_dags/example_dag_decorator.py
[2024-03-17T09:37:24.276+0500] {processor.py:840} INFO - DAG(s) 'example_dag_decorator' retrieved from /home/muhammadsami/Public/Projects/Airflow/DataPipelineswithApacheAirflow/.env/lib/python3.8/site-packages/airflow/example_dags/example_dag_decorator.py
[2024-03-17T09:37:24.357+0500] {logging_mixin.py:188} INFO - [2024-03-17T09:37:24.356+0500] {dag.py:3047} INFO - Sync 1 DAGs
[2024-03-17T09:37:24.365+0500] {logging_mixin.py:188} INFO - [2024-03-17T09:37:24.365+0500] {dag.py:3834} INFO - Setting next_dagrun for example_dag_decorator to None, run_after=None
[2024-03-17T09:37:24.522+0500] {processor.py:183} INFO - Processing /home/muhammadsami/Public/Projects/Airflow/DataPipelineswithApacheAirflow/.env/lib/python3.8/site-packages/airflow/example_dags/example_dag_decorator.py took 0.333 seconds
[2024-03-17T09:38:42.029+0500] {processor.py:161} INFO - Started process (PID=14182) to work on /home/muhammadsami/Public/Projects/Airflow/DataPipelineswithApacheAirflow/.env/lib/python3.8/site-packages/airflow/example_dags/example_dag_decorator.py
[2024-03-17T09:38:42.031+0500] {processor.py:830} INFO - Processing file /home/muhammadsami/Public/Projects/Airflow/DataPipelineswithApacheAirflow/.env/lib/python3.8/site-packages/airflow/example_dags/example_dag_decorator.py for tasks to queue
[2024-03-17T09:38:42.033+0500] {logging_mixin.py:188} INFO - [2024-03-17T09:38:42.032+0500] {dagbag.py:540} INFO - Filling up the DagBag from /home/muhammadsami/Public/Projects/Airflow/DataPipelineswithApacheAirflow/.env/lib/python3.8/site-packages/airflow/example_dags/example_dag_decorator.py
[2024-03-17T09:38:42.172+0500] {processor.py:840} INFO - DAG(s) 'example_dag_decorator' retrieved from /home/muhammadsami/Public/Projects/Airflow/DataPipelineswithApacheAirflow/.env/lib/python3.8/site-packages/airflow/example_dags/example_dag_decorator.py
[2024-03-17T09:38:42.268+0500] {logging_mixin.py:188} INFO - [2024-03-17T09:38:42.268+0500] {dag.py:3047} INFO - Sync 1 DAGs
[2024-03-17T09:38:42.277+0500] {logging_mixin.py:188} INFO - [2024-03-17T09:38:42.276+0500] {dag.py:3834} INFO - Setting next_dagrun for example_dag_decorator to None, run_after=None
[2024-03-17T09:38:42.462+0500] {processor.py:183} INFO - Processing /home/muhammadsami/Public/Projects/Airflow/DataPipelineswithApacheAirflow/.env/lib/python3.8/site-packages/airflow/example_dags/example_dag_decorator.py took 0.437 seconds
[2024-03-17T09:39:54.946+0500] {processor.py:161} INFO - Started process (PID=14513) to work on /home/muhammadsami/Public/Projects/Airflow/DataPipelineswithApacheAirflow/.env/lib/python3.8/site-packages/airflow/example_dags/example_dag_decorator.py
[2024-03-17T09:39:54.971+0500] {processor.py:830} INFO - Processing file /home/muhammadsami/Public/Projects/Airflow/DataPipelineswithApacheAirflow/.env/lib/python3.8/site-packages/airflow/example_dags/example_dag_decorator.py for tasks to queue
[2024-03-17T09:39:54.972+0500] {logging_mixin.py:188} INFO - [2024-03-17T09:39:54.972+0500] {dagbag.py:540} INFO - Filling up the DagBag from /home/muhammadsami/Public/Projects/Airflow/DataPipelineswithApacheAirflow/.env/lib/python3.8/site-packages/airflow/example_dags/example_dag_decorator.py
[2024-03-17T09:39:55.084+0500] {processor.py:840} INFO - DAG(s) 'example_dag_decorator' retrieved from /home/muhammadsami/Public/Projects/Airflow/DataPipelineswithApacheAirflow/.env/lib/python3.8/site-packages/airflow/example_dags/example_dag_decorator.py
[2024-03-17T09:39:55.170+0500] {logging_mixin.py:188} INFO - [2024-03-17T09:39:55.170+0500] {dag.py:3047} INFO - Sync 1 DAGs
[2024-03-17T09:39:55.178+0500] {logging_mixin.py:188} INFO - [2024-03-17T09:39:55.177+0500] {dag.py:3834} INFO - Setting next_dagrun for example_dag_decorator to None, run_after=None
[2024-03-17T09:39:55.311+0500] {processor.py:183} INFO - Processing /home/muhammadsami/Public/Projects/Airflow/DataPipelineswithApacheAirflow/.env/lib/python3.8/site-packages/airflow/example_dags/example_dag_decorator.py took 0.367 seconds
[2024-03-17T10:30:11.767+0500] {processor.py:161} INFO - Started process (PID=18326) to work on /home/muhammadsami/Public/Projects/Airflow/DataPipelineswithApacheAirflow/.env/lib/python3.8/site-packages/airflow/example_dags/example_dag_decorator.py
[2024-03-17T10:30:11.768+0500] {processor.py:830} INFO - Processing file /home/muhammadsami/Public/Projects/Airflow/DataPipelineswithApacheAirflow/.env/lib/python3.8/site-packages/airflow/example_dags/example_dag_decorator.py for tasks to queue
[2024-03-17T10:30:11.769+0500] {logging_mixin.py:188} INFO - [2024-03-17T10:30:11.769+0500] {dagbag.py:540} INFO - Filling up the DagBag from /home/muhammadsami/Public/Projects/Airflow/DataPipelineswithApacheAirflow/.env/lib/python3.8/site-packages/airflow/example_dags/example_dag_decorator.py
[2024-03-17T10:30:11.935+0500] {processor.py:840} INFO - DAG(s) 'example_dag_decorator' retrieved from /home/muhammadsami/Public/Projects/Airflow/DataPipelineswithApacheAirflow/.env/lib/python3.8/site-packages/airflow/example_dags/example_dag_decorator.py
[2024-03-17T10:30:12.010+0500] {logging_mixin.py:188} INFO - [2024-03-17T10:30:12.010+0500] {dag.py:3047} INFO - Sync 1 DAGs
[2024-03-17T10:30:12.018+0500] {logging_mixin.py:188} INFO - [2024-03-17T10:30:12.018+0500] {dag.py:3834} INFO - Setting next_dagrun for example_dag_decorator to None, run_after=None
[2024-03-17T10:30:12.122+0500] {processor.py:183} INFO - Processing /home/muhammadsami/Public/Projects/Airflow/DataPipelineswithApacheAirflow/.env/lib/python3.8/site-packages/airflow/example_dags/example_dag_decorator.py took 0.358 seconds
[2024-03-17T10:32:36.798+0500] {processor.py:161} INFO - Started process (PID=19362) to work on /home/muhammadsami/Public/Projects/Airflow/DataPipelineswithApacheAirflow/.env/lib/python3.8/site-packages/airflow/example_dags/example_dag_decorator.py
[2024-03-17T10:32:36.800+0500] {processor.py:830} INFO - Processing file /home/muhammadsami/Public/Projects/Airflow/DataPipelineswithApacheAirflow/.env/lib/python3.8/site-packages/airflow/example_dags/example_dag_decorator.py for tasks to queue
[2024-03-17T10:32:36.801+0500] {logging_mixin.py:188} INFO - [2024-03-17T10:32:36.801+0500] {dagbag.py:540} INFO - Filling up the DagBag from /home/muhammadsami/Public/Projects/Airflow/DataPipelineswithApacheAirflow/.env/lib/python3.8/site-packages/airflow/example_dags/example_dag_decorator.py
[2024-03-17T10:32:36.879+0500] {processor.py:840} INFO - DAG(s) 'example_dag_decorator' retrieved from /home/muhammadsami/Public/Projects/Airflow/DataPipelineswithApacheAirflow/.env/lib/python3.8/site-packages/airflow/example_dags/example_dag_decorator.py
[2024-03-17T10:32:36.957+0500] {logging_mixin.py:188} INFO - [2024-03-17T10:32:36.957+0500] {dag.py:3047} INFO - Sync 1 DAGs
[2024-03-17T10:32:36.967+0500] {logging_mixin.py:188} INFO - [2024-03-17T10:32:36.967+0500] {dag.py:3834} INFO - Setting next_dagrun for example_dag_decorator to None, run_after=None
[2024-03-17T10:32:37.072+0500] {processor.py:183} INFO - Processing /home/muhammadsami/Public/Projects/Airflow/DataPipelineswithApacheAirflow/.env/lib/python3.8/site-packages/airflow/example_dags/example_dag_decorator.py took 0.276 seconds
[2024-03-17T10:33:32.050+0500] {processor.py:161} INFO - Started process (PID=19538) to work on /home/muhammadsami/Public/Projects/Airflow/DataPipelineswithApacheAirflow/.env/lib/python3.8/site-packages/airflow/example_dags/example_dag_decorator.py
[2024-03-17T10:33:32.052+0500] {processor.py:830} INFO - Processing file /home/muhammadsami/Public/Projects/Airflow/DataPipelineswithApacheAirflow/.env/lib/python3.8/site-packages/airflow/example_dags/example_dag_decorator.py for tasks to queue
[2024-03-17T10:33:32.053+0500] {logging_mixin.py:188} INFO - [2024-03-17T10:33:32.052+0500] {dagbag.py:540} INFO - Filling up the DagBag from /home/muhammadsami/Public/Projects/Airflow/DataPipelineswithApacheAirflow/.env/lib/python3.8/site-packages/airflow/example_dags/example_dag_decorator.py
[2024-03-17T10:33:32.124+0500] {processor.py:840} INFO - DAG(s) 'example_dag_decorator' retrieved from /home/muhammadsami/Public/Projects/Airflow/DataPipelineswithApacheAirflow/.env/lib/python3.8/site-packages/airflow/example_dags/example_dag_decorator.py
[2024-03-17T10:33:32.203+0500] {logging_mixin.py:188} INFO - [2024-03-17T10:33:32.203+0500] {dag.py:3047} INFO - Sync 1 DAGs
[2024-03-17T10:33:32.211+0500] {logging_mixin.py:188} INFO - [2024-03-17T10:33:32.211+0500] {dag.py:3834} INFO - Setting next_dagrun for example_dag_decorator to None, run_after=None
[2024-03-17T10:33:32.323+0500] {processor.py:183} INFO - Processing /home/muhammadsami/Public/Projects/Airflow/DataPipelineswithApacheAirflow/.env/lib/python3.8/site-packages/airflow/example_dags/example_dag_decorator.py took 0.276 seconds
[2024-03-17T10:34:26.977+0500] {processor.py:161} INFO - Started process (PID=19658) to work on /home/muhammadsami/Public/Projects/Airflow/DataPipelineswithApacheAirflow/.env/lib/python3.8/site-packages/airflow/example_dags/example_dag_decorator.py
[2024-03-17T10:34:26.979+0500] {processor.py:830} INFO - Processing file /home/muhammadsami/Public/Projects/Airflow/DataPipelineswithApacheAirflow/.env/lib/python3.8/site-packages/airflow/example_dags/example_dag_decorator.py for tasks to queue
[2024-03-17T10:34:26.980+0500] {logging_mixin.py:188} INFO - [2024-03-17T10:34:26.979+0500] {dagbag.py:540} INFO - Filling up the DagBag from /home/muhammadsami/Public/Projects/Airflow/DataPipelineswithApacheAirflow/.env/lib/python3.8/site-packages/airflow/example_dags/example_dag_decorator.py
[2024-03-17T10:34:27.052+0500] {processor.py:840} INFO - DAG(s) 'example_dag_decorator' retrieved from /home/muhammadsami/Public/Projects/Airflow/DataPipelineswithApacheAirflow/.env/lib/python3.8/site-packages/airflow/example_dags/example_dag_decorator.py
[2024-03-17T10:34:27.070+0500] {logging_mixin.py:188} INFO - [2024-03-17T10:34:27.070+0500] {dag.py:3047} INFO - Sync 1 DAGs
[2024-03-17T10:34:27.080+0500] {logging_mixin.py:188} INFO - [2024-03-17T10:34:27.080+0500] {dag.py:3834} INFO - Setting next_dagrun for example_dag_decorator to None, run_after=None
[2024-03-17T10:34:27.186+0500] {processor.py:183} INFO - Processing /home/muhammadsami/Public/Projects/Airflow/DataPipelineswithApacheAirflow/.env/lib/python3.8/site-packages/airflow/example_dags/example_dag_decorator.py took 0.211 seconds
[2024-03-17T10:35:46.505+0500] {processor.py:161} INFO - Started process (PID=20327) to work on /home/muhammadsami/Public/Projects/Airflow/DataPipelineswithApacheAirflow/.env/lib/python3.8/site-packages/airflow/example_dags/example_dag_decorator.py
[2024-03-17T10:35:46.506+0500] {processor.py:830} INFO - Processing file /home/muhammadsami/Public/Projects/Airflow/DataPipelineswithApacheAirflow/.env/lib/python3.8/site-packages/airflow/example_dags/example_dag_decorator.py for tasks to queue
[2024-03-17T10:35:46.507+0500] {logging_mixin.py:188} INFO - [2024-03-17T10:35:46.507+0500] {dagbag.py:540} INFO - Filling up the DagBag from /home/muhammadsami/Public/Projects/Airflow/DataPipelineswithApacheAirflow/.env/lib/python3.8/site-packages/airflow/example_dags/example_dag_decorator.py
[2024-03-17T10:35:46.580+0500] {processor.py:840} INFO - DAG(s) 'example_dag_decorator' retrieved from /home/muhammadsami/Public/Projects/Airflow/DataPipelineswithApacheAirflow/.env/lib/python3.8/site-packages/airflow/example_dags/example_dag_decorator.py
[2024-03-17T10:35:46.664+0500] {logging_mixin.py:188} INFO - [2024-03-17T10:35:46.664+0500] {dag.py:3047} INFO - Sync 1 DAGs
[2024-03-17T10:35:46.672+0500] {logging_mixin.py:188} INFO - [2024-03-17T10:35:46.672+0500] {dag.py:3834} INFO - Setting next_dagrun for example_dag_decorator to None, run_after=None
[2024-03-17T10:35:46.787+0500] {processor.py:183} INFO - Processing /home/muhammadsami/Public/Projects/Airflow/DataPipelineswithApacheAirflow/.env/lib/python3.8/site-packages/airflow/example_dags/example_dag_decorator.py took 0.284 seconds
[2024-03-17T10:37:13.241+0500] {processor.py:161} INFO - Started process (PID=20709) to work on /home/muhammadsami/Public/Projects/Airflow/DataPipelineswithApacheAirflow/.env/lib/python3.8/site-packages/airflow/example_dags/example_dag_decorator.py
[2024-03-17T10:37:13.243+0500] {processor.py:830} INFO - Processing file /home/muhammadsami/Public/Projects/Airflow/DataPipelineswithApacheAirflow/.env/lib/python3.8/site-packages/airflow/example_dags/example_dag_decorator.py for tasks to queue
[2024-03-17T10:37:13.244+0500] {logging_mixin.py:188} INFO - [2024-03-17T10:37:13.244+0500] {dagbag.py:540} INFO - Filling up the DagBag from /home/muhammadsami/Public/Projects/Airflow/DataPipelineswithApacheAirflow/.env/lib/python3.8/site-packages/airflow/example_dags/example_dag_decorator.py
[2024-03-17T10:37:13.320+0500] {processor.py:840} INFO - DAG(s) 'example_dag_decorator' retrieved from /home/muhammadsami/Public/Projects/Airflow/DataPipelineswithApacheAirflow/.env/lib/python3.8/site-packages/airflow/example_dags/example_dag_decorator.py
[2024-03-17T10:37:13.399+0500] {logging_mixin.py:188} INFO - [2024-03-17T10:37:13.398+0500] {dag.py:3047} INFO - Sync 1 DAGs
[2024-03-17T10:37:13.406+0500] {logging_mixin.py:188} INFO - [2024-03-17T10:37:13.406+0500] {dag.py:3834} INFO - Setting next_dagrun for example_dag_decorator to None, run_after=None
[2024-03-17T10:37:13.515+0500] {processor.py:183} INFO - Processing /home/muhammadsami/Public/Projects/Airflow/DataPipelineswithApacheAirflow/.env/lib/python3.8/site-packages/airflow/example_dags/example_dag_decorator.py took 0.276 seconds
[2024-03-17T10:38:04.858+0500] {processor.py:161} INFO - Started process (PID=20825) to work on /home/muhammadsami/Public/Projects/Airflow/DataPipelineswithApacheAirflow/.env/lib/python3.8/site-packages/airflow/example_dags/example_dag_decorator.py
[2024-03-17T10:38:04.860+0500] {processor.py:830} INFO - Processing file /home/muhammadsami/Public/Projects/Airflow/DataPipelineswithApacheAirflow/.env/lib/python3.8/site-packages/airflow/example_dags/example_dag_decorator.py for tasks to queue
[2024-03-17T10:38:04.861+0500] {logging_mixin.py:188} INFO - [2024-03-17T10:38:04.861+0500] {dagbag.py:540} INFO - Filling up the DagBag from /home/muhammadsami/Public/Projects/Airflow/DataPipelineswithApacheAirflow/.env/lib/python3.8/site-packages/airflow/example_dags/example_dag_decorator.py
[2024-03-17T10:38:04.961+0500] {processor.py:840} INFO - DAG(s) 'example_dag_decorator' retrieved from /home/muhammadsami/Public/Projects/Airflow/DataPipelineswithApacheAirflow/.env/lib/python3.8/site-packages/airflow/example_dags/example_dag_decorator.py
[2024-03-17T10:38:05.045+0500] {logging_mixin.py:188} INFO - [2024-03-17T10:38:05.044+0500] {dag.py:3047} INFO - Sync 1 DAGs
[2024-03-17T10:38:05.062+0500] {logging_mixin.py:188} INFO - [2024-03-17T10:38:05.062+0500] {dag.py:3834} INFO - Setting next_dagrun for example_dag_decorator to None, run_after=None
[2024-03-17T10:38:05.180+0500] {processor.py:183} INFO - Processing /home/muhammadsami/Public/Projects/Airflow/DataPipelineswithApacheAirflow/.env/lib/python3.8/site-packages/airflow/example_dags/example_dag_decorator.py took 0.324 seconds
[2024-03-17T10:39:18.792+0500] {processor.py:161} INFO - Started process (PID=21228) to work on /home/muhammadsami/Public/Projects/Airflow/DataPipelineswithApacheAirflow/.env/lib/python3.8/site-packages/airflow/example_dags/example_dag_decorator.py
[2024-03-17T10:39:18.793+0500] {processor.py:830} INFO - Processing file /home/muhammadsami/Public/Projects/Airflow/DataPipelineswithApacheAirflow/.env/lib/python3.8/site-packages/airflow/example_dags/example_dag_decorator.py for tasks to queue
[2024-03-17T10:39:18.794+0500] {logging_mixin.py:188} INFO - [2024-03-17T10:39:18.794+0500] {dagbag.py:540} INFO - Filling up the DagBag from /home/muhammadsami/Public/Projects/Airflow/DataPipelineswithApacheAirflow/.env/lib/python3.8/site-packages/airflow/example_dags/example_dag_decorator.py
[2024-03-17T10:39:18.881+0500] {processor.py:840} INFO - DAG(s) 'example_dag_decorator' retrieved from /home/muhammadsami/Public/Projects/Airflow/DataPipelineswithApacheAirflow/.env/lib/python3.8/site-packages/airflow/example_dags/example_dag_decorator.py
[2024-03-17T10:39:19.010+0500] {logging_mixin.py:188} INFO - [2024-03-17T10:39:19.010+0500] {dag.py:3047} INFO - Sync 1 DAGs
[2024-03-17T10:39:19.028+0500] {logging_mixin.py:188} INFO - [2024-03-17T10:39:19.027+0500] {dag.py:3834} INFO - Setting next_dagrun for example_dag_decorator to None, run_after=None
[2024-03-17T10:39:19.130+0500] {processor.py:183} INFO - Processing /home/muhammadsami/Public/Projects/Airflow/DataPipelineswithApacheAirflow/.env/lib/python3.8/site-packages/airflow/example_dags/example_dag_decorator.py took 0.341 seconds
[2024-03-17T10:40:28.962+0500] {processor.py:161} INFO - Started process (PID=21453) to work on /home/muhammadsami/Public/Projects/Airflow/DataPipelineswithApacheAirflow/.env/lib/python3.8/site-packages/airflow/example_dags/example_dag_decorator.py
[2024-03-17T10:40:28.977+0500] {processor.py:830} INFO - Processing file /home/muhammadsami/Public/Projects/Airflow/DataPipelineswithApacheAirflow/.env/lib/python3.8/site-packages/airflow/example_dags/example_dag_decorator.py for tasks to queue
[2024-03-17T10:40:28.978+0500] {logging_mixin.py:188} INFO - [2024-03-17T10:40:28.978+0500] {dagbag.py:540} INFO - Filling up the DagBag from /home/muhammadsami/Public/Projects/Airflow/DataPipelineswithApacheAirflow/.env/lib/python3.8/site-packages/airflow/example_dags/example_dag_decorator.py
[2024-03-17T10:40:29.047+0500] {processor.py:840} INFO - DAG(s) 'example_dag_decorator' retrieved from /home/muhammadsami/Public/Projects/Airflow/DataPipelineswithApacheAirflow/.env/lib/python3.8/site-packages/airflow/example_dags/example_dag_decorator.py
[2024-03-17T10:40:29.131+0500] {logging_mixin.py:188} INFO - [2024-03-17T10:40:29.131+0500] {dag.py:3047} INFO - Sync 1 DAGs
[2024-03-17T10:40:29.140+0500] {logging_mixin.py:188} INFO - [2024-03-17T10:40:29.140+0500] {dag.py:3834} INFO - Setting next_dagrun for example_dag_decorator to None, run_after=None
[2024-03-17T10:40:29.235+0500] {processor.py:183} INFO - Processing /home/muhammadsami/Public/Projects/Airflow/DataPipelineswithApacheAirflow/.env/lib/python3.8/site-packages/airflow/example_dags/example_dag_decorator.py took 0.276 seconds
[2024-03-17T10:41:44.522+0500] {processor.py:161} INFO - Started process (PID=21707) to work on /home/muhammadsami/Public/Projects/Airflow/DataPipelineswithApacheAirflow/.env/lib/python3.8/site-packages/airflow/example_dags/example_dag_decorator.py
[2024-03-17T10:41:44.539+0500] {processor.py:830} INFO - Processing file /home/muhammadsami/Public/Projects/Airflow/DataPipelineswithApacheAirflow/.env/lib/python3.8/site-packages/airflow/example_dags/example_dag_decorator.py for tasks to queue
[2024-03-17T10:41:44.540+0500] {logging_mixin.py:188} INFO - [2024-03-17T10:41:44.540+0500] {dagbag.py:540} INFO - Filling up the DagBag from /home/muhammadsami/Public/Projects/Airflow/DataPipelineswithApacheAirflow/.env/lib/python3.8/site-packages/airflow/example_dags/example_dag_decorator.py
[2024-03-17T10:41:44.608+0500] {processor.py:840} INFO - DAG(s) 'example_dag_decorator' retrieved from /home/muhammadsami/Public/Projects/Airflow/DataPipelineswithApacheAirflow/.env/lib/python3.8/site-packages/airflow/example_dags/example_dag_decorator.py
[2024-03-17T10:41:44.687+0500] {logging_mixin.py:188} INFO - [2024-03-17T10:41:44.687+0500] {dag.py:3047} INFO - Sync 1 DAGs
[2024-03-17T10:41:44.697+0500] {logging_mixin.py:188} INFO - [2024-03-17T10:41:44.697+0500] {dag.py:3834} INFO - Setting next_dagrun for example_dag_decorator to None, run_after=None
[2024-03-17T10:41:44.808+0500] {processor.py:183} INFO - Processing /home/muhammadsami/Public/Projects/Airflow/DataPipelineswithApacheAirflow/.env/lib/python3.8/site-packages/airflow/example_dags/example_dag_decorator.py took 0.288 seconds
[2024-03-17T10:43:01.174+0500] {processor.py:161} INFO - Started process (PID=22025) to work on /home/muhammadsami/Public/Projects/Airflow/DataPipelineswithApacheAirflow/.env/lib/python3.8/site-packages/airflow/example_dags/example_dag_decorator.py
[2024-03-17T10:43:01.183+0500] {processor.py:830} INFO - Processing file /home/muhammadsami/Public/Projects/Airflow/DataPipelineswithApacheAirflow/.env/lib/python3.8/site-packages/airflow/example_dags/example_dag_decorator.py for tasks to queue
[2024-03-17T10:43:01.184+0500] {logging_mixin.py:188} INFO - [2024-03-17T10:43:01.184+0500] {dagbag.py:540} INFO - Filling up the DagBag from /home/muhammadsami/Public/Projects/Airflow/DataPipelineswithApacheAirflow/.env/lib/python3.8/site-packages/airflow/example_dags/example_dag_decorator.py
[2024-03-17T10:43:01.256+0500] {processor.py:840} INFO - DAG(s) 'example_dag_decorator' retrieved from /home/muhammadsami/Public/Projects/Airflow/DataPipelineswithApacheAirflow/.env/lib/python3.8/site-packages/airflow/example_dags/example_dag_decorator.py
[2024-03-17T10:43:01.274+0500] {logging_mixin.py:188} INFO - [2024-03-17T10:43:01.274+0500] {dag.py:3047} INFO - Sync 1 DAGs
[2024-03-17T10:43:01.284+0500] {logging_mixin.py:188} INFO - [2024-03-17T10:43:01.284+0500] {dag.py:3834} INFO - Setting next_dagrun for example_dag_decorator to None, run_after=None
[2024-03-17T10:43:01.383+0500] {processor.py:183} INFO - Processing /home/muhammadsami/Public/Projects/Airflow/DataPipelineswithApacheAirflow/.env/lib/python3.8/site-packages/airflow/example_dags/example_dag_decorator.py took 0.211 seconds
[2024-03-17T10:43:57.654+0500] {processor.py:161} INFO - Started process (PID=22337) to work on /home/muhammadsami/Public/Projects/Airflow/DataPipelineswithApacheAirflow/.env/lib/python3.8/site-packages/airflow/example_dags/example_dag_decorator.py
[2024-03-17T10:43:57.671+0500] {processor.py:830} INFO - Processing file /home/muhammadsami/Public/Projects/Airflow/DataPipelineswithApacheAirflow/.env/lib/python3.8/site-packages/airflow/example_dags/example_dag_decorator.py for tasks to queue
[2024-03-17T10:43:57.672+0500] {logging_mixin.py:188} INFO - [2024-03-17T10:43:57.671+0500] {dagbag.py:540} INFO - Filling up the DagBag from /home/muhammadsami/Public/Projects/Airflow/DataPipelineswithApacheAirflow/.env/lib/python3.8/site-packages/airflow/example_dags/example_dag_decorator.py
[2024-03-17T10:43:57.748+0500] {processor.py:840} INFO - DAG(s) 'example_dag_decorator' retrieved from /home/muhammadsami/Public/Projects/Airflow/DataPipelineswithApacheAirflow/.env/lib/python3.8/site-packages/airflow/example_dags/example_dag_decorator.py
[2024-03-17T10:43:57.835+0500] {logging_mixin.py:188} INFO - [2024-03-17T10:43:57.835+0500] {dag.py:3047} INFO - Sync 1 DAGs
[2024-03-17T10:43:57.843+0500] {logging_mixin.py:188} INFO - [2024-03-17T10:43:57.842+0500] {dag.py:3834} INFO - Setting next_dagrun for example_dag_decorator to None, run_after=None
[2024-03-17T10:43:57.955+0500] {processor.py:183} INFO - Processing /home/muhammadsami/Public/Projects/Airflow/DataPipelineswithApacheAirflow/.env/lib/python3.8/site-packages/airflow/example_dags/example_dag_decorator.py took 0.303 seconds
[2024-03-17T10:45:10.519+0500] {processor.py:161} INFO - Started process (PID=22486) to work on /home/muhammadsami/Public/Projects/Airflow/DataPipelineswithApacheAirflow/.env/lib/python3.8/site-packages/airflow/example_dags/example_dag_decorator.py
[2024-03-17T10:45:10.535+0500] {processor.py:830} INFO - Processing file /home/muhammadsami/Public/Projects/Airflow/DataPipelineswithApacheAirflow/.env/lib/python3.8/site-packages/airflow/example_dags/example_dag_decorator.py for tasks to queue
[2024-03-17T10:45:10.536+0500] {logging_mixin.py:188} INFO - [2024-03-17T10:45:10.536+0500] {dagbag.py:540} INFO - Filling up the DagBag from /home/muhammadsami/Public/Projects/Airflow/DataPipelineswithApacheAirflow/.env/lib/python3.8/site-packages/airflow/example_dags/example_dag_decorator.py
[2024-03-17T10:45:10.609+0500] {processor.py:840} INFO - DAG(s) 'example_dag_decorator' retrieved from /home/muhammadsami/Public/Projects/Airflow/DataPipelineswithApacheAirflow/.env/lib/python3.8/site-packages/airflow/example_dags/example_dag_decorator.py
[2024-03-17T10:45:10.626+0500] {logging_mixin.py:188} INFO - [2024-03-17T10:45:10.626+0500] {dag.py:3047} INFO - Sync 1 DAGs
[2024-03-17T10:45:10.636+0500] {logging_mixin.py:188} INFO - [2024-03-17T10:45:10.636+0500] {dag.py:3834} INFO - Setting next_dagrun for example_dag_decorator to None, run_after=None
[2024-03-17T10:45:10.744+0500] {processor.py:183} INFO - Processing /home/muhammadsami/Public/Projects/Airflow/DataPipelineswithApacheAirflow/.env/lib/python3.8/site-packages/airflow/example_dags/example_dag_decorator.py took 0.228 seconds
[2024-03-17T10:46:31.346+0500] {processor.py:161} INFO - Started process (PID=22696) to work on /home/muhammadsami/Public/Projects/Airflow/DataPipelineswithApacheAirflow/.env/lib/python3.8/site-packages/airflow/example_dags/example_dag_decorator.py
[2024-03-17T10:46:31.357+0500] {processor.py:830} INFO - Processing file /home/muhammadsami/Public/Projects/Airflow/DataPipelineswithApacheAirflow/.env/lib/python3.8/site-packages/airflow/example_dags/example_dag_decorator.py for tasks to queue
[2024-03-17T10:46:31.358+0500] {logging_mixin.py:188} INFO - [2024-03-17T10:46:31.358+0500] {dagbag.py:540} INFO - Filling up the DagBag from /home/muhammadsami/Public/Projects/Airflow/DataPipelineswithApacheAirflow/.env/lib/python3.8/site-packages/airflow/example_dags/example_dag_decorator.py
[2024-03-17T10:46:31.433+0500] {processor.py:840} INFO - DAG(s) 'example_dag_decorator' retrieved from /home/muhammadsami/Public/Projects/Airflow/DataPipelineswithApacheAirflow/.env/lib/python3.8/site-packages/airflow/example_dags/example_dag_decorator.py
[2024-03-17T10:46:31.546+0500] {logging_mixin.py:188} INFO - [2024-03-17T10:46:31.546+0500] {dag.py:3047} INFO - Sync 1 DAGs
[2024-03-17T10:46:31.562+0500] {logging_mixin.py:188} INFO - [2024-03-17T10:46:31.561+0500] {dag.py:3834} INFO - Setting next_dagrun for example_dag_decorator to None, run_after=None
[2024-03-17T10:46:31.688+0500] {processor.py:183} INFO - Processing /home/muhammadsami/Public/Projects/Airflow/DataPipelineswithApacheAirflow/.env/lib/python3.8/site-packages/airflow/example_dags/example_dag_decorator.py took 0.345 seconds
[2024-03-17T10:47:50.289+0500] {processor.py:161} INFO - Started process (PID=22843) to work on /home/muhammadsami/Public/Projects/Airflow/DataPipelineswithApacheAirflow/.env/lib/python3.8/site-packages/airflow/example_dags/example_dag_decorator.py
[2024-03-17T10:47:50.299+0500] {processor.py:830} INFO - Processing file /home/muhammadsami/Public/Projects/Airflow/DataPipelineswithApacheAirflow/.env/lib/python3.8/site-packages/airflow/example_dags/example_dag_decorator.py for tasks to queue
[2024-03-17T10:47:50.300+0500] {logging_mixin.py:188} INFO - [2024-03-17T10:47:50.300+0500] {dagbag.py:540} INFO - Filling up the DagBag from /home/muhammadsami/Public/Projects/Airflow/DataPipelineswithApacheAirflow/.env/lib/python3.8/site-packages/airflow/example_dags/example_dag_decorator.py
[2024-03-17T10:47:50.370+0500] {processor.py:840} INFO - DAG(s) 'example_dag_decorator' retrieved from /home/muhammadsami/Public/Projects/Airflow/DataPipelineswithApacheAirflow/.env/lib/python3.8/site-packages/airflow/example_dags/example_dag_decorator.py
[2024-03-17T10:47:50.453+0500] {logging_mixin.py:188} INFO - [2024-03-17T10:47:50.453+0500] {dag.py:3047} INFO - Sync 1 DAGs
[2024-03-17T10:47:50.463+0500] {logging_mixin.py:188} INFO - [2024-03-17T10:47:50.463+0500] {dag.py:3834} INFO - Setting next_dagrun for example_dag_decorator to None, run_after=None
[2024-03-17T10:47:50.563+0500] {processor.py:183} INFO - Processing /home/muhammadsami/Public/Projects/Airflow/DataPipelineswithApacheAirflow/.env/lib/python3.8/site-packages/airflow/example_dags/example_dag_decorator.py took 0.276 seconds
[2024-03-17T10:49:02.889+0500] {processor.py:161} INFO - Started process (PID=23037) to work on /home/muhammadsami/Public/Projects/Airflow/DataPipelineswithApacheAirflow/.env/lib/python3.8/site-packages/airflow/example_dags/example_dag_decorator.py
[2024-03-17T10:49:02.891+0500] {processor.py:830} INFO - Processing file /home/muhammadsami/Public/Projects/Airflow/DataPipelineswithApacheAirflow/.env/lib/python3.8/site-packages/airflow/example_dags/example_dag_decorator.py for tasks to queue
[2024-03-17T10:49:02.892+0500] {logging_mixin.py:188} INFO - [2024-03-17T10:49:02.892+0500] {dagbag.py:540} INFO - Filling up the DagBag from /home/muhammadsami/Public/Projects/Airflow/DataPipelineswithApacheAirflow/.env/lib/python3.8/site-packages/airflow/example_dags/example_dag_decorator.py
[2024-03-17T10:49:02.970+0500] {processor.py:840} INFO - DAG(s) 'example_dag_decorator' retrieved from /home/muhammadsami/Public/Projects/Airflow/DataPipelineswithApacheAirflow/.env/lib/python3.8/site-packages/airflow/example_dags/example_dag_decorator.py
[2024-03-17T10:49:03.110+0500] {logging_mixin.py:188} INFO - [2024-03-17T10:49:03.110+0500] {dag.py:3047} INFO - Sync 1 DAGs
[2024-03-17T10:49:03.121+0500] {logging_mixin.py:188} INFO - [2024-03-17T10:49:03.121+0500] {dag.py:3834} INFO - Setting next_dagrun for example_dag_decorator to None, run_after=None
[2024-03-17T10:49:03.250+0500] {processor.py:183} INFO - Processing /home/muhammadsami/Public/Projects/Airflow/DataPipelineswithApacheAirflow/.env/lib/python3.8/site-packages/airflow/example_dags/example_dag_decorator.py took 0.363 seconds
[2024-03-17T10:50:49.516+0500] {processor.py:161} INFO - Started process (PID=24066) to work on /home/muhammadsami/Public/Projects/Airflow/DataPipelineswithApacheAirflow/.env/lib/python3.8/site-packages/airflow/example_dags/example_dag_decorator.py
[2024-03-17T10:50:49.523+0500] {processor.py:830} INFO - Processing file /home/muhammadsami/Public/Projects/Airflow/DataPipelineswithApacheAirflow/.env/lib/python3.8/site-packages/airflow/example_dags/example_dag_decorator.py for tasks to queue
[2024-03-17T10:50:49.524+0500] {logging_mixin.py:188} INFO - [2024-03-17T10:50:49.524+0500] {dagbag.py:540} INFO - Filling up the DagBag from /home/muhammadsami/Public/Projects/Airflow/DataPipelineswithApacheAirflow/.env/lib/python3.8/site-packages/airflow/example_dags/example_dag_decorator.py
[2024-03-17T10:50:49.600+0500] {processor.py:840} INFO - DAG(s) 'example_dag_decorator' retrieved from /home/muhammadsami/Public/Projects/Airflow/DataPipelineswithApacheAirflow/.env/lib/python3.8/site-packages/airflow/example_dags/example_dag_decorator.py
[2024-03-17T10:50:49.684+0500] {logging_mixin.py:188} INFO - [2024-03-17T10:50:49.684+0500] {dag.py:3047} INFO - Sync 1 DAGs
[2024-03-17T10:50:49.693+0500] {logging_mixin.py:188} INFO - [2024-03-17T10:50:49.693+0500] {dag.py:3834} INFO - Setting next_dagrun for example_dag_decorator to None, run_after=None
[2024-03-17T10:50:49.799+0500] {processor.py:183} INFO - Processing /home/muhammadsami/Public/Projects/Airflow/DataPipelineswithApacheAirflow/.env/lib/python3.8/site-packages/airflow/example_dags/example_dag_decorator.py took 0.285 seconds
[2024-03-17T10:52:05.049+0500] {processor.py:161} INFO - Started process (PID=24209) to work on /home/muhammadsami/Public/Projects/Airflow/DataPipelineswithApacheAirflow/.env/lib/python3.8/site-packages/airflow/example_dags/example_dag_decorator.py
[2024-03-17T10:52:05.063+0500] {processor.py:830} INFO - Processing file /home/muhammadsami/Public/Projects/Airflow/DataPipelineswithApacheAirflow/.env/lib/python3.8/site-packages/airflow/example_dags/example_dag_decorator.py for tasks to queue
[2024-03-17T10:52:05.064+0500] {logging_mixin.py:188} INFO - [2024-03-17T10:52:05.063+0500] {dagbag.py:540} INFO - Filling up the DagBag from /home/muhammadsami/Public/Projects/Airflow/DataPipelineswithApacheAirflow/.env/lib/python3.8/site-packages/airflow/example_dags/example_dag_decorator.py
[2024-03-17T10:52:05.137+0500] {processor.py:840} INFO - DAG(s) 'example_dag_decorator' retrieved from /home/muhammadsami/Public/Projects/Airflow/DataPipelineswithApacheAirflow/.env/lib/python3.8/site-packages/airflow/example_dags/example_dag_decorator.py
[2024-03-17T10:52:05.216+0500] {logging_mixin.py:188} INFO - [2024-03-17T10:52:05.216+0500] {dag.py:3047} INFO - Sync 1 DAGs
[2024-03-17T10:52:05.225+0500] {logging_mixin.py:188} INFO - [2024-03-17T10:52:05.224+0500] {dag.py:3834} INFO - Setting next_dagrun for example_dag_decorator to None, run_after=None
[2024-03-17T10:52:05.321+0500] {processor.py:183} INFO - Processing /home/muhammadsami/Public/Projects/Airflow/DataPipelineswithApacheAirflow/.env/lib/python3.8/site-packages/airflow/example_dags/example_dag_decorator.py took 0.274 seconds
[2024-03-17T10:53:03.173+0500] {processor.py:161} INFO - Started process (PID=24330) to work on /home/muhammadsami/Public/Projects/Airflow/DataPipelineswithApacheAirflow/.env/lib/python3.8/site-packages/airflow/example_dags/example_dag_decorator.py
[2024-03-17T10:53:03.175+0500] {processor.py:830} INFO - Processing file /home/muhammadsami/Public/Projects/Airflow/DataPipelineswithApacheAirflow/.env/lib/python3.8/site-packages/airflow/example_dags/example_dag_decorator.py for tasks to queue
[2024-03-17T10:53:03.176+0500] {logging_mixin.py:188} INFO - [2024-03-17T10:53:03.175+0500] {dagbag.py:540} INFO - Filling up the DagBag from /home/muhammadsami/Public/Projects/Airflow/DataPipelineswithApacheAirflow/.env/lib/python3.8/site-packages/airflow/example_dags/example_dag_decorator.py
[2024-03-17T10:53:03.249+0500] {processor.py:840} INFO - DAG(s) 'example_dag_decorator' retrieved from /home/muhammadsami/Public/Projects/Airflow/DataPipelineswithApacheAirflow/.env/lib/python3.8/site-packages/airflow/example_dags/example_dag_decorator.py
[2024-03-17T10:53:03.327+0500] {logging_mixin.py:188} INFO - [2024-03-17T10:53:03.327+0500] {dag.py:3047} INFO - Sync 1 DAGs
[2024-03-17T10:53:03.336+0500] {logging_mixin.py:188} INFO - [2024-03-17T10:53:03.336+0500] {dag.py:3834} INFO - Setting next_dagrun for example_dag_decorator to None, run_after=None
[2024-03-17T10:53:03.446+0500] {processor.py:183} INFO - Processing /home/muhammadsami/Public/Projects/Airflow/DataPipelineswithApacheAirflow/.env/lib/python3.8/site-packages/airflow/example_dags/example_dag_decorator.py took 0.275 seconds
[2024-03-17T10:54:22.199+0500] {processor.py:161} INFO - Started process (PID=24581) to work on /home/muhammadsami/Public/Projects/Airflow/DataPipelineswithApacheAirflow/.env/lib/python3.8/site-packages/airflow/example_dags/example_dag_decorator.py
[2024-03-17T10:54:22.206+0500] {processor.py:830} INFO - Processing file /home/muhammadsami/Public/Projects/Airflow/DataPipelineswithApacheAirflow/.env/lib/python3.8/site-packages/airflow/example_dags/example_dag_decorator.py for tasks to queue
[2024-03-17T10:54:22.208+0500] {logging_mixin.py:188} INFO - [2024-03-17T10:54:22.208+0500] {dagbag.py:540} INFO - Filling up the DagBag from /home/muhammadsami/Public/Projects/Airflow/DataPipelineswithApacheAirflow/.env/lib/python3.8/site-packages/airflow/example_dags/example_dag_decorator.py
[2024-03-17T10:54:22.296+0500] {processor.py:840} INFO - DAG(s) 'example_dag_decorator' retrieved from /home/muhammadsami/Public/Projects/Airflow/DataPipelineswithApacheAirflow/.env/lib/python3.8/site-packages/airflow/example_dags/example_dag_decorator.py
[2024-03-17T10:54:22.392+0500] {logging_mixin.py:188} INFO - [2024-03-17T10:54:22.392+0500] {dag.py:3047} INFO - Sync 1 DAGs
[2024-03-17T10:54:22.402+0500] {logging_mixin.py:188} INFO - [2024-03-17T10:54:22.402+0500] {dag.py:3834} INFO - Setting next_dagrun for example_dag_decorator to None, run_after=None
[2024-03-17T10:54:22.513+0500] {processor.py:183} INFO - Processing /home/muhammadsami/Public/Projects/Airflow/DataPipelineswithApacheAirflow/.env/lib/python3.8/site-packages/airflow/example_dags/example_dag_decorator.py took 0.317 seconds
[2024-03-17T10:55:41.767+0500] {processor.py:161} INFO - Started process (PID=24915) to work on /home/muhammadsami/Public/Projects/Airflow/DataPipelineswithApacheAirflow/.env/lib/python3.8/site-packages/airflow/example_dags/example_dag_decorator.py
[2024-03-17T10:55:41.782+0500] {processor.py:830} INFO - Processing file /home/muhammadsami/Public/Projects/Airflow/DataPipelineswithApacheAirflow/.env/lib/python3.8/site-packages/airflow/example_dags/example_dag_decorator.py for tasks to queue
[2024-03-17T10:55:41.783+0500] {logging_mixin.py:188} INFO - [2024-03-17T10:55:41.783+0500] {dagbag.py:540} INFO - Filling up the DagBag from /home/muhammadsami/Public/Projects/Airflow/DataPipelineswithApacheAirflow/.env/lib/python3.8/site-packages/airflow/example_dags/example_dag_decorator.py
[2024-03-17T10:55:41.870+0500] {processor.py:840} INFO - DAG(s) 'example_dag_decorator' retrieved from /home/muhammadsami/Public/Projects/Airflow/DataPipelineswithApacheAirflow/.env/lib/python3.8/site-packages/airflow/example_dags/example_dag_decorator.py
[2024-03-17T10:55:41.952+0500] {logging_mixin.py:188} INFO - [2024-03-17T10:55:41.952+0500] {dag.py:3047} INFO - Sync 1 DAGs
[2024-03-17T10:55:41.961+0500] {logging_mixin.py:188} INFO - [2024-03-17T10:55:41.961+0500] {dag.py:3834} INFO - Setting next_dagrun for example_dag_decorator to None, run_after=None
[2024-03-17T10:55:42.061+0500] {processor.py:183} INFO - Processing /home/muhammadsami/Public/Projects/Airflow/DataPipelineswithApacheAirflow/.env/lib/python3.8/site-packages/airflow/example_dags/example_dag_decorator.py took 0.296 seconds
[2024-03-17T10:56:57.983+0500] {processor.py:161} INFO - Started process (PID=25285) to work on /home/muhammadsami/Public/Projects/Airflow/DataPipelineswithApacheAirflow/.env/lib/python3.8/site-packages/airflow/example_dags/example_dag_decorator.py
[2024-03-17T10:56:58.016+0500] {processor.py:830} INFO - Processing file /home/muhammadsami/Public/Projects/Airflow/DataPipelineswithApacheAirflow/.env/lib/python3.8/site-packages/airflow/example_dags/example_dag_decorator.py for tasks to queue
[2024-03-17T10:56:58.017+0500] {logging_mixin.py:188} INFO - [2024-03-17T10:56:58.017+0500] {dagbag.py:540} INFO - Filling up the DagBag from /home/muhammadsami/Public/Projects/Airflow/DataPipelineswithApacheAirflow/.env/lib/python3.8/site-packages/airflow/example_dags/example_dag_decorator.py
[2024-03-17T10:56:58.087+0500] {processor.py:840} INFO - DAG(s) 'example_dag_decorator' retrieved from /home/muhammadsami/Public/Projects/Airflow/DataPipelineswithApacheAirflow/.env/lib/python3.8/site-packages/airflow/example_dags/example_dag_decorator.py
[2024-03-17T10:56:58.171+0500] {logging_mixin.py:188} INFO - [2024-03-17T10:56:58.171+0500] {dag.py:3047} INFO - Sync 1 DAGs
[2024-03-17T10:56:58.180+0500] {logging_mixin.py:188} INFO - [2024-03-17T10:56:58.180+0500] {dag.py:3834} INFO - Setting next_dagrun for example_dag_decorator to None, run_after=None
[2024-03-17T10:56:58.290+0500] {processor.py:183} INFO - Processing /home/muhammadsami/Public/Projects/Airflow/DataPipelineswithApacheAirflow/.env/lib/python3.8/site-packages/airflow/example_dags/example_dag_decorator.py took 0.309 seconds
[2024-03-17T10:57:52.933+0500] {processor.py:161} INFO - Started process (PID=25563) to work on /home/muhammadsami/Public/Projects/Airflow/DataPipelineswithApacheAirflow/.env/lib/python3.8/site-packages/airflow/example_dags/example_dag_decorator.py
[2024-03-17T10:57:52.945+0500] {processor.py:830} INFO - Processing file /home/muhammadsami/Public/Projects/Airflow/DataPipelineswithApacheAirflow/.env/lib/python3.8/site-packages/airflow/example_dags/example_dag_decorator.py for tasks to queue
[2024-03-17T10:57:52.946+0500] {logging_mixin.py:188} INFO - [2024-03-17T10:57:52.946+0500] {dagbag.py:540} INFO - Filling up the DagBag from /home/muhammadsami/Public/Projects/Airflow/DataPipelineswithApacheAirflow/.env/lib/python3.8/site-packages/airflow/example_dags/example_dag_decorator.py
[2024-03-17T10:57:53.028+0500] {processor.py:840} INFO - DAG(s) 'example_dag_decorator' retrieved from /home/muhammadsami/Public/Projects/Airflow/DataPipelineswithApacheAirflow/.env/lib/python3.8/site-packages/airflow/example_dags/example_dag_decorator.py
[2024-03-17T10:57:53.117+0500] {logging_mixin.py:188} INFO - [2024-03-17T10:57:53.117+0500] {dag.py:3047} INFO - Sync 1 DAGs
[2024-03-17T10:57:53.126+0500] {logging_mixin.py:188} INFO - [2024-03-17T10:57:53.126+0500] {dag.py:3834} INFO - Setting next_dagrun for example_dag_decorator to None, run_after=None
[2024-03-17T10:57:53.247+0500] {processor.py:183} INFO - Processing /home/muhammadsami/Public/Projects/Airflow/DataPipelineswithApacheAirflow/.env/lib/python3.8/site-packages/airflow/example_dags/example_dag_decorator.py took 0.317 seconds
[2024-03-17T10:59:00.227+0500] {processor.py:161} INFO - Started process (PID=25951) to work on /home/muhammadsami/Public/Projects/Airflow/DataPipelineswithApacheAirflow/.env/lib/python3.8/site-packages/airflow/example_dags/example_dag_decorator.py
[2024-03-17T10:59:00.228+0500] {processor.py:830} INFO - Processing file /home/muhammadsami/Public/Projects/Airflow/DataPipelineswithApacheAirflow/.env/lib/python3.8/site-packages/airflow/example_dags/example_dag_decorator.py for tasks to queue
[2024-03-17T10:59:00.229+0500] {logging_mixin.py:188} INFO - [2024-03-17T10:59:00.229+0500] {dagbag.py:540} INFO - Filling up the DagBag from /home/muhammadsami/Public/Projects/Airflow/DataPipelineswithApacheAirflow/.env/lib/python3.8/site-packages/airflow/example_dags/example_dag_decorator.py
[2024-03-17T10:59:00.301+0500] {processor.py:840} INFO - DAG(s) 'example_dag_decorator' retrieved from /home/muhammadsami/Public/Projects/Airflow/DataPipelineswithApacheAirflow/.env/lib/python3.8/site-packages/airflow/example_dags/example_dag_decorator.py
[2024-03-17T10:59:00.385+0500] {logging_mixin.py:188} INFO - [2024-03-17T10:59:00.385+0500] {dag.py:3047} INFO - Sync 1 DAGs
[2024-03-17T10:59:00.393+0500] {logging_mixin.py:188} INFO - [2024-03-17T10:59:00.393+0500] {dag.py:3834} INFO - Setting next_dagrun for example_dag_decorator to None, run_after=None
[2024-03-17T10:59:00.509+0500] {processor.py:183} INFO - Processing /home/muhammadsami/Public/Projects/Airflow/DataPipelineswithApacheAirflow/.env/lib/python3.8/site-packages/airflow/example_dags/example_dag_decorator.py took 0.285 seconds
[2024-03-17T10:59:55.921+0500] {processor.py:161} INFO - Started process (PID=26280) to work on /home/muhammadsami/Public/Projects/Airflow/DataPipelineswithApacheAirflow/.env/lib/python3.8/site-packages/airflow/example_dags/example_dag_decorator.py
[2024-03-17T10:59:55.922+0500] {processor.py:830} INFO - Processing file /home/muhammadsami/Public/Projects/Airflow/DataPipelineswithApacheAirflow/.env/lib/python3.8/site-packages/airflow/example_dags/example_dag_decorator.py for tasks to queue
[2024-03-17T10:59:55.923+0500] {logging_mixin.py:188} INFO - [2024-03-17T10:59:55.923+0500] {dagbag.py:540} INFO - Filling up the DagBag from /home/muhammadsami/Public/Projects/Airflow/DataPipelineswithApacheAirflow/.env/lib/python3.8/site-packages/airflow/example_dags/example_dag_decorator.py
[2024-03-17T10:59:55.993+0500] {processor.py:840} INFO - DAG(s) 'example_dag_decorator' retrieved from /home/muhammadsami/Public/Projects/Airflow/DataPipelineswithApacheAirflow/.env/lib/python3.8/site-packages/airflow/example_dags/example_dag_decorator.py
[2024-03-17T10:59:56.082+0500] {logging_mixin.py:188} INFO - [2024-03-17T10:59:56.082+0500] {dag.py:3047} INFO - Sync 1 DAGs
[2024-03-17T10:59:56.090+0500] {logging_mixin.py:188} INFO - [2024-03-17T10:59:56.090+0500] {dag.py:3834} INFO - Setting next_dagrun for example_dag_decorator to None, run_after=None
[2024-03-17T10:59:56.185+0500] {processor.py:183} INFO - Processing /home/muhammadsami/Public/Projects/Airflow/DataPipelineswithApacheAirflow/.env/lib/python3.8/site-packages/airflow/example_dags/example_dag_decorator.py took 0.267 seconds
[2024-03-17T11:01:25.657+0500] {processor.py:161} INFO - Started process (PID=26759) to work on /home/muhammadsami/Public/Projects/Airflow/DataPipelineswithApacheAirflow/.env/lib/python3.8/site-packages/airflow/example_dags/example_dag_decorator.py
[2024-03-17T11:01:25.658+0500] {processor.py:830} INFO - Processing file /home/muhammadsami/Public/Projects/Airflow/DataPipelineswithApacheAirflow/.env/lib/python3.8/site-packages/airflow/example_dags/example_dag_decorator.py for tasks to queue
[2024-03-17T11:01:25.659+0500] {logging_mixin.py:188} INFO - [2024-03-17T11:01:25.659+0500] {dagbag.py:540} INFO - Filling up the DagBag from /home/muhammadsami/Public/Projects/Airflow/DataPipelineswithApacheAirflow/.env/lib/python3.8/site-packages/airflow/example_dags/example_dag_decorator.py
[2024-03-17T11:01:25.741+0500] {processor.py:840} INFO - DAG(s) 'example_dag_decorator' retrieved from /home/muhammadsami/Public/Projects/Airflow/DataPipelineswithApacheAirflow/.env/lib/python3.8/site-packages/airflow/example_dags/example_dag_decorator.py
[2024-03-17T11:01:25.854+0500] {logging_mixin.py:188} INFO - [2024-03-17T11:01:25.854+0500] {dag.py:3047} INFO - Sync 1 DAGs
[2024-03-17T11:01:25.872+0500] {logging_mixin.py:188} INFO - [2024-03-17T11:01:25.872+0500] {dag.py:3834} INFO - Setting next_dagrun for example_dag_decorator to None, run_after=None
[2024-03-17T11:01:26.001+0500] {processor.py:183} INFO - Processing /home/muhammadsami/Public/Projects/Airflow/DataPipelineswithApacheAirflow/.env/lib/python3.8/site-packages/airflow/example_dags/example_dag_decorator.py took 0.347 seconds
