[2024-03-17T08:52:24.677+0500] {processor.py:161} INFO - Started process (PID=6361) to work on /home/muhammadsami/Public/Projects/Airflow/DataPipelineswithApacheAirflow/.env/lib/python3.8/site-packages/airflow/example_dags/example_branch_labels.py
[2024-03-17T08:52:24.677+0500] {processor.py:830} INFO - Processing file /home/muhammadsami/Public/Projects/Airflow/DataPipelineswithApacheAirflow/.env/lib/python3.8/site-packages/airflow/example_dags/example_branch_labels.py for tasks to queue
[2024-03-17T08:52:24.678+0500] {logging_mixin.py:188} INFO - [2024-03-17T08:52:24.678+0500] {dagbag.py:540} INFO - Filling up the DagBag from /home/muhammadsami/Public/Projects/Airflow/DataPipelineswithApacheAirflow/.env/lib/python3.8/site-packages/airflow/example_dags/example_branch_labels.py
[2024-03-17T08:52:24.687+0500] {processor.py:840} INFO - DAG(s) 'example_branch_labels' retrieved from /home/muhammadsami/Public/Projects/Airflow/DataPipelineswithApacheAirflow/.env/lib/python3.8/site-packages/airflow/example_dags/example_branch_labels.py
[2024-03-17T08:52:24.854+0500] {logging_mixin.py:188} INFO - [2024-03-17T08:52:24.854+0500] {dag.py:3047} INFO - Sync 1 DAGs
[2024-03-17T08:52:24.868+0500] {logging_mixin.py:188} INFO - [2024-03-17T08:52:24.868+0500] {dag.py:3834} INFO - Setting next_dagrun for example_branch_labels to 2024-03-16 00:00:00+00:00, run_after=2024-03-17 00:00:00+00:00
[2024-03-17T08:52:25.006+0500] {processor.py:183} INFO - Processing /home/muhammadsami/Public/Projects/Airflow/DataPipelineswithApacheAirflow/.env/lib/python3.8/site-packages/airflow/example_dags/example_branch_labels.py took 0.332 seconds
[2024-03-17T08:53:28.777+0500] {processor.py:161} INFO - Started process (PID=6603) to work on /home/muhammadsami/Public/Projects/Airflow/DataPipelineswithApacheAirflow/.env/lib/python3.8/site-packages/airflow/example_dags/example_branch_labels.py
[2024-03-17T08:53:28.791+0500] {processor.py:830} INFO - Processing file /home/muhammadsami/Public/Projects/Airflow/DataPipelineswithApacheAirflow/.env/lib/python3.8/site-packages/airflow/example_dags/example_branch_labels.py for tasks to queue
[2024-03-17T08:53:28.792+0500] {logging_mixin.py:188} INFO - [2024-03-17T08:53:28.791+0500] {dagbag.py:540} INFO - Filling up the DagBag from /home/muhammadsami/Public/Projects/Airflow/DataPipelineswithApacheAirflow/.env/lib/python3.8/site-packages/airflow/example_dags/example_branch_labels.py
[2024-03-17T08:53:28.798+0500] {processor.py:840} INFO - DAG(s) 'example_branch_labels' retrieved from /home/muhammadsami/Public/Projects/Airflow/DataPipelineswithApacheAirflow/.env/lib/python3.8/site-packages/airflow/example_dags/example_branch_labels.py
[2024-03-17T08:53:29.146+0500] {logging_mixin.py:188} INFO - [2024-03-17T08:53:29.146+0500] {dag.py:3047} INFO - Sync 1 DAGs
[2024-03-17T08:53:29.456+0500] {logging_mixin.py:188} INFO - [2024-03-17T08:53:29.455+0500] {dag.py:3834} INFO - Setting next_dagrun for example_branch_labels to 2024-03-16 00:00:00+00:00, run_after=2024-03-17 00:00:00+00:00
[2024-03-17T08:53:29.908+0500] {processor.py:183} INFO - Processing /home/muhammadsami/Public/Projects/Airflow/DataPipelineswithApacheAirflow/.env/lib/python3.8/site-packages/airflow/example_dags/example_branch_labels.py took 1.134 seconds
[2024-03-17T08:54:44.363+0500] {processor.py:161} INFO - Started process (PID=7299) to work on /home/muhammadsami/Public/Projects/Airflow/DataPipelineswithApacheAirflow/.env/lib/python3.8/site-packages/airflow/example_dags/example_branch_labels.py
[2024-03-17T08:54:44.365+0500] {processor.py:830} INFO - Processing file /home/muhammadsami/Public/Projects/Airflow/DataPipelineswithApacheAirflow/.env/lib/python3.8/site-packages/airflow/example_dags/example_branch_labels.py for tasks to queue
[2024-03-17T08:54:44.366+0500] {logging_mixin.py:188} INFO - [2024-03-17T08:54:44.365+0500] {dagbag.py:540} INFO - Filling up the DagBag from /home/muhammadsami/Public/Projects/Airflow/DataPipelineswithApacheAirflow/.env/lib/python3.8/site-packages/airflow/example_dags/example_branch_labels.py
[2024-03-17T08:54:44.374+0500] {processor.py:840} INFO - DAG(s) 'example_branch_labels' retrieved from /home/muhammadsami/Public/Projects/Airflow/DataPipelineswithApacheAirflow/.env/lib/python3.8/site-packages/airflow/example_dags/example_branch_labels.py
[2024-03-17T08:54:44.387+0500] {logging_mixin.py:188} INFO - [2024-03-17T08:54:44.387+0500] {dag.py:3047} INFO - Sync 1 DAGs
[2024-03-17T08:54:44.408+0500] {logging_mixin.py:188} INFO - [2024-03-17T08:54:44.408+0500] {dag.py:3834} INFO - Setting next_dagrun for example_branch_labels to 2024-03-16 00:00:00+00:00, run_after=2024-03-17 00:00:00+00:00
[2024-03-17T08:54:44.532+0500] {processor.py:183} INFO - Processing /home/muhammadsami/Public/Projects/Airflow/DataPipelineswithApacheAirflow/.env/lib/python3.8/site-packages/airflow/example_dags/example_branch_labels.py took 0.171 seconds
[2024-03-17T08:55:40.069+0500] {processor.py:161} INFO - Started process (PID=7429) to work on /home/muhammadsami/Public/Projects/Airflow/DataPipelineswithApacheAirflow/.env/lib/python3.8/site-packages/airflow/example_dags/example_branch_labels.py
[2024-03-17T08:55:40.084+0500] {processor.py:830} INFO - Processing file /home/muhammadsami/Public/Projects/Airflow/DataPipelineswithApacheAirflow/.env/lib/python3.8/site-packages/airflow/example_dags/example_branch_labels.py for tasks to queue
[2024-03-17T08:55:40.085+0500] {logging_mixin.py:188} INFO - [2024-03-17T08:55:40.085+0500] {dagbag.py:540} INFO - Filling up the DagBag from /home/muhammadsami/Public/Projects/Airflow/DataPipelineswithApacheAirflow/.env/lib/python3.8/site-packages/airflow/example_dags/example_branch_labels.py
[2024-03-17T08:55:40.092+0500] {processor.py:840} INFO - DAG(s) 'example_branch_labels' retrieved from /home/muhammadsami/Public/Projects/Airflow/DataPipelineswithApacheAirflow/.env/lib/python3.8/site-packages/airflow/example_dags/example_branch_labels.py
[2024-03-17T08:55:40.105+0500] {logging_mixin.py:188} INFO - [2024-03-17T08:55:40.105+0500] {dag.py:3047} INFO - Sync 1 DAGs
[2024-03-17T08:55:40.123+0500] {logging_mixin.py:188} INFO - [2024-03-17T08:55:40.123+0500] {dag.py:3834} INFO - Setting next_dagrun for example_branch_labels to 2024-03-16 00:00:00+00:00, run_after=2024-03-17 00:00:00+00:00
[2024-03-17T08:55:40.237+0500] {processor.py:183} INFO - Processing /home/muhammadsami/Public/Projects/Airflow/DataPipelineswithApacheAirflow/.env/lib/python3.8/site-packages/airflow/example_dags/example_branch_labels.py took 0.171 seconds
[2024-03-17T08:56:50.443+0500] {processor.py:161} INFO - Started process (PID=7653) to work on /home/muhammadsami/Public/Projects/Airflow/DataPipelineswithApacheAirflow/.env/lib/python3.8/site-packages/airflow/example_dags/example_branch_labels.py
[2024-03-17T08:56:50.444+0500] {processor.py:830} INFO - Processing file /home/muhammadsami/Public/Projects/Airflow/DataPipelineswithApacheAirflow/.env/lib/python3.8/site-packages/airflow/example_dags/example_branch_labels.py for tasks to queue
[2024-03-17T08:56:50.444+0500] {logging_mixin.py:188} INFO - [2024-03-17T08:56:50.444+0500] {dagbag.py:540} INFO - Filling up the DagBag from /home/muhammadsami/Public/Projects/Airflow/DataPipelineswithApacheAirflow/.env/lib/python3.8/site-packages/airflow/example_dags/example_branch_labels.py
[2024-03-17T08:56:50.452+0500] {processor.py:840} INFO - DAG(s) 'example_branch_labels' retrieved from /home/muhammadsami/Public/Projects/Airflow/DataPipelineswithApacheAirflow/.env/lib/python3.8/site-packages/airflow/example_dags/example_branch_labels.py
[2024-03-17T08:56:50.467+0500] {logging_mixin.py:188} INFO - [2024-03-17T08:56:50.466+0500] {dag.py:3047} INFO - Sync 1 DAGs
[2024-03-17T08:56:50.486+0500] {logging_mixin.py:188} INFO - [2024-03-17T08:56:50.486+0500] {dag.py:3834} INFO - Setting next_dagrun for example_branch_labels to 2024-03-16 00:00:00+00:00, run_after=2024-03-17 00:00:00+00:00
[2024-03-17T08:56:50.604+0500] {processor.py:183} INFO - Processing /home/muhammadsami/Public/Projects/Airflow/DataPipelineswithApacheAirflow/.env/lib/python3.8/site-packages/airflow/example_dags/example_branch_labels.py took 0.164 seconds
[2024-03-17T08:58:07.732+0500] {processor.py:161} INFO - Started process (PID=7829) to work on /home/muhammadsami/Public/Projects/Airflow/DataPipelineswithApacheAirflow/.env/lib/python3.8/site-packages/airflow/example_dags/example_branch_labels.py
[2024-03-17T08:58:07.734+0500] {processor.py:830} INFO - Processing file /home/muhammadsami/Public/Projects/Airflow/DataPipelineswithApacheAirflow/.env/lib/python3.8/site-packages/airflow/example_dags/example_branch_labels.py for tasks to queue
[2024-03-17T08:58:07.735+0500] {logging_mixin.py:188} INFO - [2024-03-17T08:58:07.735+0500] {dagbag.py:540} INFO - Filling up the DagBag from /home/muhammadsami/Public/Projects/Airflow/DataPipelineswithApacheAirflow/.env/lib/python3.8/site-packages/airflow/example_dags/example_branch_labels.py
[2024-03-17T08:58:07.744+0500] {processor.py:840} INFO - DAG(s) 'example_branch_labels' retrieved from /home/muhammadsami/Public/Projects/Airflow/DataPipelineswithApacheAirflow/.env/lib/python3.8/site-packages/airflow/example_dags/example_branch_labels.py
[2024-03-17T08:58:07.761+0500] {logging_mixin.py:188} INFO - [2024-03-17T08:58:07.760+0500] {dag.py:3047} INFO - Sync 1 DAGs
[2024-03-17T08:58:07.790+0500] {logging_mixin.py:188} INFO - [2024-03-17T08:58:07.789+0500] {dag.py:3834} INFO - Setting next_dagrun for example_branch_labels to 2024-03-16 00:00:00+00:00, run_after=2024-03-17 00:00:00+00:00
[2024-03-17T08:58:07.903+0500] {processor.py:183} INFO - Processing /home/muhammadsami/Public/Projects/Airflow/DataPipelineswithApacheAirflow/.env/lib/python3.8/site-packages/airflow/example_dags/example_branch_labels.py took 0.173 seconds
[2024-03-17T08:59:31.105+0500] {processor.py:161} INFO - Started process (PID=8033) to work on /home/muhammadsami/Public/Projects/Airflow/DataPipelineswithApacheAirflow/.env/lib/python3.8/site-packages/airflow/example_dags/example_branch_labels.py
[2024-03-17T08:59:31.107+0500] {processor.py:830} INFO - Processing file /home/muhammadsami/Public/Projects/Airflow/DataPipelineswithApacheAirflow/.env/lib/python3.8/site-packages/airflow/example_dags/example_branch_labels.py for tasks to queue
[2024-03-17T08:59:31.108+0500] {logging_mixin.py:188} INFO - [2024-03-17T08:59:31.107+0500] {dagbag.py:540} INFO - Filling up the DagBag from /home/muhammadsami/Public/Projects/Airflow/DataPipelineswithApacheAirflow/.env/lib/python3.8/site-packages/airflow/example_dags/example_branch_labels.py
[2024-03-17T08:59:31.115+0500] {processor.py:840} INFO - DAG(s) 'example_branch_labels' retrieved from /home/muhammadsami/Public/Projects/Airflow/DataPipelineswithApacheAirflow/.env/lib/python3.8/site-packages/airflow/example_dags/example_branch_labels.py
[2024-03-17T08:59:31.128+0500] {logging_mixin.py:188} INFO - [2024-03-17T08:59:31.128+0500] {dag.py:3047} INFO - Sync 1 DAGs
[2024-03-17T08:59:31.146+0500] {logging_mixin.py:188} INFO - [2024-03-17T08:59:31.146+0500] {dag.py:3834} INFO - Setting next_dagrun for example_branch_labels to 2024-03-16 00:00:00+00:00, run_after=2024-03-17 00:00:00+00:00
[2024-03-17T08:59:31.254+0500] {processor.py:183} INFO - Processing /home/muhammadsami/Public/Projects/Airflow/DataPipelineswithApacheAirflow/.env/lib/python3.8/site-packages/airflow/example_dags/example_branch_labels.py took 0.151 seconds
[2024-03-17T09:00:49.442+0500] {processor.py:161} INFO - Started process (PID=8223) to work on /home/muhammadsami/Public/Projects/Airflow/DataPipelineswithApacheAirflow/.env/lib/python3.8/site-packages/airflow/example_dags/example_branch_labels.py
[2024-03-17T09:00:49.460+0500] {processor.py:830} INFO - Processing file /home/muhammadsami/Public/Projects/Airflow/DataPipelineswithApacheAirflow/.env/lib/python3.8/site-packages/airflow/example_dags/example_branch_labels.py for tasks to queue
[2024-03-17T09:00:49.461+0500] {logging_mixin.py:188} INFO - [2024-03-17T09:00:49.461+0500] {dagbag.py:540} INFO - Filling up the DagBag from /home/muhammadsami/Public/Projects/Airflow/DataPipelineswithApacheAirflow/.env/lib/python3.8/site-packages/airflow/example_dags/example_branch_labels.py
[2024-03-17T09:00:49.468+0500] {processor.py:840} INFO - DAG(s) 'example_branch_labels' retrieved from /home/muhammadsami/Public/Projects/Airflow/DataPipelineswithApacheAirflow/.env/lib/python3.8/site-packages/airflow/example_dags/example_branch_labels.py
[2024-03-17T09:00:49.482+0500] {logging_mixin.py:188} INFO - [2024-03-17T09:00:49.482+0500] {dag.py:3047} INFO - Sync 1 DAGs
[2024-03-17T09:00:49.500+0500] {logging_mixin.py:188} INFO - [2024-03-17T09:00:49.500+0500] {dag.py:3834} INFO - Setting next_dagrun for example_branch_labels to 2024-03-16 00:00:00+00:00, run_after=2024-03-17 00:00:00+00:00
[2024-03-17T09:00:49.606+0500] {processor.py:183} INFO - Processing /home/muhammadsami/Public/Projects/Airflow/DataPipelineswithApacheAirflow/.env/lib/python3.8/site-packages/airflow/example_dags/example_branch_labels.py took 0.166 seconds
[2024-03-17T09:02:04.404+0500] {processor.py:161} INFO - Started process (PID=8453) to work on /home/muhammadsami/Public/Projects/Airflow/DataPipelineswithApacheAirflow/.env/lib/python3.8/site-packages/airflow/example_dags/example_branch_labels.py
[2024-03-17T09:02:04.424+0500] {processor.py:830} INFO - Processing file /home/muhammadsami/Public/Projects/Airflow/DataPipelineswithApacheAirflow/.env/lib/python3.8/site-packages/airflow/example_dags/example_branch_labels.py for tasks to queue
[2024-03-17T09:02:04.425+0500] {logging_mixin.py:188} INFO - [2024-03-17T09:02:04.424+0500] {dagbag.py:540} INFO - Filling up the DagBag from /home/muhammadsami/Public/Projects/Airflow/DataPipelineswithApacheAirflow/.env/lib/python3.8/site-packages/airflow/example_dags/example_branch_labels.py
[2024-03-17T09:02:04.431+0500] {processor.py:840} INFO - DAG(s) 'example_branch_labels' retrieved from /home/muhammadsami/Public/Projects/Airflow/DataPipelineswithApacheAirflow/.env/lib/python3.8/site-packages/airflow/example_dags/example_branch_labels.py
[2024-03-17T09:02:04.445+0500] {logging_mixin.py:188} INFO - [2024-03-17T09:02:04.445+0500] {dag.py:3047} INFO - Sync 1 DAGs
[2024-03-17T09:02:04.464+0500] {logging_mixin.py:188} INFO - [2024-03-17T09:02:04.464+0500] {dag.py:3834} INFO - Setting next_dagrun for example_branch_labels to 2024-03-16 00:00:00+00:00, run_after=2024-03-17 00:00:00+00:00
[2024-03-17T09:02:04.571+0500] {processor.py:183} INFO - Processing /home/muhammadsami/Public/Projects/Airflow/DataPipelineswithApacheAirflow/.env/lib/python3.8/site-packages/airflow/example_dags/example_branch_labels.py took 0.169 seconds
[2024-03-17T09:03:02.031+0500] {processor.py:161} INFO - Started process (PID=8575) to work on /home/muhammadsami/Public/Projects/Airflow/DataPipelineswithApacheAirflow/.env/lib/python3.8/site-packages/airflow/example_dags/example_branch_labels.py
[2024-03-17T09:03:02.032+0500] {processor.py:830} INFO - Processing file /home/muhammadsami/Public/Projects/Airflow/DataPipelineswithApacheAirflow/.env/lib/python3.8/site-packages/airflow/example_dags/example_branch_labels.py for tasks to queue
[2024-03-17T09:03:02.033+0500] {logging_mixin.py:188} INFO - [2024-03-17T09:03:02.033+0500] {dagbag.py:540} INFO - Filling up the DagBag from /home/muhammadsami/Public/Projects/Airflow/DataPipelineswithApacheAirflow/.env/lib/python3.8/site-packages/airflow/example_dags/example_branch_labels.py
[2024-03-17T09:03:02.040+0500] {processor.py:840} INFO - DAG(s) 'example_branch_labels' retrieved from /home/muhammadsami/Public/Projects/Airflow/DataPipelineswithApacheAirflow/.env/lib/python3.8/site-packages/airflow/example_dags/example_branch_labels.py
[2024-03-17T09:03:02.054+0500] {logging_mixin.py:188} INFO - [2024-03-17T09:03:02.054+0500] {dag.py:3047} INFO - Sync 1 DAGs
[2024-03-17T09:03:02.072+0500] {logging_mixin.py:188} INFO - [2024-03-17T09:03:02.072+0500] {dag.py:3834} INFO - Setting next_dagrun for example_branch_labels to 2024-03-16 00:00:00+00:00, run_after=2024-03-17 00:00:00+00:00
[2024-03-17T09:03:02.429+0500] {processor.py:183} INFO - Processing /home/muhammadsami/Public/Projects/Airflow/DataPipelineswithApacheAirflow/.env/lib/python3.8/site-packages/airflow/example_dags/example_branch_labels.py took 0.401 seconds
[2024-03-17T09:04:19.353+0500] {processor.py:161} INFO - Started process (PID=8775) to work on /home/muhammadsami/Public/Projects/Airflow/DataPipelineswithApacheAirflow/.env/lib/python3.8/site-packages/airflow/example_dags/example_branch_labels.py
[2024-03-17T09:04:19.360+0500] {processor.py:830} INFO - Processing file /home/muhammadsami/Public/Projects/Airflow/DataPipelineswithApacheAirflow/.env/lib/python3.8/site-packages/airflow/example_dags/example_branch_labels.py for tasks to queue
[2024-03-17T09:04:19.361+0500] {logging_mixin.py:188} INFO - [2024-03-17T09:04:19.361+0500] {dagbag.py:540} INFO - Filling up the DagBag from /home/muhammadsami/Public/Projects/Airflow/DataPipelineswithApacheAirflow/.env/lib/python3.8/site-packages/airflow/example_dags/example_branch_labels.py
[2024-03-17T09:04:19.370+0500] {processor.py:840} INFO - DAG(s) 'example_branch_labels' retrieved from /home/muhammadsami/Public/Projects/Airflow/DataPipelineswithApacheAirflow/.env/lib/python3.8/site-packages/airflow/example_dags/example_branch_labels.py
[2024-03-17T09:04:19.385+0500] {logging_mixin.py:188} INFO - [2024-03-17T09:04:19.385+0500] {dag.py:3047} INFO - Sync 1 DAGs
[2024-03-17T09:04:19.408+0500] {logging_mixin.py:188} INFO - [2024-03-17T09:04:19.408+0500] {dag.py:3834} INFO - Setting next_dagrun for example_branch_labels to 2024-03-16 00:00:00+00:00, run_after=2024-03-17 00:00:00+00:00
[2024-03-17T09:04:19.527+0500] {processor.py:183} INFO - Processing /home/muhammadsami/Public/Projects/Airflow/DataPipelineswithApacheAirflow/.env/lib/python3.8/site-packages/airflow/example_dags/example_branch_labels.py took 0.177 seconds
[2024-03-17T09:05:34.558+0500] {processor.py:161} INFO - Started process (PID=8929) to work on /home/muhammadsami/Public/Projects/Airflow/DataPipelineswithApacheAirflow/.env/lib/python3.8/site-packages/airflow/example_dags/example_branch_labels.py
[2024-03-17T09:05:34.559+0500] {processor.py:830} INFO - Processing file /home/muhammadsami/Public/Projects/Airflow/DataPipelineswithApacheAirflow/.env/lib/python3.8/site-packages/airflow/example_dags/example_branch_labels.py for tasks to queue
[2024-03-17T09:05:34.560+0500] {logging_mixin.py:188} INFO - [2024-03-17T09:05:34.560+0500] {dagbag.py:540} INFO - Filling up the DagBag from /home/muhammadsami/Public/Projects/Airflow/DataPipelineswithApacheAirflow/.env/lib/python3.8/site-packages/airflow/example_dags/example_branch_labels.py
[2024-03-17T09:05:34.567+0500] {processor.py:840} INFO - DAG(s) 'example_branch_labels' retrieved from /home/muhammadsami/Public/Projects/Airflow/DataPipelineswithApacheAirflow/.env/lib/python3.8/site-packages/airflow/example_dags/example_branch_labels.py
[2024-03-17T09:05:34.581+0500] {logging_mixin.py:188} INFO - [2024-03-17T09:05:34.580+0500] {dag.py:3047} INFO - Sync 1 DAGs
[2024-03-17T09:05:34.602+0500] {logging_mixin.py:188} INFO - [2024-03-17T09:05:34.601+0500] {dag.py:3834} INFO - Setting next_dagrun for example_branch_labels to 2024-03-16 00:00:00+00:00, run_after=2024-03-17 00:00:00+00:00
[2024-03-17T09:05:34.729+0500] {processor.py:183} INFO - Processing /home/muhammadsami/Public/Projects/Airflow/DataPipelineswithApacheAirflow/.env/lib/python3.8/site-packages/airflow/example_dags/example_branch_labels.py took 0.174 seconds
[2024-03-17T09:06:55.034+0500] {processor.py:161} INFO - Started process (PID=9172) to work on /home/muhammadsami/Public/Projects/Airflow/DataPipelineswithApacheAirflow/.env/lib/python3.8/site-packages/airflow/example_dags/example_branch_labels.py
[2024-03-17T09:06:55.035+0500] {processor.py:830} INFO - Processing file /home/muhammadsami/Public/Projects/Airflow/DataPipelineswithApacheAirflow/.env/lib/python3.8/site-packages/airflow/example_dags/example_branch_labels.py for tasks to queue
[2024-03-17T09:06:55.036+0500] {logging_mixin.py:188} INFO - [2024-03-17T09:06:55.035+0500] {dagbag.py:540} INFO - Filling up the DagBag from /home/muhammadsami/Public/Projects/Airflow/DataPipelineswithApacheAirflow/.env/lib/python3.8/site-packages/airflow/example_dags/example_branch_labels.py
[2024-03-17T09:06:55.045+0500] {processor.py:840} INFO - DAG(s) 'example_branch_labels' retrieved from /home/muhammadsami/Public/Projects/Airflow/DataPipelineswithApacheAirflow/.env/lib/python3.8/site-packages/airflow/example_dags/example_branch_labels.py
[2024-03-17T09:06:55.059+0500] {logging_mixin.py:188} INFO - [2024-03-17T09:06:55.059+0500] {dag.py:3047} INFO - Sync 1 DAGs
[2024-03-17T09:06:55.078+0500] {logging_mixin.py:188} INFO - [2024-03-17T09:06:55.078+0500] {dag.py:3834} INFO - Setting next_dagrun for example_branch_labels to 2024-03-16 00:00:00+00:00, run_after=2024-03-17 00:00:00+00:00
[2024-03-17T09:06:55.191+0500] {processor.py:183} INFO - Processing /home/muhammadsami/Public/Projects/Airflow/DataPipelineswithApacheAirflow/.env/lib/python3.8/site-packages/airflow/example_dags/example_branch_labels.py took 0.160 seconds
[2024-03-17T09:08:06.379+0500] {processor.py:161} INFO - Started process (PID=9316) to work on /home/muhammadsami/Public/Projects/Airflow/DataPipelineswithApacheAirflow/.env/lib/python3.8/site-packages/airflow/example_dags/example_branch_labels.py
[2024-03-17T09:08:06.380+0500] {processor.py:830} INFO - Processing file /home/muhammadsami/Public/Projects/Airflow/DataPipelineswithApacheAirflow/.env/lib/python3.8/site-packages/airflow/example_dags/example_branch_labels.py for tasks to queue
[2024-03-17T09:08:06.381+0500] {logging_mixin.py:188} INFO - [2024-03-17T09:08:06.381+0500] {dagbag.py:540} INFO - Filling up the DagBag from /home/muhammadsami/Public/Projects/Airflow/DataPipelineswithApacheAirflow/.env/lib/python3.8/site-packages/airflow/example_dags/example_branch_labels.py
[2024-03-17T09:08:06.389+0500] {processor.py:840} INFO - DAG(s) 'example_branch_labels' retrieved from /home/muhammadsami/Public/Projects/Airflow/DataPipelineswithApacheAirflow/.env/lib/python3.8/site-packages/airflow/example_dags/example_branch_labels.py
[2024-03-17T09:08:06.404+0500] {logging_mixin.py:188} INFO - [2024-03-17T09:08:06.404+0500] {dag.py:3047} INFO - Sync 1 DAGs
[2024-03-17T09:08:06.423+0500] {logging_mixin.py:188} INFO - [2024-03-17T09:08:06.423+0500] {dag.py:3834} INFO - Setting next_dagrun for example_branch_labels to 2024-03-16 00:00:00+00:00, run_after=2024-03-17 00:00:00+00:00
[2024-03-17T09:08:06.536+0500] {processor.py:183} INFO - Processing /home/muhammadsami/Public/Projects/Airflow/DataPipelineswithApacheAirflow/.env/lib/python3.8/site-packages/airflow/example_dags/example_branch_labels.py took 0.159 seconds
[2024-03-17T09:09:21.843+0500] {processor.py:161} INFO - Started process (PID=9521) to work on /home/muhammadsami/Public/Projects/Airflow/DataPipelineswithApacheAirflow/.env/lib/python3.8/site-packages/airflow/example_dags/example_branch_labels.py
[2024-03-17T09:09:21.844+0500] {processor.py:830} INFO - Processing file /home/muhammadsami/Public/Projects/Airflow/DataPipelineswithApacheAirflow/.env/lib/python3.8/site-packages/airflow/example_dags/example_branch_labels.py for tasks to queue
[2024-03-17T09:09:21.845+0500] {logging_mixin.py:188} INFO - [2024-03-17T09:09:21.844+0500] {dagbag.py:540} INFO - Filling up the DagBag from /home/muhammadsami/Public/Projects/Airflow/DataPipelineswithApacheAirflow/.env/lib/python3.8/site-packages/airflow/example_dags/example_branch_labels.py
[2024-03-17T09:09:21.854+0500] {processor.py:840} INFO - DAG(s) 'example_branch_labels' retrieved from /home/muhammadsami/Public/Projects/Airflow/DataPipelineswithApacheAirflow/.env/lib/python3.8/site-packages/airflow/example_dags/example_branch_labels.py
[2024-03-17T09:09:21.873+0500] {logging_mixin.py:188} INFO - [2024-03-17T09:09:21.873+0500] {dag.py:3047} INFO - Sync 1 DAGs
[2024-03-17T09:09:21.894+0500] {logging_mixin.py:188} INFO - [2024-03-17T09:09:21.894+0500] {dag.py:3834} INFO - Setting next_dagrun for example_branch_labels to 2024-03-16 00:00:00+00:00, run_after=2024-03-17 00:00:00+00:00
[2024-03-17T09:09:21.999+0500] {processor.py:183} INFO - Processing /home/muhammadsami/Public/Projects/Airflow/DataPipelineswithApacheAirflow/.env/lib/python3.8/site-packages/airflow/example_dags/example_branch_labels.py took 0.159 seconds
[2024-03-17T09:10:36.152+0500] {processor.py:161} INFO - Started process (PID=9655) to work on /home/muhammadsami/Public/Projects/Airflow/DataPipelineswithApacheAirflow/.env/lib/python3.8/site-packages/airflow/example_dags/example_branch_labels.py
[2024-03-17T09:10:36.166+0500] {processor.py:830} INFO - Processing file /home/muhammadsami/Public/Projects/Airflow/DataPipelineswithApacheAirflow/.env/lib/python3.8/site-packages/airflow/example_dags/example_branch_labels.py for tasks to queue
[2024-03-17T09:10:36.167+0500] {logging_mixin.py:188} INFO - [2024-03-17T09:10:36.167+0500] {dagbag.py:540} INFO - Filling up the DagBag from /home/muhammadsami/Public/Projects/Airflow/DataPipelineswithApacheAirflow/.env/lib/python3.8/site-packages/airflow/example_dags/example_branch_labels.py
[2024-03-17T09:10:36.174+0500] {processor.py:840} INFO - DAG(s) 'example_branch_labels' retrieved from /home/muhammadsami/Public/Projects/Airflow/DataPipelineswithApacheAirflow/.env/lib/python3.8/site-packages/airflow/example_dags/example_branch_labels.py
[2024-03-17T09:10:36.188+0500] {logging_mixin.py:188} INFO - [2024-03-17T09:10:36.187+0500] {dag.py:3047} INFO - Sync 1 DAGs
[2024-03-17T09:10:36.208+0500] {logging_mixin.py:188} INFO - [2024-03-17T09:10:36.207+0500] {dag.py:3834} INFO - Setting next_dagrun for example_branch_labels to 2024-03-16 00:00:00+00:00, run_after=2024-03-17 00:00:00+00:00
[2024-03-17T09:10:36.315+0500] {processor.py:183} INFO - Processing /home/muhammadsami/Public/Projects/Airflow/DataPipelineswithApacheAirflow/.env/lib/python3.8/site-packages/airflow/example_dags/example_branch_labels.py took 0.166 seconds
[2024-03-17T09:11:50.999+0500] {processor.py:161} INFO - Started process (PID=9854) to work on /home/muhammadsami/Public/Projects/Airflow/DataPipelineswithApacheAirflow/.env/lib/python3.8/site-packages/airflow/example_dags/example_branch_labels.py
[2024-03-17T09:11:51.000+0500] {processor.py:830} INFO - Processing file /home/muhammadsami/Public/Projects/Airflow/DataPipelineswithApacheAirflow/.env/lib/python3.8/site-packages/airflow/example_dags/example_branch_labels.py for tasks to queue
[2024-03-17T09:11:51.000+0500] {logging_mixin.py:188} INFO - [2024-03-17T09:11:51.000+0500] {dagbag.py:540} INFO - Filling up the DagBag from /home/muhammadsami/Public/Projects/Airflow/DataPipelineswithApacheAirflow/.env/lib/python3.8/site-packages/airflow/example_dags/example_branch_labels.py
[2024-03-17T09:11:51.010+0500] {processor.py:840} INFO - DAG(s) 'example_branch_labels' retrieved from /home/muhammadsami/Public/Projects/Airflow/DataPipelineswithApacheAirflow/.env/lib/python3.8/site-packages/airflow/example_dags/example_branch_labels.py
[2024-03-17T09:11:51.026+0500] {logging_mixin.py:188} INFO - [2024-03-17T09:11:51.026+0500] {dag.py:3047} INFO - Sync 1 DAGs
[2024-03-17T09:11:51.047+0500] {logging_mixin.py:188} INFO - [2024-03-17T09:11:51.046+0500] {dag.py:3834} INFO - Setting next_dagrun for example_branch_labels to 2024-03-16 00:00:00+00:00, run_after=2024-03-17 00:00:00+00:00
[2024-03-17T09:11:51.144+0500] {processor.py:183} INFO - Processing /home/muhammadsami/Public/Projects/Airflow/DataPipelineswithApacheAirflow/.env/lib/python3.8/site-packages/airflow/example_dags/example_branch_labels.py took 0.147 seconds
[2024-03-17T09:13:02.880+0500] {processor.py:161} INFO - Started process (PID=10000) to work on /home/muhammadsami/Public/Projects/Airflow/DataPipelineswithApacheAirflow/.env/lib/python3.8/site-packages/airflow/example_dags/example_branch_labels.py
[2024-03-17T09:13:02.890+0500] {processor.py:830} INFO - Processing file /home/muhammadsami/Public/Projects/Airflow/DataPipelineswithApacheAirflow/.env/lib/python3.8/site-packages/airflow/example_dags/example_branch_labels.py for tasks to queue
[2024-03-17T09:13:02.891+0500] {logging_mixin.py:188} INFO - [2024-03-17T09:13:02.890+0500] {dagbag.py:540} INFO - Filling up the DagBag from /home/muhammadsami/Public/Projects/Airflow/DataPipelineswithApacheAirflow/.env/lib/python3.8/site-packages/airflow/example_dags/example_branch_labels.py
[2024-03-17T09:13:02.897+0500] {processor.py:840} INFO - DAG(s) 'example_branch_labels' retrieved from /home/muhammadsami/Public/Projects/Airflow/DataPipelineswithApacheAirflow/.env/lib/python3.8/site-packages/airflow/example_dags/example_branch_labels.py
[2024-03-17T09:13:02.911+0500] {logging_mixin.py:188} INFO - [2024-03-17T09:13:02.911+0500] {dag.py:3047} INFO - Sync 1 DAGs
[2024-03-17T09:13:02.930+0500] {logging_mixin.py:188} INFO - [2024-03-17T09:13:02.930+0500] {dag.py:3834} INFO - Setting next_dagrun for example_branch_labels to 2024-03-16 00:00:00+00:00, run_after=2024-03-17 00:00:00+00:00
[2024-03-17T09:13:03.043+0500] {processor.py:183} INFO - Processing /home/muhammadsami/Public/Projects/Airflow/DataPipelineswithApacheAirflow/.env/lib/python3.8/site-packages/airflow/example_dags/example_branch_labels.py took 0.166 seconds
[2024-03-17T09:14:18.115+0500] {processor.py:161} INFO - Started process (PID=10230) to work on /home/muhammadsami/Public/Projects/Airflow/DataPipelineswithApacheAirflow/.env/lib/python3.8/site-packages/airflow/example_dags/example_branch_labels.py
[2024-03-17T09:14:18.126+0500] {processor.py:830} INFO - Processing file /home/muhammadsami/Public/Projects/Airflow/DataPipelineswithApacheAirflow/.env/lib/python3.8/site-packages/airflow/example_dags/example_branch_labels.py for tasks to queue
[2024-03-17T09:14:18.127+0500] {logging_mixin.py:188} INFO - [2024-03-17T09:14:18.127+0500] {dagbag.py:540} INFO - Filling up the DagBag from /home/muhammadsami/Public/Projects/Airflow/DataPipelineswithApacheAirflow/.env/lib/python3.8/site-packages/airflow/example_dags/example_branch_labels.py
[2024-03-17T09:14:18.134+0500] {processor.py:840} INFO - DAG(s) 'example_branch_labels' retrieved from /home/muhammadsami/Public/Projects/Airflow/DataPipelineswithApacheAirflow/.env/lib/python3.8/site-packages/airflow/example_dags/example_branch_labels.py
[2024-03-17T09:14:18.148+0500] {logging_mixin.py:188} INFO - [2024-03-17T09:14:18.148+0500] {dag.py:3047} INFO - Sync 1 DAGs
[2024-03-17T09:14:18.166+0500] {logging_mixin.py:188} INFO - [2024-03-17T09:14:18.166+0500] {dag.py:3834} INFO - Setting next_dagrun for example_branch_labels to 2024-03-16 00:00:00+00:00, run_after=2024-03-17 00:00:00+00:00
[2024-03-17T09:14:18.284+0500] {processor.py:183} INFO - Processing /home/muhammadsami/Public/Projects/Airflow/DataPipelineswithApacheAirflow/.env/lib/python3.8/site-packages/airflow/example_dags/example_branch_labels.py took 0.173 seconds
[2024-03-17T09:15:33.320+0500] {processor.py:161} INFO - Started process (PID=10381) to work on /home/muhammadsami/Public/Projects/Airflow/DataPipelineswithApacheAirflow/.env/lib/python3.8/site-packages/airflow/example_dags/example_branch_labels.py
[2024-03-17T09:15:33.334+0500] {processor.py:830} INFO - Processing file /home/muhammadsami/Public/Projects/Airflow/DataPipelineswithApacheAirflow/.env/lib/python3.8/site-packages/airflow/example_dags/example_branch_labels.py for tasks to queue
[2024-03-17T09:15:33.336+0500] {logging_mixin.py:188} INFO - [2024-03-17T09:15:33.335+0500] {dagbag.py:540} INFO - Filling up the DagBag from /home/muhammadsami/Public/Projects/Airflow/DataPipelineswithApacheAirflow/.env/lib/python3.8/site-packages/airflow/example_dags/example_branch_labels.py
[2024-03-17T09:15:33.343+0500] {processor.py:840} INFO - DAG(s) 'example_branch_labels' retrieved from /home/muhammadsami/Public/Projects/Airflow/DataPipelineswithApacheAirflow/.env/lib/python3.8/site-packages/airflow/example_dags/example_branch_labels.py
[2024-03-17T09:15:33.363+0500] {logging_mixin.py:188} INFO - [2024-03-17T09:15:33.363+0500] {dag.py:3047} INFO - Sync 1 DAGs
[2024-03-17T09:15:33.387+0500] {logging_mixin.py:188} INFO - [2024-03-17T09:15:33.387+0500] {dag.py:3834} INFO - Setting next_dagrun for example_branch_labels to 2024-03-16 00:00:00+00:00, run_after=2024-03-17 00:00:00+00:00
[2024-03-17T09:15:33.495+0500] {processor.py:183} INFO - Processing /home/muhammadsami/Public/Projects/Airflow/DataPipelineswithApacheAirflow/.env/lib/python3.8/site-packages/airflow/example_dags/example_branch_labels.py took 0.179 seconds
[2024-03-17T09:16:51.596+0500] {processor.py:161} INFO - Started process (PID=10727) to work on /home/muhammadsami/Public/Projects/Airflow/DataPipelineswithApacheAirflow/.env/lib/python3.8/site-packages/airflow/example_dags/example_branch_labels.py
[2024-03-17T09:16:51.598+0500] {processor.py:830} INFO - Processing file /home/muhammadsami/Public/Projects/Airflow/DataPipelineswithApacheAirflow/.env/lib/python3.8/site-packages/airflow/example_dags/example_branch_labels.py for tasks to queue
[2024-03-17T09:16:51.599+0500] {logging_mixin.py:188} INFO - [2024-03-17T09:16:51.598+0500] {dagbag.py:540} INFO - Filling up the DagBag from /home/muhammadsami/Public/Projects/Airflow/DataPipelineswithApacheAirflow/.env/lib/python3.8/site-packages/airflow/example_dags/example_branch_labels.py
[2024-03-17T09:16:51.606+0500] {processor.py:840} INFO - DAG(s) 'example_branch_labels' retrieved from /home/muhammadsami/Public/Projects/Airflow/DataPipelineswithApacheAirflow/.env/lib/python3.8/site-packages/airflow/example_dags/example_branch_labels.py
[2024-03-17T09:16:51.630+0500] {logging_mixin.py:188} INFO - [2024-03-17T09:16:51.629+0500] {dag.py:3047} INFO - Sync 1 DAGs
[2024-03-17T09:16:51.647+0500] {logging_mixin.py:188} INFO - [2024-03-17T09:16:51.647+0500] {dag.py:3834} INFO - Setting next_dagrun for example_branch_labels to 2024-03-16 00:00:00+00:00, run_after=2024-03-17 00:00:00+00:00
[2024-03-17T09:16:51.762+0500] {processor.py:183} INFO - Processing /home/muhammadsami/Public/Projects/Airflow/DataPipelineswithApacheAirflow/.env/lib/python3.8/site-packages/airflow/example_dags/example_branch_labels.py took 0.168 seconds
[2024-03-17T09:18:09.902+0500] {processor.py:161} INFO - Started process (PID=10886) to work on /home/muhammadsami/Public/Projects/Airflow/DataPipelineswithApacheAirflow/.env/lib/python3.8/site-packages/airflow/example_dags/example_branch_labels.py
[2024-03-17T09:18:09.917+0500] {processor.py:830} INFO - Processing file /home/muhammadsami/Public/Projects/Airflow/DataPipelineswithApacheAirflow/.env/lib/python3.8/site-packages/airflow/example_dags/example_branch_labels.py for tasks to queue
[2024-03-17T09:18:09.918+0500] {logging_mixin.py:188} INFO - [2024-03-17T09:18:09.918+0500] {dagbag.py:540} INFO - Filling up the DagBag from /home/muhammadsami/Public/Projects/Airflow/DataPipelineswithApacheAirflow/.env/lib/python3.8/site-packages/airflow/example_dags/example_branch_labels.py
[2024-03-17T09:18:09.924+0500] {processor.py:840} INFO - DAG(s) 'example_branch_labels' retrieved from /home/muhammadsami/Public/Projects/Airflow/DataPipelineswithApacheAirflow/.env/lib/python3.8/site-packages/airflow/example_dags/example_branch_labels.py
[2024-03-17T09:18:09.938+0500] {logging_mixin.py:188} INFO - [2024-03-17T09:18:09.938+0500] {dag.py:3047} INFO - Sync 1 DAGs
[2024-03-17T09:18:09.956+0500] {logging_mixin.py:188} INFO - [2024-03-17T09:18:09.956+0500] {dag.py:3834} INFO - Setting next_dagrun for example_branch_labels to 2024-03-16 00:00:00+00:00, run_after=2024-03-17 00:00:00+00:00
[2024-03-17T09:18:10.066+0500] {processor.py:183} INFO - Processing /home/muhammadsami/Public/Projects/Airflow/DataPipelineswithApacheAirflow/.env/lib/python3.8/site-packages/airflow/example_dags/example_branch_labels.py took 0.166 seconds
[2024-03-17T09:19:28.951+0500] {processor.py:161} INFO - Started process (PID=11095) to work on /home/muhammadsami/Public/Projects/Airflow/DataPipelineswithApacheAirflow/.env/lib/python3.8/site-packages/airflow/example_dags/example_branch_labels.py
[2024-03-17T09:19:28.962+0500] {processor.py:830} INFO - Processing file /home/muhammadsami/Public/Projects/Airflow/DataPipelineswithApacheAirflow/.env/lib/python3.8/site-packages/airflow/example_dags/example_branch_labels.py for tasks to queue
[2024-03-17T09:19:28.963+0500] {logging_mixin.py:188} INFO - [2024-03-17T09:19:28.963+0500] {dagbag.py:540} INFO - Filling up the DagBag from /home/muhammadsami/Public/Projects/Airflow/DataPipelineswithApacheAirflow/.env/lib/python3.8/site-packages/airflow/example_dags/example_branch_labels.py
[2024-03-17T09:19:28.969+0500] {processor.py:840} INFO - DAG(s) 'example_branch_labels' retrieved from /home/muhammadsami/Public/Projects/Airflow/DataPipelineswithApacheAirflow/.env/lib/python3.8/site-packages/airflow/example_dags/example_branch_labels.py
[2024-03-17T09:19:28.983+0500] {logging_mixin.py:188} INFO - [2024-03-17T09:19:28.983+0500] {dag.py:3047} INFO - Sync 1 DAGs
[2024-03-17T09:19:29.001+0500] {logging_mixin.py:188} INFO - [2024-03-17T09:19:29.001+0500] {dag.py:3834} INFO - Setting next_dagrun for example_branch_labels to 2024-03-16 00:00:00+00:00, run_after=2024-03-17 00:00:00+00:00
[2024-03-17T09:19:29.175+0500] {processor.py:183} INFO - Processing /home/muhammadsami/Public/Projects/Airflow/DataPipelineswithApacheAirflow/.env/lib/python3.8/site-packages/airflow/example_dags/example_branch_labels.py took 0.227 seconds
[2024-03-17T09:20:42.065+0500] {processor.py:161} INFO - Started process (PID=11228) to work on /home/muhammadsami/Public/Projects/Airflow/DataPipelineswithApacheAirflow/.env/lib/python3.8/site-packages/airflow/example_dags/example_branch_labels.py
[2024-03-17T09:20:42.077+0500] {processor.py:830} INFO - Processing file /home/muhammadsami/Public/Projects/Airflow/DataPipelineswithApacheAirflow/.env/lib/python3.8/site-packages/airflow/example_dags/example_branch_labels.py for tasks to queue
[2024-03-17T09:20:42.078+0500] {logging_mixin.py:188} INFO - [2024-03-17T09:20:42.077+0500] {dagbag.py:540} INFO - Filling up the DagBag from /home/muhammadsami/Public/Projects/Airflow/DataPipelineswithApacheAirflow/.env/lib/python3.8/site-packages/airflow/example_dags/example_branch_labels.py
[2024-03-17T09:20:42.084+0500] {processor.py:840} INFO - DAG(s) 'example_branch_labels' retrieved from /home/muhammadsami/Public/Projects/Airflow/DataPipelineswithApacheAirflow/.env/lib/python3.8/site-packages/airflow/example_dags/example_branch_labels.py
[2024-03-17T09:20:42.098+0500] {logging_mixin.py:188} INFO - [2024-03-17T09:20:42.097+0500] {dag.py:3047} INFO - Sync 1 DAGs
[2024-03-17T09:20:42.116+0500] {logging_mixin.py:188} INFO - [2024-03-17T09:20:42.116+0500] {dag.py:3834} INFO - Setting next_dagrun for example_branch_labels to 2024-03-16 00:00:00+00:00, run_after=2024-03-17 00:00:00+00:00
[2024-03-17T09:20:42.213+0500] {processor.py:183} INFO - Processing /home/muhammadsami/Public/Projects/Airflow/DataPipelineswithApacheAirflow/.env/lib/python3.8/site-packages/airflow/example_dags/example_branch_labels.py took 0.150 seconds
[2024-03-17T09:21:59.834+0500] {processor.py:161} INFO - Started process (PID=11431) to work on /home/muhammadsami/Public/Projects/Airflow/DataPipelineswithApacheAirflow/.env/lib/python3.8/site-packages/airflow/example_dags/example_branch_labels.py
[2024-03-17T09:21:59.843+0500] {processor.py:830} INFO - Processing file /home/muhammadsami/Public/Projects/Airflow/DataPipelineswithApacheAirflow/.env/lib/python3.8/site-packages/airflow/example_dags/example_branch_labels.py for tasks to queue
[2024-03-17T09:21:59.844+0500] {logging_mixin.py:188} INFO - [2024-03-17T09:21:59.844+0500] {dagbag.py:540} INFO - Filling up the DagBag from /home/muhammadsami/Public/Projects/Airflow/DataPipelineswithApacheAirflow/.env/lib/python3.8/site-packages/airflow/example_dags/example_branch_labels.py
[2024-03-17T09:21:59.850+0500] {processor.py:840} INFO - DAG(s) 'example_branch_labels' retrieved from /home/muhammadsami/Public/Projects/Airflow/DataPipelineswithApacheAirflow/.env/lib/python3.8/site-packages/airflow/example_dags/example_branch_labels.py
[2024-03-17T09:21:59.867+0500] {logging_mixin.py:188} INFO - [2024-03-17T09:21:59.866+0500] {dag.py:3047} INFO - Sync 1 DAGs
[2024-03-17T09:21:59.884+0500] {logging_mixin.py:188} INFO - [2024-03-17T09:21:59.884+0500] {dag.py:3834} INFO - Setting next_dagrun for example_branch_labels to 2024-03-16 00:00:00+00:00, run_after=2024-03-17 00:00:00+00:00
[2024-03-17T09:21:59.988+0500] {processor.py:183} INFO - Processing /home/muhammadsami/Public/Projects/Airflow/DataPipelineswithApacheAirflow/.env/lib/python3.8/site-packages/airflow/example_dags/example_branch_labels.py took 0.156 seconds
[2024-03-17T09:32:12.363+0500] {processor.py:161} INFO - Started process (PID=12803) to work on /home/muhammadsami/Public/Projects/Airflow/DataPipelineswithApacheAirflow/.env/lib/python3.8/site-packages/airflow/example_dags/example_branch_labels.py
[2024-03-17T09:32:12.379+0500] {processor.py:830} INFO - Processing file /home/muhammadsami/Public/Projects/Airflow/DataPipelineswithApacheAirflow/.env/lib/python3.8/site-packages/airflow/example_dags/example_branch_labels.py for tasks to queue
[2024-03-17T09:32:12.380+0500] {logging_mixin.py:188} INFO - [2024-03-17T09:32:12.379+0500] {dagbag.py:540} INFO - Filling up the DagBag from /home/muhammadsami/Public/Projects/Airflow/DataPipelineswithApacheAirflow/.env/lib/python3.8/site-packages/airflow/example_dags/example_branch_labels.py
[2024-03-17T09:32:12.387+0500] {processor.py:840} INFO - DAG(s) 'example_branch_labels' retrieved from /home/muhammadsami/Public/Projects/Airflow/DataPipelineswithApacheAirflow/.env/lib/python3.8/site-packages/airflow/example_dags/example_branch_labels.py
[2024-03-17T09:32:12.547+0500] {logging_mixin.py:188} INFO - [2024-03-17T09:32:12.547+0500] {dag.py:3047} INFO - Sync 1 DAGs
[2024-03-17T09:32:12.561+0500] {logging_mixin.py:188} INFO - [2024-03-17T09:32:12.561+0500] {dag.py:3834} INFO - Setting next_dagrun for example_branch_labels to 2024-03-16 00:00:00+00:00, run_after=2024-03-17 00:00:00+00:00
[2024-03-17T09:32:12.675+0500] {processor.py:183} INFO - Processing /home/muhammadsami/Public/Projects/Airflow/DataPipelineswithApacheAirflow/.env/lib/python3.8/site-packages/airflow/example_dags/example_branch_labels.py took 0.314 seconds
[2024-03-17T09:33:13.554+0500] {processor.py:161} INFO - Started process (PID=12943) to work on /home/muhammadsami/Public/Projects/Airflow/DataPipelineswithApacheAirflow/.env/lib/python3.8/site-packages/airflow/example_dags/example_branch_labels.py
[2024-03-17T09:33:13.579+0500] {processor.py:830} INFO - Processing file /home/muhammadsami/Public/Projects/Airflow/DataPipelineswithApacheAirflow/.env/lib/python3.8/site-packages/airflow/example_dags/example_branch_labels.py for tasks to queue
[2024-03-17T09:33:13.580+0500] {logging_mixin.py:188} INFO - [2024-03-17T09:33:13.580+0500] {dagbag.py:540} INFO - Filling up the DagBag from /home/muhammadsami/Public/Projects/Airflow/DataPipelineswithApacheAirflow/.env/lib/python3.8/site-packages/airflow/example_dags/example_branch_labels.py
[2024-03-17T09:33:13.590+0500] {processor.py:840} INFO - DAG(s) 'example_branch_labels' retrieved from /home/muhammadsami/Public/Projects/Airflow/DataPipelineswithApacheAirflow/.env/lib/python3.8/site-packages/airflow/example_dags/example_branch_labels.py
[2024-03-17T09:33:13.694+0500] {logging_mixin.py:188} INFO - [2024-03-17T09:33:13.693+0500] {dag.py:3047} INFO - Sync 1 DAGs
[2024-03-17T09:33:14.480+0500] {logging_mixin.py:188} INFO - [2024-03-17T09:33:14.480+0500] {dag.py:3834} INFO - Setting next_dagrun for example_branch_labels to 2024-03-16 00:00:00+00:00, run_after=2024-03-17 00:00:00+00:00
[2024-03-17T09:33:14.790+0500] {processor.py:183} INFO - Processing /home/muhammadsami/Public/Projects/Airflow/DataPipelineswithApacheAirflow/.env/lib/python3.8/site-packages/airflow/example_dags/example_branch_labels.py took 1.242 seconds
[2024-03-17T09:34:26.685+0500] {processor.py:161} INFO - Started process (PID=13424) to work on /home/muhammadsami/Public/Projects/Airflow/DataPipelineswithApacheAirflow/.env/lib/python3.8/site-packages/airflow/example_dags/example_branch_labels.py
[2024-03-17T09:34:26.686+0500] {processor.py:830} INFO - Processing file /home/muhammadsami/Public/Projects/Airflow/DataPipelineswithApacheAirflow/.env/lib/python3.8/site-packages/airflow/example_dags/example_branch_labels.py for tasks to queue
[2024-03-17T09:34:26.687+0500] {logging_mixin.py:188} INFO - [2024-03-17T09:34:26.687+0500] {dagbag.py:540} INFO - Filling up the DagBag from /home/muhammadsami/Public/Projects/Airflow/DataPipelineswithApacheAirflow/.env/lib/python3.8/site-packages/airflow/example_dags/example_branch_labels.py
[2024-03-17T09:34:26.696+0500] {processor.py:840} INFO - DAG(s) 'example_branch_labels' retrieved from /home/muhammadsami/Public/Projects/Airflow/DataPipelineswithApacheAirflow/.env/lib/python3.8/site-packages/airflow/example_dags/example_branch_labels.py
[2024-03-17T09:34:26.709+0500] {logging_mixin.py:188} INFO - [2024-03-17T09:34:26.709+0500] {dag.py:3047} INFO - Sync 1 DAGs
[2024-03-17T09:34:26.728+0500] {logging_mixin.py:188} INFO - [2024-03-17T09:34:26.727+0500] {dag.py:3834} INFO - Setting next_dagrun for example_branch_labels to 2024-03-16 00:00:00+00:00, run_after=2024-03-17 00:00:00+00:00
[2024-03-17T09:34:26.836+0500] {processor.py:183} INFO - Processing /home/muhammadsami/Public/Projects/Airflow/DataPipelineswithApacheAirflow/.env/lib/python3.8/site-packages/airflow/example_dags/example_branch_labels.py took 0.153 seconds
[2024-03-17T09:35:24.414+0500] {processor.py:161} INFO - Started process (PID=13556) to work on /home/muhammadsami/Public/Projects/Airflow/DataPipelineswithApacheAirflow/.env/lib/python3.8/site-packages/airflow/example_dags/example_branch_labels.py
[2024-03-17T09:35:24.432+0500] {processor.py:830} INFO - Processing file /home/muhammadsami/Public/Projects/Airflow/DataPipelineswithApacheAirflow/.env/lib/python3.8/site-packages/airflow/example_dags/example_branch_labels.py for tasks to queue
[2024-03-17T09:35:24.433+0500] {logging_mixin.py:188} INFO - [2024-03-17T09:35:24.433+0500] {dagbag.py:540} INFO - Filling up the DagBag from /home/muhammadsami/Public/Projects/Airflow/DataPipelineswithApacheAirflow/.env/lib/python3.8/site-packages/airflow/example_dags/example_branch_labels.py
[2024-03-17T09:35:24.440+0500] {processor.py:840} INFO - DAG(s) 'example_branch_labels' retrieved from /home/muhammadsami/Public/Projects/Airflow/DataPipelineswithApacheAirflow/.env/lib/python3.8/site-packages/airflow/example_dags/example_branch_labels.py
[2024-03-17T09:35:24.454+0500] {logging_mixin.py:188} INFO - [2024-03-17T09:35:24.454+0500] {dag.py:3047} INFO - Sync 1 DAGs
[2024-03-17T09:35:24.472+0500] {logging_mixin.py:188} INFO - [2024-03-17T09:35:24.471+0500] {dag.py:3834} INFO - Setting next_dagrun for example_branch_labels to 2024-03-16 00:00:00+00:00, run_after=2024-03-17 00:00:00+00:00
[2024-03-17T09:35:24.653+0500] {processor.py:183} INFO - Processing /home/muhammadsami/Public/Projects/Airflow/DataPipelineswithApacheAirflow/.env/lib/python3.8/site-packages/airflow/example_dags/example_branch_labels.py took 0.241 seconds
[2024-03-17T09:36:50.560+0500] {processor.py:161} INFO - Started process (PID=13914) to work on /home/muhammadsami/Public/Projects/Airflow/DataPipelineswithApacheAirflow/.env/lib/python3.8/site-packages/airflow/example_dags/example_branch_labels.py
[2024-03-17T09:36:50.574+0500] {processor.py:830} INFO - Processing file /home/muhammadsami/Public/Projects/Airflow/DataPipelineswithApacheAirflow/.env/lib/python3.8/site-packages/airflow/example_dags/example_branch_labels.py for tasks to queue
[2024-03-17T09:36:50.575+0500] {logging_mixin.py:188} INFO - [2024-03-17T09:36:50.574+0500] {dagbag.py:540} INFO - Filling up the DagBag from /home/muhammadsami/Public/Projects/Airflow/DataPipelineswithApacheAirflow/.env/lib/python3.8/site-packages/airflow/example_dags/example_branch_labels.py
[2024-03-17T09:36:50.581+0500] {processor.py:840} INFO - DAG(s) 'example_branch_labels' retrieved from /home/muhammadsami/Public/Projects/Airflow/DataPipelineswithApacheAirflow/.env/lib/python3.8/site-packages/airflow/example_dags/example_branch_labels.py
[2024-03-17T09:36:50.597+0500] {logging_mixin.py:188} INFO - [2024-03-17T09:36:50.597+0500] {dag.py:3047} INFO - Sync 1 DAGs
[2024-03-17T09:36:50.619+0500] {logging_mixin.py:188} INFO - [2024-03-17T09:36:50.619+0500] {dag.py:3834} INFO - Setting next_dagrun for example_branch_labels to 2024-03-16 00:00:00+00:00, run_after=2024-03-17 00:00:00+00:00
[2024-03-17T09:36:50.726+0500] {processor.py:183} INFO - Processing /home/muhammadsami/Public/Projects/Airflow/DataPipelineswithApacheAirflow/.env/lib/python3.8/site-packages/airflow/example_dags/example_branch_labels.py took 0.169 seconds
[2024-03-17T09:37:49.668+0500] {processor.py:161} INFO - Started process (PID=14067) to work on /home/muhammadsami/Public/Projects/Airflow/DataPipelineswithApacheAirflow/.env/lib/python3.8/site-packages/airflow/example_dags/example_branch_labels.py
[2024-03-17T09:37:49.684+0500] {processor.py:830} INFO - Processing file /home/muhammadsami/Public/Projects/Airflow/DataPipelineswithApacheAirflow/.env/lib/python3.8/site-packages/airflow/example_dags/example_branch_labels.py for tasks to queue
[2024-03-17T09:37:49.685+0500] {logging_mixin.py:188} INFO - [2024-03-17T09:37:49.685+0500] {dagbag.py:540} INFO - Filling up the DagBag from /home/muhammadsami/Public/Projects/Airflow/DataPipelineswithApacheAirflow/.env/lib/python3.8/site-packages/airflow/example_dags/example_branch_labels.py
[2024-03-17T09:37:49.692+0500] {processor.py:840} INFO - DAG(s) 'example_branch_labels' retrieved from /home/muhammadsami/Public/Projects/Airflow/DataPipelineswithApacheAirflow/.env/lib/python3.8/site-packages/airflow/example_dags/example_branch_labels.py
[2024-03-17T09:37:49.706+0500] {logging_mixin.py:188} INFO - [2024-03-17T09:37:49.705+0500] {dag.py:3047} INFO - Sync 1 DAGs
[2024-03-17T09:37:49.724+0500] {logging_mixin.py:188} INFO - [2024-03-17T09:37:49.724+0500] {dag.py:3834} INFO - Setting next_dagrun for example_branch_labels to 2024-03-16 00:00:00+00:00, run_after=2024-03-17 00:00:00+00:00
[2024-03-17T09:37:49.828+0500] {processor.py:183} INFO - Processing /home/muhammadsami/Public/Projects/Airflow/DataPipelineswithApacheAirflow/.env/lib/python3.8/site-packages/airflow/example_dags/example_branch_labels.py took 0.161 seconds
[2024-03-17T09:38:46.014+0500] {processor.py:161} INFO - Started process (PID=14187) to work on /home/muhammadsami/Public/Projects/Airflow/DataPipelineswithApacheAirflow/.env/lib/python3.8/site-packages/airflow/example_dags/example_branch_labels.py
[2024-03-17T09:38:46.016+0500] {processor.py:830} INFO - Processing file /home/muhammadsami/Public/Projects/Airflow/DataPipelineswithApacheAirflow/.env/lib/python3.8/site-packages/airflow/example_dags/example_branch_labels.py for tasks to queue
[2024-03-17T09:38:46.017+0500] {logging_mixin.py:188} INFO - [2024-03-17T09:38:46.017+0500] {dagbag.py:540} INFO - Filling up the DagBag from /home/muhammadsami/Public/Projects/Airflow/DataPipelineswithApacheAirflow/.env/lib/python3.8/site-packages/airflow/example_dags/example_branch_labels.py
[2024-03-17T09:38:46.030+0500] {processor.py:840} INFO - DAG(s) 'example_branch_labels' retrieved from /home/muhammadsami/Public/Projects/Airflow/DataPipelineswithApacheAirflow/.env/lib/python3.8/site-packages/airflow/example_dags/example_branch_labels.py
[2024-03-17T09:38:46.057+0500] {logging_mixin.py:188} INFO - [2024-03-17T09:38:46.057+0500] {dag.py:3047} INFO - Sync 1 DAGs
[2024-03-17T09:38:46.230+0500] {logging_mixin.py:188} INFO - [2024-03-17T09:38:46.230+0500] {dag.py:3834} INFO - Setting next_dagrun for example_branch_labels to 2024-03-16 00:00:00+00:00, run_after=2024-03-17 00:00:00+00:00
[2024-03-17T09:38:47.654+0500] {processor.py:183} INFO - Processing /home/muhammadsami/Public/Projects/Airflow/DataPipelineswithApacheAirflow/.env/lib/python3.8/site-packages/airflow/example_dags/example_branch_labels.py took 1.643 seconds
[2024-03-17T09:39:58.821+0500] {processor.py:161} INFO - Started process (PID=14521) to work on /home/muhammadsami/Public/Projects/Airflow/DataPipelineswithApacheAirflow/.env/lib/python3.8/site-packages/airflow/example_dags/example_branch_labels.py
[2024-03-17T09:39:58.823+0500] {processor.py:830} INFO - Processing file /home/muhammadsami/Public/Projects/Airflow/DataPipelineswithApacheAirflow/.env/lib/python3.8/site-packages/airflow/example_dags/example_branch_labels.py for tasks to queue
[2024-03-17T09:39:58.824+0500] {logging_mixin.py:188} INFO - [2024-03-17T09:39:58.823+0500] {dagbag.py:540} INFO - Filling up the DagBag from /home/muhammadsami/Public/Projects/Airflow/DataPipelineswithApacheAirflow/.env/lib/python3.8/site-packages/airflow/example_dags/example_branch_labels.py
[2024-03-17T09:39:58.834+0500] {processor.py:840} INFO - DAG(s) 'example_branch_labels' retrieved from /home/muhammadsami/Public/Projects/Airflow/DataPipelineswithApacheAirflow/.env/lib/python3.8/site-packages/airflow/example_dags/example_branch_labels.py
[2024-03-17T09:39:58.852+0500] {logging_mixin.py:188} INFO - [2024-03-17T09:39:58.852+0500] {dag.py:3047} INFO - Sync 1 DAGs
[2024-03-17T09:39:58.880+0500] {logging_mixin.py:188} INFO - [2024-03-17T09:39:58.880+0500] {dag.py:3834} INFO - Setting next_dagrun for example_branch_labels to 2024-03-16 00:00:00+00:00, run_after=2024-03-17 00:00:00+00:00
[2024-03-17T09:39:59.000+0500] {processor.py:183} INFO - Processing /home/muhammadsami/Public/Projects/Airflow/DataPipelineswithApacheAirflow/.env/lib/python3.8/site-packages/airflow/example_dags/example_branch_labels.py took 0.182 seconds
[2024-03-17T10:30:14.719+0500] {processor.py:161} INFO - Started process (PID=18330) to work on /home/muhammadsami/Public/Projects/Airflow/DataPipelineswithApacheAirflow/.env/lib/python3.8/site-packages/airflow/example_dags/example_branch_labels.py
[2024-03-17T10:30:14.721+0500] {processor.py:830} INFO - Processing file /home/muhammadsami/Public/Projects/Airflow/DataPipelineswithApacheAirflow/.env/lib/python3.8/site-packages/airflow/example_dags/example_branch_labels.py for tasks to queue
[2024-03-17T10:30:14.722+0500] {logging_mixin.py:188} INFO - [2024-03-17T10:30:14.721+0500] {dagbag.py:540} INFO - Filling up the DagBag from /home/muhammadsami/Public/Projects/Airflow/DataPipelineswithApacheAirflow/.env/lib/python3.8/site-packages/airflow/example_dags/example_branch_labels.py
[2024-03-17T10:30:14.731+0500] {processor.py:840} INFO - DAG(s) 'example_branch_labels' retrieved from /home/muhammadsami/Public/Projects/Airflow/DataPipelineswithApacheAirflow/.env/lib/python3.8/site-packages/airflow/example_dags/example_branch_labels.py
[2024-03-17T10:30:14.903+0500] {logging_mixin.py:188} INFO - [2024-03-17T10:30:14.903+0500] {dag.py:3047} INFO - Sync 1 DAGs
[2024-03-17T10:30:14.917+0500] {logging_mixin.py:188} INFO - [2024-03-17T10:30:14.917+0500] {dag.py:3834} INFO - Setting next_dagrun for example_branch_labels to 2024-03-16 00:00:00+00:00, run_after=2024-03-17 00:00:00+00:00
[2024-03-17T10:30:15.037+0500] {processor.py:183} INFO - Processing /home/muhammadsami/Public/Projects/Airflow/DataPipelineswithApacheAirflow/.env/lib/python3.8/site-packages/airflow/example_dags/example_branch_labels.py took 0.320 seconds
[2024-03-17T10:32:40.363+0500] {processor.py:161} INFO - Started process (PID=19365) to work on /home/muhammadsami/Public/Projects/Airflow/DataPipelineswithApacheAirflow/.env/lib/python3.8/site-packages/airflow/example_dags/example_branch_labels.py
[2024-03-17T10:32:40.407+0500] {processor.py:830} INFO - Processing file /home/muhammadsami/Public/Projects/Airflow/DataPipelineswithApacheAirflow/.env/lib/python3.8/site-packages/airflow/example_dags/example_branch_labels.py for tasks to queue
[2024-03-17T10:32:40.408+0500] {logging_mixin.py:188} INFO - [2024-03-17T10:32:40.407+0500] {dagbag.py:540} INFO - Filling up the DagBag from /home/muhammadsami/Public/Projects/Airflow/DataPipelineswithApacheAirflow/.env/lib/python3.8/site-packages/airflow/example_dags/example_branch_labels.py
[2024-03-17T10:32:40.415+0500] {processor.py:840} INFO - DAG(s) 'example_branch_labels' retrieved from /home/muhammadsami/Public/Projects/Airflow/DataPipelineswithApacheAirflow/.env/lib/python3.8/site-packages/airflow/example_dags/example_branch_labels.py
[2024-03-17T10:32:40.429+0500] {logging_mixin.py:188} INFO - [2024-03-17T10:32:40.428+0500] {dag.py:3047} INFO - Sync 1 DAGs
[2024-03-17T10:32:40.446+0500] {logging_mixin.py:188} INFO - [2024-03-17T10:32:40.446+0500] {dag.py:3834} INFO - Setting next_dagrun for example_branch_labels to 2024-03-16 00:00:00+00:00, run_after=2024-03-17 00:00:00+00:00
[2024-03-17T10:32:40.562+0500] {processor.py:183} INFO - Processing /home/muhammadsami/Public/Projects/Airflow/DataPipelineswithApacheAirflow/.env/lib/python3.8/site-packages/airflow/example_dags/example_branch_labels.py took 0.201 seconds
[2024-03-17T10:33:35.570+0500] {processor.py:161} INFO - Started process (PID=19542) to work on /home/muhammadsami/Public/Projects/Airflow/DataPipelineswithApacheAirflow/.env/lib/python3.8/site-packages/airflow/example_dags/example_branch_labels.py
[2024-03-17T10:33:35.572+0500] {processor.py:830} INFO - Processing file /home/muhammadsami/Public/Projects/Airflow/DataPipelineswithApacheAirflow/.env/lib/python3.8/site-packages/airflow/example_dags/example_branch_labels.py for tasks to queue
[2024-03-17T10:33:35.572+0500] {logging_mixin.py:188} INFO - [2024-03-17T10:33:35.572+0500] {dagbag.py:540} INFO - Filling up the DagBag from /home/muhammadsami/Public/Projects/Airflow/DataPipelineswithApacheAirflow/.env/lib/python3.8/site-packages/airflow/example_dags/example_branch_labels.py
[2024-03-17T10:33:35.580+0500] {processor.py:840} INFO - DAG(s) 'example_branch_labels' retrieved from /home/muhammadsami/Public/Projects/Airflow/DataPipelineswithApacheAirflow/.env/lib/python3.8/site-packages/airflow/example_dags/example_branch_labels.py
[2024-03-17T10:33:35.595+0500] {logging_mixin.py:188} INFO - [2024-03-17T10:33:35.594+0500] {dag.py:3047} INFO - Sync 1 DAGs
[2024-03-17T10:33:35.615+0500] {logging_mixin.py:188} INFO - [2024-03-17T10:33:35.615+0500] {dag.py:3834} INFO - Setting next_dagrun for example_branch_labels to 2024-03-16 00:00:00+00:00, run_after=2024-03-17 00:00:00+00:00
[2024-03-17T10:33:35.715+0500] {processor.py:183} INFO - Processing /home/muhammadsami/Public/Projects/Airflow/DataPipelineswithApacheAirflow/.env/lib/python3.8/site-packages/airflow/example_dags/example_branch_labels.py took 0.147 seconds
[2024-03-17T10:35:08.524+0500] {processor.py:161} INFO - Started process (PID=20173) to work on /home/muhammadsami/Public/Projects/Airflow/DataPipelineswithApacheAirflow/.env/lib/python3.8/site-packages/airflow/example_dags/example_branch_labels.py
[2024-03-17T10:35:08.541+0500] {processor.py:830} INFO - Processing file /home/muhammadsami/Public/Projects/Airflow/DataPipelineswithApacheAirflow/.env/lib/python3.8/site-packages/airflow/example_dags/example_branch_labels.py for tasks to queue
[2024-03-17T10:35:08.542+0500] {logging_mixin.py:188} INFO - [2024-03-17T10:35:08.542+0500] {dagbag.py:540} INFO - Filling up the DagBag from /home/muhammadsami/Public/Projects/Airflow/DataPipelineswithApacheAirflow/.env/lib/python3.8/site-packages/airflow/example_dags/example_branch_labels.py
[2024-03-17T10:35:08.549+0500] {processor.py:840} INFO - DAG(s) 'example_branch_labels' retrieved from /home/muhammadsami/Public/Projects/Airflow/DataPipelineswithApacheAirflow/.env/lib/python3.8/site-packages/airflow/example_dags/example_branch_labels.py
[2024-03-17T10:35:08.563+0500] {logging_mixin.py:188} INFO - [2024-03-17T10:35:08.563+0500] {dag.py:3047} INFO - Sync 1 DAGs
[2024-03-17T10:35:08.581+0500] {logging_mixin.py:188} INFO - [2024-03-17T10:35:08.581+0500] {dag.py:3834} INFO - Setting next_dagrun for example_branch_labels to 2024-03-16 00:00:00+00:00, run_after=2024-03-17 00:00:00+00:00
[2024-03-17T10:35:08.690+0500] {processor.py:183} INFO - Processing /home/muhammadsami/Public/Projects/Airflow/DataPipelineswithApacheAirflow/.env/lib/python3.8/site-packages/airflow/example_dags/example_branch_labels.py took 0.169 seconds
[2024-03-17T10:36:11.463+0500] {processor.py:161} INFO - Started process (PID=20350) to work on /home/muhammadsami/Public/Projects/Airflow/DataPipelineswithApacheAirflow/.env/lib/python3.8/site-packages/airflow/example_dags/example_branch_labels.py
[2024-03-17T10:36:11.474+0500] {processor.py:830} INFO - Processing file /home/muhammadsami/Public/Projects/Airflow/DataPipelineswithApacheAirflow/.env/lib/python3.8/site-packages/airflow/example_dags/example_branch_labels.py for tasks to queue
[2024-03-17T10:36:11.475+0500] {logging_mixin.py:188} INFO - [2024-03-17T10:36:11.474+0500] {dagbag.py:540} INFO - Filling up the DagBag from /home/muhammadsami/Public/Projects/Airflow/DataPipelineswithApacheAirflow/.env/lib/python3.8/site-packages/airflow/example_dags/example_branch_labels.py
[2024-03-17T10:36:11.481+0500] {processor.py:840} INFO - DAG(s) 'example_branch_labels' retrieved from /home/muhammadsami/Public/Projects/Airflow/DataPipelineswithApacheAirflow/.env/lib/python3.8/site-packages/airflow/example_dags/example_branch_labels.py
[2024-03-17T10:36:11.496+0500] {logging_mixin.py:188} INFO - [2024-03-17T10:36:11.496+0500] {dag.py:3047} INFO - Sync 1 DAGs
[2024-03-17T10:36:11.515+0500] {logging_mixin.py:188} INFO - [2024-03-17T10:36:11.514+0500] {dag.py:3834} INFO - Setting next_dagrun for example_branch_labels to 2024-03-16 00:00:00+00:00, run_after=2024-03-17 00:00:00+00:00
[2024-03-17T10:36:11.618+0500] {processor.py:183} INFO - Processing /home/muhammadsami/Public/Projects/Airflow/DataPipelineswithApacheAirflow/.env/lib/python3.8/site-packages/airflow/example_dags/example_branch_labels.py took 0.157 seconds
[2024-03-17T10:37:16.853+0500] {processor.py:161} INFO - Started process (PID=20713) to work on /home/muhammadsami/Public/Projects/Airflow/DataPipelineswithApacheAirflow/.env/lib/python3.8/site-packages/airflow/example_dags/example_branch_labels.py
[2024-03-17T10:37:16.855+0500] {processor.py:830} INFO - Processing file /home/muhammadsami/Public/Projects/Airflow/DataPipelineswithApacheAirflow/.env/lib/python3.8/site-packages/airflow/example_dags/example_branch_labels.py for tasks to queue
[2024-03-17T10:37:16.855+0500] {logging_mixin.py:188} INFO - [2024-03-17T10:37:16.855+0500] {dagbag.py:540} INFO - Filling up the DagBag from /home/muhammadsami/Public/Projects/Airflow/DataPipelineswithApacheAirflow/.env/lib/python3.8/site-packages/airflow/example_dags/example_branch_labels.py
[2024-03-17T10:37:16.862+0500] {processor.py:840} INFO - DAG(s) 'example_branch_labels' retrieved from /home/muhammadsami/Public/Projects/Airflow/DataPipelineswithApacheAirflow/.env/lib/python3.8/site-packages/airflow/example_dags/example_branch_labels.py
[2024-03-17T10:37:16.877+0500] {logging_mixin.py:188} INFO - [2024-03-17T10:37:16.876+0500] {dag.py:3047} INFO - Sync 1 DAGs
[2024-03-17T10:37:16.895+0500] {logging_mixin.py:188} INFO - [2024-03-17T10:37:16.895+0500] {dag.py:3834} INFO - Setting next_dagrun for example_branch_labels to 2024-03-16 00:00:00+00:00, run_after=2024-03-17 00:00:00+00:00
[2024-03-17T10:37:17.004+0500] {processor.py:183} INFO - Processing /home/muhammadsami/Public/Projects/Airflow/DataPipelineswithApacheAirflow/.env/lib/python3.8/site-packages/airflow/example_dags/example_branch_labels.py took 0.154 seconds
[2024-03-17T10:38:26.388+0500] {processor.py:161} INFO - Started process (PID=20968) to work on /home/muhammadsami/Public/Projects/Airflow/DataPipelineswithApacheAirflow/.env/lib/python3.8/site-packages/airflow/example_dags/example_branch_labels.py
[2024-03-17T10:38:26.404+0500] {processor.py:830} INFO - Processing file /home/muhammadsami/Public/Projects/Airflow/DataPipelineswithApacheAirflow/.env/lib/python3.8/site-packages/airflow/example_dags/example_branch_labels.py for tasks to queue
[2024-03-17T10:38:26.406+0500] {logging_mixin.py:188} INFO - [2024-03-17T10:38:26.405+0500] {dagbag.py:540} INFO - Filling up the DagBag from /home/muhammadsami/Public/Projects/Airflow/DataPipelineswithApacheAirflow/.env/lib/python3.8/site-packages/airflow/example_dags/example_branch_labels.py
[2024-03-17T10:38:26.414+0500] {processor.py:840} INFO - DAG(s) 'example_branch_labels' retrieved from /home/muhammadsami/Public/Projects/Airflow/DataPipelineswithApacheAirflow/.env/lib/python3.8/site-packages/airflow/example_dags/example_branch_labels.py
[2024-03-17T10:38:26.436+0500] {logging_mixin.py:188} INFO - [2024-03-17T10:38:26.435+0500] {dag.py:3047} INFO - Sync 1 DAGs
[2024-03-17T10:38:26.461+0500] {logging_mixin.py:188} INFO - [2024-03-17T10:38:26.460+0500] {dag.py:3834} INFO - Setting next_dagrun for example_branch_labels to 2024-03-16 00:00:00+00:00, run_after=2024-03-17 00:00:00+00:00
[2024-03-17T10:38:26.569+0500] {processor.py:183} INFO - Processing /home/muhammadsami/Public/Projects/Airflow/DataPipelineswithApacheAirflow/.env/lib/python3.8/site-packages/airflow/example_dags/example_branch_labels.py took 0.184 seconds
[2024-03-17T10:39:41.479+0500] {processor.py:161} INFO - Started process (PID=21341) to work on /home/muhammadsami/Public/Projects/Airflow/DataPipelineswithApacheAirflow/.env/lib/python3.8/site-packages/airflow/example_dags/example_branch_labels.py
[2024-03-17T10:39:41.490+0500] {processor.py:830} INFO - Processing file /home/muhammadsami/Public/Projects/Airflow/DataPipelineswithApacheAirflow/.env/lib/python3.8/site-packages/airflow/example_dags/example_branch_labels.py for tasks to queue
[2024-03-17T10:39:41.491+0500] {logging_mixin.py:188} INFO - [2024-03-17T10:39:41.491+0500] {dagbag.py:540} INFO - Filling up the DagBag from /home/muhammadsami/Public/Projects/Airflow/DataPipelineswithApacheAirflow/.env/lib/python3.8/site-packages/airflow/example_dags/example_branch_labels.py
[2024-03-17T10:39:41.498+0500] {processor.py:840} INFO - DAG(s) 'example_branch_labels' retrieved from /home/muhammadsami/Public/Projects/Airflow/DataPipelineswithApacheAirflow/.env/lib/python3.8/site-packages/airflow/example_dags/example_branch_labels.py
[2024-03-17T10:39:41.512+0500] {logging_mixin.py:188} INFO - [2024-03-17T10:39:41.511+0500] {dag.py:3047} INFO - Sync 1 DAGs
[2024-03-17T10:39:41.530+0500] {logging_mixin.py:188} INFO - [2024-03-17T10:39:41.529+0500] {dag.py:3834} INFO - Setting next_dagrun for example_branch_labels to 2024-03-16 00:00:00+00:00, run_after=2024-03-17 00:00:00+00:00
[2024-03-17T10:39:41.632+0500] {processor.py:183} INFO - Processing /home/muhammadsami/Public/Projects/Airflow/DataPipelineswithApacheAirflow/.env/lib/python3.8/site-packages/airflow/example_dags/example_branch_labels.py took 0.155 seconds
[2024-03-17T10:40:53.194+0500] {processor.py:161} INFO - Started process (PID=21475) to work on /home/muhammadsami/Public/Projects/Airflow/DataPipelineswithApacheAirflow/.env/lib/python3.8/site-packages/airflow/example_dags/example_branch_labels.py
[2024-03-17T10:40:53.203+0500] {processor.py:830} INFO - Processing file /home/muhammadsami/Public/Projects/Airflow/DataPipelineswithApacheAirflow/.env/lib/python3.8/site-packages/airflow/example_dags/example_branch_labels.py for tasks to queue
[2024-03-17T10:40:53.204+0500] {logging_mixin.py:188} INFO - [2024-03-17T10:40:53.203+0500] {dagbag.py:540} INFO - Filling up the DagBag from /home/muhammadsami/Public/Projects/Airflow/DataPipelineswithApacheAirflow/.env/lib/python3.8/site-packages/airflow/example_dags/example_branch_labels.py
[2024-03-17T10:40:53.211+0500] {processor.py:840} INFO - DAG(s) 'example_branch_labels' retrieved from /home/muhammadsami/Public/Projects/Airflow/DataPipelineswithApacheAirflow/.env/lib/python3.8/site-packages/airflow/example_dags/example_branch_labels.py
[2024-03-17T10:40:53.226+0500] {logging_mixin.py:188} INFO - [2024-03-17T10:40:53.226+0500] {dag.py:3047} INFO - Sync 1 DAGs
[2024-03-17T10:40:53.246+0500] {logging_mixin.py:188} INFO - [2024-03-17T10:40:53.246+0500] {dag.py:3834} INFO - Setting next_dagrun for example_branch_labels to 2024-03-16 00:00:00+00:00, run_after=2024-03-17 00:00:00+00:00
[2024-03-17T10:40:53.368+0500] {processor.py:183} INFO - Processing /home/muhammadsami/Public/Projects/Airflow/DataPipelineswithApacheAirflow/.env/lib/python3.8/site-packages/airflow/example_dags/example_branch_labels.py took 0.176 seconds
[2024-03-17T10:42:10.023+0500] {processor.py:161} INFO - Started process (PID=21794) to work on /home/muhammadsami/Public/Projects/Airflow/DataPipelineswithApacheAirflow/.env/lib/python3.8/site-packages/airflow/example_dags/example_branch_labels.py
[2024-03-17T10:42:10.038+0500] {processor.py:830} INFO - Processing file /home/muhammadsami/Public/Projects/Airflow/DataPipelineswithApacheAirflow/.env/lib/python3.8/site-packages/airflow/example_dags/example_branch_labels.py for tasks to queue
[2024-03-17T10:42:10.039+0500] {logging_mixin.py:188} INFO - [2024-03-17T10:42:10.038+0500] {dagbag.py:540} INFO - Filling up the DagBag from /home/muhammadsami/Public/Projects/Airflow/DataPipelineswithApacheAirflow/.env/lib/python3.8/site-packages/airflow/example_dags/example_branch_labels.py
[2024-03-17T10:42:10.045+0500] {processor.py:840} INFO - DAG(s) 'example_branch_labels' retrieved from /home/muhammadsami/Public/Projects/Airflow/DataPipelineswithApacheAirflow/.env/lib/python3.8/site-packages/airflow/example_dags/example_branch_labels.py
[2024-03-17T10:42:10.059+0500] {logging_mixin.py:188} INFO - [2024-03-17T10:42:10.059+0500] {dag.py:3047} INFO - Sync 1 DAGs
[2024-03-17T10:42:10.076+0500] {logging_mixin.py:188} INFO - [2024-03-17T10:42:10.076+0500] {dag.py:3834} INFO - Setting next_dagrun for example_branch_labels to 2024-03-16 00:00:00+00:00, run_after=2024-03-17 00:00:00+00:00
[2024-03-17T10:42:10.178+0500] {processor.py:183} INFO - Processing /home/muhammadsami/Public/Projects/Airflow/DataPipelineswithApacheAirflow/.env/lib/python3.8/site-packages/airflow/example_dags/example_branch_labels.py took 0.157 seconds
[2024-03-17T10:43:29.761+0500] {processor.py:161} INFO - Started process (PID=22294) to work on /home/muhammadsami/Public/Projects/Airflow/DataPipelineswithApacheAirflow/.env/lib/python3.8/site-packages/airflow/example_dags/example_branch_labels.py
[2024-03-17T10:43:29.781+0500] {processor.py:830} INFO - Processing file /home/muhammadsami/Public/Projects/Airflow/DataPipelineswithApacheAirflow/.env/lib/python3.8/site-packages/airflow/example_dags/example_branch_labels.py for tasks to queue
[2024-03-17T10:43:29.782+0500] {logging_mixin.py:188} INFO - [2024-03-17T10:43:29.782+0500] {dagbag.py:540} INFO - Filling up the DagBag from /home/muhammadsami/Public/Projects/Airflow/DataPipelineswithApacheAirflow/.env/lib/python3.8/site-packages/airflow/example_dags/example_branch_labels.py
[2024-03-17T10:43:29.788+0500] {processor.py:840} INFO - DAG(s) 'example_branch_labels' retrieved from /home/muhammadsami/Public/Projects/Airflow/DataPipelineswithApacheAirflow/.env/lib/python3.8/site-packages/airflow/example_dags/example_branch_labels.py
[2024-03-17T10:43:29.803+0500] {logging_mixin.py:188} INFO - [2024-03-17T10:43:29.803+0500] {dag.py:3047} INFO - Sync 1 DAGs
[2024-03-17T10:43:29.823+0500] {logging_mixin.py:188} INFO - [2024-03-17T10:43:29.822+0500] {dag.py:3834} INFO - Setting next_dagrun for example_branch_labels to 2024-03-16 00:00:00+00:00, run_after=2024-03-17 00:00:00+00:00
[2024-03-17T10:43:29.930+0500] {processor.py:183} INFO - Processing /home/muhammadsami/Public/Projects/Airflow/DataPipelineswithApacheAirflow/.env/lib/python3.8/site-packages/airflow/example_dags/example_branch_labels.py took 0.172 seconds
[2024-03-17T10:44:22.792+0500] {processor.py:161} INFO - Started process (PID=22427) to work on /home/muhammadsami/Public/Projects/Airflow/DataPipelineswithApacheAirflow/.env/lib/python3.8/site-packages/airflow/example_dags/example_branch_labels.py
[2024-03-17T10:44:22.806+0500] {processor.py:830} INFO - Processing file /home/muhammadsami/Public/Projects/Airflow/DataPipelineswithApacheAirflow/.env/lib/python3.8/site-packages/airflow/example_dags/example_branch_labels.py for tasks to queue
[2024-03-17T10:44:22.807+0500] {logging_mixin.py:188} INFO - [2024-03-17T10:44:22.806+0500] {dagbag.py:540} INFO - Filling up the DagBag from /home/muhammadsami/Public/Projects/Airflow/DataPipelineswithApacheAirflow/.env/lib/python3.8/site-packages/airflow/example_dags/example_branch_labels.py
[2024-03-17T10:44:22.814+0500] {processor.py:840} INFO - DAG(s) 'example_branch_labels' retrieved from /home/muhammadsami/Public/Projects/Airflow/DataPipelineswithApacheAirflow/.env/lib/python3.8/site-packages/airflow/example_dags/example_branch_labels.py
[2024-03-17T10:44:22.829+0500] {logging_mixin.py:188} INFO - [2024-03-17T10:44:22.829+0500] {dag.py:3047} INFO - Sync 1 DAGs
[2024-03-17T10:44:22.847+0500] {logging_mixin.py:188} INFO - [2024-03-17T10:44:22.846+0500] {dag.py:3834} INFO - Setting next_dagrun for example_branch_labels to 2024-03-16 00:00:00+00:00, run_after=2024-03-17 00:00:00+00:00
[2024-03-17T10:44:22.947+0500] {processor.py:183} INFO - Processing /home/muhammadsami/Public/Projects/Airflow/DataPipelineswithApacheAirflow/.env/lib/python3.8/site-packages/airflow/example_dags/example_branch_labels.py took 0.158 seconds
[2024-03-17T10:45:39.583+0500] {processor.py:161} INFO - Started process (PID=22579) to work on /home/muhammadsami/Public/Projects/Airflow/DataPipelineswithApacheAirflow/.env/lib/python3.8/site-packages/airflow/example_dags/example_branch_labels.py
[2024-03-17T10:45:39.598+0500] {processor.py:830} INFO - Processing file /home/muhammadsami/Public/Projects/Airflow/DataPipelineswithApacheAirflow/.env/lib/python3.8/site-packages/airflow/example_dags/example_branch_labels.py for tasks to queue
[2024-03-17T10:45:39.599+0500] {logging_mixin.py:188} INFO - [2024-03-17T10:45:39.599+0500] {dagbag.py:540} INFO - Filling up the DagBag from /home/muhammadsami/Public/Projects/Airflow/DataPipelineswithApacheAirflow/.env/lib/python3.8/site-packages/airflow/example_dags/example_branch_labels.py
[2024-03-17T10:45:39.605+0500] {processor.py:840} INFO - DAG(s) 'example_branch_labels' retrieved from /home/muhammadsami/Public/Projects/Airflow/DataPipelineswithApacheAirflow/.env/lib/python3.8/site-packages/airflow/example_dags/example_branch_labels.py
[2024-03-17T10:45:39.619+0500] {logging_mixin.py:188} INFO - [2024-03-17T10:45:39.619+0500] {dag.py:3047} INFO - Sync 1 DAGs
[2024-03-17T10:45:39.638+0500] {logging_mixin.py:188} INFO - [2024-03-17T10:45:39.638+0500] {dag.py:3834} INFO - Setting next_dagrun for example_branch_labels to 2024-03-16 00:00:00+00:00, run_after=2024-03-17 00:00:00+00:00
[2024-03-17T10:45:39.739+0500] {processor.py:183} INFO - Processing /home/muhammadsami/Public/Projects/Airflow/DataPipelineswithApacheAirflow/.env/lib/python3.8/site-packages/airflow/example_dags/example_branch_labels.py took 0.159 seconds
[2024-03-17T10:46:57.883+0500] {processor.py:161} INFO - Started process (PID=22730) to work on /home/muhammadsami/Public/Projects/Airflow/DataPipelineswithApacheAirflow/.env/lib/python3.8/site-packages/airflow/example_dags/example_branch_labels.py
[2024-03-17T10:46:57.896+0500] {processor.py:830} INFO - Processing file /home/muhammadsami/Public/Projects/Airflow/DataPipelineswithApacheAirflow/.env/lib/python3.8/site-packages/airflow/example_dags/example_branch_labels.py for tasks to queue
[2024-03-17T10:46:57.897+0500] {logging_mixin.py:188} INFO - [2024-03-17T10:46:57.897+0500] {dagbag.py:540} INFO - Filling up the DagBag from /home/muhammadsami/Public/Projects/Airflow/DataPipelineswithApacheAirflow/.env/lib/python3.8/site-packages/airflow/example_dags/example_branch_labels.py
[2024-03-17T10:46:57.905+0500] {processor.py:840} INFO - DAG(s) 'example_branch_labels' retrieved from /home/muhammadsami/Public/Projects/Airflow/DataPipelineswithApacheAirflow/.env/lib/python3.8/site-packages/airflow/example_dags/example_branch_labels.py
[2024-03-17T10:46:57.931+0500] {logging_mixin.py:188} INFO - [2024-03-17T10:46:57.930+0500] {dag.py:3047} INFO - Sync 1 DAGs
[2024-03-17T10:46:57.968+0500] {logging_mixin.py:188} INFO - [2024-03-17T10:46:57.968+0500] {dag.py:3834} INFO - Setting next_dagrun for example_branch_labels to 2024-03-16 00:00:00+00:00, run_after=2024-03-17 00:00:00+00:00
[2024-03-17T10:46:58.082+0500] {processor.py:183} INFO - Processing /home/muhammadsami/Public/Projects/Airflow/DataPipelineswithApacheAirflow/.env/lib/python3.8/site-packages/airflow/example_dags/example_branch_labels.py took 0.202 seconds
[2024-03-17T10:48:17.105+0500] {processor.py:161} INFO - Started process (PID=22868) to work on /home/muhammadsami/Public/Projects/Airflow/DataPipelineswithApacheAirflow/.env/lib/python3.8/site-packages/airflow/example_dags/example_branch_labels.py
[2024-03-17T10:48:17.120+0500] {processor.py:830} INFO - Processing file /home/muhammadsami/Public/Projects/Airflow/DataPipelineswithApacheAirflow/.env/lib/python3.8/site-packages/airflow/example_dags/example_branch_labels.py for tasks to queue
[2024-03-17T10:48:17.121+0500] {logging_mixin.py:188} INFO - [2024-03-17T10:48:17.121+0500] {dagbag.py:540} INFO - Filling up the DagBag from /home/muhammadsami/Public/Projects/Airflow/DataPipelineswithApacheAirflow/.env/lib/python3.8/site-packages/airflow/example_dags/example_branch_labels.py
[2024-03-17T10:48:17.127+0500] {processor.py:840} INFO - DAG(s) 'example_branch_labels' retrieved from /home/muhammadsami/Public/Projects/Airflow/DataPipelineswithApacheAirflow/.env/lib/python3.8/site-packages/airflow/example_dags/example_branch_labels.py
[2024-03-17T10:48:17.142+0500] {logging_mixin.py:188} INFO - [2024-03-17T10:48:17.141+0500] {dag.py:3047} INFO - Sync 1 DAGs
[2024-03-17T10:48:17.159+0500] {logging_mixin.py:188} INFO - [2024-03-17T10:48:17.159+0500] {dag.py:3834} INFO - Setting next_dagrun for example_branch_labels to 2024-03-16 00:00:00+00:00, run_after=2024-03-17 00:00:00+00:00
[2024-03-17T10:48:17.270+0500] {processor.py:183} INFO - Processing /home/muhammadsami/Public/Projects/Airflow/DataPipelineswithApacheAirflow/.env/lib/python3.8/site-packages/airflow/example_dags/example_branch_labels.py took 0.167 seconds
[2024-03-17T10:50:15.501+0500] {processor.py:161} INFO - Started process (PID=23793) to work on /home/muhammadsami/Public/Projects/Airflow/DataPipelineswithApacheAirflow/.env/lib/python3.8/site-packages/airflow/example_dags/example_branch_labels.py
[2024-03-17T10:50:15.515+0500] {processor.py:830} INFO - Processing file /home/muhammadsami/Public/Projects/Airflow/DataPipelineswithApacheAirflow/.env/lib/python3.8/site-packages/airflow/example_dags/example_branch_labels.py for tasks to queue
[2024-03-17T10:50:15.516+0500] {logging_mixin.py:188} INFO - [2024-03-17T10:50:15.516+0500] {dagbag.py:540} INFO - Filling up the DagBag from /home/muhammadsami/Public/Projects/Airflow/DataPipelineswithApacheAirflow/.env/lib/python3.8/site-packages/airflow/example_dags/example_branch_labels.py
[2024-03-17T10:50:15.523+0500] {processor.py:840} INFO - DAG(s) 'example_branch_labels' retrieved from /home/muhammadsami/Public/Projects/Airflow/DataPipelineswithApacheAirflow/.env/lib/python3.8/site-packages/airflow/example_dags/example_branch_labels.py
[2024-03-17T10:50:15.537+0500] {logging_mixin.py:188} INFO - [2024-03-17T10:50:15.536+0500] {dag.py:3047} INFO - Sync 1 DAGs
[2024-03-17T10:50:15.555+0500] {logging_mixin.py:188} INFO - [2024-03-17T10:50:15.555+0500] {dag.py:3834} INFO - Setting next_dagrun for example_branch_labels to 2024-03-16 00:00:00+00:00, run_after=2024-03-17 00:00:00+00:00
[2024-03-17T10:50:15.651+0500] {processor.py:183} INFO - Processing /home/muhammadsami/Public/Projects/Airflow/DataPipelineswithApacheAirflow/.env/lib/python3.8/site-packages/airflow/example_dags/example_branch_labels.py took 0.153 seconds
[2024-03-17T10:51:18.066+0500] {processor.py:161} INFO - Started process (PID=24103) to work on /home/muhammadsami/Public/Projects/Airflow/DataPipelineswithApacheAirflow/.env/lib/python3.8/site-packages/airflow/example_dags/example_branch_labels.py
[2024-03-17T10:51:18.077+0500] {processor.py:830} INFO - Processing file /home/muhammadsami/Public/Projects/Airflow/DataPipelineswithApacheAirflow/.env/lib/python3.8/site-packages/airflow/example_dags/example_branch_labels.py for tasks to queue
[2024-03-17T10:51:18.078+0500] {logging_mixin.py:188} INFO - [2024-03-17T10:51:18.078+0500] {dagbag.py:540} INFO - Filling up the DagBag from /home/muhammadsami/Public/Projects/Airflow/DataPipelineswithApacheAirflow/.env/lib/python3.8/site-packages/airflow/example_dags/example_branch_labels.py
[2024-03-17T10:51:18.085+0500] {processor.py:840} INFO - DAG(s) 'example_branch_labels' retrieved from /home/muhammadsami/Public/Projects/Airflow/DataPipelineswithApacheAirflow/.env/lib/python3.8/site-packages/airflow/example_dags/example_branch_labels.py
[2024-03-17T10:51:18.099+0500] {logging_mixin.py:188} INFO - [2024-03-17T10:51:18.098+0500] {dag.py:3047} INFO - Sync 1 DAGs
[2024-03-17T10:51:18.116+0500] {logging_mixin.py:188} INFO - [2024-03-17T10:51:18.116+0500] {dag.py:3834} INFO - Setting next_dagrun for example_branch_labels to 2024-03-16 00:00:00+00:00, run_after=2024-03-17 00:00:00+00:00
[2024-03-17T10:51:18.239+0500] {processor.py:183} INFO - Processing /home/muhammadsami/Public/Projects/Airflow/DataPipelineswithApacheAirflow/.env/lib/python3.8/site-packages/airflow/example_dags/example_branch_labels.py took 0.175 seconds
[2024-03-17T10:52:34.808+0500] {processor.py:161} INFO - Started process (PID=24303) to work on /home/muhammadsami/Public/Projects/Airflow/DataPipelineswithApacheAirflow/.env/lib/python3.8/site-packages/airflow/example_dags/example_branch_labels.py
[2024-03-17T10:52:34.822+0500] {processor.py:830} INFO - Processing file /home/muhammadsami/Public/Projects/Airflow/DataPipelineswithApacheAirflow/.env/lib/python3.8/site-packages/airflow/example_dags/example_branch_labels.py for tasks to queue
[2024-03-17T10:52:34.823+0500] {logging_mixin.py:188} INFO - [2024-03-17T10:52:34.823+0500] {dagbag.py:540} INFO - Filling up the DagBag from /home/muhammadsami/Public/Projects/Airflow/DataPipelineswithApacheAirflow/.env/lib/python3.8/site-packages/airflow/example_dags/example_branch_labels.py
[2024-03-17T10:52:34.830+0500] {processor.py:840} INFO - DAG(s) 'example_branch_labels' retrieved from /home/muhammadsami/Public/Projects/Airflow/DataPipelineswithApacheAirflow/.env/lib/python3.8/site-packages/airflow/example_dags/example_branch_labels.py
[2024-03-17T10:52:34.843+0500] {logging_mixin.py:188} INFO - [2024-03-17T10:52:34.843+0500] {dag.py:3047} INFO - Sync 1 DAGs
[2024-03-17T10:52:34.861+0500] {logging_mixin.py:188} INFO - [2024-03-17T10:52:34.861+0500] {dag.py:3834} INFO - Setting next_dagrun for example_branch_labels to 2024-03-16 00:00:00+00:00, run_after=2024-03-17 00:00:00+00:00
[2024-03-17T10:52:34.966+0500] {processor.py:183} INFO - Processing /home/muhammadsami/Public/Projects/Airflow/DataPipelineswithApacheAirflow/.env/lib/python3.8/site-packages/airflow/example_dags/example_branch_labels.py took 0.161 seconds
[2024-03-17T10:53:59.241+0500] {processor.py:161} INFO - Started process (PID=24495) to work on /home/muhammadsami/Public/Projects/Airflow/DataPipelineswithApacheAirflow/.env/lib/python3.8/site-packages/airflow/example_dags/example_branch_labels.py
[2024-03-17T10:53:59.243+0500] {processor.py:830} INFO - Processing file /home/muhammadsami/Public/Projects/Airflow/DataPipelineswithApacheAirflow/.env/lib/python3.8/site-packages/airflow/example_dags/example_branch_labels.py for tasks to queue
[2024-03-17T10:53:59.244+0500] {logging_mixin.py:188} INFO - [2024-03-17T10:53:59.244+0500] {dagbag.py:540} INFO - Filling up the DagBag from /home/muhammadsami/Public/Projects/Airflow/DataPipelineswithApacheAirflow/.env/lib/python3.8/site-packages/airflow/example_dags/example_branch_labels.py
[2024-03-17T10:53:59.252+0500] {processor.py:840} INFO - DAG(s) 'example_branch_labels' retrieved from /home/muhammadsami/Public/Projects/Airflow/DataPipelineswithApacheAirflow/.env/lib/python3.8/site-packages/airflow/example_dags/example_branch_labels.py
[2024-03-17T10:53:59.266+0500] {logging_mixin.py:188} INFO - [2024-03-17T10:53:59.266+0500] {dag.py:3047} INFO - Sync 1 DAGs
[2024-03-17T10:53:59.285+0500] {logging_mixin.py:188} INFO - [2024-03-17T10:53:59.285+0500] {dag.py:3834} INFO - Setting next_dagrun for example_branch_labels to 2024-03-16 00:00:00+00:00, run_after=2024-03-17 00:00:00+00:00
[2024-03-17T10:53:59.392+0500] {processor.py:183} INFO - Processing /home/muhammadsami/Public/Projects/Airflow/DataPipelineswithApacheAirflow/.env/lib/python3.8/site-packages/airflow/example_dags/example_branch_labels.py took 0.153 seconds
[2024-03-17T10:55:20.044+0500] {processor.py:161} INFO - Started process (PID=24763) to work on /home/muhammadsami/Public/Projects/Airflow/DataPipelineswithApacheAirflow/.env/lib/python3.8/site-packages/airflow/example_dags/example_branch_labels.py
[2024-03-17T10:55:20.048+0500] {processor.py:830} INFO - Processing file /home/muhammadsami/Public/Projects/Airflow/DataPipelineswithApacheAirflow/.env/lib/python3.8/site-packages/airflow/example_dags/example_branch_labels.py for tasks to queue
[2024-03-17T10:55:20.049+0500] {logging_mixin.py:188} INFO - [2024-03-17T10:55:20.048+0500] {dagbag.py:540} INFO - Filling up the DagBag from /home/muhammadsami/Public/Projects/Airflow/DataPipelineswithApacheAirflow/.env/lib/python3.8/site-packages/airflow/example_dags/example_branch_labels.py
[2024-03-17T10:55:20.055+0500] {processor.py:840} INFO - DAG(s) 'example_branch_labels' retrieved from /home/muhammadsami/Public/Projects/Airflow/DataPipelineswithApacheAirflow/.env/lib/python3.8/site-packages/airflow/example_dags/example_branch_labels.py
[2024-03-17T10:55:20.069+0500] {logging_mixin.py:188} INFO - [2024-03-17T10:55:20.069+0500] {dag.py:3047} INFO - Sync 1 DAGs
[2024-03-17T10:55:20.088+0500] {logging_mixin.py:188} INFO - [2024-03-17T10:55:20.088+0500] {dag.py:3834} INFO - Setting next_dagrun for example_branch_labels to 2024-03-16 00:00:00+00:00, run_after=2024-03-17 00:00:00+00:00
[2024-03-17T10:55:20.205+0500] {processor.py:183} INFO - Processing /home/muhammadsami/Public/Projects/Airflow/DataPipelineswithApacheAirflow/.env/lib/python3.8/site-packages/airflow/example_dags/example_branch_labels.py took 0.164 seconds
[2024-03-17T10:56:34.562+0500] {processor.py:161} INFO - Started process (PID=25182) to work on /home/muhammadsami/Public/Projects/Airflow/DataPipelineswithApacheAirflow/.env/lib/python3.8/site-packages/airflow/example_dags/example_branch_labels.py
[2024-03-17T10:56:34.563+0500] {processor.py:830} INFO - Processing file /home/muhammadsami/Public/Projects/Airflow/DataPipelineswithApacheAirflow/.env/lib/python3.8/site-packages/airflow/example_dags/example_branch_labels.py for tasks to queue
[2024-03-17T10:56:34.564+0500] {logging_mixin.py:188} INFO - [2024-03-17T10:56:34.564+0500] {dagbag.py:540} INFO - Filling up the DagBag from /home/muhammadsami/Public/Projects/Airflow/DataPipelineswithApacheAirflow/.env/lib/python3.8/site-packages/airflow/example_dags/example_branch_labels.py
[2024-03-17T10:56:34.574+0500] {processor.py:840} INFO - DAG(s) 'example_branch_labels' retrieved from /home/muhammadsami/Public/Projects/Airflow/DataPipelineswithApacheAirflow/.env/lib/python3.8/site-packages/airflow/example_dags/example_branch_labels.py
[2024-03-17T10:56:34.588+0500] {logging_mixin.py:188} INFO - [2024-03-17T10:56:34.588+0500] {dag.py:3047} INFO - Sync 1 DAGs
[2024-03-17T10:56:34.606+0500] {logging_mixin.py:188} INFO - [2024-03-17T10:56:34.605+0500] {dag.py:3834} INFO - Setting next_dagrun for example_branch_labels to 2024-03-16 00:00:00+00:00, run_after=2024-03-17 00:00:00+00:00
[2024-03-17T10:56:34.691+0500] {processor.py:183} INFO - Processing /home/muhammadsami/Public/Projects/Airflow/DataPipelineswithApacheAirflow/.env/lib/python3.8/site-packages/airflow/example_dags/example_branch_labels.py took 0.132 seconds
[2024-03-17T10:57:56.112+0500] {processor.py:161} INFO - Started process (PID=25566) to work on /home/muhammadsami/Public/Projects/Airflow/DataPipelineswithApacheAirflow/.env/lib/python3.8/site-packages/airflow/example_dags/example_branch_labels.py
[2024-03-17T10:57:56.114+0500] {processor.py:830} INFO - Processing file /home/muhammadsami/Public/Projects/Airflow/DataPipelineswithApacheAirflow/.env/lib/python3.8/site-packages/airflow/example_dags/example_branch_labels.py for tasks to queue
[2024-03-17T10:57:56.114+0500] {logging_mixin.py:188} INFO - [2024-03-17T10:57:56.114+0500] {dagbag.py:540} INFO - Filling up the DagBag from /home/muhammadsami/Public/Projects/Airflow/DataPipelineswithApacheAirflow/.env/lib/python3.8/site-packages/airflow/example_dags/example_branch_labels.py
[2024-03-17T10:57:56.124+0500] {processor.py:840} INFO - DAG(s) 'example_branch_labels' retrieved from /home/muhammadsami/Public/Projects/Airflow/DataPipelineswithApacheAirflow/.env/lib/python3.8/site-packages/airflow/example_dags/example_branch_labels.py
[2024-03-17T10:57:56.138+0500] {logging_mixin.py:188} INFO - [2024-03-17T10:57:56.137+0500] {dag.py:3047} INFO - Sync 1 DAGs
[2024-03-17T10:57:56.158+0500] {logging_mixin.py:188} INFO - [2024-03-17T10:57:56.158+0500] {dag.py:3834} INFO - Setting next_dagrun for example_branch_labels to 2024-03-16 00:00:00+00:00, run_after=2024-03-17 00:00:00+00:00
[2024-03-17T10:57:56.265+0500] {processor.py:183} INFO - Processing /home/muhammadsami/Public/Projects/Airflow/DataPipelineswithApacheAirflow/.env/lib/python3.8/site-packages/airflow/example_dags/example_branch_labels.py took 0.155 seconds
[2024-03-17T10:59:04.204+0500] {processor.py:161} INFO - Started process (PID=25973) to work on /home/muhammadsami/Public/Projects/Airflow/DataPipelineswithApacheAirflow/.env/lib/python3.8/site-packages/airflow/example_dags/example_branch_labels.py
[2024-03-17T10:59:04.219+0500] {processor.py:830} INFO - Processing file /home/muhammadsami/Public/Projects/Airflow/DataPipelineswithApacheAirflow/.env/lib/python3.8/site-packages/airflow/example_dags/example_branch_labels.py for tasks to queue
[2024-03-17T10:59:04.220+0500] {logging_mixin.py:188} INFO - [2024-03-17T10:59:04.220+0500] {dagbag.py:540} INFO - Filling up the DagBag from /home/muhammadsami/Public/Projects/Airflow/DataPipelineswithApacheAirflow/.env/lib/python3.8/site-packages/airflow/example_dags/example_branch_labels.py
[2024-03-17T10:59:04.227+0500] {processor.py:840} INFO - DAG(s) 'example_branch_labels' retrieved from /home/muhammadsami/Public/Projects/Airflow/DataPipelineswithApacheAirflow/.env/lib/python3.8/site-packages/airflow/example_dags/example_branch_labels.py
[2024-03-17T10:59:04.241+0500] {logging_mixin.py:188} INFO - [2024-03-17T10:59:04.241+0500] {dag.py:3047} INFO - Sync 1 DAGs
[2024-03-17T10:59:04.263+0500] {logging_mixin.py:188} INFO - [2024-03-17T10:59:04.263+0500] {dag.py:3834} INFO - Setting next_dagrun for example_branch_labels to 2024-03-16 00:00:00+00:00, run_after=2024-03-17 00:00:00+00:00
[2024-03-17T10:59:04.354+0500] {processor.py:183} INFO - Processing /home/muhammadsami/Public/Projects/Airflow/DataPipelineswithApacheAirflow/.env/lib/python3.8/site-packages/airflow/example_dags/example_branch_labels.py took 0.152 seconds
[2024-03-17T11:00:22.688+0500] {processor.py:161} INFO - Started process (PID=26486) to work on /home/muhammadsami/Public/Projects/Airflow/DataPipelineswithApacheAirflow/.env/lib/python3.8/site-packages/airflow/example_dags/example_branch_labels.py
[2024-03-17T11:00:22.690+0500] {processor.py:830} INFO - Processing file /home/muhammadsami/Public/Projects/Airflow/DataPipelineswithApacheAirflow/.env/lib/python3.8/site-packages/airflow/example_dags/example_branch_labels.py for tasks to queue
[2024-03-17T11:00:22.705+0500] {logging_mixin.py:188} INFO - [2024-03-17T11:00:22.703+0500] {dagbag.py:540} INFO - Filling up the DagBag from /home/muhammadsami/Public/Projects/Airflow/DataPipelineswithApacheAirflow/.env/lib/python3.8/site-packages/airflow/example_dags/example_branch_labels.py
[2024-03-17T11:00:22.717+0500] {processor.py:840} INFO - DAG(s) 'example_branch_labels' retrieved from /home/muhammadsami/Public/Projects/Airflow/DataPipelineswithApacheAirflow/.env/lib/python3.8/site-packages/airflow/example_dags/example_branch_labels.py
[2024-03-17T11:00:22.815+0500] {logging_mixin.py:188} INFO - [2024-03-17T11:00:22.815+0500] {dag.py:3047} INFO - Sync 1 DAGs
[2024-03-17T11:00:22.839+0500] {logging_mixin.py:188} INFO - [2024-03-17T11:00:22.838+0500] {dag.py:3834} INFO - Setting next_dagrun for example_branch_labels to 2024-03-16 00:00:00+00:00, run_after=2024-03-17 00:00:00+00:00
[2024-03-17T11:00:22.941+0500] {processor.py:183} INFO - Processing /home/muhammadsami/Public/Projects/Airflow/DataPipelineswithApacheAirflow/.env/lib/python3.8/site-packages/airflow/example_dags/example_branch_labels.py took 0.259 seconds
