[2024-03-17T08:52:16.475+0500] {processor.py:161} INFO - Started process (PID=6353) to work on /home/muhammadsami/Public/Projects/Airflow/DataPipelineswithApacheAirflow/.env/lib/python3.8/site-packages/airflow/example_dags/example_branch_operator.py
[2024-03-17T08:52:16.476+0500] {processor.py:830} INFO - Processing file /home/muhammadsami/Public/Projects/Airflow/DataPipelineswithApacheAirflow/.env/lib/python3.8/site-packages/airflow/example_dags/example_branch_operator.py for tasks to queue
[2024-03-17T08:52:16.477+0500] {logging_mixin.py:188} INFO - [2024-03-17T08:52:16.477+0500] {dagbag.py:540} INFO - Filling up the DagBag from /home/muhammadsami/Public/Projects/Airflow/DataPipelineswithApacheAirflow/.env/lib/python3.8/site-packages/airflow/example_dags/example_branch_operator.py
[2024-03-17T08:52:16.480+0500] {processor.py:842} WARNING - No viable dags retrieved from /home/muhammadsami/Public/Projects/Airflow/DataPipelineswithApacheAirflow/.env/lib/python3.8/site-packages/airflow/example_dags/example_branch_operator.py
[2024-03-17T08:52:16.489+0500] {processor.py:183} INFO - Processing /home/muhammadsami/Public/Projects/Airflow/DataPipelineswithApacheAirflow/.env/lib/python3.8/site-packages/airflow/example_dags/example_branch_operator.py took 0.017 seconds
[2024-03-17T08:53:21.238+0500] {processor.py:161} INFO - Started process (PID=6597) to work on /home/muhammadsami/Public/Projects/Airflow/DataPipelineswithApacheAirflow/.env/lib/python3.8/site-packages/airflow/example_dags/example_branch_operator.py
[2024-03-17T08:53:21.254+0500] {processor.py:830} INFO - Processing file /home/muhammadsami/Public/Projects/Airflow/DataPipelineswithApacheAirflow/.env/lib/python3.8/site-packages/airflow/example_dags/example_branch_operator.py for tasks to queue
[2024-03-17T08:53:21.255+0500] {logging_mixin.py:188} INFO - [2024-03-17T08:53:21.255+0500] {dagbag.py:540} INFO - Filling up the DagBag from /home/muhammadsami/Public/Projects/Airflow/DataPipelineswithApacheAirflow/.env/lib/python3.8/site-packages/airflow/example_dags/example_branch_operator.py
[2024-03-17T08:53:21.257+0500] {processor.py:842} WARNING - No viable dags retrieved from /home/muhammadsami/Public/Projects/Airflow/DataPipelineswithApacheAirflow/.env/lib/python3.8/site-packages/airflow/example_dags/example_branch_operator.py
[2024-03-17T08:53:21.266+0500] {processor.py:183} INFO - Processing /home/muhammadsami/Public/Projects/Airflow/DataPipelineswithApacheAirflow/.env/lib/python3.8/site-packages/airflow/example_dags/example_branch_operator.py took 0.029 seconds
[2024-03-17T08:54:38.594+0500] {processor.py:161} INFO - Started process (PID=7270) to work on /home/muhammadsami/Public/Projects/Airflow/DataPipelineswithApacheAirflow/.env/lib/python3.8/site-packages/airflow/example_dags/example_branch_operator.py
[2024-03-17T08:54:38.595+0500] {processor.py:830} INFO - Processing file /home/muhammadsami/Public/Projects/Airflow/DataPipelineswithApacheAirflow/.env/lib/python3.8/site-packages/airflow/example_dags/example_branch_operator.py for tasks to queue
[2024-03-17T08:54:38.596+0500] {logging_mixin.py:188} INFO - [2024-03-17T08:54:38.596+0500] {dagbag.py:540} INFO - Filling up the DagBag from /home/muhammadsami/Public/Projects/Airflow/DataPipelineswithApacheAirflow/.env/lib/python3.8/site-packages/airflow/example_dags/example_branch_operator.py
[2024-03-17T08:54:38.600+0500] {processor.py:842} WARNING - No viable dags retrieved from /home/muhammadsami/Public/Projects/Airflow/DataPipelineswithApacheAirflow/.env/lib/python3.8/site-packages/airflow/example_dags/example_branch_operator.py
[2024-03-17T08:54:38.608+0500] {processor.py:183} INFO - Processing /home/muhammadsami/Public/Projects/Airflow/DataPipelineswithApacheAirflow/.env/lib/python3.8/site-packages/airflow/example_dags/example_branch_operator.py took 0.017 seconds
[2024-03-17T08:55:33.477+0500] {processor.py:161} INFO - Started process (PID=7423) to work on /home/muhammadsami/Public/Projects/Airflow/DataPipelineswithApacheAirflow/.env/lib/python3.8/site-packages/airflow/example_dags/example_branch_operator.py
[2024-03-17T08:55:33.490+0500] {processor.py:830} INFO - Processing file /home/muhammadsami/Public/Projects/Airflow/DataPipelineswithApacheAirflow/.env/lib/python3.8/site-packages/airflow/example_dags/example_branch_operator.py for tasks to queue
[2024-03-17T08:55:33.492+0500] {logging_mixin.py:188} INFO - [2024-03-17T08:55:33.491+0500] {dagbag.py:540} INFO - Filling up the DagBag from /home/muhammadsami/Public/Projects/Airflow/DataPipelineswithApacheAirflow/.env/lib/python3.8/site-packages/airflow/example_dags/example_branch_operator.py
[2024-03-17T08:55:33.495+0500] {processor.py:842} WARNING - No viable dags retrieved from /home/muhammadsami/Public/Projects/Airflow/DataPipelineswithApacheAirflow/.env/lib/python3.8/site-packages/airflow/example_dags/example_branch_operator.py
[2024-03-17T08:55:33.504+0500] {processor.py:183} INFO - Processing /home/muhammadsami/Public/Projects/Airflow/DataPipelineswithApacheAirflow/.env/lib/python3.8/site-packages/airflow/example_dags/example_branch_operator.py took 0.029 seconds
[2024-03-17T08:56:25.176+0500] {processor.py:161} INFO - Started process (PID=7607) to work on /home/muhammadsami/Public/Projects/Airflow/DataPipelineswithApacheAirflow/.env/lib/python3.8/site-packages/airflow/example_dags/example_branch_operator.py
[2024-03-17T08:56:25.177+0500] {processor.py:830} INFO - Processing file /home/muhammadsami/Public/Projects/Airflow/DataPipelineswithApacheAirflow/.env/lib/python3.8/site-packages/airflow/example_dags/example_branch_operator.py for tasks to queue
[2024-03-17T08:56:25.178+0500] {logging_mixin.py:188} INFO - [2024-03-17T08:56:25.178+0500] {dagbag.py:540} INFO - Filling up the DagBag from /home/muhammadsami/Public/Projects/Airflow/DataPipelineswithApacheAirflow/.env/lib/python3.8/site-packages/airflow/example_dags/example_branch_operator.py
[2024-03-17T08:56:25.181+0500] {processor.py:842} WARNING - No viable dags retrieved from /home/muhammadsami/Public/Projects/Airflow/DataPipelineswithApacheAirflow/.env/lib/python3.8/site-packages/airflow/example_dags/example_branch_operator.py
[2024-03-17T08:56:25.189+0500] {processor.py:183} INFO - Processing /home/muhammadsami/Public/Projects/Airflow/DataPipelineswithApacheAirflow/.env/lib/python3.8/site-packages/airflow/example_dags/example_branch_operator.py took 0.016 seconds
[2024-03-17T08:57:37.786+0500] {processor.py:161} INFO - Started process (PID=7772) to work on /home/muhammadsami/Public/Projects/Airflow/DataPipelineswithApacheAirflow/.env/lib/python3.8/site-packages/airflow/example_dags/example_branch_operator.py
[2024-03-17T08:57:37.787+0500] {processor.py:830} INFO - Processing file /home/muhammadsami/Public/Projects/Airflow/DataPipelineswithApacheAirflow/.env/lib/python3.8/site-packages/airflow/example_dags/example_branch_operator.py for tasks to queue
[2024-03-17T08:57:37.788+0500] {logging_mixin.py:188} INFO - [2024-03-17T08:57:37.787+0500] {dagbag.py:540} INFO - Filling up the DagBag from /home/muhammadsami/Public/Projects/Airflow/DataPipelineswithApacheAirflow/.env/lib/python3.8/site-packages/airflow/example_dags/example_branch_operator.py
[2024-03-17T08:57:37.790+0500] {processor.py:842} WARNING - No viable dags retrieved from /home/muhammadsami/Public/Projects/Airflow/DataPipelineswithApacheAirflow/.env/lib/python3.8/site-packages/airflow/example_dags/example_branch_operator.py
[2024-03-17T08:57:37.800+0500] {processor.py:183} INFO - Processing /home/muhammadsami/Public/Projects/Airflow/DataPipelineswithApacheAirflow/.env/lib/python3.8/site-packages/airflow/example_dags/example_branch_operator.py took 0.017 seconds
[2024-03-17T08:58:32.269+0500] {processor.py:161} INFO - Started process (PID=7917) to work on /home/muhammadsami/Public/Projects/Airflow/DataPipelineswithApacheAirflow/.env/lib/python3.8/site-packages/airflow/example_dags/example_branch_operator.py
[2024-03-17T08:58:32.278+0500] {processor.py:830} INFO - Processing file /home/muhammadsami/Public/Projects/Airflow/DataPipelineswithApacheAirflow/.env/lib/python3.8/site-packages/airflow/example_dags/example_branch_operator.py for tasks to queue
[2024-03-17T08:58:32.279+0500] {logging_mixin.py:188} INFO - [2024-03-17T08:58:32.279+0500] {dagbag.py:540} INFO - Filling up the DagBag from /home/muhammadsami/Public/Projects/Airflow/DataPipelineswithApacheAirflow/.env/lib/python3.8/site-packages/airflow/example_dags/example_branch_operator.py
[2024-03-17T08:58:32.281+0500] {processor.py:842} WARNING - No viable dags retrieved from /home/muhammadsami/Public/Projects/Airflow/DataPipelineswithApacheAirflow/.env/lib/python3.8/site-packages/airflow/example_dags/example_branch_operator.py
[2024-03-17T08:58:32.290+0500] {processor.py:183} INFO - Processing /home/muhammadsami/Public/Projects/Airflow/DataPipelineswithApacheAirflow/.env/lib/python3.8/site-packages/airflow/example_dags/example_branch_operator.py took 0.023 seconds
[2024-03-17T08:59:29.959+0500] {processor.py:161} INFO - Started process (PID=8032) to work on /home/muhammadsami/Public/Projects/Airflow/DataPipelineswithApacheAirflow/.env/lib/python3.8/site-packages/airflow/example_dags/example_branch_operator.py
[2024-03-17T08:59:29.977+0500] {processor.py:830} INFO - Processing file /home/muhammadsami/Public/Projects/Airflow/DataPipelineswithApacheAirflow/.env/lib/python3.8/site-packages/airflow/example_dags/example_branch_operator.py for tasks to queue
[2024-03-17T08:59:29.978+0500] {logging_mixin.py:188} INFO - [2024-03-17T08:59:29.978+0500] {dagbag.py:540} INFO - Filling up the DagBag from /home/muhammadsami/Public/Projects/Airflow/DataPipelineswithApacheAirflow/.env/lib/python3.8/site-packages/airflow/example_dags/example_branch_operator.py
[2024-03-17T08:59:29.980+0500] {processor.py:842} WARNING - No viable dags retrieved from /home/muhammadsami/Public/Projects/Airflow/DataPipelineswithApacheAirflow/.env/lib/python3.8/site-packages/airflow/example_dags/example_branch_operator.py
[2024-03-17T08:59:29.988+0500] {processor.py:183} INFO - Processing /home/muhammadsami/Public/Projects/Airflow/DataPipelineswithApacheAirflow/.env/lib/python3.8/site-packages/airflow/example_dags/example_branch_operator.py took 0.032 seconds
[2024-03-17T09:00:46.087+0500] {processor.py:161} INFO - Started process (PID=8220) to work on /home/muhammadsami/Public/Projects/Airflow/DataPipelineswithApacheAirflow/.env/lib/python3.8/site-packages/airflow/example_dags/example_branch_operator.py
[2024-03-17T09:00:46.107+0500] {processor.py:830} INFO - Processing file /home/muhammadsami/Public/Projects/Airflow/DataPipelineswithApacheAirflow/.env/lib/python3.8/site-packages/airflow/example_dags/example_branch_operator.py for tasks to queue
[2024-03-17T09:00:46.107+0500] {logging_mixin.py:188} INFO - [2024-03-17T09:00:46.107+0500] {dagbag.py:540} INFO - Filling up the DagBag from /home/muhammadsami/Public/Projects/Airflow/DataPipelineswithApacheAirflow/.env/lib/python3.8/site-packages/airflow/example_dags/example_branch_operator.py
[2024-03-17T09:00:46.110+0500] {processor.py:842} WARNING - No viable dags retrieved from /home/muhammadsami/Public/Projects/Airflow/DataPipelineswithApacheAirflow/.env/lib/python3.8/site-packages/airflow/example_dags/example_branch_operator.py
[2024-03-17T09:00:46.118+0500] {processor.py:183} INFO - Processing /home/muhammadsami/Public/Projects/Airflow/DataPipelineswithApacheAirflow/.env/lib/python3.8/site-packages/airflow/example_dags/example_branch_operator.py took 0.033 seconds
[2024-03-17T09:01:40.369+0500] {processor.py:161} INFO - Started process (PID=8419) to work on /home/muhammadsami/Public/Projects/Airflow/DataPipelineswithApacheAirflow/.env/lib/python3.8/site-packages/airflow/example_dags/example_branch_operator.py
[2024-03-17T09:01:40.376+0500] {processor.py:830} INFO - Processing file /home/muhammadsami/Public/Projects/Airflow/DataPipelineswithApacheAirflow/.env/lib/python3.8/site-packages/airflow/example_dags/example_branch_operator.py for tasks to queue
[2024-03-17T09:01:40.376+0500] {logging_mixin.py:188} INFO - [2024-03-17T09:01:40.376+0500] {dagbag.py:540} INFO - Filling up the DagBag from /home/muhammadsami/Public/Projects/Airflow/DataPipelineswithApacheAirflow/.env/lib/python3.8/site-packages/airflow/example_dags/example_branch_operator.py
[2024-03-17T09:01:40.379+0500] {processor.py:842} WARNING - No viable dags retrieved from /home/muhammadsami/Public/Projects/Airflow/DataPipelineswithApacheAirflow/.env/lib/python3.8/site-packages/airflow/example_dags/example_branch_operator.py
[2024-03-17T09:01:40.389+0500] {processor.py:183} INFO - Processing /home/muhammadsami/Public/Projects/Airflow/DataPipelineswithApacheAirflow/.env/lib/python3.8/site-packages/airflow/example_dags/example_branch_operator.py took 0.022 seconds
[2024-03-17T09:02:57.900+0500] {processor.py:161} INFO - Started process (PID=8570) to work on /home/muhammadsami/Public/Projects/Airflow/DataPipelineswithApacheAirflow/.env/lib/python3.8/site-packages/airflow/example_dags/example_branch_operator.py
[2024-03-17T09:02:57.910+0500] {processor.py:830} INFO - Processing file /home/muhammadsami/Public/Projects/Airflow/DataPipelineswithApacheAirflow/.env/lib/python3.8/site-packages/airflow/example_dags/example_branch_operator.py for tasks to queue
[2024-03-17T09:02:57.911+0500] {logging_mixin.py:188} INFO - [2024-03-17T09:02:57.911+0500] {dagbag.py:540} INFO - Filling up the DagBag from /home/muhammadsami/Public/Projects/Airflow/DataPipelineswithApacheAirflow/.env/lib/python3.8/site-packages/airflow/example_dags/example_branch_operator.py
[2024-03-17T09:02:57.913+0500] {processor.py:842} WARNING - No viable dags retrieved from /home/muhammadsami/Public/Projects/Airflow/DataPipelineswithApacheAirflow/.env/lib/python3.8/site-packages/airflow/example_dags/example_branch_operator.py
[2024-03-17T09:02:57.922+0500] {processor.py:183} INFO - Processing /home/muhammadsami/Public/Projects/Airflow/DataPipelineswithApacheAirflow/.env/lib/python3.8/site-packages/airflow/example_dags/example_branch_operator.py took 0.024 seconds
[2024-03-17T09:03:52.509+0500] {processor.py:161} INFO - Started process (PID=8687) to work on /home/muhammadsami/Public/Projects/Airflow/DataPipelineswithApacheAirflow/.env/lib/python3.8/site-packages/airflow/example_dags/example_branch_operator.py
[2024-03-17T09:03:52.510+0500] {processor.py:830} INFO - Processing file /home/muhammadsami/Public/Projects/Airflow/DataPipelineswithApacheAirflow/.env/lib/python3.8/site-packages/airflow/example_dags/example_branch_operator.py for tasks to queue
[2024-03-17T09:03:52.511+0500] {logging_mixin.py:188} INFO - [2024-03-17T09:03:52.511+0500] {dagbag.py:540} INFO - Filling up the DagBag from /home/muhammadsami/Public/Projects/Airflow/DataPipelineswithApacheAirflow/.env/lib/python3.8/site-packages/airflow/example_dags/example_branch_operator.py
[2024-03-17T09:03:52.514+0500] {processor.py:842} WARNING - No viable dags retrieved from /home/muhammadsami/Public/Projects/Airflow/DataPipelineswithApacheAirflow/.env/lib/python3.8/site-packages/airflow/example_dags/example_branch_operator.py
[2024-03-17T09:03:52.522+0500] {processor.py:183} INFO - Processing /home/muhammadsami/Public/Projects/Airflow/DataPipelineswithApacheAirflow/.env/lib/python3.8/site-packages/airflow/example_dags/example_branch_operator.py took 0.016 seconds
[2024-03-17T09:05:08.982+0500] {processor.py:161} INFO - Started process (PID=8834) to work on /home/muhammadsami/Public/Projects/Airflow/DataPipelineswithApacheAirflow/.env/lib/python3.8/site-packages/airflow/example_dags/example_branch_operator.py
[2024-03-17T09:05:08.995+0500] {processor.py:830} INFO - Processing file /home/muhammadsami/Public/Projects/Airflow/DataPipelineswithApacheAirflow/.env/lib/python3.8/site-packages/airflow/example_dags/example_branch_operator.py for tasks to queue
[2024-03-17T09:05:08.996+0500] {logging_mixin.py:188} INFO - [2024-03-17T09:05:08.996+0500] {dagbag.py:540} INFO - Filling up the DagBag from /home/muhammadsami/Public/Projects/Airflow/DataPipelineswithApacheAirflow/.env/lib/python3.8/site-packages/airflow/example_dags/example_branch_operator.py
[2024-03-17T09:05:08.998+0500] {processor.py:842} WARNING - No viable dags retrieved from /home/muhammadsami/Public/Projects/Airflow/DataPipelineswithApacheAirflow/.env/lib/python3.8/site-packages/airflow/example_dags/example_branch_operator.py
[2024-03-17T09:05:09.007+0500] {processor.py:183} INFO - Processing /home/muhammadsami/Public/Projects/Airflow/DataPipelineswithApacheAirflow/.env/lib/python3.8/site-packages/airflow/example_dags/example_branch_operator.py took 0.027 seconds
[2024-03-17T09:06:25.522+0500] {processor.py:161} INFO - Started process (PID=9111) to work on /home/muhammadsami/Public/Projects/Airflow/DataPipelineswithApacheAirflow/.env/lib/python3.8/site-packages/airflow/example_dags/example_branch_operator.py
[2024-03-17T09:06:25.533+0500] {processor.py:830} INFO - Processing file /home/muhammadsami/Public/Projects/Airflow/DataPipelineswithApacheAirflow/.env/lib/python3.8/site-packages/airflow/example_dags/example_branch_operator.py for tasks to queue
[2024-03-17T09:06:25.533+0500] {logging_mixin.py:188} INFO - [2024-03-17T09:06:25.533+0500] {dagbag.py:540} INFO - Filling up the DagBag from /home/muhammadsami/Public/Projects/Airflow/DataPipelineswithApacheAirflow/.env/lib/python3.8/site-packages/airflow/example_dags/example_branch_operator.py
[2024-03-17T09:06:25.536+0500] {processor.py:842} WARNING - No viable dags retrieved from /home/muhammadsami/Public/Projects/Airflow/DataPipelineswithApacheAirflow/.env/lib/python3.8/site-packages/airflow/example_dags/example_branch_operator.py
[2024-03-17T09:06:25.544+0500] {processor.py:183} INFO - Processing /home/muhammadsami/Public/Projects/Airflow/DataPipelineswithApacheAirflow/.env/lib/python3.8/site-packages/airflow/example_dags/example_branch_operator.py took 0.025 seconds
[2024-03-17T09:07:17.311+0500] {processor.py:161} INFO - Started process (PID=9264) to work on /home/muhammadsami/Public/Projects/Airflow/DataPipelineswithApacheAirflow/.env/lib/python3.8/site-packages/airflow/example_dags/example_branch_operator.py
[2024-03-17T09:07:17.313+0500] {processor.py:830} INFO - Processing file /home/muhammadsami/Public/Projects/Airflow/DataPipelineswithApacheAirflow/.env/lib/python3.8/site-packages/airflow/example_dags/example_branch_operator.py for tasks to queue
[2024-03-17T09:07:17.314+0500] {logging_mixin.py:188} INFO - [2024-03-17T09:07:17.313+0500] {dagbag.py:540} INFO - Filling up the DagBag from /home/muhammadsami/Public/Projects/Airflow/DataPipelineswithApacheAirflow/.env/lib/python3.8/site-packages/airflow/example_dags/example_branch_operator.py
[2024-03-17T09:07:17.316+0500] {processor.py:842} WARNING - No viable dags retrieved from /home/muhammadsami/Public/Projects/Airflow/DataPipelineswithApacheAirflow/.env/lib/python3.8/site-packages/airflow/example_dags/example_branch_operator.py
[2024-03-17T09:07:17.326+0500] {processor.py:183} INFO - Processing /home/muhammadsami/Public/Projects/Airflow/DataPipelineswithApacheAirflow/.env/lib/python3.8/site-packages/airflow/example_dags/example_branch_operator.py took 0.017 seconds
[2024-03-17T09:08:29.433+0500] {processor.py:161} INFO - Started process (PID=9402) to work on /home/muhammadsami/Public/Projects/Airflow/DataPipelineswithApacheAirflow/.env/lib/python3.8/site-packages/airflow/example_dags/example_branch_operator.py
[2024-03-17T09:08:29.452+0500] {processor.py:830} INFO - Processing file /home/muhammadsami/Public/Projects/Airflow/DataPipelineswithApacheAirflow/.env/lib/python3.8/site-packages/airflow/example_dags/example_branch_operator.py for tasks to queue
[2024-03-17T09:08:29.453+0500] {logging_mixin.py:188} INFO - [2024-03-17T09:08:29.453+0500] {dagbag.py:540} INFO - Filling up the DagBag from /home/muhammadsami/Public/Projects/Airflow/DataPipelineswithApacheAirflow/.env/lib/python3.8/site-packages/airflow/example_dags/example_branch_operator.py
[2024-03-17T09:08:29.455+0500] {processor.py:842} WARNING - No viable dags retrieved from /home/muhammadsami/Public/Projects/Airflow/DataPipelineswithApacheAirflow/.env/lib/python3.8/site-packages/airflow/example_dags/example_branch_operator.py
[2024-03-17T09:08:29.464+0500] {processor.py:183} INFO - Processing /home/muhammadsami/Public/Projects/Airflow/DataPipelineswithApacheAirflow/.env/lib/python3.8/site-packages/airflow/example_dags/example_branch_operator.py took 0.033 seconds
[2024-03-17T09:09:42.131+0500] {processor.py:161} INFO - Started process (PID=9543) to work on /home/muhammadsami/Public/Projects/Airflow/DataPipelineswithApacheAirflow/.env/lib/python3.8/site-packages/airflow/example_dags/example_branch_operator.py
[2024-03-17T09:09:42.157+0500] {processor.py:830} INFO - Processing file /home/muhammadsami/Public/Projects/Airflow/DataPipelineswithApacheAirflow/.env/lib/python3.8/site-packages/airflow/example_dags/example_branch_operator.py for tasks to queue
[2024-03-17T09:09:42.158+0500] {logging_mixin.py:188} INFO - [2024-03-17T09:09:42.158+0500] {dagbag.py:540} INFO - Filling up the DagBag from /home/muhammadsami/Public/Projects/Airflow/DataPipelineswithApacheAirflow/.env/lib/python3.8/site-packages/airflow/example_dags/example_branch_operator.py
[2024-03-17T09:09:42.160+0500] {processor.py:842} WARNING - No viable dags retrieved from /home/muhammadsami/Public/Projects/Airflow/DataPipelineswithApacheAirflow/.env/lib/python3.8/site-packages/airflow/example_dags/example_branch_operator.py
[2024-03-17T09:09:42.169+0500] {processor.py:183} INFO - Processing /home/muhammadsami/Public/Projects/Airflow/DataPipelineswithApacheAirflow/.env/lib/python3.8/site-packages/airflow/example_dags/example_branch_operator.py took 0.040 seconds
[2024-03-17T09:10:59.709+0500] {processor.py:161} INFO - Started process (PID=9677) to work on /home/muhammadsami/Public/Projects/Airflow/DataPipelineswithApacheAirflow/.env/lib/python3.8/site-packages/airflow/example_dags/example_branch_operator.py
[2024-03-17T09:10:59.710+0500] {processor.py:830} INFO - Processing file /home/muhammadsami/Public/Projects/Airflow/DataPipelineswithApacheAirflow/.env/lib/python3.8/site-packages/airflow/example_dags/example_branch_operator.py for tasks to queue
[2024-03-17T09:10:59.711+0500] {logging_mixin.py:188} INFO - [2024-03-17T09:10:59.710+0500] {dagbag.py:540} INFO - Filling up the DagBag from /home/muhammadsami/Public/Projects/Airflow/DataPipelineswithApacheAirflow/.env/lib/python3.8/site-packages/airflow/example_dags/example_branch_operator.py
[2024-03-17T09:10:59.713+0500] {processor.py:842} WARNING - No viable dags retrieved from /home/muhammadsami/Public/Projects/Airflow/DataPipelineswithApacheAirflow/.env/lib/python3.8/site-packages/airflow/example_dags/example_branch_operator.py
[2024-03-17T09:10:59.724+0500] {processor.py:183} INFO - Processing /home/muhammadsami/Public/Projects/Airflow/DataPipelineswithApacheAirflow/.env/lib/python3.8/site-packages/airflow/example_dags/example_branch_operator.py took 0.018 seconds
[2024-03-17T09:12:12.540+0500] {processor.py:161} INFO - Started process (PID=9880) to work on /home/muhammadsami/Public/Projects/Airflow/DataPipelineswithApacheAirflow/.env/lib/python3.8/site-packages/airflow/example_dags/example_branch_operator.py
[2024-03-17T09:12:12.556+0500] {processor.py:830} INFO - Processing file /home/muhammadsami/Public/Projects/Airflow/DataPipelineswithApacheAirflow/.env/lib/python3.8/site-packages/airflow/example_dags/example_branch_operator.py for tasks to queue
[2024-03-17T09:12:12.557+0500] {logging_mixin.py:188} INFO - [2024-03-17T09:12:12.557+0500] {dagbag.py:540} INFO - Filling up the DagBag from /home/muhammadsami/Public/Projects/Airflow/DataPipelineswithApacheAirflow/.env/lib/python3.8/site-packages/airflow/example_dags/example_branch_operator.py
[2024-03-17T09:12:12.560+0500] {processor.py:842} WARNING - No viable dags retrieved from /home/muhammadsami/Public/Projects/Airflow/DataPipelineswithApacheAirflow/.env/lib/python3.8/site-packages/airflow/example_dags/example_branch_operator.py
[2024-03-17T09:12:12.568+0500] {processor.py:183} INFO - Processing /home/muhammadsami/Public/Projects/Airflow/DataPipelineswithApacheAirflow/.env/lib/python3.8/site-packages/airflow/example_dags/example_branch_operator.py took 0.030 seconds
[2024-03-17T09:13:25.038+0500] {processor.py:161} INFO - Started process (PID=10109) to work on /home/muhammadsami/Public/Projects/Airflow/DataPipelineswithApacheAirflow/.env/lib/python3.8/site-packages/airflow/example_dags/example_branch_operator.py
[2024-03-17T09:13:25.050+0500] {processor.py:830} INFO - Processing file /home/muhammadsami/Public/Projects/Airflow/DataPipelineswithApacheAirflow/.env/lib/python3.8/site-packages/airflow/example_dags/example_branch_operator.py for tasks to queue
[2024-03-17T09:13:25.051+0500] {logging_mixin.py:188} INFO - [2024-03-17T09:13:25.050+0500] {dagbag.py:540} INFO - Filling up the DagBag from /home/muhammadsami/Public/Projects/Airflow/DataPipelineswithApacheAirflow/.env/lib/python3.8/site-packages/airflow/example_dags/example_branch_operator.py
[2024-03-17T09:13:25.053+0500] {processor.py:842} WARNING - No viable dags retrieved from /home/muhammadsami/Public/Projects/Airflow/DataPipelineswithApacheAirflow/.env/lib/python3.8/site-packages/airflow/example_dags/example_branch_operator.py
[2024-03-17T09:13:25.061+0500] {processor.py:183} INFO - Processing /home/muhammadsami/Public/Projects/Airflow/DataPipelineswithApacheAirflow/.env/lib/python3.8/site-packages/airflow/example_dags/example_branch_operator.py took 0.026 seconds
[2024-03-17T09:14:41.404+0500] {processor.py:161} INFO - Started process (PID=10253) to work on /home/muhammadsami/Public/Projects/Airflow/DataPipelineswithApacheAirflow/.env/lib/python3.8/site-packages/airflow/example_dags/example_branch_operator.py
[2024-03-17T09:14:41.419+0500] {processor.py:830} INFO - Processing file /home/muhammadsami/Public/Projects/Airflow/DataPipelineswithApacheAirflow/.env/lib/python3.8/site-packages/airflow/example_dags/example_branch_operator.py for tasks to queue
[2024-03-17T09:14:41.420+0500] {logging_mixin.py:188} INFO - [2024-03-17T09:14:41.420+0500] {dagbag.py:540} INFO - Filling up the DagBag from /home/muhammadsami/Public/Projects/Airflow/DataPipelineswithApacheAirflow/.env/lib/python3.8/site-packages/airflow/example_dags/example_branch_operator.py
[2024-03-17T09:14:41.423+0500] {processor.py:842} WARNING - No viable dags retrieved from /home/muhammadsami/Public/Projects/Airflow/DataPipelineswithApacheAirflow/.env/lib/python3.8/site-packages/airflow/example_dags/example_branch_operator.py
[2024-03-17T09:14:41.431+0500] {processor.py:183} INFO - Processing /home/muhammadsami/Public/Projects/Airflow/DataPipelineswithApacheAirflow/.env/lib/python3.8/site-packages/airflow/example_dags/example_branch_operator.py took 0.029 seconds
[2024-03-17T09:15:56.026+0500] {processor.py:161} INFO - Started process (PID=10408) to work on /home/muhammadsami/Public/Projects/Airflow/DataPipelineswithApacheAirflow/.env/lib/python3.8/site-packages/airflow/example_dags/example_branch_operator.py
[2024-03-17T09:15:56.028+0500] {processor.py:830} INFO - Processing file /home/muhammadsami/Public/Projects/Airflow/DataPipelineswithApacheAirflow/.env/lib/python3.8/site-packages/airflow/example_dags/example_branch_operator.py for tasks to queue
[2024-03-17T09:15:56.030+0500] {logging_mixin.py:188} INFO - [2024-03-17T09:15:56.029+0500] {dagbag.py:540} INFO - Filling up the DagBag from /home/muhammadsami/Public/Projects/Airflow/DataPipelineswithApacheAirflow/.env/lib/python3.8/site-packages/airflow/example_dags/example_branch_operator.py
[2024-03-17T09:15:56.036+0500] {processor.py:842} WARNING - No viable dags retrieved from /home/muhammadsami/Public/Projects/Airflow/DataPipelineswithApacheAirflow/.env/lib/python3.8/site-packages/airflow/example_dags/example_branch_operator.py
[2024-03-17T09:15:56.052+0500] {processor.py:183} INFO - Processing /home/muhammadsami/Public/Projects/Airflow/DataPipelineswithApacheAirflow/.env/lib/python3.8/site-packages/airflow/example_dags/example_branch_operator.py took 0.032 seconds
[2024-03-17T09:17:16.774+0500] {processor.py:161} INFO - Started process (PID=10815) to work on /home/muhammadsami/Public/Projects/Airflow/DataPipelineswithApacheAirflow/.env/lib/python3.8/site-packages/airflow/example_dags/example_branch_operator.py
[2024-03-17T09:17:16.787+0500] {processor.py:830} INFO - Processing file /home/muhammadsami/Public/Projects/Airflow/DataPipelineswithApacheAirflow/.env/lib/python3.8/site-packages/airflow/example_dags/example_branch_operator.py for tasks to queue
[2024-03-17T09:17:16.788+0500] {logging_mixin.py:188} INFO - [2024-03-17T09:17:16.787+0500] {dagbag.py:540} INFO - Filling up the DagBag from /home/muhammadsami/Public/Projects/Airflow/DataPipelineswithApacheAirflow/.env/lib/python3.8/site-packages/airflow/example_dags/example_branch_operator.py
[2024-03-17T09:17:16.790+0500] {processor.py:842} WARNING - No viable dags retrieved from /home/muhammadsami/Public/Projects/Airflow/DataPipelineswithApacheAirflow/.env/lib/python3.8/site-packages/airflow/example_dags/example_branch_operator.py
[2024-03-17T09:17:16.798+0500] {processor.py:183} INFO - Processing /home/muhammadsami/Public/Projects/Airflow/DataPipelineswithApacheAirflow/.env/lib/python3.8/site-packages/airflow/example_dags/example_branch_operator.py took 0.026 seconds
[2024-03-17T09:18:33.525+0500] {processor.py:161} INFO - Started process (PID=10976) to work on /home/muhammadsami/Public/Projects/Airflow/DataPipelineswithApacheAirflow/.env/lib/python3.8/site-packages/airflow/example_dags/example_branch_operator.py
[2024-03-17T09:18:33.539+0500] {processor.py:830} INFO - Processing file /home/muhammadsami/Public/Projects/Airflow/DataPipelineswithApacheAirflow/.env/lib/python3.8/site-packages/airflow/example_dags/example_branch_operator.py for tasks to queue
[2024-03-17T09:18:33.540+0500] {logging_mixin.py:188} INFO - [2024-03-17T09:18:33.539+0500] {dagbag.py:540} INFO - Filling up the DagBag from /home/muhammadsami/Public/Projects/Airflow/DataPipelineswithApacheAirflow/.env/lib/python3.8/site-packages/airflow/example_dags/example_branch_operator.py
[2024-03-17T09:18:33.542+0500] {processor.py:842} WARNING - No viable dags retrieved from /home/muhammadsami/Public/Projects/Airflow/DataPipelineswithApacheAirflow/.env/lib/python3.8/site-packages/airflow/example_dags/example_branch_operator.py
[2024-03-17T09:18:33.550+0500] {processor.py:183} INFO - Processing /home/muhammadsami/Public/Projects/Airflow/DataPipelineswithApacheAirflow/.env/lib/python3.8/site-packages/airflow/example_dags/example_branch_operator.py took 0.029 seconds
[2024-03-17T09:19:27.542+0500] {processor.py:161} INFO - Started process (PID=11090) to work on /home/muhammadsami/Public/Projects/Airflow/DataPipelineswithApacheAirflow/.env/lib/python3.8/site-packages/airflow/example_dags/example_branch_operator.py
[2024-03-17T09:19:27.550+0500] {processor.py:830} INFO - Processing file /home/muhammadsami/Public/Projects/Airflow/DataPipelineswithApacheAirflow/.env/lib/python3.8/site-packages/airflow/example_dags/example_branch_operator.py for tasks to queue
[2024-03-17T09:19:27.551+0500] {logging_mixin.py:188} INFO - [2024-03-17T09:19:27.551+0500] {dagbag.py:540} INFO - Filling up the DagBag from /home/muhammadsami/Public/Projects/Airflow/DataPipelineswithApacheAirflow/.env/lib/python3.8/site-packages/airflow/example_dags/example_branch_operator.py
[2024-03-17T09:19:27.553+0500] {processor.py:842} WARNING - No viable dags retrieved from /home/muhammadsami/Public/Projects/Airflow/DataPipelineswithApacheAirflow/.env/lib/python3.8/site-packages/airflow/example_dags/example_branch_operator.py
[2024-03-17T09:19:27.562+0500] {processor.py:183} INFO - Processing /home/muhammadsami/Public/Projects/Airflow/DataPipelineswithApacheAirflow/.env/lib/python3.8/site-packages/airflow/example_dags/example_branch_operator.py took 0.023 seconds
[2024-03-17T09:20:39.591+0500] {processor.py:161} INFO - Started process (PID=11226) to work on /home/muhammadsami/Public/Projects/Airflow/DataPipelineswithApacheAirflow/.env/lib/python3.8/site-packages/airflow/example_dags/example_branch_operator.py
[2024-03-17T09:20:39.599+0500] {processor.py:830} INFO - Processing file /home/muhammadsami/Public/Projects/Airflow/DataPipelineswithApacheAirflow/.env/lib/python3.8/site-packages/airflow/example_dags/example_branch_operator.py for tasks to queue
[2024-03-17T09:20:39.600+0500] {logging_mixin.py:188} INFO - [2024-03-17T09:20:39.599+0500] {dagbag.py:540} INFO - Filling up the DagBag from /home/muhammadsami/Public/Projects/Airflow/DataPipelineswithApacheAirflow/.env/lib/python3.8/site-packages/airflow/example_dags/example_branch_operator.py
[2024-03-17T09:20:39.602+0500] {processor.py:842} WARNING - No viable dags retrieved from /home/muhammadsami/Public/Projects/Airflow/DataPipelineswithApacheAirflow/.env/lib/python3.8/site-packages/airflow/example_dags/example_branch_operator.py
[2024-03-17T09:20:39.610+0500] {processor.py:183} INFO - Processing /home/muhammadsami/Public/Projects/Airflow/DataPipelineswithApacheAirflow/.env/lib/python3.8/site-packages/airflow/example_dags/example_branch_operator.py took 0.022 seconds
[2024-03-17T09:21:30.224+0500] {processor.py:161} INFO - Started process (PID=11404) to work on /home/muhammadsami/Public/Projects/Airflow/DataPipelineswithApacheAirflow/.env/lib/python3.8/site-packages/airflow/example_dags/example_branch_operator.py
[2024-03-17T09:21:30.242+0500] {processor.py:830} INFO - Processing file /home/muhammadsami/Public/Projects/Airflow/DataPipelineswithApacheAirflow/.env/lib/python3.8/site-packages/airflow/example_dags/example_branch_operator.py for tasks to queue
[2024-03-17T09:21:30.243+0500] {logging_mixin.py:188} INFO - [2024-03-17T09:21:30.243+0500] {dagbag.py:540} INFO - Filling up the DagBag from /home/muhammadsami/Public/Projects/Airflow/DataPipelineswithApacheAirflow/.env/lib/python3.8/site-packages/airflow/example_dags/example_branch_operator.py
[2024-03-17T09:21:30.245+0500] {processor.py:842} WARNING - No viable dags retrieved from /home/muhammadsami/Public/Projects/Airflow/DataPipelineswithApacheAirflow/.env/lib/python3.8/site-packages/airflow/example_dags/example_branch_operator.py
[2024-03-17T09:21:30.254+0500] {processor.py:183} INFO - Processing /home/muhammadsami/Public/Projects/Airflow/DataPipelineswithApacheAirflow/.env/lib/python3.8/site-packages/airflow/example_dags/example_branch_operator.py took 0.033 seconds
[2024-03-17T09:22:22.581+0500] {processor.py:161} INFO - Started process (PID=11522) to work on /home/muhammadsami/Public/Projects/Airflow/DataPipelineswithApacheAirflow/.env/lib/python3.8/site-packages/airflow/example_dags/example_branch_operator.py
[2024-03-17T09:22:22.587+0500] {processor.py:830} INFO - Processing file /home/muhammadsami/Public/Projects/Airflow/DataPipelineswithApacheAirflow/.env/lib/python3.8/site-packages/airflow/example_dags/example_branch_operator.py for tasks to queue
[2024-03-17T09:22:22.588+0500] {logging_mixin.py:188} INFO - [2024-03-17T09:22:22.588+0500] {dagbag.py:540} INFO - Filling up the DagBag from /home/muhammadsami/Public/Projects/Airflow/DataPipelineswithApacheAirflow/.env/lib/python3.8/site-packages/airflow/example_dags/example_branch_operator.py
[2024-03-17T09:22:22.590+0500] {processor.py:842} WARNING - No viable dags retrieved from /home/muhammadsami/Public/Projects/Airflow/DataPipelineswithApacheAirflow/.env/lib/python3.8/site-packages/airflow/example_dags/example_branch_operator.py
[2024-03-17T09:22:22.599+0500] {processor.py:183} INFO - Processing /home/muhammadsami/Public/Projects/Airflow/DataPipelineswithApacheAirflow/.env/lib/python3.8/site-packages/airflow/example_dags/example_branch_operator.py took 0.020 seconds
[2024-03-17T09:32:04.347+0500] {processor.py:161} INFO - Started process (PID=12733) to work on /home/muhammadsami/Public/Projects/Airflow/DataPipelineswithApacheAirflow/.env/lib/python3.8/site-packages/airflow/example_dags/example_branch_operator.py
[2024-03-17T09:32:04.363+0500] {processor.py:830} INFO - Processing file /home/muhammadsami/Public/Projects/Airflow/DataPipelineswithApacheAirflow/.env/lib/python3.8/site-packages/airflow/example_dags/example_branch_operator.py for tasks to queue
[2024-03-17T09:32:04.363+0500] {logging_mixin.py:188} INFO - [2024-03-17T09:32:04.363+0500] {dagbag.py:540} INFO - Filling up the DagBag from /home/muhammadsami/Public/Projects/Airflow/DataPipelineswithApacheAirflow/.env/lib/python3.8/site-packages/airflow/example_dags/example_branch_operator.py
[2024-03-17T09:32:04.366+0500] {processor.py:842} WARNING - No viable dags retrieved from /home/muhammadsami/Public/Projects/Airflow/DataPipelineswithApacheAirflow/.env/lib/python3.8/site-packages/airflow/example_dags/example_branch_operator.py
[2024-03-17T09:32:04.374+0500] {processor.py:183} INFO - Processing /home/muhammadsami/Public/Projects/Airflow/DataPipelineswithApacheAirflow/.env/lib/python3.8/site-packages/airflow/example_dags/example_branch_operator.py took 0.029 seconds
[2024-03-17T09:33:05.642+0500] {processor.py:161} INFO - Started process (PID=12911) to work on /home/muhammadsami/Public/Projects/Airflow/DataPipelineswithApacheAirflow/.env/lib/python3.8/site-packages/airflow/example_dags/example_branch_operator.py
[2024-03-17T09:33:05.658+0500] {processor.py:830} INFO - Processing file /home/muhammadsami/Public/Projects/Airflow/DataPipelineswithApacheAirflow/.env/lib/python3.8/site-packages/airflow/example_dags/example_branch_operator.py for tasks to queue
[2024-03-17T09:33:05.659+0500] {logging_mixin.py:188} INFO - [2024-03-17T09:33:05.659+0500] {dagbag.py:540} INFO - Filling up the DagBag from /home/muhammadsami/Public/Projects/Airflow/DataPipelineswithApacheAirflow/.env/lib/python3.8/site-packages/airflow/example_dags/example_branch_operator.py
[2024-03-17T09:33:05.662+0500] {processor.py:842} WARNING - No viable dags retrieved from /home/muhammadsami/Public/Projects/Airflow/DataPipelineswithApacheAirflow/.env/lib/python3.8/site-packages/airflow/example_dags/example_branch_operator.py
[2024-03-17T09:33:05.673+0500] {processor.py:183} INFO - Processing /home/muhammadsami/Public/Projects/Airflow/DataPipelineswithApacheAirflow/.env/lib/python3.8/site-packages/airflow/example_dags/example_branch_operator.py took 0.033 seconds
[2024-03-17T09:34:20.652+0500] {processor.py:161} INFO - Started process (PID=13418) to work on /home/muhammadsami/Public/Projects/Airflow/DataPipelineswithApacheAirflow/.env/lib/python3.8/site-packages/airflow/example_dags/example_branch_operator.py
[2024-03-17T09:34:20.660+0500] {processor.py:830} INFO - Processing file /home/muhammadsami/Public/Projects/Airflow/DataPipelineswithApacheAirflow/.env/lib/python3.8/site-packages/airflow/example_dags/example_branch_operator.py for tasks to queue
[2024-03-17T09:34:20.661+0500] {logging_mixin.py:188} INFO - [2024-03-17T09:34:20.661+0500] {dagbag.py:540} INFO - Filling up the DagBag from /home/muhammadsami/Public/Projects/Airflow/DataPipelineswithApacheAirflow/.env/lib/python3.8/site-packages/airflow/example_dags/example_branch_operator.py
[2024-03-17T09:34:20.666+0500] {processor.py:842} WARNING - No viable dags retrieved from /home/muhammadsami/Public/Projects/Airflow/DataPipelineswithApacheAirflow/.env/lib/python3.8/site-packages/airflow/example_dags/example_branch_operator.py
[2024-03-17T09:34:20.676+0500] {processor.py:183} INFO - Processing /home/muhammadsami/Public/Projects/Airflow/DataPipelineswithApacheAirflow/.env/lib/python3.8/site-packages/airflow/example_dags/example_branch_operator.py took 0.028 seconds
[2024-03-17T09:35:18.395+0500] {processor.py:161} INFO - Started process (PID=13550) to work on /home/muhammadsami/Public/Projects/Airflow/DataPipelineswithApacheAirflow/.env/lib/python3.8/site-packages/airflow/example_dags/example_branch_operator.py
[2024-03-17T09:35:18.401+0500] {processor.py:830} INFO - Processing file /home/muhammadsami/Public/Projects/Airflow/DataPipelineswithApacheAirflow/.env/lib/python3.8/site-packages/airflow/example_dags/example_branch_operator.py for tasks to queue
[2024-03-17T09:35:18.402+0500] {logging_mixin.py:188} INFO - [2024-03-17T09:35:18.402+0500] {dagbag.py:540} INFO - Filling up the DagBag from /home/muhammadsami/Public/Projects/Airflow/DataPipelineswithApacheAirflow/.env/lib/python3.8/site-packages/airflow/example_dags/example_branch_operator.py
[2024-03-17T09:35:18.405+0500] {processor.py:842} WARNING - No viable dags retrieved from /home/muhammadsami/Public/Projects/Airflow/DataPipelineswithApacheAirflow/.env/lib/python3.8/site-packages/airflow/example_dags/example_branch_operator.py
[2024-03-17T09:35:18.413+0500] {processor.py:183} INFO - Processing /home/muhammadsami/Public/Projects/Airflow/DataPipelineswithApacheAirflow/.env/lib/python3.8/site-packages/airflow/example_dags/example_branch_operator.py took 0.021 seconds
[2024-03-17T09:36:13.440+0500] {processor.py:161} INFO - Started process (PID=13723) to work on /home/muhammadsami/Public/Projects/Airflow/DataPipelineswithApacheAirflow/.env/lib/python3.8/site-packages/airflow/example_dags/example_branch_operator.py
[2024-03-17T09:36:13.452+0500] {processor.py:830} INFO - Processing file /home/muhammadsami/Public/Projects/Airflow/DataPipelineswithApacheAirflow/.env/lib/python3.8/site-packages/airflow/example_dags/example_branch_operator.py for tasks to queue
[2024-03-17T09:36:13.453+0500] {logging_mixin.py:188} INFO - [2024-03-17T09:36:13.453+0500] {dagbag.py:540} INFO - Filling up the DagBag from /home/muhammadsami/Public/Projects/Airflow/DataPipelineswithApacheAirflow/.env/lib/python3.8/site-packages/airflow/example_dags/example_branch_operator.py
[2024-03-17T09:36:13.456+0500] {processor.py:842} WARNING - No viable dags retrieved from /home/muhammadsami/Public/Projects/Airflow/DataPipelineswithApacheAirflow/.env/lib/python3.8/site-packages/airflow/example_dags/example_branch_operator.py
[2024-03-17T09:36:13.467+0500] {processor.py:183} INFO - Processing /home/muhammadsami/Public/Projects/Airflow/DataPipelineswithApacheAirflow/.env/lib/python3.8/site-packages/airflow/example_dags/example_branch_operator.py took 0.030 seconds
[2024-03-17T09:37:21.862+0500] {processor.py:161} INFO - Started process (PID=14041) to work on /home/muhammadsami/Public/Projects/Airflow/DataPipelineswithApacheAirflow/.env/lib/python3.8/site-packages/airflow/example_dags/example_branch_operator.py
[2024-03-17T09:37:21.864+0500] {processor.py:830} INFO - Processing file /home/muhammadsami/Public/Projects/Airflow/DataPipelineswithApacheAirflow/.env/lib/python3.8/site-packages/airflow/example_dags/example_branch_operator.py for tasks to queue
[2024-03-17T09:37:21.865+0500] {logging_mixin.py:188} INFO - [2024-03-17T09:37:21.864+0500] {dagbag.py:540} INFO - Filling up the DagBag from /home/muhammadsami/Public/Projects/Airflow/DataPipelineswithApacheAirflow/.env/lib/python3.8/site-packages/airflow/example_dags/example_branch_operator.py
[2024-03-17T09:37:21.868+0500] {processor.py:842} WARNING - No viable dags retrieved from /home/muhammadsami/Public/Projects/Airflow/DataPipelineswithApacheAirflow/.env/lib/python3.8/site-packages/airflow/example_dags/example_branch_operator.py
[2024-03-17T09:37:21.878+0500] {processor.py:183} INFO - Processing /home/muhammadsami/Public/Projects/Airflow/DataPipelineswithApacheAirflow/.env/lib/python3.8/site-packages/airflow/example_dags/example_branch_operator.py took 0.018 seconds
[2024-03-17T09:38:18.273+0500] {processor.py:161} INFO - Started process (PID=14155) to work on /home/muhammadsami/Public/Projects/Airflow/DataPipelineswithApacheAirflow/.env/lib/python3.8/site-packages/airflow/example_dags/example_branch_operator.py
[2024-03-17T09:38:18.275+0500] {processor.py:830} INFO - Processing file /home/muhammadsami/Public/Projects/Airflow/DataPipelineswithApacheAirflow/.env/lib/python3.8/site-packages/airflow/example_dags/example_branch_operator.py for tasks to queue
[2024-03-17T09:38:18.276+0500] {logging_mixin.py:188} INFO - [2024-03-17T09:38:18.275+0500] {dagbag.py:540} INFO - Filling up the DagBag from /home/muhammadsami/Public/Projects/Airflow/DataPipelineswithApacheAirflow/.env/lib/python3.8/site-packages/airflow/example_dags/example_branch_operator.py
[2024-03-17T09:38:18.278+0500] {processor.py:842} WARNING - No viable dags retrieved from /home/muhammadsami/Public/Projects/Airflow/DataPipelineswithApacheAirflow/.env/lib/python3.8/site-packages/airflow/example_dags/example_branch_operator.py
[2024-03-17T09:38:18.288+0500] {processor.py:183} INFO - Processing /home/muhammadsami/Public/Projects/Airflow/DataPipelineswithApacheAirflow/.env/lib/python3.8/site-packages/airflow/example_dags/example_branch_operator.py took 0.018 seconds
[2024-03-17T09:39:30.917+0500] {processor.py:161} INFO - Started process (PID=14480) to work on /home/muhammadsami/Public/Projects/Airflow/DataPipelineswithApacheAirflow/.env/lib/python3.8/site-packages/airflow/example_dags/example_branch_operator.py
[2024-03-17T09:39:30.933+0500] {processor.py:830} INFO - Processing file /home/muhammadsami/Public/Projects/Airflow/DataPipelineswithApacheAirflow/.env/lib/python3.8/site-packages/airflow/example_dags/example_branch_operator.py for tasks to queue
[2024-03-17T09:39:30.934+0500] {logging_mixin.py:188} INFO - [2024-03-17T09:39:30.934+0500] {dagbag.py:540} INFO - Filling up the DagBag from /home/muhammadsami/Public/Projects/Airflow/DataPipelineswithApacheAirflow/.env/lib/python3.8/site-packages/airflow/example_dags/example_branch_operator.py
[2024-03-17T09:39:30.937+0500] {processor.py:842} WARNING - No viable dags retrieved from /home/muhammadsami/Public/Projects/Airflow/DataPipelineswithApacheAirflow/.env/lib/python3.8/site-packages/airflow/example_dags/example_branch_operator.py
[2024-03-17T09:39:30.945+0500] {processor.py:183} INFO - Processing /home/muhammadsami/Public/Projects/Airflow/DataPipelineswithApacheAirflow/.env/lib/python3.8/site-packages/airflow/example_dags/example_branch_operator.py took 0.031 seconds
[2024-03-17T10:30:07.917+0500] {processor.py:161} INFO - Started process (PID=18323) to work on /home/muhammadsami/Public/Projects/Airflow/DataPipelineswithApacheAirflow/.env/lib/python3.8/site-packages/airflow/example_dags/example_branch_operator.py
[2024-03-17T10:30:07.918+0500] {processor.py:830} INFO - Processing file /home/muhammadsami/Public/Projects/Airflow/DataPipelineswithApacheAirflow/.env/lib/python3.8/site-packages/airflow/example_dags/example_branch_operator.py for tasks to queue
[2024-03-17T10:30:07.919+0500] {logging_mixin.py:188} INFO - [2024-03-17T10:30:07.919+0500] {dagbag.py:540} INFO - Filling up the DagBag from /home/muhammadsami/Public/Projects/Airflow/DataPipelineswithApacheAirflow/.env/lib/python3.8/site-packages/airflow/example_dags/example_branch_operator.py
[2024-03-17T10:30:07.921+0500] {processor.py:842} WARNING - No viable dags retrieved from /home/muhammadsami/Public/Projects/Airflow/DataPipelineswithApacheAirflow/.env/lib/python3.8/site-packages/airflow/example_dags/example_branch_operator.py
[2024-03-17T10:30:07.930+0500] {processor.py:183} INFO - Processing /home/muhammadsami/Public/Projects/Airflow/DataPipelineswithApacheAirflow/.env/lib/python3.8/site-packages/airflow/example_dags/example_branch_operator.py took 0.015 seconds
[2024-03-17T10:32:33.086+0500] {processor.py:161} INFO - Started process (PID=19355) to work on /home/muhammadsami/Public/Projects/Airflow/DataPipelineswithApacheAirflow/.env/lib/python3.8/site-packages/airflow/example_dags/example_branch_operator.py
[2024-03-17T10:32:33.087+0500] {processor.py:830} INFO - Processing file /home/muhammadsami/Public/Projects/Airflow/DataPipelineswithApacheAirflow/.env/lib/python3.8/site-packages/airflow/example_dags/example_branch_operator.py for tasks to queue
[2024-03-17T10:32:33.088+0500] {logging_mixin.py:188} INFO - [2024-03-17T10:32:33.088+0500] {dagbag.py:540} INFO - Filling up the DagBag from /home/muhammadsami/Public/Projects/Airflow/DataPipelineswithApacheAirflow/.env/lib/python3.8/site-packages/airflow/example_dags/example_branch_operator.py
[2024-03-17T10:32:33.091+0500] {processor.py:842} WARNING - No viable dags retrieved from /home/muhammadsami/Public/Projects/Airflow/DataPipelineswithApacheAirflow/.env/lib/python3.8/site-packages/airflow/example_dags/example_branch_operator.py
[2024-03-17T10:32:33.100+0500] {processor.py:183} INFO - Processing /home/muhammadsami/Public/Projects/Airflow/DataPipelineswithApacheAirflow/.env/lib/python3.8/site-packages/airflow/example_dags/example_branch_operator.py took 0.017 seconds
[2024-03-17T10:33:28.550+0500] {processor.py:161} INFO - Started process (PID=19535) to work on /home/muhammadsami/Public/Projects/Airflow/DataPipelineswithApacheAirflow/.env/lib/python3.8/site-packages/airflow/example_dags/example_branch_operator.py
[2024-03-17T10:33:28.567+0500] {processor.py:830} INFO - Processing file /home/muhammadsami/Public/Projects/Airflow/DataPipelineswithApacheAirflow/.env/lib/python3.8/site-packages/airflow/example_dags/example_branch_operator.py for tasks to queue
[2024-03-17T10:33:28.568+0500] {logging_mixin.py:188} INFO - [2024-03-17T10:33:28.568+0500] {dagbag.py:540} INFO - Filling up the DagBag from /home/muhammadsami/Public/Projects/Airflow/DataPipelineswithApacheAirflow/.env/lib/python3.8/site-packages/airflow/example_dags/example_branch_operator.py
[2024-03-17T10:33:28.570+0500] {processor.py:842} WARNING - No viable dags retrieved from /home/muhammadsami/Public/Projects/Airflow/DataPipelineswithApacheAirflow/.env/lib/python3.8/site-packages/airflow/example_dags/example_branch_operator.py
[2024-03-17T10:33:28.579+0500] {processor.py:183} INFO - Processing /home/muhammadsami/Public/Projects/Airflow/DataPipelineswithApacheAirflow/.env/lib/python3.8/site-packages/airflow/example_dags/example_branch_operator.py took 0.031 seconds
[2024-03-17T10:34:24.332+0500] {processor.py:161} INFO - Started process (PID=19655) to work on /home/muhammadsami/Public/Projects/Airflow/DataPipelineswithApacheAirflow/.env/lib/python3.8/site-packages/airflow/example_dags/example_branch_operator.py
[2024-03-17T10:34:24.339+0500] {processor.py:830} INFO - Processing file /home/muhammadsami/Public/Projects/Airflow/DataPipelineswithApacheAirflow/.env/lib/python3.8/site-packages/airflow/example_dags/example_branch_operator.py for tasks to queue
[2024-03-17T10:34:24.340+0500] {logging_mixin.py:188} INFO - [2024-03-17T10:34:24.340+0500] {dagbag.py:540} INFO - Filling up the DagBag from /home/muhammadsami/Public/Projects/Airflow/DataPipelineswithApacheAirflow/.env/lib/python3.8/site-packages/airflow/example_dags/example_branch_operator.py
[2024-03-17T10:34:24.343+0500] {processor.py:842} WARNING - No viable dags retrieved from /home/muhammadsami/Public/Projects/Airflow/DataPipelineswithApacheAirflow/.env/lib/python3.8/site-packages/airflow/example_dags/example_branch_operator.py
[2024-03-17T10:34:24.352+0500] {processor.py:183} INFO - Processing /home/muhammadsami/Public/Projects/Airflow/DataPipelineswithApacheAirflow/.env/lib/python3.8/site-packages/airflow/example_dags/example_branch_operator.py took 0.023 seconds
[2024-03-17T10:35:43.428+0500] {processor.py:161} INFO - Started process (PID=20324) to work on /home/muhammadsami/Public/Projects/Airflow/DataPipelineswithApacheAirflow/.env/lib/python3.8/site-packages/airflow/example_dags/example_branch_operator.py
[2024-03-17T10:35:43.444+0500] {processor.py:830} INFO - Processing file /home/muhammadsami/Public/Projects/Airflow/DataPipelineswithApacheAirflow/.env/lib/python3.8/site-packages/airflow/example_dags/example_branch_operator.py for tasks to queue
[2024-03-17T10:35:43.445+0500] {logging_mixin.py:188} INFO - [2024-03-17T10:35:43.445+0500] {dagbag.py:540} INFO - Filling up the DagBag from /home/muhammadsami/Public/Projects/Airflow/DataPipelineswithApacheAirflow/.env/lib/python3.8/site-packages/airflow/example_dags/example_branch_operator.py
[2024-03-17T10:35:43.448+0500] {processor.py:842} WARNING - No viable dags retrieved from /home/muhammadsami/Public/Projects/Airflow/DataPipelineswithApacheAirflow/.env/lib/python3.8/site-packages/airflow/example_dags/example_branch_operator.py
[2024-03-17T10:35:43.458+0500] {processor.py:183} INFO - Processing /home/muhammadsami/Public/Projects/Airflow/DataPipelineswithApacheAirflow/.env/lib/python3.8/site-packages/airflow/example_dags/example_branch_operator.py took 0.033 seconds
[2024-03-17T10:36:45.386+0500] {processor.py:161} INFO - Started process (PID=20681) to work on /home/muhammadsami/Public/Projects/Airflow/DataPipelineswithApacheAirflow/.env/lib/python3.8/site-packages/airflow/example_dags/example_branch_operator.py
[2024-03-17T10:36:45.394+0500] {processor.py:830} INFO - Processing file /home/muhammadsami/Public/Projects/Airflow/DataPipelineswithApacheAirflow/.env/lib/python3.8/site-packages/airflow/example_dags/example_branch_operator.py for tasks to queue
[2024-03-17T10:36:45.395+0500] {logging_mixin.py:188} INFO - [2024-03-17T10:36:45.395+0500] {dagbag.py:540} INFO - Filling up the DagBag from /home/muhammadsami/Public/Projects/Airflow/DataPipelineswithApacheAirflow/.env/lib/python3.8/site-packages/airflow/example_dags/example_branch_operator.py
[2024-03-17T10:36:45.398+0500] {processor.py:842} WARNING - No viable dags retrieved from /home/muhammadsami/Public/Projects/Airflow/DataPipelineswithApacheAirflow/.env/lib/python3.8/site-packages/airflow/example_dags/example_branch_operator.py
[2024-03-17T10:36:45.407+0500] {processor.py:183} INFO - Processing /home/muhammadsami/Public/Projects/Airflow/DataPipelineswithApacheAirflow/.env/lib/python3.8/site-packages/airflow/example_dags/example_branch_operator.py took 0.023 seconds
[2024-03-17T10:37:42.739+0500] {processor.py:161} INFO - Started process (PID=20799) to work on /home/muhammadsami/Public/Projects/Airflow/DataPipelineswithApacheAirflow/.env/lib/python3.8/site-packages/airflow/example_dags/example_branch_operator.py
[2024-03-17T10:37:42.751+0500] {processor.py:830} INFO - Processing file /home/muhammadsami/Public/Projects/Airflow/DataPipelineswithApacheAirflow/.env/lib/python3.8/site-packages/airflow/example_dags/example_branch_operator.py for tasks to queue
[2024-03-17T10:37:42.752+0500] {logging_mixin.py:188} INFO - [2024-03-17T10:37:42.751+0500] {dagbag.py:540} INFO - Filling up the DagBag from /home/muhammadsami/Public/Projects/Airflow/DataPipelineswithApacheAirflow/.env/lib/python3.8/site-packages/airflow/example_dags/example_branch_operator.py
[2024-03-17T10:37:42.754+0500] {processor.py:842} WARNING - No viable dags retrieved from /home/muhammadsami/Public/Projects/Airflow/DataPipelineswithApacheAirflow/.env/lib/python3.8/site-packages/airflow/example_dags/example_branch_operator.py
[2024-03-17T10:37:42.763+0500] {processor.py:183} INFO - Processing /home/muhammadsami/Public/Projects/Airflow/DataPipelineswithApacheAirflow/.env/lib/python3.8/site-packages/airflow/example_dags/example_branch_operator.py took 0.027 seconds
[2024-03-17T10:38:53.063+0500] {processor.py:161} INFO - Started process (PID=21114) to work on /home/muhammadsami/Public/Projects/Airflow/DataPipelineswithApacheAirflow/.env/lib/python3.8/site-packages/airflow/example_dags/example_branch_operator.py
[2024-03-17T10:38:53.076+0500] {processor.py:830} INFO - Processing file /home/muhammadsami/Public/Projects/Airflow/DataPipelineswithApacheAirflow/.env/lib/python3.8/site-packages/airflow/example_dags/example_branch_operator.py for tasks to queue
[2024-03-17T10:38:53.077+0500] {logging_mixin.py:188} INFO - [2024-03-17T10:38:53.077+0500] {dagbag.py:540} INFO - Filling up the DagBag from /home/muhammadsami/Public/Projects/Airflow/DataPipelineswithApacheAirflow/.env/lib/python3.8/site-packages/airflow/example_dags/example_branch_operator.py
[2024-03-17T10:38:53.083+0500] {processor.py:842} WARNING - No viable dags retrieved from /home/muhammadsami/Public/Projects/Airflow/DataPipelineswithApacheAirflow/.env/lib/python3.8/site-packages/airflow/example_dags/example_branch_operator.py
[2024-03-17T10:38:53.092+0500] {processor.py:183} INFO - Processing /home/muhammadsami/Public/Projects/Airflow/DataPipelineswithApacheAirflow/.env/lib/python3.8/site-packages/airflow/example_dags/example_branch_operator.py took 0.032 seconds
[2024-03-17T10:40:06.077+0500] {processor.py:161} INFO - Started process (PID=21368) to work on /home/muhammadsami/Public/Projects/Airflow/DataPipelineswithApacheAirflow/.env/lib/python3.8/site-packages/airflow/example_dags/example_branch_operator.py
[2024-03-17T10:40:06.090+0500] {processor.py:830} INFO - Processing file /home/muhammadsami/Public/Projects/Airflow/DataPipelineswithApacheAirflow/.env/lib/python3.8/site-packages/airflow/example_dags/example_branch_operator.py for tasks to queue
[2024-03-17T10:40:06.091+0500] {logging_mixin.py:188} INFO - [2024-03-17T10:40:06.091+0500] {dagbag.py:540} INFO - Filling up the DagBag from /home/muhammadsami/Public/Projects/Airflow/DataPipelineswithApacheAirflow/.env/lib/python3.8/site-packages/airflow/example_dags/example_branch_operator.py
[2024-03-17T10:40:06.093+0500] {processor.py:842} WARNING - No viable dags retrieved from /home/muhammadsami/Public/Projects/Airflow/DataPipelineswithApacheAirflow/.env/lib/python3.8/site-packages/airflow/example_dags/example_branch_operator.py
[2024-03-17T10:40:06.102+0500] {processor.py:183} INFO - Processing /home/muhammadsami/Public/Projects/Airflow/DataPipelineswithApacheAirflow/.env/lib/python3.8/site-packages/airflow/example_dags/example_branch_operator.py took 0.027 seconds
[2024-03-17T10:41:21.096+0500] {processor.py:161} INFO - Started process (PID=21648) to work on /home/muhammadsami/Public/Projects/Airflow/DataPipelineswithApacheAirflow/.env/lib/python3.8/site-packages/airflow/example_dags/example_branch_operator.py
[2024-03-17T10:41:21.108+0500] {processor.py:830} INFO - Processing file /home/muhammadsami/Public/Projects/Airflow/DataPipelineswithApacheAirflow/.env/lib/python3.8/site-packages/airflow/example_dags/example_branch_operator.py for tasks to queue
[2024-03-17T10:41:21.109+0500] {logging_mixin.py:188} INFO - [2024-03-17T10:41:21.109+0500] {dagbag.py:540} INFO - Filling up the DagBag from /home/muhammadsami/Public/Projects/Airflow/DataPipelineswithApacheAirflow/.env/lib/python3.8/site-packages/airflow/example_dags/example_branch_operator.py
[2024-03-17T10:41:21.111+0500] {processor.py:842} WARNING - No viable dags retrieved from /home/muhammadsami/Public/Projects/Airflow/DataPipelineswithApacheAirflow/.env/lib/python3.8/site-packages/airflow/example_dags/example_branch_operator.py
[2024-03-17T10:41:21.120+0500] {processor.py:183} INFO - Processing /home/muhammadsami/Public/Projects/Airflow/DataPipelineswithApacheAirflow/.env/lib/python3.8/site-packages/airflow/example_dags/example_branch_operator.py took 0.026 seconds
[2024-03-17T10:42:37.121+0500] {processor.py:161} INFO - Started process (PID=21940) to work on /home/muhammadsami/Public/Projects/Airflow/DataPipelineswithApacheAirflow/.env/lib/python3.8/site-packages/airflow/example_dags/example_branch_operator.py
[2024-03-17T10:42:37.129+0500] {processor.py:830} INFO - Processing file /home/muhammadsami/Public/Projects/Airflow/DataPipelineswithApacheAirflow/.env/lib/python3.8/site-packages/airflow/example_dags/example_branch_operator.py for tasks to queue
[2024-03-17T10:42:37.130+0500] {logging_mixin.py:188} INFO - [2024-03-17T10:42:37.130+0500] {dagbag.py:540} INFO - Filling up the DagBag from /home/muhammadsami/Public/Projects/Airflow/DataPipelineswithApacheAirflow/.env/lib/python3.8/site-packages/airflow/example_dags/example_branch_operator.py
[2024-03-17T10:42:37.133+0500] {processor.py:842} WARNING - No viable dags retrieved from /home/muhammadsami/Public/Projects/Airflow/DataPipelineswithApacheAirflow/.env/lib/python3.8/site-packages/airflow/example_dags/example_branch_operator.py
[2024-03-17T10:42:37.141+0500] {processor.py:183} INFO - Processing /home/muhammadsami/Public/Projects/Airflow/DataPipelineswithApacheAirflow/.env/lib/python3.8/site-packages/airflow/example_dags/example_branch_operator.py took 0.022 seconds
[2024-03-17T10:43:54.566+0500] {processor.py:161} INFO - Started process (PID=22330) to work on /home/muhammadsami/Public/Projects/Airflow/DataPipelineswithApacheAirflow/.env/lib/python3.8/site-packages/airflow/example_dags/example_branch_operator.py
[2024-03-17T10:43:54.575+0500] {processor.py:830} INFO - Processing file /home/muhammadsami/Public/Projects/Airflow/DataPipelineswithApacheAirflow/.env/lib/python3.8/site-packages/airflow/example_dags/example_branch_operator.py for tasks to queue
[2024-03-17T10:43:54.576+0500] {logging_mixin.py:188} INFO - [2024-03-17T10:43:54.576+0500] {dagbag.py:540} INFO - Filling up the DagBag from /home/muhammadsami/Public/Projects/Airflow/DataPipelineswithApacheAirflow/.env/lib/python3.8/site-packages/airflow/example_dags/example_branch_operator.py
[2024-03-17T10:43:54.579+0500] {processor.py:842} WARNING - No viable dags retrieved from /home/muhammadsami/Public/Projects/Airflow/DataPipelineswithApacheAirflow/.env/lib/python3.8/site-packages/airflow/example_dags/example_branch_operator.py
[2024-03-17T10:43:54.587+0500] {processor.py:183} INFO - Processing /home/muhammadsami/Public/Projects/Airflow/DataPipelineswithApacheAirflow/.env/lib/python3.8/site-packages/airflow/example_dags/example_branch_operator.py took 0.024 seconds
[2024-03-17T10:45:07.767+0500] {processor.py:161} INFO - Started process (PID=22482) to work on /home/muhammadsami/Public/Projects/Airflow/DataPipelineswithApacheAirflow/.env/lib/python3.8/site-packages/airflow/example_dags/example_branch_operator.py
[2024-03-17T10:45:07.776+0500] {processor.py:830} INFO - Processing file /home/muhammadsami/Public/Projects/Airflow/DataPipelineswithApacheAirflow/.env/lib/python3.8/site-packages/airflow/example_dags/example_branch_operator.py for tasks to queue
[2024-03-17T10:45:07.777+0500] {logging_mixin.py:188} INFO - [2024-03-17T10:45:07.776+0500] {dagbag.py:540} INFO - Filling up the DagBag from /home/muhammadsami/Public/Projects/Airflow/DataPipelineswithApacheAirflow/.env/lib/python3.8/site-packages/airflow/example_dags/example_branch_operator.py
[2024-03-17T10:45:07.779+0500] {processor.py:842} WARNING - No viable dags retrieved from /home/muhammadsami/Public/Projects/Airflow/DataPipelineswithApacheAirflow/.env/lib/python3.8/site-packages/airflow/example_dags/example_branch_operator.py
[2024-03-17T10:45:07.788+0500] {processor.py:183} INFO - Processing /home/muhammadsami/Public/Projects/Airflow/DataPipelineswithApacheAirflow/.env/lib/python3.8/site-packages/airflow/example_dags/example_branch_operator.py took 0.024 seconds
[2024-03-17T10:46:01.782+0500] {processor.py:161} INFO - Started process (PID=22606) to work on /home/muhammadsami/Public/Projects/Airflow/DataPipelineswithApacheAirflow/.env/lib/python3.8/site-packages/airflow/example_dags/example_branch_operator.py
[2024-03-17T10:46:01.793+0500] {processor.py:830} INFO - Processing file /home/muhammadsami/Public/Projects/Airflow/DataPipelineswithApacheAirflow/.env/lib/python3.8/site-packages/airflow/example_dags/example_branch_operator.py for tasks to queue
[2024-03-17T10:46:01.794+0500] {logging_mixin.py:188} INFO - [2024-03-17T10:46:01.794+0500] {dagbag.py:540} INFO - Filling up the DagBag from /home/muhammadsami/Public/Projects/Airflow/DataPipelineswithApacheAirflow/.env/lib/python3.8/site-packages/airflow/example_dags/example_branch_operator.py
[2024-03-17T10:46:01.797+0500] {processor.py:842} WARNING - No viable dags retrieved from /home/muhammadsami/Public/Projects/Airflow/DataPipelineswithApacheAirflow/.env/lib/python3.8/site-packages/airflow/example_dags/example_branch_operator.py
[2024-03-17T10:46:01.810+0500] {processor.py:183} INFO - Processing /home/muhammadsami/Public/Projects/Airflow/DataPipelineswithApacheAirflow/.env/lib/python3.8/site-packages/airflow/example_dags/example_branch_operator.py took 0.031 seconds
[2024-03-17T10:46:54.861+0500] {processor.py:161} INFO - Started process (PID=22723) to work on /home/muhammadsami/Public/Projects/Airflow/DataPipelineswithApacheAirflow/.env/lib/python3.8/site-packages/airflow/example_dags/example_branch_operator.py
[2024-03-17T10:46:54.872+0500] {processor.py:830} INFO - Processing file /home/muhammadsami/Public/Projects/Airflow/DataPipelineswithApacheAirflow/.env/lib/python3.8/site-packages/airflow/example_dags/example_branch_operator.py for tasks to queue
[2024-03-17T10:46:54.873+0500] {logging_mixin.py:188} INFO - [2024-03-17T10:46:54.872+0500] {dagbag.py:540} INFO - Filling up the DagBag from /home/muhammadsami/Public/Projects/Airflow/DataPipelineswithApacheAirflow/.env/lib/python3.8/site-packages/airflow/example_dags/example_branch_operator.py
[2024-03-17T10:46:54.876+0500] {processor.py:842} WARNING - No viable dags retrieved from /home/muhammadsami/Public/Projects/Airflow/DataPipelineswithApacheAirflow/.env/lib/python3.8/site-packages/airflow/example_dags/example_branch_operator.py
[2024-03-17T10:46:54.888+0500] {processor.py:183} INFO - Processing /home/muhammadsami/Public/Projects/Airflow/DataPipelineswithApacheAirflow/.env/lib/python3.8/site-packages/airflow/example_dags/example_branch_operator.py took 0.030 seconds
[2024-03-17T10:47:48.036+0500] {processor.py:161} INFO - Started process (PID=22841) to work on /home/muhammadsami/Public/Projects/Airflow/DataPipelineswithApacheAirflow/.env/lib/python3.8/site-packages/airflow/example_dags/example_branch_operator.py
[2024-03-17T10:47:48.050+0500] {processor.py:830} INFO - Processing file /home/muhammadsami/Public/Projects/Airflow/DataPipelineswithApacheAirflow/.env/lib/python3.8/site-packages/airflow/example_dags/example_branch_operator.py for tasks to queue
[2024-03-17T10:47:48.051+0500] {logging_mixin.py:188} INFO - [2024-03-17T10:47:48.051+0500] {dagbag.py:540} INFO - Filling up the DagBag from /home/muhammadsami/Public/Projects/Airflow/DataPipelineswithApacheAirflow/.env/lib/python3.8/site-packages/airflow/example_dags/example_branch_operator.py
[2024-03-17T10:47:48.053+0500] {processor.py:842} WARNING - No viable dags retrieved from /home/muhammadsami/Public/Projects/Airflow/DataPipelineswithApacheAirflow/.env/lib/python3.8/site-packages/airflow/example_dags/example_branch_operator.py
[2024-03-17T10:47:48.061+0500] {processor.py:183} INFO - Processing /home/muhammadsami/Public/Projects/Airflow/DataPipelineswithApacheAirflow/.env/lib/python3.8/site-packages/airflow/example_dags/example_branch_operator.py took 0.027 seconds
[2024-03-17T10:49:00.570+0500] {processor.py:161} INFO - Started process (PID=23035) to work on /home/muhammadsami/Public/Projects/Airflow/DataPipelineswithApacheAirflow/.env/lib/python3.8/site-packages/airflow/example_dags/example_branch_operator.py
[2024-03-17T10:49:00.579+0500] {processor.py:830} INFO - Processing file /home/muhammadsami/Public/Projects/Airflow/DataPipelineswithApacheAirflow/.env/lib/python3.8/site-packages/airflow/example_dags/example_branch_operator.py for tasks to queue
[2024-03-17T10:49:00.580+0500] {logging_mixin.py:188} INFO - [2024-03-17T10:49:00.579+0500] {dagbag.py:540} INFO - Filling up the DagBag from /home/muhammadsami/Public/Projects/Airflow/DataPipelineswithApacheAirflow/.env/lib/python3.8/site-packages/airflow/example_dags/example_branch_operator.py
[2024-03-17T10:49:00.582+0500] {processor.py:842} WARNING - No viable dags retrieved from /home/muhammadsami/Public/Projects/Airflow/DataPipelineswithApacheAirflow/.env/lib/python3.8/site-packages/airflow/example_dags/example_branch_operator.py
[2024-03-17T10:49:00.591+0500] {processor.py:183} INFO - Processing /home/muhammadsami/Public/Projects/Airflow/DataPipelineswithApacheAirflow/.env/lib/python3.8/site-packages/airflow/example_dags/example_branch_operator.py took 0.023 seconds
[2024-03-17T10:50:47.136+0500] {processor.py:161} INFO - Started process (PID=24064) to work on /home/muhammadsami/Public/Projects/Airflow/DataPipelineswithApacheAirflow/.env/lib/python3.8/site-packages/airflow/example_dags/example_branch_operator.py
[2024-03-17T10:50:47.147+0500] {processor.py:830} INFO - Processing file /home/muhammadsami/Public/Projects/Airflow/DataPipelineswithApacheAirflow/.env/lib/python3.8/site-packages/airflow/example_dags/example_branch_operator.py for tasks to queue
[2024-03-17T10:50:47.148+0500] {logging_mixin.py:188} INFO - [2024-03-17T10:50:47.147+0500] {dagbag.py:540} INFO - Filling up the DagBag from /home/muhammadsami/Public/Projects/Airflow/DataPipelineswithApacheAirflow/.env/lib/python3.8/site-packages/airflow/example_dags/example_branch_operator.py
[2024-03-17T10:50:47.150+0500] {processor.py:842} WARNING - No viable dags retrieved from /home/muhammadsami/Public/Projects/Airflow/DataPipelineswithApacheAirflow/.env/lib/python3.8/site-packages/airflow/example_dags/example_branch_operator.py
[2024-03-17T10:50:47.158+0500] {processor.py:183} INFO - Processing /home/muhammadsami/Public/Projects/Airflow/DataPipelineswithApacheAirflow/.env/lib/python3.8/site-packages/airflow/example_dags/example_branch_operator.py took 0.024 seconds
[2024-03-17T10:51:42.562+0500] {processor.py:161} INFO - Started process (PID=24186) to work on /home/muhammadsami/Public/Projects/Airflow/DataPipelineswithApacheAirflow/.env/lib/python3.8/site-packages/airflow/example_dags/example_branch_operator.py
[2024-03-17T10:51:42.572+0500] {processor.py:830} INFO - Processing file /home/muhammadsami/Public/Projects/Airflow/DataPipelineswithApacheAirflow/.env/lib/python3.8/site-packages/airflow/example_dags/example_branch_operator.py for tasks to queue
[2024-03-17T10:51:42.573+0500] {logging_mixin.py:188} INFO - [2024-03-17T10:51:42.573+0500] {dagbag.py:540} INFO - Filling up the DagBag from /home/muhammadsami/Public/Projects/Airflow/DataPipelineswithApacheAirflow/.env/lib/python3.8/site-packages/airflow/example_dags/example_branch_operator.py
[2024-03-17T10:51:42.576+0500] {processor.py:842} WARNING - No viable dags retrieved from /home/muhammadsami/Public/Projects/Airflow/DataPipelineswithApacheAirflow/.env/lib/python3.8/site-packages/airflow/example_dags/example_branch_operator.py
[2024-03-17T10:51:42.584+0500] {processor.py:183} INFO - Processing /home/muhammadsami/Public/Projects/Airflow/DataPipelineswithApacheAirflow/.env/lib/python3.8/site-packages/airflow/example_dags/example_branch_operator.py took 0.025 seconds
[2024-03-17T10:53:01.634+0500] {processor.py:161} INFO - Started process (PID=24328) to work on /home/muhammadsami/Public/Projects/Airflow/DataPipelineswithApacheAirflow/.env/lib/python3.8/site-packages/airflow/example_dags/example_branch_operator.py
[2024-03-17T10:53:01.649+0500] {processor.py:830} INFO - Processing file /home/muhammadsami/Public/Projects/Airflow/DataPipelineswithApacheAirflow/.env/lib/python3.8/site-packages/airflow/example_dags/example_branch_operator.py for tasks to queue
[2024-03-17T10:53:01.650+0500] {logging_mixin.py:188} INFO - [2024-03-17T10:53:01.649+0500] {dagbag.py:540} INFO - Filling up the DagBag from /home/muhammadsami/Public/Projects/Airflow/DataPipelineswithApacheAirflow/.env/lib/python3.8/site-packages/airflow/example_dags/example_branch_operator.py
[2024-03-17T10:53:01.652+0500] {processor.py:842} WARNING - No viable dags retrieved from /home/muhammadsami/Public/Projects/Airflow/DataPipelineswithApacheAirflow/.env/lib/python3.8/site-packages/airflow/example_dags/example_branch_operator.py
[2024-03-17T10:53:01.660+0500] {processor.py:183} INFO - Processing /home/muhammadsami/Public/Projects/Airflow/DataPipelineswithApacheAirflow/.env/lib/python3.8/site-packages/airflow/example_dags/example_branch_operator.py took 0.028 seconds
[2024-03-17T10:53:58.781+0500] {processor.py:161} INFO - Started process (PID=24492) to work on /home/muhammadsami/Public/Projects/Airflow/DataPipelineswithApacheAirflow/.env/lib/python3.8/site-packages/airflow/example_dags/example_branch_operator.py
[2024-03-17T10:53:58.791+0500] {processor.py:830} INFO - Processing file /home/muhammadsami/Public/Projects/Airflow/DataPipelineswithApacheAirflow/.env/lib/python3.8/site-packages/airflow/example_dags/example_branch_operator.py for tasks to queue
[2024-03-17T10:53:58.792+0500] {logging_mixin.py:188} INFO - [2024-03-17T10:53:58.792+0500] {dagbag.py:540} INFO - Filling up the DagBag from /home/muhammadsami/Public/Projects/Airflow/DataPipelineswithApacheAirflow/.env/lib/python3.8/site-packages/airflow/example_dags/example_branch_operator.py
[2024-03-17T10:53:58.794+0500] {processor.py:842} WARNING - No viable dags retrieved from /home/muhammadsami/Public/Projects/Airflow/DataPipelineswithApacheAirflow/.env/lib/python3.8/site-packages/airflow/example_dags/example_branch_operator.py
[2024-03-17T10:53:58.804+0500] {processor.py:183} INFO - Processing /home/muhammadsami/Public/Projects/Airflow/DataPipelineswithApacheAirflow/.env/lib/python3.8/site-packages/airflow/example_dags/example_branch_operator.py took 0.028 seconds
[2024-03-17T10:55:16.499+0500] {processor.py:161} INFO - Started process (PID=24755) to work on /home/muhammadsami/Public/Projects/Airflow/DataPipelineswithApacheAirflow/.env/lib/python3.8/site-packages/airflow/example_dags/example_branch_operator.py
[2024-03-17T10:55:16.511+0500] {processor.py:830} INFO - Processing file /home/muhammadsami/Public/Projects/Airflow/DataPipelineswithApacheAirflow/.env/lib/python3.8/site-packages/airflow/example_dags/example_branch_operator.py for tasks to queue
[2024-03-17T10:55:16.512+0500] {logging_mixin.py:188} INFO - [2024-03-17T10:55:16.512+0500] {dagbag.py:540} INFO - Filling up the DagBag from /home/muhammadsami/Public/Projects/Airflow/DataPipelineswithApacheAirflow/.env/lib/python3.8/site-packages/airflow/example_dags/example_branch_operator.py
[2024-03-17T10:55:16.519+0500] {processor.py:842} WARNING - No viable dags retrieved from /home/muhammadsami/Public/Projects/Airflow/DataPipelineswithApacheAirflow/.env/lib/python3.8/site-packages/airflow/example_dags/example_branch_operator.py
[2024-03-17T10:55:16.532+0500] {processor.py:183} INFO - Processing /home/muhammadsami/Public/Projects/Airflow/DataPipelineswithApacheAirflow/.env/lib/python3.8/site-packages/airflow/example_dags/example_branch_operator.py took 0.037 seconds
[2024-03-17T10:56:08.464+0500] {processor.py:161} INFO - Started process (PID=25020) to work on /home/muhammadsami/Public/Projects/Airflow/DataPipelineswithApacheAirflow/.env/lib/python3.8/site-packages/airflow/example_dags/example_branch_operator.py
[2024-03-17T10:56:08.477+0500] {processor.py:830} INFO - Processing file /home/muhammadsami/Public/Projects/Airflow/DataPipelineswithApacheAirflow/.env/lib/python3.8/site-packages/airflow/example_dags/example_branch_operator.py for tasks to queue
[2024-03-17T10:56:08.479+0500] {logging_mixin.py:188} INFO - [2024-03-17T10:56:08.478+0500] {dagbag.py:540} INFO - Filling up the DagBag from /home/muhammadsami/Public/Projects/Airflow/DataPipelineswithApacheAirflow/.env/lib/python3.8/site-packages/airflow/example_dags/example_branch_operator.py
[2024-03-17T10:56:08.482+0500] {processor.py:842} WARNING - No viable dags retrieved from /home/muhammadsami/Public/Projects/Airflow/DataPipelineswithApacheAirflow/.env/lib/python3.8/site-packages/airflow/example_dags/example_branch_operator.py
[2024-03-17T10:56:08.493+0500] {processor.py:183} INFO - Processing /home/muhammadsami/Public/Projects/Airflow/DataPipelineswithApacheAirflow/.env/lib/python3.8/site-packages/airflow/example_dags/example_branch_operator.py took 0.033 seconds
[2024-03-17T10:57:27.113+0500] {processor.py:161} INFO - Started process (PID=25459) to work on /home/muhammadsami/Public/Projects/Airflow/DataPipelineswithApacheAirflow/.env/lib/python3.8/site-packages/airflow/example_dags/example_branch_operator.py
[2024-03-17T10:57:27.127+0500] {processor.py:830} INFO - Processing file /home/muhammadsami/Public/Projects/Airflow/DataPipelineswithApacheAirflow/.env/lib/python3.8/site-packages/airflow/example_dags/example_branch_operator.py for tasks to queue
[2024-03-17T10:57:27.128+0500] {logging_mixin.py:188} INFO - [2024-03-17T10:57:27.128+0500] {dagbag.py:540} INFO - Filling up the DagBag from /home/muhammadsami/Public/Projects/Airflow/DataPipelineswithApacheAirflow/.env/lib/python3.8/site-packages/airflow/example_dags/example_branch_operator.py
[2024-03-17T10:57:27.131+0500] {processor.py:842} WARNING - No viable dags retrieved from /home/muhammadsami/Public/Projects/Airflow/DataPipelineswithApacheAirflow/.env/lib/python3.8/site-packages/airflow/example_dags/example_branch_operator.py
[2024-03-17T10:57:27.145+0500] {processor.py:183} INFO - Processing /home/muhammadsami/Public/Projects/Airflow/DataPipelineswithApacheAirflow/.env/lib/python3.8/site-packages/airflow/example_dags/example_branch_operator.py took 0.036 seconds
[2024-03-17T10:58:38.394+0500] {processor.py:161} INFO - Started process (PID=25870) to work on /home/muhammadsami/Public/Projects/Airflow/DataPipelineswithApacheAirflow/.env/lib/python3.8/site-packages/airflow/example_dags/example_branch_operator.py
[2024-03-17T10:58:38.406+0500] {processor.py:830} INFO - Processing file /home/muhammadsami/Public/Projects/Airflow/DataPipelineswithApacheAirflow/.env/lib/python3.8/site-packages/airflow/example_dags/example_branch_operator.py for tasks to queue
[2024-03-17T10:58:38.407+0500] {logging_mixin.py:188} INFO - [2024-03-17T10:58:38.406+0500] {dagbag.py:540} INFO - Filling up the DagBag from /home/muhammadsami/Public/Projects/Airflow/DataPipelineswithApacheAirflow/.env/lib/python3.8/site-packages/airflow/example_dags/example_branch_operator.py
[2024-03-17T10:58:38.409+0500] {processor.py:842} WARNING - No viable dags retrieved from /home/muhammadsami/Public/Projects/Airflow/DataPipelineswithApacheAirflow/.env/lib/python3.8/site-packages/airflow/example_dags/example_branch_operator.py
[2024-03-17T10:58:38.422+0500] {processor.py:183} INFO - Processing /home/muhammadsami/Public/Projects/Airflow/DataPipelineswithApacheAirflow/.env/lib/python3.8/site-packages/airflow/example_dags/example_branch_operator.py took 0.030 seconds
[2024-03-17T10:59:52.405+0500] {processor.py:161} INFO - Started process (PID=26272) to work on /home/muhammadsami/Public/Projects/Airflow/DataPipelineswithApacheAirflow/.env/lib/python3.8/site-packages/airflow/example_dags/example_branch_operator.py
[2024-03-17T10:59:52.416+0500] {processor.py:830} INFO - Processing file /home/muhammadsami/Public/Projects/Airflow/DataPipelineswithApacheAirflow/.env/lib/python3.8/site-packages/airflow/example_dags/example_branch_operator.py for tasks to queue
[2024-03-17T10:59:52.417+0500] {logging_mixin.py:188} INFO - [2024-03-17T10:59:52.416+0500] {dagbag.py:540} INFO - Filling up the DagBag from /home/muhammadsami/Public/Projects/Airflow/DataPipelineswithApacheAirflow/.env/lib/python3.8/site-packages/airflow/example_dags/example_branch_operator.py
[2024-03-17T10:59:52.419+0500] {processor.py:842} WARNING - No viable dags retrieved from /home/muhammadsami/Public/Projects/Airflow/DataPipelineswithApacheAirflow/.env/lib/python3.8/site-packages/airflow/example_dags/example_branch_operator.py
[2024-03-17T10:59:52.428+0500] {processor.py:183} INFO - Processing /home/muhammadsami/Public/Projects/Airflow/DataPipelineswithApacheAirflow/.env/lib/python3.8/site-packages/airflow/example_dags/example_branch_operator.py took 0.026 seconds
[2024-03-17T11:00:47.956+0500] {processor.py:161} INFO - Started process (PID=26589) to work on /home/muhammadsami/Public/Projects/Airflow/DataPipelineswithApacheAirflow/.env/lib/python3.8/site-packages/airflow/example_dags/example_branch_operator.py
[2024-03-17T11:00:47.968+0500] {processor.py:830} INFO - Processing file /home/muhammadsami/Public/Projects/Airflow/DataPipelineswithApacheAirflow/.env/lib/python3.8/site-packages/airflow/example_dags/example_branch_operator.py for tasks to queue
[2024-03-17T11:00:47.970+0500] {logging_mixin.py:188} INFO - [2024-03-17T11:00:47.970+0500] {dagbag.py:540} INFO - Filling up the DagBag from /home/muhammadsami/Public/Projects/Airflow/DataPipelineswithApacheAirflow/.env/lib/python3.8/site-packages/airflow/example_dags/example_branch_operator.py
[2024-03-17T11:00:47.973+0500] {processor.py:842} WARNING - No viable dags retrieved from /home/muhammadsami/Public/Projects/Airflow/DataPipelineswithApacheAirflow/.env/lib/python3.8/site-packages/airflow/example_dags/example_branch_operator.py
[2024-03-17T11:00:47.989+0500] {processor.py:183} INFO - Processing /home/muhammadsami/Public/Projects/Airflow/DataPipelineswithApacheAirflow/.env/lib/python3.8/site-packages/airflow/example_dags/example_branch_operator.py took 0.037 seconds
