[2024-03-16T11:23:05.288+0500] {processor.py:161} INFO - Started process (PID=18299) to work on /home/muhammadsami/Public/Projects/Airflow/DataPipelineswithApacheAirflow/.env/lib/python3.8/site-packages/airflow/example_dags/example_params_trigger_ui.py
[2024-03-16T11:23:05.290+0500] {processor.py:830} INFO - Processing file /home/muhammadsami/Public/Projects/Airflow/DataPipelineswithApacheAirflow/.env/lib/python3.8/site-packages/airflow/example_dags/example_params_trigger_ui.py for tasks to queue
[2024-03-16T11:23:05.292+0500] {logging_mixin.py:188} INFO - [2024-03-16T11:23:05.291+0500] {dagbag.py:540} INFO - Filling up the DagBag from /home/muhammadsami/Public/Projects/Airflow/DataPipelineswithApacheAirflow/.env/lib/python3.8/site-packages/airflow/example_dags/example_params_trigger_ui.py
[2024-03-16T11:23:05.305+0500] {processor.py:840} INFO - DAG(s) 'example_params_trigger_ui' retrieved from /home/muhammadsami/Public/Projects/Airflow/DataPipelineswithApacheAirflow/.env/lib/python3.8/site-packages/airflow/example_dags/example_params_trigger_ui.py
[2024-03-16T11:23:05.775+0500] {logging_mixin.py:188} INFO - [2024-03-16T11:23:05.774+0500] {override.py:1769} INFO - Created Permission View: can edit on DAG:example_params_trigger_ui
[2024-03-16T11:23:05.890+0500] {logging_mixin.py:188} INFO - [2024-03-16T11:23:05.889+0500] {override.py:1769} INFO - Created Permission View: can delete on DAG:example_params_trigger_ui
[2024-03-16T11:23:05.980+0500] {logging_mixin.py:188} INFO - [2024-03-16T11:23:05.980+0500] {override.py:1769} INFO - Created Permission View: can read on DAG:example_params_trigger_ui
[2024-03-16T11:23:05.981+0500] {logging_mixin.py:188} INFO - [2024-03-16T11:23:05.981+0500] {dag.py:3047} INFO - Sync 1 DAGs
[2024-03-16T11:23:05.989+0500] {logging_mixin.py:188} INFO - [2024-03-16T11:23:05.988+0500] {dag.py:3069} INFO - Creating ORM DAG for example_params_trigger_ui
[2024-03-16T11:23:05.989+0500] {logging_mixin.py:188} INFO - [2024-03-16T11:23:05.989+0500] {dag.py:3834} INFO - Setting next_dagrun for example_params_trigger_ui to None, run_after=None
[2024-03-16T11:23:06.149+0500] {processor.py:183} INFO - Processing /home/muhammadsami/Public/Projects/Airflow/DataPipelineswithApacheAirflow/.env/lib/python3.8/site-packages/airflow/example_dags/example_params_trigger_ui.py took 0.864 seconds
[2024-03-16T11:24:16.743+0500] {processor.py:161} INFO - Started process (PID=18469) to work on /home/muhammadsami/Public/Projects/Airflow/DataPipelineswithApacheAirflow/.env/lib/python3.8/site-packages/airflow/example_dags/example_params_trigger_ui.py
[2024-03-16T11:24:16.748+0500] {processor.py:830} INFO - Processing file /home/muhammadsami/Public/Projects/Airflow/DataPipelineswithApacheAirflow/.env/lib/python3.8/site-packages/airflow/example_dags/example_params_trigger_ui.py for tasks to queue
[2024-03-16T11:24:16.750+0500] {logging_mixin.py:188} INFO - [2024-03-16T11:24:16.749+0500] {dagbag.py:540} INFO - Filling up the DagBag from /home/muhammadsami/Public/Projects/Airflow/DataPipelineswithApacheAirflow/.env/lib/python3.8/site-packages/airflow/example_dags/example_params_trigger_ui.py
[2024-03-16T11:24:16.762+0500] {processor.py:840} INFO - DAG(s) 'example_params_trigger_ui' retrieved from /home/muhammadsami/Public/Projects/Airflow/DataPipelineswithApacheAirflow/.env/lib/python3.8/site-packages/airflow/example_dags/example_params_trigger_ui.py
[2024-03-16T11:24:16.801+0500] {logging_mixin.py:188} INFO - [2024-03-16T11:24:16.801+0500] {dag.py:3047} INFO - Sync 1 DAGs
[2024-03-16T11:24:16.893+0500] {logging_mixin.py:188} INFO - [2024-03-16T11:24:16.893+0500] {dag.py:3834} INFO - Setting next_dagrun for example_params_trigger_ui to None, run_after=None
[2024-03-16T11:24:16.983+0500] {processor.py:183} INFO - Processing /home/muhammadsami/Public/Projects/Airflow/DataPipelineswithApacheAirflow/.env/lib/python3.8/site-packages/airflow/example_dags/example_params_trigger_ui.py took 0.242 seconds
[2024-03-16T11:25:22.857+0500] {processor.py:161} INFO - Started process (PID=18619) to work on /home/muhammadsami/Public/Projects/Airflow/DataPipelineswithApacheAirflow/.env/lib/python3.8/site-packages/airflow/example_dags/example_params_trigger_ui.py
[2024-03-16T11:25:22.859+0500] {processor.py:830} INFO - Processing file /home/muhammadsami/Public/Projects/Airflow/DataPipelineswithApacheAirflow/.env/lib/python3.8/site-packages/airflow/example_dags/example_params_trigger_ui.py for tasks to queue
[2024-03-16T11:25:22.860+0500] {logging_mixin.py:188} INFO - [2024-03-16T11:25:22.859+0500] {dagbag.py:540} INFO - Filling up the DagBag from /home/muhammadsami/Public/Projects/Airflow/DataPipelineswithApacheAirflow/.env/lib/python3.8/site-packages/airflow/example_dags/example_params_trigger_ui.py
[2024-03-16T11:25:22.871+0500] {processor.py:840} INFO - DAG(s) 'example_params_trigger_ui' retrieved from /home/muhammadsami/Public/Projects/Airflow/DataPipelineswithApacheAirflow/.env/lib/python3.8/site-packages/airflow/example_dags/example_params_trigger_ui.py
[2024-03-16T11:25:22.910+0500] {logging_mixin.py:188} INFO - [2024-03-16T11:25:22.909+0500] {dag.py:3047} INFO - Sync 1 DAGs
[2024-03-16T11:25:22.920+0500] {logging_mixin.py:188} INFO - [2024-03-16T11:25:22.919+0500] {dag.py:3834} INFO - Setting next_dagrun for example_params_trigger_ui to None, run_after=None
[2024-03-16T11:25:23.044+0500] {processor.py:183} INFO - Processing /home/muhammadsami/Public/Projects/Airflow/DataPipelineswithApacheAirflow/.env/lib/python3.8/site-packages/airflow/example_dags/example_params_trigger_ui.py took 0.189 seconds
[2024-03-16T11:26:17.738+0500] {processor.py:161} INFO - Started process (PID=18681) to work on /home/muhammadsami/Public/Projects/Airflow/DataPipelineswithApacheAirflow/.env/lib/python3.8/site-packages/airflow/example_dags/example_params_trigger_ui.py
[2024-03-16T11:26:17.740+0500] {processor.py:830} INFO - Processing file /home/muhammadsami/Public/Projects/Airflow/DataPipelineswithApacheAirflow/.env/lib/python3.8/site-packages/airflow/example_dags/example_params_trigger_ui.py for tasks to queue
[2024-03-16T11:26:17.741+0500] {logging_mixin.py:188} INFO - [2024-03-16T11:26:17.740+0500] {dagbag.py:540} INFO - Filling up the DagBag from /home/muhammadsami/Public/Projects/Airflow/DataPipelineswithApacheAirflow/.env/lib/python3.8/site-packages/airflow/example_dags/example_params_trigger_ui.py
[2024-03-16T11:26:17.755+0500] {processor.py:840} INFO - DAG(s) 'example_params_trigger_ui' retrieved from /home/muhammadsami/Public/Projects/Airflow/DataPipelineswithApacheAirflow/.env/lib/python3.8/site-packages/airflow/example_dags/example_params_trigger_ui.py
[2024-03-16T11:26:17.793+0500] {logging_mixin.py:188} INFO - [2024-03-16T11:26:17.793+0500] {dag.py:3047} INFO - Sync 1 DAGs
[2024-03-16T11:26:17.803+0500] {logging_mixin.py:188} INFO - [2024-03-16T11:26:17.802+0500] {dag.py:3834} INFO - Setting next_dagrun for example_params_trigger_ui to None, run_after=None
[2024-03-16T11:26:17.921+0500] {processor.py:183} INFO - Processing /home/muhammadsami/Public/Projects/Airflow/DataPipelineswithApacheAirflow/.env/lib/python3.8/site-packages/airflow/example_dags/example_params_trigger_ui.py took 0.186 seconds
[2024-03-16T11:27:09.844+0500] {processor.py:161} INFO - Started process (PID=18762) to work on /home/muhammadsami/Public/Projects/Airflow/DataPipelineswithApacheAirflow/.env/lib/python3.8/site-packages/airflow/example_dags/example_params_trigger_ui.py
[2024-03-16T11:27:09.846+0500] {processor.py:830} INFO - Processing file /home/muhammadsami/Public/Projects/Airflow/DataPipelineswithApacheAirflow/.env/lib/python3.8/site-packages/airflow/example_dags/example_params_trigger_ui.py for tasks to queue
[2024-03-16T11:27:09.847+0500] {logging_mixin.py:188} INFO - [2024-03-16T11:27:09.846+0500] {dagbag.py:540} INFO - Filling up the DagBag from /home/muhammadsami/Public/Projects/Airflow/DataPipelineswithApacheAirflow/.env/lib/python3.8/site-packages/airflow/example_dags/example_params_trigger_ui.py
[2024-03-16T11:27:09.861+0500] {processor.py:840} INFO - DAG(s) 'example_params_trigger_ui' retrieved from /home/muhammadsami/Public/Projects/Airflow/DataPipelineswithApacheAirflow/.env/lib/python3.8/site-packages/airflow/example_dags/example_params_trigger_ui.py
[2024-03-16T11:27:09.900+0500] {logging_mixin.py:188} INFO - [2024-03-16T11:27:09.899+0500] {dag.py:3047} INFO - Sync 1 DAGs
[2024-03-16T11:27:09.909+0500] {logging_mixin.py:188} INFO - [2024-03-16T11:27:09.909+0500] {dag.py:3834} INFO - Setting next_dagrun for example_params_trigger_ui to None, run_after=None
[2024-03-16T11:27:10.008+0500] {processor.py:183} INFO - Processing /home/muhammadsami/Public/Projects/Airflow/DataPipelineswithApacheAirflow/.env/lib/python3.8/site-packages/airflow/example_dags/example_params_trigger_ui.py took 0.167 seconds
[2024-03-16T11:27:58.018+0500] {processor.py:161} INFO - Started process (PID=18812) to work on /home/muhammadsami/Public/Projects/Airflow/DataPipelineswithApacheAirflow/.env/lib/python3.8/site-packages/airflow/example_dags/example_params_trigger_ui.py
[2024-03-16T11:27:58.019+0500] {processor.py:830} INFO - Processing file /home/muhammadsami/Public/Projects/Airflow/DataPipelineswithApacheAirflow/.env/lib/python3.8/site-packages/airflow/example_dags/example_params_trigger_ui.py for tasks to queue
[2024-03-16T11:27:58.020+0500] {logging_mixin.py:188} INFO - [2024-03-16T11:27:58.020+0500] {dagbag.py:540} INFO - Filling up the DagBag from /home/muhammadsami/Public/Projects/Airflow/DataPipelineswithApacheAirflow/.env/lib/python3.8/site-packages/airflow/example_dags/example_params_trigger_ui.py
[2024-03-16T11:27:58.033+0500] {processor.py:840} INFO - DAG(s) 'example_params_trigger_ui' retrieved from /home/muhammadsami/Public/Projects/Airflow/DataPipelineswithApacheAirflow/.env/lib/python3.8/site-packages/airflow/example_dags/example_params_trigger_ui.py
[2024-03-16T11:27:58.072+0500] {logging_mixin.py:188} INFO - [2024-03-16T11:27:58.072+0500] {dag.py:3047} INFO - Sync 1 DAGs
[2024-03-16T11:27:58.082+0500] {logging_mixin.py:188} INFO - [2024-03-16T11:27:58.082+0500] {dag.py:3834} INFO - Setting next_dagrun for example_params_trigger_ui to None, run_after=None
[2024-03-16T11:27:58.196+0500] {processor.py:183} INFO - Processing /home/muhammadsami/Public/Projects/Airflow/DataPipelineswithApacheAirflow/.env/lib/python3.8/site-packages/airflow/example_dags/example_params_trigger_ui.py took 0.181 seconds
[2024-03-16T11:29:08.431+0500] {processor.py:161} INFO - Started process (PID=18900) to work on /home/muhammadsami/Public/Projects/Airflow/DataPipelineswithApacheAirflow/.env/lib/python3.8/site-packages/airflow/example_dags/example_params_trigger_ui.py
[2024-03-16T11:29:08.444+0500] {processor.py:830} INFO - Processing file /home/muhammadsami/Public/Projects/Airflow/DataPipelineswithApacheAirflow/.env/lib/python3.8/site-packages/airflow/example_dags/example_params_trigger_ui.py for tasks to queue
[2024-03-16T11:29:08.445+0500] {logging_mixin.py:188} INFO - [2024-03-16T11:29:08.445+0500] {dagbag.py:540} INFO - Filling up the DagBag from /home/muhammadsami/Public/Projects/Airflow/DataPipelineswithApacheAirflow/.env/lib/python3.8/site-packages/airflow/example_dags/example_params_trigger_ui.py
[2024-03-16T11:29:08.465+0500] {processor.py:840} INFO - DAG(s) 'example_params_trigger_ui' retrieved from /home/muhammadsami/Public/Projects/Airflow/DataPipelineswithApacheAirflow/.env/lib/python3.8/site-packages/airflow/example_dags/example_params_trigger_ui.py
[2024-03-16T11:29:08.523+0500] {logging_mixin.py:188} INFO - [2024-03-16T11:29:08.523+0500] {dag.py:3047} INFO - Sync 1 DAGs
[2024-03-16T11:29:08.536+0500] {logging_mixin.py:188} INFO - [2024-03-16T11:29:08.535+0500] {dag.py:3834} INFO - Setting next_dagrun for example_params_trigger_ui to None, run_after=None
[2024-03-16T11:29:08.625+0500] {processor.py:183} INFO - Processing /home/muhammadsami/Public/Projects/Airflow/DataPipelineswithApacheAirflow/.env/lib/python3.8/site-packages/airflow/example_dags/example_params_trigger_ui.py took 0.198 seconds
[2024-03-16T11:29:59.584+0500] {processor.py:161} INFO - Started process (PID=18955) to work on /home/muhammadsami/Public/Projects/Airflow/DataPipelineswithApacheAirflow/.env/lib/python3.8/site-packages/airflow/example_dags/example_params_trigger_ui.py
[2024-03-16T11:29:59.586+0500] {processor.py:830} INFO - Processing file /home/muhammadsami/Public/Projects/Airflow/DataPipelineswithApacheAirflow/.env/lib/python3.8/site-packages/airflow/example_dags/example_params_trigger_ui.py for tasks to queue
[2024-03-16T11:29:59.587+0500] {logging_mixin.py:188} INFO - [2024-03-16T11:29:59.586+0500] {dagbag.py:540} INFO - Filling up the DagBag from /home/muhammadsami/Public/Projects/Airflow/DataPipelineswithApacheAirflow/.env/lib/python3.8/site-packages/airflow/example_dags/example_params_trigger_ui.py
[2024-03-16T11:29:59.599+0500] {processor.py:840} INFO - DAG(s) 'example_params_trigger_ui' retrieved from /home/muhammadsami/Public/Projects/Airflow/DataPipelineswithApacheAirflow/.env/lib/python3.8/site-packages/airflow/example_dags/example_params_trigger_ui.py
[2024-03-16T11:29:59.667+0500] {logging_mixin.py:188} INFO - [2024-03-16T11:29:59.667+0500] {dag.py:3047} INFO - Sync 1 DAGs
[2024-03-16T11:29:59.683+0500] {logging_mixin.py:188} INFO - [2024-03-16T11:29:59.683+0500] {dag.py:3834} INFO - Setting next_dagrun for example_params_trigger_ui to None, run_after=None
[2024-03-16T11:29:59.773+0500] {processor.py:183} INFO - Processing /home/muhammadsami/Public/Projects/Airflow/DataPipelineswithApacheAirflow/.env/lib/python3.8/site-packages/airflow/example_dags/example_params_trigger_ui.py took 0.191 seconds
[2024-03-16T11:30:52.184+0500] {processor.py:161} INFO - Started process (PID=19016) to work on /home/muhammadsami/Public/Projects/Airflow/DataPipelineswithApacheAirflow/.env/lib/python3.8/site-packages/airflow/example_dags/example_params_trigger_ui.py
[2024-03-16T11:30:52.204+0500] {processor.py:830} INFO - Processing file /home/muhammadsami/Public/Projects/Airflow/DataPipelineswithApacheAirflow/.env/lib/python3.8/site-packages/airflow/example_dags/example_params_trigger_ui.py for tasks to queue
[2024-03-16T11:30:52.206+0500] {logging_mixin.py:188} INFO - [2024-03-16T11:30:52.205+0500] {dagbag.py:540} INFO - Filling up the DagBag from /home/muhammadsami/Public/Projects/Airflow/DataPipelineswithApacheAirflow/.env/lib/python3.8/site-packages/airflow/example_dags/example_params_trigger_ui.py
[2024-03-16T11:30:52.239+0500] {processor.py:840} INFO - DAG(s) 'example_params_trigger_ui' retrieved from /home/muhammadsami/Public/Projects/Airflow/DataPipelineswithApacheAirflow/.env/lib/python3.8/site-packages/airflow/example_dags/example_params_trigger_ui.py
[2024-03-16T11:30:52.322+0500] {logging_mixin.py:188} INFO - [2024-03-16T11:30:52.321+0500] {dag.py:3047} INFO - Sync 1 DAGs
[2024-03-16T11:30:52.338+0500] {logging_mixin.py:188} INFO - [2024-03-16T11:30:52.337+0500] {dag.py:3834} INFO - Setting next_dagrun for example_params_trigger_ui to None, run_after=None
[2024-03-16T11:30:52.449+0500] {processor.py:183} INFO - Processing /home/muhammadsami/Public/Projects/Airflow/DataPipelineswithApacheAirflow/.env/lib/python3.8/site-packages/airflow/example_dags/example_params_trigger_ui.py took 0.269 seconds
[2024-03-16T11:39:10.658+0500] {processor.py:161} INFO - Started process (PID=19669) to work on /home/muhammadsami/Public/Projects/Airflow/DataPipelineswithApacheAirflow/.env/lib/python3.8/site-packages/airflow/example_dags/example_params_trigger_ui.py
[2024-03-16T11:39:10.659+0500] {processor.py:830} INFO - Processing file /home/muhammadsami/Public/Projects/Airflow/DataPipelineswithApacheAirflow/.env/lib/python3.8/site-packages/airflow/example_dags/example_params_trigger_ui.py for tasks to queue
[2024-03-16T11:39:10.660+0500] {logging_mixin.py:188} INFO - [2024-03-16T11:39:10.659+0500] {dagbag.py:540} INFO - Filling up the DagBag from /home/muhammadsami/Public/Projects/Airflow/DataPipelineswithApacheAirflow/.env/lib/python3.8/site-packages/airflow/example_dags/example_params_trigger_ui.py
[2024-03-16T11:39:10.672+0500] {processor.py:840} INFO - DAG(s) 'example_params_trigger_ui' retrieved from /home/muhammadsami/Public/Projects/Airflow/DataPipelineswithApacheAirflow/.env/lib/python3.8/site-packages/airflow/example_dags/example_params_trigger_ui.py
[2024-03-16T11:39:10.713+0500] {logging_mixin.py:188} INFO - [2024-03-16T11:39:10.713+0500] {dag.py:3047} INFO - Sync 1 DAGs
[2024-03-16T11:39:10.723+0500] {logging_mixin.py:188} INFO - [2024-03-16T11:39:10.723+0500] {dag.py:3834} INFO - Setting next_dagrun for example_params_trigger_ui to None, run_after=None
[2024-03-16T11:39:10.816+0500] {processor.py:183} INFO - Processing /home/muhammadsami/Public/Projects/Airflow/DataPipelineswithApacheAirflow/.env/lib/python3.8/site-packages/airflow/example_dags/example_params_trigger_ui.py took 0.162 seconds
[2024-03-16T11:40:17.903+0500] {processor.py:161} INFO - Started process (PID=19948) to work on /home/muhammadsami/Public/Projects/Airflow/DataPipelineswithApacheAirflow/.env/lib/python3.8/site-packages/airflow/example_dags/example_params_trigger_ui.py
[2024-03-16T11:40:17.904+0500] {processor.py:830} INFO - Processing file /home/muhammadsami/Public/Projects/Airflow/DataPipelineswithApacheAirflow/.env/lib/python3.8/site-packages/airflow/example_dags/example_params_trigger_ui.py for tasks to queue
[2024-03-16T11:40:17.905+0500] {logging_mixin.py:188} INFO - [2024-03-16T11:40:17.905+0500] {dagbag.py:540} INFO - Filling up the DagBag from /home/muhammadsami/Public/Projects/Airflow/DataPipelineswithApacheAirflow/.env/lib/python3.8/site-packages/airflow/example_dags/example_params_trigger_ui.py
[2024-03-16T11:40:17.917+0500] {processor.py:840} INFO - DAG(s) 'example_params_trigger_ui' retrieved from /home/muhammadsami/Public/Projects/Airflow/DataPipelineswithApacheAirflow/.env/lib/python3.8/site-packages/airflow/example_dags/example_params_trigger_ui.py
[2024-03-16T11:40:17.964+0500] {logging_mixin.py:188} INFO - [2024-03-16T11:40:17.964+0500] {dag.py:3047} INFO - Sync 1 DAGs
[2024-03-16T11:40:18.061+0500] {logging_mixin.py:188} INFO - [2024-03-16T11:40:18.061+0500] {dag.py:3834} INFO - Setting next_dagrun for example_params_trigger_ui to None, run_after=None
[2024-03-16T11:40:18.160+0500] {processor.py:183} INFO - Processing /home/muhammadsami/Public/Projects/Airflow/DataPipelineswithApacheAirflow/.env/lib/python3.8/site-packages/airflow/example_dags/example_params_trigger_ui.py took 0.260 seconds
[2024-03-16T11:41:36.400+0500] {processor.py:161} INFO - Started process (PID=20197) to work on /home/muhammadsami/Public/Projects/Airflow/DataPipelineswithApacheAirflow/.env/lib/python3.8/site-packages/airflow/example_dags/example_params_trigger_ui.py
[2024-03-16T11:41:36.402+0500] {processor.py:830} INFO - Processing file /home/muhammadsami/Public/Projects/Airflow/DataPipelineswithApacheAirflow/.env/lib/python3.8/site-packages/airflow/example_dags/example_params_trigger_ui.py for tasks to queue
[2024-03-16T11:41:36.403+0500] {logging_mixin.py:188} INFO - [2024-03-16T11:41:36.402+0500] {dagbag.py:540} INFO - Filling up the DagBag from /home/muhammadsami/Public/Projects/Airflow/DataPipelineswithApacheAirflow/.env/lib/python3.8/site-packages/airflow/example_dags/example_params_trigger_ui.py
[2024-03-16T11:41:36.416+0500] {processor.py:840} INFO - DAG(s) 'example_params_trigger_ui' retrieved from /home/muhammadsami/Public/Projects/Airflow/DataPipelineswithApacheAirflow/.env/lib/python3.8/site-packages/airflow/example_dags/example_params_trigger_ui.py
[2024-03-16T11:41:36.455+0500] {logging_mixin.py:188} INFO - [2024-03-16T11:41:36.455+0500] {dag.py:3047} INFO - Sync 1 DAGs
[2024-03-16T11:41:36.465+0500] {logging_mixin.py:188} INFO - [2024-03-16T11:41:36.465+0500] {dag.py:3834} INFO - Setting next_dagrun for example_params_trigger_ui to None, run_after=None
[2024-03-16T11:41:36.587+0500] {processor.py:183} INFO - Processing /home/muhammadsami/Public/Projects/Airflow/DataPipelineswithApacheAirflow/.env/lib/python3.8/site-packages/airflow/example_dags/example_params_trigger_ui.py took 0.190 seconds
[2024-03-16T11:42:30.818+0500] {processor.py:161} INFO - Started process (PID=20260) to work on /home/muhammadsami/Public/Projects/Airflow/DataPipelineswithApacheAirflow/.env/lib/python3.8/site-packages/airflow/example_dags/example_params_trigger_ui.py
[2024-03-16T11:42:30.832+0500] {processor.py:830} INFO - Processing file /home/muhammadsami/Public/Projects/Airflow/DataPipelineswithApacheAirflow/.env/lib/python3.8/site-packages/airflow/example_dags/example_params_trigger_ui.py for tasks to queue
[2024-03-16T11:42:30.833+0500] {logging_mixin.py:188} INFO - [2024-03-16T11:42:30.833+0500] {dagbag.py:540} INFO - Filling up the DagBag from /home/muhammadsami/Public/Projects/Airflow/DataPipelineswithApacheAirflow/.env/lib/python3.8/site-packages/airflow/example_dags/example_params_trigger_ui.py
[2024-03-16T11:42:30.845+0500] {processor.py:840} INFO - DAG(s) 'example_params_trigger_ui' retrieved from /home/muhammadsami/Public/Projects/Airflow/DataPipelineswithApacheAirflow/.env/lib/python3.8/site-packages/airflow/example_dags/example_params_trigger_ui.py
[2024-03-16T11:42:30.885+0500] {logging_mixin.py:188} INFO - [2024-03-16T11:42:30.884+0500] {dag.py:3047} INFO - Sync 1 DAGs
[2024-03-16T11:42:30.894+0500] {logging_mixin.py:188} INFO - [2024-03-16T11:42:30.894+0500] {dag.py:3834} INFO - Setting next_dagrun for example_params_trigger_ui to None, run_after=None
[2024-03-16T11:42:30.987+0500] {processor.py:183} INFO - Processing /home/muhammadsami/Public/Projects/Airflow/DataPipelineswithApacheAirflow/.env/lib/python3.8/site-packages/airflow/example_dags/example_params_trigger_ui.py took 0.171 seconds
[2024-03-16T11:43:24.445+0500] {processor.py:161} INFO - Started process (PID=20345) to work on /home/muhammadsami/Public/Projects/Airflow/DataPipelineswithApacheAirflow/.env/lib/python3.8/site-packages/airflow/example_dags/example_params_trigger_ui.py
[2024-03-16T11:43:24.467+0500] {processor.py:830} INFO - Processing file /home/muhammadsami/Public/Projects/Airflow/DataPipelineswithApacheAirflow/.env/lib/python3.8/site-packages/airflow/example_dags/example_params_trigger_ui.py for tasks to queue
[2024-03-16T11:43:24.468+0500] {logging_mixin.py:188} INFO - [2024-03-16T11:43:24.468+0500] {dagbag.py:540} INFO - Filling up the DagBag from /home/muhammadsami/Public/Projects/Airflow/DataPipelineswithApacheAirflow/.env/lib/python3.8/site-packages/airflow/example_dags/example_params_trigger_ui.py
[2024-03-16T11:43:24.479+0500] {processor.py:840} INFO - DAG(s) 'example_params_trigger_ui' retrieved from /home/muhammadsami/Public/Projects/Airflow/DataPipelineswithApacheAirflow/.env/lib/python3.8/site-packages/airflow/example_dags/example_params_trigger_ui.py
[2024-03-16T11:43:24.518+0500] {logging_mixin.py:188} INFO - [2024-03-16T11:43:24.518+0500] {dag.py:3047} INFO - Sync 1 DAGs
[2024-03-16T11:43:24.528+0500] {logging_mixin.py:188} INFO - [2024-03-16T11:43:24.528+0500] {dag.py:3834} INFO - Setting next_dagrun for example_params_trigger_ui to None, run_after=None
[2024-03-16T11:43:24.618+0500] {processor.py:183} INFO - Processing /home/muhammadsami/Public/Projects/Airflow/DataPipelineswithApacheAirflow/.env/lib/python3.8/site-packages/airflow/example_dags/example_params_trigger_ui.py took 0.176 seconds
[2024-03-16T11:44:16.854+0500] {processor.py:161} INFO - Started process (PID=20394) to work on /home/muhammadsami/Public/Projects/Airflow/DataPipelineswithApacheAirflow/.env/lib/python3.8/site-packages/airflow/example_dags/example_params_trigger_ui.py
[2024-03-16T11:44:16.861+0500] {processor.py:830} INFO - Processing file /home/muhammadsami/Public/Projects/Airflow/DataPipelineswithApacheAirflow/.env/lib/python3.8/site-packages/airflow/example_dags/example_params_trigger_ui.py for tasks to queue
[2024-03-16T11:44:16.862+0500] {logging_mixin.py:188} INFO - [2024-03-16T11:44:16.862+0500] {dagbag.py:540} INFO - Filling up the DagBag from /home/muhammadsami/Public/Projects/Airflow/DataPipelineswithApacheAirflow/.env/lib/python3.8/site-packages/airflow/example_dags/example_params_trigger_ui.py
[2024-03-16T11:44:16.874+0500] {processor.py:840} INFO - DAG(s) 'example_params_trigger_ui' retrieved from /home/muhammadsami/Public/Projects/Airflow/DataPipelineswithApacheAirflow/.env/lib/python3.8/site-packages/airflow/example_dags/example_params_trigger_ui.py
[2024-03-16T11:44:16.916+0500] {logging_mixin.py:188} INFO - [2024-03-16T11:44:16.916+0500] {dag.py:3047} INFO - Sync 1 DAGs
[2024-03-16T11:44:16.926+0500] {logging_mixin.py:188} INFO - [2024-03-16T11:44:16.926+0500] {dag.py:3834} INFO - Setting next_dagrun for example_params_trigger_ui to None, run_after=None
[2024-03-16T11:44:17.020+0500] {processor.py:183} INFO - Processing /home/muhammadsami/Public/Projects/Airflow/DataPipelineswithApacheAirflow/.env/lib/python3.8/site-packages/airflow/example_dags/example_params_trigger_ui.py took 0.168 seconds
[2024-03-16T11:45:49.111+0500] {processor.py:161} INFO - Started process (PID=20834) to work on /home/muhammadsami/Public/Projects/Airflow/DataPipelineswithApacheAirflow/.env/lib/python3.8/site-packages/airflow/example_dags/example_params_trigger_ui.py
[2024-03-16T11:45:49.123+0500] {processor.py:830} INFO - Processing file /home/muhammadsami/Public/Projects/Airflow/DataPipelineswithApacheAirflow/.env/lib/python3.8/site-packages/airflow/example_dags/example_params_trigger_ui.py for tasks to queue
[2024-03-16T11:45:49.124+0500] {logging_mixin.py:188} INFO - [2024-03-16T11:45:49.124+0500] {dagbag.py:540} INFO - Filling up the DagBag from /home/muhammadsami/Public/Projects/Airflow/DataPipelineswithApacheAirflow/.env/lib/python3.8/site-packages/airflow/example_dags/example_params_trigger_ui.py
[2024-03-16T11:45:49.139+0500] {processor.py:840} INFO - DAG(s) 'example_params_trigger_ui' retrieved from /home/muhammadsami/Public/Projects/Airflow/DataPipelineswithApacheAirflow/.env/lib/python3.8/site-packages/airflow/example_dags/example_params_trigger_ui.py
[2024-03-16T11:45:49.191+0500] {logging_mixin.py:188} INFO - [2024-03-16T11:45:49.191+0500] {dag.py:3047} INFO - Sync 1 DAGs
[2024-03-16T11:45:49.203+0500] {logging_mixin.py:188} INFO - [2024-03-16T11:45:49.203+0500] {dag.py:3834} INFO - Setting next_dagrun for example_params_trigger_ui to None, run_after=None
[2024-03-16T11:45:49.293+0500] {processor.py:183} INFO - Processing /home/muhammadsami/Public/Projects/Airflow/DataPipelineswithApacheAirflow/.env/lib/python3.8/site-packages/airflow/example_dags/example_params_trigger_ui.py took 0.186 seconds
[2024-03-16T11:46:44.427+0500] {processor.py:161} INFO - Started process (PID=20894) to work on /home/muhammadsami/Public/Projects/Airflow/DataPipelineswithApacheAirflow/.env/lib/python3.8/site-packages/airflow/example_dags/example_params_trigger_ui.py
[2024-03-16T11:46:44.437+0500] {processor.py:830} INFO - Processing file /home/muhammadsami/Public/Projects/Airflow/DataPipelineswithApacheAirflow/.env/lib/python3.8/site-packages/airflow/example_dags/example_params_trigger_ui.py for tasks to queue
[2024-03-16T11:46:44.438+0500] {logging_mixin.py:188} INFO - [2024-03-16T11:46:44.438+0500] {dagbag.py:540} INFO - Filling up the DagBag from /home/muhammadsami/Public/Projects/Airflow/DataPipelineswithApacheAirflow/.env/lib/python3.8/site-packages/airflow/example_dags/example_params_trigger_ui.py
[2024-03-16T11:46:44.452+0500] {processor.py:840} INFO - DAG(s) 'example_params_trigger_ui' retrieved from /home/muhammadsami/Public/Projects/Airflow/DataPipelineswithApacheAirflow/.env/lib/python3.8/site-packages/airflow/example_dags/example_params_trigger_ui.py
[2024-03-16T11:46:44.501+0500] {logging_mixin.py:188} INFO - [2024-03-16T11:46:44.500+0500] {dag.py:3047} INFO - Sync 1 DAGs
[2024-03-16T11:46:44.510+0500] {logging_mixin.py:188} INFO - [2024-03-16T11:46:44.510+0500] {dag.py:3834} INFO - Setting next_dagrun for example_params_trigger_ui to None, run_after=None
[2024-03-16T11:46:44.606+0500] {processor.py:183} INFO - Processing /home/muhammadsami/Public/Projects/Airflow/DataPipelineswithApacheAirflow/.env/lib/python3.8/site-packages/airflow/example_dags/example_params_trigger_ui.py took 0.181 seconds
[2024-03-16T11:47:34.330+0500] {processor.py:161} INFO - Started process (PID=20972) to work on /home/muhammadsami/Public/Projects/Airflow/DataPipelineswithApacheAirflow/.env/lib/python3.8/site-packages/airflow/example_dags/example_params_trigger_ui.py
[2024-03-16T11:47:34.339+0500] {processor.py:830} INFO - Processing file /home/muhammadsami/Public/Projects/Airflow/DataPipelineswithApacheAirflow/.env/lib/python3.8/site-packages/airflow/example_dags/example_params_trigger_ui.py for tasks to queue
[2024-03-16T11:47:34.340+0500] {logging_mixin.py:188} INFO - [2024-03-16T11:47:34.340+0500] {dagbag.py:540} INFO - Filling up the DagBag from /home/muhammadsami/Public/Projects/Airflow/DataPipelineswithApacheAirflow/.env/lib/python3.8/site-packages/airflow/example_dags/example_params_trigger_ui.py
[2024-03-16T11:47:34.351+0500] {processor.py:840} INFO - DAG(s) 'example_params_trigger_ui' retrieved from /home/muhammadsami/Public/Projects/Airflow/DataPipelineswithApacheAirflow/.env/lib/python3.8/site-packages/airflow/example_dags/example_params_trigger_ui.py
[2024-03-16T11:47:34.391+0500] {logging_mixin.py:188} INFO - [2024-03-16T11:47:34.391+0500] {dag.py:3047} INFO - Sync 1 DAGs
[2024-03-16T11:47:34.401+0500] {logging_mixin.py:188} INFO - [2024-03-16T11:47:34.401+0500] {dag.py:3834} INFO - Setting next_dagrun for example_params_trigger_ui to None, run_after=None
[2024-03-16T11:47:34.492+0500] {processor.py:183} INFO - Processing /home/muhammadsami/Public/Projects/Airflow/DataPipelineswithApacheAirflow/.env/lib/python3.8/site-packages/airflow/example_dags/example_params_trigger_ui.py took 0.165 seconds
[2024-03-16T11:48:22.913+0500] {processor.py:161} INFO - Started process (PID=21022) to work on /home/muhammadsami/Public/Projects/Airflow/DataPipelineswithApacheAirflow/.env/lib/python3.8/site-packages/airflow/example_dags/example_params_trigger_ui.py
[2024-03-16T11:48:22.914+0500] {processor.py:830} INFO - Processing file /home/muhammadsami/Public/Projects/Airflow/DataPipelineswithApacheAirflow/.env/lib/python3.8/site-packages/airflow/example_dags/example_params_trigger_ui.py for tasks to queue
[2024-03-16T11:48:22.915+0500] {logging_mixin.py:188} INFO - [2024-03-16T11:48:22.914+0500] {dagbag.py:540} INFO - Filling up the DagBag from /home/muhammadsami/Public/Projects/Airflow/DataPipelineswithApacheAirflow/.env/lib/python3.8/site-packages/airflow/example_dags/example_params_trigger_ui.py
[2024-03-16T11:48:22.927+0500] {processor.py:840} INFO - DAG(s) 'example_params_trigger_ui' retrieved from /home/muhammadsami/Public/Projects/Airflow/DataPipelineswithApacheAirflow/.env/lib/python3.8/site-packages/airflow/example_dags/example_params_trigger_ui.py
[2024-03-16T11:48:22.967+0500] {logging_mixin.py:188} INFO - [2024-03-16T11:48:22.967+0500] {dag.py:3047} INFO - Sync 1 DAGs
[2024-03-16T11:48:22.977+0500] {logging_mixin.py:188} INFO - [2024-03-16T11:48:22.977+0500] {dag.py:3834} INFO - Setting next_dagrun for example_params_trigger_ui to None, run_after=None
[2024-03-16T11:48:23.077+0500] {processor.py:183} INFO - Processing /home/muhammadsami/Public/Projects/Airflow/DataPipelineswithApacheAirflow/.env/lib/python3.8/site-packages/airflow/example_dags/example_params_trigger_ui.py took 0.167 seconds
[2024-03-16T11:49:12.836+0500] {processor.py:161} INFO - Started process (PID=21097) to work on /home/muhammadsami/Public/Projects/Airflow/DataPipelineswithApacheAirflow/.env/lib/python3.8/site-packages/airflow/example_dags/example_params_trigger_ui.py
[2024-03-16T11:49:12.837+0500] {processor.py:830} INFO - Processing file /home/muhammadsami/Public/Projects/Airflow/DataPipelineswithApacheAirflow/.env/lib/python3.8/site-packages/airflow/example_dags/example_params_trigger_ui.py for tasks to queue
[2024-03-16T11:49:12.838+0500] {logging_mixin.py:188} INFO - [2024-03-16T11:49:12.838+0500] {dagbag.py:540} INFO - Filling up the DagBag from /home/muhammadsami/Public/Projects/Airflow/DataPipelineswithApacheAirflow/.env/lib/python3.8/site-packages/airflow/example_dags/example_params_trigger_ui.py
[2024-03-16T11:49:12.850+0500] {processor.py:840} INFO - DAG(s) 'example_params_trigger_ui' retrieved from /home/muhammadsami/Public/Projects/Airflow/DataPipelineswithApacheAirflow/.env/lib/python3.8/site-packages/airflow/example_dags/example_params_trigger_ui.py
[2024-03-16T11:49:12.889+0500] {logging_mixin.py:188} INFO - [2024-03-16T11:49:12.889+0500] {dag.py:3047} INFO - Sync 1 DAGs
[2024-03-16T11:49:12.898+0500] {logging_mixin.py:188} INFO - [2024-03-16T11:49:12.898+0500] {dag.py:3834} INFO - Setting next_dagrun for example_params_trigger_ui to None, run_after=None
[2024-03-16T11:49:12.992+0500] {processor.py:183} INFO - Processing /home/muhammadsami/Public/Projects/Airflow/DataPipelineswithApacheAirflow/.env/lib/python3.8/site-packages/airflow/example_dags/example_params_trigger_ui.py took 0.159 seconds
[2024-03-16T11:50:25.993+0500] {processor.py:161} INFO - Started process (PID=21166) to work on /home/muhammadsami/Public/Projects/Airflow/DataPipelineswithApacheAirflow/.env/lib/python3.8/site-packages/airflow/example_dags/example_params_trigger_ui.py
[2024-03-16T11:50:26.000+0500] {processor.py:830} INFO - Processing file /home/muhammadsami/Public/Projects/Airflow/DataPipelineswithApacheAirflow/.env/lib/python3.8/site-packages/airflow/example_dags/example_params_trigger_ui.py for tasks to queue
[2024-03-16T11:50:26.001+0500] {logging_mixin.py:188} INFO - [2024-03-16T11:50:26.001+0500] {dagbag.py:540} INFO - Filling up the DagBag from /home/muhammadsami/Public/Projects/Airflow/DataPipelineswithApacheAirflow/.env/lib/python3.8/site-packages/airflow/example_dags/example_params_trigger_ui.py
[2024-03-16T11:50:26.012+0500] {processor.py:840} INFO - DAG(s) 'example_params_trigger_ui' retrieved from /home/muhammadsami/Public/Projects/Airflow/DataPipelineswithApacheAirflow/.env/lib/python3.8/site-packages/airflow/example_dags/example_params_trigger_ui.py
[2024-03-16T11:50:26.051+0500] {logging_mixin.py:188} INFO - [2024-03-16T11:50:26.051+0500] {dag.py:3047} INFO - Sync 1 DAGs
[2024-03-16T11:50:26.061+0500] {logging_mixin.py:188} INFO - [2024-03-16T11:50:26.061+0500] {dag.py:3834} INFO - Setting next_dagrun for example_params_trigger_ui to None, run_after=None
[2024-03-16T11:50:26.146+0500] {processor.py:183} INFO - Processing /home/muhammadsami/Public/Projects/Airflow/DataPipelineswithApacheAirflow/.env/lib/python3.8/site-packages/airflow/example_dags/example_params_trigger_ui.py took 0.155 seconds
[2024-03-16T11:51:17.428+0500] {processor.py:161} INFO - Started process (PID=21261) to work on /home/muhammadsami/Public/Projects/Airflow/DataPipelineswithApacheAirflow/.env/lib/python3.8/site-packages/airflow/example_dags/example_params_trigger_ui.py
[2024-03-16T11:51:17.448+0500] {processor.py:830} INFO - Processing file /home/muhammadsami/Public/Projects/Airflow/DataPipelineswithApacheAirflow/.env/lib/python3.8/site-packages/airflow/example_dags/example_params_trigger_ui.py for tasks to queue
[2024-03-16T11:51:17.450+0500] {logging_mixin.py:188} INFO - [2024-03-16T11:51:17.449+0500] {dagbag.py:540} INFO - Filling up the DagBag from /home/muhammadsami/Public/Projects/Airflow/DataPipelineswithApacheAirflow/.env/lib/python3.8/site-packages/airflow/example_dags/example_params_trigger_ui.py
[2024-03-16T11:51:17.470+0500] {processor.py:840} INFO - DAG(s) 'example_params_trigger_ui' retrieved from /home/muhammadsami/Public/Projects/Airflow/DataPipelineswithApacheAirflow/.env/lib/python3.8/site-packages/airflow/example_dags/example_params_trigger_ui.py
[2024-03-16T11:51:17.550+0500] {logging_mixin.py:188} INFO - [2024-03-16T11:51:17.550+0500] {dag.py:3047} INFO - Sync 1 DAGs
[2024-03-16T11:51:17.568+0500] {logging_mixin.py:188} INFO - [2024-03-16T11:51:17.568+0500] {dag.py:3834} INFO - Setting next_dagrun for example_params_trigger_ui to None, run_after=None
[2024-03-16T11:51:17.672+0500] {processor.py:183} INFO - Processing /home/muhammadsami/Public/Projects/Airflow/DataPipelineswithApacheAirflow/.env/lib/python3.8/site-packages/airflow/example_dags/example_params_trigger_ui.py took 0.251 seconds
[2024-03-16T11:52:10.544+0500] {processor.py:161} INFO - Started process (PID=21431) to work on /home/muhammadsami/Public/Projects/Airflow/DataPipelineswithApacheAirflow/.env/lib/python3.8/site-packages/airflow/example_dags/example_params_trigger_ui.py
[2024-03-16T11:52:10.554+0500] {processor.py:830} INFO - Processing file /home/muhammadsami/Public/Projects/Airflow/DataPipelineswithApacheAirflow/.env/lib/python3.8/site-packages/airflow/example_dags/example_params_trigger_ui.py for tasks to queue
[2024-03-16T11:52:10.555+0500] {logging_mixin.py:188} INFO - [2024-03-16T11:52:10.555+0500] {dagbag.py:540} INFO - Filling up the DagBag from /home/muhammadsami/Public/Projects/Airflow/DataPipelineswithApacheAirflow/.env/lib/python3.8/site-packages/airflow/example_dags/example_params_trigger_ui.py
[2024-03-16T11:52:10.567+0500] {processor.py:840} INFO - DAG(s) 'example_params_trigger_ui' retrieved from /home/muhammadsami/Public/Projects/Airflow/DataPipelineswithApacheAirflow/.env/lib/python3.8/site-packages/airflow/example_dags/example_params_trigger_ui.py
[2024-03-16T11:52:10.607+0500] {logging_mixin.py:188} INFO - [2024-03-16T11:52:10.607+0500] {dag.py:3047} INFO - Sync 1 DAGs
[2024-03-16T11:52:10.617+0500] {logging_mixin.py:188} INFO - [2024-03-16T11:52:10.616+0500] {dag.py:3834} INFO - Setting next_dagrun for example_params_trigger_ui to None, run_after=None
[2024-03-16T11:52:10.716+0500] {processor.py:183} INFO - Processing /home/muhammadsami/Public/Projects/Airflow/DataPipelineswithApacheAirflow/.env/lib/python3.8/site-packages/airflow/example_dags/example_params_trigger_ui.py took 0.175 seconds
[2024-03-16T11:53:02.761+0500] {processor.py:161} INFO - Started process (PID=21515) to work on /home/muhammadsami/Public/Projects/Airflow/DataPipelineswithApacheAirflow/.env/lib/python3.8/site-packages/airflow/example_dags/example_params_trigger_ui.py
[2024-03-16T11:53:02.762+0500] {processor.py:830} INFO - Processing file /home/muhammadsami/Public/Projects/Airflow/DataPipelineswithApacheAirflow/.env/lib/python3.8/site-packages/airflow/example_dags/example_params_trigger_ui.py for tasks to queue
[2024-03-16T11:53:02.763+0500] {logging_mixin.py:188} INFO - [2024-03-16T11:53:02.763+0500] {dagbag.py:540} INFO - Filling up the DagBag from /home/muhammadsami/Public/Projects/Airflow/DataPipelineswithApacheAirflow/.env/lib/python3.8/site-packages/airflow/example_dags/example_params_trigger_ui.py
[2024-03-16T11:53:02.776+0500] {processor.py:840} INFO - DAG(s) 'example_params_trigger_ui' retrieved from /home/muhammadsami/Public/Projects/Airflow/DataPipelineswithApacheAirflow/.env/lib/python3.8/site-packages/airflow/example_dags/example_params_trigger_ui.py
[2024-03-16T11:53:02.818+0500] {logging_mixin.py:188} INFO - [2024-03-16T11:53:02.818+0500] {dag.py:3047} INFO - Sync 1 DAGs
[2024-03-16T11:53:02.828+0500] {logging_mixin.py:188} INFO - [2024-03-16T11:53:02.828+0500] {dag.py:3834} INFO - Setting next_dagrun for example_params_trigger_ui to None, run_after=None
[2024-03-16T11:53:02.938+0500] {processor.py:183} INFO - Processing /home/muhammadsami/Public/Projects/Airflow/DataPipelineswithApacheAirflow/.env/lib/python3.8/site-packages/airflow/example_dags/example_params_trigger_ui.py took 0.179 seconds
[2024-03-16T11:53:55.189+0500] {processor.py:161} INFO - Started process (PID=21637) to work on /home/muhammadsami/Public/Projects/Airflow/DataPipelineswithApacheAirflow/.env/lib/python3.8/site-packages/airflow/example_dags/example_params_trigger_ui.py
[2024-03-16T11:53:55.196+0500] {processor.py:830} INFO - Processing file /home/muhammadsami/Public/Projects/Airflow/DataPipelineswithApacheAirflow/.env/lib/python3.8/site-packages/airflow/example_dags/example_params_trigger_ui.py for tasks to queue
[2024-03-16T11:53:55.197+0500] {logging_mixin.py:188} INFO - [2024-03-16T11:53:55.196+0500] {dagbag.py:540} INFO - Filling up the DagBag from /home/muhammadsami/Public/Projects/Airflow/DataPipelineswithApacheAirflow/.env/lib/python3.8/site-packages/airflow/example_dags/example_params_trigger_ui.py
[2024-03-16T11:53:55.209+0500] {processor.py:840} INFO - DAG(s) 'example_params_trigger_ui' retrieved from /home/muhammadsami/Public/Projects/Airflow/DataPipelineswithApacheAirflow/.env/lib/python3.8/site-packages/airflow/example_dags/example_params_trigger_ui.py
[2024-03-16T11:53:55.248+0500] {logging_mixin.py:188} INFO - [2024-03-16T11:53:55.248+0500] {dag.py:3047} INFO - Sync 1 DAGs
[2024-03-16T11:53:55.257+0500] {logging_mixin.py:188} INFO - [2024-03-16T11:53:55.257+0500] {dag.py:3834} INFO - Setting next_dagrun for example_params_trigger_ui to None, run_after=None
[2024-03-16T11:53:55.357+0500] {processor.py:183} INFO - Processing /home/muhammadsami/Public/Projects/Airflow/DataPipelineswithApacheAirflow/.env/lib/python3.8/site-packages/airflow/example_dags/example_params_trigger_ui.py took 0.171 seconds
[2024-03-16T11:54:45.470+0500] {processor.py:161} INFO - Started process (PID=21792) to work on /home/muhammadsami/Public/Projects/Airflow/DataPipelineswithApacheAirflow/.env/lib/python3.8/site-packages/airflow/example_dags/example_params_trigger_ui.py
[2024-03-16T11:54:45.471+0500] {processor.py:830} INFO - Processing file /home/muhammadsami/Public/Projects/Airflow/DataPipelineswithApacheAirflow/.env/lib/python3.8/site-packages/airflow/example_dags/example_params_trigger_ui.py for tasks to queue
[2024-03-16T11:54:45.472+0500] {logging_mixin.py:188} INFO - [2024-03-16T11:54:45.472+0500] {dagbag.py:540} INFO - Filling up the DagBag from /home/muhammadsami/Public/Projects/Airflow/DataPipelineswithApacheAirflow/.env/lib/python3.8/site-packages/airflow/example_dags/example_params_trigger_ui.py
[2024-03-16T11:54:45.487+0500] {processor.py:840} INFO - DAG(s) 'example_params_trigger_ui' retrieved from /home/muhammadsami/Public/Projects/Airflow/DataPipelineswithApacheAirflow/.env/lib/python3.8/site-packages/airflow/example_dags/example_params_trigger_ui.py
[2024-03-16T11:54:45.531+0500] {logging_mixin.py:188} INFO - [2024-03-16T11:54:45.531+0500] {dag.py:3047} INFO - Sync 1 DAGs
[2024-03-16T11:54:45.541+0500] {logging_mixin.py:188} INFO - [2024-03-16T11:54:45.541+0500] {dag.py:3834} INFO - Setting next_dagrun for example_params_trigger_ui to None, run_after=None
[2024-03-16T11:54:45.655+0500] {processor.py:183} INFO - Processing /home/muhammadsami/Public/Projects/Airflow/DataPipelineswithApacheAirflow/.env/lib/python3.8/site-packages/airflow/example_dags/example_params_trigger_ui.py took 0.188 seconds
[2024-03-16T11:55:34.689+0500] {processor.py:161} INFO - Started process (PID=21891) to work on /home/muhammadsami/Public/Projects/Airflow/DataPipelineswithApacheAirflow/.env/lib/python3.8/site-packages/airflow/example_dags/example_params_trigger_ui.py
[2024-03-16T11:55:34.699+0500] {processor.py:830} INFO - Processing file /home/muhammadsami/Public/Projects/Airflow/DataPipelineswithApacheAirflow/.env/lib/python3.8/site-packages/airflow/example_dags/example_params_trigger_ui.py for tasks to queue
[2024-03-16T11:55:34.700+0500] {logging_mixin.py:188} INFO - [2024-03-16T11:55:34.700+0500] {dagbag.py:540} INFO - Filling up the DagBag from /home/muhammadsami/Public/Projects/Airflow/DataPipelineswithApacheAirflow/.env/lib/python3.8/site-packages/airflow/example_dags/example_params_trigger_ui.py
[2024-03-16T11:55:34.712+0500] {processor.py:840} INFO - DAG(s) 'example_params_trigger_ui' retrieved from /home/muhammadsami/Public/Projects/Airflow/DataPipelineswithApacheAirflow/.env/lib/python3.8/site-packages/airflow/example_dags/example_params_trigger_ui.py
[2024-03-16T11:55:34.757+0500] {logging_mixin.py:188} INFO - [2024-03-16T11:55:34.757+0500] {dag.py:3047} INFO - Sync 1 DAGs
[2024-03-16T11:55:34.769+0500] {logging_mixin.py:188} INFO - [2024-03-16T11:55:34.769+0500] {dag.py:3834} INFO - Setting next_dagrun for example_params_trigger_ui to None, run_after=None
[2024-03-16T11:55:34.865+0500] {processor.py:183} INFO - Processing /home/muhammadsami/Public/Projects/Airflow/DataPipelineswithApacheAirflow/.env/lib/python3.8/site-packages/airflow/example_dags/example_params_trigger_ui.py took 0.178 seconds
[2024-03-16T11:56:25.542+0500] {processor.py:161} INFO - Started process (PID=21944) to work on /home/muhammadsami/Public/Projects/Airflow/DataPipelineswithApacheAirflow/.env/lib/python3.8/site-packages/airflow/example_dags/example_params_trigger_ui.py
[2024-03-16T11:56:25.549+0500] {processor.py:830} INFO - Processing file /home/muhammadsami/Public/Projects/Airflow/DataPipelineswithApacheAirflow/.env/lib/python3.8/site-packages/airflow/example_dags/example_params_trigger_ui.py for tasks to queue
[2024-03-16T11:56:25.549+0500] {logging_mixin.py:188} INFO - [2024-03-16T11:56:25.549+0500] {dagbag.py:540} INFO - Filling up the DagBag from /home/muhammadsami/Public/Projects/Airflow/DataPipelineswithApacheAirflow/.env/lib/python3.8/site-packages/airflow/example_dags/example_params_trigger_ui.py
[2024-03-16T11:56:25.561+0500] {processor.py:840} INFO - DAG(s) 'example_params_trigger_ui' retrieved from /home/muhammadsami/Public/Projects/Airflow/DataPipelineswithApacheAirflow/.env/lib/python3.8/site-packages/airflow/example_dags/example_params_trigger_ui.py
[2024-03-16T11:56:25.607+0500] {logging_mixin.py:188} INFO - [2024-03-16T11:56:25.606+0500] {dag.py:3047} INFO - Sync 1 DAGs
[2024-03-16T11:56:25.618+0500] {logging_mixin.py:188} INFO - [2024-03-16T11:56:25.618+0500] {dag.py:3834} INFO - Setting next_dagrun for example_params_trigger_ui to None, run_after=None
[2024-03-16T11:56:25.707+0500] {processor.py:183} INFO - Processing /home/muhammadsami/Public/Projects/Airflow/DataPipelineswithApacheAirflow/.env/lib/python3.8/site-packages/airflow/example_dags/example_params_trigger_ui.py took 0.168 seconds
[2024-03-16T11:57:17.734+0500] {processor.py:161} INFO - Started process (PID=21998) to work on /home/muhammadsami/Public/Projects/Airflow/DataPipelineswithApacheAirflow/.env/lib/python3.8/site-packages/airflow/example_dags/example_params_trigger_ui.py
[2024-03-16T11:57:17.735+0500] {processor.py:830} INFO - Processing file /home/muhammadsami/Public/Projects/Airflow/DataPipelineswithApacheAirflow/.env/lib/python3.8/site-packages/airflow/example_dags/example_params_trigger_ui.py for tasks to queue
[2024-03-16T11:57:17.736+0500] {logging_mixin.py:188} INFO - [2024-03-16T11:57:17.736+0500] {dagbag.py:540} INFO - Filling up the DagBag from /home/muhammadsami/Public/Projects/Airflow/DataPipelineswithApacheAirflow/.env/lib/python3.8/site-packages/airflow/example_dags/example_params_trigger_ui.py
[2024-03-16T11:57:17.749+0500] {processor.py:840} INFO - DAG(s) 'example_params_trigger_ui' retrieved from /home/muhammadsami/Public/Projects/Airflow/DataPipelineswithApacheAirflow/.env/lib/python3.8/site-packages/airflow/example_dags/example_params_trigger_ui.py
[2024-03-16T11:57:17.788+0500] {logging_mixin.py:188} INFO - [2024-03-16T11:57:17.788+0500] {dag.py:3047} INFO - Sync 1 DAGs
[2024-03-16T11:57:17.798+0500] {logging_mixin.py:188} INFO - [2024-03-16T11:57:17.798+0500] {dag.py:3834} INFO - Setting next_dagrun for example_params_trigger_ui to None, run_after=None
[2024-03-16T11:57:17.891+0500] {processor.py:183} INFO - Processing /home/muhammadsami/Public/Projects/Airflow/DataPipelineswithApacheAirflow/.env/lib/python3.8/site-packages/airflow/example_dags/example_params_trigger_ui.py took 0.160 seconds
[2024-03-16T11:58:11.580+0500] {processor.py:161} INFO - Started process (PID=22074) to work on /home/muhammadsami/Public/Projects/Airflow/DataPipelineswithApacheAirflow/.env/lib/python3.8/site-packages/airflow/example_dags/example_params_trigger_ui.py
[2024-03-16T11:58:11.581+0500] {processor.py:830} INFO - Processing file /home/muhammadsami/Public/Projects/Airflow/DataPipelineswithApacheAirflow/.env/lib/python3.8/site-packages/airflow/example_dags/example_params_trigger_ui.py for tasks to queue
[2024-03-16T11:58:11.582+0500] {logging_mixin.py:188} INFO - [2024-03-16T11:58:11.582+0500] {dagbag.py:540} INFO - Filling up the DagBag from /home/muhammadsami/Public/Projects/Airflow/DataPipelineswithApacheAirflow/.env/lib/python3.8/site-packages/airflow/example_dags/example_params_trigger_ui.py
[2024-03-16T11:58:11.603+0500] {processor.py:840} INFO - DAG(s) 'example_params_trigger_ui' retrieved from /home/muhammadsami/Public/Projects/Airflow/DataPipelineswithApacheAirflow/.env/lib/python3.8/site-packages/airflow/example_dags/example_params_trigger_ui.py
[2024-03-16T11:58:11.678+0500] {logging_mixin.py:188} INFO - [2024-03-16T11:58:11.678+0500] {dag.py:3047} INFO - Sync 1 DAGs
[2024-03-16T11:58:11.700+0500] {logging_mixin.py:188} INFO - [2024-03-16T11:58:11.700+0500] {dag.py:3834} INFO - Setting next_dagrun for example_params_trigger_ui to None, run_after=None
[2024-03-16T11:58:11.903+0500] {processor.py:183} INFO - Processing /home/muhammadsami/Public/Projects/Airflow/DataPipelineswithApacheAirflow/.env/lib/python3.8/site-packages/airflow/example_dags/example_params_trigger_ui.py took 0.326 seconds
[2024-03-16T11:59:00.666+0500] {processor.py:161} INFO - Started process (PID=22150) to work on /home/muhammadsami/Public/Projects/Airflow/DataPipelineswithApacheAirflow/.env/lib/python3.8/site-packages/airflow/example_dags/example_params_trigger_ui.py
[2024-03-16T11:59:00.682+0500] {processor.py:830} INFO - Processing file /home/muhammadsami/Public/Projects/Airflow/DataPipelineswithApacheAirflow/.env/lib/python3.8/site-packages/airflow/example_dags/example_params_trigger_ui.py for tasks to queue
[2024-03-16T11:59:00.683+0500] {logging_mixin.py:188} INFO - [2024-03-16T11:59:00.683+0500] {dagbag.py:540} INFO - Filling up the DagBag from /home/muhammadsami/Public/Projects/Airflow/DataPipelineswithApacheAirflow/.env/lib/python3.8/site-packages/airflow/example_dags/example_params_trigger_ui.py
[2024-03-16T11:59:00.694+0500] {processor.py:840} INFO - DAG(s) 'example_params_trigger_ui' retrieved from /home/muhammadsami/Public/Projects/Airflow/DataPipelineswithApacheAirflow/.env/lib/python3.8/site-packages/airflow/example_dags/example_params_trigger_ui.py
[2024-03-16T11:59:00.734+0500] {logging_mixin.py:188} INFO - [2024-03-16T11:59:00.734+0500] {dag.py:3047} INFO - Sync 1 DAGs
[2024-03-16T11:59:00.744+0500] {logging_mixin.py:188} INFO - [2024-03-16T11:59:00.744+0500] {dag.py:3834} INFO - Setting next_dagrun for example_params_trigger_ui to None, run_after=None
[2024-03-16T11:59:00.835+0500] {processor.py:183} INFO - Processing /home/muhammadsami/Public/Projects/Airflow/DataPipelineswithApacheAirflow/.env/lib/python3.8/site-packages/airflow/example_dags/example_params_trigger_ui.py took 0.171 seconds
[2024-03-16T12:00:16.173+0500] {processor.py:161} INFO - Started process (PID=22320) to work on /home/muhammadsami/Public/Projects/Airflow/DataPipelineswithApacheAirflow/.env/lib/python3.8/site-packages/airflow/example_dags/example_params_trigger_ui.py
[2024-03-16T12:00:16.186+0500] {processor.py:830} INFO - Processing file /home/muhammadsami/Public/Projects/Airflow/DataPipelineswithApacheAirflow/.env/lib/python3.8/site-packages/airflow/example_dags/example_params_trigger_ui.py for tasks to queue
[2024-03-16T12:00:16.187+0500] {logging_mixin.py:188} INFO - [2024-03-16T12:00:16.187+0500] {dagbag.py:540} INFO - Filling up the DagBag from /home/muhammadsami/Public/Projects/Airflow/DataPipelineswithApacheAirflow/.env/lib/python3.8/site-packages/airflow/example_dags/example_params_trigger_ui.py
[2024-03-16T12:00:16.198+0500] {processor.py:840} INFO - DAG(s) 'example_params_trigger_ui' retrieved from /home/muhammadsami/Public/Projects/Airflow/DataPipelineswithApacheAirflow/.env/lib/python3.8/site-packages/airflow/example_dags/example_params_trigger_ui.py
[2024-03-16T12:00:16.239+0500] {logging_mixin.py:188} INFO - [2024-03-16T12:00:16.239+0500] {dag.py:3047} INFO - Sync 1 DAGs
[2024-03-16T12:00:16.249+0500] {logging_mixin.py:188} INFO - [2024-03-16T12:00:16.249+0500] {dag.py:3834} INFO - Setting next_dagrun for example_params_trigger_ui to None, run_after=None
[2024-03-16T12:00:16.342+0500] {processor.py:183} INFO - Processing /home/muhammadsami/Public/Projects/Airflow/DataPipelineswithApacheAirflow/.env/lib/python3.8/site-packages/airflow/example_dags/example_params_trigger_ui.py took 0.172 seconds
[2024-03-16T12:01:10.906+0500] {processor.py:161} INFO - Started process (PID=22372) to work on /home/muhammadsami/Public/Projects/Airflow/DataPipelineswithApacheAirflow/.env/lib/python3.8/site-packages/airflow/example_dags/example_params_trigger_ui.py
[2024-03-16T12:01:10.912+0500] {processor.py:830} INFO - Processing file /home/muhammadsami/Public/Projects/Airflow/DataPipelineswithApacheAirflow/.env/lib/python3.8/site-packages/airflow/example_dags/example_params_trigger_ui.py for tasks to queue
[2024-03-16T12:01:10.913+0500] {logging_mixin.py:188} INFO - [2024-03-16T12:01:10.913+0500] {dagbag.py:540} INFO - Filling up the DagBag from /home/muhammadsami/Public/Projects/Airflow/DataPipelineswithApacheAirflow/.env/lib/python3.8/site-packages/airflow/example_dags/example_params_trigger_ui.py
[2024-03-16T12:01:10.925+0500] {processor.py:840} INFO - DAG(s) 'example_params_trigger_ui' retrieved from /home/muhammadsami/Public/Projects/Airflow/DataPipelineswithApacheAirflow/.env/lib/python3.8/site-packages/airflow/example_dags/example_params_trigger_ui.py
[2024-03-16T12:01:10.966+0500] {logging_mixin.py:188} INFO - [2024-03-16T12:01:10.966+0500] {dag.py:3047} INFO - Sync 1 DAGs
[2024-03-16T12:01:10.976+0500] {logging_mixin.py:188} INFO - [2024-03-16T12:01:10.976+0500] {dag.py:3834} INFO - Setting next_dagrun for example_params_trigger_ui to None, run_after=None
[2024-03-16T12:01:11.072+0500] {processor.py:183} INFO - Processing /home/muhammadsami/Public/Projects/Airflow/DataPipelineswithApacheAirflow/.env/lib/python3.8/site-packages/airflow/example_dags/example_params_trigger_ui.py took 0.169 seconds
