[2024-03-16T11:22:37.192+0500] {processor.py:161} INFO - Started process (PID=18102) to work on /home/muhammadsami/Public/Projects/Airflow/DataPipelineswithApacheAirflow/.env/lib/python3.8/site-packages/airflow/example_dags/example_setup_teardown.py
[2024-03-16T11:22:37.195+0500] {processor.py:830} INFO - Processing file /home/muhammadsami/Public/Projects/Airflow/DataPipelineswithApacheAirflow/.env/lib/python3.8/site-packages/airflow/example_dags/example_setup_teardown.py for tasks to queue
[2024-03-16T11:22:37.197+0500] {logging_mixin.py:188} INFO - [2024-03-16T11:22:37.196+0500] {dagbag.py:540} INFO - Filling up the DagBag from /home/muhammadsami/Public/Projects/Airflow/DataPipelineswithApacheAirflow/.env/lib/python3.8/site-packages/airflow/example_dags/example_setup_teardown.py
[2024-03-16T11:22:37.207+0500] {processor.py:840} INFO - DAG(s) 'example_setup_teardown' retrieved from /home/muhammadsami/Public/Projects/Airflow/DataPipelineswithApacheAirflow/.env/lib/python3.8/site-packages/airflow/example_dags/example_setup_teardown.py
[2024-03-16T11:22:39.297+0500] {logging_mixin.py:188} INFO - [2024-03-16T11:22:39.296+0500] {override.py:1769} INFO - Created Permission View: can edit on DAG:example_setup_teardown
[2024-03-16T11:22:39.396+0500] {logging_mixin.py:188} INFO - [2024-03-16T11:22:39.395+0500] {override.py:1769} INFO - Created Permission View: can delete on DAG:example_setup_teardown
[2024-03-16T11:22:39.495+0500] {logging_mixin.py:188} INFO - [2024-03-16T11:22:39.494+0500] {override.py:1769} INFO - Created Permission View: can read on DAG:example_setup_teardown
[2024-03-16T11:22:39.496+0500] {logging_mixin.py:188} INFO - [2024-03-16T11:22:39.496+0500] {dag.py:3047} INFO - Sync 1 DAGs
[2024-03-16T11:22:39.617+0500] {logging_mixin.py:188} INFO - [2024-03-16T11:22:39.617+0500] {dag.py:3069} INFO - Creating ORM DAG for example_setup_teardown
[2024-03-16T11:22:39.707+0500] {logging_mixin.py:188} INFO - [2024-03-16T11:22:39.707+0500] {dag.py:3834} INFO - Setting next_dagrun for example_setup_teardown to 2024-03-15 00:00:00+00:00, run_after=2024-03-16 00:00:00+00:00
[2024-03-16T11:22:39.948+0500] {processor.py:183} INFO - Processing /home/muhammadsami/Public/Projects/Airflow/DataPipelineswithApacheAirflow/.env/lib/python3.8/site-packages/airflow/example_dags/example_setup_teardown.py took 2.760 seconds
[2024-03-16T11:24:02.705+0500] {processor.py:161} INFO - Started process (PID=18454) to work on /home/muhammadsami/Public/Projects/Airflow/DataPipelineswithApacheAirflow/.env/lib/python3.8/site-packages/airflow/example_dags/example_setup_teardown.py
[2024-03-16T11:24:02.707+0500] {processor.py:830} INFO - Processing file /home/muhammadsami/Public/Projects/Airflow/DataPipelineswithApacheAirflow/.env/lib/python3.8/site-packages/airflow/example_dags/example_setup_teardown.py for tasks to queue
[2024-03-16T11:24:02.708+0500] {logging_mixin.py:188} INFO - [2024-03-16T11:24:02.707+0500] {dagbag.py:540} INFO - Filling up the DagBag from /home/muhammadsami/Public/Projects/Airflow/DataPipelineswithApacheAirflow/.env/lib/python3.8/site-packages/airflow/example_dags/example_setup_teardown.py
[2024-03-16T11:24:02.713+0500] {processor.py:840} INFO - DAG(s) 'example_setup_teardown' retrieved from /home/muhammadsami/Public/Projects/Airflow/DataPipelineswithApacheAirflow/.env/lib/python3.8/site-packages/airflow/example_dags/example_setup_teardown.py
[2024-03-16T11:24:02.726+0500] {logging_mixin.py:188} INFO - [2024-03-16T11:24:02.726+0500] {dag.py:3047} INFO - Sync 1 DAGs
[2024-03-16T11:24:02.747+0500] {logging_mixin.py:188} INFO - [2024-03-16T11:24:02.746+0500] {dag.py:3834} INFO - Setting next_dagrun for example_setup_teardown to 2024-03-15 00:00:00+00:00, run_after=2024-03-16 00:00:00+00:00
[2024-03-16T11:24:02.920+0500] {processor.py:183} INFO - Processing /home/muhammadsami/Public/Projects/Airflow/DataPipelineswithApacheAirflow/.env/lib/python3.8/site-packages/airflow/example_dags/example_setup_teardown.py took 0.217 seconds
[2024-03-16T11:24:59.041+0500] {processor.py:161} INFO - Started process (PID=18586) to work on /home/muhammadsami/Public/Projects/Airflow/DataPipelineswithApacheAirflow/.env/lib/python3.8/site-packages/airflow/example_dags/example_setup_teardown.py
[2024-03-16T11:24:59.043+0500] {processor.py:830} INFO - Processing file /home/muhammadsami/Public/Projects/Airflow/DataPipelineswithApacheAirflow/.env/lib/python3.8/site-packages/airflow/example_dags/example_setup_teardown.py for tasks to queue
[2024-03-16T11:24:59.044+0500] {logging_mixin.py:188} INFO - [2024-03-16T11:24:59.043+0500] {dagbag.py:540} INFO - Filling up the DagBag from /home/muhammadsami/Public/Projects/Airflow/DataPipelineswithApacheAirflow/.env/lib/python3.8/site-packages/airflow/example_dags/example_setup_teardown.py
[2024-03-16T11:24:59.052+0500] {processor.py:840} INFO - DAG(s) 'example_setup_teardown' retrieved from /home/muhammadsami/Public/Projects/Airflow/DataPipelineswithApacheAirflow/.env/lib/python3.8/site-packages/airflow/example_dags/example_setup_teardown.py
[2024-03-16T11:24:59.074+0500] {logging_mixin.py:188} INFO - [2024-03-16T11:24:59.073+0500] {dag.py:3047} INFO - Sync 1 DAGs
[2024-03-16T11:24:59.105+0500] {logging_mixin.py:188} INFO - [2024-03-16T11:24:59.105+0500] {dag.py:3834} INFO - Setting next_dagrun for example_setup_teardown to 2024-03-15 00:00:00+00:00, run_after=2024-03-16 00:00:00+00:00
[2024-03-16T11:24:59.211+0500] {processor.py:183} INFO - Processing /home/muhammadsami/Public/Projects/Airflow/DataPipelineswithApacheAirflow/.env/lib/python3.8/site-packages/airflow/example_dags/example_setup_teardown.py took 0.173 seconds
[2024-03-16T11:25:50.913+0500] {processor.py:161} INFO - Started process (PID=18652) to work on /home/muhammadsami/Public/Projects/Airflow/DataPipelineswithApacheAirflow/.env/lib/python3.8/site-packages/airflow/example_dags/example_setup_teardown.py
[2024-03-16T11:25:50.915+0500] {processor.py:830} INFO - Processing file /home/muhammadsami/Public/Projects/Airflow/DataPipelineswithApacheAirflow/.env/lib/python3.8/site-packages/airflow/example_dags/example_setup_teardown.py for tasks to queue
[2024-03-16T11:25:50.915+0500] {logging_mixin.py:188} INFO - [2024-03-16T11:25:50.915+0500] {dagbag.py:540} INFO - Filling up the DagBag from /home/muhammadsami/Public/Projects/Airflow/DataPipelineswithApacheAirflow/.env/lib/python3.8/site-packages/airflow/example_dags/example_setup_teardown.py
[2024-03-16T11:25:50.922+0500] {processor.py:840} INFO - DAG(s) 'example_setup_teardown' retrieved from /home/muhammadsami/Public/Projects/Airflow/DataPipelineswithApacheAirflow/.env/lib/python3.8/site-packages/airflow/example_dags/example_setup_teardown.py
[2024-03-16T11:25:50.936+0500] {logging_mixin.py:188} INFO - [2024-03-16T11:25:50.935+0500] {dag.py:3047} INFO - Sync 1 DAGs
[2024-03-16T11:25:50.953+0500] {logging_mixin.py:188} INFO - [2024-03-16T11:25:50.953+0500] {dag.py:3834} INFO - Setting next_dagrun for example_setup_teardown to 2024-03-15 00:00:00+00:00, run_after=2024-03-16 00:00:00+00:00
[2024-03-16T11:25:51.066+0500] {processor.py:183} INFO - Processing /home/muhammadsami/Public/Projects/Airflow/DataPipelineswithApacheAirflow/.env/lib/python3.8/site-packages/airflow/example_dags/example_setup_teardown.py took 0.155 seconds
[2024-03-16T11:26:41.834+0500] {processor.py:161} INFO - Started process (PID=18734) to work on /home/muhammadsami/Public/Projects/Airflow/DataPipelineswithApacheAirflow/.env/lib/python3.8/site-packages/airflow/example_dags/example_setup_teardown.py
[2024-03-16T11:26:41.835+0500] {processor.py:830} INFO - Processing file /home/muhammadsami/Public/Projects/Airflow/DataPipelineswithApacheAirflow/.env/lib/python3.8/site-packages/airflow/example_dags/example_setup_teardown.py for tasks to queue
[2024-03-16T11:26:41.836+0500] {logging_mixin.py:188} INFO - [2024-03-16T11:26:41.836+0500] {dagbag.py:540} INFO - Filling up the DagBag from /home/muhammadsami/Public/Projects/Airflow/DataPipelineswithApacheAirflow/.env/lib/python3.8/site-packages/airflow/example_dags/example_setup_teardown.py
[2024-03-16T11:26:41.844+0500] {processor.py:840} INFO - DAG(s) 'example_setup_teardown' retrieved from /home/muhammadsami/Public/Projects/Airflow/DataPipelineswithApacheAirflow/.env/lib/python3.8/site-packages/airflow/example_dags/example_setup_teardown.py
[2024-03-16T11:26:41.859+0500] {logging_mixin.py:188} INFO - [2024-03-16T11:26:41.859+0500] {dag.py:3047} INFO - Sync 1 DAGs
[2024-03-16T11:26:41.877+0500] {logging_mixin.py:188} INFO - [2024-03-16T11:26:41.877+0500] {dag.py:3834} INFO - Setting next_dagrun for example_setup_teardown to 2024-03-15 00:00:00+00:00, run_after=2024-03-16 00:00:00+00:00
[2024-03-16T11:26:41.983+0500] {processor.py:183} INFO - Processing /home/muhammadsami/Public/Projects/Airflow/DataPipelineswithApacheAirflow/.env/lib/python3.8/site-packages/airflow/example_dags/example_setup_teardown.py took 0.152 seconds
[2024-03-16T11:27:31.572+0500] {processor.py:161} INFO - Started process (PID=18786) to work on /home/muhammadsami/Public/Projects/Airflow/DataPipelineswithApacheAirflow/.env/lib/python3.8/site-packages/airflow/example_dags/example_setup_teardown.py
[2024-03-16T11:27:31.574+0500] {processor.py:830} INFO - Processing file /home/muhammadsami/Public/Projects/Airflow/DataPipelineswithApacheAirflow/.env/lib/python3.8/site-packages/airflow/example_dags/example_setup_teardown.py for tasks to queue
[2024-03-16T11:27:31.575+0500] {logging_mixin.py:188} INFO - [2024-03-16T11:27:31.575+0500] {dagbag.py:540} INFO - Filling up the DagBag from /home/muhammadsami/Public/Projects/Airflow/DataPipelineswithApacheAirflow/.env/lib/python3.8/site-packages/airflow/example_dags/example_setup_teardown.py
[2024-03-16T11:27:31.582+0500] {processor.py:840} INFO - DAG(s) 'example_setup_teardown' retrieved from /home/muhammadsami/Public/Projects/Airflow/DataPipelineswithApacheAirflow/.env/lib/python3.8/site-packages/airflow/example_dags/example_setup_teardown.py
[2024-03-16T11:27:31.595+0500] {logging_mixin.py:188} INFO - [2024-03-16T11:27:31.595+0500] {dag.py:3047} INFO - Sync 1 DAGs
[2024-03-16T11:27:31.614+0500] {logging_mixin.py:188} INFO - [2024-03-16T11:27:31.613+0500] {dag.py:3834} INFO - Setting next_dagrun for example_setup_teardown to 2024-03-15 00:00:00+00:00, run_after=2024-03-16 00:00:00+00:00
[2024-03-16T11:27:31.770+0500] {processor.py:183} INFO - Processing /home/muhammadsami/Public/Projects/Airflow/DataPipelineswithApacheAirflow/.env/lib/python3.8/site-packages/airflow/example_dags/example_setup_teardown.py took 0.200 seconds
[2024-03-16T11:28:18.599+0500] {processor.py:161} INFO - Started process (PID=18830) to work on /home/muhammadsami/Public/Projects/Airflow/DataPipelineswithApacheAirflow/.env/lib/python3.8/site-packages/airflow/example_dags/example_setup_teardown.py
[2024-03-16T11:28:18.601+0500] {processor.py:830} INFO - Processing file /home/muhammadsami/Public/Projects/Airflow/DataPipelineswithApacheAirflow/.env/lib/python3.8/site-packages/airflow/example_dags/example_setup_teardown.py for tasks to queue
[2024-03-16T11:28:18.602+0500] {logging_mixin.py:188} INFO - [2024-03-16T11:28:18.601+0500] {dagbag.py:540} INFO - Filling up the DagBag from /home/muhammadsami/Public/Projects/Airflow/DataPipelineswithApacheAirflow/.env/lib/python3.8/site-packages/airflow/example_dags/example_setup_teardown.py
[2024-03-16T11:28:18.610+0500] {processor.py:840} INFO - DAG(s) 'example_setup_teardown' retrieved from /home/muhammadsami/Public/Projects/Airflow/DataPipelineswithApacheAirflow/.env/lib/python3.8/site-packages/airflow/example_dags/example_setup_teardown.py
[2024-03-16T11:28:18.625+0500] {logging_mixin.py:188} INFO - [2024-03-16T11:28:18.625+0500] {dag.py:3047} INFO - Sync 1 DAGs
[2024-03-16T11:28:18.642+0500] {logging_mixin.py:188} INFO - [2024-03-16T11:28:18.642+0500] {dag.py:3834} INFO - Setting next_dagrun for example_setup_teardown to 2024-03-15 00:00:00+00:00, run_after=2024-03-16 00:00:00+00:00
[2024-03-16T11:28:18.743+0500] {processor.py:183} INFO - Processing /home/muhammadsami/Public/Projects/Airflow/DataPipelineswithApacheAirflow/.env/lib/python3.8/site-packages/airflow/example_dags/example_setup_teardown.py took 0.146 seconds
[2024-03-16T11:29:06.458+0500] {processor.py:161} INFO - Started process (PID=18898) to work on /home/muhammadsami/Public/Projects/Airflow/DataPipelineswithApacheAirflow/.env/lib/python3.8/site-packages/airflow/example_dags/example_setup_teardown.py
[2024-03-16T11:29:06.525+0500] {processor.py:830} INFO - Processing file /home/muhammadsami/Public/Projects/Airflow/DataPipelineswithApacheAirflow/.env/lib/python3.8/site-packages/airflow/example_dags/example_setup_teardown.py for tasks to queue
[2024-03-16T11:29:06.526+0500] {logging_mixin.py:188} INFO - [2024-03-16T11:29:06.525+0500] {dagbag.py:540} INFO - Filling up the DagBag from /home/muhammadsami/Public/Projects/Airflow/DataPipelineswithApacheAirflow/.env/lib/python3.8/site-packages/airflow/example_dags/example_setup_teardown.py
[2024-03-16T11:29:06.531+0500] {processor.py:840} INFO - DAG(s) 'example_setup_teardown' retrieved from /home/muhammadsami/Public/Projects/Airflow/DataPipelineswithApacheAirflow/.env/lib/python3.8/site-packages/airflow/example_dags/example_setup_teardown.py
[2024-03-16T11:29:06.545+0500] {logging_mixin.py:188} INFO - [2024-03-16T11:29:06.544+0500] {dag.py:3047} INFO - Sync 1 DAGs
[2024-03-16T11:29:06.562+0500] {logging_mixin.py:188} INFO - [2024-03-16T11:29:06.562+0500] {dag.py:3834} INFO - Setting next_dagrun for example_setup_teardown to 2024-03-15 00:00:00+00:00, run_after=2024-03-16 00:00:00+00:00
[2024-03-16T11:29:06.673+0500] {processor.py:183} INFO - Processing /home/muhammadsami/Public/Projects/Airflow/DataPipelineswithApacheAirflow/.env/lib/python3.8/site-packages/airflow/example_dags/example_setup_teardown.py took 0.217 seconds
[2024-03-16T11:29:55.939+0500] {processor.py:161} INFO - Started process (PID=18952) to work on /home/muhammadsami/Public/Projects/Airflow/DataPipelineswithApacheAirflow/.env/lib/python3.8/site-packages/airflow/example_dags/example_setup_teardown.py
[2024-03-16T11:29:55.956+0500] {processor.py:830} INFO - Processing file /home/muhammadsami/Public/Projects/Airflow/DataPipelineswithApacheAirflow/.env/lib/python3.8/site-packages/airflow/example_dags/example_setup_teardown.py for tasks to queue
[2024-03-16T11:29:55.957+0500] {logging_mixin.py:188} INFO - [2024-03-16T11:29:55.957+0500] {dagbag.py:540} INFO - Filling up the DagBag from /home/muhammadsami/Public/Projects/Airflow/DataPipelineswithApacheAirflow/.env/lib/python3.8/site-packages/airflow/example_dags/example_setup_teardown.py
[2024-03-16T11:29:55.963+0500] {processor.py:840} INFO - DAG(s) 'example_setup_teardown' retrieved from /home/muhammadsami/Public/Projects/Airflow/DataPipelineswithApacheAirflow/.env/lib/python3.8/site-packages/airflow/example_dags/example_setup_teardown.py
[2024-03-16T11:29:55.976+0500] {logging_mixin.py:188} INFO - [2024-03-16T11:29:55.975+0500] {dag.py:3047} INFO - Sync 1 DAGs
[2024-03-16T11:29:55.993+0500] {logging_mixin.py:188} INFO - [2024-03-16T11:29:55.993+0500] {dag.py:3834} INFO - Setting next_dagrun for example_setup_teardown to 2024-03-15 00:00:00+00:00, run_after=2024-03-16 00:00:00+00:00
[2024-03-16T11:29:56.081+0500] {processor.py:183} INFO - Processing /home/muhammadsami/Public/Projects/Airflow/DataPipelineswithApacheAirflow/.env/lib/python3.8/site-packages/airflow/example_dags/example_setup_teardown.py took 0.145 seconds
[2024-03-16T11:30:48.320+0500] {processor.py:161} INFO - Started process (PID=19013) to work on /home/muhammadsami/Public/Projects/Airflow/DataPipelineswithApacheAirflow/.env/lib/python3.8/site-packages/airflow/example_dags/example_setup_teardown.py
[2024-03-16T11:30:48.321+0500] {processor.py:830} INFO - Processing file /home/muhammadsami/Public/Projects/Airflow/DataPipelineswithApacheAirflow/.env/lib/python3.8/site-packages/airflow/example_dags/example_setup_teardown.py for tasks to queue
[2024-03-16T11:30:48.323+0500] {logging_mixin.py:188} INFO - [2024-03-16T11:30:48.322+0500] {dagbag.py:540} INFO - Filling up the DagBag from /home/muhammadsami/Public/Projects/Airflow/DataPipelineswithApacheAirflow/.env/lib/python3.8/site-packages/airflow/example_dags/example_setup_teardown.py
[2024-03-16T11:30:48.331+0500] {processor.py:840} INFO - DAG(s) 'example_setup_teardown' retrieved from /home/muhammadsami/Public/Projects/Airflow/DataPipelineswithApacheAirflow/.env/lib/python3.8/site-packages/airflow/example_dags/example_setup_teardown.py
[2024-03-16T11:30:48.346+0500] {logging_mixin.py:188} INFO - [2024-03-16T11:30:48.346+0500] {dag.py:3047} INFO - Sync 1 DAGs
[2024-03-16T11:30:48.364+0500] {logging_mixin.py:188} INFO - [2024-03-16T11:30:48.364+0500] {dag.py:3834} INFO - Setting next_dagrun for example_setup_teardown to 2024-03-15 00:00:00+00:00, run_after=2024-03-16 00:00:00+00:00
[2024-03-16T11:30:48.457+0500] {processor.py:183} INFO - Processing /home/muhammadsami/Public/Projects/Airflow/DataPipelineswithApacheAirflow/.env/lib/python3.8/site-packages/airflow/example_dags/example_setup_teardown.py took 0.140 seconds
[2024-03-16T11:38:53.837+0500] {processor.py:161} INFO - Started process (PID=19547) to work on /home/muhammadsami/Public/Projects/Airflow/DataPipelineswithApacheAirflow/.env/lib/python3.8/site-packages/airflow/example_dags/example_setup_teardown.py
[2024-03-16T11:38:53.838+0500] {processor.py:830} INFO - Processing file /home/muhammadsami/Public/Projects/Airflow/DataPipelineswithApacheAirflow/.env/lib/python3.8/site-packages/airflow/example_dags/example_setup_teardown.py for tasks to queue
[2024-03-16T11:38:53.839+0500] {logging_mixin.py:188} INFO - [2024-03-16T11:38:53.839+0500] {dagbag.py:540} INFO - Filling up the DagBag from /home/muhammadsami/Public/Projects/Airflow/DataPipelineswithApacheAirflow/.env/lib/python3.8/site-packages/airflow/example_dags/example_setup_teardown.py
[2024-03-16T11:38:53.845+0500] {processor.py:840} INFO - DAG(s) 'example_setup_teardown' retrieved from /home/muhammadsami/Public/Projects/Airflow/DataPipelineswithApacheAirflow/.env/lib/python3.8/site-packages/airflow/example_dags/example_setup_teardown.py
[2024-03-16T11:38:53.859+0500] {logging_mixin.py:188} INFO - [2024-03-16T11:38:53.859+0500] {dag.py:3047} INFO - Sync 1 DAGs
[2024-03-16T11:38:53.877+0500] {logging_mixin.py:188} INFO - [2024-03-16T11:38:53.877+0500] {dag.py:3834} INFO - Setting next_dagrun for example_setup_teardown to 2024-03-15 00:00:00+00:00, run_after=2024-03-16 00:00:00+00:00
[2024-03-16T11:38:54.025+0500] {processor.py:183} INFO - Processing /home/muhammadsami/Public/Projects/Airflow/DataPipelineswithApacheAirflow/.env/lib/python3.8/site-packages/airflow/example_dags/example_setup_teardown.py took 0.190 seconds
[2024-03-16T11:39:58.551+0500] {processor.py:161} INFO - Started process (PID=19874) to work on /home/muhammadsami/Public/Projects/Airflow/DataPipelineswithApacheAirflow/.env/lib/python3.8/site-packages/airflow/example_dags/example_setup_teardown.py
[2024-03-16T11:39:58.553+0500] {processor.py:830} INFO - Processing file /home/muhammadsami/Public/Projects/Airflow/DataPipelineswithApacheAirflow/.env/lib/python3.8/site-packages/airflow/example_dags/example_setup_teardown.py for tasks to queue
[2024-03-16T11:39:58.554+0500] {logging_mixin.py:188} INFO - [2024-03-16T11:39:58.553+0500] {dagbag.py:540} INFO - Filling up the DagBag from /home/muhammadsami/Public/Projects/Airflow/DataPipelineswithApacheAirflow/.env/lib/python3.8/site-packages/airflow/example_dags/example_setup_teardown.py
[2024-03-16T11:39:58.562+0500] {processor.py:840} INFO - DAG(s) 'example_setup_teardown' retrieved from /home/muhammadsami/Public/Projects/Airflow/DataPipelineswithApacheAirflow/.env/lib/python3.8/site-packages/airflow/example_dags/example_setup_teardown.py
[2024-03-16T11:39:58.580+0500] {logging_mixin.py:188} INFO - [2024-03-16T11:39:58.579+0500] {dag.py:3047} INFO - Sync 1 DAGs
[2024-03-16T11:39:58.605+0500] {logging_mixin.py:188} INFO - [2024-03-16T11:39:58.604+0500] {dag.py:3834} INFO - Setting next_dagrun for example_setup_teardown to 2024-03-15 00:00:00+00:00, run_after=2024-03-16 00:00:00+00:00
[2024-03-16T11:39:58.824+0500] {processor.py:183} INFO - Processing /home/muhammadsami/Public/Projects/Airflow/DataPipelineswithApacheAirflow/.env/lib/python3.8/site-packages/airflow/example_dags/example_setup_teardown.py took 0.274 seconds
[2024-03-16T11:41:11.337+0500] {processor.py:161} INFO - Started process (PID=20172) to work on /home/muhammadsami/Public/Projects/Airflow/DataPipelineswithApacheAirflow/.env/lib/python3.8/site-packages/airflow/example_dags/example_setup_teardown.py
[2024-03-16T11:41:11.339+0500] {processor.py:830} INFO - Processing file /home/muhammadsami/Public/Projects/Airflow/DataPipelineswithApacheAirflow/.env/lib/python3.8/site-packages/airflow/example_dags/example_setup_teardown.py for tasks to queue
[2024-03-16T11:41:11.340+0500] {logging_mixin.py:188} INFO - [2024-03-16T11:41:11.340+0500] {dagbag.py:540} INFO - Filling up the DagBag from /home/muhammadsami/Public/Projects/Airflow/DataPipelineswithApacheAirflow/.env/lib/python3.8/site-packages/airflow/example_dags/example_setup_teardown.py
[2024-03-16T11:41:11.348+0500] {processor.py:840} INFO - DAG(s) 'example_setup_teardown' retrieved from /home/muhammadsami/Public/Projects/Airflow/DataPipelineswithApacheAirflow/.env/lib/python3.8/site-packages/airflow/example_dags/example_setup_teardown.py
[2024-03-16T11:41:11.370+0500] {logging_mixin.py:188} INFO - [2024-03-16T11:41:11.369+0500] {dag.py:3047} INFO - Sync 1 DAGs
[2024-03-16T11:41:11.393+0500] {logging_mixin.py:188} INFO - [2024-03-16T11:41:11.393+0500] {dag.py:3834} INFO - Setting next_dagrun for example_setup_teardown to 2024-03-15 00:00:00+00:00, run_after=2024-03-16 00:00:00+00:00
[2024-03-16T11:41:11.492+0500] {processor.py:183} INFO - Processing /home/muhammadsami/Public/Projects/Airflow/DataPipelineswithApacheAirflow/.env/lib/python3.8/site-packages/airflow/example_dags/example_setup_teardown.py took 0.158 seconds
[2024-03-16T11:42:16.819+0500] {processor.py:161} INFO - Started process (PID=20243) to work on /home/muhammadsami/Public/Projects/Airflow/DataPipelineswithApacheAirflow/.env/lib/python3.8/site-packages/airflow/example_dags/example_setup_teardown.py
[2024-03-16T11:42:16.820+0500] {processor.py:830} INFO - Processing file /home/muhammadsami/Public/Projects/Airflow/DataPipelineswithApacheAirflow/.env/lib/python3.8/site-packages/airflow/example_dags/example_setup_teardown.py for tasks to queue
[2024-03-16T11:42:16.821+0500] {logging_mixin.py:188} INFO - [2024-03-16T11:42:16.821+0500] {dagbag.py:540} INFO - Filling up the DagBag from /home/muhammadsami/Public/Projects/Airflow/DataPipelineswithApacheAirflow/.env/lib/python3.8/site-packages/airflow/example_dags/example_setup_teardown.py
[2024-03-16T11:42:16.829+0500] {processor.py:840} INFO - DAG(s) 'example_setup_teardown' retrieved from /home/muhammadsami/Public/Projects/Airflow/DataPipelineswithApacheAirflow/.env/lib/python3.8/site-packages/airflow/example_dags/example_setup_teardown.py
[2024-03-16T11:42:16.843+0500] {logging_mixin.py:188} INFO - [2024-03-16T11:42:16.842+0500] {dag.py:3047} INFO - Sync 1 DAGs
[2024-03-16T11:42:16.860+0500] {logging_mixin.py:188} INFO - [2024-03-16T11:42:16.860+0500] {dag.py:3834} INFO - Setting next_dagrun for example_setup_teardown to 2024-03-15 00:00:00+00:00, run_after=2024-03-16 00:00:00+00:00
[2024-03-16T11:42:16.957+0500] {processor.py:183} INFO - Processing /home/muhammadsami/Public/Projects/Airflow/DataPipelineswithApacheAirflow/.env/lib/python3.8/site-packages/airflow/example_dags/example_setup_teardown.py took 0.140 seconds
[2024-03-16T11:43:12.068+0500] {processor.py:161} INFO - Started process (PID=20304) to work on /home/muhammadsami/Public/Projects/Airflow/DataPipelineswithApacheAirflow/.env/lib/python3.8/site-packages/airflow/example_dags/example_setup_teardown.py
[2024-03-16T11:43:12.070+0500] {processor.py:830} INFO - Processing file /home/muhammadsami/Public/Projects/Airflow/DataPipelineswithApacheAirflow/.env/lib/python3.8/site-packages/airflow/example_dags/example_setup_teardown.py for tasks to queue
[2024-03-16T11:43:12.071+0500] {logging_mixin.py:188} INFO - [2024-03-16T11:43:12.070+0500] {dagbag.py:540} INFO - Filling up the DagBag from /home/muhammadsami/Public/Projects/Airflow/DataPipelineswithApacheAirflow/.env/lib/python3.8/site-packages/airflow/example_dags/example_setup_teardown.py
[2024-03-16T11:43:12.077+0500] {processor.py:840} INFO - DAG(s) 'example_setup_teardown' retrieved from /home/muhammadsami/Public/Projects/Airflow/DataPipelineswithApacheAirflow/.env/lib/python3.8/site-packages/airflow/example_dags/example_setup_teardown.py
[2024-03-16T11:43:12.091+0500] {logging_mixin.py:188} INFO - [2024-03-16T11:43:12.091+0500] {dag.py:3047} INFO - Sync 1 DAGs
[2024-03-16T11:43:12.107+0500] {logging_mixin.py:188} INFO - [2024-03-16T11:43:12.107+0500] {dag.py:3834} INFO - Setting next_dagrun for example_setup_teardown to 2024-03-15 00:00:00+00:00, run_after=2024-03-16 00:00:00+00:00
[2024-03-16T11:43:12.213+0500] {processor.py:183} INFO - Processing /home/muhammadsami/Public/Projects/Airflow/DataPipelineswithApacheAirflow/.env/lib/python3.8/site-packages/airflow/example_dags/example_setup_teardown.py took 0.147 seconds
[2024-03-16T11:44:03.602+0500] {processor.py:161} INFO - Started process (PID=20382) to work on /home/muhammadsami/Public/Projects/Airflow/DataPipelineswithApacheAirflow/.env/lib/python3.8/site-packages/airflow/example_dags/example_setup_teardown.py
[2024-03-16T11:44:03.604+0500] {processor.py:830} INFO - Processing file /home/muhammadsami/Public/Projects/Airflow/DataPipelineswithApacheAirflow/.env/lib/python3.8/site-packages/airflow/example_dags/example_setup_teardown.py for tasks to queue
[2024-03-16T11:44:03.605+0500] {logging_mixin.py:188} INFO - [2024-03-16T11:44:03.605+0500] {dagbag.py:540} INFO - Filling up the DagBag from /home/muhammadsami/Public/Projects/Airflow/DataPipelineswithApacheAirflow/.env/lib/python3.8/site-packages/airflow/example_dags/example_setup_teardown.py
[2024-03-16T11:44:03.612+0500] {processor.py:840} INFO - DAG(s) 'example_setup_teardown' retrieved from /home/muhammadsami/Public/Projects/Airflow/DataPipelineswithApacheAirflow/.env/lib/python3.8/site-packages/airflow/example_dags/example_setup_teardown.py
[2024-03-16T11:44:03.625+0500] {logging_mixin.py:188} INFO - [2024-03-16T11:44:03.625+0500] {dag.py:3047} INFO - Sync 1 DAGs
[2024-03-16T11:44:03.642+0500] {logging_mixin.py:188} INFO - [2024-03-16T11:44:03.642+0500] {dag.py:3834} INFO - Setting next_dagrun for example_setup_teardown to 2024-03-15 00:00:00+00:00, run_after=2024-03-16 00:00:00+00:00
[2024-03-16T11:44:03.807+0500] {processor.py:183} INFO - Processing /home/muhammadsami/Public/Projects/Airflow/DataPipelineswithApacheAirflow/.env/lib/python3.8/site-packages/airflow/example_dags/example_setup_teardown.py took 0.208 seconds
[2024-03-16T11:45:05.435+0500] {processor.py:161} INFO - Started process (PID=20661) to work on /home/muhammadsami/Public/Projects/Airflow/DataPipelineswithApacheAirflow/.env/lib/python3.8/site-packages/airflow/example_dags/example_setup_teardown.py
[2024-03-16T11:45:05.444+0500] {processor.py:830} INFO - Processing file /home/muhammadsami/Public/Projects/Airflow/DataPipelineswithApacheAirflow/.env/lib/python3.8/site-packages/airflow/example_dags/example_setup_teardown.py for tasks to queue
[2024-03-16T11:45:05.445+0500] {logging_mixin.py:188} INFO - [2024-03-16T11:45:05.445+0500] {dagbag.py:540} INFO - Filling up the DagBag from /home/muhammadsami/Public/Projects/Airflow/DataPipelineswithApacheAirflow/.env/lib/python3.8/site-packages/airflow/example_dags/example_setup_teardown.py
[2024-03-16T11:45:05.453+0500] {processor.py:840} INFO - DAG(s) 'example_setup_teardown' retrieved from /home/muhammadsami/Public/Projects/Airflow/DataPipelineswithApacheAirflow/.env/lib/python3.8/site-packages/airflow/example_dags/example_setup_teardown.py
[2024-03-16T11:45:05.555+0500] {logging_mixin.py:188} INFO - [2024-03-16T11:45:05.555+0500] {dag.py:3047} INFO - Sync 1 DAGs
[2024-03-16T11:45:05.605+0500] {logging_mixin.py:188} INFO - [2024-03-16T11:45:05.605+0500] {dag.py:3834} INFO - Setting next_dagrun for example_setup_teardown to 2024-03-15 00:00:00+00:00, run_after=2024-03-16 00:00:00+00:00
[2024-03-16T11:45:05.717+0500] {processor.py:183} INFO - Processing /home/muhammadsami/Public/Projects/Airflow/DataPipelineswithApacheAirflow/.env/lib/python3.8/site-packages/airflow/example_dags/example_setup_teardown.py took 0.284 seconds
[2024-03-16T11:46:08.897+0500] {processor.py:161} INFO - Started process (PID=20859) to work on /home/muhammadsami/Public/Projects/Airflow/DataPipelineswithApacheAirflow/.env/lib/python3.8/site-packages/airflow/example_dags/example_setup_teardown.py
[2024-03-16T11:46:08.899+0500] {processor.py:830} INFO - Processing file /home/muhammadsami/Public/Projects/Airflow/DataPipelineswithApacheAirflow/.env/lib/python3.8/site-packages/airflow/example_dags/example_setup_teardown.py for tasks to queue
[2024-03-16T11:46:08.899+0500] {logging_mixin.py:188} INFO - [2024-03-16T11:46:08.899+0500] {dagbag.py:540} INFO - Filling up the DagBag from /home/muhammadsami/Public/Projects/Airflow/DataPipelineswithApacheAirflow/.env/lib/python3.8/site-packages/airflow/example_dags/example_setup_teardown.py
[2024-03-16T11:46:08.911+0500] {processor.py:840} INFO - DAG(s) 'example_setup_teardown' retrieved from /home/muhammadsami/Public/Projects/Airflow/DataPipelineswithApacheAirflow/.env/lib/python3.8/site-packages/airflow/example_dags/example_setup_teardown.py
[2024-03-16T11:46:08.931+0500] {logging_mixin.py:188} INFO - [2024-03-16T11:46:08.930+0500] {dag.py:3047} INFO - Sync 1 DAGs
[2024-03-16T11:46:08.951+0500] {logging_mixin.py:188} INFO - [2024-03-16T11:46:08.951+0500] {dag.py:3834} INFO - Setting next_dagrun for example_setup_teardown to 2024-03-15 00:00:00+00:00, run_after=2024-03-16 00:00:00+00:00
[2024-03-16T11:46:09.057+0500] {processor.py:183} INFO - Processing /home/muhammadsami/Public/Projects/Airflow/DataPipelineswithApacheAirflow/.env/lib/python3.8/site-packages/airflow/example_dags/example_setup_teardown.py took 0.162 seconds
[2024-03-16T11:47:00.305+0500] {processor.py:161} INFO - Started process (PID=20912) to work on /home/muhammadsami/Public/Projects/Airflow/DataPipelineswithApacheAirflow/.env/lib/python3.8/site-packages/airflow/example_dags/example_setup_teardown.py
[2024-03-16T11:47:00.306+0500] {processor.py:830} INFO - Processing file /home/muhammadsami/Public/Projects/Airflow/DataPipelineswithApacheAirflow/.env/lib/python3.8/site-packages/airflow/example_dags/example_setup_teardown.py for tasks to queue
[2024-03-16T11:47:00.307+0500] {logging_mixin.py:188} INFO - [2024-03-16T11:47:00.307+0500] {dagbag.py:540} INFO - Filling up the DagBag from /home/muhammadsami/Public/Projects/Airflow/DataPipelineswithApacheAirflow/.env/lib/python3.8/site-packages/airflow/example_dags/example_setup_teardown.py
[2024-03-16T11:47:00.315+0500] {processor.py:840} INFO - DAG(s) 'example_setup_teardown' retrieved from /home/muhammadsami/Public/Projects/Airflow/DataPipelineswithApacheAirflow/.env/lib/python3.8/site-packages/airflow/example_dags/example_setup_teardown.py
[2024-03-16T11:47:00.328+0500] {logging_mixin.py:188} INFO - [2024-03-16T11:47:00.328+0500] {dag.py:3047} INFO - Sync 1 DAGs
[2024-03-16T11:47:00.346+0500] {logging_mixin.py:188} INFO - [2024-03-16T11:47:00.345+0500] {dag.py:3834} INFO - Setting next_dagrun for example_setup_teardown to 2024-03-15 00:00:00+00:00, run_after=2024-03-16 00:00:00+00:00
[2024-03-16T11:47:00.461+0500] {processor.py:183} INFO - Processing /home/muhammadsami/Public/Projects/Airflow/DataPipelineswithApacheAirflow/.env/lib/python3.8/site-packages/airflow/example_dags/example_setup_teardown.py took 0.158 seconds
[2024-03-16T11:47:51.832+0500] {processor.py:161} INFO - Started process (PID=20990) to work on /home/muhammadsami/Public/Projects/Airflow/DataPipelineswithApacheAirflow/.env/lib/python3.8/site-packages/airflow/example_dags/example_setup_teardown.py
[2024-03-16T11:47:51.834+0500] {processor.py:830} INFO - Processing file /home/muhammadsami/Public/Projects/Airflow/DataPipelineswithApacheAirflow/.env/lib/python3.8/site-packages/airflow/example_dags/example_setup_teardown.py for tasks to queue
[2024-03-16T11:47:51.835+0500] {logging_mixin.py:188} INFO - [2024-03-16T11:47:51.834+0500] {dagbag.py:540} INFO - Filling up the DagBag from /home/muhammadsami/Public/Projects/Airflow/DataPipelineswithApacheAirflow/.env/lib/python3.8/site-packages/airflow/example_dags/example_setup_teardown.py
[2024-03-16T11:47:51.842+0500] {processor.py:840} INFO - DAG(s) 'example_setup_teardown' retrieved from /home/muhammadsami/Public/Projects/Airflow/DataPipelineswithApacheAirflow/.env/lib/python3.8/site-packages/airflow/example_dags/example_setup_teardown.py
[2024-03-16T11:47:51.856+0500] {logging_mixin.py:188} INFO - [2024-03-16T11:47:51.856+0500] {dag.py:3047} INFO - Sync 1 DAGs
[2024-03-16T11:47:51.874+0500] {logging_mixin.py:188} INFO - [2024-03-16T11:47:51.874+0500] {dag.py:3834} INFO - Setting next_dagrun for example_setup_teardown to 2024-03-15 00:00:00+00:00, run_after=2024-03-16 00:00:00+00:00
[2024-03-16T11:47:51.980+0500] {processor.py:183} INFO - Processing /home/muhammadsami/Public/Projects/Airflow/DataPipelineswithApacheAirflow/.env/lib/python3.8/site-packages/airflow/example_dags/example_setup_teardown.py took 0.150 seconds
[2024-03-16T11:48:38.624+0500] {processor.py:161} INFO - Started process (PID=21065) to work on /home/muhammadsami/Public/Projects/Airflow/DataPipelineswithApacheAirflow/.env/lib/python3.8/site-packages/airflow/example_dags/example_setup_teardown.py
[2024-03-16T11:48:38.625+0500] {processor.py:830} INFO - Processing file /home/muhammadsami/Public/Projects/Airflow/DataPipelineswithApacheAirflow/.env/lib/python3.8/site-packages/airflow/example_dags/example_setup_teardown.py for tasks to queue
[2024-03-16T11:48:38.626+0500] {logging_mixin.py:188} INFO - [2024-03-16T11:48:38.626+0500] {dagbag.py:540} INFO - Filling up the DagBag from /home/muhammadsami/Public/Projects/Airflow/DataPipelineswithApacheAirflow/.env/lib/python3.8/site-packages/airflow/example_dags/example_setup_teardown.py
[2024-03-16T11:48:38.632+0500] {processor.py:840} INFO - DAG(s) 'example_setup_teardown' retrieved from /home/muhammadsami/Public/Projects/Airflow/DataPipelineswithApacheAirflow/.env/lib/python3.8/site-packages/airflow/example_dags/example_setup_teardown.py
[2024-03-16T11:48:38.645+0500] {logging_mixin.py:188} INFO - [2024-03-16T11:48:38.645+0500] {dag.py:3047} INFO - Sync 1 DAGs
[2024-03-16T11:48:38.662+0500] {logging_mixin.py:188} INFO - [2024-03-16T11:48:38.662+0500] {dag.py:3834} INFO - Setting next_dagrun for example_setup_teardown to 2024-03-15 00:00:00+00:00, run_after=2024-03-16 00:00:00+00:00
[2024-03-16T11:48:38.764+0500] {processor.py:183} INFO - Processing /home/muhammadsami/Public/Projects/Airflow/DataPipelineswithApacheAirflow/.env/lib/python3.8/site-packages/airflow/example_dags/example_setup_teardown.py took 0.142 seconds
[2024-03-16T11:49:26.880+0500] {processor.py:161} INFO - Started process (PID=21110) to work on /home/muhammadsami/Public/Projects/Airflow/DataPipelineswithApacheAirflow/.env/lib/python3.8/site-packages/airflow/example_dags/example_setup_teardown.py
[2024-03-16T11:49:26.882+0500] {processor.py:830} INFO - Processing file /home/muhammadsami/Public/Projects/Airflow/DataPipelineswithApacheAirflow/.env/lib/python3.8/site-packages/airflow/example_dags/example_setup_teardown.py for tasks to queue
[2024-03-16T11:49:26.883+0500] {logging_mixin.py:188} INFO - [2024-03-16T11:49:26.882+0500] {dagbag.py:540} INFO - Filling up the DagBag from /home/muhammadsami/Public/Projects/Airflow/DataPipelineswithApacheAirflow/.env/lib/python3.8/site-packages/airflow/example_dags/example_setup_teardown.py
[2024-03-16T11:49:26.889+0500] {processor.py:840} INFO - DAG(s) 'example_setup_teardown' retrieved from /home/muhammadsami/Public/Projects/Airflow/DataPipelineswithApacheAirflow/.env/lib/python3.8/site-packages/airflow/example_dags/example_setup_teardown.py
[2024-03-16T11:49:26.902+0500] {logging_mixin.py:188} INFO - [2024-03-16T11:49:26.901+0500] {dag.py:3047} INFO - Sync 1 DAGs
[2024-03-16T11:49:26.921+0500] {logging_mixin.py:188} INFO - [2024-03-16T11:49:26.920+0500] {dag.py:3834} INFO - Setting next_dagrun for example_setup_teardown to 2024-03-15 00:00:00+00:00, run_after=2024-03-16 00:00:00+00:00
[2024-03-16T11:49:27.037+0500] {processor.py:183} INFO - Processing /home/muhammadsami/Public/Projects/Airflow/DataPipelineswithApacheAirflow/.env/lib/python3.8/site-packages/airflow/example_dags/example_setup_teardown.py took 0.159 seconds
[2024-03-16T11:50:15.777+0500] {processor.py:161} INFO - Started process (PID=21154) to work on /home/muhammadsami/Public/Projects/Airflow/DataPipelineswithApacheAirflow/.env/lib/python3.8/site-packages/airflow/example_dags/example_setup_teardown.py
[2024-03-16T11:50:15.779+0500] {processor.py:830} INFO - Processing file /home/muhammadsami/Public/Projects/Airflow/DataPipelineswithApacheAirflow/.env/lib/python3.8/site-packages/airflow/example_dags/example_setup_teardown.py for tasks to queue
[2024-03-16T11:50:15.780+0500] {logging_mixin.py:188} INFO - [2024-03-16T11:50:15.779+0500] {dagbag.py:540} INFO - Filling up the DagBag from /home/muhammadsami/Public/Projects/Airflow/DataPipelineswithApacheAirflow/.env/lib/python3.8/site-packages/airflow/example_dags/example_setup_teardown.py
[2024-03-16T11:50:15.786+0500] {processor.py:840} INFO - DAG(s) 'example_setup_teardown' retrieved from /home/muhammadsami/Public/Projects/Airflow/DataPipelineswithApacheAirflow/.env/lib/python3.8/site-packages/airflow/example_dags/example_setup_teardown.py
[2024-03-16T11:50:15.800+0500] {logging_mixin.py:188} INFO - [2024-03-16T11:50:15.800+0500] {dag.py:3047} INFO - Sync 1 DAGs
[2024-03-16T11:50:15.817+0500] {logging_mixin.py:188} INFO - [2024-03-16T11:50:15.817+0500] {dag.py:3834} INFO - Setting next_dagrun for example_setup_teardown to 2024-03-15 00:00:00+00:00, run_after=2024-03-16 00:00:00+00:00
[2024-03-16T11:50:15.916+0500] {processor.py:183} INFO - Processing /home/muhammadsami/Public/Projects/Airflow/DataPipelineswithApacheAirflow/.env/lib/python3.8/site-packages/airflow/example_dags/example_setup_teardown.py took 0.141 seconds
[2024-03-16T11:51:06.773+0500] {processor.py:161} INFO - Started process (PID=21239) to work on /home/muhammadsami/Public/Projects/Airflow/DataPipelineswithApacheAirflow/.env/lib/python3.8/site-packages/airflow/example_dags/example_setup_teardown.py
[2024-03-16T11:51:06.775+0500] {processor.py:830} INFO - Processing file /home/muhammadsami/Public/Projects/Airflow/DataPipelineswithApacheAirflow/.env/lib/python3.8/site-packages/airflow/example_dags/example_setup_teardown.py for tasks to queue
[2024-03-16T11:51:06.775+0500] {logging_mixin.py:188} INFO - [2024-03-16T11:51:06.775+0500] {dagbag.py:540} INFO - Filling up the DagBag from /home/muhammadsami/Public/Projects/Airflow/DataPipelineswithApacheAirflow/.env/lib/python3.8/site-packages/airflow/example_dags/example_setup_teardown.py
[2024-03-16T11:51:06.783+0500] {processor.py:840} INFO - DAG(s) 'example_setup_teardown' retrieved from /home/muhammadsami/Public/Projects/Airflow/DataPipelineswithApacheAirflow/.env/lib/python3.8/site-packages/airflow/example_dags/example_setup_teardown.py
[2024-03-16T11:51:06.796+0500] {logging_mixin.py:188} INFO - [2024-03-16T11:51:06.796+0500] {dag.py:3047} INFO - Sync 1 DAGs
[2024-03-16T11:51:06.813+0500] {logging_mixin.py:188} INFO - [2024-03-16T11:51:06.813+0500] {dag.py:3834} INFO - Setting next_dagrun for example_setup_teardown to 2024-03-15 00:00:00+00:00, run_after=2024-03-16 00:00:00+00:00
[2024-03-16T11:51:06.920+0500] {processor.py:183} INFO - Processing /home/muhammadsami/Public/Projects/Airflow/DataPipelineswithApacheAirflow/.env/lib/python3.8/site-packages/airflow/example_dags/example_setup_teardown.py took 0.149 seconds
[2024-03-16T11:52:00.144+0500] {processor.py:161} INFO - Started process (PID=21378) to work on /home/muhammadsami/Public/Projects/Airflow/DataPipelineswithApacheAirflow/.env/lib/python3.8/site-packages/airflow/example_dags/example_setup_teardown.py
[2024-03-16T11:52:00.145+0500] {processor.py:830} INFO - Processing file /home/muhammadsami/Public/Projects/Airflow/DataPipelineswithApacheAirflow/.env/lib/python3.8/site-packages/airflow/example_dags/example_setup_teardown.py for tasks to queue
[2024-03-16T11:52:00.146+0500] {logging_mixin.py:188} INFO - [2024-03-16T11:52:00.146+0500] {dagbag.py:540} INFO - Filling up the DagBag from /home/muhammadsami/Public/Projects/Airflow/DataPipelineswithApacheAirflow/.env/lib/python3.8/site-packages/airflow/example_dags/example_setup_teardown.py
[2024-03-16T11:52:00.153+0500] {processor.py:840} INFO - DAG(s) 'example_setup_teardown' retrieved from /home/muhammadsami/Public/Projects/Airflow/DataPipelineswithApacheAirflow/.env/lib/python3.8/site-packages/airflow/example_dags/example_setup_teardown.py
[2024-03-16T11:52:00.167+0500] {logging_mixin.py:188} INFO - [2024-03-16T11:52:00.166+0500] {dag.py:3047} INFO - Sync 1 DAGs
[2024-03-16T11:52:00.184+0500] {logging_mixin.py:188} INFO - [2024-03-16T11:52:00.183+0500] {dag.py:3834} INFO - Setting next_dagrun for example_setup_teardown to 2024-03-15 00:00:00+00:00, run_after=2024-03-16 00:00:00+00:00
[2024-03-16T11:52:00.305+0500] {processor.py:183} INFO - Processing /home/muhammadsami/Public/Projects/Airflow/DataPipelineswithApacheAirflow/.env/lib/python3.8/site-packages/airflow/example_dags/example_setup_teardown.py took 0.164 seconds
[2024-03-16T11:52:52.187+0500] {processor.py:161} INFO - Started process (PID=21505) to work on /home/muhammadsami/Public/Projects/Airflow/DataPipelineswithApacheAirflow/.env/lib/python3.8/site-packages/airflow/example_dags/example_setup_teardown.py
[2024-03-16T11:52:52.188+0500] {processor.py:830} INFO - Processing file /home/muhammadsami/Public/Projects/Airflow/DataPipelineswithApacheAirflow/.env/lib/python3.8/site-packages/airflow/example_dags/example_setup_teardown.py for tasks to queue
[2024-03-16T11:52:52.189+0500] {logging_mixin.py:188} INFO - [2024-03-16T11:52:52.189+0500] {dagbag.py:540} INFO - Filling up the DagBag from /home/muhammadsami/Public/Projects/Airflow/DataPipelineswithApacheAirflow/.env/lib/python3.8/site-packages/airflow/example_dags/example_setup_teardown.py
[2024-03-16T11:52:52.195+0500] {processor.py:840} INFO - DAG(s) 'example_setup_teardown' retrieved from /home/muhammadsami/Public/Projects/Airflow/DataPipelineswithApacheAirflow/.env/lib/python3.8/site-packages/airflow/example_dags/example_setup_teardown.py
[2024-03-16T11:52:52.208+0500] {logging_mixin.py:188} INFO - [2024-03-16T11:52:52.208+0500] {dag.py:3047} INFO - Sync 1 DAGs
[2024-03-16T11:52:52.229+0500] {logging_mixin.py:188} INFO - [2024-03-16T11:52:52.229+0500] {dag.py:3834} INFO - Setting next_dagrun for example_setup_teardown to 2024-03-15 00:00:00+00:00, run_after=2024-03-16 00:00:00+00:00
[2024-03-16T11:52:52.330+0500] {processor.py:183} INFO - Processing /home/muhammadsami/Public/Projects/Airflow/DataPipelineswithApacheAirflow/.env/lib/python3.8/site-packages/airflow/example_dags/example_setup_teardown.py took 0.145 seconds
[2024-03-16T11:53:44.669+0500] {processor.py:161} INFO - Started process (PID=21618) to work on /home/muhammadsami/Public/Projects/Airflow/DataPipelineswithApacheAirflow/.env/lib/python3.8/site-packages/airflow/example_dags/example_setup_teardown.py
[2024-03-16T11:53:44.671+0500] {processor.py:830} INFO - Processing file /home/muhammadsami/Public/Projects/Airflow/DataPipelineswithApacheAirflow/.env/lib/python3.8/site-packages/airflow/example_dags/example_setup_teardown.py for tasks to queue
[2024-03-16T11:53:44.672+0500] {logging_mixin.py:188} INFO - [2024-03-16T11:53:44.671+0500] {dagbag.py:540} INFO - Filling up the DagBag from /home/muhammadsami/Public/Projects/Airflow/DataPipelineswithApacheAirflow/.env/lib/python3.8/site-packages/airflow/example_dags/example_setup_teardown.py
[2024-03-16T11:53:44.678+0500] {processor.py:840} INFO - DAG(s) 'example_setup_teardown' retrieved from /home/muhammadsami/Public/Projects/Airflow/DataPipelineswithApacheAirflow/.env/lib/python3.8/site-packages/airflow/example_dags/example_setup_teardown.py
[2024-03-16T11:53:44.691+0500] {logging_mixin.py:188} INFO - [2024-03-16T11:53:44.691+0500] {dag.py:3047} INFO - Sync 1 DAGs
[2024-03-16T11:53:44.709+0500] {logging_mixin.py:188} INFO - [2024-03-16T11:53:44.709+0500] {dag.py:3834} INFO - Setting next_dagrun for example_setup_teardown to 2024-03-15 00:00:00+00:00, run_after=2024-03-16 00:00:00+00:00
[2024-03-16T11:53:44.815+0500] {processor.py:183} INFO - Processing /home/muhammadsami/Public/Projects/Airflow/DataPipelineswithApacheAirflow/.env/lib/python3.8/site-packages/airflow/example_dags/example_setup_teardown.py took 0.149 seconds
[2024-03-16T11:54:34.811+0500] {processor.py:161} INFO - Started process (PID=21693) to work on /home/muhammadsami/Public/Projects/Airflow/DataPipelineswithApacheAirflow/.env/lib/python3.8/site-packages/airflow/example_dags/example_setup_teardown.py
[2024-03-16T11:54:34.813+0500] {processor.py:830} INFO - Processing file /home/muhammadsami/Public/Projects/Airflow/DataPipelineswithApacheAirflow/.env/lib/python3.8/site-packages/airflow/example_dags/example_setup_teardown.py for tasks to queue
[2024-03-16T11:54:34.814+0500] {logging_mixin.py:188} INFO - [2024-03-16T11:54:34.813+0500] {dagbag.py:540} INFO - Filling up the DagBag from /home/muhammadsami/Public/Projects/Airflow/DataPipelineswithApacheAirflow/.env/lib/python3.8/site-packages/airflow/example_dags/example_setup_teardown.py
[2024-03-16T11:54:34.821+0500] {processor.py:840} INFO - DAG(s) 'example_setup_teardown' retrieved from /home/muhammadsami/Public/Projects/Airflow/DataPipelineswithApacheAirflow/.env/lib/python3.8/site-packages/airflow/example_dags/example_setup_teardown.py
[2024-03-16T11:54:34.834+0500] {logging_mixin.py:188} INFO - [2024-03-16T11:54:34.834+0500] {dag.py:3047} INFO - Sync 1 DAGs
[2024-03-16T11:54:34.851+0500] {logging_mixin.py:188} INFO - [2024-03-16T11:54:34.851+0500] {dag.py:3834} INFO - Setting next_dagrun for example_setup_teardown to 2024-03-15 00:00:00+00:00, run_after=2024-03-16 00:00:00+00:00
[2024-03-16T11:54:34.948+0500] {processor.py:183} INFO - Processing /home/muhammadsami/Public/Projects/Airflow/DataPipelineswithApacheAirflow/.env/lib/python3.8/site-packages/airflow/example_dags/example_setup_teardown.py took 0.139 seconds
[2024-03-16T11:55:24.601+0500] {processor.py:161} INFO - Started process (PID=21876) to work on /home/muhammadsami/Public/Projects/Airflow/DataPipelineswithApacheAirflow/.env/lib/python3.8/site-packages/airflow/example_dags/example_setup_teardown.py
[2024-03-16T11:55:24.602+0500] {processor.py:830} INFO - Processing file /home/muhammadsami/Public/Projects/Airflow/DataPipelineswithApacheAirflow/.env/lib/python3.8/site-packages/airflow/example_dags/example_setup_teardown.py for tasks to queue
[2024-03-16T11:55:24.603+0500] {logging_mixin.py:188} INFO - [2024-03-16T11:55:24.602+0500] {dagbag.py:540} INFO - Filling up the DagBag from /home/muhammadsami/Public/Projects/Airflow/DataPipelineswithApacheAirflow/.env/lib/python3.8/site-packages/airflow/example_dags/example_setup_teardown.py
[2024-03-16T11:55:24.610+0500] {processor.py:840} INFO - DAG(s) 'example_setup_teardown' retrieved from /home/muhammadsami/Public/Projects/Airflow/DataPipelineswithApacheAirflow/.env/lib/python3.8/site-packages/airflow/example_dags/example_setup_teardown.py
[2024-03-16T11:55:24.626+0500] {logging_mixin.py:188} INFO - [2024-03-16T11:55:24.626+0500] {dag.py:3047} INFO - Sync 1 DAGs
[2024-03-16T11:55:24.648+0500] {logging_mixin.py:188} INFO - [2024-03-16T11:55:24.647+0500] {dag.py:3834} INFO - Setting next_dagrun for example_setup_teardown to 2024-03-15 00:00:00+00:00, run_after=2024-03-16 00:00:00+00:00
[2024-03-16T11:55:24.811+0500] {processor.py:183} INFO - Processing /home/muhammadsami/Public/Projects/Airflow/DataPipelineswithApacheAirflow/.env/lib/python3.8/site-packages/airflow/example_dags/example_setup_teardown.py took 0.213 seconds
[2024-03-16T11:56:16.474+0500] {processor.py:161} INFO - Started process (PID=21935) to work on /home/muhammadsami/Public/Projects/Airflow/DataPipelineswithApacheAirflow/.env/lib/python3.8/site-packages/airflow/example_dags/example_setup_teardown.py
[2024-03-16T11:56:16.475+0500] {processor.py:830} INFO - Processing file /home/muhammadsami/Public/Projects/Airflow/DataPipelineswithApacheAirflow/.env/lib/python3.8/site-packages/airflow/example_dags/example_setup_teardown.py for tasks to queue
[2024-03-16T11:56:16.476+0500] {logging_mixin.py:188} INFO - [2024-03-16T11:56:16.475+0500] {dagbag.py:540} INFO - Filling up the DagBag from /home/muhammadsami/Public/Projects/Airflow/DataPipelineswithApacheAirflow/.env/lib/python3.8/site-packages/airflow/example_dags/example_setup_teardown.py
[2024-03-16T11:56:16.484+0500] {processor.py:840} INFO - DAG(s) 'example_setup_teardown' retrieved from /home/muhammadsami/Public/Projects/Airflow/DataPipelineswithApacheAirflow/.env/lib/python3.8/site-packages/airflow/example_dags/example_setup_teardown.py
[2024-03-16T11:56:16.500+0500] {logging_mixin.py:188} INFO - [2024-03-16T11:56:16.499+0500] {dag.py:3047} INFO - Sync 1 DAGs
[2024-03-16T11:56:16.521+0500] {logging_mixin.py:188} INFO - [2024-03-16T11:56:16.520+0500] {dag.py:3834} INFO - Setting next_dagrun for example_setup_teardown to 2024-03-15 00:00:00+00:00, run_after=2024-03-16 00:00:00+00:00
[2024-03-16T11:56:16.651+0500] {processor.py:183} INFO - Processing /home/muhammadsami/Public/Projects/Airflow/DataPipelineswithApacheAirflow/.env/lib/python3.8/site-packages/airflow/example_dags/example_setup_teardown.py took 0.180 seconds
[2024-03-16T11:57:06.226+0500] {processor.py:161} INFO - Started process (PID=21987) to work on /home/muhammadsami/Public/Projects/Airflow/DataPipelineswithApacheAirflow/.env/lib/python3.8/site-packages/airflow/example_dags/example_setup_teardown.py
[2024-03-16T11:57:06.228+0500] {processor.py:830} INFO - Processing file /home/muhammadsami/Public/Projects/Airflow/DataPipelineswithApacheAirflow/.env/lib/python3.8/site-packages/airflow/example_dags/example_setup_teardown.py for tasks to queue
[2024-03-16T11:57:06.229+0500] {logging_mixin.py:188} INFO - [2024-03-16T11:57:06.228+0500] {dagbag.py:540} INFO - Filling up the DagBag from /home/muhammadsami/Public/Projects/Airflow/DataPipelineswithApacheAirflow/.env/lib/python3.8/site-packages/airflow/example_dags/example_setup_teardown.py
[2024-03-16T11:57:06.237+0500] {processor.py:840} INFO - DAG(s) 'example_setup_teardown' retrieved from /home/muhammadsami/Public/Projects/Airflow/DataPipelineswithApacheAirflow/.env/lib/python3.8/site-packages/airflow/example_dags/example_setup_teardown.py
[2024-03-16T11:57:06.254+0500] {logging_mixin.py:188} INFO - [2024-03-16T11:57:06.254+0500] {dag.py:3047} INFO - Sync 1 DAGs
[2024-03-16T11:57:06.276+0500] {logging_mixin.py:188} INFO - [2024-03-16T11:57:06.276+0500] {dag.py:3834} INFO - Setting next_dagrun for example_setup_teardown to 2024-03-15 00:00:00+00:00, run_after=2024-03-16 00:00:00+00:00
[2024-03-16T11:57:06.396+0500] {processor.py:183} INFO - Processing /home/muhammadsami/Public/Projects/Airflow/DataPipelineswithApacheAirflow/.env/lib/python3.8/site-packages/airflow/example_dags/example_setup_teardown.py took 0.173 seconds
[2024-03-16T11:58:01.143+0500] {processor.py:161} INFO - Started process (PID=22039) to work on /home/muhammadsami/Public/Projects/Airflow/DataPipelineswithApacheAirflow/.env/lib/python3.8/site-packages/airflow/example_dags/example_setup_teardown.py
[2024-03-16T11:58:01.145+0500] {processor.py:830} INFO - Processing file /home/muhammadsami/Public/Projects/Airflow/DataPipelineswithApacheAirflow/.env/lib/python3.8/site-packages/airflow/example_dags/example_setup_teardown.py for tasks to queue
[2024-03-16T11:58:01.147+0500] {logging_mixin.py:188} INFO - [2024-03-16T11:58:01.146+0500] {dagbag.py:540} INFO - Filling up the DagBag from /home/muhammadsami/Public/Projects/Airflow/DataPipelineswithApacheAirflow/.env/lib/python3.8/site-packages/airflow/example_dags/example_setup_teardown.py
[2024-03-16T11:58:01.153+0500] {processor.py:840} INFO - DAG(s) 'example_setup_teardown' retrieved from /home/muhammadsami/Public/Projects/Airflow/DataPipelineswithApacheAirflow/.env/lib/python3.8/site-packages/airflow/example_dags/example_setup_teardown.py
[2024-03-16T11:58:01.166+0500] {logging_mixin.py:188} INFO - [2024-03-16T11:58:01.166+0500] {dag.py:3047} INFO - Sync 1 DAGs
[2024-03-16T11:58:01.183+0500] {logging_mixin.py:188} INFO - [2024-03-16T11:58:01.183+0500] {dag.py:3834} INFO - Setting next_dagrun for example_setup_teardown to 2024-03-15 00:00:00+00:00, run_after=2024-03-16 00:00:00+00:00
[2024-03-16T11:58:01.292+0500] {processor.py:183} INFO - Processing /home/muhammadsami/Public/Projects/Airflow/DataPipelineswithApacheAirflow/.env/lib/python3.8/site-packages/airflow/example_dags/example_setup_teardown.py took 0.151 seconds
[2024-03-16T11:58:50.120+0500] {processor.py:161} INFO - Started process (PID=22141) to work on /home/muhammadsami/Public/Projects/Airflow/DataPipelineswithApacheAirflow/.env/lib/python3.8/site-packages/airflow/example_dags/example_setup_teardown.py
[2024-03-16T11:58:50.136+0500] {processor.py:830} INFO - Processing file /home/muhammadsami/Public/Projects/Airflow/DataPipelineswithApacheAirflow/.env/lib/python3.8/site-packages/airflow/example_dags/example_setup_teardown.py for tasks to queue
[2024-03-16T11:58:50.137+0500] {logging_mixin.py:188} INFO - [2024-03-16T11:58:50.137+0500] {dagbag.py:540} INFO - Filling up the DagBag from /home/muhammadsami/Public/Projects/Airflow/DataPipelineswithApacheAirflow/.env/lib/python3.8/site-packages/airflow/example_dags/example_setup_teardown.py
[2024-03-16T11:58:50.143+0500] {processor.py:840} INFO - DAG(s) 'example_setup_teardown' retrieved from /home/muhammadsami/Public/Projects/Airflow/DataPipelineswithApacheAirflow/.env/lib/python3.8/site-packages/airflow/example_dags/example_setup_teardown.py
[2024-03-16T11:58:50.155+0500] {logging_mixin.py:188} INFO - [2024-03-16T11:58:50.155+0500] {dag.py:3047} INFO - Sync 1 DAGs
[2024-03-16T11:58:50.172+0500] {logging_mixin.py:188} INFO - [2024-03-16T11:58:50.172+0500] {dag.py:3834} INFO - Setting next_dagrun for example_setup_teardown to 2024-03-15 00:00:00+00:00, run_after=2024-03-16 00:00:00+00:00
[2024-03-16T11:58:50.284+0500] {processor.py:183} INFO - Processing /home/muhammadsami/Public/Projects/Airflow/DataPipelineswithApacheAirflow/.env/lib/python3.8/site-packages/airflow/example_dags/example_setup_teardown.py took 0.167 seconds
[2024-03-16T11:59:39.251+0500] {processor.py:161} INFO - Started process (PID=22286) to work on /home/muhammadsami/Public/Projects/Airflow/DataPipelineswithApacheAirflow/.env/lib/python3.8/site-packages/airflow/example_dags/example_setup_teardown.py
[2024-03-16T11:59:39.276+0500] {processor.py:830} INFO - Processing file /home/muhammadsami/Public/Projects/Airflow/DataPipelineswithApacheAirflow/.env/lib/python3.8/site-packages/airflow/example_dags/example_setup_teardown.py for tasks to queue
[2024-03-16T11:59:39.277+0500] {logging_mixin.py:188} INFO - [2024-03-16T11:59:39.276+0500] {dagbag.py:540} INFO - Filling up the DagBag from /home/muhammadsami/Public/Projects/Airflow/DataPipelineswithApacheAirflow/.env/lib/python3.8/site-packages/airflow/example_dags/example_setup_teardown.py
[2024-03-16T11:59:39.283+0500] {processor.py:840} INFO - DAG(s) 'example_setup_teardown' retrieved from /home/muhammadsami/Public/Projects/Airflow/DataPipelineswithApacheAirflow/.env/lib/python3.8/site-packages/airflow/example_dags/example_setup_teardown.py
[2024-03-16T11:59:39.297+0500] {logging_mixin.py:188} INFO - [2024-03-16T11:59:39.297+0500] {dag.py:3047} INFO - Sync 1 DAGs
[2024-03-16T11:59:39.317+0500] {logging_mixin.py:188} INFO - [2024-03-16T11:59:39.317+0500] {dag.py:3834} INFO - Setting next_dagrun for example_setup_teardown to 2024-03-15 00:00:00+00:00, run_after=2024-03-16 00:00:00+00:00
[2024-03-16T11:59:39.416+0500] {processor.py:183} INFO - Processing /home/muhammadsami/Public/Projects/Airflow/DataPipelineswithApacheAirflow/.env/lib/python3.8/site-packages/airflow/example_dags/example_setup_teardown.py took 0.169 seconds
[2024-03-16T12:00:32.820+0500] {processor.py:161} INFO - Started process (PID=22335) to work on /home/muhammadsami/Public/Projects/Airflow/DataPipelineswithApacheAirflow/.env/lib/python3.8/site-packages/airflow/example_dags/example_setup_teardown.py
[2024-03-16T12:00:32.830+0500] {processor.py:830} INFO - Processing file /home/muhammadsami/Public/Projects/Airflow/DataPipelineswithApacheAirflow/.env/lib/python3.8/site-packages/airflow/example_dags/example_setup_teardown.py for tasks to queue
[2024-03-16T12:00:32.831+0500] {logging_mixin.py:188} INFO - [2024-03-16T12:00:32.831+0500] {dagbag.py:540} INFO - Filling up the DagBag from /home/muhammadsami/Public/Projects/Airflow/DataPipelineswithApacheAirflow/.env/lib/python3.8/site-packages/airflow/example_dags/example_setup_teardown.py
[2024-03-16T12:00:32.837+0500] {processor.py:840} INFO - DAG(s) 'example_setup_teardown' retrieved from /home/muhammadsami/Public/Projects/Airflow/DataPipelineswithApacheAirflow/.env/lib/python3.8/site-packages/airflow/example_dags/example_setup_teardown.py
[2024-03-16T12:00:32.850+0500] {logging_mixin.py:188} INFO - [2024-03-16T12:00:32.850+0500] {dag.py:3047} INFO - Sync 1 DAGs
[2024-03-16T12:00:32.866+0500] {logging_mixin.py:188} INFO - [2024-03-16T12:00:32.866+0500] {dag.py:3834} INFO - Setting next_dagrun for example_setup_teardown to 2024-03-15 00:00:00+00:00, run_after=2024-03-16 00:00:00+00:00
[2024-03-16T12:00:32.954+0500] {processor.py:183} INFO - Processing /home/muhammadsami/Public/Projects/Airflow/DataPipelineswithApacheAirflow/.env/lib/python3.8/site-packages/airflow/example_dags/example_setup_teardown.py took 0.136 seconds
[2024-03-16T12:01:26.575+0500] {processor.py:161} INFO - Started process (PID=22387) to work on /home/muhammadsami/Public/Projects/Airflow/DataPipelineswithApacheAirflow/.env/lib/python3.8/site-packages/airflow/example_dags/example_setup_teardown.py
[2024-03-16T12:01:26.582+0500] {processor.py:830} INFO - Processing file /home/muhammadsami/Public/Projects/Airflow/DataPipelineswithApacheAirflow/.env/lib/python3.8/site-packages/airflow/example_dags/example_setup_teardown.py for tasks to queue
[2024-03-16T12:01:26.584+0500] {logging_mixin.py:188} INFO - [2024-03-16T12:01:26.583+0500] {dagbag.py:540} INFO - Filling up the DagBag from /home/muhammadsami/Public/Projects/Airflow/DataPipelineswithApacheAirflow/.env/lib/python3.8/site-packages/airflow/example_dags/example_setup_teardown.py
[2024-03-16T12:01:26.592+0500] {processor.py:840} INFO - DAG(s) 'example_setup_teardown' retrieved from /home/muhammadsami/Public/Projects/Airflow/DataPipelineswithApacheAirflow/.env/lib/python3.8/site-packages/airflow/example_dags/example_setup_teardown.py
[2024-03-16T12:01:26.609+0500] {logging_mixin.py:188} INFO - [2024-03-16T12:01:26.608+0500] {dag.py:3047} INFO - Sync 1 DAGs
[2024-03-16T12:01:26.632+0500] {logging_mixin.py:188} INFO - [2024-03-16T12:01:26.632+0500] {dag.py:3834} INFO - Setting next_dagrun for example_setup_teardown to 2024-03-15 00:00:00+00:00, run_after=2024-03-16 00:00:00+00:00
[2024-03-16T12:01:26.734+0500] {processor.py:183} INFO - Processing /home/muhammadsami/Public/Projects/Airflow/DataPipelineswithApacheAirflow/.env/lib/python3.8/site-packages/airflow/example_dags/example_setup_teardown.py took 0.161 seconds
