[2024-03-16T11:22:41.155+0500] {processor.py:161} INFO - Started process (PID=18121) to work on /home/muhammadsami/Public/Projects/Airflow/DataPipelineswithApacheAirflow/.env/lib/python3.8/site-packages/airflow/example_dags/example_task_group_decorator.py
[2024-03-16T11:22:41.156+0500] {processor.py:830} INFO - Processing file /home/muhammadsami/Public/Projects/Airflow/DataPipelineswithApacheAirflow/.env/lib/python3.8/site-packages/airflow/example_dags/example_task_group_decorator.py for tasks to queue
[2024-03-16T11:22:41.157+0500] {logging_mixin.py:188} INFO - [2024-03-16T11:22:41.157+0500] {dagbag.py:540} INFO - Filling up the DagBag from /home/muhammadsami/Public/Projects/Airflow/DataPipelineswithApacheAirflow/.env/lib/python3.8/site-packages/airflow/example_dags/example_task_group_decorator.py
[2024-03-16T11:22:41.182+0500] {processor.py:840} INFO - DAG(s) 'example_task_group_decorator' retrieved from /home/muhammadsami/Public/Projects/Airflow/DataPipelineswithApacheAirflow/.env/lib/python3.8/site-packages/airflow/example_dags/example_task_group_decorator.py
[2024-03-16T11:22:41.574+0500] {logging_mixin.py:188} INFO - [2024-03-16T11:22:41.573+0500] {override.py:1769} INFO - Created Permission View: can edit on DAG:example_task_group_decorator
[2024-03-16T11:22:41.664+0500] {logging_mixin.py:188} INFO - [2024-03-16T11:22:41.664+0500] {override.py:1769} INFO - Created Permission View: can delete on DAG:example_task_group_decorator
[2024-03-16T11:22:41.772+0500] {logging_mixin.py:188} INFO - [2024-03-16T11:22:41.771+0500] {override.py:1769} INFO - Created Permission View: can read on DAG:example_task_group_decorator
[2024-03-16T11:22:41.772+0500] {logging_mixin.py:188} INFO - [2024-03-16T11:22:41.772+0500] {dag.py:3047} INFO - Sync 1 DAGs
[2024-03-16T11:22:41.907+0500] {logging_mixin.py:188} INFO - [2024-03-16T11:22:41.907+0500] {dag.py:3069} INFO - Creating ORM DAG for example_task_group_decorator
[2024-03-16T11:22:41.920+0500] {logging_mixin.py:188} INFO - [2024-03-16T11:22:41.920+0500] {dag.py:3834} INFO - Setting next_dagrun for example_task_group_decorator to 2024-03-15 00:00:00+00:00, run_after=2024-03-16 00:00:00+00:00
[2024-03-16T11:22:42.089+0500] {processor.py:183} INFO - Processing /home/muhammadsami/Public/Projects/Airflow/DataPipelineswithApacheAirflow/.env/lib/python3.8/site-packages/airflow/example_dags/example_task_group_decorator.py took 0.938 seconds
[2024-03-16T11:24:04.046+0500] {processor.py:161} INFO - Started process (PID=18456) to work on /home/muhammadsami/Public/Projects/Airflow/DataPipelineswithApacheAirflow/.env/lib/python3.8/site-packages/airflow/example_dags/example_task_group_decorator.py
[2024-03-16T11:24:04.061+0500] {processor.py:830} INFO - Processing file /home/muhammadsami/Public/Projects/Airflow/DataPipelineswithApacheAirflow/.env/lib/python3.8/site-packages/airflow/example_dags/example_task_group_decorator.py for tasks to queue
[2024-03-16T11:24:04.062+0500] {logging_mixin.py:188} INFO - [2024-03-16T11:24:04.061+0500] {dagbag.py:540} INFO - Filling up the DagBag from /home/muhammadsami/Public/Projects/Airflow/DataPipelineswithApacheAirflow/.env/lib/python3.8/site-packages/airflow/example_dags/example_task_group_decorator.py
[2024-03-16T11:24:04.075+0500] {processor.py:840} INFO - DAG(s) 'example_task_group_decorator' retrieved from /home/muhammadsami/Public/Projects/Airflow/DataPipelineswithApacheAirflow/.env/lib/python3.8/site-packages/airflow/example_dags/example_task_group_decorator.py
[2024-03-16T11:24:04.091+0500] {logging_mixin.py:188} INFO - [2024-03-16T11:24:04.091+0500] {dag.py:3047} INFO - Sync 1 DAGs
[2024-03-16T11:24:04.107+0500] {logging_mixin.py:188} INFO - [2024-03-16T11:24:04.107+0500] {dag.py:3834} INFO - Setting next_dagrun for example_task_group_decorator to 2024-03-15 00:00:00+00:00, run_after=2024-03-16 00:00:00+00:00
[2024-03-16T11:24:04.289+0500] {processor.py:183} INFO - Processing /home/muhammadsami/Public/Projects/Airflow/DataPipelineswithApacheAirflow/.env/lib/python3.8/site-packages/airflow/example_dags/example_task_group_decorator.py took 0.245 seconds
[2024-03-16T11:24:59.922+0500] {processor.py:161} INFO - Started process (PID=18587) to work on /home/muhammadsami/Public/Projects/Airflow/DataPipelineswithApacheAirflow/.env/lib/python3.8/site-packages/airflow/example_dags/example_task_group_decorator.py
[2024-03-16T11:24:59.931+0500] {processor.py:830} INFO - Processing file /home/muhammadsami/Public/Projects/Airflow/DataPipelineswithApacheAirflow/.env/lib/python3.8/site-packages/airflow/example_dags/example_task_group_decorator.py for tasks to queue
[2024-03-16T11:24:59.932+0500] {logging_mixin.py:188} INFO - [2024-03-16T11:24:59.932+0500] {dagbag.py:540} INFO - Filling up the DagBag from /home/muhammadsami/Public/Projects/Airflow/DataPipelineswithApacheAirflow/.env/lib/python3.8/site-packages/airflow/example_dags/example_task_group_decorator.py
[2024-03-16T11:24:59.950+0500] {processor.py:840} INFO - DAG(s) 'example_task_group_decorator' retrieved from /home/muhammadsami/Public/Projects/Airflow/DataPipelineswithApacheAirflow/.env/lib/python3.8/site-packages/airflow/example_dags/example_task_group_decorator.py
[2024-03-16T11:24:59.970+0500] {logging_mixin.py:188} INFO - [2024-03-16T11:24:59.970+0500] {dag.py:3047} INFO - Sync 1 DAGs
[2024-03-16T11:24:59.991+0500] {logging_mixin.py:188} INFO - [2024-03-16T11:24:59.991+0500] {dag.py:3834} INFO - Setting next_dagrun for example_task_group_decorator to 2024-03-15 00:00:00+00:00, run_after=2024-03-16 00:00:00+00:00
[2024-03-16T11:25:00.100+0500] {processor.py:183} INFO - Processing /home/muhammadsami/Public/Projects/Airflow/DataPipelineswithApacheAirflow/.env/lib/python3.8/site-packages/airflow/example_dags/example_task_group_decorator.py took 0.181 seconds
[2024-03-16T11:25:52.163+0500] {processor.py:161} INFO - Started process (PID=18653) to work on /home/muhammadsami/Public/Projects/Airflow/DataPipelineswithApacheAirflow/.env/lib/python3.8/site-packages/airflow/example_dags/example_task_group_decorator.py
[2024-03-16T11:25:52.184+0500] {processor.py:830} INFO - Processing file /home/muhammadsami/Public/Projects/Airflow/DataPipelineswithApacheAirflow/.env/lib/python3.8/site-packages/airflow/example_dags/example_task_group_decorator.py for tasks to queue
[2024-03-16T11:25:52.185+0500] {logging_mixin.py:188} INFO - [2024-03-16T11:25:52.185+0500] {dagbag.py:540} INFO - Filling up the DagBag from /home/muhammadsami/Public/Projects/Airflow/DataPipelineswithApacheAirflow/.env/lib/python3.8/site-packages/airflow/example_dags/example_task_group_decorator.py
[2024-03-16T11:25:52.199+0500] {processor.py:840} INFO - DAG(s) 'example_task_group_decorator' retrieved from /home/muhammadsami/Public/Projects/Airflow/DataPipelineswithApacheAirflow/.env/lib/python3.8/site-packages/airflow/example_dags/example_task_group_decorator.py
[2024-03-16T11:25:52.220+0500] {logging_mixin.py:188} INFO - [2024-03-16T11:25:52.220+0500] {dag.py:3047} INFO - Sync 1 DAGs
[2024-03-16T11:25:52.237+0500] {logging_mixin.py:188} INFO - [2024-03-16T11:25:52.237+0500] {dag.py:3834} INFO - Setting next_dagrun for example_task_group_decorator to 2024-03-15 00:00:00+00:00, run_after=2024-03-16 00:00:00+00:00
[2024-03-16T11:25:52.345+0500] {processor.py:183} INFO - Processing /home/muhammadsami/Public/Projects/Airflow/DataPipelineswithApacheAirflow/.env/lib/python3.8/site-packages/airflow/example_dags/example_task_group_decorator.py took 0.184 seconds
[2024-03-16T11:26:43.083+0500] {processor.py:161} INFO - Started process (PID=18735) to work on /home/muhammadsami/Public/Projects/Airflow/DataPipelineswithApacheAirflow/.env/lib/python3.8/site-packages/airflow/example_dags/example_task_group_decorator.py
[2024-03-16T11:26:43.093+0500] {processor.py:830} INFO - Processing file /home/muhammadsami/Public/Projects/Airflow/DataPipelineswithApacheAirflow/.env/lib/python3.8/site-packages/airflow/example_dags/example_task_group_decorator.py for tasks to queue
[2024-03-16T11:26:43.094+0500] {logging_mixin.py:188} INFO - [2024-03-16T11:26:43.094+0500] {dagbag.py:540} INFO - Filling up the DagBag from /home/muhammadsami/Public/Projects/Airflow/DataPipelineswithApacheAirflow/.env/lib/python3.8/site-packages/airflow/example_dags/example_task_group_decorator.py
[2024-03-16T11:26:43.107+0500] {processor.py:840} INFO - DAG(s) 'example_task_group_decorator' retrieved from /home/muhammadsami/Public/Projects/Airflow/DataPipelineswithApacheAirflow/.env/lib/python3.8/site-packages/airflow/example_dags/example_task_group_decorator.py
[2024-03-16T11:26:43.123+0500] {logging_mixin.py:188} INFO - [2024-03-16T11:26:43.123+0500] {dag.py:3047} INFO - Sync 1 DAGs
[2024-03-16T11:26:43.140+0500] {logging_mixin.py:188} INFO - [2024-03-16T11:26:43.139+0500] {dag.py:3834} INFO - Setting next_dagrun for example_task_group_decorator to 2024-03-15 00:00:00+00:00, run_after=2024-03-16 00:00:00+00:00
[2024-03-16T11:26:43.252+0500] {processor.py:183} INFO - Processing /home/muhammadsami/Public/Projects/Airflow/DataPipelineswithApacheAirflow/.env/lib/python3.8/site-packages/airflow/example_dags/example_task_group_decorator.py took 0.172 seconds
[2024-03-16T11:27:32.443+0500] {processor.py:161} INFO - Started process (PID=18787) to work on /home/muhammadsami/Public/Projects/Airflow/DataPipelineswithApacheAirflow/.env/lib/python3.8/site-packages/airflow/example_dags/example_task_group_decorator.py
[2024-03-16T11:27:32.462+0500] {processor.py:830} INFO - Processing file /home/muhammadsami/Public/Projects/Airflow/DataPipelineswithApacheAirflow/.env/lib/python3.8/site-packages/airflow/example_dags/example_task_group_decorator.py for tasks to queue
[2024-03-16T11:27:32.463+0500] {logging_mixin.py:188} INFO - [2024-03-16T11:27:32.462+0500] {dagbag.py:540} INFO - Filling up the DagBag from /home/muhammadsami/Public/Projects/Airflow/DataPipelineswithApacheAirflow/.env/lib/python3.8/site-packages/airflow/example_dags/example_task_group_decorator.py
[2024-03-16T11:27:32.476+0500] {processor.py:840} INFO - DAG(s) 'example_task_group_decorator' retrieved from /home/muhammadsami/Public/Projects/Airflow/DataPipelineswithApacheAirflow/.env/lib/python3.8/site-packages/airflow/example_dags/example_task_group_decorator.py
[2024-03-16T11:27:32.492+0500] {logging_mixin.py:188} INFO - [2024-03-16T11:27:32.491+0500] {dag.py:3047} INFO - Sync 1 DAGs
[2024-03-16T11:27:32.509+0500] {logging_mixin.py:188} INFO - [2024-03-16T11:27:32.509+0500] {dag.py:3834} INFO - Setting next_dagrun for example_task_group_decorator to 2024-03-15 00:00:00+00:00, run_after=2024-03-16 00:00:00+00:00
[2024-03-16T11:27:32.611+0500] {processor.py:183} INFO - Processing /home/muhammadsami/Public/Projects/Airflow/DataPipelineswithApacheAirflow/.env/lib/python3.8/site-packages/airflow/example_dags/example_task_group_decorator.py took 0.171 seconds
[2024-03-16T11:28:19.837+0500] {processor.py:161} INFO - Started process (PID=18831) to work on /home/muhammadsami/Public/Projects/Airflow/DataPipelineswithApacheAirflow/.env/lib/python3.8/site-packages/airflow/example_dags/example_task_group_decorator.py
[2024-03-16T11:28:19.838+0500] {processor.py:830} INFO - Processing file /home/muhammadsami/Public/Projects/Airflow/DataPipelineswithApacheAirflow/.env/lib/python3.8/site-packages/airflow/example_dags/example_task_group_decorator.py for tasks to queue
[2024-03-16T11:28:19.839+0500] {logging_mixin.py:188} INFO - [2024-03-16T11:28:19.839+0500] {dagbag.py:540} INFO - Filling up the DagBag from /home/muhammadsami/Public/Projects/Airflow/DataPipelineswithApacheAirflow/.env/lib/python3.8/site-packages/airflow/example_dags/example_task_group_decorator.py
[2024-03-16T11:28:19.855+0500] {processor.py:840} INFO - DAG(s) 'example_task_group_decorator' retrieved from /home/muhammadsami/Public/Projects/Airflow/DataPipelineswithApacheAirflow/.env/lib/python3.8/site-packages/airflow/example_dags/example_task_group_decorator.py
[2024-03-16T11:28:19.871+0500] {logging_mixin.py:188} INFO - [2024-03-16T11:28:19.871+0500] {dag.py:3047} INFO - Sync 1 DAGs
[2024-03-16T11:28:19.889+0500] {logging_mixin.py:188} INFO - [2024-03-16T11:28:19.888+0500] {dag.py:3834} INFO - Setting next_dagrun for example_task_group_decorator to 2024-03-15 00:00:00+00:00, run_after=2024-03-16 00:00:00+00:00
[2024-03-16T11:28:19.990+0500] {processor.py:183} INFO - Processing /home/muhammadsami/Public/Projects/Airflow/DataPipelineswithApacheAirflow/.env/lib/python3.8/site-packages/airflow/example_dags/example_task_group_decorator.py took 0.156 seconds
[2024-03-16T11:29:07.085+0500] {processor.py:161} INFO - Started process (PID=18899) to work on /home/muhammadsami/Public/Projects/Airflow/DataPipelineswithApacheAirflow/.env/lib/python3.8/site-packages/airflow/example_dags/example_task_group_decorator.py
[2024-03-16T11:29:07.087+0500] {processor.py:830} INFO - Processing file /home/muhammadsami/Public/Projects/Airflow/DataPipelineswithApacheAirflow/.env/lib/python3.8/site-packages/airflow/example_dags/example_task_group_decorator.py for tasks to queue
[2024-03-16T11:29:07.088+0500] {logging_mixin.py:188} INFO - [2024-03-16T11:29:07.087+0500] {dagbag.py:540} INFO - Filling up the DagBag from /home/muhammadsami/Public/Projects/Airflow/DataPipelineswithApacheAirflow/.env/lib/python3.8/site-packages/airflow/example_dags/example_task_group_decorator.py
[2024-03-16T11:29:07.101+0500] {processor.py:840} INFO - DAG(s) 'example_task_group_decorator' retrieved from /home/muhammadsami/Public/Projects/Airflow/DataPipelineswithApacheAirflow/.env/lib/python3.8/site-packages/airflow/example_dags/example_task_group_decorator.py
[2024-03-16T11:29:07.118+0500] {logging_mixin.py:188} INFO - [2024-03-16T11:29:07.118+0500] {dag.py:3047} INFO - Sync 1 DAGs
[2024-03-16T11:29:07.134+0500] {logging_mixin.py:188} INFO - [2024-03-16T11:29:07.134+0500] {dag.py:3834} INFO - Setting next_dagrun for example_task_group_decorator to 2024-03-15 00:00:00+00:00, run_after=2024-03-16 00:00:00+00:00
[2024-03-16T11:29:07.234+0500] {processor.py:183} INFO - Processing /home/muhammadsami/Public/Projects/Airflow/DataPipelineswithApacheAirflow/.env/lib/python3.8/site-packages/airflow/example_dags/example_task_group_decorator.py took 0.151 seconds
[2024-03-16T11:29:57.188+0500] {processor.py:161} INFO - Started process (PID=18953) to work on /home/muhammadsami/Public/Projects/Airflow/DataPipelineswithApacheAirflow/.env/lib/python3.8/site-packages/airflow/example_dags/example_task_group_decorator.py
[2024-03-16T11:29:57.189+0500] {processor.py:830} INFO - Processing file /home/muhammadsami/Public/Projects/Airflow/DataPipelineswithApacheAirflow/.env/lib/python3.8/site-packages/airflow/example_dags/example_task_group_decorator.py for tasks to queue
[2024-03-16T11:29:57.190+0500] {logging_mixin.py:188} INFO - [2024-03-16T11:29:57.190+0500] {dagbag.py:540} INFO - Filling up the DagBag from /home/muhammadsami/Public/Projects/Airflow/DataPipelineswithApacheAirflow/.env/lib/python3.8/site-packages/airflow/example_dags/example_task_group_decorator.py
[2024-03-16T11:29:57.207+0500] {processor.py:840} INFO - DAG(s) 'example_task_group_decorator' retrieved from /home/muhammadsami/Public/Projects/Airflow/DataPipelineswithApacheAirflow/.env/lib/python3.8/site-packages/airflow/example_dags/example_task_group_decorator.py
[2024-03-16T11:29:57.222+0500] {logging_mixin.py:188} INFO - [2024-03-16T11:29:57.222+0500] {dag.py:3047} INFO - Sync 1 DAGs
[2024-03-16T11:29:57.240+0500] {logging_mixin.py:188} INFO - [2024-03-16T11:29:57.239+0500] {dag.py:3834} INFO - Setting next_dagrun for example_task_group_decorator to 2024-03-15 00:00:00+00:00, run_after=2024-03-16 00:00:00+00:00
[2024-03-16T11:29:57.351+0500] {processor.py:183} INFO - Processing /home/muhammadsami/Public/Projects/Airflow/DataPipelineswithApacheAirflow/.env/lib/python3.8/site-packages/airflow/example_dags/example_task_group_decorator.py took 0.165 seconds
[2024-03-16T11:30:49.568+0500] {processor.py:161} INFO - Started process (PID=19014) to work on /home/muhammadsami/Public/Projects/Airflow/DataPipelineswithApacheAirflow/.env/lib/python3.8/site-packages/airflow/example_dags/example_task_group_decorator.py
[2024-03-16T11:30:49.586+0500] {processor.py:830} INFO - Processing file /home/muhammadsami/Public/Projects/Airflow/DataPipelineswithApacheAirflow/.env/lib/python3.8/site-packages/airflow/example_dags/example_task_group_decorator.py for tasks to queue
[2024-03-16T11:30:49.587+0500] {logging_mixin.py:188} INFO - [2024-03-16T11:30:49.586+0500] {dagbag.py:540} INFO - Filling up the DagBag from /home/muhammadsami/Public/Projects/Airflow/DataPipelineswithApacheAirflow/.env/lib/python3.8/site-packages/airflow/example_dags/example_task_group_decorator.py
[2024-03-16T11:30:49.599+0500] {processor.py:840} INFO - DAG(s) 'example_task_group_decorator' retrieved from /home/muhammadsami/Public/Projects/Airflow/DataPipelineswithApacheAirflow/.env/lib/python3.8/site-packages/airflow/example_dags/example_task_group_decorator.py
[2024-03-16T11:30:49.615+0500] {logging_mixin.py:188} INFO - [2024-03-16T11:30:49.615+0500] {dag.py:3047} INFO - Sync 1 DAGs
[2024-03-16T11:30:49.632+0500] {logging_mixin.py:188} INFO - [2024-03-16T11:30:49.632+0500] {dag.py:3834} INFO - Setting next_dagrun for example_task_group_decorator to 2024-03-15 00:00:00+00:00, run_after=2024-03-16 00:00:00+00:00
[2024-03-16T11:30:49.728+0500] {processor.py:183} INFO - Processing /home/muhammadsami/Public/Projects/Airflow/DataPipelineswithApacheAirflow/.env/lib/python3.8/site-packages/airflow/example_dags/example_task_group_decorator.py took 0.162 seconds
[2024-03-16T11:38:54.593+0500] {processor.py:161} INFO - Started process (PID=19548) to work on /home/muhammadsami/Public/Projects/Airflow/DataPipelineswithApacheAirflow/.env/lib/python3.8/site-packages/airflow/example_dags/example_task_group_decorator.py
[2024-03-16T11:38:54.594+0500] {processor.py:830} INFO - Processing file /home/muhammadsami/Public/Projects/Airflow/DataPipelineswithApacheAirflow/.env/lib/python3.8/site-packages/airflow/example_dags/example_task_group_decorator.py for tasks to queue
[2024-03-16T11:38:54.595+0500] {logging_mixin.py:188} INFO - [2024-03-16T11:38:54.595+0500] {dagbag.py:540} INFO - Filling up the DagBag from /home/muhammadsami/Public/Projects/Airflow/DataPipelineswithApacheAirflow/.env/lib/python3.8/site-packages/airflow/example_dags/example_task_group_decorator.py
[2024-03-16T11:38:54.610+0500] {processor.py:840} INFO - DAG(s) 'example_task_group_decorator' retrieved from /home/muhammadsami/Public/Projects/Airflow/DataPipelineswithApacheAirflow/.env/lib/python3.8/site-packages/airflow/example_dags/example_task_group_decorator.py
[2024-03-16T11:38:54.635+0500] {logging_mixin.py:188} INFO - [2024-03-16T11:38:54.634+0500] {dag.py:3047} INFO - Sync 1 DAGs
[2024-03-16T11:38:54.656+0500] {logging_mixin.py:188} INFO - [2024-03-16T11:38:54.655+0500] {dag.py:3834} INFO - Setting next_dagrun for example_task_group_decorator to 2024-03-15 00:00:00+00:00, run_after=2024-03-16 00:00:00+00:00
[2024-03-16T11:38:54.772+0500] {processor.py:183} INFO - Processing /home/muhammadsami/Public/Projects/Airflow/DataPipelineswithApacheAirflow/.env/lib/python3.8/site-packages/airflow/example_dags/example_task_group_decorator.py took 0.181 seconds
[2024-03-16T11:39:59.899+0500] {processor.py:161} INFO - Started process (PID=19894) to work on /home/muhammadsami/Public/Projects/Airflow/DataPipelineswithApacheAirflow/.env/lib/python3.8/site-packages/airflow/example_dags/example_task_group_decorator.py
[2024-03-16T11:39:59.901+0500] {processor.py:830} INFO - Processing file /home/muhammadsami/Public/Projects/Airflow/DataPipelineswithApacheAirflow/.env/lib/python3.8/site-packages/airflow/example_dags/example_task_group_decorator.py for tasks to queue
[2024-03-16T11:39:59.902+0500] {logging_mixin.py:188} INFO - [2024-03-16T11:39:59.901+0500] {dagbag.py:540} INFO - Filling up the DagBag from /home/muhammadsami/Public/Projects/Airflow/DataPipelineswithApacheAirflow/.env/lib/python3.8/site-packages/airflow/example_dags/example_task_group_decorator.py
[2024-03-16T11:39:59.917+0500] {processor.py:840} INFO - DAG(s) 'example_task_group_decorator' retrieved from /home/muhammadsami/Public/Projects/Airflow/DataPipelineswithApacheAirflow/.env/lib/python3.8/site-packages/airflow/example_dags/example_task_group_decorator.py
[2024-03-16T11:39:59.933+0500] {logging_mixin.py:188} INFO - [2024-03-16T11:39:59.933+0500] {dag.py:3047} INFO - Sync 1 DAGs
[2024-03-16T11:39:59.950+0500] {logging_mixin.py:188} INFO - [2024-03-16T11:39:59.950+0500] {dag.py:3834} INFO - Setting next_dagrun for example_task_group_decorator to 2024-03-15 00:00:00+00:00, run_after=2024-03-16 00:00:00+00:00
[2024-03-16T11:40:00.137+0500] {processor.py:183} INFO - Processing /home/muhammadsami/Public/Projects/Airflow/DataPipelineswithApacheAirflow/.env/lib/python3.8/site-packages/airflow/example_dags/example_task_group_decorator.py took 0.240 seconds
[2024-03-16T11:41:12.449+0500] {processor.py:161} INFO - Started process (PID=20173) to work on /home/muhammadsami/Public/Projects/Airflow/DataPipelineswithApacheAirflow/.env/lib/python3.8/site-packages/airflow/example_dags/example_task_group_decorator.py
[2024-03-16T11:41:12.451+0500] {processor.py:830} INFO - Processing file /home/muhammadsami/Public/Projects/Airflow/DataPipelineswithApacheAirflow/.env/lib/python3.8/site-packages/airflow/example_dags/example_task_group_decorator.py for tasks to queue
[2024-03-16T11:41:12.452+0500] {logging_mixin.py:188} INFO - [2024-03-16T11:41:12.451+0500] {dagbag.py:540} INFO - Filling up the DagBag from /home/muhammadsami/Public/Projects/Airflow/DataPipelineswithApacheAirflow/.env/lib/python3.8/site-packages/airflow/example_dags/example_task_group_decorator.py
[2024-03-16T11:41:12.469+0500] {processor.py:840} INFO - DAG(s) 'example_task_group_decorator' retrieved from /home/muhammadsami/Public/Projects/Airflow/DataPipelineswithApacheAirflow/.env/lib/python3.8/site-packages/airflow/example_dags/example_task_group_decorator.py
[2024-03-16T11:41:12.485+0500] {logging_mixin.py:188} INFO - [2024-03-16T11:41:12.485+0500] {dag.py:3047} INFO - Sync 1 DAGs
[2024-03-16T11:41:12.503+0500] {logging_mixin.py:188} INFO - [2024-03-16T11:41:12.503+0500] {dag.py:3834} INFO - Setting next_dagrun for example_task_group_decorator to 2024-03-15 00:00:00+00:00, run_after=2024-03-16 00:00:00+00:00
[2024-03-16T11:41:12.598+0500] {processor.py:183} INFO - Processing /home/muhammadsami/Public/Projects/Airflow/DataPipelineswithApacheAirflow/.env/lib/python3.8/site-packages/airflow/example_dags/example_task_group_decorator.py took 0.151 seconds
[2024-03-16T11:42:18.067+0500] {processor.py:161} INFO - Started process (PID=20244) to work on /home/muhammadsami/Public/Projects/Airflow/DataPipelineswithApacheAirflow/.env/lib/python3.8/site-packages/airflow/example_dags/example_task_group_decorator.py
[2024-03-16T11:42:18.068+0500] {processor.py:830} INFO - Processing file /home/muhammadsami/Public/Projects/Airflow/DataPipelineswithApacheAirflow/.env/lib/python3.8/site-packages/airflow/example_dags/example_task_group_decorator.py for tasks to queue
[2024-03-16T11:42:18.069+0500] {logging_mixin.py:188} INFO - [2024-03-16T11:42:18.069+0500] {dagbag.py:540} INFO - Filling up the DagBag from /home/muhammadsami/Public/Projects/Airflow/DataPipelineswithApacheAirflow/.env/lib/python3.8/site-packages/airflow/example_dags/example_task_group_decorator.py
[2024-03-16T11:42:18.083+0500] {processor.py:840} INFO - DAG(s) 'example_task_group_decorator' retrieved from /home/muhammadsami/Public/Projects/Airflow/DataPipelineswithApacheAirflow/.env/lib/python3.8/site-packages/airflow/example_dags/example_task_group_decorator.py
[2024-03-16T11:42:18.102+0500] {logging_mixin.py:188} INFO - [2024-03-16T11:42:18.102+0500] {dag.py:3047} INFO - Sync 1 DAGs
[2024-03-16T11:42:18.125+0500] {logging_mixin.py:188} INFO - [2024-03-16T11:42:18.125+0500] {dag.py:3834} INFO - Setting next_dagrun for example_task_group_decorator to 2024-03-15 00:00:00+00:00, run_after=2024-03-16 00:00:00+00:00
[2024-03-16T11:42:18.218+0500] {processor.py:183} INFO - Processing /home/muhammadsami/Public/Projects/Airflow/DataPipelineswithApacheAirflow/.env/lib/python3.8/site-packages/airflow/example_dags/example_task_group_decorator.py took 0.154 seconds
[2024-03-16T11:43:12.525+0500] {processor.py:161} INFO - Started process (PID=20305) to work on /home/muhammadsami/Public/Projects/Airflow/DataPipelineswithApacheAirflow/.env/lib/python3.8/site-packages/airflow/example_dags/example_task_group_decorator.py
[2024-03-16T11:43:12.535+0500] {processor.py:830} INFO - Processing file /home/muhammadsami/Public/Projects/Airflow/DataPipelineswithApacheAirflow/.env/lib/python3.8/site-packages/airflow/example_dags/example_task_group_decorator.py for tasks to queue
[2024-03-16T11:43:12.536+0500] {logging_mixin.py:188} INFO - [2024-03-16T11:43:12.536+0500] {dagbag.py:540} INFO - Filling up the DagBag from /home/muhammadsami/Public/Projects/Airflow/DataPipelineswithApacheAirflow/.env/lib/python3.8/site-packages/airflow/example_dags/example_task_group_decorator.py
[2024-03-16T11:43:12.549+0500] {processor.py:840} INFO - DAG(s) 'example_task_group_decorator' retrieved from /home/muhammadsami/Public/Projects/Airflow/DataPipelineswithApacheAirflow/.env/lib/python3.8/site-packages/airflow/example_dags/example_task_group_decorator.py
[2024-03-16T11:43:12.565+0500] {logging_mixin.py:188} INFO - [2024-03-16T11:43:12.565+0500] {dag.py:3047} INFO - Sync 1 DAGs
[2024-03-16T11:43:12.581+0500] {logging_mixin.py:188} INFO - [2024-03-16T11:43:12.581+0500] {dag.py:3834} INFO - Setting next_dagrun for example_task_group_decorator to 2024-03-15 00:00:00+00:00, run_after=2024-03-16 00:00:00+00:00
[2024-03-16T11:43:12.675+0500] {processor.py:183} INFO - Processing /home/muhammadsami/Public/Projects/Airflow/DataPipelineswithApacheAirflow/.env/lib/python3.8/site-packages/airflow/example_dags/example_task_group_decorator.py took 0.153 seconds
[2024-03-16T11:44:04.950+0500] {processor.py:161} INFO - Started process (PID=20383) to work on /home/muhammadsami/Public/Projects/Airflow/DataPipelineswithApacheAirflow/.env/lib/python3.8/site-packages/airflow/example_dags/example_task_group_decorator.py
[2024-03-16T11:44:04.952+0500] {processor.py:830} INFO - Processing file /home/muhammadsami/Public/Projects/Airflow/DataPipelineswithApacheAirflow/.env/lib/python3.8/site-packages/airflow/example_dags/example_task_group_decorator.py for tasks to queue
[2024-03-16T11:44:04.953+0500] {logging_mixin.py:188} INFO - [2024-03-16T11:44:04.952+0500] {dagbag.py:540} INFO - Filling up the DagBag from /home/muhammadsami/Public/Projects/Airflow/DataPipelineswithApacheAirflow/.env/lib/python3.8/site-packages/airflow/example_dags/example_task_group_decorator.py
[2024-03-16T11:44:04.968+0500] {processor.py:840} INFO - DAG(s) 'example_task_group_decorator' retrieved from /home/muhammadsami/Public/Projects/Airflow/DataPipelineswithApacheAirflow/.env/lib/python3.8/site-packages/airflow/example_dags/example_task_group_decorator.py
[2024-03-16T11:44:04.983+0500] {logging_mixin.py:188} INFO - [2024-03-16T11:44:04.983+0500] {dag.py:3047} INFO - Sync 1 DAGs
[2024-03-16T11:44:05.001+0500] {logging_mixin.py:188} INFO - [2024-03-16T11:44:05.000+0500] {dag.py:3834} INFO - Setting next_dagrun for example_task_group_decorator to 2024-03-15 00:00:00+00:00, run_after=2024-03-16 00:00:00+00:00
[2024-03-16T11:44:05.093+0500] {processor.py:183} INFO - Processing /home/muhammadsami/Public/Projects/Airflow/DataPipelineswithApacheAirflow/.env/lib/python3.8/site-packages/airflow/example_dags/example_task_group_decorator.py took 0.145 seconds
[2024-03-16T11:45:06.900+0500] {processor.py:161} INFO - Started process (PID=20676) to work on /home/muhammadsami/Public/Projects/Airflow/DataPipelineswithApacheAirflow/.env/lib/python3.8/site-packages/airflow/example_dags/example_task_group_decorator.py
[2024-03-16T11:45:06.901+0500] {processor.py:830} INFO - Processing file /home/muhammadsami/Public/Projects/Airflow/DataPipelineswithApacheAirflow/.env/lib/python3.8/site-packages/airflow/example_dags/example_task_group_decorator.py for tasks to queue
[2024-03-16T11:45:06.902+0500] {logging_mixin.py:188} INFO - [2024-03-16T11:45:06.902+0500] {dagbag.py:540} INFO - Filling up the DagBag from /home/muhammadsami/Public/Projects/Airflow/DataPipelineswithApacheAirflow/.env/lib/python3.8/site-packages/airflow/example_dags/example_task_group_decorator.py
[2024-03-16T11:45:06.920+0500] {processor.py:840} INFO - DAG(s) 'example_task_group_decorator' retrieved from /home/muhammadsami/Public/Projects/Airflow/DataPipelineswithApacheAirflow/.env/lib/python3.8/site-packages/airflow/example_dags/example_task_group_decorator.py
[2024-03-16T11:45:06.940+0500] {logging_mixin.py:188} INFO - [2024-03-16T11:45:06.940+0500] {dag.py:3047} INFO - Sync 1 DAGs
[2024-03-16T11:45:06.960+0500] {logging_mixin.py:188} INFO - [2024-03-16T11:45:06.960+0500] {dag.py:3834} INFO - Setting next_dagrun for example_task_group_decorator to 2024-03-15 00:00:00+00:00, run_after=2024-03-16 00:00:00+00:00
[2024-03-16T11:45:07.070+0500] {processor.py:183} INFO - Processing /home/muhammadsami/Public/Projects/Airflow/DataPipelineswithApacheAirflow/.env/lib/python3.8/site-packages/airflow/example_dags/example_task_group_decorator.py took 0.173 seconds
[2024-03-16T11:46:10.147+0500] {processor.py:161} INFO - Started process (PID=20860) to work on /home/muhammadsami/Public/Projects/Airflow/DataPipelineswithApacheAirflow/.env/lib/python3.8/site-packages/airflow/example_dags/example_task_group_decorator.py
[2024-03-16T11:46:10.160+0500] {processor.py:830} INFO - Processing file /home/muhammadsami/Public/Projects/Airflow/DataPipelineswithApacheAirflow/.env/lib/python3.8/site-packages/airflow/example_dags/example_task_group_decorator.py for tasks to queue
[2024-03-16T11:46:10.161+0500] {logging_mixin.py:188} INFO - [2024-03-16T11:46:10.161+0500] {dagbag.py:540} INFO - Filling up the DagBag from /home/muhammadsami/Public/Projects/Airflow/DataPipelineswithApacheAirflow/.env/lib/python3.8/site-packages/airflow/example_dags/example_task_group_decorator.py
[2024-03-16T11:46:10.174+0500] {processor.py:840} INFO - DAG(s) 'example_task_group_decorator' retrieved from /home/muhammadsami/Public/Projects/Airflow/DataPipelineswithApacheAirflow/.env/lib/python3.8/site-packages/airflow/example_dags/example_task_group_decorator.py
[2024-03-16T11:46:10.190+0500] {logging_mixin.py:188} INFO - [2024-03-16T11:46:10.190+0500] {dag.py:3047} INFO - Sync 1 DAGs
[2024-03-16T11:46:10.206+0500] {logging_mixin.py:188} INFO - [2024-03-16T11:46:10.206+0500] {dag.py:3834} INFO - Setting next_dagrun for example_task_group_decorator to 2024-03-15 00:00:00+00:00, run_after=2024-03-16 00:00:00+00:00
[2024-03-16T11:46:10.302+0500] {processor.py:183} INFO - Processing /home/muhammadsami/Public/Projects/Airflow/DataPipelineswithApacheAirflow/.env/lib/python3.8/site-packages/airflow/example_dags/example_task_group_decorator.py took 0.157 seconds
[2024-03-16T11:47:01.635+0500] {processor.py:161} INFO - Started process (PID=20913) to work on /home/muhammadsami/Public/Projects/Airflow/DataPipelineswithApacheAirflow/.env/lib/python3.8/site-packages/airflow/example_dags/example_task_group_decorator.py
[2024-03-16T11:47:01.637+0500] {processor.py:830} INFO - Processing file /home/muhammadsami/Public/Projects/Airflow/DataPipelineswithApacheAirflow/.env/lib/python3.8/site-packages/airflow/example_dags/example_task_group_decorator.py for tasks to queue
[2024-03-16T11:47:01.637+0500] {logging_mixin.py:188} INFO - [2024-03-16T11:47:01.637+0500] {dagbag.py:540} INFO - Filling up the DagBag from /home/muhammadsami/Public/Projects/Airflow/DataPipelineswithApacheAirflow/.env/lib/python3.8/site-packages/airflow/example_dags/example_task_group_decorator.py
[2024-03-16T11:47:01.652+0500] {processor.py:840} INFO - DAG(s) 'example_task_group_decorator' retrieved from /home/muhammadsami/Public/Projects/Airflow/DataPipelineswithApacheAirflow/.env/lib/python3.8/site-packages/airflow/example_dags/example_task_group_decorator.py
[2024-03-16T11:47:01.668+0500] {logging_mixin.py:188} INFO - [2024-03-16T11:47:01.667+0500] {dag.py:3047} INFO - Sync 1 DAGs
[2024-03-16T11:47:01.684+0500] {logging_mixin.py:188} INFO - [2024-03-16T11:47:01.684+0500] {dag.py:3834} INFO - Setting next_dagrun for example_task_group_decorator to 2024-03-15 00:00:00+00:00, run_after=2024-03-16 00:00:00+00:00
[2024-03-16T11:47:01.780+0500] {processor.py:183} INFO - Processing /home/muhammadsami/Public/Projects/Airflow/DataPipelineswithApacheAirflow/.env/lib/python3.8/site-packages/airflow/example_dags/example_task_group_decorator.py took 0.148 seconds
[2024-03-16T11:47:52.583+0500] {processor.py:161} INFO - Started process (PID=20991) to work on /home/muhammadsami/Public/Projects/Airflow/DataPipelineswithApacheAirflow/.env/lib/python3.8/site-packages/airflow/example_dags/example_task_group_decorator.py
[2024-03-16T11:47:52.584+0500] {processor.py:830} INFO - Processing file /home/muhammadsami/Public/Projects/Airflow/DataPipelineswithApacheAirflow/.env/lib/python3.8/site-packages/airflow/example_dags/example_task_group_decorator.py for tasks to queue
[2024-03-16T11:47:52.585+0500] {logging_mixin.py:188} INFO - [2024-03-16T11:47:52.585+0500] {dagbag.py:540} INFO - Filling up the DagBag from /home/muhammadsami/Public/Projects/Airflow/DataPipelineswithApacheAirflow/.env/lib/python3.8/site-packages/airflow/example_dags/example_task_group_decorator.py
[2024-03-16T11:47:52.599+0500] {processor.py:840} INFO - DAG(s) 'example_task_group_decorator' retrieved from /home/muhammadsami/Public/Projects/Airflow/DataPipelineswithApacheAirflow/.env/lib/python3.8/site-packages/airflow/example_dags/example_task_group_decorator.py
[2024-03-16T11:47:52.616+0500] {logging_mixin.py:188} INFO - [2024-03-16T11:47:52.616+0500] {dag.py:3047} INFO - Sync 1 DAGs
[2024-03-16T11:47:52.634+0500] {logging_mixin.py:188} INFO - [2024-03-16T11:47:52.634+0500] {dag.py:3834} INFO - Setting next_dagrun for example_task_group_decorator to 2024-03-15 00:00:00+00:00, run_after=2024-03-16 00:00:00+00:00
[2024-03-16T11:47:52.739+0500] {processor.py:183} INFO - Processing /home/muhammadsami/Public/Projects/Airflow/DataPipelineswithApacheAirflow/.env/lib/python3.8/site-packages/airflow/example_dags/example_task_group_decorator.py took 0.159 seconds
[2024-03-16T11:48:39.874+0500] {processor.py:161} INFO - Started process (PID=21066) to work on /home/muhammadsami/Public/Projects/Airflow/DataPipelineswithApacheAirflow/.env/lib/python3.8/site-packages/airflow/example_dags/example_task_group_decorator.py
[2024-03-16T11:48:39.875+0500] {processor.py:830} INFO - Processing file /home/muhammadsami/Public/Projects/Airflow/DataPipelineswithApacheAirflow/.env/lib/python3.8/site-packages/airflow/example_dags/example_task_group_decorator.py for tasks to queue
[2024-03-16T11:48:39.876+0500] {logging_mixin.py:188} INFO - [2024-03-16T11:48:39.875+0500] {dagbag.py:540} INFO - Filling up the DagBag from /home/muhammadsami/Public/Projects/Airflow/DataPipelineswithApacheAirflow/.env/lib/python3.8/site-packages/airflow/example_dags/example_task_group_decorator.py
[2024-03-16T11:48:39.888+0500] {processor.py:840} INFO - DAG(s) 'example_task_group_decorator' retrieved from /home/muhammadsami/Public/Projects/Airflow/DataPipelineswithApacheAirflow/.env/lib/python3.8/site-packages/airflow/example_dags/example_task_group_decorator.py
[2024-03-16T11:48:39.905+0500] {logging_mixin.py:188} INFO - [2024-03-16T11:48:39.904+0500] {dag.py:3047} INFO - Sync 1 DAGs
[2024-03-16T11:48:39.921+0500] {logging_mixin.py:188} INFO - [2024-03-16T11:48:39.921+0500] {dag.py:3834} INFO - Setting next_dagrun for example_task_group_decorator to 2024-03-15 00:00:00+00:00, run_after=2024-03-16 00:00:00+00:00
[2024-03-16T11:48:40.046+0500] {processor.py:183} INFO - Processing /home/muhammadsami/Public/Projects/Airflow/DataPipelineswithApacheAirflow/.env/lib/python3.8/site-packages/airflow/example_dags/example_task_group_decorator.py took 0.174 seconds
[2024-03-16T11:49:27.403+0500] {processor.py:161} INFO - Started process (PID=21111) to work on /home/muhammadsami/Public/Projects/Airflow/DataPipelineswithApacheAirflow/.env/lib/python3.8/site-packages/airflow/example_dags/example_task_group_decorator.py
[2024-03-16T11:49:27.405+0500] {processor.py:830} INFO - Processing file /home/muhammadsami/Public/Projects/Airflow/DataPipelineswithApacheAirflow/.env/lib/python3.8/site-packages/airflow/example_dags/example_task_group_decorator.py for tasks to queue
[2024-03-16T11:49:27.406+0500] {logging_mixin.py:188} INFO - [2024-03-16T11:49:27.405+0500] {dagbag.py:540} INFO - Filling up the DagBag from /home/muhammadsami/Public/Projects/Airflow/DataPipelineswithApacheAirflow/.env/lib/python3.8/site-packages/airflow/example_dags/example_task_group_decorator.py
[2024-03-16T11:49:27.421+0500] {processor.py:840} INFO - DAG(s) 'example_task_group_decorator' retrieved from /home/muhammadsami/Public/Projects/Airflow/DataPipelineswithApacheAirflow/.env/lib/python3.8/site-packages/airflow/example_dags/example_task_group_decorator.py
[2024-03-16T11:49:27.438+0500] {logging_mixin.py:188} INFO - [2024-03-16T11:49:27.438+0500] {dag.py:3047} INFO - Sync 1 DAGs
[2024-03-16T11:49:27.459+0500] {logging_mixin.py:188} INFO - [2024-03-16T11:49:27.459+0500] {dag.py:3834} INFO - Setting next_dagrun for example_task_group_decorator to 2024-03-15 00:00:00+00:00, run_after=2024-03-16 00:00:00+00:00
[2024-03-16T11:49:27.556+0500] {processor.py:183} INFO - Processing /home/muhammadsami/Public/Projects/Airflow/DataPipelineswithApacheAirflow/.env/lib/python3.8/site-packages/airflow/example_dags/example_task_group_decorator.py took 0.155 seconds
[2024-03-16T11:50:17.027+0500] {processor.py:161} INFO - Started process (PID=21157) to work on /home/muhammadsami/Public/Projects/Airflow/DataPipelineswithApacheAirflow/.env/lib/python3.8/site-packages/airflow/example_dags/example_task_group_decorator.py
[2024-03-16T11:50:17.028+0500] {processor.py:830} INFO - Processing file /home/muhammadsami/Public/Projects/Airflow/DataPipelineswithApacheAirflow/.env/lib/python3.8/site-packages/airflow/example_dags/example_task_group_decorator.py for tasks to queue
[2024-03-16T11:50:17.029+0500] {logging_mixin.py:188} INFO - [2024-03-16T11:50:17.029+0500] {dagbag.py:540} INFO - Filling up the DagBag from /home/muhammadsami/Public/Projects/Airflow/DataPipelineswithApacheAirflow/.env/lib/python3.8/site-packages/airflow/example_dags/example_task_group_decorator.py
[2024-03-16T11:50:17.044+0500] {processor.py:840} INFO - DAG(s) 'example_task_group_decorator' retrieved from /home/muhammadsami/Public/Projects/Airflow/DataPipelineswithApacheAirflow/.env/lib/python3.8/site-packages/airflow/example_dags/example_task_group_decorator.py
[2024-03-16T11:50:17.061+0500] {logging_mixin.py:188} INFO - [2024-03-16T11:50:17.060+0500] {dag.py:3047} INFO - Sync 1 DAGs
[2024-03-16T11:50:17.079+0500] {logging_mixin.py:188} INFO - [2024-03-16T11:50:17.078+0500] {dag.py:3834} INFO - Setting next_dagrun for example_task_group_decorator to 2024-03-15 00:00:00+00:00, run_after=2024-03-16 00:00:00+00:00
[2024-03-16T11:50:17.179+0500] {processor.py:183} INFO - Processing /home/muhammadsami/Public/Projects/Airflow/DataPipelineswithApacheAirflow/.env/lib/python3.8/site-packages/airflow/example_dags/example_task_group_decorator.py took 0.154 seconds
[2024-03-16T11:51:08.100+0500] {processor.py:161} INFO - Started process (PID=21243) to work on /home/muhammadsami/Public/Projects/Airflow/DataPipelineswithApacheAirflow/.env/lib/python3.8/site-packages/airflow/example_dags/example_task_group_decorator.py
[2024-03-16T11:51:08.128+0500] {processor.py:830} INFO - Processing file /home/muhammadsami/Public/Projects/Airflow/DataPipelineswithApacheAirflow/.env/lib/python3.8/site-packages/airflow/example_dags/example_task_group_decorator.py for tasks to queue
[2024-03-16T11:51:08.129+0500] {logging_mixin.py:188} INFO - [2024-03-16T11:51:08.128+0500] {dagbag.py:540} INFO - Filling up the DagBag from /home/muhammadsami/Public/Projects/Airflow/DataPipelineswithApacheAirflow/.env/lib/python3.8/site-packages/airflow/example_dags/example_task_group_decorator.py
[2024-03-16T11:51:08.149+0500] {processor.py:840} INFO - DAG(s) 'example_task_group_decorator' retrieved from /home/muhammadsami/Public/Projects/Airflow/DataPipelineswithApacheAirflow/.env/lib/python3.8/site-packages/airflow/example_dags/example_task_group_decorator.py
[2024-03-16T11:51:08.179+0500] {logging_mixin.py:188} INFO - [2024-03-16T11:51:08.178+0500] {dag.py:3047} INFO - Sync 1 DAGs
[2024-03-16T11:51:08.210+0500] {logging_mixin.py:188} INFO - [2024-03-16T11:51:08.210+0500] {dag.py:3834} INFO - Setting next_dagrun for example_task_group_decorator to 2024-03-15 00:00:00+00:00, run_after=2024-03-16 00:00:00+00:00
[2024-03-16T11:51:08.445+0500] {processor.py:183} INFO - Processing /home/muhammadsami/Public/Projects/Airflow/DataPipelineswithApacheAirflow/.env/lib/python3.8/site-packages/airflow/example_dags/example_task_group_decorator.py took 0.347 seconds
[2024-03-16T11:52:01.476+0500] {processor.py:161} INFO - Started process (PID=21385) to work on /home/muhammadsami/Public/Projects/Airflow/DataPipelineswithApacheAirflow/.env/lib/python3.8/site-packages/airflow/example_dags/example_task_group_decorator.py
[2024-03-16T11:52:01.491+0500] {processor.py:830} INFO - Processing file /home/muhammadsami/Public/Projects/Airflow/DataPipelineswithApacheAirflow/.env/lib/python3.8/site-packages/airflow/example_dags/example_task_group_decorator.py for tasks to queue
[2024-03-16T11:52:01.492+0500] {logging_mixin.py:188} INFO - [2024-03-16T11:52:01.492+0500] {dagbag.py:540} INFO - Filling up the DagBag from /home/muhammadsami/Public/Projects/Airflow/DataPipelineswithApacheAirflow/.env/lib/python3.8/site-packages/airflow/example_dags/example_task_group_decorator.py
[2024-03-16T11:52:01.505+0500] {processor.py:840} INFO - DAG(s) 'example_task_group_decorator' retrieved from /home/muhammadsami/Public/Projects/Airflow/DataPipelineswithApacheAirflow/.env/lib/python3.8/site-packages/airflow/example_dags/example_task_group_decorator.py
[2024-03-16T11:52:01.524+0500] {logging_mixin.py:188} INFO - [2024-03-16T11:52:01.524+0500] {dag.py:3047} INFO - Sync 1 DAGs
[2024-03-16T11:52:01.545+0500] {logging_mixin.py:188} INFO - [2024-03-16T11:52:01.545+0500] {dag.py:3834} INFO - Setting next_dagrun for example_task_group_decorator to 2024-03-15 00:00:00+00:00, run_after=2024-03-16 00:00:00+00:00
[2024-03-16T11:52:01.635+0500] {processor.py:183} INFO - Processing /home/muhammadsami/Public/Projects/Airflow/DataPipelineswithApacheAirflow/.env/lib/python3.8/site-packages/airflow/example_dags/example_task_group_decorator.py took 0.162 seconds
[2024-03-16T11:52:53.436+0500] {processor.py:161} INFO - Started process (PID=21506) to work on /home/muhammadsami/Public/Projects/Airflow/DataPipelineswithApacheAirflow/.env/lib/python3.8/site-packages/airflow/example_dags/example_task_group_decorator.py
[2024-03-16T11:52:53.449+0500] {processor.py:830} INFO - Processing file /home/muhammadsami/Public/Projects/Airflow/DataPipelineswithApacheAirflow/.env/lib/python3.8/site-packages/airflow/example_dags/example_task_group_decorator.py for tasks to queue
[2024-03-16T11:52:53.450+0500] {logging_mixin.py:188} INFO - [2024-03-16T11:52:53.450+0500] {dagbag.py:540} INFO - Filling up the DagBag from /home/muhammadsami/Public/Projects/Airflow/DataPipelineswithApacheAirflow/.env/lib/python3.8/site-packages/airflow/example_dags/example_task_group_decorator.py
[2024-03-16T11:52:53.463+0500] {processor.py:840} INFO - DAG(s) 'example_task_group_decorator' retrieved from /home/muhammadsami/Public/Projects/Airflow/DataPipelineswithApacheAirflow/.env/lib/python3.8/site-packages/airflow/example_dags/example_task_group_decorator.py
[2024-03-16T11:52:53.480+0500] {logging_mixin.py:188} INFO - [2024-03-16T11:52:53.480+0500] {dag.py:3047} INFO - Sync 1 DAGs
[2024-03-16T11:52:53.496+0500] {logging_mixin.py:188} INFO - [2024-03-16T11:52:53.496+0500] {dag.py:3834} INFO - Setting next_dagrun for example_task_group_decorator to 2024-03-15 00:00:00+00:00, run_after=2024-03-16 00:00:00+00:00
[2024-03-16T11:52:53.601+0500] {processor.py:183} INFO - Processing /home/muhammadsami/Public/Projects/Airflow/DataPipelineswithApacheAirflow/.env/lib/python3.8/site-packages/airflow/example_dags/example_task_group_decorator.py took 0.168 seconds
[2024-03-16T11:53:45.927+0500] {processor.py:161} INFO - Started process (PID=21626) to work on /home/muhammadsami/Public/Projects/Airflow/DataPipelineswithApacheAirflow/.env/lib/python3.8/site-packages/airflow/example_dags/example_task_group_decorator.py
[2024-03-16T11:53:45.951+0500] {processor.py:830} INFO - Processing file /home/muhammadsami/Public/Projects/Airflow/DataPipelineswithApacheAirflow/.env/lib/python3.8/site-packages/airflow/example_dags/example_task_group_decorator.py for tasks to queue
[2024-03-16T11:53:45.952+0500] {logging_mixin.py:188} INFO - [2024-03-16T11:53:45.952+0500] {dagbag.py:540} INFO - Filling up the DagBag from /home/muhammadsami/Public/Projects/Airflow/DataPipelineswithApacheAirflow/.env/lib/python3.8/site-packages/airflow/example_dags/example_task_group_decorator.py
[2024-03-16T11:53:45.969+0500] {processor.py:840} INFO - DAG(s) 'example_task_group_decorator' retrieved from /home/muhammadsami/Public/Projects/Airflow/DataPipelineswithApacheAirflow/.env/lib/python3.8/site-packages/airflow/example_dags/example_task_group_decorator.py
[2024-03-16T11:53:45.987+0500] {logging_mixin.py:188} INFO - [2024-03-16T11:53:45.986+0500] {dag.py:3047} INFO - Sync 1 DAGs
[2024-03-16T11:53:46.005+0500] {logging_mixin.py:188} INFO - [2024-03-16T11:53:46.005+0500] {dag.py:3834} INFO - Setting next_dagrun for example_task_group_decorator to 2024-03-15 00:00:00+00:00, run_after=2024-03-16 00:00:00+00:00
[2024-03-16T11:53:46.103+0500] {processor.py:183} INFO - Processing /home/muhammadsami/Public/Projects/Airflow/DataPipelineswithApacheAirflow/.env/lib/python3.8/site-packages/airflow/example_dags/example_task_group_decorator.py took 0.179 seconds
[2024-03-16T11:54:36.060+0500] {processor.py:161} INFO - Started process (PID=21694) to work on /home/muhammadsami/Public/Projects/Airflow/DataPipelineswithApacheAirflow/.env/lib/python3.8/site-packages/airflow/example_dags/example_task_group_decorator.py
[2024-03-16T11:54:36.073+0500] {processor.py:830} INFO - Processing file /home/muhammadsami/Public/Projects/Airflow/DataPipelineswithApacheAirflow/.env/lib/python3.8/site-packages/airflow/example_dags/example_task_group_decorator.py for tasks to queue
[2024-03-16T11:54:36.074+0500] {logging_mixin.py:188} INFO - [2024-03-16T11:54:36.074+0500] {dagbag.py:540} INFO - Filling up the DagBag from /home/muhammadsami/Public/Projects/Airflow/DataPipelineswithApacheAirflow/.env/lib/python3.8/site-packages/airflow/example_dags/example_task_group_decorator.py
[2024-03-16T11:54:36.087+0500] {processor.py:840} INFO - DAG(s) 'example_task_group_decorator' retrieved from /home/muhammadsami/Public/Projects/Airflow/DataPipelineswithApacheAirflow/.env/lib/python3.8/site-packages/airflow/example_dags/example_task_group_decorator.py
[2024-03-16T11:54:36.103+0500] {logging_mixin.py:188} INFO - [2024-03-16T11:54:36.103+0500] {dag.py:3047} INFO - Sync 1 DAGs
[2024-03-16T11:54:36.119+0500] {logging_mixin.py:188} INFO - [2024-03-16T11:54:36.119+0500] {dag.py:3834} INFO - Setting next_dagrun for example_task_group_decorator to 2024-03-15 00:00:00+00:00, run_after=2024-03-16 00:00:00+00:00
[2024-03-16T11:54:36.211+0500] {processor.py:183} INFO - Processing /home/muhammadsami/Public/Projects/Airflow/DataPipelineswithApacheAirflow/.env/lib/python3.8/site-packages/airflow/example_dags/example_task_group_decorator.py took 0.153 seconds
[2024-03-16T11:55:25.291+0500] {processor.py:161} INFO - Started process (PID=21878) to work on /home/muhammadsami/Public/Projects/Airflow/DataPipelineswithApacheAirflow/.env/lib/python3.8/site-packages/airflow/example_dags/example_task_group_decorator.py
[2024-03-16T11:55:25.292+0500] {processor.py:830} INFO - Processing file /home/muhammadsami/Public/Projects/Airflow/DataPipelineswithApacheAirflow/.env/lib/python3.8/site-packages/airflow/example_dags/example_task_group_decorator.py for tasks to queue
[2024-03-16T11:55:25.294+0500] {logging_mixin.py:188} INFO - [2024-03-16T11:55:25.293+0500] {dagbag.py:540} INFO - Filling up the DagBag from /home/muhammadsami/Public/Projects/Airflow/DataPipelineswithApacheAirflow/.env/lib/python3.8/site-packages/airflow/example_dags/example_task_group_decorator.py
[2024-03-16T11:55:25.311+0500] {processor.py:840} INFO - DAG(s) 'example_task_group_decorator' retrieved from /home/muhammadsami/Public/Projects/Airflow/DataPipelineswithApacheAirflow/.env/lib/python3.8/site-packages/airflow/example_dags/example_task_group_decorator.py
[2024-03-16T11:55:25.333+0500] {logging_mixin.py:188} INFO - [2024-03-16T11:55:25.332+0500] {dag.py:3047} INFO - Sync 1 DAGs
[2024-03-16T11:55:25.357+0500] {logging_mixin.py:188} INFO - [2024-03-16T11:55:25.357+0500] {dag.py:3834} INFO - Setting next_dagrun for example_task_group_decorator to 2024-03-15 00:00:00+00:00, run_after=2024-03-16 00:00:00+00:00
[2024-03-16T11:55:25.455+0500] {processor.py:183} INFO - Processing /home/muhammadsami/Public/Projects/Airflow/DataPipelineswithApacheAirflow/.env/lib/python3.8/site-packages/airflow/example_dags/example_task_group_decorator.py took 0.167 seconds
[2024-03-16T11:56:17.732+0500] {processor.py:161} INFO - Started process (PID=21936) to work on /home/muhammadsami/Public/Projects/Airflow/DataPipelineswithApacheAirflow/.env/lib/python3.8/site-packages/airflow/example_dags/example_task_group_decorator.py
[2024-03-16T11:56:17.733+0500] {processor.py:830} INFO - Processing file /home/muhammadsami/Public/Projects/Airflow/DataPipelineswithApacheAirflow/.env/lib/python3.8/site-packages/airflow/example_dags/example_task_group_decorator.py for tasks to queue
[2024-03-16T11:56:17.734+0500] {logging_mixin.py:188} INFO - [2024-03-16T11:56:17.734+0500] {dagbag.py:540} INFO - Filling up the DagBag from /home/muhammadsami/Public/Projects/Airflow/DataPipelineswithApacheAirflow/.env/lib/python3.8/site-packages/airflow/example_dags/example_task_group_decorator.py
[2024-03-16T11:56:17.752+0500] {processor.py:840} INFO - DAG(s) 'example_task_group_decorator' retrieved from /home/muhammadsami/Public/Projects/Airflow/DataPipelineswithApacheAirflow/.env/lib/python3.8/site-packages/airflow/example_dags/example_task_group_decorator.py
[2024-03-16T11:56:17.770+0500] {logging_mixin.py:188} INFO - [2024-03-16T11:56:17.769+0500] {dag.py:3047} INFO - Sync 1 DAGs
[2024-03-16T11:56:17.789+0500] {logging_mixin.py:188} INFO - [2024-03-16T11:56:17.788+0500] {dag.py:3834} INFO - Setting next_dagrun for example_task_group_decorator to 2024-03-15 00:00:00+00:00, run_after=2024-03-16 00:00:00+00:00
[2024-03-16T11:56:17.888+0500] {processor.py:183} INFO - Processing /home/muhammadsami/Public/Projects/Airflow/DataPipelineswithApacheAirflow/.env/lib/python3.8/site-packages/airflow/example_dags/example_task_group_decorator.py took 0.160 seconds
[2024-03-16T11:57:07.556+0500] {processor.py:161} INFO - Started process (PID=21988) to work on /home/muhammadsami/Public/Projects/Airflow/DataPipelineswithApacheAirflow/.env/lib/python3.8/site-packages/airflow/example_dags/example_task_group_decorator.py
[2024-03-16T11:57:07.557+0500] {processor.py:830} INFO - Processing file /home/muhammadsami/Public/Projects/Airflow/DataPipelineswithApacheAirflow/.env/lib/python3.8/site-packages/airflow/example_dags/example_task_group_decorator.py for tasks to queue
[2024-03-16T11:57:07.558+0500] {logging_mixin.py:188} INFO - [2024-03-16T11:57:07.558+0500] {dagbag.py:540} INFO - Filling up the DagBag from /home/muhammadsami/Public/Projects/Airflow/DataPipelineswithApacheAirflow/.env/lib/python3.8/site-packages/airflow/example_dags/example_task_group_decorator.py
[2024-03-16T11:57:07.579+0500] {processor.py:840} INFO - DAG(s) 'example_task_group_decorator' retrieved from /home/muhammadsami/Public/Projects/Airflow/DataPipelineswithApacheAirflow/.env/lib/python3.8/site-packages/airflow/example_dags/example_task_group_decorator.py
[2024-03-16T11:57:07.597+0500] {logging_mixin.py:188} INFO - [2024-03-16T11:57:07.597+0500] {dag.py:3047} INFO - Sync 1 DAGs
[2024-03-16T11:57:07.614+0500] {logging_mixin.py:188} INFO - [2024-03-16T11:57:07.614+0500] {dag.py:3834} INFO - Setting next_dagrun for example_task_group_decorator to 2024-03-15 00:00:00+00:00, run_after=2024-03-16 00:00:00+00:00
[2024-03-16T11:57:07.712+0500] {processor.py:183} INFO - Processing /home/muhammadsami/Public/Projects/Airflow/DataPipelineswithApacheAirflow/.env/lib/python3.8/site-packages/airflow/example_dags/example_task_group_decorator.py took 0.160 seconds
[2024-03-16T11:58:02.393+0500] {processor.py:161} INFO - Started process (PID=22040) to work on /home/muhammadsami/Public/Projects/Airflow/DataPipelineswithApacheAirflow/.env/lib/python3.8/site-packages/airflow/example_dags/example_task_group_decorator.py
[2024-03-16T11:58:02.394+0500] {processor.py:830} INFO - Processing file /home/muhammadsami/Public/Projects/Airflow/DataPipelineswithApacheAirflow/.env/lib/python3.8/site-packages/airflow/example_dags/example_task_group_decorator.py for tasks to queue
[2024-03-16T11:58:02.395+0500] {logging_mixin.py:188} INFO - [2024-03-16T11:58:02.395+0500] {dagbag.py:540} INFO - Filling up the DagBag from /home/muhammadsami/Public/Projects/Airflow/DataPipelineswithApacheAirflow/.env/lib/python3.8/site-packages/airflow/example_dags/example_task_group_decorator.py
[2024-03-16T11:58:02.410+0500] {processor.py:840} INFO - DAG(s) 'example_task_group_decorator' retrieved from /home/muhammadsami/Public/Projects/Airflow/DataPipelineswithApacheAirflow/.env/lib/python3.8/site-packages/airflow/example_dags/example_task_group_decorator.py
[2024-03-16T11:58:02.429+0500] {logging_mixin.py:188} INFO - [2024-03-16T11:58:02.428+0500] {dag.py:3047} INFO - Sync 1 DAGs
[2024-03-16T11:58:02.445+0500] {logging_mixin.py:188} INFO - [2024-03-16T11:58:02.445+0500] {dag.py:3834} INFO - Setting next_dagrun for example_task_group_decorator to 2024-03-15 00:00:00+00:00, run_after=2024-03-16 00:00:00+00:00
[2024-03-16T11:58:02.555+0500] {processor.py:183} INFO - Processing /home/muhammadsami/Public/Projects/Airflow/DataPipelineswithApacheAirflow/.env/lib/python3.8/site-packages/airflow/example_dags/example_task_group_decorator.py took 0.165 seconds
[2024-03-16T11:58:51.380+0500] {processor.py:161} INFO - Started process (PID=22142) to work on /home/muhammadsami/Public/Projects/Airflow/DataPipelineswithApacheAirflow/.env/lib/python3.8/site-packages/airflow/example_dags/example_task_group_decorator.py
[2024-03-16T11:58:51.390+0500] {processor.py:830} INFO - Processing file /home/muhammadsami/Public/Projects/Airflow/DataPipelineswithApacheAirflow/.env/lib/python3.8/site-packages/airflow/example_dags/example_task_group_decorator.py for tasks to queue
[2024-03-16T11:58:51.391+0500] {logging_mixin.py:188} INFO - [2024-03-16T11:58:51.391+0500] {dagbag.py:540} INFO - Filling up the DagBag from /home/muhammadsami/Public/Projects/Airflow/DataPipelineswithApacheAirflow/.env/lib/python3.8/site-packages/airflow/example_dags/example_task_group_decorator.py
[2024-03-16T11:58:51.404+0500] {processor.py:840} INFO - DAG(s) 'example_task_group_decorator' retrieved from /home/muhammadsami/Public/Projects/Airflow/DataPipelineswithApacheAirflow/.env/lib/python3.8/site-packages/airflow/example_dags/example_task_group_decorator.py
[2024-03-16T11:58:51.420+0500] {logging_mixin.py:188} INFO - [2024-03-16T11:58:51.419+0500] {dag.py:3047} INFO - Sync 1 DAGs
[2024-03-16T11:58:51.437+0500] {logging_mixin.py:188} INFO - [2024-03-16T11:58:51.436+0500] {dag.py:3834} INFO - Setting next_dagrun for example_task_group_decorator to 2024-03-15 00:00:00+00:00, run_after=2024-03-16 00:00:00+00:00
[2024-03-16T11:58:51.530+0500] {processor.py:183} INFO - Processing /home/muhammadsami/Public/Projects/Airflow/DataPipelineswithApacheAirflow/.env/lib/python3.8/site-packages/airflow/example_dags/example_task_group_decorator.py took 0.153 seconds
[2024-03-16T11:59:40.609+0500] {processor.py:161} INFO - Started process (PID=22287) to work on /home/muhammadsami/Public/Projects/Airflow/DataPipelineswithApacheAirflow/.env/lib/python3.8/site-packages/airflow/example_dags/example_task_group_decorator.py
[2024-03-16T11:59:40.621+0500] {processor.py:830} INFO - Processing file /home/muhammadsami/Public/Projects/Airflow/DataPipelineswithApacheAirflow/.env/lib/python3.8/site-packages/airflow/example_dags/example_task_group_decorator.py for tasks to queue
[2024-03-16T11:59:40.622+0500] {logging_mixin.py:188} INFO - [2024-03-16T11:59:40.621+0500] {dagbag.py:540} INFO - Filling up the DagBag from /home/muhammadsami/Public/Projects/Airflow/DataPipelineswithApacheAirflow/.env/lib/python3.8/site-packages/airflow/example_dags/example_task_group_decorator.py
[2024-03-16T11:59:40.637+0500] {processor.py:840} INFO - DAG(s) 'example_task_group_decorator' retrieved from /home/muhammadsami/Public/Projects/Airflow/DataPipelineswithApacheAirflow/.env/lib/python3.8/site-packages/airflow/example_dags/example_task_group_decorator.py
[2024-03-16T11:59:40.659+0500] {logging_mixin.py:188} INFO - [2024-03-16T11:59:40.658+0500] {dag.py:3047} INFO - Sync 1 DAGs
[2024-03-16T11:59:40.677+0500] {logging_mixin.py:188} INFO - [2024-03-16T11:59:40.677+0500] {dag.py:3834} INFO - Setting next_dagrun for example_task_group_decorator to 2024-03-15 00:00:00+00:00, run_after=2024-03-16 00:00:00+00:00
[2024-03-16T11:59:40.771+0500] {processor.py:183} INFO - Processing /home/muhammadsami/Public/Projects/Airflow/DataPipelineswithApacheAirflow/.env/lib/python3.8/site-packages/airflow/example_dags/example_task_group_decorator.py took 0.164 seconds
[2024-03-16T12:00:34.072+0500] {processor.py:161} INFO - Started process (PID=22336) to work on /home/muhammadsami/Public/Projects/Airflow/DataPipelineswithApacheAirflow/.env/lib/python3.8/site-packages/airflow/example_dags/example_task_group_decorator.py
[2024-03-16T12:00:34.084+0500] {processor.py:830} INFO - Processing file /home/muhammadsami/Public/Projects/Airflow/DataPipelineswithApacheAirflow/.env/lib/python3.8/site-packages/airflow/example_dags/example_task_group_decorator.py for tasks to queue
[2024-03-16T12:00:34.086+0500] {logging_mixin.py:188} INFO - [2024-03-16T12:00:34.085+0500] {dagbag.py:540} INFO - Filling up the DagBag from /home/muhammadsami/Public/Projects/Airflow/DataPipelineswithApacheAirflow/.env/lib/python3.8/site-packages/airflow/example_dags/example_task_group_decorator.py
[2024-03-16T12:00:34.102+0500] {processor.py:840} INFO - DAG(s) 'example_task_group_decorator' retrieved from /home/muhammadsami/Public/Projects/Airflow/DataPipelineswithApacheAirflow/.env/lib/python3.8/site-packages/airflow/example_dags/example_task_group_decorator.py
[2024-03-16T12:00:34.122+0500] {logging_mixin.py:188} INFO - [2024-03-16T12:00:34.122+0500] {dag.py:3047} INFO - Sync 1 DAGs
[2024-03-16T12:00:34.144+0500] {logging_mixin.py:188} INFO - [2024-03-16T12:00:34.143+0500] {dag.py:3834} INFO - Setting next_dagrun for example_task_group_decorator to 2024-03-15 00:00:00+00:00, run_after=2024-03-16 00:00:00+00:00
[2024-03-16T12:00:34.888+0500] {processor.py:183} INFO - Processing /home/muhammadsami/Public/Projects/Airflow/DataPipelineswithApacheAirflow/.env/lib/python3.8/site-packages/airflow/example_dags/example_task_group_decorator.py took 0.819 seconds
[2024-03-16T12:01:27.836+0500] {processor.py:161} INFO - Started process (PID=22388) to work on /home/muhammadsami/Public/Projects/Airflow/DataPipelineswithApacheAirflow/.env/lib/python3.8/site-packages/airflow/example_dags/example_task_group_decorator.py
[2024-03-16T12:01:27.853+0500] {processor.py:830} INFO - Processing file /home/muhammadsami/Public/Projects/Airflow/DataPipelineswithApacheAirflow/.env/lib/python3.8/site-packages/airflow/example_dags/example_task_group_decorator.py for tasks to queue
[2024-03-16T12:01:27.854+0500] {logging_mixin.py:188} INFO - [2024-03-16T12:01:27.853+0500] {dagbag.py:540} INFO - Filling up the DagBag from /home/muhammadsami/Public/Projects/Airflow/DataPipelineswithApacheAirflow/.env/lib/python3.8/site-packages/airflow/example_dags/example_task_group_decorator.py
[2024-03-16T12:01:27.867+0500] {processor.py:840} INFO - DAG(s) 'example_task_group_decorator' retrieved from /home/muhammadsami/Public/Projects/Airflow/DataPipelineswithApacheAirflow/.env/lib/python3.8/site-packages/airflow/example_dags/example_task_group_decorator.py
[2024-03-16T12:01:27.882+0500] {logging_mixin.py:188} INFO - [2024-03-16T12:01:27.882+0500] {dag.py:3047} INFO - Sync 1 DAGs
[2024-03-16T12:01:27.899+0500] {logging_mixin.py:188} INFO - [2024-03-16T12:01:27.898+0500] {dag.py:3834} INFO - Setting next_dagrun for example_task_group_decorator to 2024-03-15 00:00:00+00:00, run_after=2024-03-16 00:00:00+00:00
[2024-03-16T12:01:27.994+0500] {processor.py:183} INFO - Processing /home/muhammadsami/Public/Projects/Airflow/DataPipelineswithApacheAirflow/.env/lib/python3.8/site-packages/airflow/example_dags/example_task_group_decorator.py took 0.160 seconds
