[2024-03-16T11:23:33.196+0500] {processor.py:161} INFO - Started process (PID=18428) to work on /home/muhammadsami/Public/Projects/Airflow/DataPipelineswithApacheAirflow/.env/lib/python3.8/site-packages/airflow/example_dags/example_external_task_marker_dag.py
[2024-03-16T11:23:33.197+0500] {processor.py:830} INFO - Processing file /home/muhammadsami/Public/Projects/Airflow/DataPipelineswithApacheAirflow/.env/lib/python3.8/site-packages/airflow/example_dags/example_external_task_marker_dag.py for tasks to queue
[2024-03-16T11:23:33.198+0500] {logging_mixin.py:188} INFO - [2024-03-16T11:23:33.197+0500] {dagbag.py:540} INFO - Filling up the DagBag from /home/muhammadsami/Public/Projects/Airflow/DataPipelineswithApacheAirflow/.env/lib/python3.8/site-packages/airflow/example_dags/example_external_task_marker_dag.py
[2024-03-16T11:23:33.203+0500] {processor.py:840} INFO - DAG(s) 'example_external_task_marker_parent', 'example_external_task_marker_child' retrieved from /home/muhammadsami/Public/Projects/Airflow/DataPipelineswithApacheAirflow/.env/lib/python3.8/site-packages/airflow/example_dags/example_external_task_marker_dag.py
[2024-03-16T11:23:33.638+0500] {logging_mixin.py:188} INFO - [2024-03-16T11:23:33.637+0500] {override.py:1769} INFO - Created Permission View: can edit on DAG:example_external_task_marker_parent
[2024-03-16T11:23:33.738+0500] {logging_mixin.py:188} INFO - [2024-03-16T11:23:33.736+0500] {override.py:1769} INFO - Created Permission View: can delete on DAG:example_external_task_marker_parent
[2024-03-16T11:23:33.836+0500] {logging_mixin.py:188} INFO - [2024-03-16T11:23:33.835+0500] {override.py:1769} INFO - Created Permission View: can read on DAG:example_external_task_marker_parent
[2024-03-16T11:23:34.098+0500] {logging_mixin.py:188} INFO - [2024-03-16T11:23:34.097+0500] {override.py:1769} INFO - Created Permission View: can edit on DAG:example_external_task_marker_child
[2024-03-16T11:23:34.182+0500] {logging_mixin.py:188} INFO - [2024-03-16T11:23:34.182+0500] {override.py:1769} INFO - Created Permission View: can delete on DAG:example_external_task_marker_child
[2024-03-16T11:23:34.273+0500] {logging_mixin.py:188} INFO - [2024-03-16T11:23:34.273+0500] {override.py:1769} INFO - Created Permission View: can read on DAG:example_external_task_marker_child
[2024-03-16T11:23:34.274+0500] {logging_mixin.py:188} INFO - [2024-03-16T11:23:34.273+0500] {dag.py:3047} INFO - Sync 2 DAGs
[2024-03-16T11:23:34.283+0500] {logging_mixin.py:188} INFO - [2024-03-16T11:23:34.283+0500] {dag.py:3069} INFO - Creating ORM DAG for example_external_task_marker_parent
[2024-03-16T11:23:34.284+0500] {logging_mixin.py:188} INFO - [2024-03-16T11:23:34.284+0500] {dag.py:3069} INFO - Creating ORM DAG for example_external_task_marker_child
[2024-03-16T11:23:34.284+0500] {logging_mixin.py:188} INFO - [2024-03-16T11:23:34.284+0500] {dag.py:3834} INFO - Setting next_dagrun for example_external_task_marker_child to None, run_after=None
[2024-03-16T11:23:34.285+0500] {logging_mixin.py:188} INFO - [2024-03-16T11:23:34.285+0500] {dag.py:3834} INFO - Setting next_dagrun for example_external_task_marker_parent to None, run_after=None
[2024-03-16T11:23:34.448+0500] {processor.py:183} INFO - Processing /home/muhammadsami/Public/Projects/Airflow/DataPipelineswithApacheAirflow/.env/lib/python3.8/site-packages/airflow/example_dags/example_external_task_marker_dag.py took 1.254 seconds
[2024-03-16T11:24:41.140+0500] {processor.py:161} INFO - Started process (PID=18565) to work on /home/muhammadsami/Public/Projects/Airflow/DataPipelineswithApacheAirflow/.env/lib/python3.8/site-packages/airflow/example_dags/example_external_task_marker_dag.py
[2024-03-16T11:24:41.142+0500] {processor.py:830} INFO - Processing file /home/muhammadsami/Public/Projects/Airflow/DataPipelineswithApacheAirflow/.env/lib/python3.8/site-packages/airflow/example_dags/example_external_task_marker_dag.py for tasks to queue
[2024-03-16T11:24:41.143+0500] {logging_mixin.py:188} INFO - [2024-03-16T11:24:41.142+0500] {dagbag.py:540} INFO - Filling up the DagBag from /home/muhammadsami/Public/Projects/Airflow/DataPipelineswithApacheAirflow/.env/lib/python3.8/site-packages/airflow/example_dags/example_external_task_marker_dag.py
[2024-03-16T11:24:41.148+0500] {processor.py:840} INFO - DAG(s) 'example_external_task_marker_parent', 'example_external_task_marker_child' retrieved from /home/muhammadsami/Public/Projects/Airflow/DataPipelineswithApacheAirflow/.env/lib/python3.8/site-packages/airflow/example_dags/example_external_task_marker_dag.py
[2024-03-16T11:24:41.267+0500] {logging_mixin.py:188} INFO - [2024-03-16T11:24:41.267+0500] {dag.py:3047} INFO - Sync 2 DAGs
[2024-03-16T11:24:41.275+0500] {logging_mixin.py:188} INFO - [2024-03-16T11:24:41.275+0500] {dag.py:3834} INFO - Setting next_dagrun for example_external_task_marker_child to None, run_after=None
[2024-03-16T11:24:41.278+0500] {logging_mixin.py:188} INFO - [2024-03-16T11:24:41.277+0500] {dag.py:3834} INFO - Setting next_dagrun for example_external_task_marker_parent to None, run_after=None
[2024-03-16T11:24:41.377+0500] {processor.py:183} INFO - Processing /home/muhammadsami/Public/Projects/Airflow/DataPipelineswithApacheAirflow/.env/lib/python3.8/site-packages/airflow/example_dags/example_external_task_marker_dag.py took 0.239 seconds
[2024-03-16T11:25:34.977+0500] {processor.py:161} INFO - Started process (PID=18631) to work on /home/muhammadsami/Public/Projects/Airflow/DataPipelineswithApacheAirflow/.env/lib/python3.8/site-packages/airflow/example_dags/example_external_task_marker_dag.py
[2024-03-16T11:25:34.978+0500] {processor.py:830} INFO - Processing file /home/muhammadsami/Public/Projects/Airflow/DataPipelineswithApacheAirflow/.env/lib/python3.8/site-packages/airflow/example_dags/example_external_task_marker_dag.py for tasks to queue
[2024-03-16T11:25:34.979+0500] {logging_mixin.py:188} INFO - [2024-03-16T11:25:34.979+0500] {dagbag.py:540} INFO - Filling up the DagBag from /home/muhammadsami/Public/Projects/Airflow/DataPipelineswithApacheAirflow/.env/lib/python3.8/site-packages/airflow/example_dags/example_external_task_marker_dag.py
[2024-03-16T11:25:34.985+0500] {processor.py:840} INFO - DAG(s) 'example_external_task_marker_child', 'example_external_task_marker_parent' retrieved from /home/muhammadsami/Public/Projects/Airflow/DataPipelineswithApacheAirflow/.env/lib/python3.8/site-packages/airflow/example_dags/example_external_task_marker_dag.py
[2024-03-16T11:25:35.000+0500] {logging_mixin.py:188} INFO - [2024-03-16T11:25:34.999+0500] {dag.py:3047} INFO - Sync 2 DAGs
[2024-03-16T11:25:35.010+0500] {logging_mixin.py:188} INFO - [2024-03-16T11:25:35.009+0500] {dag.py:3834} INFO - Setting next_dagrun for example_external_task_marker_child to None, run_after=None
[2024-03-16T11:25:35.013+0500] {logging_mixin.py:188} INFO - [2024-03-16T11:25:35.013+0500] {dag.py:3834} INFO - Setting next_dagrun for example_external_task_marker_parent to None, run_after=None
[2024-03-16T11:25:35.117+0500] {processor.py:183} INFO - Processing /home/muhammadsami/Public/Projects/Airflow/DataPipelineswithApacheAirflow/.env/lib/python3.8/site-packages/airflow/example_dags/example_external_task_marker_dag.py took 0.143 seconds
[2024-03-16T11:26:52.084+0500] {processor.py:161} INFO - Started process (PID=18745) to work on /home/muhammadsami/Public/Projects/Airflow/DataPipelineswithApacheAirflow/.env/lib/python3.8/site-packages/airflow/example_dags/example_external_task_marker_dag.py
[2024-03-16T11:26:52.103+0500] {processor.py:830} INFO - Processing file /home/muhammadsami/Public/Projects/Airflow/DataPipelineswithApacheAirflow/.env/lib/python3.8/site-packages/airflow/example_dags/example_external_task_marker_dag.py for tasks to queue
[2024-03-16T11:26:52.104+0500] {logging_mixin.py:188} INFO - [2024-03-16T11:26:52.103+0500] {dagbag.py:540} INFO - Filling up the DagBag from /home/muhammadsami/Public/Projects/Airflow/DataPipelineswithApacheAirflow/.env/lib/python3.8/site-packages/airflow/example_dags/example_external_task_marker_dag.py
[2024-03-16T11:26:52.109+0500] {processor.py:840} INFO - DAG(s) 'example_external_task_marker_child', 'example_external_task_marker_parent' retrieved from /home/muhammadsami/Public/Projects/Airflow/DataPipelineswithApacheAirflow/.env/lib/python3.8/site-packages/airflow/example_dags/example_external_task_marker_dag.py
[2024-03-16T11:26:52.127+0500] {logging_mixin.py:188} INFO - [2024-03-16T11:26:52.127+0500] {dag.py:3047} INFO - Sync 2 DAGs
[2024-03-16T11:26:52.145+0500] {logging_mixin.py:188} INFO - [2024-03-16T11:26:52.145+0500] {dag.py:3834} INFO - Setting next_dagrun for example_external_task_marker_child to None, run_after=None
[2024-03-16T11:26:52.149+0500] {logging_mixin.py:188} INFO - [2024-03-16T11:26:52.148+0500] {dag.py:3834} INFO - Setting next_dagrun for example_external_task_marker_parent to None, run_after=None
[2024-03-16T11:26:52.418+0500] {processor.py:183} INFO - Processing /home/muhammadsami/Public/Projects/Airflow/DataPipelineswithApacheAirflow/.env/lib/python3.8/site-packages/airflow/example_dags/example_external_task_marker_dag.py took 0.337 seconds
[2024-03-16T11:28:02.340+0500] {processor.py:161} INFO - Started process (PID=18816) to work on /home/muhammadsami/Public/Projects/Airflow/DataPipelineswithApacheAirflow/.env/lib/python3.8/site-packages/airflow/example_dags/example_external_task_marker_dag.py
[2024-03-16T11:28:02.341+0500] {processor.py:830} INFO - Processing file /home/muhammadsami/Public/Projects/Airflow/DataPipelineswithApacheAirflow/.env/lib/python3.8/site-packages/airflow/example_dags/example_external_task_marker_dag.py for tasks to queue
[2024-03-16T11:28:02.342+0500] {logging_mixin.py:188} INFO - [2024-03-16T11:28:02.342+0500] {dagbag.py:540} INFO - Filling up the DagBag from /home/muhammadsami/Public/Projects/Airflow/DataPipelineswithApacheAirflow/.env/lib/python3.8/site-packages/airflow/example_dags/example_external_task_marker_dag.py
[2024-03-16T11:28:02.350+0500] {processor.py:840} INFO - DAG(s) 'example_external_task_marker_parent', 'example_external_task_marker_child' retrieved from /home/muhammadsami/Public/Projects/Airflow/DataPipelineswithApacheAirflow/.env/lib/python3.8/site-packages/airflow/example_dags/example_external_task_marker_dag.py
[2024-03-16T11:28:02.367+0500] {logging_mixin.py:188} INFO - [2024-03-16T11:28:02.367+0500] {dag.py:3047} INFO - Sync 2 DAGs
[2024-03-16T11:28:02.376+0500] {logging_mixin.py:188} INFO - [2024-03-16T11:28:02.376+0500] {dag.py:3834} INFO - Setting next_dagrun for example_external_task_marker_child to None, run_after=None
[2024-03-16T11:28:02.379+0500] {logging_mixin.py:188} INFO - [2024-03-16T11:28:02.379+0500] {dag.py:3834} INFO - Setting next_dagrun for example_external_task_marker_parent to None, run_after=None
[2024-03-16T11:28:02.477+0500] {processor.py:183} INFO - Processing /home/muhammadsami/Public/Projects/Airflow/DataPipelineswithApacheAirflow/.env/lib/python3.8/site-packages/airflow/example_dags/example_external_task_marker_dag.py took 0.139 seconds
[2024-03-16T11:29:15.116+0500] {processor.py:161} INFO - Started process (PID=18907) to work on /home/muhammadsami/Public/Projects/Airflow/DataPipelineswithApacheAirflow/.env/lib/python3.8/site-packages/airflow/example_dags/example_external_task_marker_dag.py
[2024-03-16T11:29:15.134+0500] {processor.py:830} INFO - Processing file /home/muhammadsami/Public/Projects/Airflow/DataPipelineswithApacheAirflow/.env/lib/python3.8/site-packages/airflow/example_dags/example_external_task_marker_dag.py for tasks to queue
[2024-03-16T11:29:15.135+0500] {logging_mixin.py:188} INFO - [2024-03-16T11:29:15.135+0500] {dagbag.py:540} INFO - Filling up the DagBag from /home/muhammadsami/Public/Projects/Airflow/DataPipelineswithApacheAirflow/.env/lib/python3.8/site-packages/airflow/example_dags/example_external_task_marker_dag.py
[2024-03-16T11:29:15.141+0500] {processor.py:840} INFO - DAG(s) 'example_external_task_marker_child', 'example_external_task_marker_parent' retrieved from /home/muhammadsami/Public/Projects/Airflow/DataPipelineswithApacheAirflow/.env/lib/python3.8/site-packages/airflow/example_dags/example_external_task_marker_dag.py
[2024-03-16T11:29:15.156+0500] {logging_mixin.py:188} INFO - [2024-03-16T11:29:15.156+0500] {dag.py:3047} INFO - Sync 2 DAGs
[2024-03-16T11:29:15.166+0500] {logging_mixin.py:188} INFO - [2024-03-16T11:29:15.166+0500] {dag.py:3834} INFO - Setting next_dagrun for example_external_task_marker_child to None, run_after=None
[2024-03-16T11:29:15.169+0500] {logging_mixin.py:188} INFO - [2024-03-16T11:29:15.169+0500] {dag.py:3834} INFO - Setting next_dagrun for example_external_task_marker_parent to None, run_after=None
[2024-03-16T11:29:15.252+0500] {processor.py:183} INFO - Processing /home/muhammadsami/Public/Projects/Airflow/DataPipelineswithApacheAirflow/.env/lib/python3.8/site-packages/airflow/example_dags/example_external_task_marker_dag.py took 0.138 seconds
[2024-03-16T11:30:32.159+0500] {processor.py:161} INFO - Started process (PID=18998) to work on /home/muhammadsami/Public/Projects/Airflow/DataPipelineswithApacheAirflow/.env/lib/python3.8/site-packages/airflow/example_dags/example_external_task_marker_dag.py
[2024-03-16T11:30:32.171+0500] {processor.py:830} INFO - Processing file /home/muhammadsami/Public/Projects/Airflow/DataPipelineswithApacheAirflow/.env/lib/python3.8/site-packages/airflow/example_dags/example_external_task_marker_dag.py for tasks to queue
[2024-03-16T11:30:32.172+0500] {logging_mixin.py:188} INFO - [2024-03-16T11:30:32.171+0500] {dagbag.py:540} INFO - Filling up the DagBag from /home/muhammadsami/Public/Projects/Airflow/DataPipelineswithApacheAirflow/.env/lib/python3.8/site-packages/airflow/example_dags/example_external_task_marker_dag.py
[2024-03-16T11:30:32.177+0500] {processor.py:840} INFO - DAG(s) 'example_external_task_marker_parent', 'example_external_task_marker_child' retrieved from /home/muhammadsami/Public/Projects/Airflow/DataPipelineswithApacheAirflow/.env/lib/python3.8/site-packages/airflow/example_dags/example_external_task_marker_dag.py
[2024-03-16T11:30:32.193+0500] {logging_mixin.py:188} INFO - [2024-03-16T11:30:32.193+0500] {dag.py:3047} INFO - Sync 2 DAGs
[2024-03-16T11:30:32.203+0500] {logging_mixin.py:188} INFO - [2024-03-16T11:30:32.203+0500] {dag.py:3834} INFO - Setting next_dagrun for example_external_task_marker_child to None, run_after=None
[2024-03-16T11:30:32.206+0500] {logging_mixin.py:188} INFO - [2024-03-16T11:30:32.206+0500] {dag.py:3834} INFO - Setting next_dagrun for example_external_task_marker_parent to None, run_after=None
[2024-03-16T11:30:32.292+0500] {processor.py:183} INFO - Processing /home/muhammadsami/Public/Projects/Airflow/DataPipelineswithApacheAirflow/.env/lib/python3.8/site-packages/airflow/example_dags/example_external_task_marker_dag.py took 0.136 seconds
[2024-03-16T11:39:24.867+0500] {processor.py:161} INFO - Started process (PID=19685) to work on /home/muhammadsami/Public/Projects/Airflow/DataPipelineswithApacheAirflow/.env/lib/python3.8/site-packages/airflow/example_dags/example_external_task_marker_dag.py
[2024-03-16T11:39:24.881+0500] {processor.py:830} INFO - Processing file /home/muhammadsami/Public/Projects/Airflow/DataPipelineswithApacheAirflow/.env/lib/python3.8/site-packages/airflow/example_dags/example_external_task_marker_dag.py for tasks to queue
[2024-03-16T11:39:24.882+0500] {logging_mixin.py:188} INFO - [2024-03-16T11:39:24.882+0500] {dagbag.py:540} INFO - Filling up the DagBag from /home/muhammadsami/Public/Projects/Airflow/DataPipelineswithApacheAirflow/.env/lib/python3.8/site-packages/airflow/example_dags/example_external_task_marker_dag.py
[2024-03-16T11:39:24.887+0500] {processor.py:840} INFO - DAG(s) 'example_external_task_marker_parent', 'example_external_task_marker_child' retrieved from /home/muhammadsami/Public/Projects/Airflow/DataPipelineswithApacheAirflow/.env/lib/python3.8/site-packages/airflow/example_dags/example_external_task_marker_dag.py
[2024-03-16T11:39:24.905+0500] {logging_mixin.py:188} INFO - [2024-03-16T11:39:24.905+0500] {dag.py:3047} INFO - Sync 2 DAGs
[2024-03-16T11:39:24.915+0500] {logging_mixin.py:188} INFO - [2024-03-16T11:39:24.914+0500] {dag.py:3834} INFO - Setting next_dagrun for example_external_task_marker_child to None, run_after=None
[2024-03-16T11:39:24.918+0500] {logging_mixin.py:188} INFO - [2024-03-16T11:39:24.917+0500] {dag.py:3834} INFO - Setting next_dagrun for example_external_task_marker_parent to None, run_after=None
[2024-03-16T11:39:25.009+0500] {processor.py:183} INFO - Processing /home/muhammadsami/Public/Projects/Airflow/DataPipelineswithApacheAirflow/.env/lib/python3.8/site-packages/airflow/example_dags/example_external_task_marker_dag.py took 0.145 seconds
[2024-03-16T11:40:32.020+0500] {processor.py:161} INFO - Started process (PID=19960) to work on /home/muhammadsami/Public/Projects/Airflow/DataPipelineswithApacheAirflow/.env/lib/python3.8/site-packages/airflow/example_dags/example_external_task_marker_dag.py
[2024-03-16T11:40:32.021+0500] {processor.py:830} INFO - Processing file /home/muhammadsami/Public/Projects/Airflow/DataPipelineswithApacheAirflow/.env/lib/python3.8/site-packages/airflow/example_dags/example_external_task_marker_dag.py for tasks to queue
[2024-03-16T11:40:32.022+0500] {logging_mixin.py:188} INFO - [2024-03-16T11:40:32.021+0500] {dagbag.py:540} INFO - Filling up the DagBag from /home/muhammadsami/Public/Projects/Airflow/DataPipelineswithApacheAirflow/.env/lib/python3.8/site-packages/airflow/example_dags/example_external_task_marker_dag.py
[2024-03-16T11:40:32.027+0500] {processor.py:840} INFO - DAG(s) 'example_external_task_marker_parent', 'example_external_task_marker_child' retrieved from /home/muhammadsami/Public/Projects/Airflow/DataPipelineswithApacheAirflow/.env/lib/python3.8/site-packages/airflow/example_dags/example_external_task_marker_dag.py
[2024-03-16T11:40:32.131+0500] {logging_mixin.py:188} INFO - [2024-03-16T11:40:32.131+0500] {dag.py:3047} INFO - Sync 2 DAGs
[2024-03-16T11:40:32.139+0500] {logging_mixin.py:188} INFO - [2024-03-16T11:40:32.139+0500] {dag.py:3834} INFO - Setting next_dagrun for example_external_task_marker_child to None, run_after=None
[2024-03-16T11:40:32.142+0500] {logging_mixin.py:188} INFO - [2024-03-16T11:40:32.142+0500] {dag.py:3834} INFO - Setting next_dagrun for example_external_task_marker_parent to None, run_after=None
[2024-03-16T11:40:32.307+0500] {processor.py:183} INFO - Processing /home/muhammadsami/Public/Projects/Airflow/DataPipelineswithApacheAirflow/.env/lib/python3.8/site-packages/airflow/example_dags/example_external_task_marker_dag.py took 0.290 seconds
[2024-03-16T11:41:49.497+0500] {processor.py:161} INFO - Started process (PID=20210) to work on /home/muhammadsami/Public/Projects/Airflow/DataPipelineswithApacheAirflow/.env/lib/python3.8/site-packages/airflow/example_dags/example_external_task_marker_dag.py
[2024-03-16T11:41:49.500+0500] {processor.py:830} INFO - Processing file /home/muhammadsami/Public/Projects/Airflow/DataPipelineswithApacheAirflow/.env/lib/python3.8/site-packages/airflow/example_dags/example_external_task_marker_dag.py for tasks to queue
[2024-03-16T11:41:49.501+0500] {logging_mixin.py:188} INFO - [2024-03-16T11:41:49.500+0500] {dagbag.py:540} INFO - Filling up the DagBag from /home/muhammadsami/Public/Projects/Airflow/DataPipelineswithApacheAirflow/.env/lib/python3.8/site-packages/airflow/example_dags/example_external_task_marker_dag.py
[2024-03-16T11:41:49.507+0500] {processor.py:840} INFO - DAG(s) 'example_external_task_marker_child', 'example_external_task_marker_parent' retrieved from /home/muhammadsami/Public/Projects/Airflow/DataPipelineswithApacheAirflow/.env/lib/python3.8/site-packages/airflow/example_dags/example_external_task_marker_dag.py
[2024-03-16T11:41:49.523+0500] {logging_mixin.py:188} INFO - [2024-03-16T11:41:49.523+0500] {dag.py:3047} INFO - Sync 2 DAGs
[2024-03-16T11:41:49.533+0500] {logging_mixin.py:188} INFO - [2024-03-16T11:41:49.533+0500] {dag.py:3834} INFO - Setting next_dagrun for example_external_task_marker_child to None, run_after=None
[2024-03-16T11:41:49.536+0500] {logging_mixin.py:188} INFO - [2024-03-16T11:41:49.536+0500] {dag.py:3834} INFO - Setting next_dagrun for example_external_task_marker_parent to None, run_after=None
[2024-03-16T11:41:50.026+0500] {processor.py:183} INFO - Processing /home/muhammadsami/Public/Projects/Airflow/DataPipelineswithApacheAirflow/.env/lib/python3.8/site-packages/airflow/example_dags/example_external_task_marker_dag.py took 0.531 seconds
[2024-03-16T11:42:44.547+0500] {processor.py:161} INFO - Started process (PID=20274) to work on /home/muhammadsami/Public/Projects/Airflow/DataPipelineswithApacheAirflow/.env/lib/python3.8/site-packages/airflow/example_dags/example_external_task_marker_dag.py
[2024-03-16T11:42:44.548+0500] {processor.py:830} INFO - Processing file /home/muhammadsami/Public/Projects/Airflow/DataPipelineswithApacheAirflow/.env/lib/python3.8/site-packages/airflow/example_dags/example_external_task_marker_dag.py for tasks to queue
[2024-03-16T11:42:44.549+0500] {logging_mixin.py:188} INFO - [2024-03-16T11:42:44.549+0500] {dagbag.py:540} INFO - Filling up the DagBag from /home/muhammadsami/Public/Projects/Airflow/DataPipelineswithApacheAirflow/.env/lib/python3.8/site-packages/airflow/example_dags/example_external_task_marker_dag.py
[2024-03-16T11:42:44.554+0500] {processor.py:840} INFO - DAG(s) 'example_external_task_marker_child', 'example_external_task_marker_parent' retrieved from /home/muhammadsami/Public/Projects/Airflow/DataPipelineswithApacheAirflow/.env/lib/python3.8/site-packages/airflow/example_dags/example_external_task_marker_dag.py
[2024-03-16T11:42:44.571+0500] {logging_mixin.py:188} INFO - [2024-03-16T11:42:44.570+0500] {dag.py:3047} INFO - Sync 2 DAGs
[2024-03-16T11:42:44.583+0500] {logging_mixin.py:188} INFO - [2024-03-16T11:42:44.582+0500] {dag.py:3834} INFO - Setting next_dagrun for example_external_task_marker_child to None, run_after=None
[2024-03-16T11:42:44.587+0500] {logging_mixin.py:188} INFO - [2024-03-16T11:42:44.587+0500] {dag.py:3834} INFO - Setting next_dagrun for example_external_task_marker_parent to None, run_after=None
[2024-03-16T11:42:44.703+0500] {processor.py:183} INFO - Processing /home/muhammadsami/Public/Projects/Airflow/DataPipelineswithApacheAirflow/.env/lib/python3.8/site-packages/airflow/example_dags/example_external_task_marker_dag.py took 0.159 seconds
[2024-03-16T11:43:55.954+0500] {processor.py:161} INFO - Started process (PID=20374) to work on /home/muhammadsami/Public/Projects/Airflow/DataPipelineswithApacheAirflow/.env/lib/python3.8/site-packages/airflow/example_dags/example_external_task_marker_dag.py
[2024-03-16T11:43:55.955+0500] {processor.py:830} INFO - Processing file /home/muhammadsami/Public/Projects/Airflow/DataPipelineswithApacheAirflow/.env/lib/python3.8/site-packages/airflow/example_dags/example_external_task_marker_dag.py for tasks to queue
[2024-03-16T11:43:55.956+0500] {logging_mixin.py:188} INFO - [2024-03-16T11:43:55.955+0500] {dagbag.py:540} INFO - Filling up the DagBag from /home/muhammadsami/Public/Projects/Airflow/DataPipelineswithApacheAirflow/.env/lib/python3.8/site-packages/airflow/example_dags/example_external_task_marker_dag.py
[2024-03-16T11:43:55.962+0500] {processor.py:840} INFO - DAG(s) 'example_external_task_marker_parent', 'example_external_task_marker_child' retrieved from /home/muhammadsami/Public/Projects/Airflow/DataPipelineswithApacheAirflow/.env/lib/python3.8/site-packages/airflow/example_dags/example_external_task_marker_dag.py
[2024-03-16T11:43:55.978+0500] {logging_mixin.py:188} INFO - [2024-03-16T11:43:55.978+0500] {dag.py:3047} INFO - Sync 2 DAGs
[2024-03-16T11:43:55.989+0500] {logging_mixin.py:188} INFO - [2024-03-16T11:43:55.988+0500] {dag.py:3834} INFO - Setting next_dagrun for example_external_task_marker_child to None, run_after=None
[2024-03-16T11:43:55.992+0500] {logging_mixin.py:188} INFO - [2024-03-16T11:43:55.991+0500] {dag.py:3834} INFO - Setting next_dagrun for example_external_task_marker_parent to None, run_after=None
[2024-03-16T11:43:56.081+0500] {processor.py:183} INFO - Processing /home/muhammadsami/Public/Projects/Airflow/DataPipelineswithApacheAirflow/.env/lib/python3.8/site-packages/airflow/example_dags/example_external_task_marker_dag.py took 0.131 seconds
[2024-03-16T11:45:23.628+0500] {processor.py:161} INFO - Started process (PID=20807) to work on /home/muhammadsami/Public/Projects/Airflow/DataPipelineswithApacheAirflow/.env/lib/python3.8/site-packages/airflow/example_dags/example_external_task_marker_dag.py
[2024-03-16T11:45:23.629+0500] {processor.py:830} INFO - Processing file /home/muhammadsami/Public/Projects/Airflow/DataPipelineswithApacheAirflow/.env/lib/python3.8/site-packages/airflow/example_dags/example_external_task_marker_dag.py for tasks to queue
[2024-03-16T11:45:23.631+0500] {logging_mixin.py:188} INFO - [2024-03-16T11:45:23.630+0500] {dagbag.py:540} INFO - Filling up the DagBag from /home/muhammadsami/Public/Projects/Airflow/DataPipelineswithApacheAirflow/.env/lib/python3.8/site-packages/airflow/example_dags/example_external_task_marker_dag.py
[2024-03-16T11:45:23.639+0500] {processor.py:840} INFO - DAG(s) 'example_external_task_marker_child', 'example_external_task_marker_parent' retrieved from /home/muhammadsami/Public/Projects/Airflow/DataPipelineswithApacheAirflow/.env/lib/python3.8/site-packages/airflow/example_dags/example_external_task_marker_dag.py
[2024-03-16T11:45:23.659+0500] {logging_mixin.py:188} INFO - [2024-03-16T11:45:23.659+0500] {dag.py:3047} INFO - Sync 2 DAGs
[2024-03-16T11:45:23.669+0500] {logging_mixin.py:188} INFO - [2024-03-16T11:45:23.669+0500] {dag.py:3834} INFO - Setting next_dagrun for example_external_task_marker_child to None, run_after=None
[2024-03-16T11:45:23.672+0500] {logging_mixin.py:188} INFO - [2024-03-16T11:45:23.672+0500] {dag.py:3834} INFO - Setting next_dagrun for example_external_task_marker_parent to None, run_after=None
[2024-03-16T11:45:23.780+0500] {processor.py:183} INFO - Processing /home/muhammadsami/Public/Projects/Airflow/DataPipelineswithApacheAirflow/.env/lib/python3.8/site-packages/airflow/example_dags/example_external_task_marker_dag.py took 0.155 seconds
[2024-03-16T11:46:27.177+0500] {processor.py:161} INFO - Started process (PID=20876) to work on /home/muhammadsami/Public/Projects/Airflow/DataPipelineswithApacheAirflow/.env/lib/python3.8/site-packages/airflow/example_dags/example_external_task_marker_dag.py
[2024-03-16T11:46:27.179+0500] {processor.py:830} INFO - Processing file /home/muhammadsami/Public/Projects/Airflow/DataPipelineswithApacheAirflow/.env/lib/python3.8/site-packages/airflow/example_dags/example_external_task_marker_dag.py for tasks to queue
[2024-03-16T11:46:27.180+0500] {logging_mixin.py:188} INFO - [2024-03-16T11:46:27.180+0500] {dagbag.py:540} INFO - Filling up the DagBag from /home/muhammadsami/Public/Projects/Airflow/DataPipelineswithApacheAirflow/.env/lib/python3.8/site-packages/airflow/example_dags/example_external_task_marker_dag.py
[2024-03-16T11:46:27.190+0500] {processor.py:840} INFO - DAG(s) 'example_external_task_marker_child', 'example_external_task_marker_parent' retrieved from /home/muhammadsami/Public/Projects/Airflow/DataPipelineswithApacheAirflow/.env/lib/python3.8/site-packages/airflow/example_dags/example_external_task_marker_dag.py
[2024-03-16T11:46:27.217+0500] {logging_mixin.py:188} INFO - [2024-03-16T11:46:27.217+0500] {dag.py:3047} INFO - Sync 2 DAGs
[2024-03-16T11:46:27.238+0500] {logging_mixin.py:188} INFO - [2024-03-16T11:46:27.238+0500] {dag.py:3834} INFO - Setting next_dagrun for example_external_task_marker_child to None, run_after=None
[2024-03-16T11:46:27.244+0500] {logging_mixin.py:188} INFO - [2024-03-16T11:46:27.244+0500] {dag.py:3834} INFO - Setting next_dagrun for example_external_task_marker_parent to None, run_after=None
[2024-03-16T11:46:27.363+0500] {processor.py:183} INFO - Processing /home/muhammadsami/Public/Projects/Airflow/DataPipelineswithApacheAirflow/.env/lib/python3.8/site-packages/airflow/example_dags/example_external_task_marker_dag.py took 0.191 seconds
[2024-03-16T11:47:42.160+0500] {processor.py:161} INFO - Started process (PID=20980) to work on /home/muhammadsami/Public/Projects/Airflow/DataPipelineswithApacheAirflow/.env/lib/python3.8/site-packages/airflow/example_dags/example_external_task_marker_dag.py
[2024-03-16T11:47:42.162+0500] {processor.py:830} INFO - Processing file /home/muhammadsami/Public/Projects/Airflow/DataPipelineswithApacheAirflow/.env/lib/python3.8/site-packages/airflow/example_dags/example_external_task_marker_dag.py for tasks to queue
[2024-03-16T11:47:42.163+0500] {logging_mixin.py:188} INFO - [2024-03-16T11:47:42.162+0500] {dagbag.py:540} INFO - Filling up the DagBag from /home/muhammadsami/Public/Projects/Airflow/DataPipelineswithApacheAirflow/.env/lib/python3.8/site-packages/airflow/example_dags/example_external_task_marker_dag.py
[2024-03-16T11:47:42.171+0500] {processor.py:840} INFO - DAG(s) 'example_external_task_marker_parent', 'example_external_task_marker_child' retrieved from /home/muhammadsami/Public/Projects/Airflow/DataPipelineswithApacheAirflow/.env/lib/python3.8/site-packages/airflow/example_dags/example_external_task_marker_dag.py
[2024-03-16T11:47:42.187+0500] {logging_mixin.py:188} INFO - [2024-03-16T11:47:42.187+0500] {dag.py:3047} INFO - Sync 2 DAGs
[2024-03-16T11:47:42.197+0500] {logging_mixin.py:188} INFO - [2024-03-16T11:47:42.197+0500] {dag.py:3834} INFO - Setting next_dagrun for example_external_task_marker_child to None, run_after=None
[2024-03-16T11:47:42.200+0500] {logging_mixin.py:188} INFO - [2024-03-16T11:47:42.200+0500] {dag.py:3834} INFO - Setting next_dagrun for example_external_task_marker_parent to None, run_after=None
[2024-03-16T11:47:42.307+0500] {processor.py:183} INFO - Processing /home/muhammadsami/Public/Projects/Airflow/DataPipelineswithApacheAirflow/.env/lib/python3.8/site-packages/airflow/example_dags/example_external_task_marker_dag.py took 0.150 seconds
[2024-03-16T11:48:53.114+0500] {processor.py:161} INFO - Started process (PID=21077) to work on /home/muhammadsami/Public/Projects/Airflow/DataPipelineswithApacheAirflow/.env/lib/python3.8/site-packages/airflow/example_dags/example_external_task_marker_dag.py
[2024-03-16T11:48:53.115+0500] {processor.py:830} INFO - Processing file /home/muhammadsami/Public/Projects/Airflow/DataPipelineswithApacheAirflow/.env/lib/python3.8/site-packages/airflow/example_dags/example_external_task_marker_dag.py for tasks to queue
[2024-03-16T11:48:53.116+0500] {logging_mixin.py:188} INFO - [2024-03-16T11:48:53.115+0500] {dagbag.py:540} INFO - Filling up the DagBag from /home/muhammadsami/Public/Projects/Airflow/DataPipelineswithApacheAirflow/.env/lib/python3.8/site-packages/airflow/example_dags/example_external_task_marker_dag.py
[2024-03-16T11:48:53.122+0500] {processor.py:840} INFO - DAG(s) 'example_external_task_marker_parent', 'example_external_task_marker_child' retrieved from /home/muhammadsami/Public/Projects/Airflow/DataPipelineswithApacheAirflow/.env/lib/python3.8/site-packages/airflow/example_dags/example_external_task_marker_dag.py
[2024-03-16T11:48:53.139+0500] {logging_mixin.py:188} INFO - [2024-03-16T11:48:53.139+0500] {dag.py:3047} INFO - Sync 2 DAGs
[2024-03-16T11:48:53.149+0500] {logging_mixin.py:188} INFO - [2024-03-16T11:48:53.149+0500] {dag.py:3834} INFO - Setting next_dagrun for example_external_task_marker_child to None, run_after=None
[2024-03-16T11:48:53.152+0500] {logging_mixin.py:188} INFO - [2024-03-16T11:48:53.152+0500] {dag.py:3834} INFO - Setting next_dagrun for example_external_task_marker_parent to None, run_after=None
[2024-03-16T11:48:53.267+0500] {processor.py:183} INFO - Processing /home/muhammadsami/Public/Projects/Airflow/DataPipelineswithApacheAirflow/.env/lib/python3.8/site-packages/airflow/example_dags/example_external_task_marker_dag.py took 0.156 seconds
[2024-03-16T11:50:06.631+0500] {processor.py:161} INFO - Started process (PID=21145) to work on /home/muhammadsami/Public/Projects/Airflow/DataPipelineswithApacheAirflow/.env/lib/python3.8/site-packages/airflow/example_dags/example_external_task_marker_dag.py
[2024-03-16T11:50:06.633+0500] {processor.py:830} INFO - Processing file /home/muhammadsami/Public/Projects/Airflow/DataPipelineswithApacheAirflow/.env/lib/python3.8/site-packages/airflow/example_dags/example_external_task_marker_dag.py for tasks to queue
[2024-03-16T11:50:06.634+0500] {logging_mixin.py:188} INFO - [2024-03-16T11:50:06.634+0500] {dagbag.py:540} INFO - Filling up the DagBag from /home/muhammadsami/Public/Projects/Airflow/DataPipelineswithApacheAirflow/.env/lib/python3.8/site-packages/airflow/example_dags/example_external_task_marker_dag.py
[2024-03-16T11:50:06.641+0500] {processor.py:840} INFO - DAG(s) 'example_external_task_marker_child', 'example_external_task_marker_parent' retrieved from /home/muhammadsami/Public/Projects/Airflow/DataPipelineswithApacheAirflow/.env/lib/python3.8/site-packages/airflow/example_dags/example_external_task_marker_dag.py
[2024-03-16T11:50:06.664+0500] {logging_mixin.py:188} INFO - [2024-03-16T11:50:06.663+0500] {dag.py:3047} INFO - Sync 2 DAGs
[2024-03-16T11:50:06.677+0500] {logging_mixin.py:188} INFO - [2024-03-16T11:50:06.677+0500] {dag.py:3834} INFO - Setting next_dagrun for example_external_task_marker_child to None, run_after=None
[2024-03-16T11:50:06.681+0500] {logging_mixin.py:188} INFO - [2024-03-16T11:50:06.681+0500] {dag.py:3834} INFO - Setting next_dagrun for example_external_task_marker_parent to None, run_after=None
[2024-03-16T11:50:06.794+0500] {processor.py:183} INFO - Processing /home/muhammadsami/Public/Projects/Airflow/DataPipelineswithApacheAirflow/.env/lib/python3.8/site-packages/airflow/example_dags/example_external_task_marker_dag.py took 0.167 seconds
[2024-03-16T11:51:24.471+0500] {processor.py:161} INFO - Started process (PID=21282) to work on /home/muhammadsami/Public/Projects/Airflow/DataPipelineswithApacheAirflow/.env/lib/python3.8/site-packages/airflow/example_dags/example_external_task_marker_dag.py
[2024-03-16T11:51:24.473+0500] {processor.py:830} INFO - Processing file /home/muhammadsami/Public/Projects/Airflow/DataPipelineswithApacheAirflow/.env/lib/python3.8/site-packages/airflow/example_dags/example_external_task_marker_dag.py for tasks to queue
[2024-03-16T11:51:24.474+0500] {logging_mixin.py:188} INFO - [2024-03-16T11:51:24.473+0500] {dagbag.py:540} INFO - Filling up the DagBag from /home/muhammadsami/Public/Projects/Airflow/DataPipelineswithApacheAirflow/.env/lib/python3.8/site-packages/airflow/example_dags/example_external_task_marker_dag.py
[2024-03-16T11:51:24.479+0500] {processor.py:840} INFO - DAG(s) 'example_external_task_marker_child', 'example_external_task_marker_parent' retrieved from /home/muhammadsami/Public/Projects/Airflow/DataPipelineswithApacheAirflow/.env/lib/python3.8/site-packages/airflow/example_dags/example_external_task_marker_dag.py
[2024-03-16T11:51:24.497+0500] {logging_mixin.py:188} INFO - [2024-03-16T11:51:24.497+0500] {dag.py:3047} INFO - Sync 2 DAGs
[2024-03-16T11:51:24.509+0500] {logging_mixin.py:188} INFO - [2024-03-16T11:51:24.509+0500] {dag.py:3834} INFO - Setting next_dagrun for example_external_task_marker_child to None, run_after=None
[2024-03-16T11:51:24.513+0500] {logging_mixin.py:188} INFO - [2024-03-16T11:51:24.512+0500] {dag.py:3834} INFO - Setting next_dagrun for example_external_task_marker_parent to None, run_after=None
[2024-03-16T11:51:25.259+0500] {processor.py:183} INFO - Processing /home/muhammadsami/Public/Projects/Airflow/DataPipelineswithApacheAirflow/.env/lib/python3.8/site-packages/airflow/example_dags/example_external_task_marker_dag.py took 0.790 seconds
[2024-03-16T11:52:42.715+0500] {processor.py:161} INFO - Started process (PID=21491) to work on /home/muhammadsami/Public/Projects/Airflow/DataPipelineswithApacheAirflow/.env/lib/python3.8/site-packages/airflow/example_dags/example_external_task_marker_dag.py
[2024-03-16T11:52:42.771+0500] {processor.py:830} INFO - Processing file /home/muhammadsami/Public/Projects/Airflow/DataPipelineswithApacheAirflow/.env/lib/python3.8/site-packages/airflow/example_dags/example_external_task_marker_dag.py for tasks to queue
[2024-03-16T11:52:42.772+0500] {logging_mixin.py:188} INFO - [2024-03-16T11:52:42.772+0500] {dagbag.py:540} INFO - Filling up the DagBag from /home/muhammadsami/Public/Projects/Airflow/DataPipelineswithApacheAirflow/.env/lib/python3.8/site-packages/airflow/example_dags/example_external_task_marker_dag.py
[2024-03-16T11:52:42.777+0500] {processor.py:840} INFO - DAG(s) 'example_external_task_marker_child', 'example_external_task_marker_parent' retrieved from /home/muhammadsami/Public/Projects/Airflow/DataPipelineswithApacheAirflow/.env/lib/python3.8/site-packages/airflow/example_dags/example_external_task_marker_dag.py
[2024-03-16T11:52:42.792+0500] {logging_mixin.py:188} INFO - [2024-03-16T11:52:42.792+0500] {dag.py:3047} INFO - Sync 2 DAGs
[2024-03-16T11:52:42.802+0500] {logging_mixin.py:188} INFO - [2024-03-16T11:52:42.802+0500] {dag.py:3834} INFO - Setting next_dagrun for example_external_task_marker_child to None, run_after=None
[2024-03-16T11:52:42.805+0500] {logging_mixin.py:188} INFO - [2024-03-16T11:52:42.805+0500] {dag.py:3834} INFO - Setting next_dagrun for example_external_task_marker_parent to None, run_after=None
[2024-03-16T11:52:43.026+0500] {processor.py:183} INFO - Processing /home/muhammadsami/Public/Projects/Airflow/DataPipelineswithApacheAirflow/.env/lib/python3.8/site-packages/airflow/example_dags/example_external_task_marker_dag.py took 0.314 seconds
[2024-03-16T11:54:01.376+0500] {processor.py:161} INFO - Started process (PID=21642) to work on /home/muhammadsami/Public/Projects/Airflow/DataPipelineswithApacheAirflow/.env/lib/python3.8/site-packages/airflow/example_dags/example_external_task_marker_dag.py
[2024-03-16T11:54:01.378+0500] {processor.py:830} INFO - Processing file /home/muhammadsami/Public/Projects/Airflow/DataPipelineswithApacheAirflow/.env/lib/python3.8/site-packages/airflow/example_dags/example_external_task_marker_dag.py for tasks to queue
[2024-03-16T11:54:01.379+0500] {logging_mixin.py:188} INFO - [2024-03-16T11:54:01.378+0500] {dagbag.py:540} INFO - Filling up the DagBag from /home/muhammadsami/Public/Projects/Airflow/DataPipelineswithApacheAirflow/.env/lib/python3.8/site-packages/airflow/example_dags/example_external_task_marker_dag.py
[2024-03-16T11:54:01.384+0500] {processor.py:840} INFO - DAG(s) 'example_external_task_marker_parent', 'example_external_task_marker_child' retrieved from /home/muhammadsami/Public/Projects/Airflow/DataPipelineswithApacheAirflow/.env/lib/python3.8/site-packages/airflow/example_dags/example_external_task_marker_dag.py
[2024-03-16T11:54:01.401+0500] {logging_mixin.py:188} INFO - [2024-03-16T11:54:01.401+0500] {dag.py:3047} INFO - Sync 2 DAGs
[2024-03-16T11:54:01.412+0500] {logging_mixin.py:188} INFO - [2024-03-16T11:54:01.412+0500] {dag.py:3834} INFO - Setting next_dagrun for example_external_task_marker_child to None, run_after=None
[2024-03-16T11:54:01.415+0500] {logging_mixin.py:188} INFO - [2024-03-16T11:54:01.415+0500] {dag.py:3834} INFO - Setting next_dagrun for example_external_task_marker_parent to None, run_after=None
[2024-03-16T11:54:01.517+0500] {processor.py:183} INFO - Processing /home/muhammadsami/Public/Projects/Airflow/DataPipelineswithApacheAirflow/.env/lib/python3.8/site-packages/airflow/example_dags/example_external_task_marker_dag.py took 0.143 seconds
[2024-03-16T11:55:15.406+0500] {processor.py:161} INFO - Started process (PID=21837) to work on /home/muhammadsami/Public/Projects/Airflow/DataPipelineswithApacheAirflow/.env/lib/python3.8/site-packages/airflow/example_dags/example_external_task_marker_dag.py
[2024-03-16T11:55:15.416+0500] {processor.py:830} INFO - Processing file /home/muhammadsami/Public/Projects/Airflow/DataPipelineswithApacheAirflow/.env/lib/python3.8/site-packages/airflow/example_dags/example_external_task_marker_dag.py for tasks to queue
[2024-03-16T11:55:15.417+0500] {logging_mixin.py:188} INFO - [2024-03-16T11:55:15.417+0500] {dagbag.py:540} INFO - Filling up the DagBag from /home/muhammadsami/Public/Projects/Airflow/DataPipelineswithApacheAirflow/.env/lib/python3.8/site-packages/airflow/example_dags/example_external_task_marker_dag.py
[2024-03-16T11:55:15.423+0500] {processor.py:840} INFO - DAG(s) 'example_external_task_marker_parent', 'example_external_task_marker_child' retrieved from /home/muhammadsami/Public/Projects/Airflow/DataPipelineswithApacheAirflow/.env/lib/python3.8/site-packages/airflow/example_dags/example_external_task_marker_dag.py
[2024-03-16T11:55:15.444+0500] {logging_mixin.py:188} INFO - [2024-03-16T11:55:15.444+0500] {dag.py:3047} INFO - Sync 2 DAGs
[2024-03-16T11:55:15.455+0500] {logging_mixin.py:188} INFO - [2024-03-16T11:55:15.455+0500] {dag.py:3834} INFO - Setting next_dagrun for example_external_task_marker_child to None, run_after=None
[2024-03-16T11:55:15.459+0500] {logging_mixin.py:188} INFO - [2024-03-16T11:55:15.459+0500] {dag.py:3834} INFO - Setting next_dagrun for example_external_task_marker_parent to None, run_after=None
[2024-03-16T11:55:15.616+0500] {processor.py:183} INFO - Processing /home/muhammadsami/Public/Projects/Airflow/DataPipelineswithApacheAirflow/.env/lib/python3.8/site-packages/airflow/example_dags/example_external_task_marker_dag.py took 0.212 seconds
[2024-03-16T11:56:32.158+0500] {processor.py:161} INFO - Started process (PID=21951) to work on /home/muhammadsami/Public/Projects/Airflow/DataPipelineswithApacheAirflow/.env/lib/python3.8/site-packages/airflow/example_dags/example_external_task_marker_dag.py
[2024-03-16T11:56:32.160+0500] {processor.py:830} INFO - Processing file /home/muhammadsami/Public/Projects/Airflow/DataPipelineswithApacheAirflow/.env/lib/python3.8/site-packages/airflow/example_dags/example_external_task_marker_dag.py for tasks to queue
[2024-03-16T11:56:32.161+0500] {logging_mixin.py:188} INFO - [2024-03-16T11:56:32.160+0500] {dagbag.py:540} INFO - Filling up the DagBag from /home/muhammadsami/Public/Projects/Airflow/DataPipelineswithApacheAirflow/.env/lib/python3.8/site-packages/airflow/example_dags/example_external_task_marker_dag.py
[2024-03-16T11:56:32.168+0500] {processor.py:840} INFO - DAG(s) 'example_external_task_marker_child', 'example_external_task_marker_parent' retrieved from /home/muhammadsami/Public/Projects/Airflow/DataPipelineswithApacheAirflow/.env/lib/python3.8/site-packages/airflow/example_dags/example_external_task_marker_dag.py
[2024-03-16T11:56:32.186+0500] {logging_mixin.py:188} INFO - [2024-03-16T11:56:32.186+0500] {dag.py:3047} INFO - Sync 2 DAGs
[2024-03-16T11:56:32.198+0500] {logging_mixin.py:188} INFO - [2024-03-16T11:56:32.198+0500] {dag.py:3834} INFO - Setting next_dagrun for example_external_task_marker_child to None, run_after=None
[2024-03-16T11:56:32.202+0500] {logging_mixin.py:188} INFO - [2024-03-16T11:56:32.202+0500] {dag.py:3834} INFO - Setting next_dagrun for example_external_task_marker_parent to None, run_after=None
[2024-03-16T11:56:32.325+0500] {processor.py:183} INFO - Processing /home/muhammadsami/Public/Projects/Airflow/DataPipelineswithApacheAirflow/.env/lib/python3.8/site-packages/airflow/example_dags/example_external_task_marker_dag.py took 0.170 seconds
[2024-03-16T11:57:51.978+0500] {processor.py:161} INFO - Started process (PID=22031) to work on /home/muhammadsami/Public/Projects/Airflow/DataPipelineswithApacheAirflow/.env/lib/python3.8/site-packages/airflow/example_dags/example_external_task_marker_dag.py
[2024-03-16T11:57:51.979+0500] {processor.py:830} INFO - Processing file /home/muhammadsami/Public/Projects/Airflow/DataPipelineswithApacheAirflow/.env/lib/python3.8/site-packages/airflow/example_dags/example_external_task_marker_dag.py for tasks to queue
[2024-03-16T11:57:51.980+0500] {logging_mixin.py:188} INFO - [2024-03-16T11:57:51.980+0500] {dagbag.py:540} INFO - Filling up the DagBag from /home/muhammadsami/Public/Projects/Airflow/DataPipelineswithApacheAirflow/.env/lib/python3.8/site-packages/airflow/example_dags/example_external_task_marker_dag.py
[2024-03-16T11:57:51.986+0500] {processor.py:840} INFO - DAG(s) 'example_external_task_marker_parent', 'example_external_task_marker_child' retrieved from /home/muhammadsami/Public/Projects/Airflow/DataPipelineswithApacheAirflow/.env/lib/python3.8/site-packages/airflow/example_dags/example_external_task_marker_dag.py
[2024-03-16T11:57:52.007+0500] {logging_mixin.py:188} INFO - [2024-03-16T11:57:52.007+0500] {dag.py:3047} INFO - Sync 2 DAGs
[2024-03-16T11:57:52.021+0500] {logging_mixin.py:188} INFO - [2024-03-16T11:57:52.021+0500] {dag.py:3834} INFO - Setting next_dagrun for example_external_task_marker_child to None, run_after=None
[2024-03-16T11:57:52.025+0500] {logging_mixin.py:188} INFO - [2024-03-16T11:57:52.025+0500] {dag.py:3834} INFO - Setting next_dagrun for example_external_task_marker_parent to None, run_after=None
[2024-03-16T11:57:52.115+0500] {processor.py:183} INFO - Processing /home/muhammadsami/Public/Projects/Airflow/DataPipelineswithApacheAirflow/.env/lib/python3.8/site-packages/airflow/example_dags/example_external_task_marker_dag.py took 0.140 seconds
[2024-03-16T11:59:04.706+0500] {processor.py:161} INFO - Started process (PID=22155) to work on /home/muhammadsami/Public/Projects/Airflow/DataPipelineswithApacheAirflow/.env/lib/python3.8/site-packages/airflow/example_dags/example_external_task_marker_dag.py
[2024-03-16T11:59:04.750+0500] {processor.py:830} INFO - Processing file /home/muhammadsami/Public/Projects/Airflow/DataPipelineswithApacheAirflow/.env/lib/python3.8/site-packages/airflow/example_dags/example_external_task_marker_dag.py for tasks to queue
[2024-03-16T11:59:04.751+0500] {logging_mixin.py:188} INFO - [2024-03-16T11:59:04.751+0500] {dagbag.py:540} INFO - Filling up the DagBag from /home/muhammadsami/Public/Projects/Airflow/DataPipelineswithApacheAirflow/.env/lib/python3.8/site-packages/airflow/example_dags/example_external_task_marker_dag.py
[2024-03-16T11:59:04.759+0500] {processor.py:840} INFO - DAG(s) 'example_external_task_marker_child', 'example_external_task_marker_parent' retrieved from /home/muhammadsami/Public/Projects/Airflow/DataPipelineswithApacheAirflow/.env/lib/python3.8/site-packages/airflow/example_dags/example_external_task_marker_dag.py
[2024-03-16T11:59:04.785+0500] {logging_mixin.py:188} INFO - [2024-03-16T11:59:04.784+0500] {dag.py:3047} INFO - Sync 2 DAGs
[2024-03-16T11:59:04.804+0500] {logging_mixin.py:188} INFO - [2024-03-16T11:59:04.804+0500] {dag.py:3834} INFO - Setting next_dagrun for example_external_task_marker_child to None, run_after=None
[2024-03-16T11:59:04.809+0500] {logging_mixin.py:188} INFO - [2024-03-16T11:59:04.809+0500] {dag.py:3834} INFO - Setting next_dagrun for example_external_task_marker_parent to None, run_after=None
[2024-03-16T11:59:04.930+0500] {processor.py:183} INFO - Processing /home/muhammadsami/Public/Projects/Airflow/DataPipelineswithApacheAirflow/.env/lib/python3.8/site-packages/airflow/example_dags/example_external_task_marker_dag.py took 0.229 seconds
[2024-03-16T12:00:22.541+0500] {processor.py:161} INFO - Started process (PID=22327) to work on /home/muhammadsami/Public/Projects/Airflow/DataPipelineswithApacheAirflow/.env/lib/python3.8/site-packages/airflow/example_dags/example_external_task_marker_dag.py
[2024-03-16T12:00:22.548+0500] {processor.py:830} INFO - Processing file /home/muhammadsami/Public/Projects/Airflow/DataPipelineswithApacheAirflow/.env/lib/python3.8/site-packages/airflow/example_dags/example_external_task_marker_dag.py for tasks to queue
[2024-03-16T12:00:22.550+0500] {logging_mixin.py:188} INFO - [2024-03-16T12:00:22.549+0500] {dagbag.py:540} INFO - Filling up the DagBag from /home/muhammadsami/Public/Projects/Airflow/DataPipelineswithApacheAirflow/.env/lib/python3.8/site-packages/airflow/example_dags/example_external_task_marker_dag.py
[2024-03-16T12:00:22.559+0500] {processor.py:840} INFO - DAG(s) 'example_external_task_marker_parent', 'example_external_task_marker_child' retrieved from /home/muhammadsami/Public/Projects/Airflow/DataPipelineswithApacheAirflow/.env/lib/python3.8/site-packages/airflow/example_dags/example_external_task_marker_dag.py
[2024-03-16T12:00:22.588+0500] {logging_mixin.py:188} INFO - [2024-03-16T12:00:22.587+0500] {dag.py:3047} INFO - Sync 2 DAGs
[2024-03-16T12:00:22.604+0500] {logging_mixin.py:188} INFO - [2024-03-16T12:00:22.604+0500] {dag.py:3834} INFO - Setting next_dagrun for example_external_task_marker_child to None, run_after=None
[2024-03-16T12:00:22.608+0500] {logging_mixin.py:188} INFO - [2024-03-16T12:00:22.607+0500] {dag.py:3834} INFO - Setting next_dagrun for example_external_task_marker_parent to None, run_after=None
[2024-03-16T12:00:22.694+0500] {processor.py:183} INFO - Processing /home/muhammadsami/Public/Projects/Airflow/DataPipelineswithApacheAirflow/.env/lib/python3.8/site-packages/airflow/example_dags/example_external_task_marker_dag.py took 0.157 seconds
[2024-03-16T12:01:44.859+0500] {processor.py:161} INFO - Started process (PID=22437) to work on /home/muhammadsami/Public/Projects/Airflow/DataPipelineswithApacheAirflow/.env/lib/python3.8/site-packages/airflow/example_dags/example_external_task_marker_dag.py
[2024-03-16T12:01:44.861+0500] {processor.py:830} INFO - Processing file /home/muhammadsami/Public/Projects/Airflow/DataPipelineswithApacheAirflow/.env/lib/python3.8/site-packages/airflow/example_dags/example_external_task_marker_dag.py for tasks to queue
[2024-03-16T12:01:44.862+0500] {logging_mixin.py:188} INFO - [2024-03-16T12:01:44.862+0500] {dagbag.py:540} INFO - Filling up the DagBag from /home/muhammadsami/Public/Projects/Airflow/DataPipelineswithApacheAirflow/.env/lib/python3.8/site-packages/airflow/example_dags/example_external_task_marker_dag.py
[2024-03-16T12:01:44.869+0500] {processor.py:840} INFO - DAG(s) 'example_external_task_marker_parent', 'example_external_task_marker_child' retrieved from /home/muhammadsami/Public/Projects/Airflow/DataPipelineswithApacheAirflow/.env/lib/python3.8/site-packages/airflow/example_dags/example_external_task_marker_dag.py
[2024-03-16T12:01:44.886+0500] {logging_mixin.py:188} INFO - [2024-03-16T12:01:44.886+0500] {dag.py:3047} INFO - Sync 2 DAGs
[2024-03-16T12:01:44.899+0500] {logging_mixin.py:188} INFO - [2024-03-16T12:01:44.898+0500] {dag.py:3834} INFO - Setting next_dagrun for example_external_task_marker_child to None, run_after=None
[2024-03-16T12:01:44.902+0500] {logging_mixin.py:188} INFO - [2024-03-16T12:01:44.902+0500] {dag.py:3834} INFO - Setting next_dagrun for example_external_task_marker_parent to None, run_after=None
[2024-03-16T12:01:44.996+0500] {processor.py:183} INFO - Processing /home/muhammadsami/Public/Projects/Airflow/DataPipelineswithApacheAirflow/.env/lib/python3.8/site-packages/airflow/example_dags/example_external_task_marker_dag.py took 0.140 seconds
