[2024-03-16T11:22:59.253+0500] {processor.py:161} INFO - Started process (PID=18240) to work on /home/muhammadsami/Public/Projects/Airflow/DataPipelineswithApacheAirflow/.env/lib/python3.8/site-packages/airflow/example_dags/example_dynamic_task_mapping.py
[2024-03-16T11:22:59.254+0500] {processor.py:830} INFO - Processing file /home/muhammadsami/Public/Projects/Airflow/DataPipelineswithApacheAirflow/.env/lib/python3.8/site-packages/airflow/example_dags/example_dynamic_task_mapping.py for tasks to queue
[2024-03-16T11:22:59.256+0500] {logging_mixin.py:188} INFO - [2024-03-16T11:22:59.255+0500] {dagbag.py:540} INFO - Filling up the DagBag from /home/muhammadsami/Public/Projects/Airflow/DataPipelineswithApacheAirflow/.env/lib/python3.8/site-packages/airflow/example_dags/example_dynamic_task_mapping.py
[2024-03-16T11:22:59.266+0500] {processor.py:840} INFO - DAG(s) 'example_dynamic_task_mapping' retrieved from /home/muhammadsami/Public/Projects/Airflow/DataPipelineswithApacheAirflow/.env/lib/python3.8/site-packages/airflow/example_dags/example_dynamic_task_mapping.py
[2024-03-16T11:22:59.650+0500] {logging_mixin.py:188} INFO - [2024-03-16T11:22:59.649+0500] {override.py:1769} INFO - Created Permission View: can edit on DAG:example_dynamic_task_mapping
[2024-03-16T11:22:59.866+0500] {logging_mixin.py:188} INFO - [2024-03-16T11:22:59.866+0500] {override.py:1769} INFO - Created Permission View: can delete on DAG:example_dynamic_task_mapping
[2024-03-16T11:22:59.974+0500] {logging_mixin.py:188} INFO - [2024-03-16T11:22:59.973+0500] {override.py:1769} INFO - Created Permission View: can read on DAG:example_dynamic_task_mapping
[2024-03-16T11:22:59.974+0500] {logging_mixin.py:188} INFO - [2024-03-16T11:22:59.974+0500] {dag.py:3047} INFO - Sync 1 DAGs
[2024-03-16T11:22:59.993+0500] {logging_mixin.py:188} INFO - [2024-03-16T11:22:59.993+0500] {dag.py:3069} INFO - Creating ORM DAG for example_dynamic_task_mapping
[2024-03-16T11:23:00.010+0500] {logging_mixin.py:188} INFO - [2024-03-16T11:23:00.010+0500] {dag.py:3834} INFO - Setting next_dagrun for example_dynamic_task_mapping to 2022-03-04 00:00:00+00:00, run_after=2022-03-05 00:00:00+00:00
[2024-03-16T11:23:00.121+0500] {processor.py:183} INFO - Processing /home/muhammadsami/Public/Projects/Airflow/DataPipelineswithApacheAirflow/.env/lib/python3.8/site-packages/airflow/example_dags/example_dynamic_task_mapping.py took 0.871 seconds
[2024-03-16T11:24:11.746+0500] {processor.py:161} INFO - Started process (PID=18465) to work on /home/muhammadsami/Public/Projects/Airflow/DataPipelineswithApacheAirflow/.env/lib/python3.8/site-packages/airflow/example_dags/example_dynamic_task_mapping.py
[2024-03-16T11:24:11.754+0500] {processor.py:830} INFO - Processing file /home/muhammadsami/Public/Projects/Airflow/DataPipelineswithApacheAirflow/.env/lib/python3.8/site-packages/airflow/example_dags/example_dynamic_task_mapping.py for tasks to queue
[2024-03-16T11:24:11.756+0500] {logging_mixin.py:188} INFO - [2024-03-16T11:24:11.755+0500] {dagbag.py:540} INFO - Filling up the DagBag from /home/muhammadsami/Public/Projects/Airflow/DataPipelineswithApacheAirflow/.env/lib/python3.8/site-packages/airflow/example_dags/example_dynamic_task_mapping.py
[2024-03-16T11:24:11.762+0500] {processor.py:840} INFO - DAG(s) 'example_dynamic_task_mapping' retrieved from /home/muhammadsami/Public/Projects/Airflow/DataPipelineswithApacheAirflow/.env/lib/python3.8/site-packages/airflow/example_dags/example_dynamic_task_mapping.py
[2024-03-16T11:24:11.778+0500] {logging_mixin.py:188} INFO - [2024-03-16T11:24:11.778+0500] {dag.py:3047} INFO - Sync 1 DAGs
[2024-03-16T11:24:11.905+0500] {logging_mixin.py:188} INFO - [2024-03-16T11:24:11.905+0500] {dag.py:3834} INFO - Setting next_dagrun for example_dynamic_task_mapping to 2022-03-04 00:00:00+00:00, run_after=2022-03-05 00:00:00+00:00
[2024-03-16T11:24:11.991+0500] {processor.py:183} INFO - Processing /home/muhammadsami/Public/Projects/Airflow/DataPipelineswithApacheAirflow/.env/lib/python3.8/site-packages/airflow/example_dags/example_dynamic_task_mapping.py took 0.249 seconds
[2024-03-16T11:25:08.858+0500] {processor.py:161} INFO - Started process (PID=18600) to work on /home/muhammadsami/Public/Projects/Airflow/DataPipelineswithApacheAirflow/.env/lib/python3.8/site-packages/airflow/example_dags/example_dynamic_task_mapping.py
[2024-03-16T11:25:08.861+0500] {processor.py:830} INFO - Processing file /home/muhammadsami/Public/Projects/Airflow/DataPipelineswithApacheAirflow/.env/lib/python3.8/site-packages/airflow/example_dags/example_dynamic_task_mapping.py for tasks to queue
[2024-03-16T11:25:08.863+0500] {logging_mixin.py:188} INFO - [2024-03-16T11:25:08.862+0500] {dagbag.py:540} INFO - Filling up the DagBag from /home/muhammadsami/Public/Projects/Airflow/DataPipelineswithApacheAirflow/.env/lib/python3.8/site-packages/airflow/example_dags/example_dynamic_task_mapping.py
[2024-03-16T11:25:08.873+0500] {processor.py:840} INFO - DAG(s) 'example_dynamic_task_mapping' retrieved from /home/muhammadsami/Public/Projects/Airflow/DataPipelineswithApacheAirflow/.env/lib/python3.8/site-packages/airflow/example_dags/example_dynamic_task_mapping.py
[2024-03-16T11:25:08.892+0500] {logging_mixin.py:188} INFO - [2024-03-16T11:25:08.892+0500] {dag.py:3047} INFO - Sync 1 DAGs
[2024-03-16T11:25:08.924+0500] {logging_mixin.py:188} INFO - [2024-03-16T11:25:08.923+0500] {dag.py:3834} INFO - Setting next_dagrun for example_dynamic_task_mapping to 2022-03-04 00:00:00+00:00, run_after=2022-03-05 00:00:00+00:00
[2024-03-16T11:25:09.061+0500] {processor.py:183} INFO - Processing /home/muhammadsami/Public/Projects/Airflow/DataPipelineswithApacheAirflow/.env/lib/python3.8/site-packages/airflow/example_dags/example_dynamic_task_mapping.py took 0.206 seconds
[2024-03-16T11:26:12.863+0500] {processor.py:161} INFO - Started process (PID=18677) to work on /home/muhammadsami/Public/Projects/Airflow/DataPipelineswithApacheAirflow/.env/lib/python3.8/site-packages/airflow/example_dags/example_dynamic_task_mapping.py
[2024-03-16T11:26:12.875+0500] {processor.py:830} INFO - Processing file /home/muhammadsami/Public/Projects/Airflow/DataPipelineswithApacheAirflow/.env/lib/python3.8/site-packages/airflow/example_dags/example_dynamic_task_mapping.py for tasks to queue
[2024-03-16T11:26:12.876+0500] {logging_mixin.py:188} INFO - [2024-03-16T11:26:12.875+0500] {dagbag.py:540} INFO - Filling up the DagBag from /home/muhammadsami/Public/Projects/Airflow/DataPipelineswithApacheAirflow/.env/lib/python3.8/site-packages/airflow/example_dags/example_dynamic_task_mapping.py
[2024-03-16T11:26:12.881+0500] {processor.py:840} INFO - DAG(s) 'example_dynamic_task_mapping' retrieved from /home/muhammadsami/Public/Projects/Airflow/DataPipelineswithApacheAirflow/.env/lib/python3.8/site-packages/airflow/example_dags/example_dynamic_task_mapping.py
[2024-03-16T11:26:12.894+0500] {logging_mixin.py:188} INFO - [2024-03-16T11:26:12.893+0500] {dag.py:3047} INFO - Sync 1 DAGs
[2024-03-16T11:26:12.910+0500] {logging_mixin.py:188} INFO - [2024-03-16T11:26:12.910+0500] {dag.py:3834} INFO - Setting next_dagrun for example_dynamic_task_mapping to 2022-03-04 00:00:00+00:00, run_after=2022-03-05 00:00:00+00:00
[2024-03-16T11:26:13.002+0500] {processor.py:183} INFO - Processing /home/muhammadsami/Public/Projects/Airflow/DataPipelineswithApacheAirflow/.env/lib/python3.8/site-packages/airflow/example_dags/example_dynamic_task_mapping.py took 0.142 seconds
[2024-03-16T11:27:05.914+0500] {processor.py:161} INFO - Started process (PID=18758) to work on /home/muhammadsami/Public/Projects/Airflow/DataPipelineswithApacheAirflow/.env/lib/python3.8/site-packages/airflow/example_dags/example_dynamic_task_mapping.py
[2024-03-16T11:27:05.929+0500] {processor.py:830} INFO - Processing file /home/muhammadsami/Public/Projects/Airflow/DataPipelineswithApacheAirflow/.env/lib/python3.8/site-packages/airflow/example_dags/example_dynamic_task_mapping.py for tasks to queue
[2024-03-16T11:27:05.930+0500] {logging_mixin.py:188} INFO - [2024-03-16T11:27:05.930+0500] {dagbag.py:540} INFO - Filling up the DagBag from /home/muhammadsami/Public/Projects/Airflow/DataPipelineswithApacheAirflow/.env/lib/python3.8/site-packages/airflow/example_dags/example_dynamic_task_mapping.py
[2024-03-16T11:27:05.939+0500] {processor.py:840} INFO - DAG(s) 'example_dynamic_task_mapping' retrieved from /home/muhammadsami/Public/Projects/Airflow/DataPipelineswithApacheAirflow/.env/lib/python3.8/site-packages/airflow/example_dags/example_dynamic_task_mapping.py
[2024-03-16T11:27:05.959+0500] {logging_mixin.py:188} INFO - [2024-03-16T11:27:05.958+0500] {dag.py:3047} INFO - Sync 1 DAGs
[2024-03-16T11:27:05.987+0500] {logging_mixin.py:188} INFO - [2024-03-16T11:27:05.987+0500] {dag.py:3834} INFO - Setting next_dagrun for example_dynamic_task_mapping to 2022-03-04 00:00:00+00:00, run_after=2022-03-05 00:00:00+00:00
[2024-03-16T11:27:06.081+0500] {processor.py:183} INFO - Processing /home/muhammadsami/Public/Projects/Airflow/DataPipelineswithApacheAirflow/.env/lib/python3.8/site-packages/airflow/example_dags/example_dynamic_task_mapping.py took 0.169 seconds
[2024-03-16T11:27:53.694+0500] {processor.py:161} INFO - Started process (PID=18808) to work on /home/muhammadsami/Public/Projects/Airflow/DataPipelineswithApacheAirflow/.env/lib/python3.8/site-packages/airflow/example_dags/example_dynamic_task_mapping.py
[2024-03-16T11:27:53.695+0500] {processor.py:830} INFO - Processing file /home/muhammadsami/Public/Projects/Airflow/DataPipelineswithApacheAirflow/.env/lib/python3.8/site-packages/airflow/example_dags/example_dynamic_task_mapping.py for tasks to queue
[2024-03-16T11:27:53.697+0500] {logging_mixin.py:188} INFO - [2024-03-16T11:27:53.696+0500] {dagbag.py:540} INFO - Filling up the DagBag from /home/muhammadsami/Public/Projects/Airflow/DataPipelineswithApacheAirflow/.env/lib/python3.8/site-packages/airflow/example_dags/example_dynamic_task_mapping.py
[2024-03-16T11:27:53.706+0500] {processor.py:840} INFO - DAG(s) 'example_dynamic_task_mapping' retrieved from /home/muhammadsami/Public/Projects/Airflow/DataPipelineswithApacheAirflow/.env/lib/python3.8/site-packages/airflow/example_dags/example_dynamic_task_mapping.py
[2024-03-16T11:27:53.718+0500] {logging_mixin.py:188} INFO - [2024-03-16T11:27:53.718+0500] {dag.py:3047} INFO - Sync 1 DAGs
[2024-03-16T11:27:53.736+0500] {logging_mixin.py:188} INFO - [2024-03-16T11:27:53.736+0500] {dag.py:3834} INFO - Setting next_dagrun for example_dynamic_task_mapping to 2022-03-04 00:00:00+00:00, run_after=2022-03-05 00:00:00+00:00
[2024-03-16T11:27:53.845+0500] {processor.py:183} INFO - Processing /home/muhammadsami/Public/Projects/Airflow/DataPipelineswithApacheAirflow/.env/lib/python3.8/site-packages/airflow/example_dags/example_dynamic_task_mapping.py took 0.153 seconds
[2024-03-16T11:28:43.355+0500] {processor.py:161} INFO - Started process (PID=18854) to work on /home/muhammadsami/Public/Projects/Airflow/DataPipelineswithApacheAirflow/.env/lib/python3.8/site-packages/airflow/example_dags/example_dynamic_task_mapping.py
[2024-03-16T11:28:43.357+0500] {processor.py:830} INFO - Processing file /home/muhammadsami/Public/Projects/Airflow/DataPipelineswithApacheAirflow/.env/lib/python3.8/site-packages/airflow/example_dags/example_dynamic_task_mapping.py for tasks to queue
[2024-03-16T11:28:43.357+0500] {logging_mixin.py:188} INFO - [2024-03-16T11:28:43.357+0500] {dagbag.py:540} INFO - Filling up the DagBag from /home/muhammadsami/Public/Projects/Airflow/DataPipelineswithApacheAirflow/.env/lib/python3.8/site-packages/airflow/example_dags/example_dynamic_task_mapping.py
[2024-03-16T11:28:43.363+0500] {processor.py:840} INFO - DAG(s) 'example_dynamic_task_mapping' retrieved from /home/muhammadsami/Public/Projects/Airflow/DataPipelineswithApacheAirflow/.env/lib/python3.8/site-packages/airflow/example_dags/example_dynamic_task_mapping.py
[2024-03-16T11:28:43.376+0500] {logging_mixin.py:188} INFO - [2024-03-16T11:28:43.376+0500] {dag.py:3047} INFO - Sync 1 DAGs
[2024-03-16T11:28:43.394+0500] {logging_mixin.py:188} INFO - [2024-03-16T11:28:43.394+0500] {dag.py:3834} INFO - Setting next_dagrun for example_dynamic_task_mapping to 2022-03-04 00:00:00+00:00, run_after=2022-03-05 00:00:00+00:00
[2024-03-16T11:28:43.484+0500] {processor.py:183} INFO - Processing /home/muhammadsami/Public/Projects/Airflow/DataPipelineswithApacheAirflow/.env/lib/python3.8/site-packages/airflow/example_dags/example_dynamic_task_mapping.py took 0.131 seconds
[2024-03-16T11:29:34.171+0500] {processor.py:161} INFO - Started process (PID=18927) to work on /home/muhammadsami/Public/Projects/Airflow/DataPipelineswithApacheAirflow/.env/lib/python3.8/site-packages/airflow/example_dags/example_dynamic_task_mapping.py
[2024-03-16T11:29:34.174+0500] {processor.py:830} INFO - Processing file /home/muhammadsami/Public/Projects/Airflow/DataPipelineswithApacheAirflow/.env/lib/python3.8/site-packages/airflow/example_dags/example_dynamic_task_mapping.py for tasks to queue
[2024-03-16T11:29:34.175+0500] {logging_mixin.py:188} INFO - [2024-03-16T11:29:34.175+0500] {dagbag.py:540} INFO - Filling up the DagBag from /home/muhammadsami/Public/Projects/Airflow/DataPipelineswithApacheAirflow/.env/lib/python3.8/site-packages/airflow/example_dags/example_dynamic_task_mapping.py
[2024-03-16T11:29:34.183+0500] {processor.py:840} INFO - DAG(s) 'example_dynamic_task_mapping' retrieved from /home/muhammadsami/Public/Projects/Airflow/DataPipelineswithApacheAirflow/.env/lib/python3.8/site-packages/airflow/example_dags/example_dynamic_task_mapping.py
[2024-03-16T11:29:34.198+0500] {logging_mixin.py:188} INFO - [2024-03-16T11:29:34.198+0500] {dag.py:3047} INFO - Sync 1 DAGs
[2024-03-16T11:29:34.225+0500] {logging_mixin.py:188} INFO - [2024-03-16T11:29:34.225+0500] {dag.py:3834} INFO - Setting next_dagrun for example_dynamic_task_mapping to 2022-03-04 00:00:00+00:00, run_after=2022-03-05 00:00:00+00:00
[2024-03-16T11:29:34.322+0500] {processor.py:183} INFO - Processing /home/muhammadsami/Public/Projects/Airflow/DataPipelineswithApacheAirflow/.env/lib/python3.8/site-packages/airflow/example_dags/example_dynamic_task_mapping.py took 0.155 seconds
[2024-03-16T11:30:25.540+0500] {processor.py:161} INFO - Started process (PID=18991) to work on /home/muhammadsami/Public/Projects/Airflow/DataPipelineswithApacheAirflow/.env/lib/python3.8/site-packages/airflow/example_dags/example_dynamic_task_mapping.py
[2024-03-16T11:30:25.545+0500] {processor.py:830} INFO - Processing file /home/muhammadsami/Public/Projects/Airflow/DataPipelineswithApacheAirflow/.env/lib/python3.8/site-packages/airflow/example_dags/example_dynamic_task_mapping.py for tasks to queue
[2024-03-16T11:30:25.546+0500] {logging_mixin.py:188} INFO - [2024-03-16T11:30:25.545+0500] {dagbag.py:540} INFO - Filling up the DagBag from /home/muhammadsami/Public/Projects/Airflow/DataPipelineswithApacheAirflow/.env/lib/python3.8/site-packages/airflow/example_dags/example_dynamic_task_mapping.py
[2024-03-16T11:30:25.552+0500] {processor.py:840} INFO - DAG(s) 'example_dynamic_task_mapping' retrieved from /home/muhammadsami/Public/Projects/Airflow/DataPipelineswithApacheAirflow/.env/lib/python3.8/site-packages/airflow/example_dags/example_dynamic_task_mapping.py
[2024-03-16T11:30:25.564+0500] {logging_mixin.py:188} INFO - [2024-03-16T11:30:25.564+0500] {dag.py:3047} INFO - Sync 1 DAGs
[2024-03-16T11:30:25.583+0500] {logging_mixin.py:188} INFO - [2024-03-16T11:30:25.583+0500] {dag.py:3834} INFO - Setting next_dagrun for example_dynamic_task_mapping to 2022-03-04 00:00:00+00:00, run_after=2022-03-05 00:00:00+00:00
[2024-03-16T11:30:25.673+0500] {processor.py:183} INFO - Processing /home/muhammadsami/Public/Projects/Airflow/DataPipelineswithApacheAirflow/.env/lib/python3.8/site-packages/airflow/example_dags/example_dynamic_task_mapping.py took 0.135 seconds
[2024-03-16T11:39:05.800+0500] {processor.py:161} INFO - Started process (PID=19645) to work on /home/muhammadsami/Public/Projects/Airflow/DataPipelineswithApacheAirflow/.env/lib/python3.8/site-packages/airflow/example_dags/example_dynamic_task_mapping.py
[2024-03-16T11:39:05.813+0500] {processor.py:830} INFO - Processing file /home/muhammadsami/Public/Projects/Airflow/DataPipelineswithApacheAirflow/.env/lib/python3.8/site-packages/airflow/example_dags/example_dynamic_task_mapping.py for tasks to queue
[2024-03-16T11:39:05.814+0500] {logging_mixin.py:188} INFO - [2024-03-16T11:39:05.814+0500] {dagbag.py:540} INFO - Filling up the DagBag from /home/muhammadsami/Public/Projects/Airflow/DataPipelineswithApacheAirflow/.env/lib/python3.8/site-packages/airflow/example_dags/example_dynamic_task_mapping.py
[2024-03-16T11:39:05.819+0500] {processor.py:840} INFO - DAG(s) 'example_dynamic_task_mapping' retrieved from /home/muhammadsami/Public/Projects/Airflow/DataPipelineswithApacheAirflow/.env/lib/python3.8/site-packages/airflow/example_dags/example_dynamic_task_mapping.py
[2024-03-16T11:39:05.834+0500] {logging_mixin.py:188} INFO - [2024-03-16T11:39:05.834+0500] {dag.py:3047} INFO - Sync 1 DAGs
[2024-03-16T11:39:05.853+0500] {logging_mixin.py:188} INFO - [2024-03-16T11:39:05.853+0500] {dag.py:3834} INFO - Setting next_dagrun for example_dynamic_task_mapping to 2022-03-04 00:00:00+00:00, run_after=2022-03-05 00:00:00+00:00
[2024-03-16T11:39:05.959+0500] {processor.py:183} INFO - Processing /home/muhammadsami/Public/Projects/Airflow/DataPipelineswithApacheAirflow/.env/lib/python3.8/site-packages/airflow/example_dags/example_dynamic_task_mapping.py took 0.161 seconds
[2024-03-16T11:40:13.374+0500] {processor.py:161} INFO - Started process (PID=19942) to work on /home/muhammadsami/Public/Projects/Airflow/DataPipelineswithApacheAirflow/.env/lib/python3.8/site-packages/airflow/example_dags/example_dynamic_task_mapping.py
[2024-03-16T11:40:13.393+0500] {processor.py:830} INFO - Processing file /home/muhammadsami/Public/Projects/Airflow/DataPipelineswithApacheAirflow/.env/lib/python3.8/site-packages/airflow/example_dags/example_dynamic_task_mapping.py for tasks to queue
[2024-03-16T11:40:13.394+0500] {logging_mixin.py:188} INFO - [2024-03-16T11:40:13.394+0500] {dagbag.py:540} INFO - Filling up the DagBag from /home/muhammadsami/Public/Projects/Airflow/DataPipelineswithApacheAirflow/.env/lib/python3.8/site-packages/airflow/example_dags/example_dynamic_task_mapping.py
[2024-03-16T11:40:13.400+0500] {processor.py:840} INFO - DAG(s) 'example_dynamic_task_mapping' retrieved from /home/muhammadsami/Public/Projects/Airflow/DataPipelineswithApacheAirflow/.env/lib/python3.8/site-packages/airflow/example_dags/example_dynamic_task_mapping.py
[2024-03-16T11:40:13.414+0500] {logging_mixin.py:188} INFO - [2024-03-16T11:40:13.414+0500] {dag.py:3047} INFO - Sync 1 DAGs
[2024-03-16T11:40:13.526+0500] {logging_mixin.py:188} INFO - [2024-03-16T11:40:13.526+0500] {dag.py:3834} INFO - Setting next_dagrun for example_dynamic_task_mapping to 2022-03-04 00:00:00+00:00, run_after=2022-03-05 00:00:00+00:00
[2024-03-16T11:40:13.640+0500] {processor.py:183} INFO - Processing /home/muhammadsami/Public/Projects/Airflow/DataPipelineswithApacheAirflow/.env/lib/python3.8/site-packages/airflow/example_dags/example_dynamic_task_mapping.py took 0.270 seconds
[2024-03-16T11:41:32.291+0500] {processor.py:161} INFO - Started process (PID=20192) to work on /home/muhammadsami/Public/Projects/Airflow/DataPipelineswithApacheAirflow/.env/lib/python3.8/site-packages/airflow/example_dags/example_dynamic_task_mapping.py
[2024-03-16T11:41:32.298+0500] {processor.py:830} INFO - Processing file /home/muhammadsami/Public/Projects/Airflow/DataPipelineswithApacheAirflow/.env/lib/python3.8/site-packages/airflow/example_dags/example_dynamic_task_mapping.py for tasks to queue
[2024-03-16T11:41:32.299+0500] {logging_mixin.py:188} INFO - [2024-03-16T11:41:32.298+0500] {dagbag.py:540} INFO - Filling up the DagBag from /home/muhammadsami/Public/Projects/Airflow/DataPipelineswithApacheAirflow/.env/lib/python3.8/site-packages/airflow/example_dags/example_dynamic_task_mapping.py
[2024-03-16T11:41:32.306+0500] {processor.py:840} INFO - DAG(s) 'example_dynamic_task_mapping' retrieved from /home/muhammadsami/Public/Projects/Airflow/DataPipelineswithApacheAirflow/.env/lib/python3.8/site-packages/airflow/example_dags/example_dynamic_task_mapping.py
[2024-03-16T11:41:32.321+0500] {logging_mixin.py:188} INFO - [2024-03-16T11:41:32.321+0500] {dag.py:3047} INFO - Sync 1 DAGs
[2024-03-16T11:41:32.343+0500] {logging_mixin.py:188} INFO - [2024-03-16T11:41:32.342+0500] {dag.py:3834} INFO - Setting next_dagrun for example_dynamic_task_mapping to 2022-03-04 00:00:00+00:00, run_after=2022-03-05 00:00:00+00:00
[2024-03-16T11:41:32.429+0500] {processor.py:183} INFO - Processing /home/muhammadsami/Public/Projects/Airflow/DataPipelineswithApacheAirflow/.env/lib/python3.8/site-packages/airflow/example_dags/example_dynamic_task_mapping.py took 0.140 seconds
[2024-03-16T11:42:27.064+0500] {processor.py:161} INFO - Started process (PID=20256) to work on /home/muhammadsami/Public/Projects/Airflow/DataPipelineswithApacheAirflow/.env/lib/python3.8/site-packages/airflow/example_dags/example_dynamic_task_mapping.py
[2024-03-16T11:42:27.066+0500] {processor.py:830} INFO - Processing file /home/muhammadsami/Public/Projects/Airflow/DataPipelineswithApacheAirflow/.env/lib/python3.8/site-packages/airflow/example_dags/example_dynamic_task_mapping.py for tasks to queue
[2024-03-16T11:42:27.067+0500] {logging_mixin.py:188} INFO - [2024-03-16T11:42:27.066+0500] {dagbag.py:540} INFO - Filling up the DagBag from /home/muhammadsami/Public/Projects/Airflow/DataPipelineswithApacheAirflow/.env/lib/python3.8/site-packages/airflow/example_dags/example_dynamic_task_mapping.py
[2024-03-16T11:42:27.075+0500] {processor.py:840} INFO - DAG(s) 'example_dynamic_task_mapping' retrieved from /home/muhammadsami/Public/Projects/Airflow/DataPipelineswithApacheAirflow/.env/lib/python3.8/site-packages/airflow/example_dags/example_dynamic_task_mapping.py
[2024-03-16T11:42:27.088+0500] {logging_mixin.py:188} INFO - [2024-03-16T11:42:27.088+0500] {dag.py:3047} INFO - Sync 1 DAGs
[2024-03-16T11:42:27.105+0500] {logging_mixin.py:188} INFO - [2024-03-16T11:42:27.105+0500] {dag.py:3834} INFO - Setting next_dagrun for example_dynamic_task_mapping to 2022-03-04 00:00:00+00:00, run_after=2022-03-05 00:00:00+00:00
[2024-03-16T11:42:27.194+0500] {processor.py:183} INFO - Processing /home/muhammadsami/Public/Projects/Airflow/DataPipelineswithApacheAirflow/.env/lib/python3.8/site-packages/airflow/example_dags/example_dynamic_task_mapping.py took 0.132 seconds
[2024-03-16T11:43:20.362+0500] {processor.py:161} INFO - Started process (PID=20313) to work on /home/muhammadsami/Public/Projects/Airflow/DataPipelineswithApacheAirflow/.env/lib/python3.8/site-packages/airflow/example_dags/example_dynamic_task_mapping.py
[2024-03-16T11:43:20.363+0500] {processor.py:830} INFO - Processing file /home/muhammadsami/Public/Projects/Airflow/DataPipelineswithApacheAirflow/.env/lib/python3.8/site-packages/airflow/example_dags/example_dynamic_task_mapping.py for tasks to queue
[2024-03-16T11:43:20.364+0500] {logging_mixin.py:188} INFO - [2024-03-16T11:43:20.364+0500] {dagbag.py:540} INFO - Filling up the DagBag from /home/muhammadsami/Public/Projects/Airflow/DataPipelineswithApacheAirflow/.env/lib/python3.8/site-packages/airflow/example_dags/example_dynamic_task_mapping.py
[2024-03-16T11:43:20.371+0500] {processor.py:840} INFO - DAG(s) 'example_dynamic_task_mapping' retrieved from /home/muhammadsami/Public/Projects/Airflow/DataPipelineswithApacheAirflow/.env/lib/python3.8/site-packages/airflow/example_dags/example_dynamic_task_mapping.py
[2024-03-16T11:43:20.383+0500] {logging_mixin.py:188} INFO - [2024-03-16T11:43:20.382+0500] {dag.py:3047} INFO - Sync 1 DAGs
[2024-03-16T11:43:20.400+0500] {logging_mixin.py:188} INFO - [2024-03-16T11:43:20.399+0500] {dag.py:3834} INFO - Setting next_dagrun for example_dynamic_task_mapping to 2022-03-04 00:00:00+00:00, run_after=2022-03-05 00:00:00+00:00
[2024-03-16T11:43:20.500+0500] {processor.py:183} INFO - Processing /home/muhammadsami/Public/Projects/Airflow/DataPipelineswithApacheAirflow/.env/lib/python3.8/site-packages/airflow/example_dags/example_dynamic_task_mapping.py took 0.141 seconds
[2024-03-16T11:44:12.881+0500] {processor.py:161} INFO - Started process (PID=20390) to work on /home/muhammadsami/Public/Projects/Airflow/DataPipelineswithApacheAirflow/.env/lib/python3.8/site-packages/airflow/example_dags/example_dynamic_task_mapping.py
[2024-03-16T11:44:12.882+0500] {processor.py:830} INFO - Processing file /home/muhammadsami/Public/Projects/Airflow/DataPipelineswithApacheAirflow/.env/lib/python3.8/site-packages/airflow/example_dags/example_dynamic_task_mapping.py for tasks to queue
[2024-03-16T11:44:12.884+0500] {logging_mixin.py:188} INFO - [2024-03-16T11:44:12.883+0500] {dagbag.py:540} INFO - Filling up the DagBag from /home/muhammadsami/Public/Projects/Airflow/DataPipelineswithApacheAirflow/.env/lib/python3.8/site-packages/airflow/example_dags/example_dynamic_task_mapping.py
[2024-03-16T11:44:12.891+0500] {processor.py:840} INFO - DAG(s) 'example_dynamic_task_mapping' retrieved from /home/muhammadsami/Public/Projects/Airflow/DataPipelineswithApacheAirflow/.env/lib/python3.8/site-packages/airflow/example_dags/example_dynamic_task_mapping.py
[2024-03-16T11:44:12.904+0500] {logging_mixin.py:188} INFO - [2024-03-16T11:44:12.904+0500] {dag.py:3047} INFO - Sync 1 DAGs
[2024-03-16T11:44:12.926+0500] {logging_mixin.py:188} INFO - [2024-03-16T11:44:12.926+0500] {dag.py:3834} INFO - Setting next_dagrun for example_dynamic_task_mapping to 2022-03-04 00:00:00+00:00, run_after=2022-03-05 00:00:00+00:00
[2024-03-16T11:44:13.076+0500] {processor.py:183} INFO - Processing /home/muhammadsami/Public/Projects/Airflow/DataPipelineswithApacheAirflow/.env/lib/python3.8/site-packages/airflow/example_dags/example_dynamic_task_mapping.py took 0.198 seconds
[2024-03-16T11:45:15.429+0500] {processor.py:161} INFO - Started process (PID=20798) to work on /home/muhammadsami/Public/Projects/Airflow/DataPipelineswithApacheAirflow/.env/lib/python3.8/site-packages/airflow/example_dags/example_dynamic_task_mapping.py
[2024-03-16T11:45:15.431+0500] {processor.py:830} INFO - Processing file /home/muhammadsami/Public/Projects/Airflow/DataPipelineswithApacheAirflow/.env/lib/python3.8/site-packages/airflow/example_dags/example_dynamic_task_mapping.py for tasks to queue
[2024-03-16T11:45:15.432+0500] {logging_mixin.py:188} INFO - [2024-03-16T11:45:15.431+0500] {dagbag.py:540} INFO - Filling up the DagBag from /home/muhammadsami/Public/Projects/Airflow/DataPipelineswithApacheAirflow/.env/lib/python3.8/site-packages/airflow/example_dags/example_dynamic_task_mapping.py
[2024-03-16T11:45:15.438+0500] {processor.py:840} INFO - DAG(s) 'example_dynamic_task_mapping' retrieved from /home/muhammadsami/Public/Projects/Airflow/DataPipelineswithApacheAirflow/.env/lib/python3.8/site-packages/airflow/example_dags/example_dynamic_task_mapping.py
[2024-03-16T11:45:15.450+0500] {logging_mixin.py:188} INFO - [2024-03-16T11:45:15.450+0500] {dag.py:3047} INFO - Sync 1 DAGs
[2024-03-16T11:45:15.468+0500] {logging_mixin.py:188} INFO - [2024-03-16T11:45:15.468+0500] {dag.py:3834} INFO - Setting next_dagrun for example_dynamic_task_mapping to 2022-03-04 00:00:00+00:00, run_after=2022-03-05 00:00:00+00:00
[2024-03-16T11:45:15.561+0500] {processor.py:183} INFO - Processing /home/muhammadsami/Public/Projects/Airflow/DataPipelineswithApacheAirflow/.env/lib/python3.8/site-packages/airflow/example_dags/example_dynamic_task_mapping.py took 0.134 seconds
[2024-03-16T11:46:17.993+0500] {processor.py:161} INFO - Started process (PID=20867) to work on /home/muhammadsami/Public/Projects/Airflow/DataPipelineswithApacheAirflow/.env/lib/python3.8/site-packages/airflow/example_dags/example_dynamic_task_mapping.py
[2024-03-16T11:46:17.994+0500] {processor.py:830} INFO - Processing file /home/muhammadsami/Public/Projects/Airflow/DataPipelineswithApacheAirflow/.env/lib/python3.8/site-packages/airflow/example_dags/example_dynamic_task_mapping.py for tasks to queue
[2024-03-16T11:46:17.995+0500] {logging_mixin.py:188} INFO - [2024-03-16T11:46:17.995+0500] {dagbag.py:540} INFO - Filling up the DagBag from /home/muhammadsami/Public/Projects/Airflow/DataPipelineswithApacheAirflow/.env/lib/python3.8/site-packages/airflow/example_dags/example_dynamic_task_mapping.py
[2024-03-16T11:46:18.002+0500] {processor.py:840} INFO - DAG(s) 'example_dynamic_task_mapping' retrieved from /home/muhammadsami/Public/Projects/Airflow/DataPipelineswithApacheAirflow/.env/lib/python3.8/site-packages/airflow/example_dags/example_dynamic_task_mapping.py
[2024-03-16T11:46:18.017+0500] {logging_mixin.py:188} INFO - [2024-03-16T11:46:18.016+0500] {dag.py:3047} INFO - Sync 1 DAGs
[2024-03-16T11:46:18.039+0500] {logging_mixin.py:188} INFO - [2024-03-16T11:46:18.039+0500] {dag.py:3834} INFO - Setting next_dagrun for example_dynamic_task_mapping to 2022-03-04 00:00:00+00:00, run_after=2022-03-05 00:00:00+00:00
[2024-03-16T11:46:18.136+0500] {processor.py:183} INFO - Processing /home/muhammadsami/Public/Projects/Airflow/DataPipelineswithApacheAirflow/.env/lib/python3.8/site-packages/airflow/example_dags/example_dynamic_task_mapping.py took 0.145 seconds
[2024-03-16T11:47:09.701+0500] {processor.py:161} INFO - Started process (PID=20946) to work on /home/muhammadsami/Public/Projects/Airflow/DataPipelineswithApacheAirflow/.env/lib/python3.8/site-packages/airflow/example_dags/example_dynamic_task_mapping.py
[2024-03-16T11:47:09.702+0500] {processor.py:830} INFO - Processing file /home/muhammadsami/Public/Projects/Airflow/DataPipelineswithApacheAirflow/.env/lib/python3.8/site-packages/airflow/example_dags/example_dynamic_task_mapping.py for tasks to queue
[2024-03-16T11:47:09.703+0500] {logging_mixin.py:188} INFO - [2024-03-16T11:47:09.703+0500] {dagbag.py:540} INFO - Filling up the DagBag from /home/muhammadsami/Public/Projects/Airflow/DataPipelineswithApacheAirflow/.env/lib/python3.8/site-packages/airflow/example_dags/example_dynamic_task_mapping.py
[2024-03-16T11:47:09.709+0500] {processor.py:840} INFO - DAG(s) 'example_dynamic_task_mapping' retrieved from /home/muhammadsami/Public/Projects/Airflow/DataPipelineswithApacheAirflow/.env/lib/python3.8/site-packages/airflow/example_dags/example_dynamic_task_mapping.py
[2024-03-16T11:47:09.724+0500] {logging_mixin.py:188} INFO - [2024-03-16T11:47:09.723+0500] {dag.py:3047} INFO - Sync 1 DAGs
[2024-03-16T11:47:09.741+0500] {logging_mixin.py:188} INFO - [2024-03-16T11:47:09.741+0500] {dag.py:3834} INFO - Setting next_dagrun for example_dynamic_task_mapping to 2022-03-04 00:00:00+00:00, run_after=2022-03-05 00:00:00+00:00
[2024-03-16T11:47:09.837+0500] {processor.py:183} INFO - Processing /home/muhammadsami/Public/Projects/Airflow/DataPipelineswithApacheAirflow/.env/lib/python3.8/site-packages/airflow/example_dags/example_dynamic_task_mapping.py took 0.138 seconds
[2024-03-16T11:47:59.583+0500] {processor.py:161} INFO - Started process (PID=20998) to work on /home/muhammadsami/Public/Projects/Airflow/DataPipelineswithApacheAirflow/.env/lib/python3.8/site-packages/airflow/example_dags/example_dynamic_task_mapping.py
[2024-03-16T11:47:59.585+0500] {processor.py:830} INFO - Processing file /home/muhammadsami/Public/Projects/Airflow/DataPipelineswithApacheAirflow/.env/lib/python3.8/site-packages/airflow/example_dags/example_dynamic_task_mapping.py for tasks to queue
[2024-03-16T11:47:59.585+0500] {logging_mixin.py:188} INFO - [2024-03-16T11:47:59.585+0500] {dagbag.py:540} INFO - Filling up the DagBag from /home/muhammadsami/Public/Projects/Airflow/DataPipelineswithApacheAirflow/.env/lib/python3.8/site-packages/airflow/example_dags/example_dynamic_task_mapping.py
[2024-03-16T11:47:59.592+0500] {processor.py:840} INFO - DAG(s) 'example_dynamic_task_mapping' retrieved from /home/muhammadsami/Public/Projects/Airflow/DataPipelineswithApacheAirflow/.env/lib/python3.8/site-packages/airflow/example_dags/example_dynamic_task_mapping.py
[2024-03-16T11:47:59.604+0500] {logging_mixin.py:188} INFO - [2024-03-16T11:47:59.604+0500] {dag.py:3047} INFO - Sync 1 DAGs
[2024-03-16T11:47:59.621+0500] {logging_mixin.py:188} INFO - [2024-03-16T11:47:59.621+0500] {dag.py:3834} INFO - Setting next_dagrun for example_dynamic_task_mapping to 2022-03-04 00:00:00+00:00, run_after=2022-03-05 00:00:00+00:00
[2024-03-16T11:47:59.707+0500] {processor.py:183} INFO - Processing /home/muhammadsami/Public/Projects/Airflow/DataPipelineswithApacheAirflow/.env/lib/python3.8/site-packages/airflow/example_dags/example_dynamic_task_mapping.py took 0.126 seconds
[2024-03-16T11:48:48.021+0500] {processor.py:161} INFO - Started process (PID=21073) to work on /home/muhammadsami/Public/Projects/Airflow/DataPipelineswithApacheAirflow/.env/lib/python3.8/site-packages/airflow/example_dags/example_dynamic_task_mapping.py
[2024-03-16T11:48:48.022+0500] {processor.py:830} INFO - Processing file /home/muhammadsami/Public/Projects/Airflow/DataPipelineswithApacheAirflow/.env/lib/python3.8/site-packages/airflow/example_dags/example_dynamic_task_mapping.py for tasks to queue
[2024-03-16T11:48:48.023+0500] {logging_mixin.py:188} INFO - [2024-03-16T11:48:48.023+0500] {dagbag.py:540} INFO - Filling up the DagBag from /home/muhammadsami/Public/Projects/Airflow/DataPipelineswithApacheAirflow/.env/lib/python3.8/site-packages/airflow/example_dags/example_dynamic_task_mapping.py
[2024-03-16T11:48:48.030+0500] {processor.py:840} INFO - DAG(s) 'example_dynamic_task_mapping' retrieved from /home/muhammadsami/Public/Projects/Airflow/DataPipelineswithApacheAirflow/.env/lib/python3.8/site-packages/airflow/example_dags/example_dynamic_task_mapping.py
[2024-03-16T11:48:48.043+0500] {logging_mixin.py:188} INFO - [2024-03-16T11:48:48.042+0500] {dag.py:3047} INFO - Sync 1 DAGs
[2024-03-16T11:48:48.068+0500] {logging_mixin.py:188} INFO - [2024-03-16T11:48:48.068+0500] {dag.py:3834} INFO - Setting next_dagrun for example_dynamic_task_mapping to 2022-03-04 00:00:00+00:00, run_after=2022-03-05 00:00:00+00:00
[2024-03-16T11:48:48.165+0500] {processor.py:183} INFO - Processing /home/muhammadsami/Public/Projects/Airflow/DataPipelineswithApacheAirflow/.env/lib/python3.8/site-packages/airflow/example_dags/example_dynamic_task_mapping.py took 0.146 seconds
[2024-03-16T11:49:36.293+0500] {processor.py:161} INFO - Started process (PID=21118) to work on /home/muhammadsami/Public/Projects/Airflow/DataPipelineswithApacheAirflow/.env/lib/python3.8/site-packages/airflow/example_dags/example_dynamic_task_mapping.py
[2024-03-16T11:49:36.294+0500] {processor.py:830} INFO - Processing file /home/muhammadsami/Public/Projects/Airflow/DataPipelineswithApacheAirflow/.env/lib/python3.8/site-packages/airflow/example_dags/example_dynamic_task_mapping.py for tasks to queue
[2024-03-16T11:49:36.295+0500] {logging_mixin.py:188} INFO - [2024-03-16T11:49:36.295+0500] {dagbag.py:540} INFO - Filling up the DagBag from /home/muhammadsami/Public/Projects/Airflow/DataPipelineswithApacheAirflow/.env/lib/python3.8/site-packages/airflow/example_dags/example_dynamic_task_mapping.py
[2024-03-16T11:49:36.301+0500] {processor.py:840} INFO - DAG(s) 'example_dynamic_task_mapping' retrieved from /home/muhammadsami/Public/Projects/Airflow/DataPipelineswithApacheAirflow/.env/lib/python3.8/site-packages/airflow/example_dags/example_dynamic_task_mapping.py
[2024-03-16T11:49:36.313+0500] {logging_mixin.py:188} INFO - [2024-03-16T11:49:36.313+0500] {dag.py:3047} INFO - Sync 1 DAGs
[2024-03-16T11:49:36.330+0500] {logging_mixin.py:188} INFO - [2024-03-16T11:49:36.330+0500] {dag.py:3834} INFO - Setting next_dagrun for example_dynamic_task_mapping to 2022-03-04 00:00:00+00:00, run_after=2022-03-05 00:00:00+00:00
[2024-03-16T11:49:36.425+0500] {processor.py:183} INFO - Processing /home/muhammadsami/Public/Projects/Airflow/DataPipelineswithApacheAirflow/.env/lib/python3.8/site-packages/airflow/example_dags/example_dynamic_task_mapping.py took 0.134 seconds
[2024-03-16T11:50:24.668+0500] {processor.py:161} INFO - Started process (PID=21165) to work on /home/muhammadsami/Public/Projects/Airflow/DataPipelineswithApacheAirflow/.env/lib/python3.8/site-packages/airflow/example_dags/example_dynamic_task_mapping.py
[2024-03-16T11:50:24.669+0500] {processor.py:830} INFO - Processing file /home/muhammadsami/Public/Projects/Airflow/DataPipelineswithApacheAirflow/.env/lib/python3.8/site-packages/airflow/example_dags/example_dynamic_task_mapping.py for tasks to queue
[2024-03-16T11:50:24.670+0500] {logging_mixin.py:188} INFO - [2024-03-16T11:50:24.670+0500] {dagbag.py:540} INFO - Filling up the DagBag from /home/muhammadsami/Public/Projects/Airflow/DataPipelineswithApacheAirflow/.env/lib/python3.8/site-packages/airflow/example_dags/example_dynamic_task_mapping.py
[2024-03-16T11:50:24.677+0500] {processor.py:840} INFO - DAG(s) 'example_dynamic_task_mapping' retrieved from /home/muhammadsami/Public/Projects/Airflow/DataPipelineswithApacheAirflow/.env/lib/python3.8/site-packages/airflow/example_dags/example_dynamic_task_mapping.py
[2024-03-16T11:50:24.690+0500] {logging_mixin.py:188} INFO - [2024-03-16T11:50:24.690+0500] {dag.py:3047} INFO - Sync 1 DAGs
[2024-03-16T11:50:24.708+0500] {logging_mixin.py:188} INFO - [2024-03-16T11:50:24.707+0500] {dag.py:3834} INFO - Setting next_dagrun for example_dynamic_task_mapping to 2022-03-04 00:00:00+00:00, run_after=2022-03-05 00:00:00+00:00
[2024-03-16T11:50:24.800+0500] {processor.py:183} INFO - Processing /home/muhammadsami/Public/Projects/Airflow/DataPipelineswithApacheAirflow/.env/lib/python3.8/site-packages/airflow/example_dags/example_dynamic_task_mapping.py took 0.135 seconds
[2024-03-16T11:51:16.712+0500] {processor.py:161} INFO - Started process (PID=21260) to work on /home/muhammadsami/Public/Projects/Airflow/DataPipelineswithApacheAirflow/.env/lib/python3.8/site-packages/airflow/example_dags/example_dynamic_task_mapping.py
[2024-03-16T11:51:16.741+0500] {processor.py:830} INFO - Processing file /home/muhammadsami/Public/Projects/Airflow/DataPipelineswithApacheAirflow/.env/lib/python3.8/site-packages/airflow/example_dags/example_dynamic_task_mapping.py for tasks to queue
[2024-03-16T11:51:16.742+0500] {logging_mixin.py:188} INFO - [2024-03-16T11:51:16.742+0500] {dagbag.py:540} INFO - Filling up the DagBag from /home/muhammadsami/Public/Projects/Airflow/DataPipelineswithApacheAirflow/.env/lib/python3.8/site-packages/airflow/example_dags/example_dynamic_task_mapping.py
[2024-03-16T11:51:16.752+0500] {processor.py:840} INFO - DAG(s) 'example_dynamic_task_mapping' retrieved from /home/muhammadsami/Public/Projects/Airflow/DataPipelineswithApacheAirflow/.env/lib/python3.8/site-packages/airflow/example_dags/example_dynamic_task_mapping.py
[2024-03-16T11:51:16.775+0500] {logging_mixin.py:188} INFO - [2024-03-16T11:51:16.774+0500] {dag.py:3047} INFO - Sync 1 DAGs
[2024-03-16T11:51:16.807+0500] {logging_mixin.py:188} INFO - [2024-03-16T11:51:16.806+0500] {dag.py:3834} INFO - Setting next_dagrun for example_dynamic_task_mapping to 2022-03-04 00:00:00+00:00, run_after=2022-03-05 00:00:00+00:00
[2024-03-16T11:51:16.978+0500] {processor.py:183} INFO - Processing /home/muhammadsami/Public/Projects/Airflow/DataPipelineswithApacheAirflow/.env/lib/python3.8/site-packages/airflow/example_dags/example_dynamic_task_mapping.py took 0.268 seconds
[2024-03-16T11:52:09.844+0500] {processor.py:161} INFO - Started process (PID=21430) to work on /home/muhammadsami/Public/Projects/Airflow/DataPipelineswithApacheAirflow/.env/lib/python3.8/site-packages/airflow/example_dags/example_dynamic_task_mapping.py
[2024-03-16T11:52:09.856+0500] {processor.py:830} INFO - Processing file /home/muhammadsami/Public/Projects/Airflow/DataPipelineswithApacheAirflow/.env/lib/python3.8/site-packages/airflow/example_dags/example_dynamic_task_mapping.py for tasks to queue
[2024-03-16T11:52:09.856+0500] {logging_mixin.py:188} INFO - [2024-03-16T11:52:09.856+0500] {dagbag.py:540} INFO - Filling up the DagBag from /home/muhammadsami/Public/Projects/Airflow/DataPipelineswithApacheAirflow/.env/lib/python3.8/site-packages/airflow/example_dags/example_dynamic_task_mapping.py
[2024-03-16T11:52:09.862+0500] {processor.py:840} INFO - DAG(s) 'example_dynamic_task_mapping' retrieved from /home/muhammadsami/Public/Projects/Airflow/DataPipelineswithApacheAirflow/.env/lib/python3.8/site-packages/airflow/example_dags/example_dynamic_task_mapping.py
[2024-03-16T11:52:09.877+0500] {logging_mixin.py:188} INFO - [2024-03-16T11:52:09.877+0500] {dag.py:3047} INFO - Sync 1 DAGs
[2024-03-16T11:52:09.910+0500] {logging_mixin.py:188} INFO - [2024-03-16T11:52:09.909+0500] {dag.py:3834} INFO - Setting next_dagrun for example_dynamic_task_mapping to 2022-03-04 00:00:00+00:00, run_after=2022-03-05 00:00:00+00:00
[2024-03-16T11:52:10.006+0500] {processor.py:183} INFO - Processing /home/muhammadsami/Public/Projects/Airflow/DataPipelineswithApacheAirflow/.env/lib/python3.8/site-packages/airflow/example_dags/example_dynamic_task_mapping.py took 0.164 seconds
[2024-03-16T11:53:01.516+0500] {processor.py:161} INFO - Started process (PID=21514) to work on /home/muhammadsami/Public/Projects/Airflow/DataPipelineswithApacheAirflow/.env/lib/python3.8/site-packages/airflow/example_dags/example_dynamic_task_mapping.py
[2024-03-16T11:53:01.530+0500] {processor.py:830} INFO - Processing file /home/muhammadsami/Public/Projects/Airflow/DataPipelineswithApacheAirflow/.env/lib/python3.8/site-packages/airflow/example_dags/example_dynamic_task_mapping.py for tasks to queue
[2024-03-16T11:53:01.531+0500] {logging_mixin.py:188} INFO - [2024-03-16T11:53:01.531+0500] {dagbag.py:540} INFO - Filling up the DagBag from /home/muhammadsami/Public/Projects/Airflow/DataPipelineswithApacheAirflow/.env/lib/python3.8/site-packages/airflow/example_dags/example_dynamic_task_mapping.py
[2024-03-16T11:53:01.539+0500] {processor.py:840} INFO - DAG(s) 'example_dynamic_task_mapping' retrieved from /home/muhammadsami/Public/Projects/Airflow/DataPipelineswithApacheAirflow/.env/lib/python3.8/site-packages/airflow/example_dags/example_dynamic_task_mapping.py
[2024-03-16T11:53:01.552+0500] {logging_mixin.py:188} INFO - [2024-03-16T11:53:01.552+0500] {dag.py:3047} INFO - Sync 1 DAGs
[2024-03-16T11:53:01.572+0500] {logging_mixin.py:188} INFO - [2024-03-16T11:53:01.571+0500] {dag.py:3834} INFO - Setting next_dagrun for example_dynamic_task_mapping to 2022-03-04 00:00:00+00:00, run_after=2022-03-05 00:00:00+00:00
[2024-03-16T11:53:01.661+0500] {processor.py:183} INFO - Processing /home/muhammadsami/Public/Projects/Airflow/DataPipelineswithApacheAirflow/.env/lib/python3.8/site-packages/airflow/example_dags/example_dynamic_task_mapping.py took 0.148 seconds
[2024-03-16T11:53:53.938+0500] {processor.py:161} INFO - Started process (PID=21636) to work on /home/muhammadsami/Public/Projects/Airflow/DataPipelineswithApacheAirflow/.env/lib/python3.8/site-packages/airflow/example_dags/example_dynamic_task_mapping.py
[2024-03-16T11:53:53.939+0500] {processor.py:830} INFO - Processing file /home/muhammadsami/Public/Projects/Airflow/DataPipelineswithApacheAirflow/.env/lib/python3.8/site-packages/airflow/example_dags/example_dynamic_task_mapping.py for tasks to queue
[2024-03-16T11:53:53.940+0500] {logging_mixin.py:188} INFO - [2024-03-16T11:53:53.939+0500] {dagbag.py:540} INFO - Filling up the DagBag from /home/muhammadsami/Public/Projects/Airflow/DataPipelineswithApacheAirflow/.env/lib/python3.8/site-packages/airflow/example_dags/example_dynamic_task_mapping.py
[2024-03-16T11:53:53.947+0500] {processor.py:840} INFO - DAG(s) 'example_dynamic_task_mapping' retrieved from /home/muhammadsami/Public/Projects/Airflow/DataPipelineswithApacheAirflow/.env/lib/python3.8/site-packages/airflow/example_dags/example_dynamic_task_mapping.py
[2024-03-16T11:53:53.959+0500] {logging_mixin.py:188} INFO - [2024-03-16T11:53:53.959+0500] {dag.py:3047} INFO - Sync 1 DAGs
[2024-03-16T11:53:53.977+0500] {logging_mixin.py:188} INFO - [2024-03-16T11:53:53.976+0500] {dag.py:3834} INFO - Setting next_dagrun for example_dynamic_task_mapping to 2022-03-04 00:00:00+00:00, run_after=2022-03-05 00:00:00+00:00
[2024-03-16T11:53:54.078+0500] {processor.py:183} INFO - Processing /home/muhammadsami/Public/Projects/Airflow/DataPipelineswithApacheAirflow/.env/lib/python3.8/site-packages/airflow/example_dags/example_dynamic_task_mapping.py took 0.143 seconds
[2024-03-16T11:54:43.985+0500] {processor.py:161} INFO - Started process (PID=21726) to work on /home/muhammadsami/Public/Projects/Airflow/DataPipelineswithApacheAirflow/.env/lib/python3.8/site-packages/airflow/example_dags/example_dynamic_task_mapping.py
[2024-03-16T11:54:43.987+0500] {processor.py:830} INFO - Processing file /home/muhammadsami/Public/Projects/Airflow/DataPipelineswithApacheAirflow/.env/lib/python3.8/site-packages/airflow/example_dags/example_dynamic_task_mapping.py for tasks to queue
[2024-03-16T11:54:43.988+0500] {logging_mixin.py:188} INFO - [2024-03-16T11:54:43.987+0500] {dagbag.py:540} INFO - Filling up the DagBag from /home/muhammadsami/Public/Projects/Airflow/DataPipelineswithApacheAirflow/.env/lib/python3.8/site-packages/airflow/example_dags/example_dynamic_task_mapping.py
[2024-03-16T11:54:43.996+0500] {processor.py:840} INFO - DAG(s) 'example_dynamic_task_mapping' retrieved from /home/muhammadsami/Public/Projects/Airflow/DataPipelineswithApacheAirflow/.env/lib/python3.8/site-packages/airflow/example_dags/example_dynamic_task_mapping.py
[2024-03-16T11:54:44.017+0500] {logging_mixin.py:188} INFO - [2024-03-16T11:54:44.017+0500] {dag.py:3047} INFO - Sync 1 DAGs
[2024-03-16T11:54:44.045+0500] {logging_mixin.py:188} INFO - [2024-03-16T11:54:44.045+0500] {dag.py:3834} INFO - Setting next_dagrun for example_dynamic_task_mapping to 2022-03-04 00:00:00+00:00, run_after=2022-03-05 00:00:00+00:00
[2024-03-16T11:54:44.212+0500] {processor.py:183} INFO - Processing /home/muhammadsami/Public/Projects/Airflow/DataPipelineswithApacheAirflow/.env/lib/python3.8/site-packages/airflow/example_dags/example_dynamic_task_mapping.py took 0.229 seconds
[2024-03-16T11:55:33.236+0500] {processor.py:161} INFO - Started process (PID=21890) to work on /home/muhammadsami/Public/Projects/Airflow/DataPipelineswithApacheAirflow/.env/lib/python3.8/site-packages/airflow/example_dags/example_dynamic_task_mapping.py
[2024-03-16T11:55:33.238+0500] {processor.py:830} INFO - Processing file /home/muhammadsami/Public/Projects/Airflow/DataPipelineswithApacheAirflow/.env/lib/python3.8/site-packages/airflow/example_dags/example_dynamic_task_mapping.py for tasks to queue
[2024-03-16T11:55:33.239+0500] {logging_mixin.py:188} INFO - [2024-03-16T11:55:33.238+0500] {dagbag.py:540} INFO - Filling up the DagBag from /home/muhammadsami/Public/Projects/Airflow/DataPipelineswithApacheAirflow/.env/lib/python3.8/site-packages/airflow/example_dags/example_dynamic_task_mapping.py
[2024-03-16T11:55:33.246+0500] {processor.py:840} INFO - DAG(s) 'example_dynamic_task_mapping' retrieved from /home/muhammadsami/Public/Projects/Airflow/DataPipelineswithApacheAirflow/.env/lib/python3.8/site-packages/airflow/example_dags/example_dynamic_task_mapping.py
[2024-03-16T11:55:33.258+0500] {logging_mixin.py:188} INFO - [2024-03-16T11:55:33.258+0500] {dag.py:3047} INFO - Sync 1 DAGs
[2024-03-16T11:55:33.280+0500] {logging_mixin.py:188} INFO - [2024-03-16T11:55:33.279+0500] {dag.py:3834} INFO - Setting next_dagrun for example_dynamic_task_mapping to 2022-03-04 00:00:00+00:00, run_after=2022-03-05 00:00:00+00:00
[2024-03-16T11:55:33.544+0500] {processor.py:183} INFO - Processing /home/muhammadsami/Public/Projects/Airflow/DataPipelineswithApacheAirflow/.env/lib/python3.8/site-packages/airflow/example_dags/example_dynamic_task_mapping.py took 0.310 seconds
[2024-03-16T11:56:24.320+0500] {processor.py:161} INFO - Started process (PID=21943) to work on /home/muhammadsami/Public/Projects/Airflow/DataPipelineswithApacheAirflow/.env/lib/python3.8/site-packages/airflow/example_dags/example_dynamic_task_mapping.py
[2024-03-16T11:56:24.322+0500] {processor.py:830} INFO - Processing file /home/muhammadsami/Public/Projects/Airflow/DataPipelineswithApacheAirflow/.env/lib/python3.8/site-packages/airflow/example_dags/example_dynamic_task_mapping.py for tasks to queue
[2024-03-16T11:56:24.323+0500] {logging_mixin.py:188} INFO - [2024-03-16T11:56:24.322+0500] {dagbag.py:540} INFO - Filling up the DagBag from /home/muhammadsami/Public/Projects/Airflow/DataPipelineswithApacheAirflow/.env/lib/python3.8/site-packages/airflow/example_dags/example_dynamic_task_mapping.py
[2024-03-16T11:56:24.331+0500] {processor.py:840} INFO - DAG(s) 'example_dynamic_task_mapping' retrieved from /home/muhammadsami/Public/Projects/Airflow/DataPipelineswithApacheAirflow/.env/lib/python3.8/site-packages/airflow/example_dags/example_dynamic_task_mapping.py
[2024-03-16T11:56:24.349+0500] {logging_mixin.py:188} INFO - [2024-03-16T11:56:24.349+0500] {dag.py:3047} INFO - Sync 1 DAGs
[2024-03-16T11:56:24.372+0500] {logging_mixin.py:188} INFO - [2024-03-16T11:56:24.372+0500] {dag.py:3834} INFO - Setting next_dagrun for example_dynamic_task_mapping to 2022-03-04 00:00:00+00:00, run_after=2022-03-05 00:00:00+00:00
[2024-03-16T11:56:24.470+0500] {processor.py:183} INFO - Processing /home/muhammadsami/Public/Projects/Airflow/DataPipelineswithApacheAirflow/.env/lib/python3.8/site-packages/airflow/example_dags/example_dynamic_task_mapping.py took 0.153 seconds
[2024-03-16T11:57:16.400+0500] {processor.py:161} INFO - Started process (PID=21997) to work on /home/muhammadsami/Public/Projects/Airflow/DataPipelineswithApacheAirflow/.env/lib/python3.8/site-packages/airflow/example_dags/example_dynamic_task_mapping.py
[2024-03-16T11:57:16.401+0500] {processor.py:830} INFO - Processing file /home/muhammadsami/Public/Projects/Airflow/DataPipelineswithApacheAirflow/.env/lib/python3.8/site-packages/airflow/example_dags/example_dynamic_task_mapping.py for tasks to queue
[2024-03-16T11:57:16.402+0500] {logging_mixin.py:188} INFO - [2024-03-16T11:57:16.402+0500] {dagbag.py:540} INFO - Filling up the DagBag from /home/muhammadsami/Public/Projects/Airflow/DataPipelineswithApacheAirflow/.env/lib/python3.8/site-packages/airflow/example_dags/example_dynamic_task_mapping.py
[2024-03-16T11:57:16.410+0500] {processor.py:840} INFO - DAG(s) 'example_dynamic_task_mapping' retrieved from /home/muhammadsami/Public/Projects/Airflow/DataPipelineswithApacheAirflow/.env/lib/python3.8/site-packages/airflow/example_dags/example_dynamic_task_mapping.py
[2024-03-16T11:57:16.422+0500] {logging_mixin.py:188} INFO - [2024-03-16T11:57:16.422+0500] {dag.py:3047} INFO - Sync 1 DAGs
[2024-03-16T11:57:16.439+0500] {logging_mixin.py:188} INFO - [2024-03-16T11:57:16.439+0500] {dag.py:3834} INFO - Setting next_dagrun for example_dynamic_task_mapping to 2022-03-04 00:00:00+00:00, run_after=2022-03-05 00:00:00+00:00
[2024-03-16T11:57:16.529+0500] {processor.py:183} INFO - Processing /home/muhammadsami/Public/Projects/Airflow/DataPipelineswithApacheAirflow/.env/lib/python3.8/site-packages/airflow/example_dags/example_dynamic_task_mapping.py took 0.132 seconds
[2024-03-16T11:58:10.335+0500] {processor.py:161} INFO - Started process (PID=22049) to work on /home/muhammadsami/Public/Projects/Airflow/DataPipelineswithApacheAirflow/.env/lib/python3.8/site-packages/airflow/example_dags/example_dynamic_task_mapping.py
[2024-03-16T11:58:10.336+0500] {processor.py:830} INFO - Processing file /home/muhammadsami/Public/Projects/Airflow/DataPipelineswithApacheAirflow/.env/lib/python3.8/site-packages/airflow/example_dags/example_dynamic_task_mapping.py for tasks to queue
[2024-03-16T11:58:10.337+0500] {logging_mixin.py:188} INFO - [2024-03-16T11:58:10.337+0500] {dagbag.py:540} INFO - Filling up the DagBag from /home/muhammadsami/Public/Projects/Airflow/DataPipelineswithApacheAirflow/.env/lib/python3.8/site-packages/airflow/example_dags/example_dynamic_task_mapping.py
[2024-03-16T11:58:10.343+0500] {processor.py:840} INFO - DAG(s) 'example_dynamic_task_mapping' retrieved from /home/muhammadsami/Public/Projects/Airflow/DataPipelineswithApacheAirflow/.env/lib/python3.8/site-packages/airflow/example_dags/example_dynamic_task_mapping.py
[2024-03-16T11:58:10.355+0500] {logging_mixin.py:188} INFO - [2024-03-16T11:58:10.355+0500] {dag.py:3047} INFO - Sync 1 DAGs
[2024-03-16T11:58:10.372+0500] {logging_mixin.py:188} INFO - [2024-03-16T11:58:10.372+0500] {dag.py:3834} INFO - Setting next_dagrun for example_dynamic_task_mapping to 2022-03-04 00:00:00+00:00, run_after=2022-03-05 00:00:00+00:00
[2024-03-16T11:58:10.472+0500] {processor.py:183} INFO - Processing /home/muhammadsami/Public/Projects/Airflow/DataPipelineswithApacheAirflow/.env/lib/python3.8/site-packages/airflow/example_dags/example_dynamic_task_mapping.py took 0.140 seconds
[2024-03-16T11:58:59.416+0500] {processor.py:161} INFO - Started process (PID=22149) to work on /home/muhammadsami/Public/Projects/Airflow/DataPipelineswithApacheAirflow/.env/lib/python3.8/site-packages/airflow/example_dags/example_dynamic_task_mapping.py
[2024-03-16T11:58:59.418+0500] {processor.py:830} INFO - Processing file /home/muhammadsami/Public/Projects/Airflow/DataPipelineswithApacheAirflow/.env/lib/python3.8/site-packages/airflow/example_dags/example_dynamic_task_mapping.py for tasks to queue
[2024-03-16T11:58:59.419+0500] {logging_mixin.py:188} INFO - [2024-03-16T11:58:59.418+0500] {dagbag.py:540} INFO - Filling up the DagBag from /home/muhammadsami/Public/Projects/Airflow/DataPipelineswithApacheAirflow/.env/lib/python3.8/site-packages/airflow/example_dags/example_dynamic_task_mapping.py
[2024-03-16T11:58:59.425+0500] {processor.py:840} INFO - DAG(s) 'example_dynamic_task_mapping' retrieved from /home/muhammadsami/Public/Projects/Airflow/DataPipelineswithApacheAirflow/.env/lib/python3.8/site-packages/airflow/example_dags/example_dynamic_task_mapping.py
[2024-03-16T11:58:59.437+0500] {logging_mixin.py:188} INFO - [2024-03-16T11:58:59.437+0500] {dag.py:3047} INFO - Sync 1 DAGs
[2024-03-16T11:58:59.455+0500] {logging_mixin.py:188} INFO - [2024-03-16T11:58:59.455+0500] {dag.py:3834} INFO - Setting next_dagrun for example_dynamic_task_mapping to 2022-03-04 00:00:00+00:00, run_after=2022-03-05 00:00:00+00:00
[2024-03-16T11:58:59.554+0500] {processor.py:183} INFO - Processing /home/muhammadsami/Public/Projects/Airflow/DataPipelineswithApacheAirflow/.env/lib/python3.8/site-packages/airflow/example_dags/example_dynamic_task_mapping.py took 0.140 seconds
[2024-03-16T11:59:49.543+0500] {processor.py:161} INFO - Started process (PID=22294) to work on /home/muhammadsami/Public/Projects/Airflow/DataPipelineswithApacheAirflow/.env/lib/python3.8/site-packages/airflow/example_dags/example_dynamic_task_mapping.py
[2024-03-16T11:59:49.557+0500] {processor.py:830} INFO - Processing file /home/muhammadsami/Public/Projects/Airflow/DataPipelineswithApacheAirflow/.env/lib/python3.8/site-packages/airflow/example_dags/example_dynamic_task_mapping.py for tasks to queue
[2024-03-16T11:59:49.558+0500] {logging_mixin.py:188} INFO - [2024-03-16T11:59:49.558+0500] {dagbag.py:540} INFO - Filling up the DagBag from /home/muhammadsami/Public/Projects/Airflow/DataPipelineswithApacheAirflow/.env/lib/python3.8/site-packages/airflow/example_dags/example_dynamic_task_mapping.py
[2024-03-16T11:59:49.564+0500] {processor.py:840} INFO - DAG(s) 'example_dynamic_task_mapping' retrieved from /home/muhammadsami/Public/Projects/Airflow/DataPipelineswithApacheAirflow/.env/lib/python3.8/site-packages/airflow/example_dags/example_dynamic_task_mapping.py
[2024-03-16T11:59:49.576+0500] {logging_mixin.py:188} INFO - [2024-03-16T11:59:49.576+0500] {dag.py:3047} INFO - Sync 1 DAGs
[2024-03-16T11:59:49.593+0500] {logging_mixin.py:188} INFO - [2024-03-16T11:59:49.593+0500] {dag.py:3834} INFO - Setting next_dagrun for example_dynamic_task_mapping to 2022-03-04 00:00:00+00:00, run_after=2022-03-05 00:00:00+00:00
[2024-03-16T11:59:49.685+0500] {processor.py:183} INFO - Processing /home/muhammadsami/Public/Projects/Airflow/DataPipelineswithApacheAirflow/.env/lib/python3.8/site-packages/airflow/example_dags/example_dynamic_task_mapping.py took 0.144 seconds
[2024-03-16T12:00:42.149+0500] {processor.py:161} INFO - Started process (PID=22344) to work on /home/muhammadsami/Public/Projects/Airflow/DataPipelineswithApacheAirflow/.env/lib/python3.8/site-packages/airflow/example_dags/example_dynamic_task_mapping.py
[2024-03-16T12:00:42.150+0500] {processor.py:830} INFO - Processing file /home/muhammadsami/Public/Projects/Airflow/DataPipelineswithApacheAirflow/.env/lib/python3.8/site-packages/airflow/example_dags/example_dynamic_task_mapping.py for tasks to queue
[2024-03-16T12:00:42.151+0500] {logging_mixin.py:188} INFO - [2024-03-16T12:00:42.151+0500] {dagbag.py:540} INFO - Filling up the DagBag from /home/muhammadsami/Public/Projects/Airflow/DataPipelineswithApacheAirflow/.env/lib/python3.8/site-packages/airflow/example_dags/example_dynamic_task_mapping.py
[2024-03-16T12:00:42.158+0500] {processor.py:840} INFO - DAG(s) 'example_dynamic_task_mapping' retrieved from /home/muhammadsami/Public/Projects/Airflow/DataPipelineswithApacheAirflow/.env/lib/python3.8/site-packages/airflow/example_dags/example_dynamic_task_mapping.py
[2024-03-16T12:00:42.171+0500] {logging_mixin.py:188} INFO - [2024-03-16T12:00:42.171+0500] {dag.py:3047} INFO - Sync 1 DAGs
[2024-03-16T12:00:42.195+0500] {logging_mixin.py:188} INFO - [2024-03-16T12:00:42.195+0500] {dag.py:3834} INFO - Setting next_dagrun for example_dynamic_task_mapping to 2022-03-04 00:00:00+00:00, run_after=2022-03-05 00:00:00+00:00
[2024-03-16T12:00:42.299+0500] {processor.py:183} INFO - Processing /home/muhammadsami/Public/Projects/Airflow/DataPipelineswithApacheAirflow/.env/lib/python3.8/site-packages/airflow/example_dags/example_dynamic_task_mapping.py took 0.153 seconds
[2024-03-16T12:01:35.746+0500] {processor.py:161} INFO - Started process (PID=22395) to work on /home/muhammadsami/Public/Projects/Airflow/DataPipelineswithApacheAirflow/.env/lib/python3.8/site-packages/airflow/example_dags/example_dynamic_task_mapping.py
[2024-03-16T12:01:35.747+0500] {processor.py:830} INFO - Processing file /home/muhammadsami/Public/Projects/Airflow/DataPipelineswithApacheAirflow/.env/lib/python3.8/site-packages/airflow/example_dags/example_dynamic_task_mapping.py for tasks to queue
[2024-03-16T12:01:35.748+0500] {logging_mixin.py:188} INFO - [2024-03-16T12:01:35.748+0500] {dagbag.py:540} INFO - Filling up the DagBag from /home/muhammadsami/Public/Projects/Airflow/DataPipelineswithApacheAirflow/.env/lib/python3.8/site-packages/airflow/example_dags/example_dynamic_task_mapping.py
[2024-03-16T12:01:35.755+0500] {processor.py:840} INFO - DAG(s) 'example_dynamic_task_mapping' retrieved from /home/muhammadsami/Public/Projects/Airflow/DataPipelineswithApacheAirflow/.env/lib/python3.8/site-packages/airflow/example_dags/example_dynamic_task_mapping.py
[2024-03-16T12:01:35.771+0500] {logging_mixin.py:188} INFO - [2024-03-16T12:01:35.770+0500] {dag.py:3047} INFO - Sync 1 DAGs
[2024-03-16T12:01:35.789+0500] {logging_mixin.py:188} INFO - [2024-03-16T12:01:35.788+0500] {dag.py:3834} INFO - Setting next_dagrun for example_dynamic_task_mapping to 2022-03-04 00:00:00+00:00, run_after=2022-03-05 00:00:00+00:00
[2024-03-16T12:01:35.893+0500] {processor.py:183} INFO - Processing /home/muhammadsami/Public/Projects/Airflow/DataPipelineswithApacheAirflow/.env/lib/python3.8/site-packages/airflow/example_dags/example_dynamic_task_mapping.py took 0.150 seconds
