[2024-03-16T11:23:20.679+0500] {processor.py:161} INFO - Started process (PID=18384) to work on /home/muhammadsami/Public/Projects/Airflow/DataPipelineswithApacheAirflow/.env/lib/python3.8/site-packages/airflow/example_dags/example_bash_operator.py
[2024-03-16T11:23:20.679+0500] {processor.py:830} INFO - Processing file /home/muhammadsami/Public/Projects/Airflow/DataPipelineswithApacheAirflow/.env/lib/python3.8/site-packages/airflow/example_dags/example_bash_operator.py for tasks to queue
[2024-03-16T11:23:20.680+0500] {logging_mixin.py:188} INFO - [2024-03-16T11:23:20.680+0500] {dagbag.py:540} INFO - Filling up the DagBag from /home/muhammadsami/Public/Projects/Airflow/DataPipelineswithApacheAirflow/.env/lib/python3.8/site-packages/airflow/example_dags/example_bash_operator.py
[2024-03-16T11:23:20.692+0500] {processor.py:840} INFO - DAG(s) 'example_bash_operator' retrieved from /home/muhammadsami/Public/Projects/Airflow/DataPipelineswithApacheAirflow/.env/lib/python3.8/site-packages/airflow/example_dags/example_bash_operator.py
[2024-03-16T11:23:21.096+0500] {logging_mixin.py:188} INFO - [2024-03-16T11:23:21.096+0500] {override.py:1769} INFO - Created Permission View: can edit on DAG:example_bash_operator
[2024-03-16T11:23:21.187+0500] {logging_mixin.py:188} INFO - [2024-03-16T11:23:21.186+0500] {override.py:1769} INFO - Created Permission View: can delete on DAG:example_bash_operator
[2024-03-16T11:23:21.286+0500] {logging_mixin.py:188} INFO - [2024-03-16T11:23:21.285+0500] {override.py:1769} INFO - Created Permission View: can read on DAG:example_bash_operator
[2024-03-16T11:23:21.286+0500] {logging_mixin.py:188} INFO - [2024-03-16T11:23:21.286+0500] {dag.py:3047} INFO - Sync 1 DAGs
[2024-03-16T11:23:21.295+0500] {logging_mixin.py:188} INFO - [2024-03-16T11:23:21.295+0500] {dag.py:3069} INFO - Creating ORM DAG for example_bash_operator
[2024-03-16T11:23:21.303+0500] {logging_mixin.py:188} INFO - [2024-03-16T11:23:21.303+0500] {dag.py:3834} INFO - Setting next_dagrun for example_bash_operator to 2024-03-15 00:00:00+00:00, run_after=2024-03-16 00:00:00+00:00
[2024-03-16T11:23:21.767+0500] {processor.py:183} INFO - Processing /home/muhammadsami/Public/Projects/Airflow/DataPipelineswithApacheAirflow/.env/lib/python3.8/site-packages/airflow/example_dags/example_bash_operator.py took 1.091 seconds
[2024-03-16T11:24:34.625+0500] {processor.py:161} INFO - Started process (PID=18559) to work on /home/muhammadsami/Public/Projects/Airflow/DataPipelineswithApacheAirflow/.env/lib/python3.8/site-packages/airflow/example_dags/example_bash_operator.py
[2024-03-16T11:24:34.628+0500] {processor.py:830} INFO - Processing file /home/muhammadsami/Public/Projects/Airflow/DataPipelineswithApacheAirflow/.env/lib/python3.8/site-packages/airflow/example_dags/example_bash_operator.py for tasks to queue
[2024-03-16T11:24:34.629+0500] {logging_mixin.py:188} INFO - [2024-03-16T11:24:34.629+0500] {dagbag.py:540} INFO - Filling up the DagBag from /home/muhammadsami/Public/Projects/Airflow/DataPipelineswithApacheAirflow/.env/lib/python3.8/site-packages/airflow/example_dags/example_bash_operator.py
[2024-03-16T11:24:34.638+0500] {processor.py:840} INFO - DAG(s) 'example_bash_operator' retrieved from /home/muhammadsami/Public/Projects/Airflow/DataPipelineswithApacheAirflow/.env/lib/python3.8/site-packages/airflow/example_dags/example_bash_operator.py
[2024-03-16T11:24:34.746+0500] {logging_mixin.py:188} INFO - [2024-03-16T11:24:34.746+0500] {dag.py:3047} INFO - Sync 1 DAGs
[2024-03-16T11:24:34.761+0500] {logging_mixin.py:188} INFO - [2024-03-16T11:24:34.761+0500] {dag.py:3834} INFO - Setting next_dagrun for example_bash_operator to 2024-03-15 00:00:00+00:00, run_after=2024-03-16 00:00:00+00:00
[2024-03-16T11:24:34.855+0500] {processor.py:183} INFO - Processing /home/muhammadsami/Public/Projects/Airflow/DataPipelineswithApacheAirflow/.env/lib/python3.8/site-packages/airflow/example_dags/example_bash_operator.py took 0.233 seconds
[2024-03-16T11:25:30.328+0500] {processor.py:161} INFO - Started process (PID=18626) to work on /home/muhammadsami/Public/Projects/Airflow/DataPipelineswithApacheAirflow/.env/lib/python3.8/site-packages/airflow/example_dags/example_bash_operator.py
[2024-03-16T11:25:30.330+0500] {processor.py:830} INFO - Processing file /home/muhammadsami/Public/Projects/Airflow/DataPipelineswithApacheAirflow/.env/lib/python3.8/site-packages/airflow/example_dags/example_bash_operator.py for tasks to queue
[2024-03-16T11:25:30.331+0500] {logging_mixin.py:188} INFO - [2024-03-16T11:25:30.330+0500] {dagbag.py:540} INFO - Filling up the DagBag from /home/muhammadsami/Public/Projects/Airflow/DataPipelineswithApacheAirflow/.env/lib/python3.8/site-packages/airflow/example_dags/example_bash_operator.py
[2024-03-16T11:25:30.341+0500] {processor.py:840} INFO - DAG(s) 'example_bash_operator' retrieved from /home/muhammadsami/Public/Projects/Airflow/DataPipelineswithApacheAirflow/.env/lib/python3.8/site-packages/airflow/example_dags/example_bash_operator.py
[2024-03-16T11:25:30.361+0500] {logging_mixin.py:188} INFO - [2024-03-16T11:25:30.361+0500] {dag.py:3047} INFO - Sync 1 DAGs
[2024-03-16T11:25:30.380+0500] {logging_mixin.py:188} INFO - [2024-03-16T11:25:30.379+0500] {dag.py:3834} INFO - Setting next_dagrun for example_bash_operator to 2024-03-15 00:00:00+00:00, run_after=2024-03-16 00:00:00+00:00
[2024-03-16T11:25:30.496+0500] {processor.py:183} INFO - Processing /home/muhammadsami/Public/Projects/Airflow/DataPipelineswithApacheAirflow/.env/lib/python3.8/site-packages/airflow/example_dags/example_bash_operator.py took 0.170 seconds
[2024-03-16T11:26:23.903+0500] {processor.py:161} INFO - Started process (PID=18688) to work on /home/muhammadsami/Public/Projects/Airflow/DataPipelineswithApacheAirflow/.env/lib/python3.8/site-packages/airflow/example_dags/example_bash_operator.py
[2024-03-16T11:26:23.904+0500] {processor.py:830} INFO - Processing file /home/muhammadsami/Public/Projects/Airflow/DataPipelineswithApacheAirflow/.env/lib/python3.8/site-packages/airflow/example_dags/example_bash_operator.py for tasks to queue
[2024-03-16T11:26:23.905+0500] {logging_mixin.py:188} INFO - [2024-03-16T11:26:23.905+0500] {dagbag.py:540} INFO - Filling up the DagBag from /home/muhammadsami/Public/Projects/Airflow/DataPipelineswithApacheAirflow/.env/lib/python3.8/site-packages/airflow/example_dags/example_bash_operator.py
[2024-03-16T11:26:23.917+0500] {processor.py:840} INFO - DAG(s) 'example_bash_operator' retrieved from /home/muhammadsami/Public/Projects/Airflow/DataPipelineswithApacheAirflow/.env/lib/python3.8/site-packages/airflow/example_dags/example_bash_operator.py
[2024-03-16T11:26:23.937+0500] {logging_mixin.py:188} INFO - [2024-03-16T11:26:23.937+0500] {dag.py:3047} INFO - Sync 1 DAGs
[2024-03-16T11:26:23.955+0500] {logging_mixin.py:188} INFO - [2024-03-16T11:26:23.955+0500] {dag.py:3834} INFO - Setting next_dagrun for example_bash_operator to 2024-03-15 00:00:00+00:00, run_after=2024-03-16 00:00:00+00:00
[2024-03-16T11:26:24.042+0500] {processor.py:183} INFO - Processing /home/muhammadsami/Public/Projects/Airflow/DataPipelineswithApacheAirflow/.env/lib/python3.8/site-packages/airflow/example_dags/example_bash_operator.py took 0.142 seconds
[2024-03-16T11:27:37.795+0500] {processor.py:161} INFO - Started process (PID=18792) to work on /home/muhammadsami/Public/Projects/Airflow/DataPipelineswithApacheAirflow/.env/lib/python3.8/site-packages/airflow/example_dags/example_bash_operator.py
[2024-03-16T11:27:37.805+0500] {processor.py:830} INFO - Processing file /home/muhammadsami/Public/Projects/Airflow/DataPipelineswithApacheAirflow/.env/lib/python3.8/site-packages/airflow/example_dags/example_bash_operator.py for tasks to queue
[2024-03-16T11:27:37.805+0500] {logging_mixin.py:188} INFO - [2024-03-16T11:27:37.805+0500] {dagbag.py:540} INFO - Filling up the DagBag from /home/muhammadsami/Public/Projects/Airflow/DataPipelineswithApacheAirflow/.env/lib/python3.8/site-packages/airflow/example_dags/example_bash_operator.py
[2024-03-16T11:27:37.815+0500] {processor.py:840} INFO - DAG(s) 'example_bash_operator' retrieved from /home/muhammadsami/Public/Projects/Airflow/DataPipelineswithApacheAirflow/.env/lib/python3.8/site-packages/airflow/example_dags/example_bash_operator.py
[2024-03-16T11:27:37.835+0500] {logging_mixin.py:188} INFO - [2024-03-16T11:27:37.835+0500] {dag.py:3047} INFO - Sync 1 DAGs
[2024-03-16T11:27:37.853+0500] {logging_mixin.py:188} INFO - [2024-03-16T11:27:37.853+0500] {dag.py:3834} INFO - Setting next_dagrun for example_bash_operator to 2024-03-15 00:00:00+00:00, run_after=2024-03-16 00:00:00+00:00
[2024-03-16T11:27:37.954+0500] {processor.py:183} INFO - Processing /home/muhammadsami/Public/Projects/Airflow/DataPipelineswithApacheAirflow/.env/lib/python3.8/site-packages/airflow/example_dags/example_bash_operator.py took 0.162 seconds
[2024-03-16T11:28:48.762+0500] {processor.py:161} INFO - Started process (PID=18860) to work on /home/muhammadsami/Public/Projects/Airflow/DataPipelineswithApacheAirflow/.env/lib/python3.8/site-packages/airflow/example_dags/example_bash_operator.py
[2024-03-16T11:28:48.763+0500] {processor.py:830} INFO - Processing file /home/muhammadsami/Public/Projects/Airflow/DataPipelineswithApacheAirflow/.env/lib/python3.8/site-packages/airflow/example_dags/example_bash_operator.py for tasks to queue
[2024-03-16T11:28:48.764+0500] {logging_mixin.py:188} INFO - [2024-03-16T11:28:48.764+0500] {dagbag.py:540} INFO - Filling up the DagBag from /home/muhammadsami/Public/Projects/Airflow/DataPipelineswithApacheAirflow/.env/lib/python3.8/site-packages/airflow/example_dags/example_bash_operator.py
[2024-03-16T11:28:48.776+0500] {processor.py:840} INFO - DAG(s) 'example_bash_operator' retrieved from /home/muhammadsami/Public/Projects/Airflow/DataPipelineswithApacheAirflow/.env/lib/python3.8/site-packages/airflow/example_dags/example_bash_operator.py
[2024-03-16T11:28:48.797+0500] {logging_mixin.py:188} INFO - [2024-03-16T11:28:48.796+0500] {dag.py:3047} INFO - Sync 1 DAGs
[2024-03-16T11:28:48.819+0500] {logging_mixin.py:188} INFO - [2024-03-16T11:28:48.819+0500] {dag.py:3834} INFO - Setting next_dagrun for example_bash_operator to 2024-03-15 00:00:00+00:00, run_after=2024-03-16 00:00:00+00:00
[2024-03-16T11:28:48.906+0500] {processor.py:183} INFO - Processing /home/muhammadsami/Public/Projects/Airflow/DataPipelineswithApacheAirflow/.env/lib/python3.8/site-packages/airflow/example_dags/example_bash_operator.py took 0.147 seconds
[2024-03-16T11:30:04.912+0500] {processor.py:161} INFO - Started process (PID=18962) to work on /home/muhammadsami/Public/Projects/Airflow/DataPipelineswithApacheAirflow/.env/lib/python3.8/site-packages/airflow/example_dags/example_bash_operator.py
[2024-03-16T11:30:04.914+0500] {processor.py:830} INFO - Processing file /home/muhammadsami/Public/Projects/Airflow/DataPipelineswithApacheAirflow/.env/lib/python3.8/site-packages/airflow/example_dags/example_bash_operator.py for tasks to queue
[2024-03-16T11:30:04.915+0500] {logging_mixin.py:188} INFO - [2024-03-16T11:30:04.914+0500] {dagbag.py:540} INFO - Filling up the DagBag from /home/muhammadsami/Public/Projects/Airflow/DataPipelineswithApacheAirflow/.env/lib/python3.8/site-packages/airflow/example_dags/example_bash_operator.py
[2024-03-16T11:30:04.927+0500] {processor.py:840} INFO - DAG(s) 'example_bash_operator' retrieved from /home/muhammadsami/Public/Projects/Airflow/DataPipelineswithApacheAirflow/.env/lib/python3.8/site-packages/airflow/example_dags/example_bash_operator.py
[2024-03-16T11:30:04.947+0500] {logging_mixin.py:188} INFO - [2024-03-16T11:30:04.947+0500] {dag.py:3047} INFO - Sync 1 DAGs
[2024-03-16T11:30:04.965+0500] {logging_mixin.py:188} INFO - [2024-03-16T11:30:04.964+0500] {dag.py:3834} INFO - Setting next_dagrun for example_bash_operator to 2024-03-15 00:00:00+00:00, run_after=2024-03-16 00:00:00+00:00
[2024-03-16T11:30:05.070+0500] {processor.py:183} INFO - Processing /home/muhammadsami/Public/Projects/Airflow/DataPipelineswithApacheAirflow/.env/lib/python3.8/site-packages/airflow/example_dags/example_bash_operator.py took 0.160 seconds
[2024-03-16T11:39:18.780+0500] {processor.py:161} INFO - Started process (PID=19680) to work on /home/muhammadsami/Public/Projects/Airflow/DataPipelineswithApacheAirflow/.env/lib/python3.8/site-packages/airflow/example_dags/example_bash_operator.py
[2024-03-16T11:39:18.801+0500] {processor.py:830} INFO - Processing file /home/muhammadsami/Public/Projects/Airflow/DataPipelineswithApacheAirflow/.env/lib/python3.8/site-packages/airflow/example_dags/example_bash_operator.py for tasks to queue
[2024-03-16T11:39:18.802+0500] {logging_mixin.py:188} INFO - [2024-03-16T11:39:18.802+0500] {dagbag.py:540} INFO - Filling up the DagBag from /home/muhammadsami/Public/Projects/Airflow/DataPipelineswithApacheAirflow/.env/lib/python3.8/site-packages/airflow/example_dags/example_bash_operator.py
[2024-03-16T11:39:18.813+0500] {processor.py:840} INFO - DAG(s) 'example_bash_operator' retrieved from /home/muhammadsami/Public/Projects/Airflow/DataPipelineswithApacheAirflow/.env/lib/python3.8/site-packages/airflow/example_dags/example_bash_operator.py
[2024-03-16T11:39:18.836+0500] {logging_mixin.py:188} INFO - [2024-03-16T11:39:18.836+0500] {dag.py:3047} INFO - Sync 1 DAGs
[2024-03-16T11:39:18.855+0500] {logging_mixin.py:188} INFO - [2024-03-16T11:39:18.855+0500] {dag.py:3834} INFO - Setting next_dagrun for example_bash_operator to 2024-03-15 00:00:00+00:00, run_after=2024-03-16 00:00:00+00:00
[2024-03-16T11:39:18.971+0500] {processor.py:183} INFO - Processing /home/muhammadsami/Public/Projects/Airflow/DataPipelineswithApacheAirflow/.env/lib/python3.8/site-packages/airflow/example_dags/example_bash_operator.py took 0.194 seconds
[2024-03-16T11:40:26.192+0500] {processor.py:161} INFO - Started process (PID=19955) to work on /home/muhammadsami/Public/Projects/Airflow/DataPipelineswithApacheAirflow/.env/lib/python3.8/site-packages/airflow/example_dags/example_bash_operator.py
[2024-03-16T11:40:26.206+0500] {processor.py:830} INFO - Processing file /home/muhammadsami/Public/Projects/Airflow/DataPipelineswithApacheAirflow/.env/lib/python3.8/site-packages/airflow/example_dags/example_bash_operator.py for tasks to queue
[2024-03-16T11:40:26.207+0500] {logging_mixin.py:188} INFO - [2024-03-16T11:40:26.207+0500] {dagbag.py:540} INFO - Filling up the DagBag from /home/muhammadsami/Public/Projects/Airflow/DataPipelineswithApacheAirflow/.env/lib/python3.8/site-packages/airflow/example_dags/example_bash_operator.py
[2024-03-16T11:40:26.217+0500] {processor.py:840} INFO - DAG(s) 'example_bash_operator' retrieved from /home/muhammadsami/Public/Projects/Airflow/DataPipelineswithApacheAirflow/.env/lib/python3.8/site-packages/airflow/example_dags/example_bash_operator.py
[2024-03-16T11:40:26.346+0500] {logging_mixin.py:188} INFO - [2024-03-16T11:40:26.346+0500] {dag.py:3047} INFO - Sync 1 DAGs
[2024-03-16T11:40:26.365+0500] {logging_mixin.py:188} INFO - [2024-03-16T11:40:26.365+0500] {dag.py:3834} INFO - Setting next_dagrun for example_bash_operator to 2024-03-15 00:00:00+00:00, run_after=2024-03-16 00:00:00+00:00
[2024-03-16T11:40:26.500+0500] {processor.py:183} INFO - Processing /home/muhammadsami/Public/Projects/Airflow/DataPipelineswithApacheAirflow/.env/lib/python3.8/site-packages/airflow/example_dags/example_bash_operator.py took 0.311 seconds
[2024-03-16T11:41:44.179+0500] {processor.py:161} INFO - Started process (PID=20205) to work on /home/muhammadsami/Public/Projects/Airflow/DataPipelineswithApacheAirflow/.env/lib/python3.8/site-packages/airflow/example_dags/example_bash_operator.py
[2024-03-16T11:41:44.180+0500] {processor.py:830} INFO - Processing file /home/muhammadsami/Public/Projects/Airflow/DataPipelineswithApacheAirflow/.env/lib/python3.8/site-packages/airflow/example_dags/example_bash_operator.py for tasks to queue
[2024-03-16T11:41:44.181+0500] {logging_mixin.py:188} INFO - [2024-03-16T11:41:44.181+0500] {dagbag.py:540} INFO - Filling up the DagBag from /home/muhammadsami/Public/Projects/Airflow/DataPipelineswithApacheAirflow/.env/lib/python3.8/site-packages/airflow/example_dags/example_bash_operator.py
[2024-03-16T11:41:44.191+0500] {processor.py:840} INFO - DAG(s) 'example_bash_operator' retrieved from /home/muhammadsami/Public/Projects/Airflow/DataPipelineswithApacheAirflow/.env/lib/python3.8/site-packages/airflow/example_dags/example_bash_operator.py
[2024-03-16T11:41:44.211+0500] {logging_mixin.py:188} INFO - [2024-03-16T11:41:44.211+0500] {dag.py:3047} INFO - Sync 1 DAGs
[2024-03-16T11:41:44.229+0500] {logging_mixin.py:188} INFO - [2024-03-16T11:41:44.229+0500] {dag.py:3834} INFO - Setting next_dagrun for example_bash_operator to 2024-03-15 00:00:00+00:00, run_after=2024-03-16 00:00:00+00:00
[2024-03-16T11:41:44.319+0500] {processor.py:183} INFO - Processing /home/muhammadsami/Public/Projects/Airflow/DataPipelineswithApacheAirflow/.env/lib/python3.8/site-packages/airflow/example_dags/example_bash_operator.py took 0.143 seconds
[2024-03-16T11:42:38.777+0500] {processor.py:161} INFO - Started process (PID=20268) to work on /home/muhammadsami/Public/Projects/Airflow/DataPipelineswithApacheAirflow/.env/lib/python3.8/site-packages/airflow/example_dags/example_bash_operator.py
[2024-03-16T11:42:38.778+0500] {processor.py:830} INFO - Processing file /home/muhammadsami/Public/Projects/Airflow/DataPipelineswithApacheAirflow/.env/lib/python3.8/site-packages/airflow/example_dags/example_bash_operator.py for tasks to queue
[2024-03-16T11:42:38.779+0500] {logging_mixin.py:188} INFO - [2024-03-16T11:42:38.779+0500] {dagbag.py:540} INFO - Filling up the DagBag from /home/muhammadsami/Public/Projects/Airflow/DataPipelineswithApacheAirflow/.env/lib/python3.8/site-packages/airflow/example_dags/example_bash_operator.py
[2024-03-16T11:42:38.793+0500] {processor.py:840} INFO - DAG(s) 'example_bash_operator' retrieved from /home/muhammadsami/Public/Projects/Airflow/DataPipelineswithApacheAirflow/.env/lib/python3.8/site-packages/airflow/example_dags/example_bash_operator.py
[2024-03-16T11:42:38.819+0500] {logging_mixin.py:188} INFO - [2024-03-16T11:42:38.819+0500] {dag.py:3047} INFO - Sync 1 DAGs
[2024-03-16T11:42:38.839+0500] {logging_mixin.py:188} INFO - [2024-03-16T11:42:38.838+0500] {dag.py:3834} INFO - Setting next_dagrun for example_bash_operator to 2024-03-15 00:00:00+00:00, run_after=2024-03-16 00:00:00+00:00
[2024-03-16T11:42:38.949+0500] {processor.py:183} INFO - Processing /home/muhammadsami/Public/Projects/Airflow/DataPipelineswithApacheAirflow/.env/lib/python3.8/site-packages/airflow/example_dags/example_bash_operator.py took 0.175 seconds
[2024-03-16T11:43:49.437+0500] {processor.py:161} INFO - Started process (PID=20369) to work on /home/muhammadsami/Public/Projects/Airflow/DataPipelineswithApacheAirflow/.env/lib/python3.8/site-packages/airflow/example_dags/example_bash_operator.py
[2024-03-16T11:43:49.438+0500] {processor.py:830} INFO - Processing file /home/muhammadsami/Public/Projects/Airflow/DataPipelineswithApacheAirflow/.env/lib/python3.8/site-packages/airflow/example_dags/example_bash_operator.py for tasks to queue
[2024-03-16T11:43:49.439+0500] {logging_mixin.py:188} INFO - [2024-03-16T11:43:49.439+0500] {dagbag.py:540} INFO - Filling up the DagBag from /home/muhammadsami/Public/Projects/Airflow/DataPipelineswithApacheAirflow/.env/lib/python3.8/site-packages/airflow/example_dags/example_bash_operator.py
[2024-03-16T11:43:49.450+0500] {processor.py:840} INFO - DAG(s) 'example_bash_operator' retrieved from /home/muhammadsami/Public/Projects/Airflow/DataPipelineswithApacheAirflow/.env/lib/python3.8/site-packages/airflow/example_dags/example_bash_operator.py
[2024-03-16T11:43:49.471+0500] {logging_mixin.py:188} INFO - [2024-03-16T11:43:49.471+0500] {dag.py:3047} INFO - Sync 1 DAGs
[2024-03-16T11:43:49.490+0500] {logging_mixin.py:188} INFO - [2024-03-16T11:43:49.489+0500] {dag.py:3834} INFO - Setting next_dagrun for example_bash_operator to 2024-03-15 00:00:00+00:00, run_after=2024-03-16 00:00:00+00:00
[2024-03-16T11:43:49.586+0500] {processor.py:183} INFO - Processing /home/muhammadsami/Public/Projects/Airflow/DataPipelineswithApacheAirflow/.env/lib/python3.8/site-packages/airflow/example_dags/example_bash_operator.py took 0.152 seconds
[2024-03-16T11:44:45.792+0500] {processor.py:161} INFO - Started process (PID=20460) to work on /home/muhammadsami/Public/Projects/Airflow/DataPipelineswithApacheAirflow/.env/lib/python3.8/site-packages/airflow/example_dags/example_bash_operator.py
[2024-03-16T11:44:45.794+0500] {processor.py:830} INFO - Processing file /home/muhammadsami/Public/Projects/Airflow/DataPipelineswithApacheAirflow/.env/lib/python3.8/site-packages/airflow/example_dags/example_bash_operator.py for tasks to queue
[2024-03-16T11:44:45.795+0500] {logging_mixin.py:188} INFO - [2024-03-16T11:44:45.794+0500] {dagbag.py:540} INFO - Filling up the DagBag from /home/muhammadsami/Public/Projects/Airflow/DataPipelineswithApacheAirflow/.env/lib/python3.8/site-packages/airflow/example_dags/example_bash_operator.py
[2024-03-16T11:44:45.808+0500] {processor.py:840} INFO - DAG(s) 'example_bash_operator' retrieved from /home/muhammadsami/Public/Projects/Airflow/DataPipelineswithApacheAirflow/.env/lib/python3.8/site-packages/airflow/example_dags/example_bash_operator.py
[2024-03-16T11:44:45.830+0500] {logging_mixin.py:188} INFO - [2024-03-16T11:44:45.829+0500] {dag.py:3047} INFO - Sync 1 DAGs
[2024-03-16T11:44:45.849+0500] {logging_mixin.py:188} INFO - [2024-03-16T11:44:45.849+0500] {dag.py:3834} INFO - Setting next_dagrun for example_bash_operator to 2024-03-15 00:00:00+00:00, run_after=2024-03-16 00:00:00+00:00
[2024-03-16T11:44:45.941+0500] {processor.py:183} INFO - Processing /home/muhammadsami/Public/Projects/Airflow/DataPipelineswithApacheAirflow/.env/lib/python3.8/site-packages/airflow/example_dags/example_bash_operator.py took 0.151 seconds
[2024-03-16T11:45:57.127+0500] {processor.py:161} INFO - Started process (PID=20845) to work on /home/muhammadsami/Public/Projects/Airflow/DataPipelineswithApacheAirflow/.env/lib/python3.8/site-packages/airflow/example_dags/example_bash_operator.py
[2024-03-16T11:45:57.134+0500] {processor.py:830} INFO - Processing file /home/muhammadsami/Public/Projects/Airflow/DataPipelineswithApacheAirflow/.env/lib/python3.8/site-packages/airflow/example_dags/example_bash_operator.py for tasks to queue
[2024-03-16T11:45:57.135+0500] {logging_mixin.py:188} INFO - [2024-03-16T11:45:57.135+0500] {dagbag.py:540} INFO - Filling up the DagBag from /home/muhammadsami/Public/Projects/Airflow/DataPipelineswithApacheAirflow/.env/lib/python3.8/site-packages/airflow/example_dags/example_bash_operator.py
[2024-03-16T11:45:57.145+0500] {processor.py:840} INFO - DAG(s) 'example_bash_operator' retrieved from /home/muhammadsami/Public/Projects/Airflow/DataPipelineswithApacheAirflow/.env/lib/python3.8/site-packages/airflow/example_dags/example_bash_operator.py
[2024-03-16T11:45:57.166+0500] {logging_mixin.py:188} INFO - [2024-03-16T11:45:57.166+0500] {dag.py:3047} INFO - Sync 1 DAGs
[2024-03-16T11:45:57.184+0500] {logging_mixin.py:188} INFO - [2024-03-16T11:45:57.184+0500] {dag.py:3834} INFO - Setting next_dagrun for example_bash_operator to 2024-03-15 00:00:00+00:00, run_after=2024-03-16 00:00:00+00:00
[2024-03-16T11:45:57.271+0500] {processor.py:183} INFO - Processing /home/muhammadsami/Public/Projects/Airflow/DataPipelineswithApacheAirflow/.env/lib/python3.8/site-packages/airflow/example_dags/example_bash_operator.py took 0.147 seconds
[2024-03-16T11:46:52.133+0500] {processor.py:161} INFO - Started process (PID=20904) to work on /home/muhammadsami/Public/Projects/Airflow/DataPipelineswithApacheAirflow/.env/lib/python3.8/site-packages/airflow/example_dags/example_bash_operator.py
[2024-03-16T11:46:52.144+0500] {processor.py:830} INFO - Processing file /home/muhammadsami/Public/Projects/Airflow/DataPipelineswithApacheAirflow/.env/lib/python3.8/site-packages/airflow/example_dags/example_bash_operator.py for tasks to queue
[2024-03-16T11:46:52.145+0500] {logging_mixin.py:188} INFO - [2024-03-16T11:46:52.144+0500] {dagbag.py:540} INFO - Filling up the DagBag from /home/muhammadsami/Public/Projects/Airflow/DataPipelineswithApacheAirflow/.env/lib/python3.8/site-packages/airflow/example_dags/example_bash_operator.py
[2024-03-16T11:46:52.154+0500] {processor.py:840} INFO - DAG(s) 'example_bash_operator' retrieved from /home/muhammadsami/Public/Projects/Airflow/DataPipelineswithApacheAirflow/.env/lib/python3.8/site-packages/airflow/example_dags/example_bash_operator.py
[2024-03-16T11:46:52.175+0500] {logging_mixin.py:188} INFO - [2024-03-16T11:46:52.175+0500] {dag.py:3047} INFO - Sync 1 DAGs
[2024-03-16T11:46:52.193+0500] {logging_mixin.py:188} INFO - [2024-03-16T11:46:52.192+0500] {dag.py:3834} INFO - Setting next_dagrun for example_bash_operator to 2024-03-15 00:00:00+00:00, run_after=2024-03-16 00:00:00+00:00
[2024-03-16T11:46:52.292+0500] {processor.py:183} INFO - Processing /home/muhammadsami/Public/Projects/Airflow/DataPipelineswithApacheAirflow/.env/lib/python3.8/site-packages/airflow/example_dags/example_bash_operator.py took 0.162 seconds
[2024-03-16T11:48:08.020+0500] {processor.py:161} INFO - Started process (PID=21005) to work on /home/muhammadsami/Public/Projects/Airflow/DataPipelineswithApacheAirflow/.env/lib/python3.8/site-packages/airflow/example_dags/example_bash_operator.py
[2024-03-16T11:48:08.021+0500] {processor.py:830} INFO - Processing file /home/muhammadsami/Public/Projects/Airflow/DataPipelineswithApacheAirflow/.env/lib/python3.8/site-packages/airflow/example_dags/example_bash_operator.py for tasks to queue
[2024-03-16T11:48:08.022+0500] {logging_mixin.py:188} INFO - [2024-03-16T11:48:08.022+0500] {dagbag.py:540} INFO - Filling up the DagBag from /home/muhammadsami/Public/Projects/Airflow/DataPipelineswithApacheAirflow/.env/lib/python3.8/site-packages/airflow/example_dags/example_bash_operator.py
[2024-03-16T11:48:08.032+0500] {processor.py:840} INFO - DAG(s) 'example_bash_operator' retrieved from /home/muhammadsami/Public/Projects/Airflow/DataPipelineswithApacheAirflow/.env/lib/python3.8/site-packages/airflow/example_dags/example_bash_operator.py
[2024-03-16T11:48:08.055+0500] {logging_mixin.py:188} INFO - [2024-03-16T11:48:08.055+0500] {dag.py:3047} INFO - Sync 1 DAGs
[2024-03-16T11:48:08.076+0500] {logging_mixin.py:188} INFO - [2024-03-16T11:48:08.076+0500] {dag.py:3834} INFO - Setting next_dagrun for example_bash_operator to 2024-03-15 00:00:00+00:00, run_after=2024-03-16 00:00:00+00:00
[2024-03-16T11:48:08.165+0500] {processor.py:183} INFO - Processing /home/muhammadsami/Public/Projects/Airflow/DataPipelineswithApacheAirflow/.env/lib/python3.8/site-packages/airflow/example_dags/example_bash_operator.py took 0.147 seconds
[2024-03-16T11:49:18.065+0500] {processor.py:161} INFO - Started process (PID=21102) to work on /home/muhammadsami/Public/Projects/Airflow/DataPipelineswithApacheAirflow/.env/lib/python3.8/site-packages/airflow/example_dags/example_bash_operator.py
[2024-03-16T11:49:18.066+0500] {processor.py:830} INFO - Processing file /home/muhammadsami/Public/Projects/Airflow/DataPipelineswithApacheAirflow/.env/lib/python3.8/site-packages/airflow/example_dags/example_bash_operator.py for tasks to queue
[2024-03-16T11:49:18.068+0500] {logging_mixin.py:188} INFO - [2024-03-16T11:49:18.067+0500] {dagbag.py:540} INFO - Filling up the DagBag from /home/muhammadsami/Public/Projects/Airflow/DataPipelineswithApacheAirflow/.env/lib/python3.8/site-packages/airflow/example_dags/example_bash_operator.py
[2024-03-16T11:49:18.079+0500] {processor.py:840} INFO - DAG(s) 'example_bash_operator' retrieved from /home/muhammadsami/Public/Projects/Airflow/DataPipelineswithApacheAirflow/.env/lib/python3.8/site-packages/airflow/example_dags/example_bash_operator.py
[2024-03-16T11:49:18.100+0500] {logging_mixin.py:188} INFO - [2024-03-16T11:49:18.099+0500] {dag.py:3047} INFO - Sync 1 DAGs
[2024-03-16T11:49:18.117+0500] {logging_mixin.py:188} INFO - [2024-03-16T11:49:18.117+0500] {dag.py:3834} INFO - Setting next_dagrun for example_bash_operator to 2024-03-15 00:00:00+00:00, run_after=2024-03-16 00:00:00+00:00
[2024-03-16T11:49:18.199+0500] {processor.py:183} INFO - Processing /home/muhammadsami/Public/Projects/Airflow/DataPipelineswithApacheAirflow/.env/lib/python3.8/site-packages/airflow/example_dags/example_bash_operator.py took 0.137 seconds
[2024-03-16T11:50:32.374+0500] {processor.py:161} INFO - Started process (PID=21173) to work on /home/muhammadsami/Public/Projects/Airflow/DataPipelineswithApacheAirflow/.env/lib/python3.8/site-packages/airflow/example_dags/example_bash_operator.py
[2024-03-16T11:50:32.376+0500] {processor.py:830} INFO - Processing file /home/muhammadsami/Public/Projects/Airflow/DataPipelineswithApacheAirflow/.env/lib/python3.8/site-packages/airflow/example_dags/example_bash_operator.py for tasks to queue
[2024-03-16T11:50:32.377+0500] {logging_mixin.py:188} INFO - [2024-03-16T11:50:32.376+0500] {dagbag.py:540} INFO - Filling up the DagBag from /home/muhammadsami/Public/Projects/Airflow/DataPipelineswithApacheAirflow/.env/lib/python3.8/site-packages/airflow/example_dags/example_bash_operator.py
[2024-03-16T11:50:32.388+0500] {processor.py:840} INFO - DAG(s) 'example_bash_operator' retrieved from /home/muhammadsami/Public/Projects/Airflow/DataPipelineswithApacheAirflow/.env/lib/python3.8/site-packages/airflow/example_dags/example_bash_operator.py
[2024-03-16T11:50:32.411+0500] {logging_mixin.py:188} INFO - [2024-03-16T11:50:32.411+0500] {dag.py:3047} INFO - Sync 1 DAGs
[2024-03-16T11:50:32.429+0500] {logging_mixin.py:188} INFO - [2024-03-16T11:50:32.429+0500] {dag.py:3834} INFO - Setting next_dagrun for example_bash_operator to 2024-03-15 00:00:00+00:00, run_after=2024-03-16 00:00:00+00:00
[2024-03-16T11:50:32.526+0500] {processor.py:183} INFO - Processing /home/muhammadsami/Public/Projects/Airflow/DataPipelineswithApacheAirflow/.env/lib/python3.8/site-packages/airflow/example_dags/example_bash_operator.py took 0.155 seconds
[2024-03-16T11:51:49.618+0500] {processor.py:161} INFO - Started process (PID=21331) to work on /home/muhammadsami/Public/Projects/Airflow/DataPipelineswithApacheAirflow/.env/lib/python3.8/site-packages/airflow/example_dags/example_bash_operator.py
[2024-03-16T11:51:49.637+0500] {processor.py:830} INFO - Processing file /home/muhammadsami/Public/Projects/Airflow/DataPipelineswithApacheAirflow/.env/lib/python3.8/site-packages/airflow/example_dags/example_bash_operator.py for tasks to queue
[2024-03-16T11:51:49.637+0500] {logging_mixin.py:188} INFO - [2024-03-16T11:51:49.637+0500] {dagbag.py:540} INFO - Filling up the DagBag from /home/muhammadsami/Public/Projects/Airflow/DataPipelineswithApacheAirflow/.env/lib/python3.8/site-packages/airflow/example_dags/example_bash_operator.py
[2024-03-16T11:51:49.647+0500] {processor.py:840} INFO - DAG(s) 'example_bash_operator' retrieved from /home/muhammadsami/Public/Projects/Airflow/DataPipelineswithApacheAirflow/.env/lib/python3.8/site-packages/airflow/example_dags/example_bash_operator.py
[2024-03-16T11:51:49.668+0500] {logging_mixin.py:188} INFO - [2024-03-16T11:51:49.668+0500] {dag.py:3047} INFO - Sync 1 DAGs
[2024-03-16T11:51:49.685+0500] {logging_mixin.py:188} INFO - [2024-03-16T11:51:49.685+0500] {dag.py:3834} INFO - Setting next_dagrun for example_bash_operator to 2024-03-15 00:00:00+00:00, run_after=2024-03-16 00:00:00+00:00
[2024-03-16T11:51:49.780+0500] {processor.py:183} INFO - Processing /home/muhammadsami/Public/Projects/Airflow/DataPipelineswithApacheAirflow/.env/lib/python3.8/site-packages/airflow/example_dags/example_bash_operator.py took 0.164 seconds
[2024-03-16T11:53:07.936+0500] {processor.py:161} INFO - Started process (PID=21522) to work on /home/muhammadsami/Public/Projects/Airflow/DataPipelineswithApacheAirflow/.env/lib/python3.8/site-packages/airflow/example_dags/example_bash_operator.py
[2024-03-16T11:53:07.954+0500] {processor.py:830} INFO - Processing file /home/muhammadsami/Public/Projects/Airflow/DataPipelineswithApacheAirflow/.env/lib/python3.8/site-packages/airflow/example_dags/example_bash_operator.py for tasks to queue
[2024-03-16T11:53:07.955+0500] {logging_mixin.py:188} INFO - [2024-03-16T11:53:07.954+0500] {dagbag.py:540} INFO - Filling up the DagBag from /home/muhammadsami/Public/Projects/Airflow/DataPipelineswithApacheAirflow/.env/lib/python3.8/site-packages/airflow/example_dags/example_bash_operator.py
[2024-03-16T11:53:07.965+0500] {processor.py:840} INFO - DAG(s) 'example_bash_operator' retrieved from /home/muhammadsami/Public/Projects/Airflow/DataPipelineswithApacheAirflow/.env/lib/python3.8/site-packages/airflow/example_dags/example_bash_operator.py
[2024-03-16T11:53:07.985+0500] {logging_mixin.py:188} INFO - [2024-03-16T11:53:07.984+0500] {dag.py:3047} INFO - Sync 1 DAGs
[2024-03-16T11:53:08.003+0500] {logging_mixin.py:188} INFO - [2024-03-16T11:53:08.002+0500] {dag.py:3834} INFO - Setting next_dagrun for example_bash_operator to 2024-03-15 00:00:00+00:00, run_after=2024-03-16 00:00:00+00:00
[2024-03-16T11:53:08.096+0500] {processor.py:183} INFO - Processing /home/muhammadsami/Public/Projects/Airflow/DataPipelineswithApacheAirflow/.env/lib/python3.8/site-packages/airflow/example_dags/example_bash_operator.py took 0.162 seconds
[2024-03-16T11:54:23.343+0500] {processor.py:161} INFO - Started process (PID=21681) to work on /home/muhammadsami/Public/Projects/Airflow/DataPipelineswithApacheAirflow/.env/lib/python3.8/site-packages/airflow/example_dags/example_bash_operator.py
[2024-03-16T11:54:23.345+0500] {processor.py:830} INFO - Processing file /home/muhammadsami/Public/Projects/Airflow/DataPipelineswithApacheAirflow/.env/lib/python3.8/site-packages/airflow/example_dags/example_bash_operator.py for tasks to queue
[2024-03-16T11:54:23.346+0500] {logging_mixin.py:188} INFO - [2024-03-16T11:54:23.346+0500] {dagbag.py:540} INFO - Filling up the DagBag from /home/muhammadsami/Public/Projects/Airflow/DataPipelineswithApacheAirflow/.env/lib/python3.8/site-packages/airflow/example_dags/example_bash_operator.py
[2024-03-16T11:54:23.358+0500] {processor.py:840} INFO - DAG(s) 'example_bash_operator' retrieved from /home/muhammadsami/Public/Projects/Airflow/DataPipelineswithApacheAirflow/.env/lib/python3.8/site-packages/airflow/example_dags/example_bash_operator.py
[2024-03-16T11:54:23.380+0500] {logging_mixin.py:188} INFO - [2024-03-16T11:54:23.379+0500] {dag.py:3047} INFO - Sync 1 DAGs
[2024-03-16T11:54:23.399+0500] {logging_mixin.py:188} INFO - [2024-03-16T11:54:23.399+0500] {dag.py:3834} INFO - Setting next_dagrun for example_bash_operator to 2024-03-15 00:00:00+00:00, run_after=2024-03-16 00:00:00+00:00
[2024-03-16T11:54:23.490+0500] {processor.py:183} INFO - Processing /home/muhammadsami/Public/Projects/Airflow/DataPipelineswithApacheAirflow/.env/lib/python3.8/site-packages/airflow/example_dags/example_bash_operator.py took 0.150 seconds
[2024-03-16T11:55:39.018+0500] {processor.py:161} INFO - Started process (PID=21895) to work on /home/muhammadsami/Public/Projects/Airflow/DataPipelineswithApacheAirflow/.env/lib/python3.8/site-packages/airflow/example_dags/example_bash_operator.py
[2024-03-16T11:55:39.036+0500] {processor.py:830} INFO - Processing file /home/muhammadsami/Public/Projects/Airflow/DataPipelineswithApacheAirflow/.env/lib/python3.8/site-packages/airflow/example_dags/example_bash_operator.py for tasks to queue
[2024-03-16T11:55:39.037+0500] {logging_mixin.py:188} INFO - [2024-03-16T11:55:39.037+0500] {dagbag.py:540} INFO - Filling up the DagBag from /home/muhammadsami/Public/Projects/Airflow/DataPipelineswithApacheAirflow/.env/lib/python3.8/site-packages/airflow/example_dags/example_bash_operator.py
[2024-03-16T11:55:39.048+0500] {processor.py:840} INFO - DAG(s) 'example_bash_operator' retrieved from /home/muhammadsami/Public/Projects/Airflow/DataPipelineswithApacheAirflow/.env/lib/python3.8/site-packages/airflow/example_dags/example_bash_operator.py
[2024-03-16T11:55:39.074+0500] {logging_mixin.py:188} INFO - [2024-03-16T11:55:39.074+0500] {dag.py:3047} INFO - Sync 1 DAGs
[2024-03-16T11:55:39.097+0500] {logging_mixin.py:188} INFO - [2024-03-16T11:55:39.097+0500] {dag.py:3834} INFO - Setting next_dagrun for example_bash_operator to 2024-03-15 00:00:00+00:00, run_after=2024-03-16 00:00:00+00:00
[2024-03-16T11:55:39.192+0500] {processor.py:183} INFO - Processing /home/muhammadsami/Public/Projects/Airflow/DataPipelineswithApacheAirflow/.env/lib/python3.8/site-packages/airflow/example_dags/example_bash_operator.py took 0.177 seconds
[2024-03-16T11:56:53.298+0500] {processor.py:161} INFO - Started process (PID=21975) to work on /home/muhammadsami/Public/Projects/Airflow/DataPipelineswithApacheAirflow/.env/lib/python3.8/site-packages/airflow/example_dags/example_bash_operator.py
[2024-03-16T11:56:53.371+0500] {processor.py:830} INFO - Processing file /home/muhammadsami/Public/Projects/Airflow/DataPipelineswithApacheAirflow/.env/lib/python3.8/site-packages/airflow/example_dags/example_bash_operator.py for tasks to queue
[2024-03-16T11:56:53.373+0500] {logging_mixin.py:188} INFO - [2024-03-16T11:56:53.372+0500] {dagbag.py:540} INFO - Filling up the DagBag from /home/muhammadsami/Public/Projects/Airflow/DataPipelineswithApacheAirflow/.env/lib/python3.8/site-packages/airflow/example_dags/example_bash_operator.py
[2024-03-16T11:56:53.389+0500] {processor.py:840} INFO - DAG(s) 'example_bash_operator' retrieved from /home/muhammadsami/Public/Projects/Airflow/DataPipelineswithApacheAirflow/.env/lib/python3.8/site-packages/airflow/example_dags/example_bash_operator.py
[2024-03-16T11:56:53.421+0500] {logging_mixin.py:188} INFO - [2024-03-16T11:56:53.421+0500] {dag.py:3047} INFO - Sync 1 DAGs
[2024-03-16T11:56:53.450+0500] {logging_mixin.py:188} INFO - [2024-03-16T11:56:53.450+0500] {dag.py:3834} INFO - Setting next_dagrun for example_bash_operator to 2024-03-15 00:00:00+00:00, run_after=2024-03-16 00:00:00+00:00
[2024-03-16T11:56:53.677+0500] {processor.py:183} INFO - Processing /home/muhammadsami/Public/Projects/Airflow/DataPipelineswithApacheAirflow/.env/lib/python3.8/site-packages/airflow/example_dags/example_bash_operator.py took 0.383 seconds
[2024-03-16T11:57:48.208+0500] {processor.py:161} INFO - Started process (PID=22027) to work on /home/muhammadsami/Public/Projects/Airflow/DataPipelineswithApacheAirflow/.env/lib/python3.8/site-packages/airflow/example_dags/example_bash_operator.py
[2024-03-16T11:57:48.214+0500] {processor.py:830} INFO - Processing file /home/muhammadsami/Public/Projects/Airflow/DataPipelineswithApacheAirflow/.env/lib/python3.8/site-packages/airflow/example_dags/example_bash_operator.py for tasks to queue
[2024-03-16T11:57:48.216+0500] {logging_mixin.py:188} INFO - [2024-03-16T11:57:48.215+0500] {dagbag.py:540} INFO - Filling up the DagBag from /home/muhammadsami/Public/Projects/Airflow/DataPipelineswithApacheAirflow/.env/lib/python3.8/site-packages/airflow/example_dags/example_bash_operator.py
[2024-03-16T11:57:48.226+0500] {processor.py:840} INFO - DAG(s) 'example_bash_operator' retrieved from /home/muhammadsami/Public/Projects/Airflow/DataPipelineswithApacheAirflow/.env/lib/python3.8/site-packages/airflow/example_dags/example_bash_operator.py
[2024-03-16T11:57:48.246+0500] {logging_mixin.py:188} INFO - [2024-03-16T11:57:48.246+0500] {dag.py:3047} INFO - Sync 1 DAGs
[2024-03-16T11:57:48.263+0500] {logging_mixin.py:188} INFO - [2024-03-16T11:57:48.263+0500] {dag.py:3834} INFO - Setting next_dagrun for example_bash_operator to 2024-03-15 00:00:00+00:00, run_after=2024-03-16 00:00:00+00:00
[2024-03-16T11:57:48.358+0500] {processor.py:183} INFO - Processing /home/muhammadsami/Public/Projects/Airflow/DataPipelineswithApacheAirflow/.env/lib/python3.8/site-packages/airflow/example_dags/example_bash_operator.py took 0.152 seconds
[2024-03-16T11:58:39.919+0500] {processor.py:161} INFO - Started process (PID=22131) to work on /home/muhammadsami/Public/Projects/Airflow/DataPipelineswithApacheAirflow/.env/lib/python3.8/site-packages/airflow/example_dags/example_bash_operator.py
[2024-03-16T11:58:39.921+0500] {processor.py:830} INFO - Processing file /home/muhammadsami/Public/Projects/Airflow/DataPipelineswithApacheAirflow/.env/lib/python3.8/site-packages/airflow/example_dags/example_bash_operator.py for tasks to queue
[2024-03-16T11:58:39.921+0500] {logging_mixin.py:188} INFO - [2024-03-16T11:58:39.921+0500] {dagbag.py:540} INFO - Filling up the DagBag from /home/muhammadsami/Public/Projects/Airflow/DataPipelineswithApacheAirflow/.env/lib/python3.8/site-packages/airflow/example_dags/example_bash_operator.py
[2024-03-16T11:58:39.932+0500] {processor.py:840} INFO - DAG(s) 'example_bash_operator' retrieved from /home/muhammadsami/Public/Projects/Airflow/DataPipelineswithApacheAirflow/.env/lib/python3.8/site-packages/airflow/example_dags/example_bash_operator.py
[2024-03-16T11:58:39.954+0500] {logging_mixin.py:188} INFO - [2024-03-16T11:58:39.954+0500] {dag.py:3047} INFO - Sync 1 DAGs
[2024-03-16T11:58:39.973+0500] {logging_mixin.py:188} INFO - [2024-03-16T11:58:39.973+0500] {dag.py:3834} INFO - Setting next_dagrun for example_bash_operator to 2024-03-15 00:00:00+00:00, run_after=2024-03-16 00:00:00+00:00
[2024-03-16T11:58:40.157+0500] {processor.py:183} INFO - Processing /home/muhammadsami/Public/Projects/Airflow/DataPipelineswithApacheAirflow/.env/lib/python3.8/site-packages/airflow/example_dags/example_bash_operator.py took 0.240 seconds
[2024-03-16T11:59:54.425+0500] {processor.py:161} INFO - Started process (PID=22298) to work on /home/muhammadsami/Public/Projects/Airflow/DataPipelineswithApacheAirflow/.env/lib/python3.8/site-packages/airflow/example_dags/example_bash_operator.py
[2024-03-16T11:59:54.426+0500] {processor.py:830} INFO - Processing file /home/muhammadsami/Public/Projects/Airflow/DataPipelineswithApacheAirflow/.env/lib/python3.8/site-packages/airflow/example_dags/example_bash_operator.py for tasks to queue
[2024-03-16T11:59:54.427+0500] {logging_mixin.py:188} INFO - [2024-03-16T11:59:54.427+0500] {dagbag.py:540} INFO - Filling up the DagBag from /home/muhammadsami/Public/Projects/Airflow/DataPipelineswithApacheAirflow/.env/lib/python3.8/site-packages/airflow/example_dags/example_bash_operator.py
[2024-03-16T11:59:54.440+0500] {processor.py:840} INFO - DAG(s) 'example_bash_operator' retrieved from /home/muhammadsami/Public/Projects/Airflow/DataPipelineswithApacheAirflow/.env/lib/python3.8/site-packages/airflow/example_dags/example_bash_operator.py
[2024-03-16T11:59:54.465+0500] {logging_mixin.py:188} INFO - [2024-03-16T11:59:54.465+0500] {dag.py:3047} INFO - Sync 1 DAGs
[2024-03-16T11:59:54.484+0500] {logging_mixin.py:188} INFO - [2024-03-16T11:59:54.484+0500] {dag.py:3834} INFO - Setting next_dagrun for example_bash_operator to 2024-03-15 00:00:00+00:00, run_after=2024-03-16 00:00:00+00:00
[2024-03-16T11:59:54.597+0500] {processor.py:183} INFO - Processing /home/muhammadsami/Public/Projects/Airflow/DataPipelineswithApacheAirflow/.env/lib/python3.8/site-packages/airflow/example_dags/example_bash_operator.py took 0.174 seconds
[2024-03-16T12:01:14.837+0500] {processor.py:161} INFO - Started process (PID=22375) to work on /home/muhammadsami/Public/Projects/Airflow/DataPipelineswithApacheAirflow/.env/lib/python3.8/site-packages/airflow/example_dags/example_bash_operator.py
[2024-03-16T12:01:14.838+0500] {processor.py:830} INFO - Processing file /home/muhammadsami/Public/Projects/Airflow/DataPipelineswithApacheAirflow/.env/lib/python3.8/site-packages/airflow/example_dags/example_bash_operator.py for tasks to queue
[2024-03-16T12:01:14.839+0500] {logging_mixin.py:188} INFO - [2024-03-16T12:01:14.839+0500] {dagbag.py:540} INFO - Filling up the DagBag from /home/muhammadsami/Public/Projects/Airflow/DataPipelineswithApacheAirflow/.env/lib/python3.8/site-packages/airflow/example_dags/example_bash_operator.py
[2024-03-16T12:01:14.852+0500] {processor.py:840} INFO - DAG(s) 'example_bash_operator' retrieved from /home/muhammadsami/Public/Projects/Airflow/DataPipelineswithApacheAirflow/.env/lib/python3.8/site-packages/airflow/example_dags/example_bash_operator.py
[2024-03-16T12:01:14.873+0500] {logging_mixin.py:188} INFO - [2024-03-16T12:01:14.873+0500] {dag.py:3047} INFO - Sync 1 DAGs
[2024-03-16T12:01:14.890+0500] {logging_mixin.py:188} INFO - [2024-03-16T12:01:14.890+0500] {dag.py:3834} INFO - Setting next_dagrun for example_bash_operator to 2024-03-15 00:00:00+00:00, run_after=2024-03-16 00:00:00+00:00
[2024-03-16T12:01:14.984+0500] {processor.py:183} INFO - Processing /home/muhammadsami/Public/Projects/Airflow/DataPipelineswithApacheAirflow/.env/lib/python3.8/site-packages/airflow/example_dags/example_bash_operator.py took 0.150 seconds
