[2024-03-16T11:22:55.370+0500] {processor.py:161} INFO - Started process (PID=18222) to work on /home/muhammadsami/Public/Projects/Airflow/DataPipelineswithApacheAirflow/.env/lib/python3.8/site-packages/airflow/example_dags/example_branch_python_dop_operator_3.py
[2024-03-16T11:22:55.371+0500] {processor.py:830} INFO - Processing file /home/muhammadsami/Public/Projects/Airflow/DataPipelineswithApacheAirflow/.env/lib/python3.8/site-packages/airflow/example_dags/example_branch_python_dop_operator_3.py for tasks to queue
[2024-03-16T11:22:55.372+0500] {logging_mixin.py:188} INFO - [2024-03-16T11:22:55.372+0500] {dagbag.py:540} INFO - Filling up the DagBag from /home/muhammadsami/Public/Projects/Airflow/DataPipelineswithApacheAirflow/.env/lib/python3.8/site-packages/airflow/example_dags/example_branch_python_dop_operator_3.py
[2024-03-16T11:22:55.382+0500] {processor.py:840} INFO - DAG(s) 'example_branch_dop_operator_v3' retrieved from /home/muhammadsami/Public/Projects/Airflow/DataPipelineswithApacheAirflow/.env/lib/python3.8/site-packages/airflow/example_dags/example_branch_python_dop_operator_3.py
[2024-03-16T11:22:57.367+0500] {logging_mixin.py:188} INFO - [2024-03-16T11:22:57.366+0500] {override.py:1769} INFO - Created Permission View: can edit on DAG:example_branch_dop_operator_v3
[2024-03-16T11:22:57.466+0500] {logging_mixin.py:188} INFO - [2024-03-16T11:22:57.465+0500] {override.py:1769} INFO - Created Permission View: can delete on DAG:example_branch_dop_operator_v3
[2024-03-16T11:22:57.564+0500] {logging_mixin.py:188} INFO - [2024-03-16T11:22:57.564+0500] {override.py:1769} INFO - Created Permission View: can read on DAG:example_branch_dop_operator_v3
[2024-03-16T11:22:57.565+0500] {logging_mixin.py:188} INFO - [2024-03-16T11:22:57.565+0500] {dag.py:3047} INFO - Sync 1 DAGs
[2024-03-16T11:22:57.753+0500] {logging_mixin.py:188} INFO - [2024-03-16T11:22:57.753+0500] {dag.py:3069} INFO - Creating ORM DAG for example_branch_dop_operator_v3
[2024-03-16T11:22:57.786+0500] {logging_mixin.py:188} INFO - [2024-03-16T11:22:57.786+0500] {dag.py:3834} INFO - Setting next_dagrun for example_branch_dop_operator_v3 to 2024-03-16 06:21:00+00:00, run_after=2024-03-16 06:22:00+00:00
[2024-03-16T11:22:57.981+0500] {processor.py:183} INFO - Processing /home/muhammadsami/Public/Projects/Airflow/DataPipelineswithApacheAirflow/.env/lib/python3.8/site-packages/airflow/example_dags/example_branch_python_dop_operator_3.py took 2.616 seconds
[2024-03-16T11:24:11.298+0500] {processor.py:161} INFO - Started process (PID=18464) to work on /home/muhammadsami/Public/Projects/Airflow/DataPipelineswithApacheAirflow/.env/lib/python3.8/site-packages/airflow/example_dags/example_branch_python_dop_operator_3.py
[2024-03-16T11:24:11.317+0500] {processor.py:830} INFO - Processing file /home/muhammadsami/Public/Projects/Airflow/DataPipelineswithApacheAirflow/.env/lib/python3.8/site-packages/airflow/example_dags/example_branch_python_dop_operator_3.py for tasks to queue
[2024-03-16T11:24:11.317+0500] {logging_mixin.py:188} INFO - [2024-03-16T11:24:11.317+0500] {dagbag.py:540} INFO - Filling up the DagBag from /home/muhammadsami/Public/Projects/Airflow/DataPipelineswithApacheAirflow/.env/lib/python3.8/site-packages/airflow/example_dags/example_branch_python_dop_operator_3.py
[2024-03-16T11:24:11.325+0500] {processor.py:840} INFO - DAG(s) 'example_branch_dop_operator_v3' retrieved from /home/muhammadsami/Public/Projects/Airflow/DataPipelineswithApacheAirflow/.env/lib/python3.8/site-packages/airflow/example_dags/example_branch_python_dop_operator_3.py
[2024-03-16T11:24:11.337+0500] {logging_mixin.py:188} INFO - [2024-03-16T11:24:11.337+0500] {dag.py:3047} INFO - Sync 1 DAGs
[2024-03-16T11:24:11.358+0500] {logging_mixin.py:188} INFO - [2024-03-16T11:24:11.358+0500] {dag.py:3834} INFO - Setting next_dagrun for example_branch_dop_operator_v3 to 2024-03-16 06:23:00+00:00, run_after=2024-03-16 06:24:00+00:00
[2024-03-16T11:24:11.568+0500] {processor.py:183} INFO - Processing /home/muhammadsami/Public/Projects/Airflow/DataPipelineswithApacheAirflow/.env/lib/python3.8/site-packages/airflow/example_dags/example_branch_python_dop_operator_3.py took 0.272 seconds
[2024-03-16T11:25:07.604+0500] {processor.py:161} INFO - Started process (PID=18599) to work on /home/muhammadsami/Public/Projects/Airflow/DataPipelineswithApacheAirflow/.env/lib/python3.8/site-packages/airflow/example_dags/example_branch_python_dop_operator_3.py
[2024-03-16T11:25:07.621+0500] {processor.py:830} INFO - Processing file /home/muhammadsami/Public/Projects/Airflow/DataPipelineswithApacheAirflow/.env/lib/python3.8/site-packages/airflow/example_dags/example_branch_python_dop_operator_3.py for tasks to queue
[2024-03-16T11:25:07.622+0500] {logging_mixin.py:188} INFO - [2024-03-16T11:25:07.621+0500] {dagbag.py:540} INFO - Filling up the DagBag from /home/muhammadsami/Public/Projects/Airflow/DataPipelineswithApacheAirflow/.env/lib/python3.8/site-packages/airflow/example_dags/example_branch_python_dop_operator_3.py
[2024-03-16T11:25:07.630+0500] {processor.py:840} INFO - DAG(s) 'example_branch_dop_operator_v3' retrieved from /home/muhammadsami/Public/Projects/Airflow/DataPipelineswithApacheAirflow/.env/lib/python3.8/site-packages/airflow/example_dags/example_branch_python_dop_operator_3.py
[2024-03-16T11:25:07.643+0500] {logging_mixin.py:188} INFO - [2024-03-16T11:25:07.643+0500] {dag.py:3047} INFO - Sync 1 DAGs
[2024-03-16T11:25:07.668+0500] {logging_mixin.py:188} INFO - [2024-03-16T11:25:07.668+0500] {dag.py:3834} INFO - Setting next_dagrun for example_branch_dop_operator_v3 to 2024-03-16 06:24:00+00:00, run_after=2024-03-16 06:25:00+00:00
[2024-03-16T11:25:07.780+0500] {processor.py:183} INFO - Processing /home/muhammadsami/Public/Projects/Airflow/DataPipelineswithApacheAirflow/.env/lib/python3.8/site-packages/airflow/example_dags/example_branch_python_dop_operator_3.py took 0.179 seconds
[2024-03-16T11:26:12.501+0500] {processor.py:161} INFO - Started process (PID=18676) to work on /home/muhammadsami/Public/Projects/Airflow/DataPipelineswithApacheAirflow/.env/lib/python3.8/site-packages/airflow/example_dags/example_branch_python_dop_operator_3.py
[2024-03-16T11:26:12.524+0500] {processor.py:830} INFO - Processing file /home/muhammadsami/Public/Projects/Airflow/DataPipelineswithApacheAirflow/.env/lib/python3.8/site-packages/airflow/example_dags/example_branch_python_dop_operator_3.py for tasks to queue
[2024-03-16T11:26:12.525+0500] {logging_mixin.py:188} INFO - [2024-03-16T11:26:12.524+0500] {dagbag.py:540} INFO - Filling up the DagBag from /home/muhammadsami/Public/Projects/Airflow/DataPipelineswithApacheAirflow/.env/lib/python3.8/site-packages/airflow/example_dags/example_branch_python_dop_operator_3.py
[2024-03-16T11:26:12.533+0500] {processor.py:840} INFO - DAG(s) 'example_branch_dop_operator_v3' retrieved from /home/muhammadsami/Public/Projects/Airflow/DataPipelineswithApacheAirflow/.env/lib/python3.8/site-packages/airflow/example_dags/example_branch_python_dop_operator_3.py
[2024-03-16T11:26:12.546+0500] {logging_mixin.py:188} INFO - [2024-03-16T11:26:12.546+0500] {dag.py:3047} INFO - Sync 1 DAGs
[2024-03-16T11:26:12.567+0500] {logging_mixin.py:188} INFO - [2024-03-16T11:26:12.567+0500] {dag.py:3834} INFO - Setting next_dagrun for example_branch_dop_operator_v3 to 2024-03-16 06:25:00+00:00, run_after=2024-03-16 06:26:00+00:00
[2024-03-16T11:26:12.690+0500] {processor.py:183} INFO - Processing /home/muhammadsami/Public/Projects/Airflow/DataPipelineswithApacheAirflow/.env/lib/python3.8/site-packages/airflow/example_dags/example_branch_python_dop_operator_3.py took 0.192 seconds
[2024-03-16T11:27:04.730+0500] {processor.py:161} INFO - Started process (PID=18757) to work on /home/muhammadsami/Public/Projects/Airflow/DataPipelineswithApacheAirflow/.env/lib/python3.8/site-packages/airflow/example_dags/example_branch_python_dop_operator_3.py
[2024-03-16T11:27:04.744+0500] {processor.py:830} INFO - Processing file /home/muhammadsami/Public/Projects/Airflow/DataPipelineswithApacheAirflow/.env/lib/python3.8/site-packages/airflow/example_dags/example_branch_python_dop_operator_3.py for tasks to queue
[2024-03-16T11:27:04.745+0500] {logging_mixin.py:188} INFO - [2024-03-16T11:27:04.745+0500] {dagbag.py:540} INFO - Filling up the DagBag from /home/muhammadsami/Public/Projects/Airflow/DataPipelineswithApacheAirflow/.env/lib/python3.8/site-packages/airflow/example_dags/example_branch_python_dop_operator_3.py
[2024-03-16T11:27:04.752+0500] {processor.py:840} INFO - DAG(s) 'example_branch_dop_operator_v3' retrieved from /home/muhammadsami/Public/Projects/Airflow/DataPipelineswithApacheAirflow/.env/lib/python3.8/site-packages/airflow/example_dags/example_branch_python_dop_operator_3.py
[2024-03-16T11:27:04.765+0500] {logging_mixin.py:188} INFO - [2024-03-16T11:27:04.765+0500] {dag.py:3047} INFO - Sync 1 DAGs
[2024-03-16T11:27:04.786+0500] {logging_mixin.py:188} INFO - [2024-03-16T11:27:04.785+0500] {dag.py:3834} INFO - Setting next_dagrun for example_branch_dop_operator_v3 to 2024-03-16 06:26:00+00:00, run_after=2024-03-16 06:27:00+00:00
[2024-03-16T11:27:04.894+0500] {processor.py:183} INFO - Processing /home/muhammadsami/Public/Projects/Airflow/DataPipelineswithApacheAirflow/.env/lib/python3.8/site-packages/airflow/example_dags/example_branch_python_dop_operator_3.py took 0.167 seconds
[2024-03-16T11:27:53.344+0500] {processor.py:161} INFO - Started process (PID=18807) to work on /home/muhammadsami/Public/Projects/Airflow/DataPipelineswithApacheAirflow/.env/lib/python3.8/site-packages/airflow/example_dags/example_branch_python_dop_operator_3.py
[2024-03-16T11:27:53.345+0500] {processor.py:830} INFO - Processing file /home/muhammadsami/Public/Projects/Airflow/DataPipelineswithApacheAirflow/.env/lib/python3.8/site-packages/airflow/example_dags/example_branch_python_dop_operator_3.py for tasks to queue
[2024-03-16T11:27:53.346+0500] {logging_mixin.py:188} INFO - [2024-03-16T11:27:53.346+0500] {dagbag.py:540} INFO - Filling up the DagBag from /home/muhammadsami/Public/Projects/Airflow/DataPipelineswithApacheAirflow/.env/lib/python3.8/site-packages/airflow/example_dags/example_branch_python_dop_operator_3.py
[2024-03-16T11:27:53.354+0500] {processor.py:840} INFO - DAG(s) 'example_branch_dop_operator_v3' retrieved from /home/muhammadsami/Public/Projects/Airflow/DataPipelineswithApacheAirflow/.env/lib/python3.8/site-packages/airflow/example_dags/example_branch_python_dop_operator_3.py
[2024-03-16T11:27:53.367+0500] {logging_mixin.py:188} INFO - [2024-03-16T11:27:53.367+0500] {dag.py:3047} INFO - Sync 1 DAGs
[2024-03-16T11:27:53.387+0500] {logging_mixin.py:188} INFO - [2024-03-16T11:27:53.387+0500] {dag.py:3834} INFO - Setting next_dagrun for example_branch_dop_operator_v3 to 2024-03-16 06:26:00+00:00, run_after=2024-03-16 06:27:00+00:00
[2024-03-16T11:27:53.498+0500] {processor.py:183} INFO - Processing /home/muhammadsami/Public/Projects/Airflow/DataPipelineswithApacheAirflow/.env/lib/python3.8/site-packages/airflow/example_dags/example_branch_python_dop_operator_3.py took 0.157 seconds
[2024-03-16T11:28:42.286+0500] {processor.py:161} INFO - Started process (PID=18853) to work on /home/muhammadsami/Public/Projects/Airflow/DataPipelineswithApacheAirflow/.env/lib/python3.8/site-packages/airflow/example_dags/example_branch_python_dop_operator_3.py
[2024-03-16T11:28:42.288+0500] {processor.py:830} INFO - Processing file /home/muhammadsami/Public/Projects/Airflow/DataPipelineswithApacheAirflow/.env/lib/python3.8/site-packages/airflow/example_dags/example_branch_python_dop_operator_3.py for tasks to queue
[2024-03-16T11:28:42.289+0500] {logging_mixin.py:188} INFO - [2024-03-16T11:28:42.288+0500] {dagbag.py:540} INFO - Filling up the DagBag from /home/muhammadsami/Public/Projects/Airflow/DataPipelineswithApacheAirflow/.env/lib/python3.8/site-packages/airflow/example_dags/example_branch_python_dop_operator_3.py
[2024-03-16T11:28:42.297+0500] {processor.py:840} INFO - DAG(s) 'example_branch_dop_operator_v3' retrieved from /home/muhammadsami/Public/Projects/Airflow/DataPipelineswithApacheAirflow/.env/lib/python3.8/site-packages/airflow/example_dags/example_branch_python_dop_operator_3.py
[2024-03-16T11:28:42.311+0500] {logging_mixin.py:188} INFO - [2024-03-16T11:28:42.310+0500] {dag.py:3047} INFO - Sync 1 DAGs
[2024-03-16T11:28:42.333+0500] {logging_mixin.py:188} INFO - [2024-03-16T11:28:42.333+0500] {dag.py:3834} INFO - Setting next_dagrun for example_branch_dop_operator_v3 to 2024-03-16 06:27:00+00:00, run_after=2024-03-16 06:28:00+00:00
[2024-03-16T11:28:42.438+0500] {processor.py:183} INFO - Processing /home/muhammadsami/Public/Projects/Airflow/DataPipelineswithApacheAirflow/.env/lib/python3.8/site-packages/airflow/example_dags/example_branch_python_dop_operator_3.py took 0.154 seconds
[2024-03-16T11:29:33.159+0500] {processor.py:161} INFO - Started process (PID=18926) to work on /home/muhammadsami/Public/Projects/Airflow/DataPipelineswithApacheAirflow/.env/lib/python3.8/site-packages/airflow/example_dags/example_branch_python_dop_operator_3.py
[2024-03-16T11:29:33.160+0500] {processor.py:830} INFO - Processing file /home/muhammadsami/Public/Projects/Airflow/DataPipelineswithApacheAirflow/.env/lib/python3.8/site-packages/airflow/example_dags/example_branch_python_dop_operator_3.py for tasks to queue
[2024-03-16T11:29:33.161+0500] {logging_mixin.py:188} INFO - [2024-03-16T11:29:33.161+0500] {dagbag.py:540} INFO - Filling up the DagBag from /home/muhammadsami/Public/Projects/Airflow/DataPipelineswithApacheAirflow/.env/lib/python3.8/site-packages/airflow/example_dags/example_branch_python_dop_operator_3.py
[2024-03-16T11:29:33.173+0500] {processor.py:840} INFO - DAG(s) 'example_branch_dop_operator_v3' retrieved from /home/muhammadsami/Public/Projects/Airflow/DataPipelineswithApacheAirflow/.env/lib/python3.8/site-packages/airflow/example_dags/example_branch_python_dop_operator_3.py
[2024-03-16T11:29:33.200+0500] {logging_mixin.py:188} INFO - [2024-03-16T11:29:33.199+0500] {dag.py:3047} INFO - Sync 1 DAGs
[2024-03-16T11:29:33.231+0500] {logging_mixin.py:188} INFO - [2024-03-16T11:29:33.230+0500] {dag.py:3834} INFO - Setting next_dagrun for example_branch_dop_operator_v3 to 2024-03-16 06:28:00+00:00, run_after=2024-03-16 06:29:00+00:00
[2024-03-16T11:29:33.377+0500] {processor.py:183} INFO - Processing /home/muhammadsami/Public/Projects/Airflow/DataPipelineswithApacheAirflow/.env/lib/python3.8/site-packages/airflow/example_dags/example_branch_python_dop_operator_3.py took 0.221 seconds
[2024-03-16T11:30:24.384+0500] {processor.py:161} INFO - Started process (PID=18989) to work on /home/muhammadsami/Public/Projects/Airflow/DataPipelineswithApacheAirflow/.env/lib/python3.8/site-packages/airflow/example_dags/example_branch_python_dop_operator_3.py
[2024-03-16T11:30:24.398+0500] {processor.py:830} INFO - Processing file /home/muhammadsami/Public/Projects/Airflow/DataPipelineswithApacheAirflow/.env/lib/python3.8/site-packages/airflow/example_dags/example_branch_python_dop_operator_3.py for tasks to queue
[2024-03-16T11:30:24.399+0500] {logging_mixin.py:188} INFO - [2024-03-16T11:30:24.398+0500] {dagbag.py:540} INFO - Filling up the DagBag from /home/muhammadsami/Public/Projects/Airflow/DataPipelineswithApacheAirflow/.env/lib/python3.8/site-packages/airflow/example_dags/example_branch_python_dop_operator_3.py
[2024-03-16T11:30:24.406+0500] {processor.py:840} INFO - DAG(s) 'example_branch_dop_operator_v3' retrieved from /home/muhammadsami/Public/Projects/Airflow/DataPipelineswithApacheAirflow/.env/lib/python3.8/site-packages/airflow/example_dags/example_branch_python_dop_operator_3.py
[2024-03-16T11:30:24.419+0500] {logging_mixin.py:188} INFO - [2024-03-16T11:30:24.418+0500] {dag.py:3047} INFO - Sync 1 DAGs
[2024-03-16T11:30:24.440+0500] {logging_mixin.py:188} INFO - [2024-03-16T11:30:24.440+0500] {dag.py:3834} INFO - Setting next_dagrun for example_branch_dop_operator_v3 to 2024-03-16 06:29:00+00:00, run_after=2024-03-16 06:30:00+00:00
[2024-03-16T11:30:24.552+0500] {processor.py:183} INFO - Processing /home/muhammadsami/Public/Projects/Airflow/DataPipelineswithApacheAirflow/.env/lib/python3.8/site-packages/airflow/example_dags/example_branch_python_dop_operator_3.py took 0.170 seconds
[2024-03-16T11:39:05.340+0500] {processor.py:161} INFO - Started process (PID=19628) to work on /home/muhammadsami/Public/Projects/Airflow/DataPipelineswithApacheAirflow/.env/lib/python3.8/site-packages/airflow/example_dags/example_branch_python_dop_operator_3.py
[2024-03-16T11:39:05.351+0500] {processor.py:830} INFO - Processing file /home/muhammadsami/Public/Projects/Airflow/DataPipelineswithApacheAirflow/.env/lib/python3.8/site-packages/airflow/example_dags/example_branch_python_dop_operator_3.py for tasks to queue
[2024-03-16T11:39:05.351+0500] {logging_mixin.py:188} INFO - [2024-03-16T11:39:05.351+0500] {dagbag.py:540} INFO - Filling up the DagBag from /home/muhammadsami/Public/Projects/Airflow/DataPipelineswithApacheAirflow/.env/lib/python3.8/site-packages/airflow/example_dags/example_branch_python_dop_operator_3.py
[2024-03-16T11:39:05.359+0500] {processor.py:840} INFO - DAG(s) 'example_branch_dop_operator_v3' retrieved from /home/muhammadsami/Public/Projects/Airflow/DataPipelineswithApacheAirflow/.env/lib/python3.8/site-packages/airflow/example_dags/example_branch_python_dop_operator_3.py
[2024-03-16T11:39:05.376+0500] {logging_mixin.py:188} INFO - [2024-03-16T11:39:05.375+0500] {dag.py:3047} INFO - Sync 1 DAGs
[2024-03-16T11:39:05.398+0500] {logging_mixin.py:188} INFO - [2024-03-16T11:39:05.397+0500] {dag.py:3834} INFO - Setting next_dagrun for example_branch_dop_operator_v3 to 2024-03-16 06:38:00+00:00, run_after=2024-03-16 06:39:00+00:00
[2024-03-16T11:39:05.498+0500] {processor.py:183} INFO - Processing /home/muhammadsami/Public/Projects/Airflow/DataPipelineswithApacheAirflow/.env/lib/python3.8/site-packages/airflow/example_dags/example_branch_python_dop_operator_3.py took 0.160 seconds
[2024-03-16T11:40:11.932+0500] {processor.py:161} INFO - Started process (PID=19941) to work on /home/muhammadsami/Public/Projects/Airflow/DataPipelineswithApacheAirflow/.env/lib/python3.8/site-packages/airflow/example_dags/example_branch_python_dop_operator_3.py
[2024-03-16T11:40:11.933+0500] {processor.py:830} INFO - Processing file /home/muhammadsami/Public/Projects/Airflow/DataPipelineswithApacheAirflow/.env/lib/python3.8/site-packages/airflow/example_dags/example_branch_python_dop_operator_3.py for tasks to queue
[2024-03-16T11:40:11.934+0500] {logging_mixin.py:188} INFO - [2024-03-16T11:40:11.934+0500] {dagbag.py:540} INFO - Filling up the DagBag from /home/muhammadsami/Public/Projects/Airflow/DataPipelineswithApacheAirflow/.env/lib/python3.8/site-packages/airflow/example_dags/example_branch_python_dop_operator_3.py
[2024-03-16T11:40:11.943+0500] {processor.py:840} INFO - DAG(s) 'example_branch_dop_operator_v3' retrieved from /home/muhammadsami/Public/Projects/Airflow/DataPipelineswithApacheAirflow/.env/lib/python3.8/site-packages/airflow/example_dags/example_branch_python_dop_operator_3.py
[2024-03-16T11:40:11.959+0500] {logging_mixin.py:188} INFO - [2024-03-16T11:40:11.959+0500] {dag.py:3047} INFO - Sync 1 DAGs
[2024-03-16T11:40:11.984+0500] {logging_mixin.py:188} INFO - [2024-03-16T11:40:11.984+0500] {dag.py:3834} INFO - Setting next_dagrun for example_branch_dop_operator_v3 to 2024-03-16 06:39:00+00:00, run_after=2024-03-16 06:40:00+00:00
[2024-03-16T11:40:12.182+0500] {processor.py:183} INFO - Processing /home/muhammadsami/Public/Projects/Airflow/DataPipelineswithApacheAirflow/.env/lib/python3.8/site-packages/airflow/example_dags/example_branch_python_dop_operator_3.py took 0.252 seconds
[2024-03-16T11:41:31.044+0500] {processor.py:161} INFO - Started process (PID=20191) to work on /home/muhammadsami/Public/Projects/Airflow/DataPipelineswithApacheAirflow/.env/lib/python3.8/site-packages/airflow/example_dags/example_branch_python_dop_operator_3.py
[2024-03-16T11:41:31.046+0500] {processor.py:830} INFO - Processing file /home/muhammadsami/Public/Projects/Airflow/DataPipelineswithApacheAirflow/.env/lib/python3.8/site-packages/airflow/example_dags/example_branch_python_dop_operator_3.py for tasks to queue
[2024-03-16T11:41:31.046+0500] {logging_mixin.py:188} INFO - [2024-03-16T11:41:31.046+0500] {dagbag.py:540} INFO - Filling up the DagBag from /home/muhammadsami/Public/Projects/Airflow/DataPipelineswithApacheAirflow/.env/lib/python3.8/site-packages/airflow/example_dags/example_branch_python_dop_operator_3.py
[2024-03-16T11:41:31.055+0500] {processor.py:840} INFO - DAG(s) 'example_branch_dop_operator_v3' retrieved from /home/muhammadsami/Public/Projects/Airflow/DataPipelineswithApacheAirflow/.env/lib/python3.8/site-packages/airflow/example_dags/example_branch_python_dop_operator_3.py
[2024-03-16T11:41:31.068+0500] {logging_mixin.py:188} INFO - [2024-03-16T11:41:31.068+0500] {dag.py:3047} INFO - Sync 1 DAGs
[2024-03-16T11:41:31.090+0500] {logging_mixin.py:188} INFO - [2024-03-16T11:41:31.090+0500] {dag.py:3834} INFO - Setting next_dagrun for example_branch_dop_operator_v3 to 2024-03-16 06:40:00+00:00, run_after=2024-03-16 06:41:00+00:00
[2024-03-16T11:41:31.186+0500] {processor.py:183} INFO - Processing /home/muhammadsami/Public/Projects/Airflow/DataPipelineswithApacheAirflow/.env/lib/python3.8/site-packages/airflow/example_dags/example_branch_python_dop_operator_3.py took 0.145 seconds
[2024-03-16T11:42:25.713+0500] {processor.py:161} INFO - Started process (PID=20254) to work on /home/muhammadsami/Public/Projects/Airflow/DataPipelineswithApacheAirflow/.env/lib/python3.8/site-packages/airflow/example_dags/example_branch_python_dop_operator_3.py
[2024-03-16T11:42:25.783+0500] {processor.py:830} INFO - Processing file /home/muhammadsami/Public/Projects/Airflow/DataPipelineswithApacheAirflow/.env/lib/python3.8/site-packages/airflow/example_dags/example_branch_python_dop_operator_3.py for tasks to queue
[2024-03-16T11:42:25.784+0500] {logging_mixin.py:188} INFO - [2024-03-16T11:42:25.784+0500] {dagbag.py:540} INFO - Filling up the DagBag from /home/muhammadsami/Public/Projects/Airflow/DataPipelineswithApacheAirflow/.env/lib/python3.8/site-packages/airflow/example_dags/example_branch_python_dop_operator_3.py
[2024-03-16T11:42:25.791+0500] {processor.py:840} INFO - DAG(s) 'example_branch_dop_operator_v3' retrieved from /home/muhammadsami/Public/Projects/Airflow/DataPipelineswithApacheAirflow/.env/lib/python3.8/site-packages/airflow/example_dags/example_branch_python_dop_operator_3.py
[2024-03-16T11:42:25.805+0500] {logging_mixin.py:188} INFO - [2024-03-16T11:42:25.805+0500] {dag.py:3047} INFO - Sync 1 DAGs
[2024-03-16T11:42:25.826+0500] {logging_mixin.py:188} INFO - [2024-03-16T11:42:25.826+0500] {dag.py:3834} INFO - Setting next_dagrun for example_branch_dop_operator_v3 to 2024-03-16 06:41:00+00:00, run_after=2024-03-16 06:42:00+00:00
[2024-03-16T11:42:25.939+0500] {processor.py:183} INFO - Processing /home/muhammadsami/Public/Projects/Airflow/DataPipelineswithApacheAirflow/.env/lib/python3.8/site-packages/airflow/example_dags/example_branch_python_dop_operator_3.py took 0.227 seconds
[2024-03-16T11:43:19.115+0500] {processor.py:161} INFO - Started process (PID=20312) to work on /home/muhammadsami/Public/Projects/Airflow/DataPipelineswithApacheAirflow/.env/lib/python3.8/site-packages/airflow/example_dags/example_branch_python_dop_operator_3.py
[2024-03-16T11:43:19.118+0500] {processor.py:830} INFO - Processing file /home/muhammadsami/Public/Projects/Airflow/DataPipelineswithApacheAirflow/.env/lib/python3.8/site-packages/airflow/example_dags/example_branch_python_dop_operator_3.py for tasks to queue
[2024-03-16T11:43:19.119+0500] {logging_mixin.py:188} INFO - [2024-03-16T11:43:19.119+0500] {dagbag.py:540} INFO - Filling up the DagBag from /home/muhammadsami/Public/Projects/Airflow/DataPipelineswithApacheAirflow/.env/lib/python3.8/site-packages/airflow/example_dags/example_branch_python_dop_operator_3.py
[2024-03-16T11:43:19.128+0500] {processor.py:840} INFO - DAG(s) 'example_branch_dop_operator_v3' retrieved from /home/muhammadsami/Public/Projects/Airflow/DataPipelineswithApacheAirflow/.env/lib/python3.8/site-packages/airflow/example_dags/example_branch_python_dop_operator_3.py
[2024-03-16T11:43:19.141+0500] {logging_mixin.py:188} INFO - [2024-03-16T11:43:19.141+0500] {dag.py:3047} INFO - Sync 1 DAGs
[2024-03-16T11:43:19.163+0500] {logging_mixin.py:188} INFO - [2024-03-16T11:43:19.162+0500] {dag.py:3834} INFO - Setting next_dagrun for example_branch_dop_operator_v3 to 2024-03-16 06:42:00+00:00, run_after=2024-03-16 06:43:00+00:00
[2024-03-16T11:43:19.265+0500] {processor.py:183} INFO - Processing /home/muhammadsami/Public/Projects/Airflow/DataPipelineswithApacheAirflow/.env/lib/python3.8/site-packages/airflow/example_dags/example_branch_python_dop_operator_3.py took 0.152 seconds
[2024-03-16T11:44:11.633+0500] {processor.py:161} INFO - Started process (PID=20389) to work on /home/muhammadsami/Public/Projects/Airflow/DataPipelineswithApacheAirflow/.env/lib/python3.8/site-packages/airflow/example_dags/example_branch_python_dop_operator_3.py
[2024-03-16T11:44:11.640+0500] {processor.py:830} INFO - Processing file /home/muhammadsami/Public/Projects/Airflow/DataPipelineswithApacheAirflow/.env/lib/python3.8/site-packages/airflow/example_dags/example_branch_python_dop_operator_3.py for tasks to queue
[2024-03-16T11:44:11.641+0500] {logging_mixin.py:188} INFO - [2024-03-16T11:44:11.641+0500] {dagbag.py:540} INFO - Filling up the DagBag from /home/muhammadsami/Public/Projects/Airflow/DataPipelineswithApacheAirflow/.env/lib/python3.8/site-packages/airflow/example_dags/example_branch_python_dop_operator_3.py
[2024-03-16T11:44:11.648+0500] {processor.py:840} INFO - DAG(s) 'example_branch_dop_operator_v3' retrieved from /home/muhammadsami/Public/Projects/Airflow/DataPipelineswithApacheAirflow/.env/lib/python3.8/site-packages/airflow/example_dags/example_branch_python_dop_operator_3.py
[2024-03-16T11:44:11.661+0500] {logging_mixin.py:188} INFO - [2024-03-16T11:44:11.661+0500] {dag.py:3047} INFO - Sync 1 DAGs
[2024-03-16T11:44:11.682+0500] {logging_mixin.py:188} INFO - [2024-03-16T11:44:11.681+0500] {dag.py:3834} INFO - Setting next_dagrun for example_branch_dop_operator_v3 to 2024-03-16 06:43:00+00:00, run_after=2024-03-16 06:44:00+00:00
[2024-03-16T11:44:11.783+0500] {processor.py:183} INFO - Processing /home/muhammadsami/Public/Projects/Airflow/DataPipelineswithApacheAirflow/.env/lib/python3.8/site-packages/airflow/example_dags/example_branch_python_dop_operator_3.py took 0.152 seconds
[2024-03-16T11:45:14.364+0500] {processor.py:161} INFO - Started process (PID=20797) to work on /home/muhammadsami/Public/Projects/Airflow/DataPipelineswithApacheAirflow/.env/lib/python3.8/site-packages/airflow/example_dags/example_branch_python_dop_operator_3.py
[2024-03-16T11:45:14.381+0500] {processor.py:830} INFO - Processing file /home/muhammadsami/Public/Projects/Airflow/DataPipelineswithApacheAirflow/.env/lib/python3.8/site-packages/airflow/example_dags/example_branch_python_dop_operator_3.py for tasks to queue
[2024-03-16T11:45:14.382+0500] {logging_mixin.py:188} INFO - [2024-03-16T11:45:14.382+0500] {dagbag.py:540} INFO - Filling up the DagBag from /home/muhammadsami/Public/Projects/Airflow/DataPipelineswithApacheAirflow/.env/lib/python3.8/site-packages/airflow/example_dags/example_branch_python_dop_operator_3.py
[2024-03-16T11:45:14.390+0500] {processor.py:840} INFO - DAG(s) 'example_branch_dop_operator_v3' retrieved from /home/muhammadsami/Public/Projects/Airflow/DataPipelineswithApacheAirflow/.env/lib/python3.8/site-packages/airflow/example_dags/example_branch_python_dop_operator_3.py
[2024-03-16T11:45:14.403+0500] {logging_mixin.py:188} INFO - [2024-03-16T11:45:14.403+0500] {dag.py:3047} INFO - Sync 1 DAGs
[2024-03-16T11:45:14.426+0500] {logging_mixin.py:188} INFO - [2024-03-16T11:45:14.426+0500] {dag.py:3834} INFO - Setting next_dagrun for example_branch_dop_operator_v3 to 2024-03-16 06:44:00+00:00, run_after=2024-03-16 06:45:00+00:00
[2024-03-16T11:45:14.599+0500] {processor.py:183} INFO - Processing /home/muhammadsami/Public/Projects/Airflow/DataPipelineswithApacheAirflow/.env/lib/python3.8/site-packages/airflow/example_dags/example_branch_python_dop_operator_3.py took 0.237 seconds
[2024-03-16T11:46:17.299+0500] {processor.py:161} INFO - Started process (PID=20866) to work on /home/muhammadsami/Public/Projects/Airflow/DataPipelineswithApacheAirflow/.env/lib/python3.8/site-packages/airflow/example_dags/example_branch_python_dop_operator_3.py
[2024-03-16T11:46:17.303+0500] {processor.py:830} INFO - Processing file /home/muhammadsami/Public/Projects/Airflow/DataPipelineswithApacheAirflow/.env/lib/python3.8/site-packages/airflow/example_dags/example_branch_python_dop_operator_3.py for tasks to queue
[2024-03-16T11:46:17.304+0500] {logging_mixin.py:188} INFO - [2024-03-16T11:46:17.304+0500] {dagbag.py:540} INFO - Filling up the DagBag from /home/muhammadsami/Public/Projects/Airflow/DataPipelineswithApacheAirflow/.env/lib/python3.8/site-packages/airflow/example_dags/example_branch_python_dop_operator_3.py
[2024-03-16T11:46:17.311+0500] {processor.py:840} INFO - DAG(s) 'example_branch_dop_operator_v3' retrieved from /home/muhammadsami/Public/Projects/Airflow/DataPipelineswithApacheAirflow/.env/lib/python3.8/site-packages/airflow/example_dags/example_branch_python_dop_operator_3.py
[2024-03-16T11:46:17.324+0500] {logging_mixin.py:188} INFO - [2024-03-16T11:46:17.324+0500] {dag.py:3047} INFO - Sync 1 DAGs
[2024-03-16T11:46:17.344+0500] {logging_mixin.py:188} INFO - [2024-03-16T11:46:17.344+0500] {dag.py:3834} INFO - Setting next_dagrun for example_branch_dop_operator_v3 to 2024-03-16 06:45:00+00:00, run_after=2024-03-16 06:46:00+00:00
[2024-03-16T11:46:17.446+0500] {processor.py:183} INFO - Processing /home/muhammadsami/Public/Projects/Airflow/DataPipelineswithApacheAirflow/.env/lib/python3.8/site-packages/airflow/example_dags/example_branch_python_dop_operator_3.py took 0.149 seconds
[2024-03-16T11:47:08.451+0500] {processor.py:161} INFO - Started process (PID=20945) to work on /home/muhammadsami/Public/Projects/Airflow/DataPipelineswithApacheAirflow/.env/lib/python3.8/site-packages/airflow/example_dags/example_branch_python_dop_operator_3.py
[2024-03-16T11:47:08.460+0500] {processor.py:830} INFO - Processing file /home/muhammadsami/Public/Projects/Airflow/DataPipelineswithApacheAirflow/.env/lib/python3.8/site-packages/airflow/example_dags/example_branch_python_dop_operator_3.py for tasks to queue
[2024-03-16T11:47:08.461+0500] {logging_mixin.py:188} INFO - [2024-03-16T11:47:08.461+0500] {dagbag.py:540} INFO - Filling up the DagBag from /home/muhammadsami/Public/Projects/Airflow/DataPipelineswithApacheAirflow/.env/lib/python3.8/site-packages/airflow/example_dags/example_branch_python_dop_operator_3.py
[2024-03-16T11:47:08.469+0500] {processor.py:840} INFO - DAG(s) 'example_branch_dop_operator_v3' retrieved from /home/muhammadsami/Public/Projects/Airflow/DataPipelineswithApacheAirflow/.env/lib/python3.8/site-packages/airflow/example_dags/example_branch_python_dop_operator_3.py
[2024-03-16T11:47:08.483+0500] {logging_mixin.py:188} INFO - [2024-03-16T11:47:08.483+0500] {dag.py:3047} INFO - Sync 1 DAGs
[2024-03-16T11:47:08.503+0500] {logging_mixin.py:188} INFO - [2024-03-16T11:47:08.503+0500] {dag.py:3834} INFO - Setting next_dagrun for example_branch_dop_operator_v3 to 2024-03-16 06:46:00+00:00, run_after=2024-03-16 06:47:00+00:00
[2024-03-16T11:47:08.602+0500] {processor.py:183} INFO - Processing /home/muhammadsami/Public/Projects/Airflow/DataPipelineswithApacheAirflow/.env/lib/python3.8/site-packages/airflow/example_dags/example_branch_python_dop_operator_3.py took 0.155 seconds
[2024-03-16T11:47:59.256+0500] {processor.py:161} INFO - Started process (PID=20997) to work on /home/muhammadsami/Public/Projects/Airflow/DataPipelineswithApacheAirflow/.env/lib/python3.8/site-packages/airflow/example_dags/example_branch_python_dop_operator_3.py
[2024-03-16T11:47:59.257+0500] {processor.py:830} INFO - Processing file /home/muhammadsami/Public/Projects/Airflow/DataPipelineswithApacheAirflow/.env/lib/python3.8/site-packages/airflow/example_dags/example_branch_python_dop_operator_3.py for tasks to queue
[2024-03-16T11:47:59.258+0500] {logging_mixin.py:188} INFO - [2024-03-16T11:47:59.258+0500] {dagbag.py:540} INFO - Filling up the DagBag from /home/muhammadsami/Public/Projects/Airflow/DataPipelineswithApacheAirflow/.env/lib/python3.8/site-packages/airflow/example_dags/example_branch_python_dop_operator_3.py
[2024-03-16T11:47:59.269+0500] {processor.py:840} INFO - DAG(s) 'example_branch_dop_operator_v3' retrieved from /home/muhammadsami/Public/Projects/Airflow/DataPipelineswithApacheAirflow/.env/lib/python3.8/site-packages/airflow/example_dags/example_branch_python_dop_operator_3.py
[2024-03-16T11:47:59.283+0500] {logging_mixin.py:188} INFO - [2024-03-16T11:47:59.283+0500] {dag.py:3047} INFO - Sync 1 DAGs
[2024-03-16T11:47:59.303+0500] {logging_mixin.py:188} INFO - [2024-03-16T11:47:59.303+0500] {dag.py:3834} INFO - Setting next_dagrun for example_branch_dop_operator_v3 to 2024-03-16 06:46:00+00:00, run_after=2024-03-16 06:47:00+00:00
[2024-03-16T11:47:59.394+0500] {processor.py:183} INFO - Processing /home/muhammadsami/Public/Projects/Airflow/DataPipelineswithApacheAirflow/.env/lib/python3.8/site-packages/airflow/example_dags/example_branch_python_dop_operator_3.py took 0.141 seconds
[2024-03-16T11:48:46.772+0500] {processor.py:161} INFO - Started process (PID=21072) to work on /home/muhammadsami/Public/Projects/Airflow/DataPipelineswithApacheAirflow/.env/lib/python3.8/site-packages/airflow/example_dags/example_branch_python_dop_operator_3.py
[2024-03-16T11:48:46.773+0500] {processor.py:830} INFO - Processing file /home/muhammadsami/Public/Projects/Airflow/DataPipelineswithApacheAirflow/.env/lib/python3.8/site-packages/airflow/example_dags/example_branch_python_dop_operator_3.py for tasks to queue
[2024-03-16T11:48:46.774+0500] {logging_mixin.py:188} INFO - [2024-03-16T11:48:46.774+0500] {dagbag.py:540} INFO - Filling up the DagBag from /home/muhammadsami/Public/Projects/Airflow/DataPipelineswithApacheAirflow/.env/lib/python3.8/site-packages/airflow/example_dags/example_branch_python_dop_operator_3.py
[2024-03-16T11:48:46.783+0500] {processor.py:840} INFO - DAG(s) 'example_branch_dop_operator_v3' retrieved from /home/muhammadsami/Public/Projects/Airflow/DataPipelineswithApacheAirflow/.env/lib/python3.8/site-packages/airflow/example_dags/example_branch_python_dop_operator_3.py
[2024-03-16T11:48:46.796+0500] {logging_mixin.py:188} INFO - [2024-03-16T11:48:46.796+0500] {dag.py:3047} INFO - Sync 1 DAGs
[2024-03-16T11:48:46.817+0500] {logging_mixin.py:188} INFO - [2024-03-16T11:48:46.817+0500] {dag.py:3834} INFO - Setting next_dagrun for example_branch_dop_operator_v3 to 2024-03-16 06:47:00+00:00, run_after=2024-03-16 06:48:00+00:00
[2024-03-16T11:48:46.913+0500] {processor.py:183} INFO - Processing /home/muhammadsami/Public/Projects/Airflow/DataPipelineswithApacheAirflow/.env/lib/python3.8/site-packages/airflow/example_dags/example_branch_python_dop_operator_3.py took 0.143 seconds
[2024-03-16T11:49:35.046+0500] {processor.py:161} INFO - Started process (PID=21117) to work on /home/muhammadsami/Public/Projects/Airflow/DataPipelineswithApacheAirflow/.env/lib/python3.8/site-packages/airflow/example_dags/example_branch_python_dop_operator_3.py
[2024-03-16T11:49:35.048+0500] {processor.py:830} INFO - Processing file /home/muhammadsami/Public/Projects/Airflow/DataPipelineswithApacheAirflow/.env/lib/python3.8/site-packages/airflow/example_dags/example_branch_python_dop_operator_3.py for tasks to queue
[2024-03-16T11:49:35.049+0500] {logging_mixin.py:188} INFO - [2024-03-16T11:49:35.048+0500] {dagbag.py:540} INFO - Filling up the DagBag from /home/muhammadsami/Public/Projects/Airflow/DataPipelineswithApacheAirflow/.env/lib/python3.8/site-packages/airflow/example_dags/example_branch_python_dop_operator_3.py
[2024-03-16T11:49:35.058+0500] {processor.py:840} INFO - DAG(s) 'example_branch_dop_operator_v3' retrieved from /home/muhammadsami/Public/Projects/Airflow/DataPipelineswithApacheAirflow/.env/lib/python3.8/site-packages/airflow/example_dags/example_branch_python_dop_operator_3.py
[2024-03-16T11:49:35.073+0500] {logging_mixin.py:188} INFO - [2024-03-16T11:49:35.072+0500] {dag.py:3047} INFO - Sync 1 DAGs
[2024-03-16T11:49:35.093+0500] {logging_mixin.py:188} INFO - [2024-03-16T11:49:35.093+0500] {dag.py:3834} INFO - Setting next_dagrun for example_branch_dop_operator_v3 to 2024-03-16 06:48:00+00:00, run_after=2024-03-16 06:49:00+00:00
[2024-03-16T11:49:35.214+0500] {processor.py:183} INFO - Processing /home/muhammadsami/Public/Projects/Airflow/DataPipelineswithApacheAirflow/.env/lib/python3.8/site-packages/airflow/example_dags/example_branch_python_dop_operator_3.py took 0.171 seconds
[2024-03-16T11:50:23.419+0500] {processor.py:161} INFO - Started process (PID=21164) to work on /home/muhammadsami/Public/Projects/Airflow/DataPipelineswithApacheAirflow/.env/lib/python3.8/site-packages/airflow/example_dags/example_branch_python_dop_operator_3.py
[2024-03-16T11:50:23.420+0500] {processor.py:830} INFO - Processing file /home/muhammadsami/Public/Projects/Airflow/DataPipelineswithApacheAirflow/.env/lib/python3.8/site-packages/airflow/example_dags/example_branch_python_dop_operator_3.py for tasks to queue
[2024-03-16T11:50:23.422+0500] {logging_mixin.py:188} INFO - [2024-03-16T11:50:23.421+0500] {dagbag.py:540} INFO - Filling up the DagBag from /home/muhammadsami/Public/Projects/Airflow/DataPipelineswithApacheAirflow/.env/lib/python3.8/site-packages/airflow/example_dags/example_branch_python_dop_operator_3.py
[2024-03-16T11:50:23.432+0500] {processor.py:840} INFO - DAG(s) 'example_branch_dop_operator_v3' retrieved from /home/muhammadsami/Public/Projects/Airflow/DataPipelineswithApacheAirflow/.env/lib/python3.8/site-packages/airflow/example_dags/example_branch_python_dop_operator_3.py
[2024-03-16T11:50:23.450+0500] {logging_mixin.py:188} INFO - [2024-03-16T11:50:23.450+0500] {dag.py:3047} INFO - Sync 1 DAGs
[2024-03-16T11:50:23.473+0500] {logging_mixin.py:188} INFO - [2024-03-16T11:50:23.472+0500] {dag.py:3834} INFO - Setting next_dagrun for example_branch_dop_operator_v3 to 2024-03-16 06:49:00+00:00, run_after=2024-03-16 06:50:00+00:00
[2024-03-16T11:50:23.613+0500] {processor.py:183} INFO - Processing /home/muhammadsami/Public/Projects/Airflow/DataPipelineswithApacheAirflow/.env/lib/python3.8/site-packages/airflow/example_dags/example_branch_python_dop_operator_3.py took 0.198 seconds
[2024-03-16T11:51:15.467+0500] {processor.py:161} INFO - Started process (PID=21252) to work on /home/muhammadsami/Public/Projects/Airflow/DataPipelineswithApacheAirflow/.env/lib/python3.8/site-packages/airflow/example_dags/example_branch_python_dop_operator_3.py
[2024-03-16T11:51:15.482+0500] {processor.py:830} INFO - Processing file /home/muhammadsami/Public/Projects/Airflow/DataPipelineswithApacheAirflow/.env/lib/python3.8/site-packages/airflow/example_dags/example_branch_python_dop_operator_3.py for tasks to queue
[2024-03-16T11:51:15.482+0500] {logging_mixin.py:188} INFO - [2024-03-16T11:51:15.482+0500] {dagbag.py:540} INFO - Filling up the DagBag from /home/muhammadsami/Public/Projects/Airflow/DataPipelineswithApacheAirflow/.env/lib/python3.8/site-packages/airflow/example_dags/example_branch_python_dop_operator_3.py
[2024-03-16T11:51:15.490+0500] {processor.py:840} INFO - DAG(s) 'example_branch_dop_operator_v3' retrieved from /home/muhammadsami/Public/Projects/Airflow/DataPipelineswithApacheAirflow/.env/lib/python3.8/site-packages/airflow/example_dags/example_branch_python_dop_operator_3.py
[2024-03-16T11:51:15.503+0500] {logging_mixin.py:188} INFO - [2024-03-16T11:51:15.503+0500] {dag.py:3047} INFO - Sync 1 DAGs
[2024-03-16T11:51:15.525+0500] {logging_mixin.py:188} INFO - [2024-03-16T11:51:15.525+0500] {dag.py:3834} INFO - Setting next_dagrun for example_branch_dop_operator_v3 to 2024-03-16 06:50:00+00:00, run_after=2024-03-16 06:51:00+00:00
[2024-03-16T11:51:15.640+0500] {processor.py:183} INFO - Processing /home/muhammadsami/Public/Projects/Airflow/DataPipelineswithApacheAirflow/.env/lib/python3.8/site-packages/airflow/example_dags/example_branch_python_dop_operator_3.py took 0.175 seconds
[2024-03-16T11:52:08.597+0500] {processor.py:161} INFO - Started process (PID=21429) to work on /home/muhammadsami/Public/Projects/Airflow/DataPipelineswithApacheAirflow/.env/lib/python3.8/site-packages/airflow/example_dags/example_branch_python_dop_operator_3.py
[2024-03-16T11:52:08.599+0500] {processor.py:830} INFO - Processing file /home/muhammadsami/Public/Projects/Airflow/DataPipelineswithApacheAirflow/.env/lib/python3.8/site-packages/airflow/example_dags/example_branch_python_dop_operator_3.py for tasks to queue
[2024-03-16T11:52:08.600+0500] {logging_mixin.py:188} INFO - [2024-03-16T11:52:08.599+0500] {dagbag.py:540} INFO - Filling up the DagBag from /home/muhammadsami/Public/Projects/Airflow/DataPipelineswithApacheAirflow/.env/lib/python3.8/site-packages/airflow/example_dags/example_branch_python_dop_operator_3.py
[2024-03-16T11:52:08.609+0500] {processor.py:840} INFO - DAG(s) 'example_branch_dop_operator_v3' retrieved from /home/muhammadsami/Public/Projects/Airflow/DataPipelineswithApacheAirflow/.env/lib/python3.8/site-packages/airflow/example_dags/example_branch_python_dop_operator_3.py
[2024-03-16T11:52:08.623+0500] {logging_mixin.py:188} INFO - [2024-03-16T11:52:08.622+0500] {dag.py:3047} INFO - Sync 1 DAGs
[2024-03-16T11:52:08.643+0500] {logging_mixin.py:188} INFO - [2024-03-16T11:52:08.643+0500] {dag.py:3834} INFO - Setting next_dagrun for example_branch_dop_operator_v3 to 2024-03-16 06:51:00+00:00, run_after=2024-03-16 06:52:00+00:00
[2024-03-16T11:52:08.762+0500] {processor.py:183} INFO - Processing /home/muhammadsami/Public/Projects/Airflow/DataPipelineswithApacheAirflow/.env/lib/python3.8/site-packages/airflow/example_dags/example_branch_python_dop_operator_3.py took 0.167 seconds
[2024-03-16T11:53:00.168+0500] {processor.py:161} INFO - Started process (PID=21513) to work on /home/muhammadsami/Public/Projects/Airflow/DataPipelineswithApacheAirflow/.env/lib/python3.8/site-packages/airflow/example_dags/example_branch_python_dop_operator_3.py
[2024-03-16T11:53:00.226+0500] {processor.py:830} INFO - Processing file /home/muhammadsami/Public/Projects/Airflow/DataPipelineswithApacheAirflow/.env/lib/python3.8/site-packages/airflow/example_dags/example_branch_python_dop_operator_3.py for tasks to queue
[2024-03-16T11:53:00.227+0500] {logging_mixin.py:188} INFO - [2024-03-16T11:53:00.227+0500] {dagbag.py:540} INFO - Filling up the DagBag from /home/muhammadsami/Public/Projects/Airflow/DataPipelineswithApacheAirflow/.env/lib/python3.8/site-packages/airflow/example_dags/example_branch_python_dop_operator_3.py
[2024-03-16T11:53:00.234+0500] {processor.py:840} INFO - DAG(s) 'example_branch_dop_operator_v3' retrieved from /home/muhammadsami/Public/Projects/Airflow/DataPipelineswithApacheAirflow/.env/lib/python3.8/site-packages/airflow/example_dags/example_branch_python_dop_operator_3.py
[2024-03-16T11:53:00.248+0500] {logging_mixin.py:188} INFO - [2024-03-16T11:53:00.247+0500] {dag.py:3047} INFO - Sync 1 DAGs
[2024-03-16T11:53:00.268+0500] {logging_mixin.py:188} INFO - [2024-03-16T11:53:00.268+0500] {dag.py:3834} INFO - Setting next_dagrun for example_branch_dop_operator_v3 to 2024-03-16 06:52:00+00:00, run_after=2024-03-16 06:53:00+00:00
[2024-03-16T11:53:00.374+0500] {processor.py:183} INFO - Processing /home/muhammadsami/Public/Projects/Airflow/DataPipelineswithApacheAirflow/.env/lib/python3.8/site-packages/airflow/example_dags/example_branch_python_dop_operator_3.py took 0.208 seconds
[2024-03-16T11:53:52.696+0500] {processor.py:161} INFO - Started process (PID=21634) to work on /home/muhammadsami/Public/Projects/Airflow/DataPipelineswithApacheAirflow/.env/lib/python3.8/site-packages/airflow/example_dags/example_branch_python_dop_operator_3.py
[2024-03-16T11:53:52.703+0500] {processor.py:830} INFO - Processing file /home/muhammadsami/Public/Projects/Airflow/DataPipelineswithApacheAirflow/.env/lib/python3.8/site-packages/airflow/example_dags/example_branch_python_dop_operator_3.py for tasks to queue
[2024-03-16T11:53:52.704+0500] {logging_mixin.py:188} INFO - [2024-03-16T11:53:52.704+0500] {dagbag.py:540} INFO - Filling up the DagBag from /home/muhammadsami/Public/Projects/Airflow/DataPipelineswithApacheAirflow/.env/lib/python3.8/site-packages/airflow/example_dags/example_branch_python_dop_operator_3.py
[2024-03-16T11:53:52.712+0500] {processor.py:840} INFO - DAG(s) 'example_branch_dop_operator_v3' retrieved from /home/muhammadsami/Public/Projects/Airflow/DataPipelineswithApacheAirflow/.env/lib/python3.8/site-packages/airflow/example_dags/example_branch_python_dop_operator_3.py
[2024-03-16T11:53:52.726+0500] {logging_mixin.py:188} INFO - [2024-03-16T11:53:52.726+0500] {dag.py:3047} INFO - Sync 1 DAGs
[2024-03-16T11:53:52.749+0500] {logging_mixin.py:188} INFO - [2024-03-16T11:53:52.749+0500] {dag.py:3834} INFO - Setting next_dagrun for example_branch_dop_operator_v3 to 2024-03-16 06:52:00+00:00, run_after=2024-03-16 06:53:00+00:00
[2024-03-16T11:53:52.839+0500] {processor.py:183} INFO - Processing /home/muhammadsami/Public/Projects/Airflow/DataPipelineswithApacheAirflow/.env/lib/python3.8/site-packages/airflow/example_dags/example_branch_python_dop_operator_3.py took 0.146 seconds
[2024-03-16T11:54:43.596+0500] {processor.py:161} INFO - Started process (PID=21723) to work on /home/muhammadsami/Public/Projects/Airflow/DataPipelineswithApacheAirflow/.env/lib/python3.8/site-packages/airflow/example_dags/example_branch_python_dop_operator_3.py
[2024-03-16T11:54:43.598+0500] {processor.py:830} INFO - Processing file /home/muhammadsami/Public/Projects/Airflow/DataPipelineswithApacheAirflow/.env/lib/python3.8/site-packages/airflow/example_dags/example_branch_python_dop_operator_3.py for tasks to queue
[2024-03-16T11:54:43.599+0500] {logging_mixin.py:188} INFO - [2024-03-16T11:54:43.599+0500] {dagbag.py:540} INFO - Filling up the DagBag from /home/muhammadsami/Public/Projects/Airflow/DataPipelineswithApacheAirflow/.env/lib/python3.8/site-packages/airflow/example_dags/example_branch_python_dop_operator_3.py
[2024-03-16T11:54:43.609+0500] {processor.py:840} INFO - DAG(s) 'example_branch_dop_operator_v3' retrieved from /home/muhammadsami/Public/Projects/Airflow/DataPipelineswithApacheAirflow/.env/lib/python3.8/site-packages/airflow/example_dags/example_branch_python_dop_operator_3.py
[2024-03-16T11:54:43.624+0500] {logging_mixin.py:188} INFO - [2024-03-16T11:54:43.624+0500] {dag.py:3047} INFO - Sync 1 DAGs
[2024-03-16T11:54:43.652+0500] {logging_mixin.py:188} INFO - [2024-03-16T11:54:43.652+0500] {dag.py:3834} INFO - Setting next_dagrun for example_branch_dop_operator_v3 to 2024-03-16 06:53:00+00:00, run_after=2024-03-16 06:54:00+00:00
[2024-03-16T11:54:43.774+0500] {processor.py:183} INFO - Processing /home/muhammadsami/Public/Projects/Airflow/DataPipelineswithApacheAirflow/.env/lib/python3.8/site-packages/airflow/example_dags/example_branch_python_dop_operator_3.py took 0.181 seconds
[2024-03-16T11:55:32.538+0500] {processor.py:161} INFO - Started process (PID=21887) to work on /home/muhammadsami/Public/Projects/Airflow/DataPipelineswithApacheAirflow/.env/lib/python3.8/site-packages/airflow/example_dags/example_branch_python_dop_operator_3.py
[2024-03-16T11:55:32.545+0500] {processor.py:830} INFO - Processing file /home/muhammadsami/Public/Projects/Airflow/DataPipelineswithApacheAirflow/.env/lib/python3.8/site-packages/airflow/example_dags/example_branch_python_dop_operator_3.py for tasks to queue
[2024-03-16T11:55:32.546+0500] {logging_mixin.py:188} INFO - [2024-03-16T11:55:32.546+0500] {dagbag.py:540} INFO - Filling up the DagBag from /home/muhammadsami/Public/Projects/Airflow/DataPipelineswithApacheAirflow/.env/lib/python3.8/site-packages/airflow/example_dags/example_branch_python_dop_operator_3.py
[2024-03-16T11:55:32.554+0500] {processor.py:840} INFO - DAG(s) 'example_branch_dop_operator_v3' retrieved from /home/muhammadsami/Public/Projects/Airflow/DataPipelineswithApacheAirflow/.env/lib/python3.8/site-packages/airflow/example_dags/example_branch_python_dop_operator_3.py
[2024-03-16T11:55:32.570+0500] {logging_mixin.py:188} INFO - [2024-03-16T11:55:32.570+0500] {dag.py:3047} INFO - Sync 1 DAGs
[2024-03-16T11:55:32.596+0500] {logging_mixin.py:188} INFO - [2024-03-16T11:55:32.596+0500] {dag.py:3834} INFO - Setting next_dagrun for example_branch_dop_operator_v3 to 2024-03-16 06:54:00+00:00, run_after=2024-03-16 06:55:00+00:00
[2024-03-16T11:55:32.698+0500] {processor.py:183} INFO - Processing /home/muhammadsami/Public/Projects/Airflow/DataPipelineswithApacheAirflow/.env/lib/python3.8/site-packages/airflow/example_dags/example_branch_python_dop_operator_3.py took 0.162 seconds
[2024-03-16T11:56:23.595+0500] {processor.py:161} INFO - Started process (PID=21942) to work on /home/muhammadsami/Public/Projects/Airflow/DataPipelineswithApacheAirflow/.env/lib/python3.8/site-packages/airflow/example_dags/example_branch_python_dop_operator_3.py
[2024-03-16T11:56:23.609+0500] {processor.py:830} INFO - Processing file /home/muhammadsami/Public/Projects/Airflow/DataPipelineswithApacheAirflow/.env/lib/python3.8/site-packages/airflow/example_dags/example_branch_python_dop_operator_3.py for tasks to queue
[2024-03-16T11:56:23.610+0500] {logging_mixin.py:188} INFO - [2024-03-16T11:56:23.610+0500] {dagbag.py:540} INFO - Filling up the DagBag from /home/muhammadsami/Public/Projects/Airflow/DataPipelineswithApacheAirflow/.env/lib/python3.8/site-packages/airflow/example_dags/example_branch_python_dop_operator_3.py
[2024-03-16T11:56:23.619+0500] {processor.py:840} INFO - DAG(s) 'example_branch_dop_operator_v3' retrieved from /home/muhammadsami/Public/Projects/Airflow/DataPipelineswithApacheAirflow/.env/lib/python3.8/site-packages/airflow/example_dags/example_branch_python_dop_operator_3.py
[2024-03-16T11:56:23.639+0500] {logging_mixin.py:188} INFO - [2024-03-16T11:56:23.638+0500] {dag.py:3047} INFO - Sync 1 DAGs
[2024-03-16T11:56:23.670+0500] {logging_mixin.py:188} INFO - [2024-03-16T11:56:23.669+0500] {dag.py:3834} INFO - Setting next_dagrun for example_branch_dop_operator_v3 to 2024-03-16 06:55:00+00:00, run_after=2024-03-16 06:56:00+00:00
[2024-03-16T11:56:23.777+0500] {processor.py:183} INFO - Processing /home/muhammadsami/Public/Projects/Airflow/DataPipelineswithApacheAirflow/.env/lib/python3.8/site-packages/airflow/example_dags/example_branch_python_dop_operator_3.py took 0.185 seconds
[2024-03-16T11:57:15.152+0500] {processor.py:161} INFO - Started process (PID=21996) to work on /home/muhammadsami/Public/Projects/Airflow/DataPipelineswithApacheAirflow/.env/lib/python3.8/site-packages/airflow/example_dags/example_branch_python_dop_operator_3.py
[2024-03-16T11:57:15.153+0500] {processor.py:830} INFO - Processing file /home/muhammadsami/Public/Projects/Airflow/DataPipelineswithApacheAirflow/.env/lib/python3.8/site-packages/airflow/example_dags/example_branch_python_dop_operator_3.py for tasks to queue
[2024-03-16T11:57:15.154+0500] {logging_mixin.py:188} INFO - [2024-03-16T11:57:15.154+0500] {dagbag.py:540} INFO - Filling up the DagBag from /home/muhammadsami/Public/Projects/Airflow/DataPipelineswithApacheAirflow/.env/lib/python3.8/site-packages/airflow/example_dags/example_branch_python_dop_operator_3.py
[2024-03-16T11:57:15.162+0500] {processor.py:840} INFO - DAG(s) 'example_branch_dop_operator_v3' retrieved from /home/muhammadsami/Public/Projects/Airflow/DataPipelineswithApacheAirflow/.env/lib/python3.8/site-packages/airflow/example_dags/example_branch_python_dop_operator_3.py
[2024-03-16T11:57:15.177+0500] {logging_mixin.py:188} INFO - [2024-03-16T11:57:15.176+0500] {dag.py:3047} INFO - Sync 1 DAGs
[2024-03-16T11:57:15.200+0500] {logging_mixin.py:188} INFO - [2024-03-16T11:57:15.200+0500] {dag.py:3834} INFO - Setting next_dagrun for example_branch_dop_operator_v3 to 2024-03-16 06:56:00+00:00, run_after=2024-03-16 06:57:00+00:00
[2024-03-16T11:57:15.310+0500] {processor.py:183} INFO - Processing /home/muhammadsami/Public/Projects/Airflow/DataPipelineswithApacheAirflow/.env/lib/python3.8/site-packages/airflow/example_dags/example_branch_python_dop_operator_3.py took 0.160 seconds
[2024-03-16T11:58:08.995+0500] {processor.py:161} INFO - Started process (PID=22048) to work on /home/muhammadsami/Public/Projects/Airflow/DataPipelineswithApacheAirflow/.env/lib/python3.8/site-packages/airflow/example_dags/example_branch_python_dop_operator_3.py
[2024-03-16T11:58:08.996+0500] {processor.py:830} INFO - Processing file /home/muhammadsami/Public/Projects/Airflow/DataPipelineswithApacheAirflow/.env/lib/python3.8/site-packages/airflow/example_dags/example_branch_python_dop_operator_3.py for tasks to queue
[2024-03-16T11:58:08.997+0500] {logging_mixin.py:188} INFO - [2024-03-16T11:58:08.997+0500] {dagbag.py:540} INFO - Filling up the DagBag from /home/muhammadsami/Public/Projects/Airflow/DataPipelineswithApacheAirflow/.env/lib/python3.8/site-packages/airflow/example_dags/example_branch_python_dop_operator_3.py
[2024-03-16T11:58:09.005+0500] {processor.py:840} INFO - DAG(s) 'example_branch_dop_operator_v3' retrieved from /home/muhammadsami/Public/Projects/Airflow/DataPipelineswithApacheAirflow/.env/lib/python3.8/site-packages/airflow/example_dags/example_branch_python_dop_operator_3.py
[2024-03-16T11:58:09.019+0500] {logging_mixin.py:188} INFO - [2024-03-16T11:58:09.019+0500] {dag.py:3047} INFO - Sync 1 DAGs
[2024-03-16T11:58:09.044+0500] {logging_mixin.py:188} INFO - [2024-03-16T11:58:09.044+0500] {dag.py:3834} INFO - Setting next_dagrun for example_branch_dop_operator_v3 to 2024-03-16 06:57:00+00:00, run_after=2024-03-16 06:58:00+00:00
[2024-03-16T11:58:09.161+0500] {processor.py:183} INFO - Processing /home/muhammadsami/Public/Projects/Airflow/DataPipelineswithApacheAirflow/.env/lib/python3.8/site-packages/airflow/example_dags/example_branch_python_dop_operator_3.py took 0.169 seconds
[2024-03-16T11:58:58.170+0500] {processor.py:161} INFO - Started process (PID=22148) to work on /home/muhammadsami/Public/Projects/Airflow/DataPipelineswithApacheAirflow/.env/lib/python3.8/site-packages/airflow/example_dags/example_branch_python_dop_operator_3.py
[2024-03-16T11:58:58.182+0500] {processor.py:830} INFO - Processing file /home/muhammadsami/Public/Projects/Airflow/DataPipelineswithApacheAirflow/.env/lib/python3.8/site-packages/airflow/example_dags/example_branch_python_dop_operator_3.py for tasks to queue
[2024-03-16T11:58:58.183+0500] {logging_mixin.py:188} INFO - [2024-03-16T11:58:58.182+0500] {dagbag.py:540} INFO - Filling up the DagBag from /home/muhammadsami/Public/Projects/Airflow/DataPipelineswithApacheAirflow/.env/lib/python3.8/site-packages/airflow/example_dags/example_branch_python_dop_operator_3.py
[2024-03-16T11:58:58.189+0500] {processor.py:840} INFO - DAG(s) 'example_branch_dop_operator_v3' retrieved from /home/muhammadsami/Public/Projects/Airflow/DataPipelineswithApacheAirflow/.env/lib/python3.8/site-packages/airflow/example_dags/example_branch_python_dop_operator_3.py
[2024-03-16T11:58:58.203+0500] {logging_mixin.py:188} INFO - [2024-03-16T11:58:58.202+0500] {dag.py:3047} INFO - Sync 1 DAGs
[2024-03-16T11:58:58.223+0500] {logging_mixin.py:188} INFO - [2024-03-16T11:58:58.223+0500] {dag.py:3834} INFO - Setting next_dagrun for example_branch_dop_operator_v3 to 2024-03-16 06:57:00+00:00, run_after=2024-03-16 06:58:00+00:00
[2024-03-16T11:58:58.325+0500] {processor.py:183} INFO - Processing /home/muhammadsami/Public/Projects/Airflow/DataPipelineswithApacheAirflow/.env/lib/python3.8/site-packages/airflow/example_dags/example_branch_python_dop_operator_3.py took 0.158 seconds
[2024-03-16T11:59:48.198+0500] {processor.py:161} INFO - Started process (PID=22293) to work on /home/muhammadsami/Public/Projects/Airflow/DataPipelineswithApacheAirflow/.env/lib/python3.8/site-packages/airflow/example_dags/example_branch_python_dop_operator_3.py
[2024-03-16T11:59:48.222+0500] {processor.py:830} INFO - Processing file /home/muhammadsami/Public/Projects/Airflow/DataPipelineswithApacheAirflow/.env/lib/python3.8/site-packages/airflow/example_dags/example_branch_python_dop_operator_3.py for tasks to queue
[2024-03-16T11:59:48.223+0500] {logging_mixin.py:188} INFO - [2024-03-16T11:59:48.223+0500] {dagbag.py:540} INFO - Filling up the DagBag from /home/muhammadsami/Public/Projects/Airflow/DataPipelineswithApacheAirflow/.env/lib/python3.8/site-packages/airflow/example_dags/example_branch_python_dop_operator_3.py
[2024-03-16T11:59:48.235+0500] {processor.py:840} INFO - DAG(s) 'example_branch_dop_operator_v3' retrieved from /home/muhammadsami/Public/Projects/Airflow/DataPipelineswithApacheAirflow/.env/lib/python3.8/site-packages/airflow/example_dags/example_branch_python_dop_operator_3.py
[2024-03-16T11:59:48.256+0500] {logging_mixin.py:188} INFO - [2024-03-16T11:59:48.255+0500] {dag.py:3047} INFO - Sync 1 DAGs
[2024-03-16T11:59:48.284+0500] {logging_mixin.py:188} INFO - [2024-03-16T11:59:48.284+0500] {dag.py:3834} INFO - Setting next_dagrun for example_branch_dop_operator_v3 to 2024-03-16 06:58:00+00:00, run_after=2024-03-16 06:59:00+00:00
[2024-03-16T11:59:48.400+0500] {processor.py:183} INFO - Processing /home/muhammadsami/Public/Projects/Airflow/DataPipelineswithApacheAirflow/.env/lib/python3.8/site-packages/airflow/example_dags/example_branch_python_dop_operator_3.py took 0.206 seconds
[2024-03-16T12:00:41.543+0500] {processor.py:161} INFO - Started process (PID=22343) to work on /home/muhammadsami/Public/Projects/Airflow/DataPipelineswithApacheAirflow/.env/lib/python3.8/site-packages/airflow/example_dags/example_branch_python_dop_operator_3.py
[2024-03-16T12:00:41.545+0500] {processor.py:830} INFO - Processing file /home/muhammadsami/Public/Projects/Airflow/DataPipelineswithApacheAirflow/.env/lib/python3.8/site-packages/airflow/example_dags/example_branch_python_dop_operator_3.py for tasks to queue
[2024-03-16T12:00:41.546+0500] {logging_mixin.py:188} INFO - [2024-03-16T12:00:41.545+0500] {dagbag.py:540} INFO - Filling up the DagBag from /home/muhammadsami/Public/Projects/Airflow/DataPipelineswithApacheAirflow/.env/lib/python3.8/site-packages/airflow/example_dags/example_branch_python_dop_operator_3.py
[2024-03-16T12:00:41.555+0500] {processor.py:840} INFO - DAG(s) 'example_branch_dop_operator_v3' retrieved from /home/muhammadsami/Public/Projects/Airflow/DataPipelineswithApacheAirflow/.env/lib/python3.8/site-packages/airflow/example_dags/example_branch_python_dop_operator_3.py
[2024-03-16T12:00:41.571+0500] {logging_mixin.py:188} INFO - [2024-03-16T12:00:41.571+0500] {dag.py:3047} INFO - Sync 1 DAGs
[2024-03-16T12:00:41.596+0500] {logging_mixin.py:188} INFO - [2024-03-16T12:00:41.596+0500] {dag.py:3834} INFO - Setting next_dagrun for example_branch_dop_operator_v3 to 2024-03-16 06:59:00+00:00, run_after=2024-03-16 07:00:00+00:00
[2024-03-16T12:00:41.715+0500] {processor.py:183} INFO - Processing /home/muhammadsami/Public/Projects/Airflow/DataPipelineswithApacheAirflow/.env/lib/python3.8/site-packages/airflow/example_dags/example_branch_python_dop_operator_3.py took 0.175 seconds
[2024-03-16T12:01:34.404+0500] {processor.py:161} INFO - Started process (PID=22394) to work on /home/muhammadsami/Public/Projects/Airflow/DataPipelineswithApacheAirflow/.env/lib/python3.8/site-packages/airflow/example_dags/example_branch_python_dop_operator_3.py
[2024-03-16T12:01:34.410+0500] {processor.py:830} INFO - Processing file /home/muhammadsami/Public/Projects/Airflow/DataPipelineswithApacheAirflow/.env/lib/python3.8/site-packages/airflow/example_dags/example_branch_python_dop_operator_3.py for tasks to queue
[2024-03-16T12:01:34.411+0500] {logging_mixin.py:188} INFO - [2024-03-16T12:01:34.410+0500] {dagbag.py:540} INFO - Filling up the DagBag from /home/muhammadsami/Public/Projects/Airflow/DataPipelineswithApacheAirflow/.env/lib/python3.8/site-packages/airflow/example_dags/example_branch_python_dop_operator_3.py
[2024-03-16T12:01:34.418+0500] {processor.py:840} INFO - DAG(s) 'example_branch_dop_operator_v3' retrieved from /home/muhammadsami/Public/Projects/Airflow/DataPipelineswithApacheAirflow/.env/lib/python3.8/site-packages/airflow/example_dags/example_branch_python_dop_operator_3.py
[2024-03-16T12:01:34.431+0500] {logging_mixin.py:188} INFO - [2024-03-16T12:01:34.430+0500] {dag.py:3047} INFO - Sync 1 DAGs
[2024-03-16T12:01:34.451+0500] {logging_mixin.py:188} INFO - [2024-03-16T12:01:34.451+0500] {dag.py:3834} INFO - Setting next_dagrun for example_branch_dop_operator_v3 to 2024-03-16 07:00:00+00:00, run_after=2024-03-16 07:01:00+00:00
[2024-03-16T12:01:34.568+0500] {processor.py:183} INFO - Processing /home/muhammadsami/Public/Projects/Airflow/DataPipelineswithApacheAirflow/.env/lib/python3.8/site-packages/airflow/example_dags/example_branch_python_dop_operator_3.py took 0.166 seconds
