[2024-03-16T11:23:03.593+0500] {processor.py:161} INFO - Started process (PID=18262) to work on /home/muhammadsami/Public/Projects/Airflow/DataPipelineswithApacheAirflow/.env/lib/python3.8/site-packages/airflow/example_dags/example_latest_only_with_trigger.py
[2024-03-16T11:23:03.594+0500] {processor.py:830} INFO - Processing file /home/muhammadsami/Public/Projects/Airflow/DataPipelineswithApacheAirflow/.env/lib/python3.8/site-packages/airflow/example_dags/example_latest_only_with_trigger.py for tasks to queue
[2024-03-16T11:23:03.595+0500] {logging_mixin.py:188} INFO - [2024-03-16T11:23:03.595+0500] {dagbag.py:540} INFO - Filling up the DagBag from /home/muhammadsami/Public/Projects/Airflow/DataPipelineswithApacheAirflow/.env/lib/python3.8/site-packages/airflow/example_dags/example_latest_only_with_trigger.py
[2024-03-16T11:23:03.601+0500] {processor.py:840} INFO - DAG(s) 'latest_only_with_trigger' retrieved from /home/muhammadsami/Public/Projects/Airflow/DataPipelineswithApacheAirflow/.env/lib/python3.8/site-packages/airflow/example_dags/example_latest_only_with_trigger.py
[2024-03-16T11:23:03.926+0500] {logging_mixin.py:188} INFO - [2024-03-16T11:23:03.925+0500] {override.py:1769} INFO - Created Permission View: can edit on DAG:latest_only_with_trigger
[2024-03-16T11:23:04.122+0500] {logging_mixin.py:188} INFO - [2024-03-16T11:23:04.121+0500] {override.py:1769} INFO - Created Permission View: can delete on DAG:latest_only_with_trigger
[2024-03-16T11:23:04.270+0500] {logging_mixin.py:188} INFO - [2024-03-16T11:23:04.270+0500] {override.py:1769} INFO - Created Permission View: can read on DAG:latest_only_with_trigger
[2024-03-16T11:23:04.271+0500] {logging_mixin.py:188} INFO - [2024-03-16T11:23:04.270+0500] {dag.py:3047} INFO - Sync 1 DAGs
[2024-03-16T11:23:04.283+0500] {logging_mixin.py:188} INFO - [2024-03-16T11:23:04.283+0500] {dag.py:3069} INFO - Creating ORM DAG for latest_only_with_trigger
[2024-03-16T11:23:04.291+0500] {logging_mixin.py:188} INFO - [2024-03-16T11:23:04.291+0500] {dag.py:3834} INFO - Setting next_dagrun for latest_only_with_trigger to 2024-03-16 00:00:00+00:00, run_after=2024-03-16 04:00:00+00:00
[2024-03-16T11:23:04.455+0500] {processor.py:183} INFO - Processing /home/muhammadsami/Public/Projects/Airflow/DataPipelineswithApacheAirflow/.env/lib/python3.8/site-packages/airflow/example_dags/example_latest_only_with_trigger.py took 0.865 seconds
[2024-03-16T11:24:15.396+0500] {processor.py:161} INFO - Started process (PID=18468) to work on /home/muhammadsami/Public/Projects/Airflow/DataPipelineswithApacheAirflow/.env/lib/python3.8/site-packages/airflow/example_dags/example_latest_only_with_trigger.py
[2024-03-16T11:24:15.425+0500] {processor.py:830} INFO - Processing file /home/muhammadsami/Public/Projects/Airflow/DataPipelineswithApacheAirflow/.env/lib/python3.8/site-packages/airflow/example_dags/example_latest_only_with_trigger.py for tasks to queue
[2024-03-16T11:24:15.426+0500] {logging_mixin.py:188} INFO - [2024-03-16T11:24:15.425+0500] {dagbag.py:540} INFO - Filling up the DagBag from /home/muhammadsami/Public/Projects/Airflow/DataPipelineswithApacheAirflow/.env/lib/python3.8/site-packages/airflow/example_dags/example_latest_only_with_trigger.py
[2024-03-16T11:24:15.430+0500] {processor.py:840} INFO - DAG(s) 'latest_only_with_trigger' retrieved from /home/muhammadsami/Public/Projects/Airflow/DataPipelineswithApacheAirflow/.env/lib/python3.8/site-packages/airflow/example_dags/example_latest_only_with_trigger.py
[2024-03-16T11:24:15.444+0500] {logging_mixin.py:188} INFO - [2024-03-16T11:24:15.443+0500] {dag.py:3047} INFO - Sync 1 DAGs
[2024-03-16T11:24:15.552+0500] {logging_mixin.py:188} INFO - [2024-03-16T11:24:15.551+0500] {dag.py:3834} INFO - Setting next_dagrun for latest_only_with_trigger to 2024-03-16 00:00:00+00:00, run_after=2024-03-16 04:00:00+00:00
[2024-03-16T11:24:15.646+0500] {processor.py:183} INFO - Processing /home/muhammadsami/Public/Projects/Airflow/DataPipelineswithApacheAirflow/.env/lib/python3.8/site-packages/airflow/example_dags/example_latest_only_with_trigger.py took 0.253 seconds
[2024-03-16T11:25:21.828+0500] {processor.py:161} INFO - Started process (PID=18618) to work on /home/muhammadsami/Public/Projects/Airflow/DataPipelineswithApacheAirflow/.env/lib/python3.8/site-packages/airflow/example_dags/example_latest_only_with_trigger.py
[2024-03-16T11:25:21.830+0500] {processor.py:830} INFO - Processing file /home/muhammadsami/Public/Projects/Airflow/DataPipelineswithApacheAirflow/.env/lib/python3.8/site-packages/airflow/example_dags/example_latest_only_with_trigger.py for tasks to queue
[2024-03-16T11:25:21.831+0500] {logging_mixin.py:188} INFO - [2024-03-16T11:25:21.830+0500] {dagbag.py:540} INFO - Filling up the DagBag from /home/muhammadsami/Public/Projects/Airflow/DataPipelineswithApacheAirflow/.env/lib/python3.8/site-packages/airflow/example_dags/example_latest_only_with_trigger.py
[2024-03-16T11:25:21.836+0500] {processor.py:840} INFO - DAG(s) 'latest_only_with_trigger' retrieved from /home/muhammadsami/Public/Projects/Airflow/DataPipelineswithApacheAirflow/.env/lib/python3.8/site-packages/airflow/example_dags/example_latest_only_with_trigger.py
[2024-03-16T11:25:21.850+0500] {logging_mixin.py:188} INFO - [2024-03-16T11:25:21.850+0500] {dag.py:3047} INFO - Sync 1 DAGs
[2024-03-16T11:25:21.870+0500] {logging_mixin.py:188} INFO - [2024-03-16T11:25:21.869+0500] {dag.py:3834} INFO - Setting next_dagrun for latest_only_with_trigger to 2024-03-16 00:00:00+00:00, run_after=2024-03-16 04:00:00+00:00
[2024-03-16T11:25:21.968+0500] {processor.py:183} INFO - Processing /home/muhammadsami/Public/Projects/Airflow/DataPipelineswithApacheAirflow/.env/lib/python3.8/site-packages/airflow/example_dags/example_latest_only_with_trigger.py took 0.143 seconds
[2024-03-16T11:26:16.489+0500] {processor.py:161} INFO - Started process (PID=18680) to work on /home/muhammadsami/Public/Projects/Airflow/DataPipelineswithApacheAirflow/.env/lib/python3.8/site-packages/airflow/example_dags/example_latest_only_with_trigger.py
[2024-03-16T11:26:16.495+0500] {processor.py:830} INFO - Processing file /home/muhammadsami/Public/Projects/Airflow/DataPipelineswithApacheAirflow/.env/lib/python3.8/site-packages/airflow/example_dags/example_latest_only_with_trigger.py for tasks to queue
[2024-03-16T11:26:16.496+0500] {logging_mixin.py:188} INFO - [2024-03-16T11:26:16.496+0500] {dagbag.py:540} INFO - Filling up the DagBag from /home/muhammadsami/Public/Projects/Airflow/DataPipelineswithApacheAirflow/.env/lib/python3.8/site-packages/airflow/example_dags/example_latest_only_with_trigger.py
[2024-03-16T11:26:16.501+0500] {processor.py:840} INFO - DAG(s) 'latest_only_with_trigger' retrieved from /home/muhammadsami/Public/Projects/Airflow/DataPipelineswithApacheAirflow/.env/lib/python3.8/site-packages/airflow/example_dags/example_latest_only_with_trigger.py
[2024-03-16T11:26:16.514+0500] {logging_mixin.py:188} INFO - [2024-03-16T11:26:16.514+0500] {dag.py:3047} INFO - Sync 1 DAGs
[2024-03-16T11:26:16.531+0500] {logging_mixin.py:188} INFO - [2024-03-16T11:26:16.531+0500] {dag.py:3834} INFO - Setting next_dagrun for latest_only_with_trigger to 2024-03-16 00:00:00+00:00, run_after=2024-03-16 04:00:00+00:00
[2024-03-16T11:26:16.624+0500] {processor.py:183} INFO - Processing /home/muhammadsami/Public/Projects/Airflow/DataPipelineswithApacheAirflow/.env/lib/python3.8/site-packages/airflow/example_dags/example_latest_only_with_trigger.py took 0.137 seconds
[2024-03-16T11:27:09.548+0500] {processor.py:161} INFO - Started process (PID=18761) to work on /home/muhammadsami/Public/Projects/Airflow/DataPipelineswithApacheAirflow/.env/lib/python3.8/site-packages/airflow/example_dags/example_latest_only_with_trigger.py
[2024-03-16T11:27:09.550+0500] {processor.py:830} INFO - Processing file /home/muhammadsami/Public/Projects/Airflow/DataPipelineswithApacheAirflow/.env/lib/python3.8/site-packages/airflow/example_dags/example_latest_only_with_trigger.py for tasks to queue
[2024-03-16T11:27:09.550+0500] {logging_mixin.py:188} INFO - [2024-03-16T11:27:09.550+0500] {dagbag.py:540} INFO - Filling up the DagBag from /home/muhammadsami/Public/Projects/Airflow/DataPipelineswithApacheAirflow/.env/lib/python3.8/site-packages/airflow/example_dags/example_latest_only_with_trigger.py
[2024-03-16T11:27:09.555+0500] {processor.py:840} INFO - DAG(s) 'latest_only_with_trigger' retrieved from /home/muhammadsami/Public/Projects/Airflow/DataPipelineswithApacheAirflow/.env/lib/python3.8/site-packages/airflow/example_dags/example_latest_only_with_trigger.py
[2024-03-16T11:27:09.572+0500] {logging_mixin.py:188} INFO - [2024-03-16T11:27:09.572+0500] {dag.py:3047} INFO - Sync 1 DAGs
[2024-03-16T11:27:09.589+0500] {logging_mixin.py:188} INFO - [2024-03-16T11:27:09.589+0500] {dag.py:3834} INFO - Setting next_dagrun for latest_only_with_trigger to 2024-03-16 00:00:00+00:00, run_after=2024-03-16 04:00:00+00:00
[2024-03-16T11:27:09.686+0500] {processor.py:183} INFO - Processing /home/muhammadsami/Public/Projects/Airflow/DataPipelineswithApacheAirflow/.env/lib/python3.8/site-packages/airflow/example_dags/example_latest_only_with_trigger.py took 0.140 seconds
[2024-03-16T11:27:56.774+0500] {processor.py:161} INFO - Started process (PID=18811) to work on /home/muhammadsami/Public/Projects/Airflow/DataPipelineswithApacheAirflow/.env/lib/python3.8/site-packages/airflow/example_dags/example_latest_only_with_trigger.py
[2024-03-16T11:27:56.776+0500] {processor.py:830} INFO - Processing file /home/muhammadsami/Public/Projects/Airflow/DataPipelineswithApacheAirflow/.env/lib/python3.8/site-packages/airflow/example_dags/example_latest_only_with_trigger.py for tasks to queue
[2024-03-16T11:27:56.777+0500] {logging_mixin.py:188} INFO - [2024-03-16T11:27:56.776+0500] {dagbag.py:540} INFO - Filling up the DagBag from /home/muhammadsami/Public/Projects/Airflow/DataPipelineswithApacheAirflow/.env/lib/python3.8/site-packages/airflow/example_dags/example_latest_only_with_trigger.py
[2024-03-16T11:27:56.783+0500] {processor.py:840} INFO - DAG(s) 'latest_only_with_trigger' retrieved from /home/muhammadsami/Public/Projects/Airflow/DataPipelineswithApacheAirflow/.env/lib/python3.8/site-packages/airflow/example_dags/example_latest_only_with_trigger.py
[2024-03-16T11:27:56.797+0500] {logging_mixin.py:188} INFO - [2024-03-16T11:27:56.797+0500] {dag.py:3047} INFO - Sync 1 DAGs
[2024-03-16T11:27:56.815+0500] {logging_mixin.py:188} INFO - [2024-03-16T11:27:56.814+0500] {dag.py:3834} INFO - Setting next_dagrun for latest_only_with_trigger to 2024-03-16 00:00:00+00:00, run_after=2024-03-16 04:00:00+00:00
[2024-03-16T11:27:56.950+0500] {processor.py:183} INFO - Processing /home/muhammadsami/Public/Projects/Airflow/DataPipelineswithApacheAirflow/.env/lib/python3.8/site-packages/airflow/example_dags/example_latest_only_with_trigger.py took 0.178 seconds
[2024-03-16T11:28:46.286+0500] {processor.py:161} INFO - Started process (PID=18858) to work on /home/muhammadsami/Public/Projects/Airflow/DataPipelineswithApacheAirflow/.env/lib/python3.8/site-packages/airflow/example_dags/example_latest_only_with_trigger.py
[2024-03-16T11:28:46.287+0500] {processor.py:830} INFO - Processing file /home/muhammadsami/Public/Projects/Airflow/DataPipelineswithApacheAirflow/.env/lib/python3.8/site-packages/airflow/example_dags/example_latest_only_with_trigger.py for tasks to queue
[2024-03-16T11:28:46.289+0500] {logging_mixin.py:188} INFO - [2024-03-16T11:28:46.288+0500] {dagbag.py:540} INFO - Filling up the DagBag from /home/muhammadsami/Public/Projects/Airflow/DataPipelineswithApacheAirflow/.env/lib/python3.8/site-packages/airflow/example_dags/example_latest_only_with_trigger.py
[2024-03-16T11:28:46.297+0500] {processor.py:840} INFO - DAG(s) 'latest_only_with_trigger' retrieved from /home/muhammadsami/Public/Projects/Airflow/DataPipelineswithApacheAirflow/.env/lib/python3.8/site-packages/airflow/example_dags/example_latest_only_with_trigger.py
[2024-03-16T11:28:46.314+0500] {logging_mixin.py:188} INFO - [2024-03-16T11:28:46.314+0500] {dag.py:3047} INFO - Sync 1 DAGs
[2024-03-16T11:28:46.333+0500] {logging_mixin.py:188} INFO - [2024-03-16T11:28:46.333+0500] {dag.py:3834} INFO - Setting next_dagrun for latest_only_with_trigger to 2024-03-16 00:00:00+00:00, run_after=2024-03-16 04:00:00+00:00
[2024-03-16T11:28:46.425+0500] {processor.py:183} INFO - Processing /home/muhammadsami/Public/Projects/Airflow/DataPipelineswithApacheAirflow/.env/lib/python3.8/site-packages/airflow/example_dags/example_latest_only_with_trigger.py took 0.142 seconds
[2024-03-16T11:29:58.442+0500] {processor.py:161} INFO - Started process (PID=18954) to work on /home/muhammadsami/Public/Projects/Airflow/DataPipelineswithApacheAirflow/.env/lib/python3.8/site-packages/airflow/example_dags/example_latest_only_with_trigger.py
[2024-03-16T11:29:58.457+0500] {processor.py:830} INFO - Processing file /home/muhammadsami/Public/Projects/Airflow/DataPipelineswithApacheAirflow/.env/lib/python3.8/site-packages/airflow/example_dags/example_latest_only_with_trigger.py for tasks to queue
[2024-03-16T11:29:58.458+0500] {logging_mixin.py:188} INFO - [2024-03-16T11:29:58.458+0500] {dagbag.py:540} INFO - Filling up the DagBag from /home/muhammadsami/Public/Projects/Airflow/DataPipelineswithApacheAirflow/.env/lib/python3.8/site-packages/airflow/example_dags/example_latest_only_with_trigger.py
[2024-03-16T11:29:58.463+0500] {processor.py:840} INFO - DAG(s) 'latest_only_with_trigger' retrieved from /home/muhammadsami/Public/Projects/Airflow/DataPipelineswithApacheAirflow/.env/lib/python3.8/site-packages/airflow/example_dags/example_latest_only_with_trigger.py
[2024-03-16T11:29:58.476+0500] {logging_mixin.py:188} INFO - [2024-03-16T11:29:58.476+0500] {dag.py:3047} INFO - Sync 1 DAGs
[2024-03-16T11:29:58.494+0500] {logging_mixin.py:188} INFO - [2024-03-16T11:29:58.493+0500] {dag.py:3834} INFO - Setting next_dagrun for latest_only_with_trigger to 2024-03-16 00:00:00+00:00, run_after=2024-03-16 04:00:00+00:00
[2024-03-16T11:29:58.575+0500] {processor.py:183} INFO - Processing /home/muhammadsami/Public/Projects/Airflow/DataPipelineswithApacheAirflow/.env/lib/python3.8/site-packages/airflow/example_dags/example_latest_only_with_trigger.py took 0.136 seconds
[2024-03-16T11:30:50.819+0500] {processor.py:161} INFO - Started process (PID=19015) to work on /home/muhammadsami/Public/Projects/Airflow/DataPipelineswithApacheAirflow/.env/lib/python3.8/site-packages/airflow/example_dags/example_latest_only_with_trigger.py
[2024-03-16T11:30:50.843+0500] {processor.py:830} INFO - Processing file /home/muhammadsami/Public/Projects/Airflow/DataPipelineswithApacheAirflow/.env/lib/python3.8/site-packages/airflow/example_dags/example_latest_only_with_trigger.py for tasks to queue
[2024-03-16T11:30:50.844+0500] {logging_mixin.py:188} INFO - [2024-03-16T11:30:50.843+0500] {dagbag.py:540} INFO - Filling up the DagBag from /home/muhammadsami/Public/Projects/Airflow/DataPipelineswithApacheAirflow/.env/lib/python3.8/site-packages/airflow/example_dags/example_latest_only_with_trigger.py
[2024-03-16T11:30:50.853+0500] {processor.py:840} INFO - DAG(s) 'latest_only_with_trigger' retrieved from /home/muhammadsami/Public/Projects/Airflow/DataPipelineswithApacheAirflow/.env/lib/python3.8/site-packages/airflow/example_dags/example_latest_only_with_trigger.py
[2024-03-16T11:30:50.872+0500] {logging_mixin.py:188} INFO - [2024-03-16T11:30:50.871+0500] {dag.py:3047} INFO - Sync 1 DAGs
[2024-03-16T11:30:50.900+0500] {logging_mixin.py:188} INFO - [2024-03-16T11:30:50.900+0500] {dag.py:3834} INFO - Setting next_dagrun for latest_only_with_trigger to 2024-03-16 00:00:00+00:00, run_after=2024-03-16 04:00:00+00:00
[2024-03-16T11:30:51.025+0500] {processor.py:183} INFO - Processing /home/muhammadsami/Public/Projects/Airflow/DataPipelineswithApacheAirflow/.env/lib/python3.8/site-packages/airflow/example_dags/example_latest_only_with_trigger.py took 0.209 seconds
[2024-03-16T11:39:09.409+0500] {processor.py:161} INFO - Started process (PID=19668) to work on /home/muhammadsami/Public/Projects/Airflow/DataPipelineswithApacheAirflow/.env/lib/python3.8/site-packages/airflow/example_dags/example_latest_only_with_trigger.py
[2024-03-16T11:39:09.411+0500] {processor.py:830} INFO - Processing file /home/muhammadsami/Public/Projects/Airflow/DataPipelineswithApacheAirflow/.env/lib/python3.8/site-packages/airflow/example_dags/example_latest_only_with_trigger.py for tasks to queue
[2024-03-16T11:39:09.412+0500] {logging_mixin.py:188} INFO - [2024-03-16T11:39:09.411+0500] {dagbag.py:540} INFO - Filling up the DagBag from /home/muhammadsami/Public/Projects/Airflow/DataPipelineswithApacheAirflow/.env/lib/python3.8/site-packages/airflow/example_dags/example_latest_only_with_trigger.py
[2024-03-16T11:39:09.418+0500] {processor.py:840} INFO - DAG(s) 'latest_only_with_trigger' retrieved from /home/muhammadsami/Public/Projects/Airflow/DataPipelineswithApacheAirflow/.env/lib/python3.8/site-packages/airflow/example_dags/example_latest_only_with_trigger.py
[2024-03-16T11:39:09.434+0500] {logging_mixin.py:188} INFO - [2024-03-16T11:39:09.434+0500] {dag.py:3047} INFO - Sync 1 DAGs
[2024-03-16T11:39:09.452+0500] {logging_mixin.py:188} INFO - [2024-03-16T11:39:09.452+0500] {dag.py:3834} INFO - Setting next_dagrun for latest_only_with_trigger to 2024-03-16 00:00:00+00:00, run_after=2024-03-16 04:00:00+00:00
[2024-03-16T11:39:09.538+0500] {processor.py:183} INFO - Processing /home/muhammadsami/Public/Projects/Airflow/DataPipelineswithApacheAirflow/.env/lib/python3.8/site-packages/airflow/example_dags/example_latest_only_with_trigger.py took 0.131 seconds
[2024-03-16T11:40:17.020+0500] {processor.py:161} INFO - Started process (PID=19946) to work on /home/muhammadsami/Public/Projects/Airflow/DataPipelineswithApacheAirflow/.env/lib/python3.8/site-packages/airflow/example_dags/example_latest_only_with_trigger.py
[2024-03-16T11:40:17.021+0500] {processor.py:830} INFO - Processing file /home/muhammadsami/Public/Projects/Airflow/DataPipelineswithApacheAirflow/.env/lib/python3.8/site-packages/airflow/example_dags/example_latest_only_with_trigger.py for tasks to queue
[2024-03-16T11:40:17.023+0500] {logging_mixin.py:188} INFO - [2024-03-16T11:40:17.022+0500] {dagbag.py:540} INFO - Filling up the DagBag from /home/muhammadsami/Public/Projects/Airflow/DataPipelineswithApacheAirflow/.env/lib/python3.8/site-packages/airflow/example_dags/example_latest_only_with_trigger.py
[2024-03-16T11:40:17.030+0500] {processor.py:840} INFO - DAG(s) 'latest_only_with_trigger' retrieved from /home/muhammadsami/Public/Projects/Airflow/DataPipelineswithApacheAirflow/.env/lib/python3.8/site-packages/airflow/example_dags/example_latest_only_with_trigger.py
[2024-03-16T11:40:17.045+0500] {logging_mixin.py:188} INFO - [2024-03-16T11:40:17.045+0500] {dag.py:3047} INFO - Sync 1 DAGs
[2024-03-16T11:40:17.152+0500] {logging_mixin.py:188} INFO - [2024-03-16T11:40:17.151+0500] {dag.py:3834} INFO - Setting next_dagrun for latest_only_with_trigger to 2024-03-16 00:00:00+00:00, run_after=2024-03-16 04:00:00+00:00
[2024-03-16T11:40:17.253+0500] {processor.py:183} INFO - Processing /home/muhammadsami/Public/Projects/Airflow/DataPipelineswithApacheAirflow/.env/lib/python3.8/site-packages/airflow/example_dags/example_latest_only_with_trigger.py took 0.236 seconds
[2024-03-16T11:41:35.156+0500] {processor.py:161} INFO - Started process (PID=20196) to work on /home/muhammadsami/Public/Projects/Airflow/DataPipelineswithApacheAirflow/.env/lib/python3.8/site-packages/airflow/example_dags/example_latest_only_with_trigger.py
[2024-03-16T11:41:35.177+0500] {processor.py:830} INFO - Processing file /home/muhammadsami/Public/Projects/Airflow/DataPipelineswithApacheAirflow/.env/lib/python3.8/site-packages/airflow/example_dags/example_latest_only_with_trigger.py for tasks to queue
[2024-03-16T11:41:35.178+0500] {logging_mixin.py:188} INFO - [2024-03-16T11:41:35.178+0500] {dagbag.py:540} INFO - Filling up the DagBag from /home/muhammadsami/Public/Projects/Airflow/DataPipelineswithApacheAirflow/.env/lib/python3.8/site-packages/airflow/example_dags/example_latest_only_with_trigger.py
[2024-03-16T11:41:35.183+0500] {processor.py:840} INFO - DAG(s) 'latest_only_with_trigger' retrieved from /home/muhammadsami/Public/Projects/Airflow/DataPipelineswithApacheAirflow/.env/lib/python3.8/site-packages/airflow/example_dags/example_latest_only_with_trigger.py
[2024-03-16T11:41:35.197+0500] {logging_mixin.py:188} INFO - [2024-03-16T11:41:35.196+0500] {dag.py:3047} INFO - Sync 1 DAGs
[2024-03-16T11:41:35.214+0500] {logging_mixin.py:188} INFO - [2024-03-16T11:41:35.214+0500] {dag.py:3834} INFO - Setting next_dagrun for latest_only_with_trigger to 2024-03-16 00:00:00+00:00, run_after=2024-03-16 04:00:00+00:00
[2024-03-16T11:41:35.300+0500] {processor.py:183} INFO - Processing /home/muhammadsami/Public/Projects/Airflow/DataPipelineswithApacheAirflow/.env/lib/python3.8/site-packages/airflow/example_dags/example_latest_only_with_trigger.py took 0.147 seconds
[2024-03-16T11:42:29.717+0500] {processor.py:161} INFO - Started process (PID=20259) to work on /home/muhammadsami/Public/Projects/Airflow/DataPipelineswithApacheAirflow/.env/lib/python3.8/site-packages/airflow/example_dags/example_latest_only_with_trigger.py
[2024-03-16T11:42:29.718+0500] {processor.py:830} INFO - Processing file /home/muhammadsami/Public/Projects/Airflow/DataPipelineswithApacheAirflow/.env/lib/python3.8/site-packages/airflow/example_dags/example_latest_only_with_trigger.py for tasks to queue
[2024-03-16T11:42:29.719+0500] {logging_mixin.py:188} INFO - [2024-03-16T11:42:29.719+0500] {dagbag.py:540} INFO - Filling up the DagBag from /home/muhammadsami/Public/Projects/Airflow/DataPipelineswithApacheAirflow/.env/lib/python3.8/site-packages/airflow/example_dags/example_latest_only_with_trigger.py
[2024-03-16T11:42:29.725+0500] {processor.py:840} INFO - DAG(s) 'latest_only_with_trigger' retrieved from /home/muhammadsami/Public/Projects/Airflow/DataPipelineswithApacheAirflow/.env/lib/python3.8/site-packages/airflow/example_dags/example_latest_only_with_trigger.py
[2024-03-16T11:42:29.739+0500] {logging_mixin.py:188} INFO - [2024-03-16T11:42:29.739+0500] {dag.py:3047} INFO - Sync 1 DAGs
[2024-03-16T11:42:29.756+0500] {logging_mixin.py:188} INFO - [2024-03-16T11:42:29.756+0500] {dag.py:3834} INFO - Setting next_dagrun for latest_only_with_trigger to 2024-03-16 00:00:00+00:00, run_after=2024-03-16 04:00:00+00:00
[2024-03-16T11:42:29.840+0500] {processor.py:183} INFO - Processing /home/muhammadsami/Public/Projects/Airflow/DataPipelineswithApacheAirflow/.env/lib/python3.8/site-packages/airflow/example_dags/example_latest_only_with_trigger.py took 0.125 seconds
[2024-03-16T11:43:23.109+0500] {processor.py:161} INFO - Started process (PID=20330) to work on /home/muhammadsami/Public/Projects/Airflow/DataPipelineswithApacheAirflow/.env/lib/python3.8/site-packages/airflow/example_dags/example_latest_only_with_trigger.py
[2024-03-16T11:43:23.128+0500] {processor.py:830} INFO - Processing file /home/muhammadsami/Public/Projects/Airflow/DataPipelineswithApacheAirflow/.env/lib/python3.8/site-packages/airflow/example_dags/example_latest_only_with_trigger.py for tasks to queue
[2024-03-16T11:43:23.129+0500] {logging_mixin.py:188} INFO - [2024-03-16T11:43:23.128+0500] {dagbag.py:540} INFO - Filling up the DagBag from /home/muhammadsami/Public/Projects/Airflow/DataPipelineswithApacheAirflow/.env/lib/python3.8/site-packages/airflow/example_dags/example_latest_only_with_trigger.py
[2024-03-16T11:43:23.134+0500] {processor.py:840} INFO - DAG(s) 'latest_only_with_trigger' retrieved from /home/muhammadsami/Public/Projects/Airflow/DataPipelineswithApacheAirflow/.env/lib/python3.8/site-packages/airflow/example_dags/example_latest_only_with_trigger.py
[2024-03-16T11:43:23.147+0500] {logging_mixin.py:188} INFO - [2024-03-16T11:43:23.147+0500] {dag.py:3047} INFO - Sync 1 DAGs
[2024-03-16T11:43:23.164+0500] {logging_mixin.py:188} INFO - [2024-03-16T11:43:23.163+0500] {dag.py:3834} INFO - Setting next_dagrun for latest_only_with_trigger to 2024-03-16 00:00:00+00:00, run_after=2024-03-16 04:00:00+00:00
[2024-03-16T11:43:23.256+0500] {processor.py:183} INFO - Processing /home/muhammadsami/Public/Projects/Airflow/DataPipelineswithApacheAirflow/.env/lib/python3.8/site-packages/airflow/example_dags/example_latest_only_with_trigger.py took 0.150 seconds
[2024-03-16T11:44:15.631+0500] {processor.py:161} INFO - Started process (PID=20393) to work on /home/muhammadsami/Public/Projects/Airflow/DataPipelineswithApacheAirflow/.env/lib/python3.8/site-packages/airflow/example_dags/example_latest_only_with_trigger.py
[2024-03-16T11:44:15.633+0500] {processor.py:830} INFO - Processing file /home/muhammadsami/Public/Projects/Airflow/DataPipelineswithApacheAirflow/.env/lib/python3.8/site-packages/airflow/example_dags/example_latest_only_with_trigger.py for tasks to queue
[2024-03-16T11:44:15.634+0500] {logging_mixin.py:188} INFO - [2024-03-16T11:44:15.634+0500] {dagbag.py:540} INFO - Filling up the DagBag from /home/muhammadsami/Public/Projects/Airflow/DataPipelineswithApacheAirflow/.env/lib/python3.8/site-packages/airflow/example_dags/example_latest_only_with_trigger.py
[2024-03-16T11:44:15.640+0500] {processor.py:840} INFO - DAG(s) 'latest_only_with_trigger' retrieved from /home/muhammadsami/Public/Projects/Airflow/DataPipelineswithApacheAirflow/.env/lib/python3.8/site-packages/airflow/example_dags/example_latest_only_with_trigger.py
[2024-03-16T11:44:15.654+0500] {logging_mixin.py:188} INFO - [2024-03-16T11:44:15.654+0500] {dag.py:3047} INFO - Sync 1 DAGs
[2024-03-16T11:44:15.672+0500] {logging_mixin.py:188} INFO - [2024-03-16T11:44:15.671+0500] {dag.py:3834} INFO - Setting next_dagrun for latest_only_with_trigger to 2024-03-16 00:00:00+00:00, run_after=2024-03-16 04:00:00+00:00
[2024-03-16T11:44:15.766+0500] {processor.py:183} INFO - Processing /home/muhammadsami/Public/Projects/Airflow/DataPipelineswithApacheAirflow/.env/lib/python3.8/site-packages/airflow/example_dags/example_latest_only_with_trigger.py took 0.136 seconds
[2024-03-16T11:45:18.055+0500] {processor.py:161} INFO - Started process (PID=20801) to work on /home/muhammadsami/Public/Projects/Airflow/DataPipelineswithApacheAirflow/.env/lib/python3.8/site-packages/airflow/example_dags/example_latest_only_with_trigger.py
[2024-03-16T11:45:18.066+0500] {processor.py:830} INFO - Processing file /home/muhammadsami/Public/Projects/Airflow/DataPipelineswithApacheAirflow/.env/lib/python3.8/site-packages/airflow/example_dags/example_latest_only_with_trigger.py for tasks to queue
[2024-03-16T11:45:18.066+0500] {logging_mixin.py:188} INFO - [2024-03-16T11:45:18.066+0500] {dagbag.py:540} INFO - Filling up the DagBag from /home/muhammadsami/Public/Projects/Airflow/DataPipelineswithApacheAirflow/.env/lib/python3.8/site-packages/airflow/example_dags/example_latest_only_with_trigger.py
[2024-03-16T11:45:18.071+0500] {processor.py:840} INFO - DAG(s) 'latest_only_with_trigger' retrieved from /home/muhammadsami/Public/Projects/Airflow/DataPipelineswithApacheAirflow/.env/lib/python3.8/site-packages/airflow/example_dags/example_latest_only_with_trigger.py
[2024-03-16T11:45:18.085+0500] {logging_mixin.py:188} INFO - [2024-03-16T11:45:18.085+0500] {dag.py:3047} INFO - Sync 1 DAGs
[2024-03-16T11:45:18.104+0500] {logging_mixin.py:188} INFO - [2024-03-16T11:45:18.103+0500] {dag.py:3834} INFO - Setting next_dagrun for latest_only_with_trigger to 2024-03-16 00:00:00+00:00, run_after=2024-03-16 04:00:00+00:00
[2024-03-16T11:45:18.201+0500] {processor.py:183} INFO - Processing /home/muhammadsami/Public/Projects/Airflow/DataPipelineswithApacheAirflow/.env/lib/python3.8/site-packages/airflow/example_dags/example_latest_only_with_trigger.py took 0.149 seconds
[2024-03-16T11:46:21.620+0500] {processor.py:161} INFO - Started process (PID=20870) to work on /home/muhammadsami/Public/Projects/Airflow/DataPipelineswithApacheAirflow/.env/lib/python3.8/site-packages/airflow/example_dags/example_latest_only_with_trigger.py
[2024-03-16T11:46:21.623+0500] {processor.py:830} INFO - Processing file /home/muhammadsami/Public/Projects/Airflow/DataPipelineswithApacheAirflow/.env/lib/python3.8/site-packages/airflow/example_dags/example_latest_only_with_trigger.py for tasks to queue
[2024-03-16T11:46:21.624+0500] {logging_mixin.py:188} INFO - [2024-03-16T11:46:21.624+0500] {dagbag.py:540} INFO - Filling up the DagBag from /home/muhammadsami/Public/Projects/Airflow/DataPipelineswithApacheAirflow/.env/lib/python3.8/site-packages/airflow/example_dags/example_latest_only_with_trigger.py
[2024-03-16T11:46:21.629+0500] {processor.py:840} INFO - DAG(s) 'latest_only_with_trigger' retrieved from /home/muhammadsami/Public/Projects/Airflow/DataPipelineswithApacheAirflow/.env/lib/python3.8/site-packages/airflow/example_dags/example_latest_only_with_trigger.py
[2024-03-16T11:46:21.643+0500] {logging_mixin.py:188} INFO - [2024-03-16T11:46:21.642+0500] {dag.py:3047} INFO - Sync 1 DAGs
[2024-03-16T11:46:21.661+0500] {logging_mixin.py:188} INFO - [2024-03-16T11:46:21.660+0500] {dag.py:3834} INFO - Setting next_dagrun for latest_only_with_trigger to 2024-03-16 00:00:00+00:00, run_after=2024-03-16 04:00:00+00:00
[2024-03-16T11:46:21.775+0500] {processor.py:183} INFO - Processing /home/muhammadsami/Public/Projects/Airflow/DataPipelineswithApacheAirflow/.env/lib/python3.8/site-packages/airflow/example_dags/example_latest_only_with_trigger.py took 0.158 seconds
[2024-03-16T11:47:13.186+0500] {processor.py:161} INFO - Started process (PID=20952) to work on /home/muhammadsami/Public/Projects/Airflow/DataPipelineswithApacheAirflow/.env/lib/python3.8/site-packages/airflow/example_dags/example_latest_only_with_trigger.py
[2024-03-16T11:47:13.188+0500] {processor.py:830} INFO - Processing file /home/muhammadsami/Public/Projects/Airflow/DataPipelineswithApacheAirflow/.env/lib/python3.8/site-packages/airflow/example_dags/example_latest_only_with_trigger.py for tasks to queue
[2024-03-16T11:47:13.189+0500] {logging_mixin.py:188} INFO - [2024-03-16T11:47:13.188+0500] {dagbag.py:540} INFO - Filling up the DagBag from /home/muhammadsami/Public/Projects/Airflow/DataPipelineswithApacheAirflow/.env/lib/python3.8/site-packages/airflow/example_dags/example_latest_only_with_trigger.py
[2024-03-16T11:47:13.194+0500] {processor.py:840} INFO - DAG(s) 'latest_only_with_trigger' retrieved from /home/muhammadsami/Public/Projects/Airflow/DataPipelineswithApacheAirflow/.env/lib/python3.8/site-packages/airflow/example_dags/example_latest_only_with_trigger.py
[2024-03-16T11:47:13.208+0500] {logging_mixin.py:188} INFO - [2024-03-16T11:47:13.208+0500] {dag.py:3047} INFO - Sync 1 DAGs
[2024-03-16T11:47:13.225+0500] {logging_mixin.py:188} INFO - [2024-03-16T11:47:13.225+0500] {dag.py:3834} INFO - Setting next_dagrun for latest_only_with_trigger to 2024-03-16 00:00:00+00:00, run_after=2024-03-16 04:00:00+00:00
[2024-03-16T11:47:13.355+0500] {processor.py:183} INFO - Processing /home/muhammadsami/Public/Projects/Airflow/DataPipelineswithApacheAirflow/.env/lib/python3.8/site-packages/airflow/example_dags/example_latest_only_with_trigger.py took 0.172 seconds
[2024-03-16T11:48:03.132+0500] {processor.py:161} INFO - Started process (PID=21001) to work on /home/muhammadsami/Public/Projects/Airflow/DataPipelineswithApacheAirflow/.env/lib/python3.8/site-packages/airflow/example_dags/example_latest_only_with_trigger.py
[2024-03-16T11:48:03.134+0500] {processor.py:830} INFO - Processing file /home/muhammadsami/Public/Projects/Airflow/DataPipelineswithApacheAirflow/.env/lib/python3.8/site-packages/airflow/example_dags/example_latest_only_with_trigger.py for tasks to queue
[2024-03-16T11:48:03.135+0500] {logging_mixin.py:188} INFO - [2024-03-16T11:48:03.135+0500] {dagbag.py:540} INFO - Filling up the DagBag from /home/muhammadsami/Public/Projects/Airflow/DataPipelineswithApacheAirflow/.env/lib/python3.8/site-packages/airflow/example_dags/example_latest_only_with_trigger.py
[2024-03-16T11:48:03.140+0500] {processor.py:840} INFO - DAG(s) 'latest_only_with_trigger' retrieved from /home/muhammadsami/Public/Projects/Airflow/DataPipelineswithApacheAirflow/.env/lib/python3.8/site-packages/airflow/example_dags/example_latest_only_with_trigger.py
[2024-03-16T11:48:03.154+0500] {logging_mixin.py:188} INFO - [2024-03-16T11:48:03.153+0500] {dag.py:3047} INFO - Sync 1 DAGs
[2024-03-16T11:48:03.170+0500] {logging_mixin.py:188} INFO - [2024-03-16T11:48:03.170+0500] {dag.py:3834} INFO - Setting next_dagrun for latest_only_with_trigger to 2024-03-16 00:00:00+00:00, run_after=2024-03-16 04:00:00+00:00
[2024-03-16T11:48:03.264+0500] {processor.py:183} INFO - Processing /home/muhammadsami/Public/Projects/Airflow/DataPipelineswithApacheAirflow/.env/lib/python3.8/site-packages/airflow/example_dags/example_latest_only_with_trigger.py took 0.134 seconds
[2024-03-16T11:49:11.508+0500] {processor.py:161} INFO - Started process (PID=21096) to work on /home/muhammadsami/Public/Projects/Airflow/DataPipelineswithApacheAirflow/.env/lib/python3.8/site-packages/airflow/example_dags/example_latest_only_with_trigger.py
[2024-03-16T11:49:11.510+0500] {processor.py:830} INFO - Processing file /home/muhammadsami/Public/Projects/Airflow/DataPipelineswithApacheAirflow/.env/lib/python3.8/site-packages/airflow/example_dags/example_latest_only_with_trigger.py for tasks to queue
[2024-03-16T11:49:11.511+0500] {logging_mixin.py:188} INFO - [2024-03-16T11:49:11.510+0500] {dagbag.py:540} INFO - Filling up the DagBag from /home/muhammadsami/Public/Projects/Airflow/DataPipelineswithApacheAirflow/.env/lib/python3.8/site-packages/airflow/example_dags/example_latest_only_with_trigger.py
[2024-03-16T11:49:11.519+0500] {processor.py:840} INFO - DAG(s) 'latest_only_with_trigger' retrieved from /home/muhammadsami/Public/Projects/Airflow/DataPipelineswithApacheAirflow/.env/lib/python3.8/site-packages/airflow/example_dags/example_latest_only_with_trigger.py
[2024-03-16T11:49:11.534+0500] {logging_mixin.py:188} INFO - [2024-03-16T11:49:11.534+0500] {dag.py:3047} INFO - Sync 1 DAGs
[2024-03-16T11:49:11.558+0500] {logging_mixin.py:188} INFO - [2024-03-16T11:49:11.558+0500] {dag.py:3834} INFO - Setting next_dagrun for latest_only_with_trigger to 2024-03-16 00:00:00+00:00, run_after=2024-03-16 04:00:00+00:00
[2024-03-16T11:49:11.648+0500] {processor.py:183} INFO - Processing /home/muhammadsami/Public/Projects/Airflow/DataPipelineswithApacheAirflow/.env/lib/python3.8/site-packages/airflow/example_dags/example_latest_only_with_trigger.py took 0.142 seconds
[2024-03-16T11:50:02.233+0500] {processor.py:161} INFO - Started process (PID=21141) to work on /home/muhammadsami/Public/Projects/Airflow/DataPipelineswithApacheAirflow/.env/lib/python3.8/site-packages/airflow/example_dags/example_latest_only_with_trigger.py
[2024-03-16T11:50:02.235+0500] {processor.py:830} INFO - Processing file /home/muhammadsami/Public/Projects/Airflow/DataPipelineswithApacheAirflow/.env/lib/python3.8/site-packages/airflow/example_dags/example_latest_only_with_trigger.py for tasks to queue
[2024-03-16T11:50:02.236+0500] {logging_mixin.py:188} INFO - [2024-03-16T11:50:02.235+0500] {dagbag.py:540} INFO - Filling up the DagBag from /home/muhammadsami/Public/Projects/Airflow/DataPipelineswithApacheAirflow/.env/lib/python3.8/site-packages/airflow/example_dags/example_latest_only_with_trigger.py
[2024-03-16T11:50:02.243+0500] {processor.py:840} INFO - DAG(s) 'latest_only_with_trigger' retrieved from /home/muhammadsami/Public/Projects/Airflow/DataPipelineswithApacheAirflow/.env/lib/python3.8/site-packages/airflow/example_dags/example_latest_only_with_trigger.py
[2024-03-16T11:50:02.259+0500] {logging_mixin.py:188} INFO - [2024-03-16T11:50:02.259+0500] {dag.py:3047} INFO - Sync 1 DAGs
[2024-03-16T11:50:02.277+0500] {logging_mixin.py:188} INFO - [2024-03-16T11:50:02.277+0500] {dag.py:3834} INFO - Setting next_dagrun for latest_only_with_trigger to 2024-03-16 00:00:00+00:00, run_after=2024-03-16 04:00:00+00:00
[2024-03-16T11:50:02.376+0500] {processor.py:183} INFO - Processing /home/muhammadsami/Public/Projects/Airflow/DataPipelineswithApacheAirflow/.env/lib/python3.8/site-packages/airflow/example_dags/example_latest_only_with_trigger.py took 0.146 seconds
[2024-03-16T11:50:52.144+0500] {processor.py:161} INFO - Started process (PID=21223) to work on /home/muhammadsami/Public/Projects/Airflow/DataPipelineswithApacheAirflow/.env/lib/python3.8/site-packages/airflow/example_dags/example_latest_only_with_trigger.py
[2024-03-16T11:50:52.145+0500] {processor.py:830} INFO - Processing file /home/muhammadsami/Public/Projects/Airflow/DataPipelineswithApacheAirflow/.env/lib/python3.8/site-packages/airflow/example_dags/example_latest_only_with_trigger.py for tasks to queue
[2024-03-16T11:50:52.146+0500] {logging_mixin.py:188} INFO - [2024-03-16T11:50:52.145+0500] {dagbag.py:540} INFO - Filling up the DagBag from /home/muhammadsami/Public/Projects/Airflow/DataPipelineswithApacheAirflow/.env/lib/python3.8/site-packages/airflow/example_dags/example_latest_only_with_trigger.py
[2024-03-16T11:50:52.152+0500] {processor.py:840} INFO - DAG(s) 'latest_only_with_trigger' retrieved from /home/muhammadsami/Public/Projects/Airflow/DataPipelineswithApacheAirflow/.env/lib/python3.8/site-packages/airflow/example_dags/example_latest_only_with_trigger.py
[2024-03-16T11:50:52.169+0500] {logging_mixin.py:188} INFO - [2024-03-16T11:50:52.169+0500] {dag.py:3047} INFO - Sync 1 DAGs
[2024-03-16T11:50:52.186+0500] {logging_mixin.py:188} INFO - [2024-03-16T11:50:52.186+0500] {dag.py:3834} INFO - Setting next_dagrun for latest_only_with_trigger to 2024-03-16 00:00:00+00:00, run_after=2024-03-16 04:00:00+00:00
[2024-03-16T11:50:52.282+0500] {processor.py:183} INFO - Processing /home/muhammadsami/Public/Projects/Airflow/DataPipelineswithApacheAirflow/.env/lib/python3.8/site-packages/airflow/example_dags/example_latest_only_with_trigger.py took 0.140 seconds
[2024-03-16T11:51:44.285+0500] {processor.py:161} INFO - Started process (PID=21323) to work on /home/muhammadsami/Public/Projects/Airflow/DataPipelineswithApacheAirflow/.env/lib/python3.8/site-packages/airflow/example_dags/example_latest_only_with_trigger.py
[2024-03-16T11:51:44.286+0500] {processor.py:830} INFO - Processing file /home/muhammadsami/Public/Projects/Airflow/DataPipelineswithApacheAirflow/.env/lib/python3.8/site-packages/airflow/example_dags/example_latest_only_with_trigger.py for tasks to queue
[2024-03-16T11:51:44.287+0500] {logging_mixin.py:188} INFO - [2024-03-16T11:51:44.287+0500] {dagbag.py:540} INFO - Filling up the DagBag from /home/muhammadsami/Public/Projects/Airflow/DataPipelineswithApacheAirflow/.env/lib/python3.8/site-packages/airflow/example_dags/example_latest_only_with_trigger.py
[2024-03-16T11:51:44.292+0500] {processor.py:840} INFO - DAG(s) 'latest_only_with_trigger' retrieved from /home/muhammadsami/Public/Projects/Airflow/DataPipelineswithApacheAirflow/.env/lib/python3.8/site-packages/airflow/example_dags/example_latest_only_with_trigger.py
[2024-03-16T11:51:44.307+0500] {logging_mixin.py:188} INFO - [2024-03-16T11:51:44.307+0500] {dag.py:3047} INFO - Sync 1 DAGs
[2024-03-16T11:51:44.327+0500] {logging_mixin.py:188} INFO - [2024-03-16T11:51:44.326+0500] {dag.py:3834} INFO - Setting next_dagrun for latest_only_with_trigger to 2024-03-16 00:00:00+00:00, run_after=2024-03-16 04:00:00+00:00
[2024-03-16T11:51:44.426+0500] {processor.py:183} INFO - Processing /home/muhammadsami/Public/Projects/Airflow/DataPipelineswithApacheAirflow/.env/lib/python3.8/site-packages/airflow/example_dags/example_latest_only_with_trigger.py took 0.144 seconds
[2024-03-16T11:52:37.270+0500] {processor.py:161} INFO - Started process (PID=21486) to work on /home/muhammadsami/Public/Projects/Airflow/DataPipelineswithApacheAirflow/.env/lib/python3.8/site-packages/airflow/example_dags/example_latest_only_with_trigger.py
[2024-03-16T11:52:37.288+0500] {processor.py:830} INFO - Processing file /home/muhammadsami/Public/Projects/Airflow/DataPipelineswithApacheAirflow/.env/lib/python3.8/site-packages/airflow/example_dags/example_latest_only_with_trigger.py for tasks to queue
[2024-03-16T11:52:37.289+0500] {logging_mixin.py:188} INFO - [2024-03-16T11:52:37.289+0500] {dagbag.py:540} INFO - Filling up the DagBag from /home/muhammadsami/Public/Projects/Airflow/DataPipelineswithApacheAirflow/.env/lib/python3.8/site-packages/airflow/example_dags/example_latest_only_with_trigger.py
[2024-03-16T11:52:37.295+0500] {processor.py:840} INFO - DAG(s) 'latest_only_with_trigger' retrieved from /home/muhammadsami/Public/Projects/Airflow/DataPipelineswithApacheAirflow/.env/lib/python3.8/site-packages/airflow/example_dags/example_latest_only_with_trigger.py
[2024-03-16T11:52:37.310+0500] {logging_mixin.py:188} INFO - [2024-03-16T11:52:37.310+0500] {dag.py:3047} INFO - Sync 1 DAGs
[2024-03-16T11:52:37.330+0500] {logging_mixin.py:188} INFO - [2024-03-16T11:52:37.329+0500] {dag.py:3834} INFO - Setting next_dagrun for latest_only_with_trigger to 2024-03-16 00:00:00+00:00, run_after=2024-03-16 04:00:00+00:00
[2024-03-16T11:52:37.421+0500] {processor.py:183} INFO - Processing /home/muhammadsami/Public/Projects/Airflow/DataPipelineswithApacheAirflow/.env/lib/python3.8/site-packages/airflow/example_dags/example_latest_only_with_trigger.py took 0.153 seconds
[2024-03-16T11:53:28.439+0500] {processor.py:161} INFO - Started process (PID=21571) to work on /home/muhammadsami/Public/Projects/Airflow/DataPipelineswithApacheAirflow/.env/lib/python3.8/site-packages/airflow/example_dags/example_latest_only_with_trigger.py
[2024-03-16T11:53:28.440+0500] {processor.py:830} INFO - Processing file /home/muhammadsami/Public/Projects/Airflow/DataPipelineswithApacheAirflow/.env/lib/python3.8/site-packages/airflow/example_dags/example_latest_only_with_trigger.py for tasks to queue
[2024-03-16T11:53:28.441+0500] {logging_mixin.py:188} INFO - [2024-03-16T11:53:28.441+0500] {dagbag.py:540} INFO - Filling up the DagBag from /home/muhammadsami/Public/Projects/Airflow/DataPipelineswithApacheAirflow/.env/lib/python3.8/site-packages/airflow/example_dags/example_latest_only_with_trigger.py
[2024-03-16T11:53:28.446+0500] {processor.py:840} INFO - DAG(s) 'latest_only_with_trigger' retrieved from /home/muhammadsami/Public/Projects/Airflow/DataPipelineswithApacheAirflow/.env/lib/python3.8/site-packages/airflow/example_dags/example_latest_only_with_trigger.py
[2024-03-16T11:53:28.461+0500] {logging_mixin.py:188} INFO - [2024-03-16T11:53:28.460+0500] {dag.py:3047} INFO - Sync 1 DAGs
[2024-03-16T11:53:28.478+0500] {logging_mixin.py:188} INFO - [2024-03-16T11:53:28.478+0500] {dag.py:3834} INFO - Setting next_dagrun for latest_only_with_trigger to 2024-03-16 00:00:00+00:00, run_after=2024-03-16 04:00:00+00:00
[2024-03-16T11:53:28.563+0500] {processor.py:183} INFO - Processing /home/muhammadsami/Public/Projects/Airflow/DataPipelineswithApacheAirflow/.env/lib/python3.8/site-packages/airflow/example_dags/example_latest_only_with_trigger.py took 0.127 seconds
[2024-03-16T11:54:19.424+0500] {processor.py:161} INFO - Started process (PID=21668) to work on /home/muhammadsami/Public/Projects/Airflow/DataPipelineswithApacheAirflow/.env/lib/python3.8/site-packages/airflow/example_dags/example_latest_only_with_trigger.py
[2024-03-16T11:54:19.426+0500] {processor.py:830} INFO - Processing file /home/muhammadsami/Public/Projects/Airflow/DataPipelineswithApacheAirflow/.env/lib/python3.8/site-packages/airflow/example_dags/example_latest_only_with_trigger.py for tasks to queue
[2024-03-16T11:54:19.427+0500] {logging_mixin.py:188} INFO - [2024-03-16T11:54:19.427+0500] {dagbag.py:540} INFO - Filling up the DagBag from /home/muhammadsami/Public/Projects/Airflow/DataPipelineswithApacheAirflow/.env/lib/python3.8/site-packages/airflow/example_dags/example_latest_only_with_trigger.py
[2024-03-16T11:54:19.433+0500] {processor.py:840} INFO - DAG(s) 'latest_only_with_trigger' retrieved from /home/muhammadsami/Public/Projects/Airflow/DataPipelineswithApacheAirflow/.env/lib/python3.8/site-packages/airflow/example_dags/example_latest_only_with_trigger.py
[2024-03-16T11:54:19.446+0500] {logging_mixin.py:188} INFO - [2024-03-16T11:54:19.446+0500] {dag.py:3047} INFO - Sync 1 DAGs
[2024-03-16T11:54:19.464+0500] {logging_mixin.py:188} INFO - [2024-03-16T11:54:19.464+0500] {dag.py:3834} INFO - Setting next_dagrun for latest_only_with_trigger to 2024-03-16 00:00:00+00:00, run_after=2024-03-16 04:00:00+00:00
[2024-03-16T11:54:19.561+0500] {processor.py:183} INFO - Processing /home/muhammadsami/Public/Projects/Airflow/DataPipelineswithApacheAirflow/.env/lib/python3.8/site-packages/airflow/example_dags/example_latest_only_with_trigger.py took 0.139 seconds
[2024-03-16T11:55:09.901+0500] {processor.py:161} INFO - Started process (PID=21820) to work on /home/muhammadsami/Public/Projects/Airflow/DataPipelineswithApacheAirflow/.env/lib/python3.8/site-packages/airflow/example_dags/example_latest_only_with_trigger.py
[2024-03-16T11:55:09.912+0500] {processor.py:830} INFO - Processing file /home/muhammadsami/Public/Projects/Airflow/DataPipelineswithApacheAirflow/.env/lib/python3.8/site-packages/airflow/example_dags/example_latest_only_with_trigger.py for tasks to queue
[2024-03-16T11:55:09.914+0500] {logging_mixin.py:188} INFO - [2024-03-16T11:55:09.913+0500] {dagbag.py:540} INFO - Filling up the DagBag from /home/muhammadsami/Public/Projects/Airflow/DataPipelineswithApacheAirflow/.env/lib/python3.8/site-packages/airflow/example_dags/example_latest_only_with_trigger.py
[2024-03-16T11:55:09.919+0500] {processor.py:840} INFO - DAG(s) 'latest_only_with_trigger' retrieved from /home/muhammadsami/Public/Projects/Airflow/DataPipelineswithApacheAirflow/.env/lib/python3.8/site-packages/airflow/example_dags/example_latest_only_with_trigger.py
[2024-03-16T11:55:09.936+0500] {logging_mixin.py:188} INFO - [2024-03-16T11:55:09.936+0500] {dag.py:3047} INFO - Sync 1 DAGs
[2024-03-16T11:55:09.958+0500] {logging_mixin.py:188} INFO - [2024-03-16T11:55:09.957+0500] {dag.py:3834} INFO - Setting next_dagrun for latest_only_with_trigger to 2024-03-16 00:00:00+00:00, run_after=2024-03-16 04:00:00+00:00
[2024-03-16T11:55:10.104+0500] {processor.py:183} INFO - Processing /home/muhammadsami/Public/Projects/Airflow/DataPipelineswithApacheAirflow/.env/lib/python3.8/site-packages/airflow/example_dags/example_latest_only_with_trigger.py took 0.207 seconds
[2024-03-16T11:56:02.442+0500] {processor.py:161} INFO - Started process (PID=21920) to work on /home/muhammadsami/Public/Projects/Airflow/DataPipelineswithApacheAirflow/.env/lib/python3.8/site-packages/airflow/example_dags/example_latest_only_with_trigger.py
[2024-03-16T11:56:02.444+0500] {processor.py:830} INFO - Processing file /home/muhammadsami/Public/Projects/Airflow/DataPipelineswithApacheAirflow/.env/lib/python3.8/site-packages/airflow/example_dags/example_latest_only_with_trigger.py for tasks to queue
[2024-03-16T11:56:02.445+0500] {logging_mixin.py:188} INFO - [2024-03-16T11:56:02.444+0500] {dagbag.py:540} INFO - Filling up the DagBag from /home/muhammadsami/Public/Projects/Airflow/DataPipelineswithApacheAirflow/.env/lib/python3.8/site-packages/airflow/example_dags/example_latest_only_with_trigger.py
[2024-03-16T11:56:02.451+0500] {processor.py:840} INFO - DAG(s) 'latest_only_with_trigger' retrieved from /home/muhammadsami/Public/Projects/Airflow/DataPipelineswithApacheAirflow/.env/lib/python3.8/site-packages/airflow/example_dags/example_latest_only_with_trigger.py
[2024-03-16T11:56:02.468+0500] {logging_mixin.py:188} INFO - [2024-03-16T11:56:02.468+0500] {dag.py:3047} INFO - Sync 1 DAGs
[2024-03-16T11:56:02.488+0500] {logging_mixin.py:188} INFO - [2024-03-16T11:56:02.488+0500] {dag.py:3834} INFO - Setting next_dagrun for latest_only_with_trigger to 2024-03-16 00:00:00+00:00, run_after=2024-03-16 04:00:00+00:00
[2024-03-16T11:56:02.624+0500] {processor.py:183} INFO - Processing /home/muhammadsami/Public/Projects/Airflow/DataPipelineswithApacheAirflow/.env/lib/python3.8/site-packages/airflow/example_dags/example_latest_only_with_trigger.py took 0.184 seconds
[2024-03-16T11:56:50.722+0500] {processor.py:161} INFO - Started process (PID=21971) to work on /home/muhammadsami/Public/Projects/Airflow/DataPipelineswithApacheAirflow/.env/lib/python3.8/site-packages/airflow/example_dags/example_latest_only_with_trigger.py
[2024-03-16T11:56:50.723+0500] {processor.py:830} INFO - Processing file /home/muhammadsami/Public/Projects/Airflow/DataPipelineswithApacheAirflow/.env/lib/python3.8/site-packages/airflow/example_dags/example_latest_only_with_trigger.py for tasks to queue
[2024-03-16T11:56:50.724+0500] {logging_mixin.py:188} INFO - [2024-03-16T11:56:50.724+0500] {dagbag.py:540} INFO - Filling up the DagBag from /home/muhammadsami/Public/Projects/Airflow/DataPipelineswithApacheAirflow/.env/lib/python3.8/site-packages/airflow/example_dags/example_latest_only_with_trigger.py
[2024-03-16T11:56:50.729+0500] {processor.py:840} INFO - DAG(s) 'latest_only_with_trigger' retrieved from /home/muhammadsami/Public/Projects/Airflow/DataPipelineswithApacheAirflow/.env/lib/python3.8/site-packages/airflow/example_dags/example_latest_only_with_trigger.py
[2024-03-16T11:56:50.744+0500] {logging_mixin.py:188} INFO - [2024-03-16T11:56:50.743+0500] {dag.py:3047} INFO - Sync 1 DAGs
[2024-03-16T11:56:50.763+0500] {logging_mixin.py:188} INFO - [2024-03-16T11:56:50.763+0500] {dag.py:3834} INFO - Setting next_dagrun for latest_only_with_trigger to 2024-03-16 00:00:00+00:00, run_after=2024-03-16 04:00:00+00:00
[2024-03-16T11:56:50.883+0500] {processor.py:183} INFO - Processing /home/muhammadsami/Public/Projects/Airflow/DataPipelineswithApacheAirflow/.env/lib/python3.8/site-packages/airflow/example_dags/example_latest_only_with_trigger.py took 0.163 seconds
[2024-03-16T11:57:42.865+0500] {processor.py:161} INFO - Started process (PID=22022) to work on /home/muhammadsami/Public/Projects/Airflow/DataPipelineswithApacheAirflow/.env/lib/python3.8/site-packages/airflow/example_dags/example_latest_only_with_trigger.py
[2024-03-16T11:57:42.875+0500] {processor.py:830} INFO - Processing file /home/muhammadsami/Public/Projects/Airflow/DataPipelineswithApacheAirflow/.env/lib/python3.8/site-packages/airflow/example_dags/example_latest_only_with_trigger.py for tasks to queue
[2024-03-16T11:57:42.876+0500] {logging_mixin.py:188} INFO - [2024-03-16T11:57:42.876+0500] {dagbag.py:540} INFO - Filling up the DagBag from /home/muhammadsami/Public/Projects/Airflow/DataPipelineswithApacheAirflow/.env/lib/python3.8/site-packages/airflow/example_dags/example_latest_only_with_trigger.py
[2024-03-16T11:57:42.881+0500] {processor.py:840} INFO - DAG(s) 'latest_only_with_trigger' retrieved from /home/muhammadsami/Public/Projects/Airflow/DataPipelineswithApacheAirflow/.env/lib/python3.8/site-packages/airflow/example_dags/example_latest_only_with_trigger.py
[2024-03-16T11:57:42.894+0500] {logging_mixin.py:188} INFO - [2024-03-16T11:57:42.894+0500] {dag.py:3047} INFO - Sync 1 DAGs
[2024-03-16T11:57:42.912+0500] {logging_mixin.py:188} INFO - [2024-03-16T11:57:42.912+0500] {dag.py:3834} INFO - Setting next_dagrun for latest_only_with_trigger to 2024-03-16 00:00:00+00:00, run_after=2024-03-16 04:00:00+00:00
[2024-03-16T11:57:43.023+0500] {processor.py:183} INFO - Processing /home/muhammadsami/Public/Projects/Airflow/DataPipelineswithApacheAirflow/.env/lib/python3.8/site-packages/airflow/example_dags/example_latest_only_with_trigger.py took 0.161 seconds
[2024-03-16T11:58:35.158+0500] {processor.py:161} INFO - Started process (PID=22126) to work on /home/muhammadsami/Public/Projects/Airflow/DataPipelineswithApacheAirflow/.env/lib/python3.8/site-packages/airflow/example_dags/example_latest_only_with_trigger.py
[2024-03-16T11:58:35.176+0500] {processor.py:830} INFO - Processing file /home/muhammadsami/Public/Projects/Airflow/DataPipelineswithApacheAirflow/.env/lib/python3.8/site-packages/airflow/example_dags/example_latest_only_with_trigger.py for tasks to queue
[2024-03-16T11:58:35.177+0500] {logging_mixin.py:188} INFO - [2024-03-16T11:58:35.177+0500] {dagbag.py:540} INFO - Filling up the DagBag from /home/muhammadsami/Public/Projects/Airflow/DataPipelineswithApacheAirflow/.env/lib/python3.8/site-packages/airflow/example_dags/example_latest_only_with_trigger.py
[2024-03-16T11:58:35.182+0500] {processor.py:840} INFO - DAG(s) 'latest_only_with_trigger' retrieved from /home/muhammadsami/Public/Projects/Airflow/DataPipelineswithApacheAirflow/.env/lib/python3.8/site-packages/airflow/example_dags/example_latest_only_with_trigger.py
[2024-03-16T11:58:35.195+0500] {logging_mixin.py:188} INFO - [2024-03-16T11:58:35.195+0500] {dag.py:3047} INFO - Sync 1 DAGs
[2024-03-16T11:58:35.212+0500] {logging_mixin.py:188} INFO - [2024-03-16T11:58:35.212+0500] {dag.py:3834} INFO - Setting next_dagrun for latest_only_with_trigger to 2024-03-16 00:00:00+00:00, run_after=2024-03-16 04:00:00+00:00
[2024-03-16T11:58:35.318+0500] {processor.py:183} INFO - Processing /home/muhammadsami/Public/Projects/Airflow/DataPipelineswithApacheAirflow/.env/lib/python3.8/site-packages/airflow/example_dags/example_latest_only_with_trigger.py took 0.163 seconds
[2024-03-16T11:59:23.236+0500] {processor.py:161} INFO - Started process (PID=22205) to work on /home/muhammadsami/Public/Projects/Airflow/DataPipelineswithApacheAirflow/.env/lib/python3.8/site-packages/airflow/example_dags/example_latest_only_with_trigger.py
[2024-03-16T11:59:23.237+0500] {processor.py:830} INFO - Processing file /home/muhammadsami/Public/Projects/Airflow/DataPipelineswithApacheAirflow/.env/lib/python3.8/site-packages/airflow/example_dags/example_latest_only_with_trigger.py for tasks to queue
[2024-03-16T11:59:23.238+0500] {logging_mixin.py:188} INFO - [2024-03-16T11:59:23.238+0500] {dagbag.py:540} INFO - Filling up the DagBag from /home/muhammadsami/Public/Projects/Airflow/DataPipelineswithApacheAirflow/.env/lib/python3.8/site-packages/airflow/example_dags/example_latest_only_with_trigger.py
[2024-03-16T11:59:23.245+0500] {processor.py:840} INFO - DAG(s) 'latest_only_with_trigger' retrieved from /home/muhammadsami/Public/Projects/Airflow/DataPipelineswithApacheAirflow/.env/lib/python3.8/site-packages/airflow/example_dags/example_latest_only_with_trigger.py
[2024-03-16T11:59:23.259+0500] {logging_mixin.py:188} INFO - [2024-03-16T11:59:23.259+0500] {dag.py:3047} INFO - Sync 1 DAGs
[2024-03-16T11:59:23.276+0500] {logging_mixin.py:188} INFO - [2024-03-16T11:59:23.276+0500] {dag.py:3834} INFO - Setting next_dagrun for latest_only_with_trigger to 2024-03-16 00:00:00+00:00, run_after=2024-03-16 04:00:00+00:00
[2024-03-16T11:59:23.378+0500] {processor.py:183} INFO - Processing /home/muhammadsami/Public/Projects/Airflow/DataPipelineswithApacheAirflow/.env/lib/python3.8/site-packages/airflow/example_dags/example_latest_only_with_trigger.py took 0.144 seconds
[2024-03-16T12:00:15.718+0500] {processor.py:161} INFO - Started process (PID=22319) to work on /home/muhammadsami/Public/Projects/Airflow/DataPipelineswithApacheAirflow/.env/lib/python3.8/site-packages/airflow/example_dags/example_latest_only_with_trigger.py
[2024-03-16T12:00:15.733+0500] {processor.py:830} INFO - Processing file /home/muhammadsami/Public/Projects/Airflow/DataPipelineswithApacheAirflow/.env/lib/python3.8/site-packages/airflow/example_dags/example_latest_only_with_trigger.py for tasks to queue
[2024-03-16T12:00:15.733+0500] {logging_mixin.py:188} INFO - [2024-03-16T12:00:15.733+0500] {dagbag.py:540} INFO - Filling up the DagBag from /home/muhammadsami/Public/Projects/Airflow/DataPipelineswithApacheAirflow/.env/lib/python3.8/site-packages/airflow/example_dags/example_latest_only_with_trigger.py
[2024-03-16T12:00:15.738+0500] {processor.py:840} INFO - DAG(s) 'latest_only_with_trigger' retrieved from /home/muhammadsami/Public/Projects/Airflow/DataPipelineswithApacheAirflow/.env/lib/python3.8/site-packages/airflow/example_dags/example_latest_only_with_trigger.py
[2024-03-16T12:00:15.751+0500] {logging_mixin.py:188} INFO - [2024-03-16T12:00:15.751+0500] {dag.py:3047} INFO - Sync 1 DAGs
[2024-03-16T12:00:15.768+0500] {logging_mixin.py:188} INFO - [2024-03-16T12:00:15.768+0500] {dag.py:3834} INFO - Setting next_dagrun for latest_only_with_trigger to 2024-03-16 00:00:00+00:00, run_after=2024-03-16 04:00:00+00:00
[2024-03-16T12:00:15.867+0500] {processor.py:183} INFO - Processing /home/muhammadsami/Public/Projects/Airflow/DataPipelineswithApacheAirflow/.env/lib/python3.8/site-packages/airflow/example_dags/example_latest_only_with_trigger.py took 0.153 seconds
[2024-03-16T12:01:09.656+0500] {processor.py:161} INFO - Started process (PID=22371) to work on /home/muhammadsami/Public/Projects/Airflow/DataPipelineswithApacheAirflow/.env/lib/python3.8/site-packages/airflow/example_dags/example_latest_only_with_trigger.py
[2024-03-16T12:01:09.657+0500] {processor.py:830} INFO - Processing file /home/muhammadsami/Public/Projects/Airflow/DataPipelineswithApacheAirflow/.env/lib/python3.8/site-packages/airflow/example_dags/example_latest_only_with_trigger.py for tasks to queue
[2024-03-16T12:01:09.658+0500] {logging_mixin.py:188} INFO - [2024-03-16T12:01:09.658+0500] {dagbag.py:540} INFO - Filling up the DagBag from /home/muhammadsami/Public/Projects/Airflow/DataPipelineswithApacheAirflow/.env/lib/python3.8/site-packages/airflow/example_dags/example_latest_only_with_trigger.py
[2024-03-16T12:01:09.663+0500] {processor.py:840} INFO - DAG(s) 'latest_only_with_trigger' retrieved from /home/muhammadsami/Public/Projects/Airflow/DataPipelineswithApacheAirflow/.env/lib/python3.8/site-packages/airflow/example_dags/example_latest_only_with_trigger.py
[2024-03-16T12:01:09.677+0500] {logging_mixin.py:188} INFO - [2024-03-16T12:01:09.677+0500] {dag.py:3047} INFO - Sync 1 DAGs
[2024-03-16T12:01:09.694+0500] {logging_mixin.py:188} INFO - [2024-03-16T12:01:09.693+0500] {dag.py:3834} INFO - Setting next_dagrun for latest_only_with_trigger to 2024-03-16 00:00:00+00:00, run_after=2024-03-16 04:00:00+00:00
[2024-03-16T12:01:09.801+0500] {processor.py:183} INFO - Processing /home/muhammadsami/Public/Projects/Airflow/DataPipelineswithApacheAirflow/.env/lib/python3.8/site-packages/airflow/example_dags/example_latest_only_with_trigger.py took 0.148 seconds
