[2024-03-16T11:22:47.296+0500] {processor.py:161} INFO - Started process (PID=18182) to work on /home/muhammadsami/Public/Projects/Airflow/DataPipelineswithApacheAirflow/.env/lib/python3.8/site-packages/airflow/example_dags/example_sensors.py
[2024-03-16T11:22:47.297+0500] {processor.py:830} INFO - Processing file /home/muhammadsami/Public/Projects/Airflow/DataPipelineswithApacheAirflow/.env/lib/python3.8/site-packages/airflow/example_dags/example_sensors.py for tasks to queue
[2024-03-16T11:22:47.298+0500] {logging_mixin.py:188} INFO - [2024-03-16T11:22:47.298+0500] {dagbag.py:540} INFO - Filling up the DagBag from /home/muhammadsami/Public/Projects/Airflow/DataPipelineswithApacheAirflow/.env/lib/python3.8/site-packages/airflow/example_dags/example_sensors.py
[2024-03-16T11:22:47.306+0500] {processor.py:840} INFO - DAG(s) 'example_sensors' retrieved from /home/muhammadsami/Public/Projects/Airflow/DataPipelineswithApacheAirflow/.env/lib/python3.8/site-packages/airflow/example_dags/example_sensors.py
[2024-03-16T11:22:47.639+0500] {logging_mixin.py:188} INFO - [2024-03-16T11:22:47.638+0500] {override.py:1769} INFO - Created Permission View: can edit on DAG:example_sensors
[2024-03-16T11:22:47.737+0500] {logging_mixin.py:188} INFO - [2024-03-16T11:22:47.737+0500] {override.py:1769} INFO - Created Permission View: can delete on DAG:example_sensors
[2024-03-16T11:22:47.844+0500] {logging_mixin.py:188} INFO - [2024-03-16T11:22:47.844+0500] {override.py:1769} INFO - Created Permission View: can read on DAG:example_sensors
[2024-03-16T11:22:47.845+0500] {logging_mixin.py:188} INFO - [2024-03-16T11:22:47.845+0500] {dag.py:3047} INFO - Sync 1 DAGs
[2024-03-16T11:22:47.941+0500] {logging_mixin.py:188} INFO - [2024-03-16T11:22:47.940+0500] {dag.py:3069} INFO - Creating ORM DAG for example_sensors
[2024-03-16T11:22:47.941+0500] {logging_mixin.py:188} INFO - [2024-03-16T11:22:47.941+0500] {dag.py:3834} INFO - Setting next_dagrun for example_sensors to None, run_after=None
[2024-03-16T11:22:48.985+0500] {processor.py:183} INFO - Processing /home/muhammadsami/Public/Projects/Airflow/DataPipelineswithApacheAirflow/.env/lib/python3.8/site-packages/airflow/example_dags/example_sensors.py took 1.691 seconds
[2024-03-16T11:24:07.345+0500] {processor.py:161} INFO - Started process (PID=18459) to work on /home/muhammadsami/Public/Projects/Airflow/DataPipelineswithApacheAirflow/.env/lib/python3.8/site-packages/airflow/example_dags/example_sensors.py
[2024-03-16T11:24:07.346+0500] {processor.py:830} INFO - Processing file /home/muhammadsami/Public/Projects/Airflow/DataPipelineswithApacheAirflow/.env/lib/python3.8/site-packages/airflow/example_dags/example_sensors.py for tasks to queue
[2024-03-16T11:24:07.347+0500] {logging_mixin.py:188} INFO - [2024-03-16T11:24:07.347+0500] {dagbag.py:540} INFO - Filling up the DagBag from /home/muhammadsami/Public/Projects/Airflow/DataPipelineswithApacheAirflow/.env/lib/python3.8/site-packages/airflow/example_dags/example_sensors.py
[2024-03-16T11:24:07.355+0500] {processor.py:840} INFO - DAG(s) 'example_sensors' retrieved from /home/muhammadsami/Public/Projects/Airflow/DataPipelineswithApacheAirflow/.env/lib/python3.8/site-packages/airflow/example_dags/example_sensors.py
[2024-03-16T11:24:07.372+0500] {logging_mixin.py:188} INFO - [2024-03-16T11:24:07.371+0500] {dag.py:3047} INFO - Sync 1 DAGs
[2024-03-16T11:24:07.381+0500] {logging_mixin.py:188} INFO - [2024-03-16T11:24:07.381+0500] {dag.py:3834} INFO - Setting next_dagrun for example_sensors to None, run_after=None
[2024-03-16T11:24:07.490+0500] {processor.py:183} INFO - Processing /home/muhammadsami/Public/Projects/Airflow/DataPipelineswithApacheAirflow/.env/lib/python3.8/site-packages/airflow/example_dags/example_sensors.py took 0.147 seconds
[2024-03-16T11:25:04.219+0500] {processor.py:161} INFO - Started process (PID=18596) to work on /home/muhammadsami/Public/Projects/Airflow/DataPipelineswithApacheAirflow/.env/lib/python3.8/site-packages/airflow/example_dags/example_sensors.py
[2024-03-16T11:25:04.220+0500] {processor.py:830} INFO - Processing file /home/muhammadsami/Public/Projects/Airflow/DataPipelineswithApacheAirflow/.env/lib/python3.8/site-packages/airflow/example_dags/example_sensors.py for tasks to queue
[2024-03-16T11:25:04.222+0500] {logging_mixin.py:188} INFO - [2024-03-16T11:25:04.221+0500] {dagbag.py:540} INFO - Filling up the DagBag from /home/muhammadsami/Public/Projects/Airflow/DataPipelineswithApacheAirflow/.env/lib/python3.8/site-packages/airflow/example_dags/example_sensors.py
[2024-03-16T11:25:04.236+0500] {processor.py:840} INFO - DAG(s) 'example_sensors' retrieved from /home/muhammadsami/Public/Projects/Airflow/DataPipelineswithApacheAirflow/.env/lib/python3.8/site-packages/airflow/example_dags/example_sensors.py
[2024-03-16T11:25:04.272+0500] {logging_mixin.py:188} INFO - [2024-03-16T11:25:04.272+0500] {dag.py:3047} INFO - Sync 1 DAGs
[2024-03-16T11:25:04.290+0500] {logging_mixin.py:188} INFO - [2024-03-16T11:25:04.290+0500] {dag.py:3834} INFO - Setting next_dagrun for example_sensors to None, run_after=None
[2024-03-16T11:25:04.429+0500] {processor.py:183} INFO - Processing /home/muhammadsami/Public/Projects/Airflow/DataPipelineswithApacheAirflow/.env/lib/python3.8/site-packages/airflow/example_dags/example_sensors.py took 0.214 seconds
[2024-03-16T11:25:56.001+0500] {processor.py:161} INFO - Started process (PID=18657) to work on /home/muhammadsami/Public/Projects/Airflow/DataPipelineswithApacheAirflow/.env/lib/python3.8/site-packages/airflow/example_dags/example_sensors.py
[2024-03-16T11:25:56.003+0500] {processor.py:830} INFO - Processing file /home/muhammadsami/Public/Projects/Airflow/DataPipelineswithApacheAirflow/.env/lib/python3.8/site-packages/airflow/example_dags/example_sensors.py for tasks to queue
[2024-03-16T11:25:56.003+0500] {logging_mixin.py:188} INFO - [2024-03-16T11:25:56.003+0500] {dagbag.py:540} INFO - Filling up the DagBag from /home/muhammadsami/Public/Projects/Airflow/DataPipelineswithApacheAirflow/.env/lib/python3.8/site-packages/airflow/example_dags/example_sensors.py
[2024-03-16T11:25:56.014+0500] {processor.py:840} INFO - DAG(s) 'example_sensors' retrieved from /home/muhammadsami/Public/Projects/Airflow/DataPipelineswithApacheAirflow/.env/lib/python3.8/site-packages/airflow/example_dags/example_sensors.py
[2024-03-16T11:25:56.045+0500] {logging_mixin.py:188} INFO - [2024-03-16T11:25:56.044+0500] {dag.py:3047} INFO - Sync 1 DAGs
[2024-03-16T11:25:56.065+0500] {logging_mixin.py:188} INFO - [2024-03-16T11:25:56.065+0500] {dag.py:3834} INFO - Setting next_dagrun for example_sensors to None, run_after=None
[2024-03-16T11:25:56.174+0500] {processor.py:183} INFO - Processing /home/muhammadsami/Public/Projects/Airflow/DataPipelineswithApacheAirflow/.env/lib/python3.8/site-packages/airflow/example_dags/example_sensors.py took 0.176 seconds
[2024-03-16T11:26:47.407+0500] {processor.py:161} INFO - Started process (PID=18738) to work on /home/muhammadsami/Public/Projects/Airflow/DataPipelineswithApacheAirflow/.env/lib/python3.8/site-packages/airflow/example_dags/example_sensors.py
[2024-03-16T11:26:47.409+0500] {processor.py:830} INFO - Processing file /home/muhammadsami/Public/Projects/Airflow/DataPipelineswithApacheAirflow/.env/lib/python3.8/site-packages/airflow/example_dags/example_sensors.py for tasks to queue
[2024-03-16T11:26:47.410+0500] {logging_mixin.py:188} INFO - [2024-03-16T11:26:47.409+0500] {dagbag.py:540} INFO - Filling up the DagBag from /home/muhammadsami/Public/Projects/Airflow/DataPipelineswithApacheAirflow/.env/lib/python3.8/site-packages/airflow/example_dags/example_sensors.py
[2024-03-16T11:26:47.421+0500] {processor.py:840} INFO - DAG(s) 'example_sensors' retrieved from /home/muhammadsami/Public/Projects/Airflow/DataPipelineswithApacheAirflow/.env/lib/python3.8/site-packages/airflow/example_dags/example_sensors.py
[2024-03-16T11:26:47.443+0500] {logging_mixin.py:188} INFO - [2024-03-16T11:26:47.443+0500] {dag.py:3047} INFO - Sync 1 DAGs
[2024-03-16T11:26:47.457+0500] {logging_mixin.py:188} INFO - [2024-03-16T11:26:47.456+0500] {dag.py:3834} INFO - Setting next_dagrun for example_sensors to None, run_after=None
[2024-03-16T11:26:47.562+0500] {processor.py:183} INFO - Processing /home/muhammadsami/Public/Projects/Airflow/DataPipelineswithApacheAirflow/.env/lib/python3.8/site-packages/airflow/example_dags/example_sensors.py took 0.157 seconds
[2024-03-16T11:27:36.297+0500] {processor.py:161} INFO - Started process (PID=18790) to work on /home/muhammadsami/Public/Projects/Airflow/DataPipelineswithApacheAirflow/.env/lib/python3.8/site-packages/airflow/example_dags/example_sensors.py
[2024-03-16T11:27:36.299+0500] {processor.py:830} INFO - Processing file /home/muhammadsami/Public/Projects/Airflow/DataPipelineswithApacheAirflow/.env/lib/python3.8/site-packages/airflow/example_dags/example_sensors.py for tasks to queue
[2024-03-16T11:27:36.300+0500] {logging_mixin.py:188} INFO - [2024-03-16T11:27:36.299+0500] {dagbag.py:540} INFO - Filling up the DagBag from /home/muhammadsami/Public/Projects/Airflow/DataPipelineswithApacheAirflow/.env/lib/python3.8/site-packages/airflow/example_dags/example_sensors.py
[2024-03-16T11:27:36.308+0500] {processor.py:840} INFO - DAG(s) 'example_sensors' retrieved from /home/muhammadsami/Public/Projects/Airflow/DataPipelineswithApacheAirflow/.env/lib/python3.8/site-packages/airflow/example_dags/example_sensors.py
[2024-03-16T11:27:36.325+0500] {logging_mixin.py:188} INFO - [2024-03-16T11:27:36.324+0500] {dag.py:3047} INFO - Sync 1 DAGs
[2024-03-16T11:27:36.335+0500] {logging_mixin.py:188} INFO - [2024-03-16T11:27:36.334+0500] {dag.py:3834} INFO - Setting next_dagrun for example_sensors to None, run_after=None
[2024-03-16T11:27:36.432+0500] {processor.py:183} INFO - Processing /home/muhammadsami/Public/Projects/Airflow/DataPipelineswithApacheAirflow/.env/lib/python3.8/site-packages/airflow/example_dags/example_sensors.py took 0.137 seconds
[2024-03-16T11:28:38.456+0500] {processor.py:161} INFO - Started process (PID=18850) to work on /home/muhammadsami/Public/Projects/Airflow/DataPipelineswithApacheAirflow/.env/lib/python3.8/site-packages/airflow/example_dags/example_sensors.py
[2024-03-16T11:28:38.458+0500] {processor.py:830} INFO - Processing file /home/muhammadsami/Public/Projects/Airflow/DataPipelineswithApacheAirflow/.env/lib/python3.8/site-packages/airflow/example_dags/example_sensors.py for tasks to queue
[2024-03-16T11:28:38.458+0500] {logging_mixin.py:188} INFO - [2024-03-16T11:28:38.458+0500] {dagbag.py:540} INFO - Filling up the DagBag from /home/muhammadsami/Public/Projects/Airflow/DataPipelineswithApacheAirflow/.env/lib/python3.8/site-packages/airflow/example_dags/example_sensors.py
[2024-03-16T11:28:38.467+0500] {processor.py:840} INFO - DAG(s) 'example_sensors' retrieved from /home/muhammadsami/Public/Projects/Airflow/DataPipelineswithApacheAirflow/.env/lib/python3.8/site-packages/airflow/example_dags/example_sensors.py
[2024-03-16T11:28:38.485+0500] {logging_mixin.py:188} INFO - [2024-03-16T11:28:38.485+0500] {dag.py:3047} INFO - Sync 1 DAGs
[2024-03-16T11:28:38.495+0500] {logging_mixin.py:188} INFO - [2024-03-16T11:28:38.495+0500] {dag.py:3834} INFO - Setting next_dagrun for example_sensors to None, run_after=None
[2024-03-16T11:28:38.587+0500] {processor.py:183} INFO - Processing /home/muhammadsami/Public/Projects/Airflow/DataPipelineswithApacheAirflow/.env/lib/python3.8/site-packages/airflow/example_dags/example_sensors.py took 0.133 seconds
[2024-03-16T11:29:29.358+0500] {processor.py:161} INFO - Started process (PID=18920) to work on /home/muhammadsami/Public/Projects/Airflow/DataPipelineswithApacheAirflow/.env/lib/python3.8/site-packages/airflow/example_dags/example_sensors.py
[2024-03-16T11:29:29.359+0500] {processor.py:830} INFO - Processing file /home/muhammadsami/Public/Projects/Airflow/DataPipelineswithApacheAirflow/.env/lib/python3.8/site-packages/airflow/example_dags/example_sensors.py for tasks to queue
[2024-03-16T11:29:29.361+0500] {logging_mixin.py:188} INFO - [2024-03-16T11:29:29.360+0500] {dagbag.py:540} INFO - Filling up the DagBag from /home/muhammadsami/Public/Projects/Airflow/DataPipelineswithApacheAirflow/.env/lib/python3.8/site-packages/airflow/example_dags/example_sensors.py
[2024-03-16T11:29:29.370+0500] {processor.py:840} INFO - DAG(s) 'example_sensors' retrieved from /home/muhammadsami/Public/Projects/Airflow/DataPipelineswithApacheAirflow/.env/lib/python3.8/site-packages/airflow/example_dags/example_sensors.py
[2024-03-16T11:29:29.387+0500] {logging_mixin.py:188} INFO - [2024-03-16T11:29:29.387+0500] {dag.py:3047} INFO - Sync 1 DAGs
[2024-03-16T11:29:29.397+0500] {logging_mixin.py:188} INFO - [2024-03-16T11:29:29.397+0500] {dag.py:3834} INFO - Setting next_dagrun for example_sensors to None, run_after=None
[2024-03-16T11:29:29.538+0500] {processor.py:183} INFO - Processing /home/muhammadsami/Public/Projects/Airflow/DataPipelineswithApacheAirflow/.env/lib/python3.8/site-packages/airflow/example_dags/example_sensors.py took 0.182 seconds
[2024-03-16T11:30:20.543+0500] {processor.py:161} INFO - Started process (PID=18980) to work on /home/muhammadsami/Public/Projects/Airflow/DataPipelineswithApacheAirflow/.env/lib/python3.8/site-packages/airflow/example_dags/example_sensors.py
[2024-03-16T11:30:20.544+0500] {processor.py:830} INFO - Processing file /home/muhammadsami/Public/Projects/Airflow/DataPipelineswithApacheAirflow/.env/lib/python3.8/site-packages/airflow/example_dags/example_sensors.py for tasks to queue
[2024-03-16T11:30:20.545+0500] {logging_mixin.py:188} INFO - [2024-03-16T11:30:20.545+0500] {dagbag.py:540} INFO - Filling up the DagBag from /home/muhammadsami/Public/Projects/Airflow/DataPipelineswithApacheAirflow/.env/lib/python3.8/site-packages/airflow/example_dags/example_sensors.py
[2024-03-16T11:30:20.554+0500] {processor.py:840} INFO - DAG(s) 'example_sensors' retrieved from /home/muhammadsami/Public/Projects/Airflow/DataPipelineswithApacheAirflow/.env/lib/python3.8/site-packages/airflow/example_dags/example_sensors.py
[2024-03-16T11:30:20.571+0500] {logging_mixin.py:188} INFO - [2024-03-16T11:30:20.570+0500] {dag.py:3047} INFO - Sync 1 DAGs
[2024-03-16T11:30:20.580+0500] {logging_mixin.py:188} INFO - [2024-03-16T11:30:20.580+0500] {dag.py:3834} INFO - Setting next_dagrun for example_sensors to None, run_after=None
[2024-03-16T11:30:20.685+0500] {processor.py:183} INFO - Processing /home/muhammadsami/Public/Projects/Airflow/DataPipelineswithApacheAirflow/.env/lib/python3.8/site-packages/airflow/example_dags/example_sensors.py took 0.145 seconds
[2024-03-16T11:39:01.803+0500] {processor.py:161} INFO - Started process (PID=19624) to work on /home/muhammadsami/Public/Projects/Airflow/DataPipelineswithApacheAirflow/.env/lib/python3.8/site-packages/airflow/example_dags/example_sensors.py
[2024-03-16T11:39:01.820+0500] {processor.py:830} INFO - Processing file /home/muhammadsami/Public/Projects/Airflow/DataPipelineswithApacheAirflow/.env/lib/python3.8/site-packages/airflow/example_dags/example_sensors.py for tasks to queue
[2024-03-16T11:39:01.821+0500] {logging_mixin.py:188} INFO - [2024-03-16T11:39:01.821+0500] {dagbag.py:540} INFO - Filling up the DagBag from /home/muhammadsami/Public/Projects/Airflow/DataPipelineswithApacheAirflow/.env/lib/python3.8/site-packages/airflow/example_dags/example_sensors.py
[2024-03-16T11:39:01.830+0500] {processor.py:840} INFO - DAG(s) 'example_sensors' retrieved from /home/muhammadsami/Public/Projects/Airflow/DataPipelineswithApacheAirflow/.env/lib/python3.8/site-packages/airflow/example_dags/example_sensors.py
[2024-03-16T11:39:01.850+0500] {logging_mixin.py:188} INFO - [2024-03-16T11:39:01.849+0500] {dag.py:3047} INFO - Sync 1 DAGs
[2024-03-16T11:39:01.860+0500] {logging_mixin.py:188} INFO - [2024-03-16T11:39:01.860+0500] {dag.py:3834} INFO - Setting next_dagrun for example_sensors to None, run_after=None
[2024-03-16T11:39:01.977+0500] {processor.py:183} INFO - Processing /home/muhammadsami/Public/Projects/Airflow/DataPipelineswithApacheAirflow/.env/lib/python3.8/site-packages/airflow/example_dags/example_sensors.py took 0.177 seconds
[2024-03-16T11:40:08.905+0500] {processor.py:161} INFO - Started process (PID=19938) to work on /home/muhammadsami/Public/Projects/Airflow/DataPipelineswithApacheAirflow/.env/lib/python3.8/site-packages/airflow/example_dags/example_sensors.py
[2024-03-16T11:40:08.918+0500] {processor.py:830} INFO - Processing file /home/muhammadsami/Public/Projects/Airflow/DataPipelineswithApacheAirflow/.env/lib/python3.8/site-packages/airflow/example_dags/example_sensors.py for tasks to queue
[2024-03-16T11:40:08.919+0500] {logging_mixin.py:188} INFO - [2024-03-16T11:40:08.918+0500] {dagbag.py:540} INFO - Filling up the DagBag from /home/muhammadsami/Public/Projects/Airflow/DataPipelineswithApacheAirflow/.env/lib/python3.8/site-packages/airflow/example_dags/example_sensors.py
[2024-03-16T11:40:08.927+0500] {processor.py:840} INFO - DAG(s) 'example_sensors' retrieved from /home/muhammadsami/Public/Projects/Airflow/DataPipelineswithApacheAirflow/.env/lib/python3.8/site-packages/airflow/example_dags/example_sensors.py
[2024-03-16T11:40:08.943+0500] {logging_mixin.py:188} INFO - [2024-03-16T11:40:08.942+0500] {dag.py:3047} INFO - Sync 1 DAGs
[2024-03-16T11:40:08.952+0500] {logging_mixin.py:188} INFO - [2024-03-16T11:40:08.952+0500] {dag.py:3834} INFO - Setting next_dagrun for example_sensors to None, run_after=None
[2024-03-16T11:40:09.057+0500] {processor.py:183} INFO - Processing /home/muhammadsami/Public/Projects/Airflow/DataPipelineswithApacheAirflow/.env/lib/python3.8/site-packages/airflow/example_dags/example_sensors.py took 0.155 seconds
[2024-03-16T11:41:27.192+0500] {processor.py:161} INFO - Started process (PID=20187) to work on /home/muhammadsami/Public/Projects/Airflow/DataPipelineswithApacheAirflow/.env/lib/python3.8/site-packages/airflow/example_dags/example_sensors.py
[2024-03-16T11:41:27.194+0500] {processor.py:830} INFO - Processing file /home/muhammadsami/Public/Projects/Airflow/DataPipelineswithApacheAirflow/.env/lib/python3.8/site-packages/airflow/example_dags/example_sensors.py for tasks to queue
[2024-03-16T11:41:27.195+0500] {logging_mixin.py:188} INFO - [2024-03-16T11:41:27.194+0500] {dagbag.py:540} INFO - Filling up the DagBag from /home/muhammadsami/Public/Projects/Airflow/DataPipelineswithApacheAirflow/.env/lib/python3.8/site-packages/airflow/example_dags/example_sensors.py
[2024-03-16T11:41:27.204+0500] {processor.py:840} INFO - DAG(s) 'example_sensors' retrieved from /home/muhammadsami/Public/Projects/Airflow/DataPipelineswithApacheAirflow/.env/lib/python3.8/site-packages/airflow/example_dags/example_sensors.py
[2024-03-16T11:41:27.220+0500] {logging_mixin.py:188} INFO - [2024-03-16T11:41:27.220+0500] {dag.py:3047} INFO - Sync 1 DAGs
[2024-03-16T11:41:27.230+0500] {logging_mixin.py:188} INFO - [2024-03-16T11:41:27.229+0500] {dag.py:3834} INFO - Setting next_dagrun for example_sensors to None, run_after=None
[2024-03-16T11:41:27.326+0500] {processor.py:183} INFO - Processing /home/muhammadsami/Public/Projects/Airflow/DataPipelineswithApacheAirflow/.env/lib/python3.8/site-packages/airflow/example_dags/example_sensors.py took 0.137 seconds
[2024-03-16T11:42:23.323+0500] {processor.py:161} INFO - Started process (PID=20251) to work on /home/muhammadsami/Public/Projects/Airflow/DataPipelineswithApacheAirflow/.env/lib/python3.8/site-packages/airflow/example_dags/example_sensors.py
[2024-03-16T11:42:23.324+0500] {processor.py:830} INFO - Processing file /home/muhammadsami/Public/Projects/Airflow/DataPipelineswithApacheAirflow/.env/lib/python3.8/site-packages/airflow/example_dags/example_sensors.py for tasks to queue
[2024-03-16T11:42:23.325+0500] {logging_mixin.py:188} INFO - [2024-03-16T11:42:23.324+0500] {dagbag.py:540} INFO - Filling up the DagBag from /home/muhammadsami/Public/Projects/Airflow/DataPipelineswithApacheAirflow/.env/lib/python3.8/site-packages/airflow/example_dags/example_sensors.py
[2024-03-16T11:42:23.333+0500] {processor.py:840} INFO - DAG(s) 'example_sensors' retrieved from /home/muhammadsami/Public/Projects/Airflow/DataPipelineswithApacheAirflow/.env/lib/python3.8/site-packages/airflow/example_dags/example_sensors.py
[2024-03-16T11:42:23.350+0500] {logging_mixin.py:188} INFO - [2024-03-16T11:42:23.349+0500] {dag.py:3047} INFO - Sync 1 DAGs
[2024-03-16T11:42:23.359+0500] {logging_mixin.py:188} INFO - [2024-03-16T11:42:23.359+0500] {dag.py:3834} INFO - Setting next_dagrun for example_sensors to None, run_after=None
[2024-03-16T11:42:23.457+0500] {processor.py:183} INFO - Processing /home/muhammadsami/Public/Projects/Airflow/DataPipelineswithApacheAirflow/.env/lib/python3.8/site-packages/airflow/example_dags/example_sensors.py took 0.137 seconds
[2024-03-16T11:43:15.398+0500] {processor.py:161} INFO - Started process (PID=20309) to work on /home/muhammadsami/Public/Projects/Airflow/DataPipelineswithApacheAirflow/.env/lib/python3.8/site-packages/airflow/example_dags/example_sensors.py
[2024-03-16T11:43:15.399+0500] {processor.py:830} INFO - Processing file /home/muhammadsami/Public/Projects/Airflow/DataPipelineswithApacheAirflow/.env/lib/python3.8/site-packages/airflow/example_dags/example_sensors.py for tasks to queue
[2024-03-16T11:43:15.400+0500] {logging_mixin.py:188} INFO - [2024-03-16T11:43:15.400+0500] {dagbag.py:540} INFO - Filling up the DagBag from /home/muhammadsami/Public/Projects/Airflow/DataPipelineswithApacheAirflow/.env/lib/python3.8/site-packages/airflow/example_dags/example_sensors.py
[2024-03-16T11:43:15.410+0500] {processor.py:840} INFO - DAG(s) 'example_sensors' retrieved from /home/muhammadsami/Public/Projects/Airflow/DataPipelineswithApacheAirflow/.env/lib/python3.8/site-packages/airflow/example_dags/example_sensors.py
[2024-03-16T11:43:15.426+0500] {logging_mixin.py:188} INFO - [2024-03-16T11:43:15.426+0500] {dag.py:3047} INFO - Sync 1 DAGs
[2024-03-16T11:43:15.437+0500] {logging_mixin.py:188} INFO - [2024-03-16T11:43:15.436+0500] {dag.py:3834} INFO - Setting next_dagrun for example_sensors to None, run_after=None
[2024-03-16T11:43:15.596+0500] {processor.py:183} INFO - Processing /home/muhammadsami/Public/Projects/Airflow/DataPipelineswithApacheAirflow/.env/lib/python3.8/site-packages/airflow/example_dags/example_sensors.py took 0.200 seconds
[2024-03-16T11:44:07.855+0500] {processor.py:161} INFO - Started process (PID=20386) to work on /home/muhammadsami/Public/Projects/Airflow/DataPipelineswithApacheAirflow/.env/lib/python3.8/site-packages/airflow/example_dags/example_sensors.py
[2024-03-16T11:44:07.867+0500] {processor.py:830} INFO - Processing file /home/muhammadsami/Public/Projects/Airflow/DataPipelineswithApacheAirflow/.env/lib/python3.8/site-packages/airflow/example_dags/example_sensors.py for tasks to queue
[2024-03-16T11:44:07.868+0500] {logging_mixin.py:188} INFO - [2024-03-16T11:44:07.868+0500] {dagbag.py:540} INFO - Filling up the DagBag from /home/muhammadsami/Public/Projects/Airflow/DataPipelineswithApacheAirflow/.env/lib/python3.8/site-packages/airflow/example_dags/example_sensors.py
[2024-03-16T11:44:07.876+0500] {processor.py:840} INFO - DAG(s) 'example_sensors' retrieved from /home/muhammadsami/Public/Projects/Airflow/DataPipelineswithApacheAirflow/.env/lib/python3.8/site-packages/airflow/example_dags/example_sensors.py
[2024-03-16T11:44:07.892+0500] {logging_mixin.py:188} INFO - [2024-03-16T11:44:07.892+0500] {dag.py:3047} INFO - Sync 1 DAGs
[2024-03-16T11:44:07.902+0500] {logging_mixin.py:188} INFO - [2024-03-16T11:44:07.902+0500] {dag.py:3834} INFO - Setting next_dagrun for example_sensors to None, run_after=None
[2024-03-16T11:44:07.991+0500] {processor.py:183} INFO - Processing /home/muhammadsami/Public/Projects/Airflow/DataPipelineswithApacheAirflow/.env/lib/python3.8/site-packages/airflow/example_dags/example_sensors.py took 0.138 seconds
[2024-03-16T11:45:10.427+0500] {processor.py:161} INFO - Started process (PID=20731) to work on /home/muhammadsami/Public/Projects/Airflow/DataPipelineswithApacheAirflow/.env/lib/python3.8/site-packages/airflow/example_dags/example_sensors.py
[2024-03-16T11:45:10.435+0500] {processor.py:830} INFO - Processing file /home/muhammadsami/Public/Projects/Airflow/DataPipelineswithApacheAirflow/.env/lib/python3.8/site-packages/airflow/example_dags/example_sensors.py for tasks to queue
[2024-03-16T11:45:10.436+0500] {logging_mixin.py:188} INFO - [2024-03-16T11:45:10.435+0500] {dagbag.py:540} INFO - Filling up the DagBag from /home/muhammadsami/Public/Projects/Airflow/DataPipelineswithApacheAirflow/.env/lib/python3.8/site-packages/airflow/example_dags/example_sensors.py
[2024-03-16T11:45:10.444+0500] {processor.py:840} INFO - DAG(s) 'example_sensors' retrieved from /home/muhammadsami/Public/Projects/Airflow/DataPipelineswithApacheAirflow/.env/lib/python3.8/site-packages/airflow/example_dags/example_sensors.py
[2024-03-16T11:45:10.462+0500] {logging_mixin.py:188} INFO - [2024-03-16T11:45:10.462+0500] {dag.py:3047} INFO - Sync 1 DAGs
[2024-03-16T11:45:10.471+0500] {logging_mixin.py:188} INFO - [2024-03-16T11:45:10.471+0500] {dag.py:3834} INFO - Setting next_dagrun for example_sensors to None, run_after=None
[2024-03-16T11:45:10.566+0500] {processor.py:183} INFO - Processing /home/muhammadsami/Public/Projects/Airflow/DataPipelineswithApacheAirflow/.env/lib/python3.8/site-packages/airflow/example_dags/example_sensors.py took 0.142 seconds
[2024-03-16T11:46:13.995+0500] {processor.py:161} INFO - Started process (PID=20863) to work on /home/muhammadsami/Public/Projects/Airflow/DataPipelineswithApacheAirflow/.env/lib/python3.8/site-packages/airflow/example_dags/example_sensors.py
[2024-03-16T11:46:14.014+0500] {processor.py:830} INFO - Processing file /home/muhammadsami/Public/Projects/Airflow/DataPipelineswithApacheAirflow/.env/lib/python3.8/site-packages/airflow/example_dags/example_sensors.py for tasks to queue
[2024-03-16T11:46:14.017+0500] {logging_mixin.py:188} INFO - [2024-03-16T11:46:14.016+0500] {dagbag.py:540} INFO - Filling up the DagBag from /home/muhammadsami/Public/Projects/Airflow/DataPipelineswithApacheAirflow/.env/lib/python3.8/site-packages/airflow/example_dags/example_sensors.py
[2024-03-16T11:46:14.032+0500] {processor.py:840} INFO - DAG(s) 'example_sensors' retrieved from /home/muhammadsami/Public/Projects/Airflow/DataPipelineswithApacheAirflow/.env/lib/python3.8/site-packages/airflow/example_dags/example_sensors.py
[2024-03-16T11:46:14.066+0500] {logging_mixin.py:188} INFO - [2024-03-16T11:46:14.065+0500] {dag.py:3047} INFO - Sync 1 DAGs
[2024-03-16T11:46:14.089+0500] {logging_mixin.py:188} INFO - [2024-03-16T11:46:14.089+0500] {dag.py:3834} INFO - Setting next_dagrun for example_sensors to None, run_after=None
[2024-03-16T11:46:14.190+0500] {processor.py:183} INFO - Processing /home/muhammadsami/Public/Projects/Airflow/DataPipelineswithApacheAirflow/.env/lib/python3.8/site-packages/airflow/example_dags/example_sensors.py took 0.197 seconds
[2024-03-16T11:47:05.480+0500] {processor.py:161} INFO - Started process (PID=20940) to work on /home/muhammadsami/Public/Projects/Airflow/DataPipelineswithApacheAirflow/.env/lib/python3.8/site-packages/airflow/example_dags/example_sensors.py
[2024-03-16T11:47:05.492+0500] {processor.py:830} INFO - Processing file /home/muhammadsami/Public/Projects/Airflow/DataPipelineswithApacheAirflow/.env/lib/python3.8/site-packages/airflow/example_dags/example_sensors.py for tasks to queue
[2024-03-16T11:47:05.493+0500] {logging_mixin.py:188} INFO - [2024-03-16T11:47:05.492+0500] {dagbag.py:540} INFO - Filling up the DagBag from /home/muhammadsami/Public/Projects/Airflow/DataPipelineswithApacheAirflow/.env/lib/python3.8/site-packages/airflow/example_dags/example_sensors.py
[2024-03-16T11:47:05.500+0500] {processor.py:840} INFO - DAG(s) 'example_sensors' retrieved from /home/muhammadsami/Public/Projects/Airflow/DataPipelineswithApacheAirflow/.env/lib/python3.8/site-packages/airflow/example_dags/example_sensors.py
[2024-03-16T11:47:05.518+0500] {logging_mixin.py:188} INFO - [2024-03-16T11:47:05.517+0500] {dag.py:3047} INFO - Sync 1 DAGs
[2024-03-16T11:47:05.528+0500] {logging_mixin.py:188} INFO - [2024-03-16T11:47:05.528+0500] {dag.py:3834} INFO - Setting next_dagrun for example_sensors to None, run_after=None
[2024-03-16T11:47:05.626+0500] {processor.py:183} INFO - Processing /home/muhammadsami/Public/Projects/Airflow/DataPipelineswithApacheAirflow/.env/lib/python3.8/site-packages/airflow/example_dags/example_sensors.py took 0.148 seconds
[2024-03-16T11:47:55.585+0500] {processor.py:161} INFO - Started process (PID=20994) to work on /home/muhammadsami/Public/Projects/Airflow/DataPipelineswithApacheAirflow/.env/lib/python3.8/site-packages/airflow/example_dags/example_sensors.py
[2024-03-16T11:47:55.600+0500] {processor.py:830} INFO - Processing file /home/muhammadsami/Public/Projects/Airflow/DataPipelineswithApacheAirflow/.env/lib/python3.8/site-packages/airflow/example_dags/example_sensors.py for tasks to queue
[2024-03-16T11:47:55.601+0500] {logging_mixin.py:188} INFO - [2024-03-16T11:47:55.601+0500] {dagbag.py:540} INFO - Filling up the DagBag from /home/muhammadsami/Public/Projects/Airflow/DataPipelineswithApacheAirflow/.env/lib/python3.8/site-packages/airflow/example_dags/example_sensors.py
[2024-03-16T11:47:55.609+0500] {processor.py:840} INFO - DAG(s) 'example_sensors' retrieved from /home/muhammadsami/Public/Projects/Airflow/DataPipelineswithApacheAirflow/.env/lib/python3.8/site-packages/airflow/example_dags/example_sensors.py
[2024-03-16T11:47:55.625+0500] {logging_mixin.py:188} INFO - [2024-03-16T11:47:55.625+0500] {dag.py:3047} INFO - Sync 1 DAGs
[2024-03-16T11:47:55.636+0500] {logging_mixin.py:188} INFO - [2024-03-16T11:47:55.635+0500] {dag.py:3834} INFO - Setting next_dagrun for example_sensors to None, run_after=None
[2024-03-16T11:47:55.734+0500] {processor.py:183} INFO - Processing /home/muhammadsami/Public/Projects/Airflow/DataPipelineswithApacheAirflow/.env/lib/python3.8/site-packages/airflow/example_dags/example_sensors.py took 0.151 seconds
[2024-03-16T11:48:43.006+0500] {processor.py:161} INFO - Started process (PID=21069) to work on /home/muhammadsami/Public/Projects/Airflow/DataPipelineswithApacheAirflow/.env/lib/python3.8/site-packages/airflow/example_dags/example_sensors.py
[2024-03-16T11:48:43.022+0500] {processor.py:830} INFO - Processing file /home/muhammadsami/Public/Projects/Airflow/DataPipelineswithApacheAirflow/.env/lib/python3.8/site-packages/airflow/example_dags/example_sensors.py for tasks to queue
[2024-03-16T11:48:43.023+0500] {logging_mixin.py:188} INFO - [2024-03-16T11:48:43.023+0500] {dagbag.py:540} INFO - Filling up the DagBag from /home/muhammadsami/Public/Projects/Airflow/DataPipelineswithApacheAirflow/.env/lib/python3.8/site-packages/airflow/example_dags/example_sensors.py
[2024-03-16T11:48:43.031+0500] {processor.py:840} INFO - DAG(s) 'example_sensors' retrieved from /home/muhammadsami/Public/Projects/Airflow/DataPipelineswithApacheAirflow/.env/lib/python3.8/site-packages/airflow/example_dags/example_sensors.py
[2024-03-16T11:48:43.053+0500] {logging_mixin.py:188} INFO - [2024-03-16T11:48:43.053+0500] {dag.py:3047} INFO - Sync 1 DAGs
[2024-03-16T11:48:43.066+0500] {logging_mixin.py:188} INFO - [2024-03-16T11:48:43.066+0500] {dag.py:3834} INFO - Setting next_dagrun for example_sensors to None, run_after=None
[2024-03-16T11:48:43.161+0500] {processor.py:183} INFO - Processing /home/muhammadsami/Public/Projects/Airflow/DataPipelineswithApacheAirflow/.env/lib/python3.8/site-packages/airflow/example_dags/example_sensors.py took 0.158 seconds
[2024-03-16T11:49:31.238+0500] {processor.py:161} INFO - Started process (PID=21114) to work on /home/muhammadsami/Public/Projects/Airflow/DataPipelineswithApacheAirflow/.env/lib/python3.8/site-packages/airflow/example_dags/example_sensors.py
[2024-03-16T11:49:31.240+0500] {processor.py:830} INFO - Processing file /home/muhammadsami/Public/Projects/Airflow/DataPipelineswithApacheAirflow/.env/lib/python3.8/site-packages/airflow/example_dags/example_sensors.py for tasks to queue
[2024-03-16T11:49:31.241+0500] {logging_mixin.py:188} INFO - [2024-03-16T11:49:31.240+0500] {dagbag.py:540} INFO - Filling up the DagBag from /home/muhammadsami/Public/Projects/Airflow/DataPipelineswithApacheAirflow/.env/lib/python3.8/site-packages/airflow/example_dags/example_sensors.py
[2024-03-16T11:49:31.248+0500] {processor.py:840} INFO - DAG(s) 'example_sensors' retrieved from /home/muhammadsami/Public/Projects/Airflow/DataPipelineswithApacheAirflow/.env/lib/python3.8/site-packages/airflow/example_dags/example_sensors.py
[2024-03-16T11:49:31.265+0500] {logging_mixin.py:188} INFO - [2024-03-16T11:49:31.265+0500] {dag.py:3047} INFO - Sync 1 DAGs
[2024-03-16T11:49:31.275+0500] {logging_mixin.py:188} INFO - [2024-03-16T11:49:31.275+0500] {dag.py:3834} INFO - Setting next_dagrun for example_sensors to None, run_after=None
[2024-03-16T11:49:31.429+0500] {processor.py:183} INFO - Processing /home/muhammadsami/Public/Projects/Airflow/DataPipelineswithApacheAirflow/.env/lib/python3.8/site-packages/airflow/example_dags/example_sensors.py took 0.194 seconds
[2024-03-16T11:50:20.864+0500] {processor.py:161} INFO - Started process (PID=21161) to work on /home/muhammadsami/Public/Projects/Airflow/DataPipelineswithApacheAirflow/.env/lib/python3.8/site-packages/airflow/example_dags/example_sensors.py
[2024-03-16T11:50:20.865+0500] {processor.py:830} INFO - Processing file /home/muhammadsami/Public/Projects/Airflow/DataPipelineswithApacheAirflow/.env/lib/python3.8/site-packages/airflow/example_dags/example_sensors.py for tasks to queue
[2024-03-16T11:50:20.866+0500] {logging_mixin.py:188} INFO - [2024-03-16T11:50:20.866+0500] {dagbag.py:540} INFO - Filling up the DagBag from /home/muhammadsami/Public/Projects/Airflow/DataPipelineswithApacheAirflow/.env/lib/python3.8/site-packages/airflow/example_dags/example_sensors.py
[2024-03-16T11:50:20.874+0500] {processor.py:840} INFO - DAG(s) 'example_sensors' retrieved from /home/muhammadsami/Public/Projects/Airflow/DataPipelineswithApacheAirflow/.env/lib/python3.8/site-packages/airflow/example_dags/example_sensors.py
[2024-03-16T11:50:20.891+0500] {logging_mixin.py:188} INFO - [2024-03-16T11:50:20.890+0500] {dag.py:3047} INFO - Sync 1 DAGs
[2024-03-16T11:50:20.901+0500] {logging_mixin.py:188} INFO - [2024-03-16T11:50:20.901+0500] {dag.py:3834} INFO - Setting next_dagrun for example_sensors to None, run_after=None
[2024-03-16T11:50:21.000+0500] {processor.py:183} INFO - Processing /home/muhammadsami/Public/Projects/Airflow/DataPipelineswithApacheAirflow/.env/lib/python3.8/site-packages/airflow/example_dags/example_sensors.py took 0.138 seconds
[2024-03-16T11:51:12.046+0500] {processor.py:161} INFO - Started process (PID=21247) to work on /home/muhammadsami/Public/Projects/Airflow/DataPipelineswithApacheAirflow/.env/lib/python3.8/site-packages/airflow/example_dags/example_sensors.py
[2024-03-16T11:51:12.048+0500] {processor.py:830} INFO - Processing file /home/muhammadsami/Public/Projects/Airflow/DataPipelineswithApacheAirflow/.env/lib/python3.8/site-packages/airflow/example_dags/example_sensors.py for tasks to queue
[2024-03-16T11:51:12.050+0500] {logging_mixin.py:188} INFO - [2024-03-16T11:51:12.049+0500] {dagbag.py:540} INFO - Filling up the DagBag from /home/muhammadsami/Public/Projects/Airflow/DataPipelineswithApacheAirflow/.env/lib/python3.8/site-packages/airflow/example_dags/example_sensors.py
[2024-03-16T11:51:12.063+0500] {processor.py:840} INFO - DAG(s) 'example_sensors' retrieved from /home/muhammadsami/Public/Projects/Airflow/DataPipelineswithApacheAirflow/.env/lib/python3.8/site-packages/airflow/example_dags/example_sensors.py
[2024-03-16T11:51:12.083+0500] {logging_mixin.py:188} INFO - [2024-03-16T11:51:12.082+0500] {dag.py:3047} INFO - Sync 1 DAGs
[2024-03-16T11:51:12.096+0500] {logging_mixin.py:188} INFO - [2024-03-16T11:51:12.096+0500] {dag.py:3834} INFO - Setting next_dagrun for example_sensors to None, run_after=None
[2024-03-16T11:51:12.217+0500] {processor.py:183} INFO - Processing /home/muhammadsami/Public/Projects/Airflow/DataPipelineswithApacheAirflow/.env/lib/python3.8/site-packages/airflow/example_dags/example_sensors.py took 0.175 seconds
[2024-03-16T11:52:05.216+0500] {processor.py:161} INFO - Started process (PID=21425) to work on /home/muhammadsami/Public/Projects/Airflow/DataPipelineswithApacheAirflow/.env/lib/python3.8/site-packages/airflow/example_dags/example_sensors.py
[2024-03-16T11:52:05.229+0500] {processor.py:830} INFO - Processing file /home/muhammadsami/Public/Projects/Airflow/DataPipelineswithApacheAirflow/.env/lib/python3.8/site-packages/airflow/example_dags/example_sensors.py for tasks to queue
[2024-03-16T11:52:05.230+0500] {logging_mixin.py:188} INFO - [2024-03-16T11:52:05.229+0500] {dagbag.py:540} INFO - Filling up the DagBag from /home/muhammadsami/Public/Projects/Airflow/DataPipelineswithApacheAirflow/.env/lib/python3.8/site-packages/airflow/example_dags/example_sensors.py
[2024-03-16T11:52:05.237+0500] {processor.py:840} INFO - DAG(s) 'example_sensors' retrieved from /home/muhammadsami/Public/Projects/Airflow/DataPipelineswithApacheAirflow/.env/lib/python3.8/site-packages/airflow/example_dags/example_sensors.py
[2024-03-16T11:52:05.253+0500] {logging_mixin.py:188} INFO - [2024-03-16T11:52:05.253+0500] {dag.py:3047} INFO - Sync 1 DAGs
[2024-03-16T11:52:05.263+0500] {logging_mixin.py:188} INFO - [2024-03-16T11:52:05.263+0500] {dag.py:3834} INFO - Setting next_dagrun for example_sensors to None, run_after=None
[2024-03-16T11:52:05.356+0500] {processor.py:183} INFO - Processing /home/muhammadsami/Public/Projects/Airflow/DataPipelineswithApacheAirflow/.env/lib/python3.8/site-packages/airflow/example_dags/example_sensors.py took 0.143 seconds
[2024-03-16T11:52:57.323+0500] {processor.py:161} INFO - Started process (PID=21509) to work on /home/muhammadsami/Public/Projects/Airflow/DataPipelineswithApacheAirflow/.env/lib/python3.8/site-packages/airflow/example_dags/example_sensors.py
[2024-03-16T11:52:57.338+0500] {processor.py:830} INFO - Processing file /home/muhammadsami/Public/Projects/Airflow/DataPipelineswithApacheAirflow/.env/lib/python3.8/site-packages/airflow/example_dags/example_sensors.py for tasks to queue
[2024-03-16T11:52:57.339+0500] {logging_mixin.py:188} INFO - [2024-03-16T11:52:57.339+0500] {dagbag.py:540} INFO - Filling up the DagBag from /home/muhammadsami/Public/Projects/Airflow/DataPipelineswithApacheAirflow/.env/lib/python3.8/site-packages/airflow/example_dags/example_sensors.py
[2024-03-16T11:52:57.347+0500] {processor.py:840} INFO - DAG(s) 'example_sensors' retrieved from /home/muhammadsami/Public/Projects/Airflow/DataPipelineswithApacheAirflow/.env/lib/python3.8/site-packages/airflow/example_dags/example_sensors.py
[2024-03-16T11:52:57.363+0500] {logging_mixin.py:188} INFO - [2024-03-16T11:52:57.363+0500] {dag.py:3047} INFO - Sync 1 DAGs
[2024-03-16T11:52:57.373+0500] {logging_mixin.py:188} INFO - [2024-03-16T11:52:57.372+0500] {dag.py:3834} INFO - Setting next_dagrun for example_sensors to None, run_after=None
[2024-03-16T11:52:57.479+0500] {processor.py:183} INFO - Processing /home/muhammadsami/Public/Projects/Airflow/DataPipelineswithApacheAirflow/.env/lib/python3.8/site-packages/airflow/example_dags/example_sensors.py took 0.159 seconds
[2024-03-16T11:53:48.874+0500] {processor.py:161} INFO - Started process (PID=21631) to work on /home/muhammadsami/Public/Projects/Airflow/DataPipelineswithApacheAirflow/.env/lib/python3.8/site-packages/airflow/example_dags/example_sensors.py
[2024-03-16T11:53:48.891+0500] {processor.py:830} INFO - Processing file /home/muhammadsami/Public/Projects/Airflow/DataPipelineswithApacheAirflow/.env/lib/python3.8/site-packages/airflow/example_dags/example_sensors.py for tasks to queue
[2024-03-16T11:53:48.892+0500] {logging_mixin.py:188} INFO - [2024-03-16T11:53:48.892+0500] {dagbag.py:540} INFO - Filling up the DagBag from /home/muhammadsami/Public/Projects/Airflow/DataPipelineswithApacheAirflow/.env/lib/python3.8/site-packages/airflow/example_dags/example_sensors.py
[2024-03-16T11:53:48.899+0500] {processor.py:840} INFO - DAG(s) 'example_sensors' retrieved from /home/muhammadsami/Public/Projects/Airflow/DataPipelineswithApacheAirflow/.env/lib/python3.8/site-packages/airflow/example_dags/example_sensors.py
[2024-03-16T11:53:48.916+0500] {logging_mixin.py:188} INFO - [2024-03-16T11:53:48.915+0500] {dag.py:3047} INFO - Sync 1 DAGs
[2024-03-16T11:53:48.926+0500] {logging_mixin.py:188} INFO - [2024-03-16T11:53:48.925+0500] {dag.py:3834} INFO - Setting next_dagrun for example_sensors to None, run_after=None
[2024-03-16T11:53:49.024+0500] {processor.py:183} INFO - Processing /home/muhammadsami/Public/Projects/Airflow/DataPipelineswithApacheAirflow/.env/lib/python3.8/site-packages/airflow/example_dags/example_sensors.py took 0.153 seconds
[2024-03-16T11:54:39.744+0500] {processor.py:161} INFO - Started process (PID=21720) to work on /home/muhammadsami/Public/Projects/Airflow/DataPipelineswithApacheAirflow/.env/lib/python3.8/site-packages/airflow/example_dags/example_sensors.py
[2024-03-16T11:54:39.762+0500] {processor.py:830} INFO - Processing file /home/muhammadsami/Public/Projects/Airflow/DataPipelineswithApacheAirflow/.env/lib/python3.8/site-packages/airflow/example_dags/example_sensors.py for tasks to queue
[2024-03-16T11:54:39.763+0500] {logging_mixin.py:188} INFO - [2024-03-16T11:54:39.763+0500] {dagbag.py:540} INFO - Filling up the DagBag from /home/muhammadsami/Public/Projects/Airflow/DataPipelineswithApacheAirflow/.env/lib/python3.8/site-packages/airflow/example_dags/example_sensors.py
[2024-03-16T11:54:39.773+0500] {processor.py:840} INFO - DAG(s) 'example_sensors' retrieved from /home/muhammadsami/Public/Projects/Airflow/DataPipelineswithApacheAirflow/.env/lib/python3.8/site-packages/airflow/example_dags/example_sensors.py
[2024-03-16T11:54:39.794+0500] {logging_mixin.py:188} INFO - [2024-03-16T11:54:39.794+0500] {dag.py:3047} INFO - Sync 1 DAGs
[2024-03-16T11:54:39.807+0500] {logging_mixin.py:188} INFO - [2024-03-16T11:54:39.806+0500] {dag.py:3834} INFO - Setting next_dagrun for example_sensors to None, run_after=None
[2024-03-16T11:54:39.905+0500] {processor.py:183} INFO - Processing /home/muhammadsami/Public/Projects/Airflow/DataPipelineswithApacheAirflow/.env/lib/python3.8/site-packages/airflow/example_dags/example_sensors.py took 0.165 seconds
[2024-03-16T11:55:28.700+0500] {processor.py:161} INFO - Started process (PID=21881) to work on /home/muhammadsami/Public/Projects/Airflow/DataPipelineswithApacheAirflow/.env/lib/python3.8/site-packages/airflow/example_dags/example_sensors.py
[2024-03-16T11:55:28.701+0500] {processor.py:830} INFO - Processing file /home/muhammadsami/Public/Projects/Airflow/DataPipelineswithApacheAirflow/.env/lib/python3.8/site-packages/airflow/example_dags/example_sensors.py for tasks to queue
[2024-03-16T11:55:28.702+0500] {logging_mixin.py:188} INFO - [2024-03-16T11:55:28.701+0500] {dagbag.py:540} INFO - Filling up the DagBag from /home/muhammadsami/Public/Projects/Airflow/DataPipelineswithApacheAirflow/.env/lib/python3.8/site-packages/airflow/example_dags/example_sensors.py
[2024-03-16T11:55:28.710+0500] {processor.py:840} INFO - DAG(s) 'example_sensors' retrieved from /home/muhammadsami/Public/Projects/Airflow/DataPipelineswithApacheAirflow/.env/lib/python3.8/site-packages/airflow/example_dags/example_sensors.py
[2024-03-16T11:55:28.733+0500] {logging_mixin.py:188} INFO - [2024-03-16T11:55:28.732+0500] {dag.py:3047} INFO - Sync 1 DAGs
[2024-03-16T11:55:28.744+0500] {logging_mixin.py:188} INFO - [2024-03-16T11:55:28.743+0500] {dag.py:3834} INFO - Setting next_dagrun for example_sensors to None, run_after=None
[2024-03-16T11:55:28.889+0500] {processor.py:183} INFO - Processing /home/muhammadsami/Public/Projects/Airflow/DataPipelineswithApacheAirflow/.env/lib/python3.8/site-packages/airflow/example_dags/example_sensors.py took 0.192 seconds
[2024-03-16T11:56:20.658+0500] {processor.py:161} INFO - Started process (PID=21939) to work on /home/muhammadsami/Public/Projects/Airflow/DataPipelineswithApacheAirflow/.env/lib/python3.8/site-packages/airflow/example_dags/example_sensors.py
[2024-03-16T11:56:20.670+0500] {processor.py:830} INFO - Processing file /home/muhammadsami/Public/Projects/Airflow/DataPipelineswithApacheAirflow/.env/lib/python3.8/site-packages/airflow/example_dags/example_sensors.py for tasks to queue
[2024-03-16T11:56:20.671+0500] {logging_mixin.py:188} INFO - [2024-03-16T11:56:20.670+0500] {dagbag.py:540} INFO - Filling up the DagBag from /home/muhammadsami/Public/Projects/Airflow/DataPipelineswithApacheAirflow/.env/lib/python3.8/site-packages/airflow/example_dags/example_sensors.py
[2024-03-16T11:56:20.678+0500] {processor.py:840} INFO - DAG(s) 'example_sensors' retrieved from /home/muhammadsami/Public/Projects/Airflow/DataPipelineswithApacheAirflow/.env/lib/python3.8/site-packages/airflow/example_dags/example_sensors.py
[2024-03-16T11:56:20.697+0500] {logging_mixin.py:188} INFO - [2024-03-16T11:56:20.696+0500] {dag.py:3047} INFO - Sync 1 DAGs
[2024-03-16T11:56:20.708+0500] {logging_mixin.py:188} INFO - [2024-03-16T11:56:20.708+0500] {dag.py:3834} INFO - Setting next_dagrun for example_sensors to None, run_after=None
[2024-03-16T11:56:20.802+0500] {processor.py:183} INFO - Processing /home/muhammadsami/Public/Projects/Airflow/DataPipelineswithApacheAirflow/.env/lib/python3.8/site-packages/airflow/example_dags/example_sensors.py took 0.147 seconds
[2024-03-16T11:57:11.306+0500] {processor.py:161} INFO - Started process (PID=21992) to work on /home/muhammadsami/Public/Projects/Airflow/DataPipelineswithApacheAirflow/.env/lib/python3.8/site-packages/airflow/example_dags/example_sensors.py
[2024-03-16T11:57:11.307+0500] {processor.py:830} INFO - Processing file /home/muhammadsami/Public/Projects/Airflow/DataPipelineswithApacheAirflow/.env/lib/python3.8/site-packages/airflow/example_dags/example_sensors.py for tasks to queue
[2024-03-16T11:57:11.308+0500] {logging_mixin.py:188} INFO - [2024-03-16T11:57:11.308+0500] {dagbag.py:540} INFO - Filling up the DagBag from /home/muhammadsami/Public/Projects/Airflow/DataPipelineswithApacheAirflow/.env/lib/python3.8/site-packages/airflow/example_dags/example_sensors.py
[2024-03-16T11:57:11.319+0500] {processor.py:840} INFO - DAG(s) 'example_sensors' retrieved from /home/muhammadsami/Public/Projects/Airflow/DataPipelineswithApacheAirflow/.env/lib/python3.8/site-packages/airflow/example_dags/example_sensors.py
[2024-03-16T11:57:11.353+0500] {logging_mixin.py:188} INFO - [2024-03-16T11:57:11.352+0500] {dag.py:3047} INFO - Sync 1 DAGs
[2024-03-16T11:57:11.371+0500] {logging_mixin.py:188} INFO - [2024-03-16T11:57:11.370+0500] {dag.py:3834} INFO - Setting next_dagrun for example_sensors to None, run_after=None
[2024-03-16T11:57:11.484+0500] {processor.py:183} INFO - Processing /home/muhammadsami/Public/Projects/Airflow/DataPipelineswithApacheAirflow/.env/lib/python3.8/site-packages/airflow/example_dags/example_sensors.py took 0.181 seconds
[2024-03-16T11:58:05.978+0500] {processor.py:161} INFO - Started process (PID=22044) to work on /home/muhammadsami/Public/Projects/Airflow/DataPipelineswithApacheAirflow/.env/lib/python3.8/site-packages/airflow/example_dags/example_sensors.py
[2024-03-16T11:58:05.979+0500] {processor.py:830} INFO - Processing file /home/muhammadsami/Public/Projects/Airflow/DataPipelineswithApacheAirflow/.env/lib/python3.8/site-packages/airflow/example_dags/example_sensors.py for tasks to queue
[2024-03-16T11:58:05.980+0500] {logging_mixin.py:188} INFO - [2024-03-16T11:58:05.980+0500] {dagbag.py:540} INFO - Filling up the DagBag from /home/muhammadsami/Public/Projects/Airflow/DataPipelineswithApacheAirflow/.env/lib/python3.8/site-packages/airflow/example_dags/example_sensors.py
[2024-03-16T11:58:05.989+0500] {processor.py:840} INFO - DAG(s) 'example_sensors' retrieved from /home/muhammadsami/Public/Projects/Airflow/DataPipelineswithApacheAirflow/.env/lib/python3.8/site-packages/airflow/example_dags/example_sensors.py
[2024-03-16T11:58:06.006+0500] {logging_mixin.py:188} INFO - [2024-03-16T11:58:06.006+0500] {dag.py:3047} INFO - Sync 1 DAGs
[2024-03-16T11:58:06.016+0500] {logging_mixin.py:188} INFO - [2024-03-16T11:58:06.016+0500] {dag.py:3834} INFO - Setting next_dagrun for example_sensors to None, run_after=None
[2024-03-16T11:58:06.120+0500] {processor.py:183} INFO - Processing /home/muhammadsami/Public/Projects/Airflow/DataPipelineswithApacheAirflow/.env/lib/python3.8/site-packages/airflow/example_dags/example_sensors.py took 0.145 seconds
[2024-03-16T11:58:55.214+0500] {processor.py:161} INFO - Started process (PID=22145) to work on /home/muhammadsami/Public/Projects/Airflow/DataPipelineswithApacheAirflow/.env/lib/python3.8/site-packages/airflow/example_dags/example_sensors.py
[2024-03-16T11:58:55.215+0500] {processor.py:830} INFO - Processing file /home/muhammadsami/Public/Projects/Airflow/DataPipelineswithApacheAirflow/.env/lib/python3.8/site-packages/airflow/example_dags/example_sensors.py for tasks to queue
[2024-03-16T11:58:55.216+0500] {logging_mixin.py:188} INFO - [2024-03-16T11:58:55.215+0500] {dagbag.py:540} INFO - Filling up the DagBag from /home/muhammadsami/Public/Projects/Airflow/DataPipelineswithApacheAirflow/.env/lib/python3.8/site-packages/airflow/example_dags/example_sensors.py
[2024-03-16T11:58:55.226+0500] {processor.py:840} INFO - DAG(s) 'example_sensors' retrieved from /home/muhammadsami/Public/Projects/Airflow/DataPipelineswithApacheAirflow/.env/lib/python3.8/site-packages/airflow/example_dags/example_sensors.py
[2024-03-16T11:58:55.244+0500] {logging_mixin.py:188} INFO - [2024-03-16T11:58:55.243+0500] {dag.py:3047} INFO - Sync 1 DAGs
[2024-03-16T11:58:55.253+0500] {logging_mixin.py:188} INFO - [2024-03-16T11:58:55.253+0500] {dag.py:3834} INFO - Setting next_dagrun for example_sensors to None, run_after=None
[2024-03-16T11:58:55.359+0500] {processor.py:183} INFO - Processing /home/muhammadsami/Public/Projects/Airflow/DataPipelineswithApacheAirflow/.env/lib/python3.8/site-packages/airflow/example_dags/example_sensors.py took 0.148 seconds
[2024-03-16T11:59:44.352+0500] {processor.py:161} INFO - Started process (PID=22290) to work on /home/muhammadsami/Public/Projects/Airflow/DataPipelineswithApacheAirflow/.env/lib/python3.8/site-packages/airflow/example_dags/example_sensors.py
[2024-03-16T11:59:44.369+0500] {processor.py:830} INFO - Processing file /home/muhammadsami/Public/Projects/Airflow/DataPipelineswithApacheAirflow/.env/lib/python3.8/site-packages/airflow/example_dags/example_sensors.py for tasks to queue
[2024-03-16T11:59:44.371+0500] {logging_mixin.py:188} INFO - [2024-03-16T11:59:44.370+0500] {dagbag.py:540} INFO - Filling up the DagBag from /home/muhammadsami/Public/Projects/Airflow/DataPipelineswithApacheAirflow/.env/lib/python3.8/site-packages/airflow/example_dags/example_sensors.py
[2024-03-16T11:59:44.379+0500] {processor.py:840} INFO - DAG(s) 'example_sensors' retrieved from /home/muhammadsami/Public/Projects/Airflow/DataPipelineswithApacheAirflow/.env/lib/python3.8/site-packages/airflow/example_dags/example_sensors.py
[2024-03-16T11:59:44.399+0500] {logging_mixin.py:188} INFO - [2024-03-16T11:59:44.398+0500] {dag.py:3047} INFO - Sync 1 DAGs
[2024-03-16T11:59:44.413+0500] {logging_mixin.py:188} INFO - [2024-03-16T11:59:44.413+0500] {dag.py:3834} INFO - Setting next_dagrun for example_sensors to None, run_after=None
[2024-03-16T11:59:44.510+0500] {processor.py:183} INFO - Processing /home/muhammadsami/Public/Projects/Airflow/DataPipelineswithApacheAirflow/.env/lib/python3.8/site-packages/airflow/example_dags/example_sensors.py took 0.161 seconds
[2024-03-16T12:00:37.792+0500] {processor.py:161} INFO - Started process (PID=22340) to work on /home/muhammadsami/Public/Projects/Airflow/DataPipelineswithApacheAirflow/.env/lib/python3.8/site-packages/airflow/example_dags/example_sensors.py
[2024-03-16T12:00:37.800+0500] {processor.py:830} INFO - Processing file /home/muhammadsami/Public/Projects/Airflow/DataPipelineswithApacheAirflow/.env/lib/python3.8/site-packages/airflow/example_dags/example_sensors.py for tasks to queue
[2024-03-16T12:00:37.801+0500] {logging_mixin.py:188} INFO - [2024-03-16T12:00:37.800+0500] {dagbag.py:540} INFO - Filling up the DagBag from /home/muhammadsami/Public/Projects/Airflow/DataPipelineswithApacheAirflow/.env/lib/python3.8/site-packages/airflow/example_dags/example_sensors.py
[2024-03-16T12:00:37.809+0500] {processor.py:840} INFO - DAG(s) 'example_sensors' retrieved from /home/muhammadsami/Public/Projects/Airflow/DataPipelineswithApacheAirflow/.env/lib/python3.8/site-packages/airflow/example_dags/example_sensors.py
[2024-03-16T12:00:37.825+0500] {logging_mixin.py:188} INFO - [2024-03-16T12:00:37.825+0500] {dag.py:3047} INFO - Sync 1 DAGs
[2024-03-16T12:00:37.835+0500] {logging_mixin.py:188} INFO - [2024-03-16T12:00:37.835+0500] {dag.py:3834} INFO - Setting next_dagrun for example_sensors to None, run_after=None
[2024-03-16T12:00:37.938+0500] {processor.py:183} INFO - Processing /home/muhammadsami/Public/Projects/Airflow/DataPipelineswithApacheAirflow/.env/lib/python3.8/site-packages/airflow/example_dags/example_sensors.py took 0.148 seconds
[2024-03-16T12:01:30.663+0500] {processor.py:161} INFO - Started process (PID=22391) to work on /home/muhammadsami/Public/Projects/Airflow/DataPipelineswithApacheAirflow/.env/lib/python3.8/site-packages/airflow/example_dags/example_sensors.py
[2024-03-16T12:01:30.671+0500] {processor.py:830} INFO - Processing file /home/muhammadsami/Public/Projects/Airflow/DataPipelineswithApacheAirflow/.env/lib/python3.8/site-packages/airflow/example_dags/example_sensors.py for tasks to queue
[2024-03-16T12:01:30.672+0500] {logging_mixin.py:188} INFO - [2024-03-16T12:01:30.672+0500] {dagbag.py:540} INFO - Filling up the DagBag from /home/muhammadsami/Public/Projects/Airflow/DataPipelineswithApacheAirflow/.env/lib/python3.8/site-packages/airflow/example_dags/example_sensors.py
[2024-03-16T12:01:30.681+0500] {processor.py:840} INFO - DAG(s) 'example_sensors' retrieved from /home/muhammadsami/Public/Projects/Airflow/DataPipelineswithApacheAirflow/.env/lib/python3.8/site-packages/airflow/example_dags/example_sensors.py
[2024-03-16T12:01:30.697+0500] {logging_mixin.py:188} INFO - [2024-03-16T12:01:30.697+0500] {dag.py:3047} INFO - Sync 1 DAGs
[2024-03-16T12:01:30.706+0500] {logging_mixin.py:188} INFO - [2024-03-16T12:01:30.706+0500] {dag.py:3834} INFO - Setting next_dagrun for example_sensors to None, run_after=None
[2024-03-16T12:01:30.806+0500] {processor.py:183} INFO - Processing /home/muhammadsami/Public/Projects/Airflow/DataPipelineswithApacheAirflow/.env/lib/python3.8/site-packages/airflow/example_dags/example_sensors.py took 0.146 seconds
