[2024-03-16T11:23:07.327+0500] {processor.py:161} INFO - Started process (PID=18300) to work on /home/muhammadsami/Public/Projects/Airflow/DataPipelineswithApacheAirflow/.env/lib/python3.8/site-packages/airflow/example_dags/example_nested_branch_dag.py
[2024-03-16T11:23:07.327+0500] {processor.py:830} INFO - Processing file /home/muhammadsami/Public/Projects/Airflow/DataPipelineswithApacheAirflow/.env/lib/python3.8/site-packages/airflow/example_dags/example_nested_branch_dag.py for tasks to queue
[2024-03-16T11:23:07.328+0500] {logging_mixin.py:188} INFO - [2024-03-16T11:23:07.328+0500] {dagbag.py:540} INFO - Filling up the DagBag from /home/muhammadsami/Public/Projects/Airflow/DataPipelineswithApacheAirflow/.env/lib/python3.8/site-packages/airflow/example_dags/example_nested_branch_dag.py
[2024-03-16T11:23:07.339+0500] {processor.py:840} INFO - DAG(s) 'example_nested_branch_dag' retrieved from /home/muhammadsami/Public/Projects/Airflow/DataPipelineswithApacheAirflow/.env/lib/python3.8/site-packages/airflow/example_dags/example_nested_branch_dag.py
[2024-03-16T11:23:07.754+0500] {logging_mixin.py:188} INFO - [2024-03-16T11:23:07.754+0500] {override.py:1769} INFO - Created Permission View: can edit on DAG:example_nested_branch_dag
[2024-03-16T11:23:07.845+0500] {logging_mixin.py:188} INFO - [2024-03-16T11:23:07.845+0500] {override.py:1769} INFO - Created Permission View: can delete on DAG:example_nested_branch_dag
[2024-03-16T11:23:07.936+0500] {logging_mixin.py:188} INFO - [2024-03-16T11:23:07.935+0500] {override.py:1769} INFO - Created Permission View: can read on DAG:example_nested_branch_dag
[2024-03-16T11:23:07.936+0500] {logging_mixin.py:188} INFO - [2024-03-16T11:23:07.936+0500] {dag.py:3047} INFO - Sync 1 DAGs
[2024-03-16T11:23:07.946+0500] {logging_mixin.py:188} INFO - [2024-03-16T11:23:07.945+0500] {dag.py:3069} INFO - Creating ORM DAG for example_nested_branch_dag
[2024-03-16T11:23:07.954+0500] {logging_mixin.py:188} INFO - [2024-03-16T11:23:07.954+0500] {dag.py:3834} INFO - Setting next_dagrun for example_nested_branch_dag to 2024-03-15 00:00:00+00:00, run_after=2024-03-16 00:00:00+00:00
[2024-03-16T11:23:08.101+0500] {processor.py:183} INFO - Processing /home/muhammadsami/Public/Projects/Airflow/DataPipelineswithApacheAirflow/.env/lib/python3.8/site-packages/airflow/example_dags/example_nested_branch_dag.py took 0.777 seconds
[2024-03-16T11:24:27.959+0500] {processor.py:161} INFO - Started process (PID=18516) to work on /home/muhammadsami/Public/Projects/Airflow/DataPipelineswithApacheAirflow/.env/lib/python3.8/site-packages/airflow/example_dags/example_nested_branch_dag.py
[2024-03-16T11:24:27.986+0500] {processor.py:830} INFO - Processing file /home/muhammadsami/Public/Projects/Airflow/DataPipelineswithApacheAirflow/.env/lib/python3.8/site-packages/airflow/example_dags/example_nested_branch_dag.py for tasks to queue
[2024-03-16T11:24:27.987+0500] {logging_mixin.py:188} INFO - [2024-03-16T11:24:27.987+0500] {dagbag.py:540} INFO - Filling up the DagBag from /home/muhammadsami/Public/Projects/Airflow/DataPipelineswithApacheAirflow/.env/lib/python3.8/site-packages/airflow/example_dags/example_nested_branch_dag.py
[2024-03-16T11:24:27.995+0500] {processor.py:840} INFO - DAG(s) 'example_nested_branch_dag' retrieved from /home/muhammadsami/Public/Projects/Airflow/DataPipelineswithApacheAirflow/.env/lib/python3.8/site-packages/airflow/example_dags/example_nested_branch_dag.py
[2024-03-16T11:24:28.009+0500] {logging_mixin.py:188} INFO - [2024-03-16T11:24:28.009+0500] {dag.py:3047} INFO - Sync 1 DAGs
[2024-03-16T11:24:28.110+0500] {logging_mixin.py:188} INFO - [2024-03-16T11:24:28.110+0500] {dag.py:3834} INFO - Setting next_dagrun for example_nested_branch_dag to 2024-03-15 00:00:00+00:00, run_after=2024-03-16 00:00:00+00:00
[2024-03-16T11:24:28.197+0500] {processor.py:183} INFO - Processing /home/muhammadsami/Public/Projects/Airflow/DataPipelineswithApacheAirflow/.env/lib/python3.8/site-packages/airflow/example_dags/example_nested_branch_dag.py took 0.241 seconds
[2024-03-16T11:25:24.110+0500] {processor.py:161} INFO - Started process (PID=18620) to work on /home/muhammadsami/Public/Projects/Airflow/DataPipelineswithApacheAirflow/.env/lib/python3.8/site-packages/airflow/example_dags/example_nested_branch_dag.py
[2024-03-16T11:25:24.111+0500] {processor.py:830} INFO - Processing file /home/muhammadsami/Public/Projects/Airflow/DataPipelineswithApacheAirflow/.env/lib/python3.8/site-packages/airflow/example_dags/example_nested_branch_dag.py for tasks to queue
[2024-03-16T11:25:24.112+0500] {logging_mixin.py:188} INFO - [2024-03-16T11:25:24.111+0500] {dagbag.py:540} INFO - Filling up the DagBag from /home/muhammadsami/Public/Projects/Airflow/DataPipelineswithApacheAirflow/.env/lib/python3.8/site-packages/airflow/example_dags/example_nested_branch_dag.py
[2024-03-16T11:25:24.123+0500] {processor.py:840} INFO - DAG(s) 'example_nested_branch_dag' retrieved from /home/muhammadsami/Public/Projects/Airflow/DataPipelineswithApacheAirflow/.env/lib/python3.8/site-packages/airflow/example_dags/example_nested_branch_dag.py
[2024-03-16T11:25:24.138+0500] {logging_mixin.py:188} INFO - [2024-03-16T11:25:24.138+0500] {dag.py:3047} INFO - Sync 1 DAGs
[2024-03-16T11:25:24.156+0500] {logging_mixin.py:188} INFO - [2024-03-16T11:25:24.156+0500] {dag.py:3834} INFO - Setting next_dagrun for example_nested_branch_dag to 2024-03-15 00:00:00+00:00, run_after=2024-03-16 00:00:00+00:00
[2024-03-16T11:25:24.290+0500] {processor.py:183} INFO - Processing /home/muhammadsami/Public/Projects/Airflow/DataPipelineswithApacheAirflow/.env/lib/python3.8/site-packages/airflow/example_dags/example_nested_branch_dag.py took 0.182 seconds
[2024-03-16T11:26:18.204+0500] {processor.py:161} INFO - Started process (PID=18682) to work on /home/muhammadsami/Public/Projects/Airflow/DataPipelineswithApacheAirflow/.env/lib/python3.8/site-packages/airflow/example_dags/example_nested_branch_dag.py
[2024-03-16T11:26:18.205+0500] {processor.py:830} INFO - Processing file /home/muhammadsami/Public/Projects/Airflow/DataPipelineswithApacheAirflow/.env/lib/python3.8/site-packages/airflow/example_dags/example_nested_branch_dag.py for tasks to queue
[2024-03-16T11:26:18.206+0500] {logging_mixin.py:188} INFO - [2024-03-16T11:26:18.206+0500] {dagbag.py:540} INFO - Filling up the DagBag from /home/muhammadsami/Public/Projects/Airflow/DataPipelineswithApacheAirflow/.env/lib/python3.8/site-packages/airflow/example_dags/example_nested_branch_dag.py
[2024-03-16T11:26:18.215+0500] {processor.py:840} INFO - DAG(s) 'example_nested_branch_dag' retrieved from /home/muhammadsami/Public/Projects/Airflow/DataPipelineswithApacheAirflow/.env/lib/python3.8/site-packages/airflow/example_dags/example_nested_branch_dag.py
[2024-03-16T11:26:18.228+0500] {logging_mixin.py:188} INFO - [2024-03-16T11:26:18.228+0500] {dag.py:3047} INFO - Sync 1 DAGs
[2024-03-16T11:26:18.246+0500] {logging_mixin.py:188} INFO - [2024-03-16T11:26:18.246+0500] {dag.py:3834} INFO - Setting next_dagrun for example_nested_branch_dag to 2024-03-15 00:00:00+00:00, run_after=2024-03-16 00:00:00+00:00
[2024-03-16T11:26:18.356+0500] {processor.py:183} INFO - Processing /home/muhammadsami/Public/Projects/Airflow/DataPipelineswithApacheAirflow/.env/lib/python3.8/site-packages/airflow/example_dags/example_nested_branch_dag.py took 0.154 seconds
[2024-03-16T11:27:11.096+0500] {processor.py:161} INFO - Started process (PID=18763) to work on /home/muhammadsami/Public/Projects/Airflow/DataPipelineswithApacheAirflow/.env/lib/python3.8/site-packages/airflow/example_dags/example_nested_branch_dag.py
[2024-03-16T11:27:11.097+0500] {processor.py:830} INFO - Processing file /home/muhammadsami/Public/Projects/Airflow/DataPipelineswithApacheAirflow/.env/lib/python3.8/site-packages/airflow/example_dags/example_nested_branch_dag.py for tasks to queue
[2024-03-16T11:27:11.098+0500] {logging_mixin.py:188} INFO - [2024-03-16T11:27:11.098+0500] {dagbag.py:540} INFO - Filling up the DagBag from /home/muhammadsami/Public/Projects/Airflow/DataPipelineswithApacheAirflow/.env/lib/python3.8/site-packages/airflow/example_dags/example_nested_branch_dag.py
[2024-03-16T11:27:11.109+0500] {processor.py:840} INFO - DAG(s) 'example_nested_branch_dag' retrieved from /home/muhammadsami/Public/Projects/Airflow/DataPipelineswithApacheAirflow/.env/lib/python3.8/site-packages/airflow/example_dags/example_nested_branch_dag.py
[2024-03-16T11:27:11.124+0500] {logging_mixin.py:188} INFO - [2024-03-16T11:27:11.124+0500] {dag.py:3047} INFO - Sync 1 DAGs
[2024-03-16T11:27:11.142+0500] {logging_mixin.py:188} INFO - [2024-03-16T11:27:11.142+0500] {dag.py:3834} INFO - Setting next_dagrun for example_nested_branch_dag to 2024-03-15 00:00:00+00:00, run_after=2024-03-16 00:00:00+00:00
[2024-03-16T11:27:11.253+0500] {processor.py:183} INFO - Processing /home/muhammadsami/Public/Projects/Airflow/DataPipelineswithApacheAirflow/.env/lib/python3.8/site-packages/airflow/example_dags/example_nested_branch_dag.py took 0.160 seconds
[2024-03-16T11:27:59.031+0500] {processor.py:161} INFO - Started process (PID=18813) to work on /home/muhammadsami/Public/Projects/Airflow/DataPipelineswithApacheAirflow/.env/lib/python3.8/site-packages/airflow/example_dags/example_nested_branch_dag.py
[2024-03-16T11:27:59.033+0500] {processor.py:830} INFO - Processing file /home/muhammadsami/Public/Projects/Airflow/DataPipelineswithApacheAirflow/.env/lib/python3.8/site-packages/airflow/example_dags/example_nested_branch_dag.py for tasks to queue
[2024-03-16T11:27:59.034+0500] {logging_mixin.py:188} INFO - [2024-03-16T11:27:59.033+0500] {dagbag.py:540} INFO - Filling up the DagBag from /home/muhammadsami/Public/Projects/Airflow/DataPipelineswithApacheAirflow/.env/lib/python3.8/site-packages/airflow/example_dags/example_nested_branch_dag.py
[2024-03-16T11:27:59.043+0500] {processor.py:840} INFO - DAG(s) 'example_nested_branch_dag' retrieved from /home/muhammadsami/Public/Projects/Airflow/DataPipelineswithApacheAirflow/.env/lib/python3.8/site-packages/airflow/example_dags/example_nested_branch_dag.py
[2024-03-16T11:27:59.058+0500] {logging_mixin.py:188} INFO - [2024-03-16T11:27:59.057+0500] {dag.py:3047} INFO - Sync 1 DAGs
[2024-03-16T11:27:59.076+0500] {logging_mixin.py:188} INFO - [2024-03-16T11:27:59.075+0500] {dag.py:3834} INFO - Setting next_dagrun for example_nested_branch_dag to 2024-03-15 00:00:00+00:00, run_after=2024-03-16 00:00:00+00:00
[2024-03-16T11:27:59.194+0500] {processor.py:183} INFO - Processing /home/muhammadsami/Public/Projects/Airflow/DataPipelineswithApacheAirflow/.env/lib/python3.8/site-packages/airflow/example_dags/example_nested_branch_dag.py took 0.165 seconds
[2024-03-16T11:29:09.777+0500] {processor.py:161} INFO - Started process (PID=18901) to work on /home/muhammadsami/Public/Projects/Airflow/DataPipelineswithApacheAirflow/.env/lib/python3.8/site-packages/airflow/example_dags/example_nested_branch_dag.py
[2024-03-16T11:29:09.778+0500] {processor.py:830} INFO - Processing file /home/muhammadsami/Public/Projects/Airflow/DataPipelineswithApacheAirflow/.env/lib/python3.8/site-packages/airflow/example_dags/example_nested_branch_dag.py for tasks to queue
[2024-03-16T11:29:09.779+0500] {logging_mixin.py:188} INFO - [2024-03-16T11:29:09.779+0500] {dagbag.py:540} INFO - Filling up the DagBag from /home/muhammadsami/Public/Projects/Airflow/DataPipelineswithApacheAirflow/.env/lib/python3.8/site-packages/airflow/example_dags/example_nested_branch_dag.py
[2024-03-16T11:29:09.788+0500] {processor.py:840} INFO - DAG(s) 'example_nested_branch_dag' retrieved from /home/muhammadsami/Public/Projects/Airflow/DataPipelineswithApacheAirflow/.env/lib/python3.8/site-packages/airflow/example_dags/example_nested_branch_dag.py
[2024-03-16T11:29:09.802+0500] {logging_mixin.py:188} INFO - [2024-03-16T11:29:09.802+0500] {dag.py:3047} INFO - Sync 1 DAGs
[2024-03-16T11:29:09.820+0500] {logging_mixin.py:188} INFO - [2024-03-16T11:29:09.820+0500] {dag.py:3834} INFO - Setting next_dagrun for example_nested_branch_dag to 2024-03-15 00:00:00+00:00, run_after=2024-03-16 00:00:00+00:00
[2024-03-16T11:29:09.919+0500] {processor.py:183} INFO - Processing /home/muhammadsami/Public/Projects/Airflow/DataPipelineswithApacheAirflow/.env/lib/python3.8/site-packages/airflow/example_dags/example_nested_branch_dag.py took 0.145 seconds
[2024-03-16T11:30:00.913+0500] {processor.py:161} INFO - Started process (PID=18956) to work on /home/muhammadsami/Public/Projects/Airflow/DataPipelineswithApacheAirflow/.env/lib/python3.8/site-packages/airflow/example_dags/example_nested_branch_dag.py
[2024-03-16T11:30:00.914+0500] {processor.py:830} INFO - Processing file /home/muhammadsami/Public/Projects/Airflow/DataPipelineswithApacheAirflow/.env/lib/python3.8/site-packages/airflow/example_dags/example_nested_branch_dag.py for tasks to queue
[2024-03-16T11:30:00.915+0500] {logging_mixin.py:188} INFO - [2024-03-16T11:30:00.915+0500] {dagbag.py:540} INFO - Filling up the DagBag from /home/muhammadsami/Public/Projects/Airflow/DataPipelineswithApacheAirflow/.env/lib/python3.8/site-packages/airflow/example_dags/example_nested_branch_dag.py
[2024-03-16T11:30:00.925+0500] {processor.py:840} INFO - DAG(s) 'example_nested_branch_dag' retrieved from /home/muhammadsami/Public/Projects/Airflow/DataPipelineswithApacheAirflow/.env/lib/python3.8/site-packages/airflow/example_dags/example_nested_branch_dag.py
[2024-03-16T11:30:00.939+0500] {logging_mixin.py:188} INFO - [2024-03-16T11:30:00.939+0500] {dag.py:3047} INFO - Sync 1 DAGs
[2024-03-16T11:30:00.957+0500] {logging_mixin.py:188} INFO - [2024-03-16T11:30:00.957+0500] {dag.py:3834} INFO - Setting next_dagrun for example_nested_branch_dag to 2024-03-15 00:00:00+00:00, run_after=2024-03-16 00:00:00+00:00
[2024-03-16T11:30:01.051+0500] {processor.py:183} INFO - Processing /home/muhammadsami/Public/Projects/Airflow/DataPipelineswithApacheAirflow/.env/lib/python3.8/site-packages/airflow/example_dags/example_nested_branch_dag.py took 0.140 seconds
[2024-03-16T11:30:53.614+0500] {processor.py:161} INFO - Started process (PID=19039) to work on /home/muhammadsami/Public/Projects/Airflow/DataPipelineswithApacheAirflow/.env/lib/python3.8/site-packages/airflow/example_dags/example_nested_branch_dag.py
[2024-03-16T11:30:53.615+0500] {processor.py:830} INFO - Processing file /home/muhammadsami/Public/Projects/Airflow/DataPipelineswithApacheAirflow/.env/lib/python3.8/site-packages/airflow/example_dags/example_nested_branch_dag.py for tasks to queue
[2024-03-16T11:30:53.616+0500] {logging_mixin.py:188} INFO - [2024-03-16T11:30:53.616+0500] {dagbag.py:540} INFO - Filling up the DagBag from /home/muhammadsami/Public/Projects/Airflow/DataPipelineswithApacheAirflow/.env/lib/python3.8/site-packages/airflow/example_dags/example_nested_branch_dag.py
[2024-03-16T11:30:53.626+0500] {processor.py:840} INFO - DAG(s) 'example_nested_branch_dag' retrieved from /home/muhammadsami/Public/Projects/Airflow/DataPipelineswithApacheAirflow/.env/lib/python3.8/site-packages/airflow/example_dags/example_nested_branch_dag.py
[2024-03-16T11:30:53.642+0500] {logging_mixin.py:188} INFO - [2024-03-16T11:30:53.642+0500] {dag.py:3047} INFO - Sync 1 DAGs
[2024-03-16T11:30:53.675+0500] {logging_mixin.py:188} INFO - [2024-03-16T11:30:53.675+0500] {dag.py:3834} INFO - Setting next_dagrun for example_nested_branch_dag to 2024-03-15 00:00:00+00:00, run_after=2024-03-16 00:00:00+00:00
[2024-03-16T11:30:53.767+0500] {processor.py:183} INFO - Processing /home/muhammadsami/Public/Projects/Airflow/DataPipelineswithApacheAirflow/.env/lib/python3.8/site-packages/airflow/example_dags/example_nested_branch_dag.py took 0.156 seconds
[2024-03-16T11:39:11.129+0500] {processor.py:161} INFO - Started process (PID=19670) to work on /home/muhammadsami/Public/Projects/Airflow/DataPipelineswithApacheAirflow/.env/lib/python3.8/site-packages/airflow/example_dags/example_nested_branch_dag.py
[2024-03-16T11:39:11.130+0500] {processor.py:830} INFO - Processing file /home/muhammadsami/Public/Projects/Airflow/DataPipelineswithApacheAirflow/.env/lib/python3.8/site-packages/airflow/example_dags/example_nested_branch_dag.py for tasks to queue
[2024-03-16T11:39:11.131+0500] {logging_mixin.py:188} INFO - [2024-03-16T11:39:11.131+0500] {dagbag.py:540} INFO - Filling up the DagBag from /home/muhammadsami/Public/Projects/Airflow/DataPipelineswithApacheAirflow/.env/lib/python3.8/site-packages/airflow/example_dags/example_nested_branch_dag.py
[2024-03-16T11:39:11.140+0500] {processor.py:840} INFO - DAG(s) 'example_nested_branch_dag' retrieved from /home/muhammadsami/Public/Projects/Airflow/DataPipelineswithApacheAirflow/.env/lib/python3.8/site-packages/airflow/example_dags/example_nested_branch_dag.py
[2024-03-16T11:39:11.156+0500] {logging_mixin.py:188} INFO - [2024-03-16T11:39:11.156+0500] {dag.py:3047} INFO - Sync 1 DAGs
[2024-03-16T11:39:11.173+0500] {logging_mixin.py:188} INFO - [2024-03-16T11:39:11.173+0500] {dag.py:3834} INFO - Setting next_dagrun for example_nested_branch_dag to 2024-03-15 00:00:00+00:00, run_after=2024-03-16 00:00:00+00:00
[2024-03-16T11:39:11.262+0500] {processor.py:183} INFO - Processing /home/muhammadsami/Public/Projects/Airflow/DataPipelineswithApacheAirflow/.env/lib/python3.8/site-packages/airflow/example_dags/example_nested_branch_dag.py took 0.136 seconds
[2024-03-16T11:40:19.258+0500] {processor.py:161} INFO - Started process (PID=19949) to work on /home/muhammadsami/Public/Projects/Airflow/DataPipelineswithApacheAirflow/.env/lib/python3.8/site-packages/airflow/example_dags/example_nested_branch_dag.py
[2024-03-16T11:40:19.501+0500] {processor.py:830} INFO - Processing file /home/muhammadsami/Public/Projects/Airflow/DataPipelineswithApacheAirflow/.env/lib/python3.8/site-packages/airflow/example_dags/example_nested_branch_dag.py for tasks to queue
[2024-03-16T11:40:19.502+0500] {logging_mixin.py:188} INFO - [2024-03-16T11:40:19.501+0500] {dagbag.py:540} INFO - Filling up the DagBag from /home/muhammadsami/Public/Projects/Airflow/DataPipelineswithApacheAirflow/.env/lib/python3.8/site-packages/airflow/example_dags/example_nested_branch_dag.py
[2024-03-16T11:40:19.510+0500] {processor.py:840} INFO - DAG(s) 'example_nested_branch_dag' retrieved from /home/muhammadsami/Public/Projects/Airflow/DataPipelineswithApacheAirflow/.env/lib/python3.8/site-packages/airflow/example_dags/example_nested_branch_dag.py
[2024-03-16T11:40:19.523+0500] {logging_mixin.py:188} INFO - [2024-03-16T11:40:19.523+0500] {dag.py:3047} INFO - Sync 1 DAGs
[2024-03-16T11:40:19.625+0500] {logging_mixin.py:188} INFO - [2024-03-16T11:40:19.625+0500] {dag.py:3834} INFO - Setting next_dagrun for example_nested_branch_dag to 2024-03-15 00:00:00+00:00, run_after=2024-03-16 00:00:00+00:00
[2024-03-16T11:40:19.877+0500] {processor.py:183} INFO - Processing /home/muhammadsami/Public/Projects/Airflow/DataPipelineswithApacheAirflow/.env/lib/python3.8/site-packages/airflow/example_dags/example_nested_branch_dag.py took 0.622 seconds
[2024-03-16T11:41:37.624+0500] {processor.py:161} INFO - Started process (PID=20198) to work on /home/muhammadsami/Public/Projects/Airflow/DataPipelineswithApacheAirflow/.env/lib/python3.8/site-packages/airflow/example_dags/example_nested_branch_dag.py
[2024-03-16T11:41:37.626+0500] {processor.py:830} INFO - Processing file /home/muhammadsami/Public/Projects/Airflow/DataPipelineswithApacheAirflow/.env/lib/python3.8/site-packages/airflow/example_dags/example_nested_branch_dag.py for tasks to queue
[2024-03-16T11:41:37.627+0500] {logging_mixin.py:188} INFO - [2024-03-16T11:41:37.626+0500] {dagbag.py:540} INFO - Filling up the DagBag from /home/muhammadsami/Public/Projects/Airflow/DataPipelineswithApacheAirflow/.env/lib/python3.8/site-packages/airflow/example_dags/example_nested_branch_dag.py
[2024-03-16T11:41:37.637+0500] {processor.py:840} INFO - DAG(s) 'example_nested_branch_dag' retrieved from /home/muhammadsami/Public/Projects/Airflow/DataPipelineswithApacheAirflow/.env/lib/python3.8/site-packages/airflow/example_dags/example_nested_branch_dag.py
[2024-03-16T11:41:37.650+0500] {logging_mixin.py:188} INFO - [2024-03-16T11:41:37.650+0500] {dag.py:3047} INFO - Sync 1 DAGs
[2024-03-16T11:41:37.670+0500] {logging_mixin.py:188} INFO - [2024-03-16T11:41:37.669+0500] {dag.py:3834} INFO - Setting next_dagrun for example_nested_branch_dag to 2024-03-15 00:00:00+00:00, run_after=2024-03-16 00:00:00+00:00
[2024-03-16T11:41:37.767+0500] {processor.py:183} INFO - Processing /home/muhammadsami/Public/Projects/Airflow/DataPipelineswithApacheAirflow/.env/lib/python3.8/site-packages/airflow/example_dags/example_nested_branch_dag.py took 0.145 seconds
[2024-03-16T11:42:32.085+0500] {processor.py:161} INFO - Started process (PID=20261) to work on /home/muhammadsami/Public/Projects/Airflow/DataPipelineswithApacheAirflow/.env/lib/python3.8/site-packages/airflow/example_dags/example_nested_branch_dag.py
[2024-03-16T11:42:32.087+0500] {processor.py:830} INFO - Processing file /home/muhammadsami/Public/Projects/Airflow/DataPipelineswithApacheAirflow/.env/lib/python3.8/site-packages/airflow/example_dags/example_nested_branch_dag.py for tasks to queue
[2024-03-16T11:42:32.088+0500] {logging_mixin.py:188} INFO - [2024-03-16T11:42:32.087+0500] {dagbag.py:540} INFO - Filling up the DagBag from /home/muhammadsami/Public/Projects/Airflow/DataPipelineswithApacheAirflow/.env/lib/python3.8/site-packages/airflow/example_dags/example_nested_branch_dag.py
[2024-03-16T11:42:32.097+0500] {processor.py:840} INFO - DAG(s) 'example_nested_branch_dag' retrieved from /home/muhammadsami/Public/Projects/Airflow/DataPipelineswithApacheAirflow/.env/lib/python3.8/site-packages/airflow/example_dags/example_nested_branch_dag.py
[2024-03-16T11:42:32.111+0500] {logging_mixin.py:188} INFO - [2024-03-16T11:42:32.111+0500] {dag.py:3047} INFO - Sync 1 DAGs
[2024-03-16T11:42:32.129+0500] {logging_mixin.py:188} INFO - [2024-03-16T11:42:32.129+0500] {dag.py:3834} INFO - Setting next_dagrun for example_nested_branch_dag to 2024-03-15 00:00:00+00:00, run_after=2024-03-16 00:00:00+00:00
[2024-03-16T11:42:32.240+0500] {processor.py:183} INFO - Processing /home/muhammadsami/Public/Projects/Airflow/DataPipelineswithApacheAirflow/.env/lib/python3.8/site-packages/airflow/example_dags/example_nested_branch_dag.py took 0.158 seconds
[2024-03-16T11:43:25.689+0500] {processor.py:161} INFO - Started process (PID=20346) to work on /home/muhammadsami/Public/Projects/Airflow/DataPipelineswithApacheAirflow/.env/lib/python3.8/site-packages/airflow/example_dags/example_nested_branch_dag.py
[2024-03-16T11:43:25.690+0500] {processor.py:830} INFO - Processing file /home/muhammadsami/Public/Projects/Airflow/DataPipelineswithApacheAirflow/.env/lib/python3.8/site-packages/airflow/example_dags/example_nested_branch_dag.py for tasks to queue
[2024-03-16T11:43:25.691+0500] {logging_mixin.py:188} INFO - [2024-03-16T11:43:25.691+0500] {dagbag.py:540} INFO - Filling up the DagBag from /home/muhammadsami/Public/Projects/Airflow/DataPipelineswithApacheAirflow/.env/lib/python3.8/site-packages/airflow/example_dags/example_nested_branch_dag.py
[2024-03-16T11:43:25.702+0500] {processor.py:840} INFO - DAG(s) 'example_nested_branch_dag' retrieved from /home/muhammadsami/Public/Projects/Airflow/DataPipelineswithApacheAirflow/.env/lib/python3.8/site-packages/airflow/example_dags/example_nested_branch_dag.py
[2024-03-16T11:43:25.716+0500] {logging_mixin.py:188} INFO - [2024-03-16T11:43:25.716+0500] {dag.py:3047} INFO - Sync 1 DAGs
[2024-03-16T11:43:25.735+0500] {logging_mixin.py:188} INFO - [2024-03-16T11:43:25.734+0500] {dag.py:3834} INFO - Setting next_dagrun for example_nested_branch_dag to 2024-03-15 00:00:00+00:00, run_after=2024-03-16 00:00:00+00:00
[2024-03-16T11:43:25.830+0500] {processor.py:183} INFO - Processing /home/muhammadsami/Public/Projects/Airflow/DataPipelineswithApacheAirflow/.env/lib/python3.8/site-packages/airflow/example_dags/example_nested_branch_dag.py took 0.143 seconds
[2024-03-16T11:44:17.601+0500] {processor.py:161} INFO - Started process (PID=20395) to work on /home/muhammadsami/Public/Projects/Airflow/DataPipelineswithApacheAirflow/.env/lib/python3.8/site-packages/airflow/example_dags/example_nested_branch_dag.py
[2024-03-16T11:44:17.618+0500] {processor.py:830} INFO - Processing file /home/muhammadsami/Public/Projects/Airflow/DataPipelineswithApacheAirflow/.env/lib/python3.8/site-packages/airflow/example_dags/example_nested_branch_dag.py for tasks to queue
[2024-03-16T11:44:17.618+0500] {logging_mixin.py:188} INFO - [2024-03-16T11:44:17.618+0500] {dagbag.py:540} INFO - Filling up the DagBag from /home/muhammadsami/Public/Projects/Airflow/DataPipelineswithApacheAirflow/.env/lib/python3.8/site-packages/airflow/example_dags/example_nested_branch_dag.py
[2024-03-16T11:44:17.627+0500] {processor.py:840} INFO - DAG(s) 'example_nested_branch_dag' retrieved from /home/muhammadsami/Public/Projects/Airflow/DataPipelineswithApacheAirflow/.env/lib/python3.8/site-packages/airflow/example_dags/example_nested_branch_dag.py
[2024-03-16T11:44:17.642+0500] {logging_mixin.py:188} INFO - [2024-03-16T11:44:17.642+0500] {dag.py:3047} INFO - Sync 1 DAGs
[2024-03-16T11:44:17.660+0500] {logging_mixin.py:188} INFO - [2024-03-16T11:44:17.660+0500] {dag.py:3834} INFO - Setting next_dagrun for example_nested_branch_dag to 2024-03-15 00:00:00+00:00, run_after=2024-03-16 00:00:00+00:00
[2024-03-16T11:44:17.746+0500] {processor.py:183} INFO - Processing /home/muhammadsami/Public/Projects/Airflow/DataPipelineswithApacheAirflow/.env/lib/python3.8/site-packages/airflow/example_dags/example_nested_branch_dag.py took 0.148 seconds
[2024-03-16T11:45:50.348+0500] {processor.py:161} INFO - Started process (PID=20835) to work on /home/muhammadsami/Public/Projects/Airflow/DataPipelineswithApacheAirflow/.env/lib/python3.8/site-packages/airflow/example_dags/example_nested_branch_dag.py
[2024-03-16T11:45:50.401+0500] {processor.py:830} INFO - Processing file /home/muhammadsami/Public/Projects/Airflow/DataPipelineswithApacheAirflow/.env/lib/python3.8/site-packages/airflow/example_dags/example_nested_branch_dag.py for tasks to queue
[2024-03-16T11:45:50.402+0500] {logging_mixin.py:188} INFO - [2024-03-16T11:45:50.402+0500] {dagbag.py:540} INFO - Filling up the DagBag from /home/muhammadsami/Public/Projects/Airflow/DataPipelineswithApacheAirflow/.env/lib/python3.8/site-packages/airflow/example_dags/example_nested_branch_dag.py
[2024-03-16T11:45:50.411+0500] {processor.py:840} INFO - DAG(s) 'example_nested_branch_dag' retrieved from /home/muhammadsami/Public/Projects/Airflow/DataPipelineswithApacheAirflow/.env/lib/python3.8/site-packages/airflow/example_dags/example_nested_branch_dag.py
[2024-03-16T11:45:50.426+0500] {logging_mixin.py:188} INFO - [2024-03-16T11:45:50.426+0500] {dag.py:3047} INFO - Sync 1 DAGs
[2024-03-16T11:45:50.444+0500] {logging_mixin.py:188} INFO - [2024-03-16T11:45:50.444+0500] {dag.py:3834} INFO - Setting next_dagrun for example_nested_branch_dag to 2024-03-15 00:00:00+00:00, run_after=2024-03-16 00:00:00+00:00
[2024-03-16T11:45:50.768+0500] {processor.py:183} INFO - Processing /home/muhammadsami/Public/Projects/Airflow/DataPipelineswithApacheAirflow/.env/lib/python3.8/site-packages/airflow/example_dags/example_nested_branch_dag.py took 0.422 seconds
[2024-03-16T11:46:45.762+0500] {processor.py:161} INFO - Started process (PID=20898) to work on /home/muhammadsami/Public/Projects/Airflow/DataPipelineswithApacheAirflow/.env/lib/python3.8/site-packages/airflow/example_dags/example_nested_branch_dag.py
[2024-03-16T11:46:45.764+0500] {processor.py:830} INFO - Processing file /home/muhammadsami/Public/Projects/Airflow/DataPipelineswithApacheAirflow/.env/lib/python3.8/site-packages/airflow/example_dags/example_nested_branch_dag.py for tasks to queue
[2024-03-16T11:46:45.765+0500] {logging_mixin.py:188} INFO - [2024-03-16T11:46:45.764+0500] {dagbag.py:540} INFO - Filling up the DagBag from /home/muhammadsami/Public/Projects/Airflow/DataPipelineswithApacheAirflow/.env/lib/python3.8/site-packages/airflow/example_dags/example_nested_branch_dag.py
[2024-03-16T11:46:45.774+0500] {processor.py:840} INFO - DAG(s) 'example_nested_branch_dag' retrieved from /home/muhammadsami/Public/Projects/Airflow/DataPipelineswithApacheAirflow/.env/lib/python3.8/site-packages/airflow/example_dags/example_nested_branch_dag.py
[2024-03-16T11:46:45.789+0500] {logging_mixin.py:188} INFO - [2024-03-16T11:46:45.789+0500] {dag.py:3047} INFO - Sync 1 DAGs
[2024-03-16T11:46:45.808+0500] {logging_mixin.py:188} INFO - [2024-03-16T11:46:45.808+0500] {dag.py:3834} INFO - Setting next_dagrun for example_nested_branch_dag to 2024-03-15 00:00:00+00:00, run_after=2024-03-16 00:00:00+00:00
[2024-03-16T11:46:45.909+0500] {processor.py:183} INFO - Processing /home/muhammadsami/Public/Projects/Airflow/DataPipelineswithApacheAirflow/.env/lib/python3.8/site-packages/airflow/example_dags/example_nested_branch_dag.py took 0.150 seconds
[2024-03-16T11:47:35.578+0500] {processor.py:161} INFO - Started process (PID=20974) to work on /home/muhammadsami/Public/Projects/Airflow/DataPipelineswithApacheAirflow/.env/lib/python3.8/site-packages/airflow/example_dags/example_nested_branch_dag.py
[2024-03-16T11:47:35.590+0500] {processor.py:830} INFO - Processing file /home/muhammadsami/Public/Projects/Airflow/DataPipelineswithApacheAirflow/.env/lib/python3.8/site-packages/airflow/example_dags/example_nested_branch_dag.py for tasks to queue
[2024-03-16T11:47:35.591+0500] {logging_mixin.py:188} INFO - [2024-03-16T11:47:35.591+0500] {dagbag.py:540} INFO - Filling up the DagBag from /home/muhammadsami/Public/Projects/Airflow/DataPipelineswithApacheAirflow/.env/lib/python3.8/site-packages/airflow/example_dags/example_nested_branch_dag.py
[2024-03-16T11:47:35.600+0500] {processor.py:840} INFO - DAG(s) 'example_nested_branch_dag' retrieved from /home/muhammadsami/Public/Projects/Airflow/DataPipelineswithApacheAirflow/.env/lib/python3.8/site-packages/airflow/example_dags/example_nested_branch_dag.py
[2024-03-16T11:47:35.614+0500] {logging_mixin.py:188} INFO - [2024-03-16T11:47:35.614+0500] {dag.py:3047} INFO - Sync 1 DAGs
[2024-03-16T11:47:35.633+0500] {logging_mixin.py:188} INFO - [2024-03-16T11:47:35.633+0500] {dag.py:3834} INFO - Setting next_dagrun for example_nested_branch_dag to 2024-03-15 00:00:00+00:00, run_after=2024-03-16 00:00:00+00:00
[2024-03-16T11:47:35.721+0500] {processor.py:183} INFO - Processing /home/muhammadsami/Public/Projects/Airflow/DataPipelineswithApacheAirflow/.env/lib/python3.8/site-packages/airflow/example_dags/example_nested_branch_dag.py took 0.146 seconds
[2024-03-16T11:48:24.110+0500] {processor.py:161} INFO - Started process (PID=21052) to work on /home/muhammadsami/Public/Projects/Airflow/DataPipelineswithApacheAirflow/.env/lib/python3.8/site-packages/airflow/example_dags/example_nested_branch_dag.py
[2024-03-16T11:48:24.123+0500] {processor.py:830} INFO - Processing file /home/muhammadsami/Public/Projects/Airflow/DataPipelineswithApacheAirflow/.env/lib/python3.8/site-packages/airflow/example_dags/example_nested_branch_dag.py for tasks to queue
[2024-03-16T11:48:24.124+0500] {logging_mixin.py:188} INFO - [2024-03-16T11:48:24.123+0500] {dagbag.py:540} INFO - Filling up the DagBag from /home/muhammadsami/Public/Projects/Airflow/DataPipelineswithApacheAirflow/.env/lib/python3.8/site-packages/airflow/example_dags/example_nested_branch_dag.py
[2024-03-16T11:48:24.132+0500] {processor.py:840} INFO - DAG(s) 'example_nested_branch_dag' retrieved from /home/muhammadsami/Public/Projects/Airflow/DataPipelineswithApacheAirflow/.env/lib/python3.8/site-packages/airflow/example_dags/example_nested_branch_dag.py
[2024-03-16T11:48:24.146+0500] {logging_mixin.py:188} INFO - [2024-03-16T11:48:24.146+0500] {dag.py:3047} INFO - Sync 1 DAGs
[2024-03-16T11:48:24.164+0500] {logging_mixin.py:188} INFO - [2024-03-16T11:48:24.164+0500] {dag.py:3834} INFO - Setting next_dagrun for example_nested_branch_dag to 2024-03-15 00:00:00+00:00, run_after=2024-03-16 00:00:00+00:00
[2024-03-16T11:48:24.254+0500] {processor.py:183} INFO - Processing /home/muhammadsami/Public/Projects/Airflow/DataPipelineswithApacheAirflow/.env/lib/python3.8/site-packages/airflow/example_dags/example_nested_branch_dag.py took 0.146 seconds
[2024-03-16T11:49:14.090+0500] {processor.py:161} INFO - Started process (PID=21098) to work on /home/muhammadsami/Public/Projects/Airflow/DataPipelineswithApacheAirflow/.env/lib/python3.8/site-packages/airflow/example_dags/example_nested_branch_dag.py
[2024-03-16T11:49:14.107+0500] {processor.py:830} INFO - Processing file /home/muhammadsami/Public/Projects/Airflow/DataPipelineswithApacheAirflow/.env/lib/python3.8/site-packages/airflow/example_dags/example_nested_branch_dag.py for tasks to queue
[2024-03-16T11:49:14.108+0500] {logging_mixin.py:188} INFO - [2024-03-16T11:49:14.108+0500] {dagbag.py:540} INFO - Filling up the DagBag from /home/muhammadsami/Public/Projects/Airflow/DataPipelineswithApacheAirflow/.env/lib/python3.8/site-packages/airflow/example_dags/example_nested_branch_dag.py
[2024-03-16T11:49:14.117+0500] {processor.py:840} INFO - DAG(s) 'example_nested_branch_dag' retrieved from /home/muhammadsami/Public/Projects/Airflow/DataPipelineswithApacheAirflow/.env/lib/python3.8/site-packages/airflow/example_dags/example_nested_branch_dag.py
[2024-03-16T11:49:14.131+0500] {logging_mixin.py:188} INFO - [2024-03-16T11:49:14.131+0500] {dag.py:3047} INFO - Sync 1 DAGs
[2024-03-16T11:49:14.149+0500] {logging_mixin.py:188} INFO - [2024-03-16T11:49:14.149+0500] {dag.py:3834} INFO - Setting next_dagrun for example_nested_branch_dag to 2024-03-15 00:00:00+00:00, run_after=2024-03-16 00:00:00+00:00
[2024-03-16T11:49:14.248+0500] {processor.py:183} INFO - Processing /home/muhammadsami/Public/Projects/Airflow/DataPipelineswithApacheAirflow/.env/lib/python3.8/site-packages/airflow/example_dags/example_nested_branch_dag.py took 0.161 seconds
[2024-03-16T11:50:26.631+0500] {processor.py:161} INFO - Started process (PID=21167) to work on /home/muhammadsami/Public/Projects/Airflow/DataPipelineswithApacheAirflow/.env/lib/python3.8/site-packages/airflow/example_dags/example_nested_branch_dag.py
[2024-03-16T11:50:26.633+0500] {processor.py:830} INFO - Processing file /home/muhammadsami/Public/Projects/Airflow/DataPipelineswithApacheAirflow/.env/lib/python3.8/site-packages/airflow/example_dags/example_nested_branch_dag.py for tasks to queue
[2024-03-16T11:50:26.633+0500] {logging_mixin.py:188} INFO - [2024-03-16T11:50:26.633+0500] {dagbag.py:540} INFO - Filling up the DagBag from /home/muhammadsami/Public/Projects/Airflow/DataPipelineswithApacheAirflow/.env/lib/python3.8/site-packages/airflow/example_dags/example_nested_branch_dag.py
[2024-03-16T11:50:26.643+0500] {processor.py:840} INFO - DAG(s) 'example_nested_branch_dag' retrieved from /home/muhammadsami/Public/Projects/Airflow/DataPipelineswithApacheAirflow/.env/lib/python3.8/site-packages/airflow/example_dags/example_nested_branch_dag.py
[2024-03-16T11:50:26.661+0500] {logging_mixin.py:188} INFO - [2024-03-16T11:50:26.660+0500] {dag.py:3047} INFO - Sync 1 DAGs
[2024-03-16T11:50:26.682+0500] {logging_mixin.py:188} INFO - [2024-03-16T11:50:26.682+0500] {dag.py:3834} INFO - Setting next_dagrun for example_nested_branch_dag to 2024-03-15 00:00:00+00:00, run_after=2024-03-16 00:00:00+00:00
[2024-03-16T11:50:26.785+0500] {processor.py:183} INFO - Processing /home/muhammadsami/Public/Projects/Airflow/DataPipelineswithApacheAirflow/.env/lib/python3.8/site-packages/airflow/example_dags/example_nested_branch_dag.py took 0.157 seconds
[2024-03-16T11:51:18.861+0500] {processor.py:161} INFO - Started process (PID=21263) to work on /home/muhammadsami/Public/Projects/Airflow/DataPipelineswithApacheAirflow/.env/lib/python3.8/site-packages/airflow/example_dags/example_nested_branch_dag.py
[2024-03-16T11:51:18.906+0500] {processor.py:830} INFO - Processing file /home/muhammadsami/Public/Projects/Airflow/DataPipelineswithApacheAirflow/.env/lib/python3.8/site-packages/airflow/example_dags/example_nested_branch_dag.py for tasks to queue
[2024-03-16T11:51:18.908+0500] {logging_mixin.py:188} INFO - [2024-03-16T11:51:18.907+0500] {dagbag.py:540} INFO - Filling up the DagBag from /home/muhammadsami/Public/Projects/Airflow/DataPipelineswithApacheAirflow/.env/lib/python3.8/site-packages/airflow/example_dags/example_nested_branch_dag.py
[2024-03-16T11:51:18.918+0500] {processor.py:840} INFO - DAG(s) 'example_nested_branch_dag' retrieved from /home/muhammadsami/Public/Projects/Airflow/DataPipelineswithApacheAirflow/.env/lib/python3.8/site-packages/airflow/example_dags/example_nested_branch_dag.py
[2024-03-16T11:51:18.935+0500] {logging_mixin.py:188} INFO - [2024-03-16T11:51:18.934+0500] {dag.py:3047} INFO - Sync 1 DAGs
[2024-03-16T11:51:18.958+0500] {logging_mixin.py:188} INFO - [2024-03-16T11:51:18.958+0500] {dag.py:3834} INFO - Setting next_dagrun for example_nested_branch_dag to 2024-03-15 00:00:00+00:00, run_after=2024-03-16 00:00:00+00:00
[2024-03-16T11:51:19.326+0500] {processor.py:183} INFO - Processing /home/muhammadsami/Public/Projects/Airflow/DataPipelineswithApacheAirflow/.env/lib/python3.8/site-packages/airflow/example_dags/example_nested_branch_dag.py took 0.468 seconds
[2024-03-16T11:52:11.889+0500] {processor.py:161} INFO - Started process (PID=21432) to work on /home/muhammadsami/Public/Projects/Airflow/DataPipelineswithApacheAirflow/.env/lib/python3.8/site-packages/airflow/example_dags/example_nested_branch_dag.py
[2024-03-16T11:52:11.890+0500] {processor.py:830} INFO - Processing file /home/muhammadsami/Public/Projects/Airflow/DataPipelineswithApacheAirflow/.env/lib/python3.8/site-packages/airflow/example_dags/example_nested_branch_dag.py for tasks to queue
[2024-03-16T11:52:11.891+0500] {logging_mixin.py:188} INFO - [2024-03-16T11:52:11.891+0500] {dagbag.py:540} INFO - Filling up the DagBag from /home/muhammadsami/Public/Projects/Airflow/DataPipelineswithApacheAirflow/.env/lib/python3.8/site-packages/airflow/example_dags/example_nested_branch_dag.py
[2024-03-16T11:52:11.901+0500] {processor.py:840} INFO - DAG(s) 'example_nested_branch_dag' retrieved from /home/muhammadsami/Public/Projects/Airflow/DataPipelineswithApacheAirflow/.env/lib/python3.8/site-packages/airflow/example_dags/example_nested_branch_dag.py
[2024-03-16T11:52:11.930+0500] {logging_mixin.py:188} INFO - [2024-03-16T11:52:11.929+0500] {dag.py:3047} INFO - Sync 1 DAGs
[2024-03-16T11:52:11.966+0500] {logging_mixin.py:188} INFO - [2024-03-16T11:52:11.965+0500] {dag.py:3834} INFO - Setting next_dagrun for example_nested_branch_dag to 2024-03-15 00:00:00+00:00, run_after=2024-03-16 00:00:00+00:00
[2024-03-16T11:52:12.103+0500] {processor.py:183} INFO - Processing /home/muhammadsami/Public/Projects/Airflow/DataPipelineswithApacheAirflow/.env/lib/python3.8/site-packages/airflow/example_dags/example_nested_branch_dag.py took 0.216 seconds
[2024-03-16T11:53:04.009+0500] {processor.py:161} INFO - Started process (PID=21517) to work on /home/muhammadsami/Public/Projects/Airflow/DataPipelineswithApacheAirflow/.env/lib/python3.8/site-packages/airflow/example_dags/example_nested_branch_dag.py
[2024-03-16T11:53:04.027+0500] {processor.py:830} INFO - Processing file /home/muhammadsami/Public/Projects/Airflow/DataPipelineswithApacheAirflow/.env/lib/python3.8/site-packages/airflow/example_dags/example_nested_branch_dag.py for tasks to queue
[2024-03-16T11:53:04.028+0500] {logging_mixin.py:188} INFO - [2024-03-16T11:53:04.027+0500] {dagbag.py:540} INFO - Filling up the DagBag from /home/muhammadsami/Public/Projects/Airflow/DataPipelineswithApacheAirflow/.env/lib/python3.8/site-packages/airflow/example_dags/example_nested_branch_dag.py
[2024-03-16T11:53:04.036+0500] {processor.py:840} INFO - DAG(s) 'example_nested_branch_dag' retrieved from /home/muhammadsami/Public/Projects/Airflow/DataPipelineswithApacheAirflow/.env/lib/python3.8/site-packages/airflow/example_dags/example_nested_branch_dag.py
[2024-03-16T11:53:04.050+0500] {logging_mixin.py:188} INFO - [2024-03-16T11:53:04.050+0500] {dag.py:3047} INFO - Sync 1 DAGs
[2024-03-16T11:53:04.068+0500] {logging_mixin.py:188} INFO - [2024-03-16T11:53:04.068+0500] {dag.py:3834} INFO - Setting next_dagrun for example_nested_branch_dag to 2024-03-15 00:00:00+00:00, run_after=2024-03-16 00:00:00+00:00
[2024-03-16T11:53:04.151+0500] {processor.py:183} INFO - Processing /home/muhammadsami/Public/Projects/Airflow/DataPipelineswithApacheAirflow/.env/lib/python3.8/site-packages/airflow/example_dags/example_nested_branch_dag.py took 0.145 seconds
[2024-03-16T11:53:56.437+0500] {processor.py:161} INFO - Started process (PID=21638) to work on /home/muhammadsami/Public/Projects/Airflow/DataPipelineswithApacheAirflow/.env/lib/python3.8/site-packages/airflow/example_dags/example_nested_branch_dag.py
[2024-03-16T11:53:56.455+0500] {processor.py:830} INFO - Processing file /home/muhammadsami/Public/Projects/Airflow/DataPipelineswithApacheAirflow/.env/lib/python3.8/site-packages/airflow/example_dags/example_nested_branch_dag.py for tasks to queue
[2024-03-16T11:53:56.456+0500] {logging_mixin.py:188} INFO - [2024-03-16T11:53:56.455+0500] {dagbag.py:540} INFO - Filling up the DagBag from /home/muhammadsami/Public/Projects/Airflow/DataPipelineswithApacheAirflow/.env/lib/python3.8/site-packages/airflow/example_dags/example_nested_branch_dag.py
[2024-03-16T11:53:56.464+0500] {processor.py:840} INFO - DAG(s) 'example_nested_branch_dag' retrieved from /home/muhammadsami/Public/Projects/Airflow/DataPipelineswithApacheAirflow/.env/lib/python3.8/site-packages/airflow/example_dags/example_nested_branch_dag.py
[2024-03-16T11:53:56.478+0500] {logging_mixin.py:188} INFO - [2024-03-16T11:53:56.478+0500] {dag.py:3047} INFO - Sync 1 DAGs
[2024-03-16T11:53:56.496+0500] {logging_mixin.py:188} INFO - [2024-03-16T11:53:56.496+0500] {dag.py:3834} INFO - Setting next_dagrun for example_nested_branch_dag to 2024-03-15 00:00:00+00:00, run_after=2024-03-16 00:00:00+00:00
[2024-03-16T11:53:56.587+0500] {processor.py:183} INFO - Processing /home/muhammadsami/Public/Projects/Airflow/DataPipelineswithApacheAirflow/.env/lib/python3.8/site-packages/airflow/example_dags/example_nested_branch_dag.py took 0.152 seconds
[2024-03-16T11:55:10.359+0500] {processor.py:161} INFO - Started process (PID=21821) to work on /home/muhammadsami/Public/Projects/Airflow/DataPipelineswithApacheAirflow/.env/lib/python3.8/site-packages/airflow/example_dags/example_nested_branch_dag.py
[2024-03-16T11:55:10.360+0500] {processor.py:830} INFO - Processing file /home/muhammadsami/Public/Projects/Airflow/DataPipelineswithApacheAirflow/.env/lib/python3.8/site-packages/airflow/example_dags/example_nested_branch_dag.py for tasks to queue
[2024-03-16T11:55:10.361+0500] {logging_mixin.py:188} INFO - [2024-03-16T11:55:10.361+0500] {dagbag.py:540} INFO - Filling up the DagBag from /home/muhammadsami/Public/Projects/Airflow/DataPipelineswithApacheAirflow/.env/lib/python3.8/site-packages/airflow/example_dags/example_nested_branch_dag.py
[2024-03-16T11:55:10.371+0500] {processor.py:840} INFO - DAG(s) 'example_nested_branch_dag' retrieved from /home/muhammadsami/Public/Projects/Airflow/DataPipelineswithApacheAirflow/.env/lib/python3.8/site-packages/airflow/example_dags/example_nested_branch_dag.py
[2024-03-16T11:55:10.389+0500] {logging_mixin.py:188} INFO - [2024-03-16T11:55:10.388+0500] {dag.py:3047} INFO - Sync 1 DAGs
[2024-03-16T11:55:10.412+0500] {logging_mixin.py:188} INFO - [2024-03-16T11:55:10.412+0500] {dag.py:3834} INFO - Setting next_dagrun for example_nested_branch_dag to 2024-03-15 00:00:00+00:00, run_after=2024-03-16 00:00:00+00:00
[2024-03-16T11:55:10.512+0500] {processor.py:183} INFO - Processing /home/muhammadsami/Public/Projects/Airflow/DataPipelineswithApacheAirflow/.env/lib/python3.8/site-packages/airflow/example_dags/example_nested_branch_dag.py took 0.157 seconds
[2024-03-16T11:56:02.936+0500] {processor.py:161} INFO - Started process (PID=21921) to work on /home/muhammadsami/Public/Projects/Airflow/DataPipelineswithApacheAirflow/.env/lib/python3.8/site-packages/airflow/example_dags/example_nested_branch_dag.py
[2024-03-16T11:56:02.946+0500] {processor.py:830} INFO - Processing file /home/muhammadsami/Public/Projects/Airflow/DataPipelineswithApacheAirflow/.env/lib/python3.8/site-packages/airflow/example_dags/example_nested_branch_dag.py for tasks to queue
[2024-03-16T11:56:02.947+0500] {logging_mixin.py:188} INFO - [2024-03-16T11:56:02.947+0500] {dagbag.py:540} INFO - Filling up the DagBag from /home/muhammadsami/Public/Projects/Airflow/DataPipelineswithApacheAirflow/.env/lib/python3.8/site-packages/airflow/example_dags/example_nested_branch_dag.py
[2024-03-16T11:56:02.957+0500] {processor.py:840} INFO - DAG(s) 'example_nested_branch_dag' retrieved from /home/muhammadsami/Public/Projects/Airflow/DataPipelineswithApacheAirflow/.env/lib/python3.8/site-packages/airflow/example_dags/example_nested_branch_dag.py
[2024-03-16T11:56:02.973+0500] {logging_mixin.py:188} INFO - [2024-03-16T11:56:02.972+0500] {dag.py:3047} INFO - Sync 1 DAGs
[2024-03-16T11:56:02.998+0500] {logging_mixin.py:188} INFO - [2024-03-16T11:56:02.997+0500] {dag.py:3834} INFO - Setting next_dagrun for example_nested_branch_dag to 2024-03-15 00:00:00+00:00, run_after=2024-03-16 00:00:00+00:00
[2024-03-16T11:56:03.135+0500] {processor.py:183} INFO - Processing /home/muhammadsami/Public/Projects/Airflow/DataPipelineswithApacheAirflow/.env/lib/python3.8/site-packages/airflow/example_dags/example_nested_branch_dag.py took 0.201 seconds
[2024-03-16T11:56:52.053+0500] {processor.py:161} INFO - Started process (PID=21972) to work on /home/muhammadsami/Public/Projects/Airflow/DataPipelineswithApacheAirflow/.env/lib/python3.8/site-packages/airflow/example_dags/example_nested_branch_dag.py
[2024-03-16T11:56:52.058+0500] {processor.py:830} INFO - Processing file /home/muhammadsami/Public/Projects/Airflow/DataPipelineswithApacheAirflow/.env/lib/python3.8/site-packages/airflow/example_dags/example_nested_branch_dag.py for tasks to queue
[2024-03-16T11:56:52.059+0500] {logging_mixin.py:188} INFO - [2024-03-16T11:56:52.059+0500] {dagbag.py:540} INFO - Filling up the DagBag from /home/muhammadsami/Public/Projects/Airflow/DataPipelineswithApacheAirflow/.env/lib/python3.8/site-packages/airflow/example_dags/example_nested_branch_dag.py
[2024-03-16T11:56:52.070+0500] {processor.py:840} INFO - DAG(s) 'example_nested_branch_dag' retrieved from /home/muhammadsami/Public/Projects/Airflow/DataPipelineswithApacheAirflow/.env/lib/python3.8/site-packages/airflow/example_dags/example_nested_branch_dag.py
[2024-03-16T11:56:52.087+0500] {logging_mixin.py:188} INFO - [2024-03-16T11:56:52.087+0500] {dag.py:3047} INFO - Sync 1 DAGs
[2024-03-16T11:56:52.108+0500] {logging_mixin.py:188} INFO - [2024-03-16T11:56:52.108+0500] {dag.py:3834} INFO - Setting next_dagrun for example_nested_branch_dag to 2024-03-15 00:00:00+00:00, run_after=2024-03-16 00:00:00+00:00
[2024-03-16T11:56:52.237+0500] {processor.py:183} INFO - Processing /home/muhammadsami/Public/Projects/Airflow/DataPipelineswithApacheAirflow/.env/lib/python3.8/site-packages/airflow/example_dags/example_nested_branch_dag.py took 0.188 seconds
[2024-03-16T11:57:44.206+0500] {processor.py:161} INFO - Started process (PID=22023) to work on /home/muhammadsami/Public/Projects/Airflow/DataPipelineswithApacheAirflow/.env/lib/python3.8/site-packages/airflow/example_dags/example_nested_branch_dag.py
[2024-03-16T11:57:44.207+0500] {processor.py:830} INFO - Processing file /home/muhammadsami/Public/Projects/Airflow/DataPipelineswithApacheAirflow/.env/lib/python3.8/site-packages/airflow/example_dags/example_nested_branch_dag.py for tasks to queue
[2024-03-16T11:57:44.208+0500] {logging_mixin.py:188} INFO - [2024-03-16T11:57:44.208+0500] {dagbag.py:540} INFO - Filling up the DagBag from /home/muhammadsami/Public/Projects/Airflow/DataPipelineswithApacheAirflow/.env/lib/python3.8/site-packages/airflow/example_dags/example_nested_branch_dag.py
[2024-03-16T11:57:44.221+0500] {processor.py:840} INFO - DAG(s) 'example_nested_branch_dag' retrieved from /home/muhammadsami/Public/Projects/Airflow/DataPipelineswithApacheAirflow/.env/lib/python3.8/site-packages/airflow/example_dags/example_nested_branch_dag.py
[2024-03-16T11:57:44.240+0500] {logging_mixin.py:188} INFO - [2024-03-16T11:57:44.240+0500] {dag.py:3047} INFO - Sync 1 DAGs
[2024-03-16T11:57:44.259+0500] {logging_mixin.py:188} INFO - [2024-03-16T11:57:44.259+0500] {dag.py:3834} INFO - Setting next_dagrun for example_nested_branch_dag to 2024-03-15 00:00:00+00:00, run_after=2024-03-16 00:00:00+00:00
[2024-03-16T11:57:44.355+0500] {processor.py:183} INFO - Processing /home/muhammadsami/Public/Projects/Airflow/DataPipelineswithApacheAirflow/.env/lib/python3.8/site-packages/airflow/example_dags/example_nested_branch_dag.py took 0.151 seconds
[2024-03-16T11:58:35.614+0500] {processor.py:161} INFO - Started process (PID=22127) to work on /home/muhammadsami/Public/Projects/Airflow/DataPipelineswithApacheAirflow/.env/lib/python3.8/site-packages/airflow/example_dags/example_nested_branch_dag.py
[2024-03-16T11:58:35.629+0500] {processor.py:830} INFO - Processing file /home/muhammadsami/Public/Projects/Airflow/DataPipelineswithApacheAirflow/.env/lib/python3.8/site-packages/airflow/example_dags/example_nested_branch_dag.py for tasks to queue
[2024-03-16T11:58:35.630+0500] {logging_mixin.py:188} INFO - [2024-03-16T11:58:35.629+0500] {dagbag.py:540} INFO - Filling up the DagBag from /home/muhammadsami/Public/Projects/Airflow/DataPipelineswithApacheAirflow/.env/lib/python3.8/site-packages/airflow/example_dags/example_nested_branch_dag.py
[2024-03-16T11:58:35.638+0500] {processor.py:840} INFO - DAG(s) 'example_nested_branch_dag' retrieved from /home/muhammadsami/Public/Projects/Airflow/DataPipelineswithApacheAirflow/.env/lib/python3.8/site-packages/airflow/example_dags/example_nested_branch_dag.py
[2024-03-16T11:58:35.652+0500] {logging_mixin.py:188} INFO - [2024-03-16T11:58:35.652+0500] {dag.py:3047} INFO - Sync 1 DAGs
[2024-03-16T11:58:35.670+0500] {logging_mixin.py:188} INFO - [2024-03-16T11:58:35.670+0500] {dag.py:3834} INFO - Setting next_dagrun for example_nested_branch_dag to 2024-03-15 00:00:00+00:00, run_after=2024-03-16 00:00:00+00:00
[2024-03-16T11:58:35.772+0500] {processor.py:183} INFO - Processing /home/muhammadsami/Public/Projects/Airflow/DataPipelineswithApacheAirflow/.env/lib/python3.8/site-packages/airflow/example_dags/example_nested_branch_dag.py took 0.161 seconds
[2024-03-16T11:59:24.580+0500] {processor.py:161} INFO - Started process (PID=22206) to work on /home/muhammadsami/Public/Projects/Airflow/DataPipelineswithApacheAirflow/.env/lib/python3.8/site-packages/airflow/example_dags/example_nested_branch_dag.py
[2024-03-16T11:59:24.596+0500] {processor.py:830} INFO - Processing file /home/muhammadsami/Public/Projects/Airflow/DataPipelineswithApacheAirflow/.env/lib/python3.8/site-packages/airflow/example_dags/example_nested_branch_dag.py for tasks to queue
[2024-03-16T11:59:24.597+0500] {logging_mixin.py:188} INFO - [2024-03-16T11:59:24.597+0500] {dagbag.py:540} INFO - Filling up the DagBag from /home/muhammadsami/Public/Projects/Airflow/DataPipelineswithApacheAirflow/.env/lib/python3.8/site-packages/airflow/example_dags/example_nested_branch_dag.py
[2024-03-16T11:59:24.606+0500] {processor.py:840} INFO - DAG(s) 'example_nested_branch_dag' retrieved from /home/muhammadsami/Public/Projects/Airflow/DataPipelineswithApacheAirflow/.env/lib/python3.8/site-packages/airflow/example_dags/example_nested_branch_dag.py
[2024-03-16T11:59:24.620+0500] {logging_mixin.py:188} INFO - [2024-03-16T11:59:24.619+0500] {dag.py:3047} INFO - Sync 1 DAGs
[2024-03-16T11:59:24.638+0500] {logging_mixin.py:188} INFO - [2024-03-16T11:59:24.638+0500] {dag.py:3834} INFO - Setting next_dagrun for example_nested_branch_dag to 2024-03-15 00:00:00+00:00, run_after=2024-03-16 00:00:00+00:00
[2024-03-16T11:59:24.739+0500] {processor.py:183} INFO - Processing /home/muhammadsami/Public/Projects/Airflow/DataPipelineswithApacheAirflow/.env/lib/python3.8/site-packages/airflow/example_dags/example_nested_branch_dag.py took 0.162 seconds
[2024-03-16T12:00:17.511+0500] {processor.py:161} INFO - Started process (PID=22321) to work on /home/muhammadsami/Public/Projects/Airflow/DataPipelineswithApacheAirflow/.env/lib/python3.8/site-packages/airflow/example_dags/example_nested_branch_dag.py
[2024-03-16T12:00:17.512+0500] {processor.py:830} INFO - Processing file /home/muhammadsami/Public/Projects/Airflow/DataPipelineswithApacheAirflow/.env/lib/python3.8/site-packages/airflow/example_dags/example_nested_branch_dag.py for tasks to queue
[2024-03-16T12:00:17.514+0500] {logging_mixin.py:188} INFO - [2024-03-16T12:00:17.513+0500] {dagbag.py:540} INFO - Filling up the DagBag from /home/muhammadsami/Public/Projects/Airflow/DataPipelineswithApacheAirflow/.env/lib/python3.8/site-packages/airflow/example_dags/example_nested_branch_dag.py
[2024-03-16T12:00:17.525+0500] {processor.py:840} INFO - DAG(s) 'example_nested_branch_dag' retrieved from /home/muhammadsami/Public/Projects/Airflow/DataPipelineswithApacheAirflow/.env/lib/python3.8/site-packages/airflow/example_dags/example_nested_branch_dag.py
[2024-03-16T12:00:17.543+0500] {logging_mixin.py:188} INFO - [2024-03-16T12:00:17.542+0500] {dag.py:3047} INFO - Sync 1 DAGs
[2024-03-16T12:00:17.564+0500] {logging_mixin.py:188} INFO - [2024-03-16T12:00:17.564+0500] {dag.py:3834} INFO - Setting next_dagrun for example_nested_branch_dag to 2024-03-15 00:00:00+00:00, run_after=2024-03-16 00:00:00+00:00
[2024-03-16T12:00:17.658+0500] {processor.py:183} INFO - Processing /home/muhammadsami/Public/Projects/Airflow/DataPipelineswithApacheAirflow/.env/lib/python3.8/site-packages/airflow/example_dags/example_nested_branch_dag.py took 0.151 seconds
[2024-03-16T12:01:12.151+0500] {processor.py:161} INFO - Started process (PID=22373) to work on /home/muhammadsami/Public/Projects/Airflow/DataPipelineswithApacheAirflow/.env/lib/python3.8/site-packages/airflow/example_dags/example_nested_branch_dag.py
[2024-03-16T12:01:12.168+0500] {processor.py:830} INFO - Processing file /home/muhammadsami/Public/Projects/Airflow/DataPipelineswithApacheAirflow/.env/lib/python3.8/site-packages/airflow/example_dags/example_nested_branch_dag.py for tasks to queue
[2024-03-16T12:01:12.169+0500] {logging_mixin.py:188} INFO - [2024-03-16T12:01:12.168+0500] {dagbag.py:540} INFO - Filling up the DagBag from /home/muhammadsami/Public/Projects/Airflow/DataPipelineswithApacheAirflow/.env/lib/python3.8/site-packages/airflow/example_dags/example_nested_branch_dag.py
[2024-03-16T12:01:12.177+0500] {processor.py:840} INFO - DAG(s) 'example_nested_branch_dag' retrieved from /home/muhammadsami/Public/Projects/Airflow/DataPipelineswithApacheAirflow/.env/lib/python3.8/site-packages/airflow/example_dags/example_nested_branch_dag.py
[2024-03-16T12:01:12.191+0500] {logging_mixin.py:188} INFO - [2024-03-16T12:01:12.191+0500] {dag.py:3047} INFO - Sync 1 DAGs
[2024-03-16T12:01:12.209+0500] {logging_mixin.py:188} INFO - [2024-03-16T12:01:12.208+0500] {dag.py:3834} INFO - Setting next_dagrun for example_nested_branch_dag to 2024-03-15 00:00:00+00:00, run_after=2024-03-16 00:00:00+00:00
[2024-03-16T12:01:12.302+0500] {processor.py:183} INFO - Processing /home/muhammadsami/Public/Projects/Airflow/DataPipelineswithApacheAirflow/.env/lib/python3.8/site-packages/airflow/example_dags/example_nested_branch_dag.py took 0.155 seconds
