[2024-03-16T11:23:22.975+0500] {processor.py:161} INFO - Started process (PID=18402) to work on /home/muhammadsami/Public/Projects/Airflow/DataPipelineswithApacheAirflow/.env/lib/python3.8/site-packages/airflow/example_dags/example_dag_decorator.py
[2024-03-16T11:23:22.976+0500] {processor.py:830} INFO - Processing file /home/muhammadsami/Public/Projects/Airflow/DataPipelineswithApacheAirflow/.env/lib/python3.8/site-packages/airflow/example_dags/example_dag_decorator.py for tasks to queue
[2024-03-16T11:23:22.976+0500] {logging_mixin.py:188} INFO - [2024-03-16T11:23:22.976+0500] {dagbag.py:540} INFO - Filling up the DagBag from /home/muhammadsami/Public/Projects/Airflow/DataPipelineswithApacheAirflow/.env/lib/python3.8/site-packages/airflow/example_dags/example_dag_decorator.py
[2024-03-16T11:23:23.230+0500] {processor.py:840} INFO - DAG(s) 'example_dag_decorator' retrieved from /home/muhammadsami/Public/Projects/Airflow/DataPipelineswithApacheAirflow/.env/lib/python3.8/site-packages/airflow/example_dags/example_dag_decorator.py
[2024-03-16T11:23:23.539+0500] {logging_mixin.py:188} INFO - [2024-03-16T11:23:23.538+0500] {override.py:1769} INFO - Created Permission View: can edit on DAG:example_dag_decorator
[2024-03-16T11:23:23.646+0500] {logging_mixin.py:188} INFO - [2024-03-16T11:23:23.645+0500] {override.py:1769} INFO - Created Permission View: can delete on DAG:example_dag_decorator
[2024-03-16T11:23:23.743+0500] {logging_mixin.py:188} INFO - [2024-03-16T11:23:23.742+0500] {override.py:1769} INFO - Created Permission View: can read on DAG:example_dag_decorator
[2024-03-16T11:23:23.743+0500] {logging_mixin.py:188} INFO - [2024-03-16T11:23:23.743+0500] {dag.py:3047} INFO - Sync 1 DAGs
[2024-03-16T11:23:23.752+0500] {logging_mixin.py:188} INFO - [2024-03-16T11:23:23.752+0500] {dag.py:3069} INFO - Creating ORM DAG for example_dag_decorator
[2024-03-16T11:23:23.753+0500] {logging_mixin.py:188} INFO - [2024-03-16T11:23:23.752+0500] {dag.py:3834} INFO - Setting next_dagrun for example_dag_decorator to None, run_after=None
[2024-03-16T11:23:23.925+0500] {processor.py:183} INFO - Processing /home/muhammadsami/Public/Projects/Airflow/DataPipelineswithApacheAirflow/.env/lib/python3.8/site-packages/airflow/example_dags/example_dag_decorator.py took 0.953 seconds
[2024-03-16T11:24:35.973+0500] {processor.py:161} INFO - Started process (PID=18560) to work on /home/muhammadsami/Public/Projects/Airflow/DataPipelineswithApacheAirflow/.env/lib/python3.8/site-packages/airflow/example_dags/example_dag_decorator.py
[2024-03-16T11:24:35.975+0500] {processor.py:830} INFO - Processing file /home/muhammadsami/Public/Projects/Airflow/DataPipelineswithApacheAirflow/.env/lib/python3.8/site-packages/airflow/example_dags/example_dag_decorator.py for tasks to queue
[2024-03-16T11:24:35.976+0500] {logging_mixin.py:188} INFO - [2024-03-16T11:24:35.975+0500] {dagbag.py:540} INFO - Filling up the DagBag from /home/muhammadsami/Public/Projects/Airflow/DataPipelineswithApacheAirflow/.env/lib/python3.8/site-packages/airflow/example_dags/example_dag_decorator.py
[2024-03-16T11:24:36.135+0500] {processor.py:840} INFO - DAG(s) 'example_dag_decorator' retrieved from /home/muhammadsami/Public/Projects/Airflow/DataPipelineswithApacheAirflow/.env/lib/python3.8/site-packages/airflow/example_dags/example_dag_decorator.py
[2024-03-16T11:24:36.206+0500] {logging_mixin.py:188} INFO - [2024-03-16T11:24:36.205+0500] {dag.py:3047} INFO - Sync 1 DAGs
[2024-03-16T11:24:36.213+0500] {logging_mixin.py:188} INFO - [2024-03-16T11:24:36.213+0500] {dag.py:3834} INFO - Setting next_dagrun for example_dag_decorator to None, run_after=None
[2024-03-16T11:24:36.334+0500] {processor.py:183} INFO - Processing /home/muhammadsami/Public/Projects/Airflow/DataPipelineswithApacheAirflow/.env/lib/python3.8/site-packages/airflow/example_dags/example_dag_decorator.py took 0.364 seconds
[2024-03-16T11:25:30.684+0500] {processor.py:161} INFO - Started process (PID=18627) to work on /home/muhammadsami/Public/Projects/Airflow/DataPipelineswithApacheAirflow/.env/lib/python3.8/site-packages/airflow/example_dags/example_dag_decorator.py
[2024-03-16T11:25:30.685+0500] {processor.py:830} INFO - Processing file /home/muhammadsami/Public/Projects/Airflow/DataPipelineswithApacheAirflow/.env/lib/python3.8/site-packages/airflow/example_dags/example_dag_decorator.py for tasks to queue
[2024-03-16T11:25:30.686+0500] {logging_mixin.py:188} INFO - [2024-03-16T11:25:30.686+0500] {dagbag.py:540} INFO - Filling up the DagBag from /home/muhammadsami/Public/Projects/Airflow/DataPipelineswithApacheAirflow/.env/lib/python3.8/site-packages/airflow/example_dags/example_dag_decorator.py
[2024-03-16T11:25:30.756+0500] {processor.py:840} INFO - DAG(s) 'example_dag_decorator' retrieved from /home/muhammadsami/Public/Projects/Airflow/DataPipelineswithApacheAirflow/.env/lib/python3.8/site-packages/airflow/example_dags/example_dag_decorator.py
[2024-03-16T11:25:30.836+0500] {logging_mixin.py:188} INFO - [2024-03-16T11:25:30.836+0500] {dag.py:3047} INFO - Sync 1 DAGs
[2024-03-16T11:25:30.844+0500] {logging_mixin.py:188} INFO - [2024-03-16T11:25:30.844+0500] {dag.py:3834} INFO - Setting next_dagrun for example_dag_decorator to None, run_after=None
[2024-03-16T11:25:30.956+0500] {processor.py:183} INFO - Processing /home/muhammadsami/Public/Projects/Airflow/DataPipelineswithApacheAirflow/.env/lib/python3.8/site-packages/airflow/example_dags/example_dag_decorator.py took 0.274 seconds
[2024-03-16T11:26:25.154+0500] {processor.py:161} INFO - Started process (PID=18689) to work on /home/muhammadsami/Public/Projects/Airflow/DataPipelineswithApacheAirflow/.env/lib/python3.8/site-packages/airflow/example_dags/example_dag_decorator.py
[2024-03-16T11:26:25.156+0500] {processor.py:830} INFO - Processing file /home/muhammadsami/Public/Projects/Airflow/DataPipelineswithApacheAirflow/.env/lib/python3.8/site-packages/airflow/example_dags/example_dag_decorator.py for tasks to queue
[2024-03-16T11:26:25.158+0500] {logging_mixin.py:188} INFO - [2024-03-16T11:26:25.157+0500] {dagbag.py:540} INFO - Filling up the DagBag from /home/muhammadsami/Public/Projects/Airflow/DataPipelineswithApacheAirflow/.env/lib/python3.8/site-packages/airflow/example_dags/example_dag_decorator.py
[2024-03-16T11:26:25.233+0500] {processor.py:840} INFO - DAG(s) 'example_dag_decorator' retrieved from /home/muhammadsami/Public/Projects/Airflow/DataPipelineswithApacheAirflow/.env/lib/python3.8/site-packages/airflow/example_dags/example_dag_decorator.py
[2024-03-16T11:26:25.248+0500] {logging_mixin.py:188} INFO - [2024-03-16T11:26:25.248+0500] {dag.py:3047} INFO - Sync 1 DAGs
[2024-03-16T11:26:25.259+0500] {logging_mixin.py:188} INFO - [2024-03-16T11:26:25.258+0500] {dag.py:3834} INFO - Setting next_dagrun for example_dag_decorator to None, run_after=None
[2024-03-16T11:26:25.371+0500] {processor.py:183} INFO - Processing /home/muhammadsami/Public/Projects/Airflow/DataPipelineswithApacheAirflow/.env/lib/python3.8/site-packages/airflow/example_dags/example_dag_decorator.py took 0.220 seconds
[2024-03-16T11:27:39.138+0500] {processor.py:161} INFO - Started process (PID=18793) to work on /home/muhammadsami/Public/Projects/Airflow/DataPipelineswithApacheAirflow/.env/lib/python3.8/site-packages/airflow/example_dags/example_dag_decorator.py
[2024-03-16T11:27:39.139+0500] {processor.py:830} INFO - Processing file /home/muhammadsami/Public/Projects/Airflow/DataPipelineswithApacheAirflow/.env/lib/python3.8/site-packages/airflow/example_dags/example_dag_decorator.py for tasks to queue
[2024-03-16T11:27:39.140+0500] {logging_mixin.py:188} INFO - [2024-03-16T11:27:39.140+0500] {dagbag.py:540} INFO - Filling up the DagBag from /home/muhammadsami/Public/Projects/Airflow/DataPipelineswithApacheAirflow/.env/lib/python3.8/site-packages/airflow/example_dags/example_dag_decorator.py
[2024-03-16T11:27:39.212+0500] {processor.py:840} INFO - DAG(s) 'example_dag_decorator' retrieved from /home/muhammadsami/Public/Projects/Airflow/DataPipelineswithApacheAirflow/.env/lib/python3.8/site-packages/airflow/example_dags/example_dag_decorator.py
[2024-03-16T11:27:39.293+0500] {logging_mixin.py:188} INFO - [2024-03-16T11:27:39.292+0500] {dag.py:3047} INFO - Sync 1 DAGs
[2024-03-16T11:27:39.301+0500] {logging_mixin.py:188} INFO - [2024-03-16T11:27:39.300+0500] {dag.py:3834} INFO - Setting next_dagrun for example_dag_decorator to None, run_after=None
[2024-03-16T11:27:39.390+0500] {processor.py:183} INFO - Processing /home/muhammadsami/Public/Projects/Airflow/DataPipelineswithApacheAirflow/.env/lib/python3.8/site-packages/airflow/example_dags/example_dag_decorator.py took 0.256 seconds
[2024-03-16T11:28:50.008+0500] {processor.py:161} INFO - Started process (PID=18861) to work on /home/muhammadsami/Public/Projects/Airflow/DataPipelineswithApacheAirflow/.env/lib/python3.8/site-packages/airflow/example_dags/example_dag_decorator.py
[2024-03-16T11:28:50.010+0500] {processor.py:830} INFO - Processing file /home/muhammadsami/Public/Projects/Airflow/DataPipelineswithApacheAirflow/.env/lib/python3.8/site-packages/airflow/example_dags/example_dag_decorator.py for tasks to queue
[2024-03-16T11:28:50.011+0500] {logging_mixin.py:188} INFO - [2024-03-16T11:28:50.010+0500] {dagbag.py:540} INFO - Filling up the DagBag from /home/muhammadsami/Public/Projects/Airflow/DataPipelineswithApacheAirflow/.env/lib/python3.8/site-packages/airflow/example_dags/example_dag_decorator.py
[2024-03-16T11:28:50.084+0500] {processor.py:840} INFO - DAG(s) 'example_dag_decorator' retrieved from /home/muhammadsami/Public/Projects/Airflow/DataPipelineswithApacheAirflow/.env/lib/python3.8/site-packages/airflow/example_dags/example_dag_decorator.py
[2024-03-16T11:28:50.169+0500] {logging_mixin.py:188} INFO - [2024-03-16T11:28:50.169+0500] {dag.py:3047} INFO - Sync 1 DAGs
[2024-03-16T11:28:50.178+0500] {logging_mixin.py:188} INFO - [2024-03-16T11:28:50.177+0500] {dag.py:3834} INFO - Setting next_dagrun for example_dag_decorator to None, run_after=None
[2024-03-16T11:28:50.283+0500] {processor.py:183} INFO - Processing /home/muhammadsami/Public/Projects/Airflow/DataPipelineswithApacheAirflow/.env/lib/python3.8/site-packages/airflow/example_dags/example_dag_decorator.py took 0.277 seconds
[2024-03-16T11:30:06.261+0500] {processor.py:161} INFO - Started process (PID=18963) to work on /home/muhammadsami/Public/Projects/Airflow/DataPipelineswithApacheAirflow/.env/lib/python3.8/site-packages/airflow/example_dags/example_dag_decorator.py
[2024-03-16T11:30:06.262+0500] {processor.py:830} INFO - Processing file /home/muhammadsami/Public/Projects/Airflow/DataPipelineswithApacheAirflow/.env/lib/python3.8/site-packages/airflow/example_dags/example_dag_decorator.py for tasks to queue
[2024-03-16T11:30:06.263+0500] {logging_mixin.py:188} INFO - [2024-03-16T11:30:06.262+0500] {dagbag.py:540} INFO - Filling up the DagBag from /home/muhammadsami/Public/Projects/Airflow/DataPipelineswithApacheAirflow/.env/lib/python3.8/site-packages/airflow/example_dags/example_dag_decorator.py
[2024-03-16T11:30:06.334+0500] {processor.py:840} INFO - DAG(s) 'example_dag_decorator' retrieved from /home/muhammadsami/Public/Projects/Airflow/DataPipelineswithApacheAirflow/.env/lib/python3.8/site-packages/airflow/example_dags/example_dag_decorator.py
[2024-03-16T11:30:06.350+0500] {logging_mixin.py:188} INFO - [2024-03-16T11:30:06.350+0500] {dag.py:3047} INFO - Sync 1 DAGs
[2024-03-16T11:30:06.360+0500] {logging_mixin.py:188} INFO - [2024-03-16T11:30:06.360+0500] {dag.py:3834} INFO - Setting next_dagrun for example_dag_decorator to None, run_after=None
[2024-03-16T11:30:06.456+0500] {processor.py:183} INFO - Processing /home/muhammadsami/Public/Projects/Airflow/DataPipelineswithApacheAirflow/.env/lib/python3.8/site-packages/airflow/example_dags/example_dag_decorator.py took 0.198 seconds
[2024-03-16T11:39:20.024+0500] {processor.py:161} INFO - Started process (PID=19681) to work on /home/muhammadsami/Public/Projects/Airflow/DataPipelineswithApacheAirflow/.env/lib/python3.8/site-packages/airflow/example_dags/example_dag_decorator.py
[2024-03-16T11:39:20.026+0500] {processor.py:830} INFO - Processing file /home/muhammadsami/Public/Projects/Airflow/DataPipelineswithApacheAirflow/.env/lib/python3.8/site-packages/airflow/example_dags/example_dag_decorator.py for tasks to queue
[2024-03-16T11:39:20.027+0500] {logging_mixin.py:188} INFO - [2024-03-16T11:39:20.027+0500] {dagbag.py:540} INFO - Filling up the DagBag from /home/muhammadsami/Public/Projects/Airflow/DataPipelineswithApacheAirflow/.env/lib/python3.8/site-packages/airflow/example_dags/example_dag_decorator.py
[2024-03-16T11:39:20.235+0500] {processor.py:840} INFO - DAG(s) 'example_dag_decorator' retrieved from /home/muhammadsami/Public/Projects/Airflow/DataPipelineswithApacheAirflow/.env/lib/python3.8/site-packages/airflow/example_dags/example_dag_decorator.py
[2024-03-16T11:39:20.322+0500] {logging_mixin.py:188} INFO - [2024-03-16T11:39:20.322+0500] {dag.py:3047} INFO - Sync 1 DAGs
[2024-03-16T11:39:20.329+0500] {logging_mixin.py:188} INFO - [2024-03-16T11:39:20.329+0500] {dag.py:3834} INFO - Setting next_dagrun for example_dag_decorator to None, run_after=None
[2024-03-16T11:39:20.429+0500] {processor.py:183} INFO - Processing /home/muhammadsami/Public/Projects/Airflow/DataPipelineswithApacheAirflow/.env/lib/python3.8/site-packages/airflow/example_dags/example_dag_decorator.py took 0.407 seconds
[2024-03-16T11:40:26.847+0500] {processor.py:161} INFO - Started process (PID=19956) to work on /home/muhammadsami/Public/Projects/Airflow/DataPipelineswithApacheAirflow/.env/lib/python3.8/site-packages/airflow/example_dags/example_dag_decorator.py
[2024-03-16T11:40:26.848+0500] {processor.py:830} INFO - Processing file /home/muhammadsami/Public/Projects/Airflow/DataPipelineswithApacheAirflow/.env/lib/python3.8/site-packages/airflow/example_dags/example_dag_decorator.py for tasks to queue
[2024-03-16T11:40:26.849+0500] {logging_mixin.py:188} INFO - [2024-03-16T11:40:26.849+0500] {dagbag.py:540} INFO - Filling up the DagBag from /home/muhammadsami/Public/Projects/Airflow/DataPipelineswithApacheAirflow/.env/lib/python3.8/site-packages/airflow/example_dags/example_dag_decorator.py
[2024-03-16T11:40:27.045+0500] {processor.py:840} INFO - DAG(s) 'example_dag_decorator' retrieved from /home/muhammadsami/Public/Projects/Airflow/DataPipelineswithApacheAirflow/.env/lib/python3.8/site-packages/airflow/example_dags/example_dag_decorator.py
[2024-03-16T11:40:27.132+0500] {logging_mixin.py:188} INFO - [2024-03-16T11:40:27.131+0500] {dag.py:3047} INFO - Sync 1 DAGs
[2024-03-16T11:40:27.141+0500] {logging_mixin.py:188} INFO - [2024-03-16T11:40:27.141+0500] {dag.py:3834} INFO - Setting next_dagrun for example_dag_decorator to None, run_after=None
[2024-03-16T11:40:27.248+0500] {processor.py:183} INFO - Processing /home/muhammadsami/Public/Projects/Airflow/DataPipelineswithApacheAirflow/.env/lib/python3.8/site-packages/airflow/example_dags/example_dag_decorator.py took 0.404 seconds
[2024-03-16T11:41:45.045+0500] {processor.py:161} INFO - Started process (PID=20206) to work on /home/muhammadsami/Public/Projects/Airflow/DataPipelineswithApacheAirflow/.env/lib/python3.8/site-packages/airflow/example_dags/example_dag_decorator.py
[2024-03-16T11:41:45.046+0500] {processor.py:830} INFO - Processing file /home/muhammadsami/Public/Projects/Airflow/DataPipelineswithApacheAirflow/.env/lib/python3.8/site-packages/airflow/example_dags/example_dag_decorator.py for tasks to queue
[2024-03-16T11:41:45.047+0500] {logging_mixin.py:188} INFO - [2024-03-16T11:41:45.047+0500] {dagbag.py:540} INFO - Filling up the DagBag from /home/muhammadsami/Public/Projects/Airflow/DataPipelineswithApacheAirflow/.env/lib/python3.8/site-packages/airflow/example_dags/example_dag_decorator.py
[2024-03-16T11:41:45.117+0500] {processor.py:840} INFO - DAG(s) 'example_dag_decorator' retrieved from /home/muhammadsami/Public/Projects/Airflow/DataPipelineswithApacheAirflow/.env/lib/python3.8/site-packages/airflow/example_dags/example_dag_decorator.py
[2024-03-16T11:41:45.202+0500] {logging_mixin.py:188} INFO - [2024-03-16T11:41:45.201+0500] {dag.py:3047} INFO - Sync 1 DAGs
[2024-03-16T11:41:45.210+0500] {logging_mixin.py:188} INFO - [2024-03-16T11:41:45.210+0500] {dag.py:3834} INFO - Setting next_dagrun for example_dag_decorator to None, run_after=None
[2024-03-16T11:41:45.309+0500] {processor.py:183} INFO - Processing /home/muhammadsami/Public/Projects/Airflow/DataPipelineswithApacheAirflow/.env/lib/python3.8/site-packages/airflow/example_dags/example_dag_decorator.py took 0.268 seconds
[2024-03-16T11:42:40.026+0500] {processor.py:161} INFO - Started process (PID=20270) to work on /home/muhammadsami/Public/Projects/Airflow/DataPipelineswithApacheAirflow/.env/lib/python3.8/site-packages/airflow/example_dags/example_dag_decorator.py
[2024-03-16T11:42:40.027+0500] {processor.py:830} INFO - Processing file /home/muhammadsami/Public/Projects/Airflow/DataPipelineswithApacheAirflow/.env/lib/python3.8/site-packages/airflow/example_dags/example_dag_decorator.py for tasks to queue
[2024-03-16T11:42:40.028+0500] {logging_mixin.py:188} INFO - [2024-03-16T11:42:40.028+0500] {dagbag.py:540} INFO - Filling up the DagBag from /home/muhammadsami/Public/Projects/Airflow/DataPipelineswithApacheAirflow/.env/lib/python3.8/site-packages/airflow/example_dags/example_dag_decorator.py
[2024-03-16T11:42:40.100+0500] {processor.py:840} INFO - DAG(s) 'example_dag_decorator' retrieved from /home/muhammadsami/Public/Projects/Airflow/DataPipelineswithApacheAirflow/.env/lib/python3.8/site-packages/airflow/example_dags/example_dag_decorator.py
[2024-03-16T11:42:40.188+0500] {logging_mixin.py:188} INFO - [2024-03-16T11:42:40.188+0500] {dag.py:3047} INFO - Sync 1 DAGs
[2024-03-16T11:42:40.198+0500] {logging_mixin.py:188} INFO - [2024-03-16T11:42:40.197+0500] {dag.py:3834} INFO - Setting next_dagrun for example_dag_decorator to None, run_after=None
[2024-03-16T11:42:40.286+0500] {processor.py:183} INFO - Processing /home/muhammadsami/Public/Projects/Airflow/DataPipelineswithApacheAirflow/.env/lib/python3.8/site-packages/airflow/example_dags/example_dag_decorator.py took 0.263 seconds
[2024-03-16T11:43:50.781+0500] {processor.py:161} INFO - Started process (PID=20370) to work on /home/muhammadsami/Public/Projects/Airflow/DataPipelineswithApacheAirflow/.env/lib/python3.8/site-packages/airflow/example_dags/example_dag_decorator.py
[2024-03-16T11:43:50.782+0500] {processor.py:830} INFO - Processing file /home/muhammadsami/Public/Projects/Airflow/DataPipelineswithApacheAirflow/.env/lib/python3.8/site-packages/airflow/example_dags/example_dag_decorator.py for tasks to queue
[2024-03-16T11:43:50.783+0500] {logging_mixin.py:188} INFO - [2024-03-16T11:43:50.783+0500] {dagbag.py:540} INFO - Filling up the DagBag from /home/muhammadsami/Public/Projects/Airflow/DataPipelineswithApacheAirflow/.env/lib/python3.8/site-packages/airflow/example_dags/example_dag_decorator.py
[2024-03-16T11:43:50.860+0500] {processor.py:840} INFO - DAG(s) 'example_dag_decorator' retrieved from /home/muhammadsami/Public/Projects/Airflow/DataPipelineswithApacheAirflow/.env/lib/python3.8/site-packages/airflow/example_dags/example_dag_decorator.py
[2024-03-16T11:43:50.950+0500] {logging_mixin.py:188} INFO - [2024-03-16T11:43:50.949+0500] {dag.py:3047} INFO - Sync 1 DAGs
[2024-03-16T11:43:50.958+0500] {logging_mixin.py:188} INFO - [2024-03-16T11:43:50.958+0500] {dag.py:3834} INFO - Setting next_dagrun for example_dag_decorator to None, run_after=None
[2024-03-16T11:43:51.054+0500] {processor.py:183} INFO - Processing /home/muhammadsami/Public/Projects/Airflow/DataPipelineswithApacheAirflow/.env/lib/python3.8/site-packages/airflow/example_dags/example_dag_decorator.py took 0.276 seconds
[2024-03-16T11:45:19.302+0500] {processor.py:161} INFO - Started process (PID=20802) to work on /home/muhammadsami/Public/Projects/Airflow/DataPipelineswithApacheAirflow/.env/lib/python3.8/site-packages/airflow/example_dags/example_dag_decorator.py
[2024-03-16T11:45:19.312+0500] {processor.py:830} INFO - Processing file /home/muhammadsami/Public/Projects/Airflow/DataPipelineswithApacheAirflow/.env/lib/python3.8/site-packages/airflow/example_dags/example_dag_decorator.py for tasks to queue
[2024-03-16T11:45:19.313+0500] {logging_mixin.py:188} INFO - [2024-03-16T11:45:19.313+0500] {dagbag.py:540} INFO - Filling up the DagBag from /home/muhammadsami/Public/Projects/Airflow/DataPipelineswithApacheAirflow/.env/lib/python3.8/site-packages/airflow/example_dags/example_dag_decorator.py
[2024-03-16T11:45:19.382+0500] {processor.py:840} INFO - DAG(s) 'example_dag_decorator' retrieved from /home/muhammadsami/Public/Projects/Airflow/DataPipelineswithApacheAirflow/.env/lib/python3.8/site-packages/airflow/example_dags/example_dag_decorator.py
[2024-03-16T11:45:19.463+0500] {logging_mixin.py:188} INFO - [2024-03-16T11:45:19.463+0500] {dag.py:3047} INFO - Sync 1 DAGs
[2024-03-16T11:45:19.471+0500] {logging_mixin.py:188} INFO - [2024-03-16T11:45:19.471+0500] {dag.py:3834} INFO - Setting next_dagrun for example_dag_decorator to None, run_after=None
[2024-03-16T11:45:19.564+0500] {processor.py:183} INFO - Processing /home/muhammadsami/Public/Projects/Airflow/DataPipelineswithApacheAirflow/.env/lib/python3.8/site-packages/airflow/example_dags/example_dag_decorator.py took 0.265 seconds
[2024-03-16T11:46:22.304+0500] {processor.py:161} INFO - Started process (PID=20871) to work on /home/muhammadsami/Public/Projects/Airflow/DataPipelineswithApacheAirflow/.env/lib/python3.8/site-packages/airflow/example_dags/example_dag_decorator.py
[2024-03-16T11:46:22.306+0500] {processor.py:830} INFO - Processing file /home/muhammadsami/Public/Projects/Airflow/DataPipelineswithApacheAirflow/.env/lib/python3.8/site-packages/airflow/example_dags/example_dag_decorator.py for tasks to queue
[2024-03-16T11:46:22.308+0500] {logging_mixin.py:188} INFO - [2024-03-16T11:46:22.307+0500] {dagbag.py:540} INFO - Filling up the DagBag from /home/muhammadsami/Public/Projects/Airflow/DataPipelineswithApacheAirflow/.env/lib/python3.8/site-packages/airflow/example_dags/example_dag_decorator.py
[2024-03-16T11:46:22.380+0500] {processor.py:840} INFO - DAG(s) 'example_dag_decorator' retrieved from /home/muhammadsami/Public/Projects/Airflow/DataPipelineswithApacheAirflow/.env/lib/python3.8/site-packages/airflow/example_dags/example_dag_decorator.py
[2024-03-16T11:46:22.469+0500] {logging_mixin.py:188} INFO - [2024-03-16T11:46:22.468+0500] {dag.py:3047} INFO - Sync 1 DAGs
[2024-03-16T11:46:22.477+0500] {logging_mixin.py:188} INFO - [2024-03-16T11:46:22.476+0500] {dag.py:3834} INFO - Setting next_dagrun for example_dag_decorator to None, run_after=None
[2024-03-16T11:46:22.569+0500] {processor.py:183} INFO - Processing /home/muhammadsami/Public/Projects/Airflow/DataPipelineswithApacheAirflow/.env/lib/python3.8/site-packages/airflow/example_dags/example_dag_decorator.py took 0.268 seconds
[2024-03-16T11:47:14.443+0500] {processor.py:161} INFO - Started process (PID=20953) to work on /home/muhammadsami/Public/Projects/Airflow/DataPipelineswithApacheAirflow/.env/lib/python3.8/site-packages/airflow/example_dags/example_dag_decorator.py
[2024-03-16T11:47:14.444+0500] {processor.py:830} INFO - Processing file /home/muhammadsami/Public/Projects/Airflow/DataPipelineswithApacheAirflow/.env/lib/python3.8/site-packages/airflow/example_dags/example_dag_decorator.py for tasks to queue
[2024-03-16T11:47:14.445+0500] {logging_mixin.py:188} INFO - [2024-03-16T11:47:14.445+0500] {dagbag.py:540} INFO - Filling up the DagBag from /home/muhammadsami/Public/Projects/Airflow/DataPipelineswithApacheAirflow/.env/lib/python3.8/site-packages/airflow/example_dags/example_dag_decorator.py
[2024-03-16T11:47:14.554+0500] {processor.py:840} INFO - DAG(s) 'example_dag_decorator' retrieved from /home/muhammadsami/Public/Projects/Airflow/DataPipelineswithApacheAirflow/.env/lib/python3.8/site-packages/airflow/example_dags/example_dag_decorator.py
[2024-03-16T11:47:14.672+0500] {logging_mixin.py:188} INFO - [2024-03-16T11:47:14.671+0500] {dag.py:3047} INFO - Sync 1 DAGs
[2024-03-16T11:47:14.684+0500] {logging_mixin.py:188} INFO - [2024-03-16T11:47:14.684+0500] {dag.py:3834} INFO - Setting next_dagrun for example_dag_decorator to None, run_after=None
[2024-03-16T11:47:14.786+0500] {processor.py:183} INFO - Processing /home/muhammadsami/Public/Projects/Airflow/DataPipelineswithApacheAirflow/.env/lib/python3.8/site-packages/airflow/example_dags/example_dag_decorator.py took 0.346 seconds
[2024-03-16T11:48:27.251+0500] {processor.py:161} INFO - Started process (PID=21055) to work on /home/muhammadsami/Public/Projects/Airflow/DataPipelineswithApacheAirflow/.env/lib/python3.8/site-packages/airflow/example_dags/example_dag_decorator.py
[2024-03-16T11:48:27.261+0500] {processor.py:830} INFO - Processing file /home/muhammadsami/Public/Projects/Airflow/DataPipelineswithApacheAirflow/.env/lib/python3.8/site-packages/airflow/example_dags/example_dag_decorator.py for tasks to queue
[2024-03-16T11:48:27.262+0500] {logging_mixin.py:188} INFO - [2024-03-16T11:48:27.262+0500] {dagbag.py:540} INFO - Filling up the DagBag from /home/muhammadsami/Public/Projects/Airflow/DataPipelineswithApacheAirflow/.env/lib/python3.8/site-packages/airflow/example_dags/example_dag_decorator.py
[2024-03-16T11:48:27.332+0500] {processor.py:840} INFO - DAG(s) 'example_dag_decorator' retrieved from /home/muhammadsami/Public/Projects/Airflow/DataPipelineswithApacheAirflow/.env/lib/python3.8/site-packages/airflow/example_dags/example_dag_decorator.py
[2024-03-16T11:48:27.412+0500] {logging_mixin.py:188} INFO - [2024-03-16T11:48:27.411+0500] {dag.py:3047} INFO - Sync 1 DAGs
[2024-03-16T11:48:27.420+0500] {logging_mixin.py:188} INFO - [2024-03-16T11:48:27.419+0500] {dag.py:3834} INFO - Setting next_dagrun for example_dag_decorator to None, run_after=None
[2024-03-16T11:48:27.513+0500] {processor.py:183} INFO - Processing /home/muhammadsami/Public/Projects/Airflow/DataPipelineswithApacheAirflow/.env/lib/python3.8/site-packages/airflow/example_dags/example_dag_decorator.py took 0.265 seconds
[2024-03-16T11:49:40.119+0500] {processor.py:161} INFO - Started process (PID=21121) to work on /home/muhammadsami/Public/Projects/Airflow/DataPipelineswithApacheAirflow/.env/lib/python3.8/site-packages/airflow/example_dags/example_dag_decorator.py
[2024-03-16T11:49:40.134+0500] {processor.py:830} INFO - Processing file /home/muhammadsami/Public/Projects/Airflow/DataPipelineswithApacheAirflow/.env/lib/python3.8/site-packages/airflow/example_dags/example_dag_decorator.py for tasks to queue
[2024-03-16T11:49:40.135+0500] {logging_mixin.py:188} INFO - [2024-03-16T11:49:40.134+0500] {dagbag.py:540} INFO - Filling up the DagBag from /home/muhammadsami/Public/Projects/Airflow/DataPipelineswithApacheAirflow/.env/lib/python3.8/site-packages/airflow/example_dags/example_dag_decorator.py
[2024-03-16T11:49:40.204+0500] {processor.py:840} INFO - DAG(s) 'example_dag_decorator' retrieved from /home/muhammadsami/Public/Projects/Airflow/DataPipelineswithApacheAirflow/.env/lib/python3.8/site-packages/airflow/example_dags/example_dag_decorator.py
[2024-03-16T11:49:40.283+0500] {logging_mixin.py:188} INFO - [2024-03-16T11:49:40.283+0500] {dag.py:3047} INFO - Sync 1 DAGs
[2024-03-16T11:49:40.291+0500] {logging_mixin.py:188} INFO - [2024-03-16T11:49:40.291+0500] {dag.py:3834} INFO - Setting next_dagrun for example_dag_decorator to None, run_after=None
[2024-03-16T11:49:40.386+0500] {processor.py:183} INFO - Processing /home/muhammadsami/Public/Projects/Airflow/DataPipelineswithApacheAirflow/.env/lib/python3.8/site-packages/airflow/example_dags/example_dag_decorator.py took 0.269 seconds
[2024-03-16T11:50:54.873+0500] {processor.py:161} INFO - Started process (PID=21225) to work on /home/muhammadsami/Public/Projects/Airflow/DataPipelineswithApacheAirflow/.env/lib/python3.8/site-packages/airflow/example_dags/example_dag_decorator.py
[2024-03-16T11:50:54.886+0500] {processor.py:830} INFO - Processing file /home/muhammadsami/Public/Projects/Airflow/DataPipelineswithApacheAirflow/.env/lib/python3.8/site-packages/airflow/example_dags/example_dag_decorator.py for tasks to queue
[2024-03-16T11:50:54.887+0500] {logging_mixin.py:188} INFO - [2024-03-16T11:50:54.886+0500] {dagbag.py:540} INFO - Filling up the DagBag from /home/muhammadsami/Public/Projects/Airflow/DataPipelineswithApacheAirflow/.env/lib/python3.8/site-packages/airflow/example_dags/example_dag_decorator.py
[2024-03-16T11:50:54.960+0500] {processor.py:840} INFO - DAG(s) 'example_dag_decorator' retrieved from /home/muhammadsami/Public/Projects/Airflow/DataPipelineswithApacheAirflow/.env/lib/python3.8/site-packages/airflow/example_dags/example_dag_decorator.py
[2024-03-16T11:50:54.976+0500] {logging_mixin.py:188} INFO - [2024-03-16T11:50:54.975+0500] {dag.py:3047} INFO - Sync 1 DAGs
[2024-03-16T11:50:54.985+0500] {logging_mixin.py:188} INFO - [2024-03-16T11:50:54.985+0500] {dag.py:3834} INFO - Setting next_dagrun for example_dag_decorator to None, run_after=None
[2024-03-16T11:50:55.080+0500] {processor.py:183} INFO - Processing /home/muhammadsami/Public/Projects/Airflow/DataPipelineswithApacheAirflow/.env/lib/python3.8/site-packages/airflow/example_dags/example_dag_decorator.py took 0.211 seconds
[2024-03-16T11:51:50.952+0500] {processor.py:161} INFO - Started process (PID=21333) to work on /home/muhammadsami/Public/Projects/Airflow/DataPipelineswithApacheAirflow/.env/lib/python3.8/site-packages/airflow/example_dags/example_dag_decorator.py
[2024-03-16T11:51:50.954+0500] {processor.py:830} INFO - Processing file /home/muhammadsami/Public/Projects/Airflow/DataPipelineswithApacheAirflow/.env/lib/python3.8/site-packages/airflow/example_dags/example_dag_decorator.py for tasks to queue
[2024-03-16T11:51:50.955+0500] {logging_mixin.py:188} INFO - [2024-03-16T11:51:50.955+0500] {dagbag.py:540} INFO - Filling up the DagBag from /home/muhammadsami/Public/Projects/Airflow/DataPipelineswithApacheAirflow/.env/lib/python3.8/site-packages/airflow/example_dags/example_dag_decorator.py
[2024-03-16T11:51:51.030+0500] {processor.py:840} INFO - DAG(s) 'example_dag_decorator' retrieved from /home/muhammadsami/Public/Projects/Airflow/DataPipelineswithApacheAirflow/.env/lib/python3.8/site-packages/airflow/example_dags/example_dag_decorator.py
[2024-03-16T11:51:51.046+0500] {logging_mixin.py:188} INFO - [2024-03-16T11:51:51.046+0500] {dag.py:3047} INFO - Sync 1 DAGs
[2024-03-16T11:51:51.056+0500] {logging_mixin.py:188} INFO - [2024-03-16T11:51:51.055+0500] {dag.py:3834} INFO - Setting next_dagrun for example_dag_decorator to None, run_after=None
[2024-03-16T11:51:51.149+0500] {processor.py:183} INFO - Processing /home/muhammadsami/Public/Projects/Airflow/DataPipelineswithApacheAirflow/.env/lib/python3.8/site-packages/airflow/example_dags/example_dag_decorator.py took 0.200 seconds
[2024-03-16T11:53:09.192+0500] {processor.py:161} INFO - Started process (PID=21525) to work on /home/muhammadsami/Public/Projects/Airflow/DataPipelineswithApacheAirflow/.env/lib/python3.8/site-packages/airflow/example_dags/example_dag_decorator.py
[2024-03-16T11:53:09.208+0500] {processor.py:830} INFO - Processing file /home/muhammadsami/Public/Projects/Airflow/DataPipelineswithApacheAirflow/.env/lib/python3.8/site-packages/airflow/example_dags/example_dag_decorator.py for tasks to queue
[2024-03-16T11:53:09.209+0500] {logging_mixin.py:188} INFO - [2024-03-16T11:53:09.208+0500] {dagbag.py:540} INFO - Filling up the DagBag from /home/muhammadsami/Public/Projects/Airflow/DataPipelineswithApacheAirflow/.env/lib/python3.8/site-packages/airflow/example_dags/example_dag_decorator.py
[2024-03-16T11:53:09.278+0500] {processor.py:840} INFO - DAG(s) 'example_dag_decorator' retrieved from /home/muhammadsami/Public/Projects/Airflow/DataPipelineswithApacheAirflow/.env/lib/python3.8/site-packages/airflow/example_dags/example_dag_decorator.py
[2024-03-16T11:53:09.355+0500] {logging_mixin.py:188} INFO - [2024-03-16T11:53:09.354+0500] {dag.py:3047} INFO - Sync 1 DAGs
[2024-03-16T11:53:09.362+0500] {logging_mixin.py:188} INFO - [2024-03-16T11:53:09.362+0500] {dag.py:3834} INFO - Setting next_dagrun for example_dag_decorator to None, run_after=None
[2024-03-16T11:53:09.452+0500] {processor.py:183} INFO - Processing /home/muhammadsami/Public/Projects/Airflow/DataPipelineswithApacheAirflow/.env/lib/python3.8/site-packages/airflow/example_dags/example_dag_decorator.py took 0.263 seconds
[2024-03-16T11:54:24.536+0500] {processor.py:161} INFO - Started process (PID=21682) to work on /home/muhammadsami/Public/Projects/Airflow/DataPipelineswithApacheAirflow/.env/lib/python3.8/site-packages/airflow/example_dags/example_dag_decorator.py
[2024-03-16T11:54:24.729+0500] {processor.py:830} INFO - Processing file /home/muhammadsami/Public/Projects/Airflow/DataPipelineswithApacheAirflow/.env/lib/python3.8/site-packages/airflow/example_dags/example_dag_decorator.py for tasks to queue
[2024-03-16T11:54:24.730+0500] {logging_mixin.py:188} INFO - [2024-03-16T11:54:24.729+0500] {dagbag.py:540} INFO - Filling up the DagBag from /home/muhammadsami/Public/Projects/Airflow/DataPipelineswithApacheAirflow/.env/lib/python3.8/site-packages/airflow/example_dags/example_dag_decorator.py
[2024-03-16T11:54:24.799+0500] {processor.py:840} INFO - DAG(s) 'example_dag_decorator' retrieved from /home/muhammadsami/Public/Projects/Airflow/DataPipelineswithApacheAirflow/.env/lib/python3.8/site-packages/airflow/example_dags/example_dag_decorator.py
[2024-03-16T11:54:24.876+0500] {logging_mixin.py:188} INFO - [2024-03-16T11:54:24.876+0500] {dag.py:3047} INFO - Sync 1 DAGs
[2024-03-16T11:54:24.884+0500] {logging_mixin.py:188} INFO - [2024-03-16T11:54:24.884+0500] {dag.py:3834} INFO - Setting next_dagrun for example_dag_decorator to None, run_after=None
[2024-03-16T11:54:25.143+0500] {processor.py:183} INFO - Processing /home/muhammadsami/Public/Projects/Airflow/DataPipelineswithApacheAirflow/.env/lib/python3.8/site-packages/airflow/example_dags/example_dag_decorator.py took 0.610 seconds
[2024-03-16T11:55:40.266+0500] {processor.py:161} INFO - Started process (PID=21896) to work on /home/muhammadsami/Public/Projects/Airflow/DataPipelineswithApacheAirflow/.env/lib/python3.8/site-packages/airflow/example_dags/example_dag_decorator.py
[2024-03-16T11:55:40.505+0500] {processor.py:830} INFO - Processing file /home/muhammadsami/Public/Projects/Airflow/DataPipelineswithApacheAirflow/.env/lib/python3.8/site-packages/airflow/example_dags/example_dag_decorator.py for tasks to queue
[2024-03-16T11:55:40.506+0500] {logging_mixin.py:188} INFO - [2024-03-16T11:55:40.505+0500] {dagbag.py:540} INFO - Filling up the DagBag from /home/muhammadsami/Public/Projects/Airflow/DataPipelineswithApacheAirflow/.env/lib/python3.8/site-packages/airflow/example_dags/example_dag_decorator.py
[2024-03-16T11:55:40.590+0500] {processor.py:840} INFO - DAG(s) 'example_dag_decorator' retrieved from /home/muhammadsami/Public/Projects/Airflow/DataPipelineswithApacheAirflow/.env/lib/python3.8/site-packages/airflow/example_dags/example_dag_decorator.py
[2024-03-16T11:55:40.683+0500] {logging_mixin.py:188} INFO - [2024-03-16T11:55:40.683+0500] {dag.py:3047} INFO - Sync 1 DAGs
[2024-03-16T11:55:40.693+0500] {logging_mixin.py:188} INFO - [2024-03-16T11:55:40.692+0500] {dag.py:3834} INFO - Setting next_dagrun for example_dag_decorator to None, run_after=None
[2024-03-16T11:55:40.997+0500] {processor.py:183} INFO - Processing /home/muhammadsami/Public/Projects/Airflow/DataPipelineswithApacheAirflow/.env/lib/python3.8/site-packages/airflow/example_dags/example_dag_decorator.py took 0.734 seconds
[2024-03-16T11:56:54.753+0500] {processor.py:161} INFO - Started process (PID=21976) to work on /home/muhammadsami/Public/Projects/Airflow/DataPipelineswithApacheAirflow/.env/lib/python3.8/site-packages/airflow/example_dags/example_dag_decorator.py
[2024-03-16T11:56:54.754+0500] {processor.py:830} INFO - Processing file /home/muhammadsami/Public/Projects/Airflow/DataPipelineswithApacheAirflow/.env/lib/python3.8/site-packages/airflow/example_dags/example_dag_decorator.py for tasks to queue
[2024-03-16T11:56:54.755+0500] {logging_mixin.py:188} INFO - [2024-03-16T11:56:54.755+0500] {dagbag.py:540} INFO - Filling up the DagBag from /home/muhammadsami/Public/Projects/Airflow/DataPipelineswithApacheAirflow/.env/lib/python3.8/site-packages/airflow/example_dags/example_dag_decorator.py
[2024-03-16T11:56:54.840+0500] {processor.py:840} INFO - DAG(s) 'example_dag_decorator' retrieved from /home/muhammadsami/Public/Projects/Airflow/DataPipelineswithApacheAirflow/.env/lib/python3.8/site-packages/airflow/example_dags/example_dag_decorator.py
[2024-03-16T11:56:54.935+0500] {logging_mixin.py:188} INFO - [2024-03-16T11:56:54.935+0500] {dag.py:3047} INFO - Sync 1 DAGs
[2024-03-16T11:56:54.946+0500] {logging_mixin.py:188} INFO - [2024-03-16T11:56:54.946+0500] {dag.py:3834} INFO - Setting next_dagrun for example_dag_decorator to None, run_after=None
[2024-03-16T11:56:55.142+0500] {processor.py:183} INFO - Processing /home/muhammadsami/Public/Projects/Airflow/DataPipelineswithApacheAirflow/.env/lib/python3.8/site-packages/airflow/example_dags/example_dag_decorator.py took 0.392 seconds
[2024-03-16T11:57:49.544+0500] {processor.py:161} INFO - Started process (PID=22028) to work on /home/muhammadsami/Public/Projects/Airflow/DataPipelineswithApacheAirflow/.env/lib/python3.8/site-packages/airflow/example_dags/example_dag_decorator.py
[2024-03-16T11:57:49.546+0500] {processor.py:830} INFO - Processing file /home/muhammadsami/Public/Projects/Airflow/DataPipelineswithApacheAirflow/.env/lib/python3.8/site-packages/airflow/example_dags/example_dag_decorator.py for tasks to queue
[2024-03-16T11:57:49.547+0500] {logging_mixin.py:188} INFO - [2024-03-16T11:57:49.547+0500] {dagbag.py:540} INFO - Filling up the DagBag from /home/muhammadsami/Public/Projects/Airflow/DataPipelineswithApacheAirflow/.env/lib/python3.8/site-packages/airflow/example_dags/example_dag_decorator.py
[2024-03-16T11:57:49.617+0500] {processor.py:840} INFO - DAG(s) 'example_dag_decorator' retrieved from /home/muhammadsami/Public/Projects/Airflow/DataPipelineswithApacheAirflow/.env/lib/python3.8/site-packages/airflow/example_dags/example_dag_decorator.py
[2024-03-16T11:57:49.692+0500] {logging_mixin.py:188} INFO - [2024-03-16T11:57:49.692+0500] {dag.py:3047} INFO - Sync 1 DAGs
[2024-03-16T11:57:49.700+0500] {logging_mixin.py:188} INFO - [2024-03-16T11:57:49.700+0500] {dag.py:3834} INFO - Setting next_dagrun for example_dag_decorator to None, run_after=None
[2024-03-16T11:57:49.795+0500] {processor.py:183} INFO - Processing /home/muhammadsami/Public/Projects/Airflow/DataPipelineswithApacheAirflow/.env/lib/python3.8/site-packages/airflow/example_dags/example_dag_decorator.py took 0.253 seconds
[2024-03-16T11:59:01.910+0500] {processor.py:161} INFO - Started process (PID=22151) to work on /home/muhammadsami/Public/Projects/Airflow/DataPipelineswithApacheAirflow/.env/lib/python3.8/site-packages/airflow/example_dags/example_dag_decorator.py
[2024-03-16T11:59:01.912+0500] {processor.py:830} INFO - Processing file /home/muhammadsami/Public/Projects/Airflow/DataPipelineswithApacheAirflow/.env/lib/python3.8/site-packages/airflow/example_dags/example_dag_decorator.py for tasks to queue
[2024-03-16T11:59:01.913+0500] {logging_mixin.py:188} INFO - [2024-03-16T11:59:01.912+0500] {dagbag.py:540} INFO - Filling up the DagBag from /home/muhammadsami/Public/Projects/Airflow/DataPipelineswithApacheAirflow/.env/lib/python3.8/site-packages/airflow/example_dags/example_dag_decorator.py
[2024-03-16T11:59:02.011+0500] {processor.py:840} INFO - DAG(s) 'example_dag_decorator' retrieved from /home/muhammadsami/Public/Projects/Airflow/DataPipelineswithApacheAirflow/.env/lib/python3.8/site-packages/airflow/example_dags/example_dag_decorator.py
[2024-03-16T11:59:02.096+0500] {logging_mixin.py:188} INFO - [2024-03-16T11:59:02.095+0500] {dag.py:3047} INFO - Sync 1 DAGs
[2024-03-16T11:59:02.105+0500] {logging_mixin.py:188} INFO - [2024-03-16T11:59:02.105+0500] {dag.py:3834} INFO - Setting next_dagrun for example_dag_decorator to None, run_after=None
[2024-03-16T11:59:02.239+0500] {processor.py:183} INFO - Processing /home/muhammadsami/Public/Projects/Airflow/DataPipelineswithApacheAirflow/.env/lib/python3.8/site-packages/airflow/example_dags/example_dag_decorator.py took 0.331 seconds
[2024-03-16T12:00:20.011+0500] {processor.py:161} INFO - Started process (PID=22325) to work on /home/muhammadsami/Public/Projects/Airflow/DataPipelineswithApacheAirflow/.env/lib/python3.8/site-packages/airflow/example_dags/example_dag_decorator.py
[2024-03-16T12:00:20.024+0500] {processor.py:830} INFO - Processing file /home/muhammadsami/Public/Projects/Airflow/DataPipelineswithApacheAirflow/.env/lib/python3.8/site-packages/airflow/example_dags/example_dag_decorator.py for tasks to queue
[2024-03-16T12:00:20.025+0500] {logging_mixin.py:188} INFO - [2024-03-16T12:00:20.025+0500] {dagbag.py:540} INFO - Filling up the DagBag from /home/muhammadsami/Public/Projects/Airflow/DataPipelineswithApacheAirflow/.env/lib/python3.8/site-packages/airflow/example_dags/example_dag_decorator.py
[2024-03-16T12:00:20.098+0500] {processor.py:840} INFO - DAG(s) 'example_dag_decorator' retrieved from /home/muhammadsami/Public/Projects/Airflow/DataPipelineswithApacheAirflow/.env/lib/python3.8/site-packages/airflow/example_dags/example_dag_decorator.py
[2024-03-16T12:00:20.179+0500] {logging_mixin.py:188} INFO - [2024-03-16T12:00:20.178+0500] {dag.py:3047} INFO - Sync 1 DAGs
[2024-03-16T12:00:20.188+0500] {logging_mixin.py:188} INFO - [2024-03-16T12:00:20.188+0500] {dag.py:3834} INFO - Setting next_dagrun for example_dag_decorator to None, run_after=None
[2024-03-16T12:00:20.275+0500] {processor.py:183} INFO - Processing /home/muhammadsami/Public/Projects/Airflow/DataPipelineswithApacheAirflow/.env/lib/python3.8/site-packages/airflow/example_dags/example_dag_decorator.py took 0.267 seconds
[2024-03-16T12:01:16.085+0500] {processor.py:161} INFO - Started process (PID=22376) to work on /home/muhammadsami/Public/Projects/Airflow/DataPipelineswithApacheAirflow/.env/lib/python3.8/site-packages/airflow/example_dags/example_dag_decorator.py
[2024-03-16T12:01:16.096+0500] {processor.py:830} INFO - Processing file /home/muhammadsami/Public/Projects/Airflow/DataPipelineswithApacheAirflow/.env/lib/python3.8/site-packages/airflow/example_dags/example_dag_decorator.py for tasks to queue
[2024-03-16T12:01:16.097+0500] {logging_mixin.py:188} INFO - [2024-03-16T12:01:16.096+0500] {dagbag.py:540} INFO - Filling up the DagBag from /home/muhammadsami/Public/Projects/Airflow/DataPipelineswithApacheAirflow/.env/lib/python3.8/site-packages/airflow/example_dags/example_dag_decorator.py
[2024-03-16T12:01:16.166+0500] {processor.py:840} INFO - DAG(s) 'example_dag_decorator' retrieved from /home/muhammadsami/Public/Projects/Airflow/DataPipelineswithApacheAirflow/.env/lib/python3.8/site-packages/airflow/example_dags/example_dag_decorator.py
[2024-03-16T12:01:16.244+0500] {logging_mixin.py:188} INFO - [2024-03-16T12:01:16.244+0500] {dag.py:3047} INFO - Sync 1 DAGs
[2024-03-16T12:01:16.252+0500] {logging_mixin.py:188} INFO - [2024-03-16T12:01:16.251+0500] {dag.py:3834} INFO - Setting next_dagrun for example_dag_decorator to None, run_after=None
[2024-03-16T12:01:16.345+0500] {processor.py:183} INFO - Processing /home/muhammadsami/Public/Projects/Airflow/DataPipelineswithApacheAirflow/.env/lib/python3.8/site-packages/airflow/example_dags/example_dag_decorator.py took 0.263 seconds
