[2024-03-16T11:23:11.342+0500] {processor.py:161} INFO - Started process (PID=18302) to work on /home/muhammadsami/Public/Projects/Airflow/DataPipelineswithApacheAirflow/.env/lib/python3.8/site-packages/airflow/example_dags/example_latest_only.py
[2024-03-16T11:23:11.344+0500] {processor.py:830} INFO - Processing file /home/muhammadsami/Public/Projects/Airflow/DataPipelineswithApacheAirflow/.env/lib/python3.8/site-packages/airflow/example_dags/example_latest_only.py for tasks to queue
[2024-03-16T11:23:11.346+0500] {logging_mixin.py:188} INFO - [2024-03-16T11:23:11.346+0500] {dagbag.py:540} INFO - Filling up the DagBag from /home/muhammadsami/Public/Projects/Airflow/DataPipelineswithApacheAirflow/.env/lib/python3.8/site-packages/airflow/example_dags/example_latest_only.py
[2024-03-16T11:23:11.358+0500] {processor.py:840} INFO - DAG(s) 'latest_only' retrieved from /home/muhammadsami/Public/Projects/Airflow/DataPipelineswithApacheAirflow/.env/lib/python3.8/site-packages/airflow/example_dags/example_latest_only.py
[2024-03-16T11:23:12.464+0500] {logging_mixin.py:188} INFO - [2024-03-16T11:23:12.463+0500] {override.py:1769} INFO - Created Permission View: can edit on DAG:latest_only
[2024-03-16T11:23:12.571+0500] {logging_mixin.py:188} INFO - [2024-03-16T11:23:12.570+0500] {override.py:1769} INFO - Created Permission View: can delete on DAG:latest_only
[2024-03-16T11:23:12.655+0500] {logging_mixin.py:188} INFO - [2024-03-16T11:23:12.655+0500] {override.py:1769} INFO - Created Permission View: can read on DAG:latest_only
[2024-03-16T11:23:12.656+0500] {logging_mixin.py:188} INFO - [2024-03-16T11:23:12.656+0500] {dag.py:3047} INFO - Sync 1 DAGs
[2024-03-16T11:23:12.666+0500] {logging_mixin.py:188} INFO - [2024-03-16T11:23:12.665+0500] {dag.py:3069} INFO - Creating ORM DAG for latest_only
[2024-03-16T11:23:12.674+0500] {logging_mixin.py:188} INFO - [2024-03-16T11:23:12.673+0500] {dag.py:3834} INFO - Setting next_dagrun for latest_only to 2024-03-16 00:00:00+00:00, run_after=2024-03-16 04:00:00+00:00
[2024-03-16T11:23:12.814+0500] {processor.py:183} INFO - Processing /home/muhammadsami/Public/Projects/Airflow/DataPipelineswithApacheAirflow/.env/lib/python3.8/site-packages/airflow/example_dags/example_latest_only.py took 1.478 seconds
[2024-03-16T11:24:30.332+0500] {processor.py:161} INFO - Started process (PID=18555) to work on /home/muhammadsami/Public/Projects/Airflow/DataPipelineswithApacheAirflow/.env/lib/python3.8/site-packages/airflow/example_dags/example_latest_only.py
[2024-03-16T11:24:30.333+0500] {processor.py:830} INFO - Processing file /home/muhammadsami/Public/Projects/Airflow/DataPipelineswithApacheAirflow/.env/lib/python3.8/site-packages/airflow/example_dags/example_latest_only.py for tasks to queue
[2024-03-16T11:24:30.334+0500] {logging_mixin.py:188} INFO - [2024-03-16T11:24:30.334+0500] {dagbag.py:540} INFO - Filling up the DagBag from /home/muhammadsami/Public/Projects/Airflow/DataPipelineswithApacheAirflow/.env/lib/python3.8/site-packages/airflow/example_dags/example_latest_only.py
[2024-03-16T11:24:30.339+0500] {processor.py:840} INFO - DAG(s) 'latest_only' retrieved from /home/muhammadsami/Public/Projects/Airflow/DataPipelineswithApacheAirflow/.env/lib/python3.8/site-packages/airflow/example_dags/example_latest_only.py
[2024-03-16T11:24:30.353+0500] {logging_mixin.py:188} INFO - [2024-03-16T11:24:30.353+0500] {dag.py:3047} INFO - Sync 1 DAGs
[2024-03-16T11:24:30.453+0500] {logging_mixin.py:188} INFO - [2024-03-16T11:24:30.453+0500] {dag.py:3834} INFO - Setting next_dagrun for latest_only to 2024-03-16 00:00:00+00:00, run_after=2024-03-16 04:00:00+00:00
[2024-03-16T11:24:30.556+0500] {processor.py:183} INFO - Processing /home/muhammadsami/Public/Projects/Airflow/DataPipelineswithApacheAirflow/.env/lib/python3.8/site-packages/airflow/example_dags/example_latest_only.py took 0.227 seconds
[2024-03-16T11:25:25.825+0500] {processor.py:161} INFO - Started process (PID=18622) to work on /home/muhammadsami/Public/Projects/Airflow/DataPipelineswithApacheAirflow/.env/lib/python3.8/site-packages/airflow/example_dags/example_latest_only.py
[2024-03-16T11:25:25.827+0500] {processor.py:830} INFO - Processing file /home/muhammadsami/Public/Projects/Airflow/DataPipelineswithApacheAirflow/.env/lib/python3.8/site-packages/airflow/example_dags/example_latest_only.py for tasks to queue
[2024-03-16T11:25:25.827+0500] {logging_mixin.py:188} INFO - [2024-03-16T11:25:25.827+0500] {dagbag.py:540} INFO - Filling up the DagBag from /home/muhammadsami/Public/Projects/Airflow/DataPipelineswithApacheAirflow/.env/lib/python3.8/site-packages/airflow/example_dags/example_latest_only.py
[2024-03-16T11:25:25.833+0500] {processor.py:840} INFO - DAG(s) 'latest_only' retrieved from /home/muhammadsami/Public/Projects/Airflow/DataPipelineswithApacheAirflow/.env/lib/python3.8/site-packages/airflow/example_dags/example_latest_only.py
[2024-03-16T11:25:25.846+0500] {logging_mixin.py:188} INFO - [2024-03-16T11:25:25.846+0500] {dag.py:3047} INFO - Sync 1 DAGs
[2024-03-16T11:25:25.863+0500] {logging_mixin.py:188} INFO - [2024-03-16T11:25:25.863+0500] {dag.py:3834} INFO - Setting next_dagrun for latest_only to 2024-03-16 00:00:00+00:00, run_after=2024-03-16 04:00:00+00:00
[2024-03-16T11:25:25.973+0500] {processor.py:183} INFO - Processing /home/muhammadsami/Public/Projects/Airflow/DataPipelineswithApacheAirflow/.env/lib/python3.8/site-packages/airflow/example_dags/example_latest_only.py took 0.151 seconds
[2024-03-16T11:26:20.255+0500] {processor.py:161} INFO - Started process (PID=18684) to work on /home/muhammadsami/Public/Projects/Airflow/DataPipelineswithApacheAirflow/.env/lib/python3.8/site-packages/airflow/example_dags/example_latest_only.py
[2024-03-16T11:26:20.257+0500] {processor.py:830} INFO - Processing file /home/muhammadsami/Public/Projects/Airflow/DataPipelineswithApacheAirflow/.env/lib/python3.8/site-packages/airflow/example_dags/example_latest_only.py for tasks to queue
[2024-03-16T11:26:20.258+0500] {logging_mixin.py:188} INFO - [2024-03-16T11:26:20.257+0500] {dagbag.py:540} INFO - Filling up the DagBag from /home/muhammadsami/Public/Projects/Airflow/DataPipelineswithApacheAirflow/.env/lib/python3.8/site-packages/airflow/example_dags/example_latest_only.py
[2024-03-16T11:26:20.262+0500] {processor.py:840} INFO - DAG(s) 'latest_only' retrieved from /home/muhammadsami/Public/Projects/Airflow/DataPipelineswithApacheAirflow/.env/lib/python3.8/site-packages/airflow/example_dags/example_latest_only.py
[2024-03-16T11:26:20.277+0500] {logging_mixin.py:188} INFO - [2024-03-16T11:26:20.276+0500] {dag.py:3047} INFO - Sync 1 DAGs
[2024-03-16T11:26:20.294+0500] {logging_mixin.py:188} INFO - [2024-03-16T11:26:20.294+0500] {dag.py:3834} INFO - Setting next_dagrun for latest_only to 2024-03-16 00:00:00+00:00, run_after=2024-03-16 04:00:00+00:00
[2024-03-16T11:26:20.397+0500] {processor.py:183} INFO - Processing /home/muhammadsami/Public/Projects/Airflow/DataPipelineswithApacheAirflow/.env/lib/python3.8/site-packages/airflow/example_dags/example_latest_only.py took 0.145 seconds
[2024-03-16T11:27:13.695+0500] {processor.py:161} INFO - Started process (PID=18765) to work on /home/muhammadsami/Public/Projects/Airflow/DataPipelineswithApacheAirflow/.env/lib/python3.8/site-packages/airflow/example_dags/example_latest_only.py
[2024-03-16T11:27:13.696+0500] {processor.py:830} INFO - Processing file /home/muhammadsami/Public/Projects/Airflow/DataPipelineswithApacheAirflow/.env/lib/python3.8/site-packages/airflow/example_dags/example_latest_only.py for tasks to queue
[2024-03-16T11:27:13.697+0500] {logging_mixin.py:188} INFO - [2024-03-16T11:27:13.697+0500] {dagbag.py:540} INFO - Filling up the DagBag from /home/muhammadsami/Public/Projects/Airflow/DataPipelineswithApacheAirflow/.env/lib/python3.8/site-packages/airflow/example_dags/example_latest_only.py
[2024-03-16T11:27:13.703+0500] {processor.py:840} INFO - DAG(s) 'latest_only' retrieved from /home/muhammadsami/Public/Projects/Airflow/DataPipelineswithApacheAirflow/.env/lib/python3.8/site-packages/airflow/example_dags/example_latest_only.py
[2024-03-16T11:27:13.717+0500] {logging_mixin.py:188} INFO - [2024-03-16T11:27:13.717+0500] {dag.py:3047} INFO - Sync 1 DAGs
[2024-03-16T11:27:13.735+0500] {logging_mixin.py:188} INFO - [2024-03-16T11:27:13.734+0500] {dag.py:3834} INFO - Setting next_dagrun for latest_only to 2024-03-16 00:00:00+00:00, run_after=2024-03-16 04:00:00+00:00
[2024-03-16T11:27:13.845+0500] {processor.py:183} INFO - Processing /home/muhammadsami/Public/Projects/Airflow/DataPipelineswithApacheAirflow/.env/lib/python3.8/site-packages/airflow/example_dags/example_latest_only.py took 0.153 seconds
[2024-03-16T11:28:22.430+0500] {processor.py:161} INFO - Started process (PID=18834) to work on /home/muhammadsami/Public/Projects/Airflow/DataPipelineswithApacheAirflow/.env/lib/python3.8/site-packages/airflow/example_dags/example_latest_only.py
[2024-03-16T11:28:22.448+0500] {processor.py:830} INFO - Processing file /home/muhammadsami/Public/Projects/Airflow/DataPipelineswithApacheAirflow/.env/lib/python3.8/site-packages/airflow/example_dags/example_latest_only.py for tasks to queue
[2024-03-16T11:28:22.449+0500] {logging_mixin.py:188} INFO - [2024-03-16T11:28:22.449+0500] {dagbag.py:540} INFO - Filling up the DagBag from /home/muhammadsami/Public/Projects/Airflow/DataPipelineswithApacheAirflow/.env/lib/python3.8/site-packages/airflow/example_dags/example_latest_only.py
[2024-03-16T11:28:22.454+0500] {processor.py:840} INFO - DAG(s) 'latest_only' retrieved from /home/muhammadsami/Public/Projects/Airflow/DataPipelineswithApacheAirflow/.env/lib/python3.8/site-packages/airflow/example_dags/example_latest_only.py
[2024-03-16T11:28:22.467+0500] {logging_mixin.py:188} INFO - [2024-03-16T11:28:22.467+0500] {dag.py:3047} INFO - Sync 1 DAGs
[2024-03-16T11:28:22.485+0500] {logging_mixin.py:188} INFO - [2024-03-16T11:28:22.485+0500] {dag.py:3834} INFO - Setting next_dagrun for latest_only to 2024-03-16 00:00:00+00:00, run_after=2024-03-16 04:00:00+00:00
[2024-03-16T11:28:22.600+0500] {processor.py:183} INFO - Processing /home/muhammadsami/Public/Projects/Airflow/DataPipelineswithApacheAirflow/.env/lib/python3.8/site-packages/airflow/example_dags/example_latest_only.py took 0.173 seconds
[2024-03-16T11:29:11.535+0500] {processor.py:161} INFO - Started process (PID=18904) to work on /home/muhammadsami/Public/Projects/Airflow/DataPipelineswithApacheAirflow/.env/lib/python3.8/site-packages/airflow/example_dags/example_latest_only.py
[2024-03-16T11:29:11.537+0500] {processor.py:830} INFO - Processing file /home/muhammadsami/Public/Projects/Airflow/DataPipelineswithApacheAirflow/.env/lib/python3.8/site-packages/airflow/example_dags/example_latest_only.py for tasks to queue
[2024-03-16T11:29:11.538+0500] {logging_mixin.py:188} INFO - [2024-03-16T11:29:11.538+0500] {dagbag.py:540} INFO - Filling up the DagBag from /home/muhammadsami/Public/Projects/Airflow/DataPipelineswithApacheAirflow/.env/lib/python3.8/site-packages/airflow/example_dags/example_latest_only.py
[2024-03-16T11:29:11.543+0500] {processor.py:840} INFO - DAG(s) 'latest_only' retrieved from /home/muhammadsami/Public/Projects/Airflow/DataPipelineswithApacheAirflow/.env/lib/python3.8/site-packages/airflow/example_dags/example_latest_only.py
[2024-03-16T11:29:11.556+0500] {logging_mixin.py:188} INFO - [2024-03-16T11:29:11.556+0500] {dag.py:3047} INFO - Sync 1 DAGs
[2024-03-16T11:29:11.573+0500] {logging_mixin.py:188} INFO - [2024-03-16T11:29:11.573+0500] {dag.py:3834} INFO - Setting next_dagrun for latest_only to 2024-03-16 00:00:00+00:00, run_after=2024-03-16 04:00:00+00:00
[2024-03-16T11:29:11.669+0500] {processor.py:183} INFO - Processing /home/muhammadsami/Public/Projects/Airflow/DataPipelineswithApacheAirflow/.env/lib/python3.8/site-packages/airflow/example_dags/example_latest_only.py took 0.136 seconds
[2024-03-16T11:30:03.406+0500] {processor.py:161} INFO - Started process (PID=18960) to work on /home/muhammadsami/Public/Projects/Airflow/DataPipelineswithApacheAirflow/.env/lib/python3.8/site-packages/airflow/example_dags/example_latest_only.py
[2024-03-16T11:30:03.408+0500] {processor.py:830} INFO - Processing file /home/muhammadsami/Public/Projects/Airflow/DataPipelineswithApacheAirflow/.env/lib/python3.8/site-packages/airflow/example_dags/example_latest_only.py for tasks to queue
[2024-03-16T11:30:03.409+0500] {logging_mixin.py:188} INFO - [2024-03-16T11:30:03.408+0500] {dagbag.py:540} INFO - Filling up the DagBag from /home/muhammadsami/Public/Projects/Airflow/DataPipelineswithApacheAirflow/.env/lib/python3.8/site-packages/airflow/example_dags/example_latest_only.py
[2024-03-16T11:30:03.414+0500] {processor.py:840} INFO - DAG(s) 'latest_only' retrieved from /home/muhammadsami/Public/Projects/Airflow/DataPipelineswithApacheAirflow/.env/lib/python3.8/site-packages/airflow/example_dags/example_latest_only.py
[2024-03-16T11:30:03.428+0500] {logging_mixin.py:188} INFO - [2024-03-16T11:30:03.427+0500] {dag.py:3047} INFO - Sync 1 DAGs
[2024-03-16T11:30:03.445+0500] {logging_mixin.py:188} INFO - [2024-03-16T11:30:03.445+0500] {dag.py:3834} INFO - Setting next_dagrun for latest_only to 2024-03-16 00:00:00+00:00, run_after=2024-03-16 04:00:00+00:00
[2024-03-16T11:30:03.543+0500] {processor.py:183} INFO - Processing /home/muhammadsami/Public/Projects/Airflow/DataPipelineswithApacheAirflow/.env/lib/python3.8/site-packages/airflow/example_dags/example_latest_only.py took 0.140 seconds
[2024-03-16T11:39:13.823+0500] {processor.py:161} INFO - Started process (PID=19676) to work on /home/muhammadsami/Public/Projects/Airflow/DataPipelineswithApacheAirflow/.env/lib/python3.8/site-packages/airflow/example_dags/example_latest_only.py
[2024-03-16T11:39:13.838+0500] {processor.py:830} INFO - Processing file /home/muhammadsami/Public/Projects/Airflow/DataPipelineswithApacheAirflow/.env/lib/python3.8/site-packages/airflow/example_dags/example_latest_only.py for tasks to queue
[2024-03-16T11:39:13.839+0500] {logging_mixin.py:188} INFO - [2024-03-16T11:39:13.838+0500] {dagbag.py:540} INFO - Filling up the DagBag from /home/muhammadsami/Public/Projects/Airflow/DataPipelineswithApacheAirflow/.env/lib/python3.8/site-packages/airflow/example_dags/example_latest_only.py
[2024-03-16T11:39:13.843+0500] {processor.py:840} INFO - DAG(s) 'latest_only' retrieved from /home/muhammadsami/Public/Projects/Airflow/DataPipelineswithApacheAirflow/.env/lib/python3.8/site-packages/airflow/example_dags/example_latest_only.py
[2024-03-16T11:39:13.858+0500] {logging_mixin.py:188} INFO - [2024-03-16T11:39:13.858+0500] {dag.py:3047} INFO - Sync 1 DAGs
[2024-03-16T11:39:13.876+0500] {logging_mixin.py:188} INFO - [2024-03-16T11:39:13.876+0500] {dag.py:3834} INFO - Setting next_dagrun for latest_only to 2024-03-16 00:00:00+00:00, run_after=2024-03-16 04:00:00+00:00
[2024-03-16T11:39:13.980+0500] {processor.py:183} INFO - Processing /home/muhammadsami/Public/Projects/Airflow/DataPipelineswithApacheAirflow/.env/lib/python3.8/site-packages/airflow/example_dags/example_latest_only.py took 0.160 seconds
[2024-03-16T11:40:21.602+0500] {processor.py:161} INFO - Started process (PID=19951) to work on /home/muhammadsami/Public/Projects/Airflow/DataPipelineswithApacheAirflow/.env/lib/python3.8/site-packages/airflow/example_dags/example_latest_only.py
[2024-03-16T11:40:21.620+0500] {processor.py:830} INFO - Processing file /home/muhammadsami/Public/Projects/Airflow/DataPipelineswithApacheAirflow/.env/lib/python3.8/site-packages/airflow/example_dags/example_latest_only.py for tasks to queue
[2024-03-16T11:40:21.621+0500] {logging_mixin.py:188} INFO - [2024-03-16T11:40:21.620+0500] {dagbag.py:540} INFO - Filling up the DagBag from /home/muhammadsami/Public/Projects/Airflow/DataPipelineswithApacheAirflow/.env/lib/python3.8/site-packages/airflow/example_dags/example_latest_only.py
[2024-03-16T11:40:21.625+0500] {processor.py:840} INFO - DAG(s) 'latest_only' retrieved from /home/muhammadsami/Public/Projects/Airflow/DataPipelineswithApacheAirflow/.env/lib/python3.8/site-packages/airflow/example_dags/example_latest_only.py
[2024-03-16T11:40:21.638+0500] {logging_mixin.py:188} INFO - [2024-03-16T11:40:21.638+0500] {dag.py:3047} INFO - Sync 1 DAGs
[2024-03-16T11:40:21.742+0500] {logging_mixin.py:188} INFO - [2024-03-16T11:40:21.742+0500] {dag.py:3834} INFO - Setting next_dagrun for latest_only to 2024-03-16 00:00:00+00:00, run_after=2024-03-16 04:00:00+00:00
[2024-03-16T11:40:21.833+0500] {processor.py:183} INFO - Processing /home/muhammadsami/Public/Projects/Airflow/DataPipelineswithApacheAirflow/.env/lib/python3.8/site-packages/airflow/example_dags/example_latest_only.py took 0.234 seconds
[2024-03-16T11:41:40.204+0500] {processor.py:161} INFO - Started process (PID=20201) to work on /home/muhammadsami/Public/Projects/Airflow/DataPipelineswithApacheAirflow/.env/lib/python3.8/site-packages/airflow/example_dags/example_latest_only.py
[2024-03-16T11:41:40.215+0500] {processor.py:830} INFO - Processing file /home/muhammadsami/Public/Projects/Airflow/DataPipelineswithApacheAirflow/.env/lib/python3.8/site-packages/airflow/example_dags/example_latest_only.py for tasks to queue
[2024-03-16T11:41:40.216+0500] {logging_mixin.py:188} INFO - [2024-03-16T11:41:40.215+0500] {dagbag.py:540} INFO - Filling up the DagBag from /home/muhammadsami/Public/Projects/Airflow/DataPipelineswithApacheAirflow/.env/lib/python3.8/site-packages/airflow/example_dags/example_latest_only.py
[2024-03-16T11:41:40.220+0500] {processor.py:840} INFO - DAG(s) 'latest_only' retrieved from /home/muhammadsami/Public/Projects/Airflow/DataPipelineswithApacheAirflow/.env/lib/python3.8/site-packages/airflow/example_dags/example_latest_only.py
[2024-03-16T11:41:40.232+0500] {logging_mixin.py:188} INFO - [2024-03-16T11:41:40.232+0500] {dag.py:3047} INFO - Sync 1 DAGs
[2024-03-16T11:41:40.250+0500] {logging_mixin.py:188} INFO - [2024-03-16T11:41:40.250+0500] {dag.py:3834} INFO - Setting next_dagrun for latest_only to 2024-03-16 00:00:00+00:00, run_after=2024-03-16 04:00:00+00:00
[2024-03-16T11:41:40.345+0500] {processor.py:183} INFO - Processing /home/muhammadsami/Public/Projects/Airflow/DataPipelineswithApacheAirflow/.env/lib/python3.8/site-packages/airflow/example_dags/example_latest_only.py took 0.143 seconds
[2024-03-16T11:42:34.292+0500] {processor.py:161} INFO - Started process (PID=20263) to work on /home/muhammadsami/Public/Projects/Airflow/DataPipelineswithApacheAirflow/.env/lib/python3.8/site-packages/airflow/example_dags/example_latest_only.py
[2024-03-16T11:42:34.308+0500] {processor.py:830} INFO - Processing file /home/muhammadsami/Public/Projects/Airflow/DataPipelineswithApacheAirflow/.env/lib/python3.8/site-packages/airflow/example_dags/example_latest_only.py for tasks to queue
[2024-03-16T11:42:34.309+0500] {logging_mixin.py:188} INFO - [2024-03-16T11:42:34.309+0500] {dagbag.py:540} INFO - Filling up the DagBag from /home/muhammadsami/Public/Projects/Airflow/DataPipelineswithApacheAirflow/.env/lib/python3.8/site-packages/airflow/example_dags/example_latest_only.py
[2024-03-16T11:42:34.313+0500] {processor.py:840} INFO - DAG(s) 'latest_only' retrieved from /home/muhammadsami/Public/Projects/Airflow/DataPipelineswithApacheAirflow/.env/lib/python3.8/site-packages/airflow/example_dags/example_latest_only.py
[2024-03-16T11:42:34.326+0500] {logging_mixin.py:188} INFO - [2024-03-16T11:42:34.326+0500] {dag.py:3047} INFO - Sync 1 DAGs
[2024-03-16T11:42:34.343+0500] {logging_mixin.py:188} INFO - [2024-03-16T11:42:34.343+0500] {dag.py:3834} INFO - Setting next_dagrun for latest_only to 2024-03-16 00:00:00+00:00, run_after=2024-03-16 04:00:00+00:00
[2024-03-16T11:42:34.428+0500] {processor.py:183} INFO - Processing /home/muhammadsami/Public/Projects/Airflow/DataPipelineswithApacheAirflow/.env/lib/python3.8/site-packages/airflow/example_dags/example_latest_only.py took 0.138 seconds
[2024-03-16T11:43:28.188+0500] {processor.py:161} INFO - Started process (PID=20348) to work on /home/muhammadsami/Public/Projects/Airflow/DataPipelineswithApacheAirflow/.env/lib/python3.8/site-packages/airflow/example_dags/example_latest_only.py
[2024-03-16T11:43:28.204+0500] {processor.py:830} INFO - Processing file /home/muhammadsami/Public/Projects/Airflow/DataPipelineswithApacheAirflow/.env/lib/python3.8/site-packages/airflow/example_dags/example_latest_only.py for tasks to queue
[2024-03-16T11:43:28.205+0500] {logging_mixin.py:188} INFO - [2024-03-16T11:43:28.204+0500] {dagbag.py:540} INFO - Filling up the DagBag from /home/muhammadsami/Public/Projects/Airflow/DataPipelineswithApacheAirflow/.env/lib/python3.8/site-packages/airflow/example_dags/example_latest_only.py
[2024-03-16T11:43:28.209+0500] {processor.py:840} INFO - DAG(s) 'latest_only' retrieved from /home/muhammadsami/Public/Projects/Airflow/DataPipelineswithApacheAirflow/.env/lib/python3.8/site-packages/airflow/example_dags/example_latest_only.py
[2024-03-16T11:43:28.221+0500] {logging_mixin.py:188} INFO - [2024-03-16T11:43:28.221+0500] {dag.py:3047} INFO - Sync 1 DAGs
[2024-03-16T11:43:28.238+0500] {logging_mixin.py:188} INFO - [2024-03-16T11:43:28.238+0500] {dag.py:3834} INFO - Setting next_dagrun for latest_only to 2024-03-16 00:00:00+00:00, run_after=2024-03-16 04:00:00+00:00
[2024-03-16T11:43:28.331+0500] {processor.py:183} INFO - Processing /home/muhammadsami/Public/Projects/Airflow/DataPipelineswithApacheAirflow/.env/lib/python3.8/site-packages/airflow/example_dags/example_latest_only.py took 0.146 seconds
[2024-03-16T11:44:41.108+0500] {processor.py:161} INFO - Started process (PID=20456) to work on /home/muhammadsami/Public/Projects/Airflow/DataPipelineswithApacheAirflow/.env/lib/python3.8/site-packages/airflow/example_dags/example_latest_only.py
[2024-03-16T11:44:41.110+0500] {processor.py:830} INFO - Processing file /home/muhammadsami/Public/Projects/Airflow/DataPipelineswithApacheAirflow/.env/lib/python3.8/site-packages/airflow/example_dags/example_latest_only.py for tasks to queue
[2024-03-16T11:44:41.110+0500] {logging_mixin.py:188} INFO - [2024-03-16T11:44:41.110+0500] {dagbag.py:540} INFO - Filling up the DagBag from /home/muhammadsami/Public/Projects/Airflow/DataPipelineswithApacheAirflow/.env/lib/python3.8/site-packages/airflow/example_dags/example_latest_only.py
[2024-03-16T11:44:41.116+0500] {processor.py:840} INFO - DAG(s) 'latest_only' retrieved from /home/muhammadsami/Public/Projects/Airflow/DataPipelineswithApacheAirflow/.env/lib/python3.8/site-packages/airflow/example_dags/example_latest_only.py
[2024-03-16T11:44:41.129+0500] {logging_mixin.py:188} INFO - [2024-03-16T11:44:41.129+0500] {dag.py:3047} INFO - Sync 1 DAGs
[2024-03-16T11:44:41.147+0500] {logging_mixin.py:188} INFO - [2024-03-16T11:44:41.147+0500] {dag.py:3834} INFO - Setting next_dagrun for latest_only to 2024-03-16 00:00:00+00:00, run_after=2024-03-16 04:00:00+00:00
[2024-03-16T11:44:41.245+0500] {processor.py:183} INFO - Processing /home/muhammadsami/Public/Projects/Airflow/DataPipelineswithApacheAirflow/.env/lib/python3.8/site-packages/airflow/example_dags/example_latest_only.py took 0.140 seconds
[2024-03-16T11:45:53.121+0500] {processor.py:161} INFO - Started process (PID=20840) to work on /home/muhammadsami/Public/Projects/Airflow/DataPipelineswithApacheAirflow/.env/lib/python3.8/site-packages/airflow/example_dags/example_latest_only.py
[2024-03-16T11:45:53.130+0500] {processor.py:830} INFO - Processing file /home/muhammadsami/Public/Projects/Airflow/DataPipelineswithApacheAirflow/.env/lib/python3.8/site-packages/airflow/example_dags/example_latest_only.py for tasks to queue
[2024-03-16T11:45:53.131+0500] {logging_mixin.py:188} INFO - [2024-03-16T11:45:53.131+0500] {dagbag.py:540} INFO - Filling up the DagBag from /home/muhammadsami/Public/Projects/Airflow/DataPipelineswithApacheAirflow/.env/lib/python3.8/site-packages/airflow/example_dags/example_latest_only.py
[2024-03-16T11:45:53.135+0500] {processor.py:840} INFO - DAG(s) 'latest_only' retrieved from /home/muhammadsami/Public/Projects/Airflow/DataPipelineswithApacheAirflow/.env/lib/python3.8/site-packages/airflow/example_dags/example_latest_only.py
[2024-03-16T11:45:53.149+0500] {logging_mixin.py:188} INFO - [2024-03-16T11:45:53.148+0500] {dag.py:3047} INFO - Sync 1 DAGs
[2024-03-16T11:45:53.166+0500] {logging_mixin.py:188} INFO - [2024-03-16T11:45:53.165+0500] {dag.py:3834} INFO - Setting next_dagrun for latest_only to 2024-03-16 00:00:00+00:00, run_after=2024-03-16 04:00:00+00:00
[2024-03-16T11:45:53.268+0500] {processor.py:183} INFO - Processing /home/muhammadsami/Public/Projects/Airflow/DataPipelineswithApacheAirflow/.env/lib/python3.8/site-packages/airflow/example_dags/example_latest_only.py took 0.149 seconds
[2024-03-16T11:46:47.928+0500] {processor.py:161} INFO - Started process (PID=20900) to work on /home/muhammadsami/Public/Projects/Airflow/DataPipelineswithApacheAirflow/.env/lib/python3.8/site-packages/airflow/example_dags/example_latest_only.py
[2024-03-16T11:46:47.939+0500] {processor.py:830} INFO - Processing file /home/muhammadsami/Public/Projects/Airflow/DataPipelineswithApacheAirflow/.env/lib/python3.8/site-packages/airflow/example_dags/example_latest_only.py for tasks to queue
[2024-03-16T11:46:47.940+0500] {logging_mixin.py:188} INFO - [2024-03-16T11:46:47.939+0500] {dagbag.py:540} INFO - Filling up the DagBag from /home/muhammadsami/Public/Projects/Airflow/DataPipelineswithApacheAirflow/.env/lib/python3.8/site-packages/airflow/example_dags/example_latest_only.py
[2024-03-16T11:46:47.944+0500] {processor.py:840} INFO - DAG(s) 'latest_only' retrieved from /home/muhammadsami/Public/Projects/Airflow/DataPipelineswithApacheAirflow/.env/lib/python3.8/site-packages/airflow/example_dags/example_latest_only.py
[2024-03-16T11:46:47.956+0500] {logging_mixin.py:188} INFO - [2024-03-16T11:46:47.956+0500] {dag.py:3047} INFO - Sync 1 DAGs
[2024-03-16T11:46:47.974+0500] {logging_mixin.py:188} INFO - [2024-03-16T11:46:47.973+0500] {dag.py:3834} INFO - Setting next_dagrun for latest_only to 2024-03-16 00:00:00+00:00, run_after=2024-03-16 04:00:00+00:00
[2024-03-16T11:46:48.064+0500] {processor.py:183} INFO - Processing /home/muhammadsami/Public/Projects/Airflow/DataPipelineswithApacheAirflow/.env/lib/python3.8/site-packages/airflow/example_dags/example_latest_only.py took 0.138 seconds
[2024-03-16T11:47:38.161+0500] {processor.py:161} INFO - Started process (PID=20976) to work on /home/muhammadsami/Public/Projects/Airflow/DataPipelineswithApacheAirflow/.env/lib/python3.8/site-packages/airflow/example_dags/example_latest_only.py
[2024-03-16T11:47:38.171+0500] {processor.py:830} INFO - Processing file /home/muhammadsami/Public/Projects/Airflow/DataPipelineswithApacheAirflow/.env/lib/python3.8/site-packages/airflow/example_dags/example_latest_only.py for tasks to queue
[2024-03-16T11:47:38.172+0500] {logging_mixin.py:188} INFO - [2024-03-16T11:47:38.171+0500] {dagbag.py:540} INFO - Filling up the DagBag from /home/muhammadsami/Public/Projects/Airflow/DataPipelineswithApacheAirflow/.env/lib/python3.8/site-packages/airflow/example_dags/example_latest_only.py
[2024-03-16T11:47:38.176+0500] {processor.py:840} INFO - DAG(s) 'latest_only' retrieved from /home/muhammadsami/Public/Projects/Airflow/DataPipelineswithApacheAirflow/.env/lib/python3.8/site-packages/airflow/example_dags/example_latest_only.py
[2024-03-16T11:47:38.189+0500] {logging_mixin.py:188} INFO - [2024-03-16T11:47:38.189+0500] {dag.py:3047} INFO - Sync 1 DAGs
[2024-03-16T11:47:38.206+0500] {logging_mixin.py:188} INFO - [2024-03-16T11:47:38.206+0500] {dag.py:3834} INFO - Setting next_dagrun for latest_only to 2024-03-16 00:00:00+00:00, run_after=2024-03-16 04:00:00+00:00
[2024-03-16T11:47:38.296+0500] {processor.py:183} INFO - Processing /home/muhammadsami/Public/Projects/Airflow/DataPipelineswithApacheAirflow/.env/lib/python3.8/site-packages/airflow/example_dags/example_latest_only.py took 0.138 seconds
[2024-03-16T11:48:26.000+0500] {processor.py:161} INFO - Started process (PID=21054) to work on /home/muhammadsami/Public/Projects/Airflow/DataPipelineswithApacheAirflow/.env/lib/python3.8/site-packages/airflow/example_dags/example_latest_only.py
[2024-03-16T11:48:26.010+0500] {processor.py:830} INFO - Processing file /home/muhammadsami/Public/Projects/Airflow/DataPipelineswithApacheAirflow/.env/lib/python3.8/site-packages/airflow/example_dags/example_latest_only.py for tasks to queue
[2024-03-16T11:48:26.011+0500] {logging_mixin.py:188} INFO - [2024-03-16T11:48:26.011+0500] {dagbag.py:540} INFO - Filling up the DagBag from /home/muhammadsami/Public/Projects/Airflow/DataPipelineswithApacheAirflow/.env/lib/python3.8/site-packages/airflow/example_dags/example_latest_only.py
[2024-03-16T11:48:26.015+0500] {processor.py:840} INFO - DAG(s) 'latest_only' retrieved from /home/muhammadsami/Public/Projects/Airflow/DataPipelineswithApacheAirflow/.env/lib/python3.8/site-packages/airflow/example_dags/example_latest_only.py
[2024-03-16T11:48:26.028+0500] {logging_mixin.py:188} INFO - [2024-03-16T11:48:26.028+0500] {dag.py:3047} INFO - Sync 1 DAGs
[2024-03-16T11:48:26.047+0500] {logging_mixin.py:188} INFO - [2024-03-16T11:48:26.046+0500] {dag.py:3834} INFO - Setting next_dagrun for latest_only to 2024-03-16 00:00:00+00:00, run_after=2024-03-16 04:00:00+00:00
[2024-03-16T11:48:26.143+0500] {processor.py:183} INFO - Processing /home/muhammadsami/Public/Projects/Airflow/DataPipelineswithApacheAirflow/.env/lib/python3.8/site-packages/airflow/example_dags/example_latest_only.py took 0.146 seconds
[2024-03-16T11:49:38.873+0500] {processor.py:161} INFO - Started process (PID=21120) to work on /home/muhammadsami/Public/Projects/Airflow/DataPipelineswithApacheAirflow/.env/lib/python3.8/site-packages/airflow/example_dags/example_latest_only.py
[2024-03-16T11:49:38.882+0500] {processor.py:830} INFO - Processing file /home/muhammadsami/Public/Projects/Airflow/DataPipelineswithApacheAirflow/.env/lib/python3.8/site-packages/airflow/example_dags/example_latest_only.py for tasks to queue
[2024-03-16T11:49:38.883+0500] {logging_mixin.py:188} INFO - [2024-03-16T11:49:38.883+0500] {dagbag.py:540} INFO - Filling up the DagBag from /home/muhammadsami/Public/Projects/Airflow/DataPipelineswithApacheAirflow/.env/lib/python3.8/site-packages/airflow/example_dags/example_latest_only.py
[2024-03-16T11:49:38.887+0500] {processor.py:840} INFO - DAG(s) 'latest_only' retrieved from /home/muhammadsami/Public/Projects/Airflow/DataPipelineswithApacheAirflow/.env/lib/python3.8/site-packages/airflow/example_dags/example_latest_only.py
[2024-03-16T11:49:38.900+0500] {logging_mixin.py:188} INFO - [2024-03-16T11:49:38.900+0500] {dag.py:3047} INFO - Sync 1 DAGs
[2024-03-16T11:49:38.917+0500] {logging_mixin.py:188} INFO - [2024-03-16T11:49:38.917+0500] {dag.py:3834} INFO - Setting next_dagrun for latest_only to 2024-03-16 00:00:00+00:00, run_after=2024-03-16 04:00:00+00:00
[2024-03-16T11:49:39.008+0500] {processor.py:183} INFO - Processing /home/muhammadsami/Public/Projects/Airflow/DataPipelineswithApacheAirflow/.env/lib/python3.8/site-packages/airflow/example_dags/example_latest_only.py took 0.138 seconds
[2024-03-16T11:50:53.319+0500] {processor.py:161} INFO - Started process (PID=21224) to work on /home/muhammadsami/Public/Projects/Airflow/DataPipelineswithApacheAirflow/.env/lib/python3.8/site-packages/airflow/example_dags/example_latest_only.py
[2024-03-16T11:50:53.337+0500] {processor.py:830} INFO - Processing file /home/muhammadsami/Public/Projects/Airflow/DataPipelineswithApacheAirflow/.env/lib/python3.8/site-packages/airflow/example_dags/example_latest_only.py for tasks to queue
[2024-03-16T11:50:53.338+0500] {logging_mixin.py:188} INFO - [2024-03-16T11:50:53.337+0500] {dagbag.py:540} INFO - Filling up the DagBag from /home/muhammadsami/Public/Projects/Airflow/DataPipelineswithApacheAirflow/.env/lib/python3.8/site-packages/airflow/example_dags/example_latest_only.py
[2024-03-16T11:50:53.342+0500] {processor.py:840} INFO - DAG(s) 'latest_only' retrieved from /home/muhammadsami/Public/Projects/Airflow/DataPipelineswithApacheAirflow/.env/lib/python3.8/site-packages/airflow/example_dags/example_latest_only.py
[2024-03-16T11:50:53.354+0500] {logging_mixin.py:188} INFO - [2024-03-16T11:50:53.354+0500] {dag.py:3047} INFO - Sync 1 DAGs
[2024-03-16T11:50:53.372+0500] {logging_mixin.py:188} INFO - [2024-03-16T11:50:53.372+0500] {dag.py:3834} INFO - Setting next_dagrun for latest_only to 2024-03-16 00:00:00+00:00, run_after=2024-03-16 04:00:00+00:00
[2024-03-16T11:50:53.735+0500] {processor.py:183} INFO - Processing /home/muhammadsami/Public/Projects/Airflow/DataPipelineswithApacheAirflow/.env/lib/python3.8/site-packages/airflow/example_dags/example_latest_only.py took 0.418 seconds
[2024-03-16T11:51:45.580+0500] {processor.py:161} INFO - Started process (PID=21325) to work on /home/muhammadsami/Public/Projects/Airflow/DataPipelineswithApacheAirflow/.env/lib/python3.8/site-packages/airflow/example_dags/example_latest_only.py
[2024-03-16T11:51:45.593+0500] {processor.py:830} INFO - Processing file /home/muhammadsami/Public/Projects/Airflow/DataPipelineswithApacheAirflow/.env/lib/python3.8/site-packages/airflow/example_dags/example_latest_only.py for tasks to queue
[2024-03-16T11:51:45.594+0500] {logging_mixin.py:188} INFO - [2024-03-16T11:51:45.594+0500] {dagbag.py:540} INFO - Filling up the DagBag from /home/muhammadsami/Public/Projects/Airflow/DataPipelineswithApacheAirflow/.env/lib/python3.8/site-packages/airflow/example_dags/example_latest_only.py
[2024-03-16T11:51:45.598+0500] {processor.py:840} INFO - DAG(s) 'latest_only' retrieved from /home/muhammadsami/Public/Projects/Airflow/DataPipelineswithApacheAirflow/.env/lib/python3.8/site-packages/airflow/example_dags/example_latest_only.py
[2024-03-16T11:51:45.611+0500] {logging_mixin.py:188} INFO - [2024-03-16T11:51:45.611+0500] {dag.py:3047} INFO - Sync 1 DAGs
[2024-03-16T11:51:45.628+0500] {logging_mixin.py:188} INFO - [2024-03-16T11:51:45.628+0500] {dag.py:3834} INFO - Setting next_dagrun for latest_only to 2024-03-16 00:00:00+00:00, run_after=2024-03-16 04:00:00+00:00
[2024-03-16T11:51:45.719+0500] {processor.py:183} INFO - Processing /home/muhammadsami/Public/Projects/Airflow/DataPipelineswithApacheAirflow/.env/lib/python3.8/site-packages/airflow/example_dags/example_latest_only.py took 0.142 seconds
[2024-03-16T11:52:37.725+0500] {processor.py:161} INFO - Started process (PID=21487) to work on /home/muhammadsami/Public/Projects/Airflow/DataPipelineswithApacheAirflow/.env/lib/python3.8/site-packages/airflow/example_dags/example_latest_only.py
[2024-03-16T11:52:37.735+0500] {processor.py:830} INFO - Processing file /home/muhammadsami/Public/Projects/Airflow/DataPipelineswithApacheAirflow/.env/lib/python3.8/site-packages/airflow/example_dags/example_latest_only.py for tasks to queue
[2024-03-16T11:52:37.736+0500] {logging_mixin.py:188} INFO - [2024-03-16T11:52:37.736+0500] {dagbag.py:540} INFO - Filling up the DagBag from /home/muhammadsami/Public/Projects/Airflow/DataPipelineswithApacheAirflow/.env/lib/python3.8/site-packages/airflow/example_dags/example_latest_only.py
[2024-03-16T11:52:37.741+0500] {processor.py:840} INFO - DAG(s) 'latest_only' retrieved from /home/muhammadsami/Public/Projects/Airflow/DataPipelineswithApacheAirflow/.env/lib/python3.8/site-packages/airflow/example_dags/example_latest_only.py
[2024-03-16T11:52:37.753+0500] {logging_mixin.py:188} INFO - [2024-03-16T11:52:37.753+0500] {dag.py:3047} INFO - Sync 1 DAGs
[2024-03-16T11:52:37.771+0500] {logging_mixin.py:188} INFO - [2024-03-16T11:52:37.770+0500] {dag.py:3834} INFO - Setting next_dagrun for latest_only to 2024-03-16 00:00:00+00:00, run_after=2024-03-16 04:00:00+00:00
[2024-03-16T11:52:37.869+0500] {processor.py:183} INFO - Processing /home/muhammadsami/Public/Projects/Airflow/DataPipelineswithApacheAirflow/.env/lib/python3.8/site-packages/airflow/example_dags/example_latest_only.py took 0.147 seconds
[2024-03-16T11:53:29.219+0500] {processor.py:161} INFO - Started process (PID=21572) to work on /home/muhammadsami/Public/Projects/Airflow/DataPipelineswithApacheAirflow/.env/lib/python3.8/site-packages/airflow/example_dags/example_latest_only.py
[2024-03-16T11:53:29.239+0500] {processor.py:830} INFO - Processing file /home/muhammadsami/Public/Projects/Airflow/DataPipelineswithApacheAirflow/.env/lib/python3.8/site-packages/airflow/example_dags/example_latest_only.py for tasks to queue
[2024-03-16T11:53:29.240+0500] {logging_mixin.py:188} INFO - [2024-03-16T11:53:29.240+0500] {dagbag.py:540} INFO - Filling up the DagBag from /home/muhammadsami/Public/Projects/Airflow/DataPipelineswithApacheAirflow/.env/lib/python3.8/site-packages/airflow/example_dags/example_latest_only.py
[2024-03-16T11:53:29.244+0500] {processor.py:840} INFO - DAG(s) 'latest_only' retrieved from /home/muhammadsami/Public/Projects/Airflow/DataPipelineswithApacheAirflow/.env/lib/python3.8/site-packages/airflow/example_dags/example_latest_only.py
[2024-03-16T11:53:29.262+0500] {logging_mixin.py:188} INFO - [2024-03-16T11:53:29.261+0500] {dag.py:3047} INFO - Sync 1 DAGs
[2024-03-16T11:53:29.279+0500] {logging_mixin.py:188} INFO - [2024-03-16T11:53:29.279+0500] {dag.py:3834} INFO - Setting next_dagrun for latest_only to 2024-03-16 00:00:00+00:00, run_after=2024-03-16 04:00:00+00:00
[2024-03-16T11:53:29.570+0500] {processor.py:183} INFO - Processing /home/muhammadsami/Public/Projects/Airflow/DataPipelineswithApacheAirflow/.env/lib/python3.8/site-packages/airflow/example_dags/example_latest_only.py took 0.353 seconds
[2024-03-16T11:54:20.676+0500] {processor.py:161} INFO - Started process (PID=21669) to work on /home/muhammadsami/Public/Projects/Airflow/DataPipelineswithApacheAirflow/.env/lib/python3.8/site-packages/airflow/example_dags/example_latest_only.py
[2024-03-16T11:54:20.682+0500] {processor.py:830} INFO - Processing file /home/muhammadsami/Public/Projects/Airflow/DataPipelineswithApacheAirflow/.env/lib/python3.8/site-packages/airflow/example_dags/example_latest_only.py for tasks to queue
[2024-03-16T11:54:20.683+0500] {logging_mixin.py:188} INFO - [2024-03-16T11:54:20.682+0500] {dagbag.py:540} INFO - Filling up the DagBag from /home/muhammadsami/Public/Projects/Airflow/DataPipelineswithApacheAirflow/.env/lib/python3.8/site-packages/airflow/example_dags/example_latest_only.py
[2024-03-16T11:54:20.687+0500] {processor.py:840} INFO - DAG(s) 'latest_only' retrieved from /home/muhammadsami/Public/Projects/Airflow/DataPipelineswithApacheAirflow/.env/lib/python3.8/site-packages/airflow/example_dags/example_latest_only.py
[2024-03-16T11:54:20.702+0500] {logging_mixin.py:188} INFO - [2024-03-16T11:54:20.701+0500] {dag.py:3047} INFO - Sync 1 DAGs
[2024-03-16T11:54:20.721+0500] {logging_mixin.py:188} INFO - [2024-03-16T11:54:20.720+0500] {dag.py:3834} INFO - Setting next_dagrun for latest_only to 2024-03-16 00:00:00+00:00, run_after=2024-03-16 04:00:00+00:00
[2024-03-16T11:54:20.817+0500] {processor.py:183} INFO - Processing /home/muhammadsami/Public/Projects/Airflow/DataPipelineswithApacheAirflow/.env/lib/python3.8/site-packages/airflow/example_dags/example_latest_only.py took 0.144 seconds
[2024-03-16T11:55:35.937+0500] {processor.py:161} INFO - Started process (PID=21892) to work on /home/muhammadsami/Public/Projects/Airflow/DataPipelineswithApacheAirflow/.env/lib/python3.8/site-packages/airflow/example_dags/example_latest_only.py
[2024-03-16T11:55:35.950+0500] {processor.py:830} INFO - Processing file /home/muhammadsami/Public/Projects/Airflow/DataPipelineswithApacheAirflow/.env/lib/python3.8/site-packages/airflow/example_dags/example_latest_only.py for tasks to queue
[2024-03-16T11:55:35.951+0500] {logging_mixin.py:188} INFO - [2024-03-16T11:55:35.951+0500] {dagbag.py:540} INFO - Filling up the DagBag from /home/muhammadsami/Public/Projects/Airflow/DataPipelineswithApacheAirflow/.env/lib/python3.8/site-packages/airflow/example_dags/example_latest_only.py
[2024-03-16T11:55:35.956+0500] {processor.py:840} INFO - DAG(s) 'latest_only' retrieved from /home/muhammadsami/Public/Projects/Airflow/DataPipelineswithApacheAirflow/.env/lib/python3.8/site-packages/airflow/example_dags/example_latest_only.py
[2024-03-16T11:55:35.970+0500] {logging_mixin.py:188} INFO - [2024-03-16T11:55:35.969+0500] {dag.py:3047} INFO - Sync 1 DAGs
[2024-03-16T11:55:35.989+0500] {logging_mixin.py:188} INFO - [2024-03-16T11:55:35.989+0500] {dag.py:3834} INFO - Setting next_dagrun for latest_only to 2024-03-16 00:00:00+00:00, run_after=2024-03-16 04:00:00+00:00
[2024-03-16T11:55:36.088+0500] {processor.py:183} INFO - Processing /home/muhammadsami/Public/Projects/Airflow/DataPipelineswithApacheAirflow/.env/lib/python3.8/site-packages/airflow/example_dags/example_latest_only.py took 0.154 seconds
[2024-03-16T11:56:26.794+0500] {processor.py:161} INFO - Started process (PID=21945) to work on /home/muhammadsami/Public/Projects/Airflow/DataPipelineswithApacheAirflow/.env/lib/python3.8/site-packages/airflow/example_dags/example_latest_only.py
[2024-03-16T11:56:26.796+0500] {processor.py:830} INFO - Processing file /home/muhammadsami/Public/Projects/Airflow/DataPipelineswithApacheAirflow/.env/lib/python3.8/site-packages/airflow/example_dags/example_latest_only.py for tasks to queue
[2024-03-16T11:56:26.797+0500] {logging_mixin.py:188} INFO - [2024-03-16T11:56:26.797+0500] {dagbag.py:540} INFO - Filling up the DagBag from /home/muhammadsami/Public/Projects/Airflow/DataPipelineswithApacheAirflow/.env/lib/python3.8/site-packages/airflow/example_dags/example_latest_only.py
[2024-03-16T11:56:26.802+0500] {processor.py:840} INFO - DAG(s) 'latest_only' retrieved from /home/muhammadsami/Public/Projects/Airflow/DataPipelineswithApacheAirflow/.env/lib/python3.8/site-packages/airflow/example_dags/example_latest_only.py
[2024-03-16T11:56:26.817+0500] {logging_mixin.py:188} INFO - [2024-03-16T11:56:26.816+0500] {dag.py:3047} INFO - Sync 1 DAGs
[2024-03-16T11:56:26.837+0500] {logging_mixin.py:188} INFO - [2024-03-16T11:56:26.836+0500] {dag.py:3834} INFO - Setting next_dagrun for latest_only to 2024-03-16 00:00:00+00:00, run_after=2024-03-16 04:00:00+00:00
[2024-03-16T11:56:26.938+0500] {processor.py:183} INFO - Processing /home/muhammadsami/Public/Projects/Airflow/DataPipelineswithApacheAirflow/.env/lib/python3.8/site-packages/airflow/example_dags/example_latest_only.py took 0.147 seconds
[2024-03-16T11:57:20.223+0500] {processor.py:161} INFO - Started process (PID=22000) to work on /home/muhammadsami/Public/Projects/Airflow/DataPipelineswithApacheAirflow/.env/lib/python3.8/site-packages/airflow/example_dags/example_latest_only.py
[2024-03-16T11:57:20.224+0500] {processor.py:830} INFO - Processing file /home/muhammadsami/Public/Projects/Airflow/DataPipelineswithApacheAirflow/.env/lib/python3.8/site-packages/airflow/example_dags/example_latest_only.py for tasks to queue
[2024-03-16T11:57:20.225+0500] {logging_mixin.py:188} INFO - [2024-03-16T11:57:20.225+0500] {dagbag.py:540} INFO - Filling up the DagBag from /home/muhammadsami/Public/Projects/Airflow/DataPipelineswithApacheAirflow/.env/lib/python3.8/site-packages/airflow/example_dags/example_latest_only.py
[2024-03-16T11:57:20.229+0500] {processor.py:840} INFO - DAG(s) 'latest_only' retrieved from /home/muhammadsami/Public/Projects/Airflow/DataPipelineswithApacheAirflow/.env/lib/python3.8/site-packages/airflow/example_dags/example_latest_only.py
[2024-03-16T11:57:20.242+0500] {logging_mixin.py:188} INFO - [2024-03-16T11:57:20.242+0500] {dag.py:3047} INFO - Sync 1 DAGs
[2024-03-16T11:57:20.259+0500] {logging_mixin.py:188} INFO - [2024-03-16T11:57:20.259+0500] {dag.py:3834} INFO - Setting next_dagrun for latest_only to 2024-03-16 00:00:00+00:00, run_after=2024-03-16 04:00:00+00:00
[2024-03-16T11:57:20.368+0500] {processor.py:183} INFO - Processing /home/muhammadsami/Public/Projects/Airflow/DataPipelineswithApacheAirflow/.env/lib/python3.8/site-packages/airflow/example_dags/example_latest_only.py took 0.147 seconds
[2024-03-16T11:58:14.339+0500] {processor.py:161} INFO - Started process (PID=22076) to work on /home/muhammadsami/Public/Projects/Airflow/DataPipelineswithApacheAirflow/.env/lib/python3.8/site-packages/airflow/example_dags/example_latest_only.py
[2024-03-16T11:58:14.340+0500] {processor.py:830} INFO - Processing file /home/muhammadsami/Public/Projects/Airflow/DataPipelineswithApacheAirflow/.env/lib/python3.8/site-packages/airflow/example_dags/example_latest_only.py for tasks to queue
[2024-03-16T11:58:14.341+0500] {logging_mixin.py:188} INFO - [2024-03-16T11:58:14.341+0500] {dagbag.py:540} INFO - Filling up the DagBag from /home/muhammadsami/Public/Projects/Airflow/DataPipelineswithApacheAirflow/.env/lib/python3.8/site-packages/airflow/example_dags/example_latest_only.py
[2024-03-16T11:58:14.345+0500] {processor.py:840} INFO - DAG(s) 'latest_only' retrieved from /home/muhammadsami/Public/Projects/Airflow/DataPipelineswithApacheAirflow/.env/lib/python3.8/site-packages/airflow/example_dags/example_latest_only.py
[2024-03-16T11:58:14.358+0500] {logging_mixin.py:188} INFO - [2024-03-16T11:58:14.358+0500] {dag.py:3047} INFO - Sync 1 DAGs
[2024-03-16T11:58:14.375+0500] {logging_mixin.py:188} INFO - [2024-03-16T11:58:14.375+0500] {dag.py:3834} INFO - Setting next_dagrun for latest_only to 2024-03-16 00:00:00+00:00, run_after=2024-03-16 04:00:00+00:00
[2024-03-16T11:58:14.475+0500] {processor.py:183} INFO - Processing /home/muhammadsami/Public/Projects/Airflow/DataPipelineswithApacheAirflow/.env/lib/python3.8/site-packages/airflow/example_dags/example_latest_only.py took 0.139 seconds
[2024-03-16T11:59:26.198+0500] {processor.py:161} INFO - Started process (PID=22210) to work on /home/muhammadsami/Public/Projects/Airflow/DataPipelineswithApacheAirflow/.env/lib/python3.8/site-packages/airflow/example_dags/example_latest_only.py
[2024-03-16T11:59:26.200+0500] {processor.py:830} INFO - Processing file /home/muhammadsami/Public/Projects/Airflow/DataPipelineswithApacheAirflow/.env/lib/python3.8/site-packages/airflow/example_dags/example_latest_only.py for tasks to queue
[2024-03-16T11:59:26.201+0500] {logging_mixin.py:188} INFO - [2024-03-16T11:59:26.200+0500] {dagbag.py:540} INFO - Filling up the DagBag from /home/muhammadsami/Public/Projects/Airflow/DataPipelineswithApacheAirflow/.env/lib/python3.8/site-packages/airflow/example_dags/example_latest_only.py
[2024-03-16T11:59:26.206+0500] {processor.py:840} INFO - DAG(s) 'latest_only' retrieved from /home/muhammadsami/Public/Projects/Airflow/DataPipelineswithApacheAirflow/.env/lib/python3.8/site-packages/airflow/example_dags/example_latest_only.py
[2024-03-16T11:59:26.218+0500] {logging_mixin.py:188} INFO - [2024-03-16T11:59:26.218+0500] {dag.py:3047} INFO - Sync 1 DAGs
[2024-03-16T11:59:26.236+0500] {logging_mixin.py:188} INFO - [2024-03-16T11:59:26.235+0500] {dag.py:3834} INFO - Setting next_dagrun for latest_only to 2024-03-16 00:00:00+00:00, run_after=2024-03-16 04:00:00+00:00
[2024-03-16T11:59:26.332+0500] {processor.py:183} INFO - Processing /home/muhammadsami/Public/Projects/Airflow/DataPipelineswithApacheAirflow/.env/lib/python3.8/site-packages/airflow/example_dags/example_latest_only.py took 0.137 seconds
[2024-03-16T12:00:43.487+0500] {processor.py:161} INFO - Started process (PID=22345) to work on /home/muhammadsami/Public/Projects/Airflow/DataPipelineswithApacheAirflow/.env/lib/python3.8/site-packages/airflow/example_dags/example_latest_only.py
[2024-03-16T12:00:43.500+0500] {processor.py:830} INFO - Processing file /home/muhammadsami/Public/Projects/Airflow/DataPipelineswithApacheAirflow/.env/lib/python3.8/site-packages/airflow/example_dags/example_latest_only.py for tasks to queue
[2024-03-16T12:00:43.501+0500] {logging_mixin.py:188} INFO - [2024-03-16T12:00:43.500+0500] {dagbag.py:540} INFO - Filling up the DagBag from /home/muhammadsami/Public/Projects/Airflow/DataPipelineswithApacheAirflow/.env/lib/python3.8/site-packages/airflow/example_dags/example_latest_only.py
[2024-03-16T12:00:43.505+0500] {processor.py:840} INFO - DAG(s) 'latest_only' retrieved from /home/muhammadsami/Public/Projects/Airflow/DataPipelineswithApacheAirflow/.env/lib/python3.8/site-packages/airflow/example_dags/example_latest_only.py
[2024-03-16T12:00:43.517+0500] {logging_mixin.py:188} INFO - [2024-03-16T12:00:43.517+0500] {dag.py:3047} INFO - Sync 1 DAGs
[2024-03-16T12:00:43.535+0500] {logging_mixin.py:188} INFO - [2024-03-16T12:00:43.534+0500] {dag.py:3834} INFO - Setting next_dagrun for latest_only to 2024-03-16 00:00:00+00:00, run_after=2024-03-16 04:00:00+00:00
[2024-03-16T12:00:43.627+0500] {processor.py:183} INFO - Processing /home/muhammadsami/Public/Projects/Airflow/DataPipelineswithApacheAirflow/.env/lib/python3.8/site-packages/airflow/example_dags/example_latest_only.py took 0.142 seconds
[2024-03-16T12:01:36.991+0500] {processor.py:161} INFO - Started process (PID=22396) to work on /home/muhammadsami/Public/Projects/Airflow/DataPipelineswithApacheAirflow/.env/lib/python3.8/site-packages/airflow/example_dags/example_latest_only.py
[2024-03-16T12:01:37.012+0500] {processor.py:830} INFO - Processing file /home/muhammadsami/Public/Projects/Airflow/DataPipelineswithApacheAirflow/.env/lib/python3.8/site-packages/airflow/example_dags/example_latest_only.py for tasks to queue
[2024-03-16T12:01:37.013+0500] {logging_mixin.py:188} INFO - [2024-03-16T12:01:37.013+0500] {dagbag.py:540} INFO - Filling up the DagBag from /home/muhammadsami/Public/Projects/Airflow/DataPipelineswithApacheAirflow/.env/lib/python3.8/site-packages/airflow/example_dags/example_latest_only.py
[2024-03-16T12:01:37.017+0500] {processor.py:840} INFO - DAG(s) 'latest_only' retrieved from /home/muhammadsami/Public/Projects/Airflow/DataPipelineswithApacheAirflow/.env/lib/python3.8/site-packages/airflow/example_dags/example_latest_only.py
[2024-03-16T12:01:37.030+0500] {logging_mixin.py:188} INFO - [2024-03-16T12:01:37.030+0500] {dag.py:3047} INFO - Sync 1 DAGs
[2024-03-16T12:01:37.050+0500] {logging_mixin.py:188} INFO - [2024-03-16T12:01:37.050+0500] {dag.py:3834} INFO - Setting next_dagrun for latest_only to 2024-03-16 00:00:00+00:00, run_after=2024-03-16 04:00:00+00:00
[2024-03-16T12:01:37.156+0500] {processor.py:183} INFO - Processing /home/muhammadsami/Public/Projects/Airflow/DataPipelineswithApacheAirflow/.env/lib/python3.8/site-packages/airflow/example_dags/example_latest_only.py took 0.168 seconds
