[2024-03-16T11:23:18.532+0500] {processor.py:161} INFO - Started process (PID=18379) to work on /home/muhammadsami/Public/Projects/Airflow/DataPipelineswithApacheAirflow/.env/lib/python3.8/site-packages/airflow/example_dags/example_branch_operator.py
[2024-03-16T11:23:18.533+0500] {processor.py:830} INFO - Processing file /home/muhammadsami/Public/Projects/Airflow/DataPipelineswithApacheAirflow/.env/lib/python3.8/site-packages/airflow/example_dags/example_branch_operator.py for tasks to queue
[2024-03-16T11:23:18.535+0500] {logging_mixin.py:188} INFO - [2024-03-16T11:23:18.534+0500] {dagbag.py:540} INFO - Filling up the DagBag from /home/muhammadsami/Public/Projects/Airflow/DataPipelineswithApacheAirflow/.env/lib/python3.8/site-packages/airflow/example_dags/example_branch_operator.py
[2024-03-16T11:23:18.537+0500] {processor.py:842} WARNING - No viable dags retrieved from /home/muhammadsami/Public/Projects/Airflow/DataPipelineswithApacheAirflow/.env/lib/python3.8/site-packages/airflow/example_dags/example_branch_operator.py
[2024-03-16T11:23:18.545+0500] {processor.py:183} INFO - Processing /home/muhammadsami/Public/Projects/Airflow/DataPipelineswithApacheAirflow/.env/lib/python3.8/site-packages/airflow/example_dags/example_branch_operator.py took 0.016 seconds
[2024-03-16T11:24:33.038+0500] {processor.py:161} INFO - Started process (PID=18557) to work on /home/muhammadsami/Public/Projects/Airflow/DataPipelineswithApacheAirflow/.env/lib/python3.8/site-packages/airflow/example_dags/example_branch_operator.py
[2024-03-16T11:24:33.053+0500] {processor.py:830} INFO - Processing file /home/muhammadsami/Public/Projects/Airflow/DataPipelineswithApacheAirflow/.env/lib/python3.8/site-packages/airflow/example_dags/example_branch_operator.py for tasks to queue
[2024-03-16T11:24:33.054+0500] {logging_mixin.py:188} INFO - [2024-03-16T11:24:33.054+0500] {dagbag.py:540} INFO - Filling up the DagBag from /home/muhammadsami/Public/Projects/Airflow/DataPipelineswithApacheAirflow/.env/lib/python3.8/site-packages/airflow/example_dags/example_branch_operator.py
[2024-03-16T11:24:33.056+0500] {processor.py:842} WARNING - No viable dags retrieved from /home/muhammadsami/Public/Projects/Airflow/DataPipelineswithApacheAirflow/.env/lib/python3.8/site-packages/airflow/example_dags/example_branch_operator.py
[2024-03-16T11:24:33.065+0500] {processor.py:183} INFO - Processing /home/muhammadsami/Public/Projects/Airflow/DataPipelineswithApacheAirflow/.env/lib/python3.8/site-packages/airflow/example_dags/example_branch_operator.py took 0.030 seconds
[2024-03-16T11:25:28.405+0500] {processor.py:161} INFO - Started process (PID=18624) to work on /home/muhammadsami/Public/Projects/Airflow/DataPipelineswithApacheAirflow/.env/lib/python3.8/site-packages/airflow/example_dags/example_branch_operator.py
[2024-03-16T11:25:28.417+0500] {processor.py:830} INFO - Processing file /home/muhammadsami/Public/Projects/Airflow/DataPipelineswithApacheAirflow/.env/lib/python3.8/site-packages/airflow/example_dags/example_branch_operator.py for tasks to queue
[2024-03-16T11:25:28.418+0500] {logging_mixin.py:188} INFO - [2024-03-16T11:25:28.418+0500] {dagbag.py:540} INFO - Filling up the DagBag from /home/muhammadsami/Public/Projects/Airflow/DataPipelineswithApacheAirflow/.env/lib/python3.8/site-packages/airflow/example_dags/example_branch_operator.py
[2024-03-16T11:25:28.421+0500] {processor.py:842} WARNING - No viable dags retrieved from /home/muhammadsami/Public/Projects/Airflow/DataPipelineswithApacheAirflow/.env/lib/python3.8/site-packages/airflow/example_dags/example_branch_operator.py
[2024-03-16T11:25:28.430+0500] {processor.py:183} INFO - Processing /home/muhammadsami/Public/Projects/Airflow/DataPipelineswithApacheAirflow/.env/lib/python3.8/site-packages/airflow/example_dags/example_branch_operator.py took 0.027 seconds
[2024-03-16T11:26:22.754+0500] {processor.py:161} INFO - Started process (PID=18686) to work on /home/muhammadsami/Public/Projects/Airflow/DataPipelineswithApacheAirflow/.env/lib/python3.8/site-packages/airflow/example_dags/example_branch_operator.py
[2024-03-16T11:26:22.767+0500] {processor.py:830} INFO - Processing file /home/muhammadsami/Public/Projects/Airflow/DataPipelineswithApacheAirflow/.env/lib/python3.8/site-packages/airflow/example_dags/example_branch_operator.py for tasks to queue
[2024-03-16T11:26:22.768+0500] {logging_mixin.py:188} INFO - [2024-03-16T11:26:22.767+0500] {dagbag.py:540} INFO - Filling up the DagBag from /home/muhammadsami/Public/Projects/Airflow/DataPipelineswithApacheAirflow/.env/lib/python3.8/site-packages/airflow/example_dags/example_branch_operator.py
[2024-03-16T11:26:22.770+0500] {processor.py:842} WARNING - No viable dags retrieved from /home/muhammadsami/Public/Projects/Airflow/DataPipelineswithApacheAirflow/.env/lib/python3.8/site-packages/airflow/example_dags/example_branch_operator.py
[2024-03-16T11:26:22.778+0500] {processor.py:183} INFO - Processing /home/muhammadsami/Public/Projects/Airflow/DataPipelineswithApacheAirflow/.env/lib/python3.8/site-packages/airflow/example_dags/example_branch_operator.py took 0.028 seconds
[2024-03-16T11:27:16.186+0500] {processor.py:161} INFO - Started process (PID=18767) to work on /home/muhammadsami/Public/Projects/Airflow/DataPipelineswithApacheAirflow/.env/lib/python3.8/site-packages/airflow/example_dags/example_branch_operator.py
[2024-03-16T11:27:16.187+0500] {processor.py:830} INFO - Processing file /home/muhammadsami/Public/Projects/Airflow/DataPipelineswithApacheAirflow/.env/lib/python3.8/site-packages/airflow/example_dags/example_branch_operator.py for tasks to queue
[2024-03-16T11:27:16.188+0500] {logging_mixin.py:188} INFO - [2024-03-16T11:27:16.188+0500] {dagbag.py:540} INFO - Filling up the DagBag from /home/muhammadsami/Public/Projects/Airflow/DataPipelineswithApacheAirflow/.env/lib/python3.8/site-packages/airflow/example_dags/example_branch_operator.py
[2024-03-16T11:27:16.191+0500] {processor.py:842} WARNING - No viable dags retrieved from /home/muhammadsami/Public/Projects/Airflow/DataPipelineswithApacheAirflow/.env/lib/python3.8/site-packages/airflow/example_dags/example_branch_operator.py
[2024-03-16T11:27:16.201+0500] {processor.py:183} INFO - Processing /home/muhammadsami/Public/Projects/Airflow/DataPipelineswithApacheAirflow/.env/lib/python3.8/site-packages/airflow/example_dags/example_branch_operator.py took 0.019 seconds
[2024-03-16T11:28:24.207+0500] {processor.py:161} INFO - Started process (PID=18836) to work on /home/muhammadsami/Public/Projects/Airflow/DataPipelineswithApacheAirflow/.env/lib/python3.8/site-packages/airflow/example_dags/example_branch_operator.py
[2024-03-16T11:28:24.209+0500] {processor.py:830} INFO - Processing file /home/muhammadsami/Public/Projects/Airflow/DataPipelineswithApacheAirflow/.env/lib/python3.8/site-packages/airflow/example_dags/example_branch_operator.py for tasks to queue
[2024-03-16T11:28:24.210+0500] {logging_mixin.py:188} INFO - [2024-03-16T11:28:24.210+0500] {dagbag.py:540} INFO - Filling up the DagBag from /home/muhammadsami/Public/Projects/Airflow/DataPipelineswithApacheAirflow/.env/lib/python3.8/site-packages/airflow/example_dags/example_branch_operator.py
[2024-03-16T11:28:24.213+0500] {processor.py:842} WARNING - No viable dags retrieved from /home/muhammadsami/Public/Projects/Airflow/DataPipelineswithApacheAirflow/.env/lib/python3.8/site-packages/airflow/example_dags/example_branch_operator.py
[2024-03-16T11:28:24.222+0500] {processor.py:183} INFO - Processing /home/muhammadsami/Public/Projects/Airflow/DataPipelineswithApacheAirflow/.env/lib/python3.8/site-packages/airflow/example_dags/example_branch_operator.py took 0.017 seconds
[2024-03-16T11:29:38.599+0500] {processor.py:161} INFO - Started process (PID=18933) to work on /home/muhammadsami/Public/Projects/Airflow/DataPipelineswithApacheAirflow/.env/lib/python3.8/site-packages/airflow/example_dags/example_branch_operator.py
[2024-03-16T11:29:38.600+0500] {processor.py:830} INFO - Processing file /home/muhammadsami/Public/Projects/Airflow/DataPipelineswithApacheAirflow/.env/lib/python3.8/site-packages/airflow/example_dags/example_branch_operator.py for tasks to queue
[2024-03-16T11:29:38.601+0500] {logging_mixin.py:188} INFO - [2024-03-16T11:29:38.601+0500] {dagbag.py:540} INFO - Filling up the DagBag from /home/muhammadsami/Public/Projects/Airflow/DataPipelineswithApacheAirflow/.env/lib/python3.8/site-packages/airflow/example_dags/example_branch_operator.py
[2024-03-16T11:29:38.604+0500] {processor.py:842} WARNING - No viable dags retrieved from /home/muhammadsami/Public/Projects/Airflow/DataPipelineswithApacheAirflow/.env/lib/python3.8/site-packages/airflow/example_dags/example_branch_operator.py
[2024-03-16T11:29:38.614+0500] {processor.py:183} INFO - Processing /home/muhammadsami/Public/Projects/Airflow/DataPipelineswithApacheAirflow/.env/lib/python3.8/site-packages/airflow/example_dags/example_branch_operator.py took 0.018 seconds
[2024-03-16T11:30:28.961+0500] {processor.py:161} INFO - Started process (PID=18995) to work on /home/muhammadsami/Public/Projects/Airflow/DataPipelineswithApacheAirflow/.env/lib/python3.8/site-packages/airflow/example_dags/example_branch_operator.py
[2024-03-16T11:30:28.962+0500] {processor.py:830} INFO - Processing file /home/muhammadsami/Public/Projects/Airflow/DataPipelineswithApacheAirflow/.env/lib/python3.8/site-packages/airflow/example_dags/example_branch_operator.py for tasks to queue
[2024-03-16T11:30:28.963+0500] {logging_mixin.py:188} INFO - [2024-03-16T11:30:28.963+0500] {dagbag.py:540} INFO - Filling up the DagBag from /home/muhammadsami/Public/Projects/Airflow/DataPipelineswithApacheAirflow/.env/lib/python3.8/site-packages/airflow/example_dags/example_branch_operator.py
[2024-03-16T11:30:28.966+0500] {processor.py:842} WARNING - No viable dags retrieved from /home/muhammadsami/Public/Projects/Airflow/DataPipelineswithApacheAirflow/.env/lib/python3.8/site-packages/airflow/example_dags/example_branch_operator.py
[2024-03-16T11:30:28.975+0500] {processor.py:183} INFO - Processing /home/muhammadsami/Public/Projects/Airflow/DataPipelineswithApacheAirflow/.env/lib/python3.8/site-packages/airflow/example_dags/example_branch_operator.py took 0.017 seconds
[2024-03-16T11:39:16.378+0500] {processor.py:161} INFO - Started process (PID=19678) to work on /home/muhammadsami/Public/Projects/Airflow/DataPipelineswithApacheAirflow/.env/lib/python3.8/site-packages/airflow/example_dags/example_branch_operator.py
[2024-03-16T11:39:16.379+0500] {processor.py:830} INFO - Processing file /home/muhammadsami/Public/Projects/Airflow/DataPipelineswithApacheAirflow/.env/lib/python3.8/site-packages/airflow/example_dags/example_branch_operator.py for tasks to queue
[2024-03-16T11:39:16.380+0500] {logging_mixin.py:188} INFO - [2024-03-16T11:39:16.380+0500] {dagbag.py:540} INFO - Filling up the DagBag from /home/muhammadsami/Public/Projects/Airflow/DataPipelineswithApacheAirflow/.env/lib/python3.8/site-packages/airflow/example_dags/example_branch_operator.py
[2024-03-16T11:39:16.383+0500] {processor.py:842} WARNING - No viable dags retrieved from /home/muhammadsami/Public/Projects/Airflow/DataPipelineswithApacheAirflow/.env/lib/python3.8/site-packages/airflow/example_dags/example_branch_operator.py
[2024-03-16T11:39:16.391+0500] {processor.py:183} INFO - Processing /home/muhammadsami/Public/Projects/Airflow/DataPipelineswithApacheAirflow/.env/lib/python3.8/site-packages/airflow/example_dags/example_branch_operator.py took 0.015 seconds
[2024-03-16T11:40:23.881+0500] {processor.py:161} INFO - Started process (PID=19953) to work on /home/muhammadsami/Public/Projects/Airflow/DataPipelineswithApacheAirflow/.env/lib/python3.8/site-packages/airflow/example_dags/example_branch_operator.py
[2024-03-16T11:40:23.887+0500] {processor.py:830} INFO - Processing file /home/muhammadsami/Public/Projects/Airflow/DataPipelineswithApacheAirflow/.env/lib/python3.8/site-packages/airflow/example_dags/example_branch_operator.py for tasks to queue
[2024-03-16T11:40:23.888+0500] {logging_mixin.py:188} INFO - [2024-03-16T11:40:23.887+0500] {dagbag.py:540} INFO - Filling up the DagBag from /home/muhammadsami/Public/Projects/Airflow/DataPipelineswithApacheAirflow/.env/lib/python3.8/site-packages/airflow/example_dags/example_branch_operator.py
[2024-03-16T11:40:23.890+0500] {processor.py:842} WARNING - No viable dags retrieved from /home/muhammadsami/Public/Projects/Airflow/DataPipelineswithApacheAirflow/.env/lib/python3.8/site-packages/airflow/example_dags/example_branch_operator.py
[2024-03-16T11:40:23.899+0500] {processor.py:183} INFO - Processing /home/muhammadsami/Public/Projects/Airflow/DataPipelineswithApacheAirflow/.env/lib/python3.8/site-packages/airflow/example_dags/example_branch_operator.py took 0.020 seconds
[2024-03-16T11:41:42.690+0500] {processor.py:161} INFO - Started process (PID=20203) to work on /home/muhammadsami/Public/Projects/Airflow/DataPipelineswithApacheAirflow/.env/lib/python3.8/site-packages/airflow/example_dags/example_branch_operator.py
[2024-03-16T11:41:42.691+0500] {processor.py:830} INFO - Processing file /home/muhammadsami/Public/Projects/Airflow/DataPipelineswithApacheAirflow/.env/lib/python3.8/site-packages/airflow/example_dags/example_branch_operator.py for tasks to queue
[2024-03-16T11:41:42.692+0500] {logging_mixin.py:188} INFO - [2024-03-16T11:41:42.692+0500] {dagbag.py:540} INFO - Filling up the DagBag from /home/muhammadsami/Public/Projects/Airflow/DataPipelineswithApacheAirflow/.env/lib/python3.8/site-packages/airflow/example_dags/example_branch_operator.py
[2024-03-16T11:41:42.695+0500] {processor.py:842} WARNING - No viable dags retrieved from /home/muhammadsami/Public/Projects/Airflow/DataPipelineswithApacheAirflow/.env/lib/python3.8/site-packages/airflow/example_dags/example_branch_operator.py
[2024-03-16T11:41:42.703+0500] {processor.py:183} INFO - Processing /home/muhammadsami/Public/Projects/Airflow/DataPipelineswithApacheAirflow/.env/lib/python3.8/site-packages/airflow/example_dags/example_branch_operator.py took 0.015 seconds
[2024-03-16T11:42:36.386+0500] {processor.py:161} INFO - Started process (PID=20266) to work on /home/muhammadsami/Public/Projects/Airflow/DataPipelineswithApacheAirflow/.env/lib/python3.8/site-packages/airflow/example_dags/example_branch_operator.py
[2024-03-16T11:42:36.539+0500] {processor.py:830} INFO - Processing file /home/muhammadsami/Public/Projects/Airflow/DataPipelineswithApacheAirflow/.env/lib/python3.8/site-packages/airflow/example_dags/example_branch_operator.py for tasks to queue
[2024-03-16T11:42:36.541+0500] {logging_mixin.py:188} INFO - [2024-03-16T11:42:36.540+0500] {dagbag.py:540} INFO - Filling up the DagBag from /home/muhammadsami/Public/Projects/Airflow/DataPipelineswithApacheAirflow/.env/lib/python3.8/site-packages/airflow/example_dags/example_branch_operator.py
[2024-03-16T11:42:36.546+0500] {processor.py:842} WARNING - No viable dags retrieved from /home/muhammadsami/Public/Projects/Airflow/DataPipelineswithApacheAirflow/.env/lib/python3.8/site-packages/airflow/example_dags/example_branch_operator.py
[2024-03-16T11:42:36.555+0500] {processor.py:183} INFO - Processing /home/muhammadsami/Public/Projects/Airflow/DataPipelineswithApacheAirflow/.env/lib/python3.8/site-packages/airflow/example_dags/example_branch_operator.py took 0.172 seconds
[2024-03-16T11:43:30.779+0500] {processor.py:161} INFO - Started process (PID=20350) to work on /home/muhammadsami/Public/Projects/Airflow/DataPipelineswithApacheAirflow/.env/lib/python3.8/site-packages/airflow/example_dags/example_branch_operator.py
[2024-03-16T11:43:30.788+0500] {processor.py:830} INFO - Processing file /home/muhammadsami/Public/Projects/Airflow/DataPipelineswithApacheAirflow/.env/lib/python3.8/site-packages/airflow/example_dags/example_branch_operator.py for tasks to queue
[2024-03-16T11:43:30.789+0500] {logging_mixin.py:188} INFO - [2024-03-16T11:43:30.789+0500] {dagbag.py:540} INFO - Filling up the DagBag from /home/muhammadsami/Public/Projects/Airflow/DataPipelineswithApacheAirflow/.env/lib/python3.8/site-packages/airflow/example_dags/example_branch_operator.py
[2024-03-16T11:43:30.792+0500] {processor.py:842} WARNING - No viable dags retrieved from /home/muhammadsami/Public/Projects/Airflow/DataPipelineswithApacheAirflow/.env/lib/python3.8/site-packages/airflow/example_dags/example_branch_operator.py
[2024-03-16T11:43:30.801+0500] {processor.py:183} INFO - Processing /home/muhammadsami/Public/Projects/Airflow/DataPipelineswithApacheAirflow/.env/lib/python3.8/site-packages/airflow/example_dags/example_branch_operator.py took 0.025 seconds
[2024-03-16T11:44:43.491+0500] {processor.py:161} INFO - Started process (PID=20458) to work on /home/muhammadsami/Public/Projects/Airflow/DataPipelineswithApacheAirflow/.env/lib/python3.8/site-packages/airflow/example_dags/example_branch_operator.py
[2024-03-16T11:44:43.493+0500] {processor.py:830} INFO - Processing file /home/muhammadsami/Public/Projects/Airflow/DataPipelineswithApacheAirflow/.env/lib/python3.8/site-packages/airflow/example_dags/example_branch_operator.py for tasks to queue
[2024-03-16T11:44:43.494+0500] {logging_mixin.py:188} INFO - [2024-03-16T11:44:43.493+0500] {dagbag.py:540} INFO - Filling up the DagBag from /home/muhammadsami/Public/Projects/Airflow/DataPipelineswithApacheAirflow/.env/lib/python3.8/site-packages/airflow/example_dags/example_branch_operator.py
[2024-03-16T11:44:43.496+0500] {processor.py:842} WARNING - No viable dags retrieved from /home/muhammadsami/Public/Projects/Airflow/DataPipelineswithApacheAirflow/.env/lib/python3.8/site-packages/airflow/example_dags/example_branch_operator.py
[2024-03-16T11:44:43.505+0500] {processor.py:183} INFO - Processing /home/muhammadsami/Public/Projects/Airflow/DataPipelineswithApacheAirflow/.env/lib/python3.8/site-packages/airflow/example_dags/example_branch_operator.py took 0.016 seconds
[2024-03-16T11:45:55.630+0500] {processor.py:161} INFO - Started process (PID=20843) to work on /home/muhammadsami/Public/Projects/Airflow/DataPipelineswithApacheAirflow/.env/lib/python3.8/site-packages/airflow/example_dags/example_branch_operator.py
[2024-03-16T11:45:55.632+0500] {processor.py:830} INFO - Processing file /home/muhammadsami/Public/Projects/Airflow/DataPipelineswithApacheAirflow/.env/lib/python3.8/site-packages/airflow/example_dags/example_branch_operator.py for tasks to queue
[2024-03-16T11:45:55.633+0500] {logging_mixin.py:188} INFO - [2024-03-16T11:45:55.632+0500] {dagbag.py:540} INFO - Filling up the DagBag from /home/muhammadsami/Public/Projects/Airflow/DataPipelineswithApacheAirflow/.env/lib/python3.8/site-packages/airflow/example_dags/example_branch_operator.py
[2024-03-16T11:45:55.635+0500] {processor.py:842} WARNING - No viable dags retrieved from /home/muhammadsami/Public/Projects/Airflow/DataPipelineswithApacheAirflow/.env/lib/python3.8/site-packages/airflow/example_dags/example_branch_operator.py
[2024-03-16T11:45:55.647+0500] {processor.py:183} INFO - Processing /home/muhammadsami/Public/Projects/Airflow/DataPipelineswithApacheAirflow/.env/lib/python3.8/site-packages/airflow/example_dags/example_branch_operator.py took 0.020 seconds
[2024-03-16T11:46:49.759+0500] {processor.py:161} INFO - Started process (PID=20902) to work on /home/muhammadsami/Public/Projects/Airflow/DataPipelineswithApacheAirflow/.env/lib/python3.8/site-packages/airflow/example_dags/example_branch_operator.py
[2024-03-16T11:46:49.773+0500] {processor.py:830} INFO - Processing file /home/muhammadsami/Public/Projects/Airflow/DataPipelineswithApacheAirflow/.env/lib/python3.8/site-packages/airflow/example_dags/example_branch_operator.py for tasks to queue
[2024-03-16T11:46:49.774+0500] {logging_mixin.py:188} INFO - [2024-03-16T11:46:49.774+0500] {dagbag.py:540} INFO - Filling up the DagBag from /home/muhammadsami/Public/Projects/Airflow/DataPipelineswithApacheAirflow/.env/lib/python3.8/site-packages/airflow/example_dags/example_branch_operator.py
[2024-03-16T11:46:49.776+0500] {processor.py:842} WARNING - No viable dags retrieved from /home/muhammadsami/Public/Projects/Airflow/DataPipelineswithApacheAirflow/.env/lib/python3.8/site-packages/airflow/example_dags/example_branch_operator.py
[2024-03-16T11:46:49.785+0500] {processor.py:183} INFO - Processing /home/muhammadsami/Public/Projects/Airflow/DataPipelineswithApacheAirflow/.env/lib/python3.8/site-packages/airflow/example_dags/example_branch_operator.py took 0.029 seconds
[2024-03-16T11:48:05.721+0500] {processor.py:161} INFO - Started process (PID=21003) to work on /home/muhammadsami/Public/Projects/Airflow/DataPipelineswithApacheAirflow/.env/lib/python3.8/site-packages/airflow/example_dags/example_branch_operator.py
[2024-03-16T11:48:05.731+0500] {processor.py:830} INFO - Processing file /home/muhammadsami/Public/Projects/Airflow/DataPipelineswithApacheAirflow/.env/lib/python3.8/site-packages/airflow/example_dags/example_branch_operator.py for tasks to queue
[2024-03-16T11:48:05.732+0500] {logging_mixin.py:188} INFO - [2024-03-16T11:48:05.731+0500] {dagbag.py:540} INFO - Filling up the DagBag from /home/muhammadsami/Public/Projects/Airflow/DataPipelineswithApacheAirflow/.env/lib/python3.8/site-packages/airflow/example_dags/example_branch_operator.py
[2024-03-16T11:48:05.734+0500] {processor.py:842} WARNING - No viable dags retrieved from /home/muhammadsami/Public/Projects/Airflow/DataPipelineswithApacheAirflow/.env/lib/python3.8/site-packages/airflow/example_dags/example_branch_operator.py
[2024-03-16T11:48:05.742+0500] {processor.py:183} INFO - Processing /home/muhammadsami/Public/Projects/Airflow/DataPipelineswithApacheAirflow/.env/lib/python3.8/site-packages/airflow/example_dags/example_branch_operator.py took 0.024 seconds
[2024-03-16T11:49:16.591+0500] {processor.py:161} INFO - Started process (PID=21100) to work on /home/muhammadsami/Public/Projects/Airflow/DataPipelineswithApacheAirflow/.env/lib/python3.8/site-packages/airflow/example_dags/example_branch_operator.py
[2024-03-16T11:49:16.607+0500] {processor.py:830} INFO - Processing file /home/muhammadsami/Public/Projects/Airflow/DataPipelineswithApacheAirflow/.env/lib/python3.8/site-packages/airflow/example_dags/example_branch_operator.py for tasks to queue
[2024-03-16T11:49:16.608+0500] {logging_mixin.py:188} INFO - [2024-03-16T11:49:16.608+0500] {dagbag.py:540} INFO - Filling up the DagBag from /home/muhammadsami/Public/Projects/Airflow/DataPipelineswithApacheAirflow/.env/lib/python3.8/site-packages/airflow/example_dags/example_branch_operator.py
[2024-03-16T11:49:16.610+0500] {processor.py:842} WARNING - No viable dags retrieved from /home/muhammadsami/Public/Projects/Airflow/DataPipelineswithApacheAirflow/.env/lib/python3.8/site-packages/airflow/example_dags/example_branch_operator.py
[2024-03-16T11:49:16.619+0500] {processor.py:183} INFO - Processing /home/muhammadsami/Public/Projects/Airflow/DataPipelineswithApacheAirflow/.env/lib/python3.8/site-packages/airflow/example_dags/example_branch_operator.py took 0.030 seconds
[2024-03-16T11:50:29.992+0500] {processor.py:161} INFO - Started process (PID=21171) to work on /home/muhammadsami/Public/Projects/Airflow/DataPipelineswithApacheAirflow/.env/lib/python3.8/site-packages/airflow/example_dags/example_branch_operator.py
[2024-03-16T11:50:30.008+0500] {processor.py:830} INFO - Processing file /home/muhammadsami/Public/Projects/Airflow/DataPipelineswithApacheAirflow/.env/lib/python3.8/site-packages/airflow/example_dags/example_branch_operator.py for tasks to queue
[2024-03-16T11:50:30.009+0500] {logging_mixin.py:188} INFO - [2024-03-16T11:50:30.009+0500] {dagbag.py:540} INFO - Filling up the DagBag from /home/muhammadsami/Public/Projects/Airflow/DataPipelineswithApacheAirflow/.env/lib/python3.8/site-packages/airflow/example_dags/example_branch_operator.py
[2024-03-16T11:50:30.012+0500] {processor.py:842} WARNING - No viable dags retrieved from /home/muhammadsami/Public/Projects/Airflow/DataPipelineswithApacheAirflow/.env/lib/python3.8/site-packages/airflow/example_dags/example_branch_operator.py
[2024-03-16T11:50:30.020+0500] {processor.py:183} INFO - Processing /home/muhammadsami/Public/Projects/Airflow/DataPipelineswithApacheAirflow/.env/lib/python3.8/site-packages/airflow/example_dags/example_branch_operator.py took 0.031 seconds
[2024-03-16T11:51:48.085+0500] {processor.py:161} INFO - Started process (PID=21329) to work on /home/muhammadsami/Public/Projects/Airflow/DataPipelineswithApacheAirflow/.env/lib/python3.8/site-packages/airflow/example_dags/example_branch_operator.py
[2024-03-16T11:51:48.096+0500] {processor.py:830} INFO - Processing file /home/muhammadsami/Public/Projects/Airflow/DataPipelineswithApacheAirflow/.env/lib/python3.8/site-packages/airflow/example_dags/example_branch_operator.py for tasks to queue
[2024-03-16T11:51:48.097+0500] {logging_mixin.py:188} INFO - [2024-03-16T11:51:48.097+0500] {dagbag.py:540} INFO - Filling up the DagBag from /home/muhammadsami/Public/Projects/Airflow/DataPipelineswithApacheAirflow/.env/lib/python3.8/site-packages/airflow/example_dags/example_branch_operator.py
[2024-03-16T11:51:48.100+0500] {processor.py:842} WARNING - No viable dags retrieved from /home/muhammadsami/Public/Projects/Airflow/DataPipelineswithApacheAirflow/.env/lib/python3.8/site-packages/airflow/example_dags/example_branch_operator.py
[2024-03-16T11:51:48.109+0500] {processor.py:183} INFO - Processing /home/muhammadsami/Public/Projects/Airflow/DataPipelineswithApacheAirflow/.env/lib/python3.8/site-packages/airflow/example_dags/example_branch_operator.py took 0.026 seconds
[2024-03-16T11:53:06.589+0500] {processor.py:161} INFO - Started process (PID=21520) to work on /home/muhammadsami/Public/Projects/Airflow/DataPipelineswithApacheAirflow/.env/lib/python3.8/site-packages/airflow/example_dags/example_branch_operator.py
[2024-03-16T11:53:06.590+0500] {processor.py:830} INFO - Processing file /home/muhammadsami/Public/Projects/Airflow/DataPipelineswithApacheAirflow/.env/lib/python3.8/site-packages/airflow/example_dags/example_branch_operator.py for tasks to queue
[2024-03-16T11:53:06.591+0500] {logging_mixin.py:188} INFO - [2024-03-16T11:53:06.591+0500] {dagbag.py:540} INFO - Filling up the DagBag from /home/muhammadsami/Public/Projects/Airflow/DataPipelineswithApacheAirflow/.env/lib/python3.8/site-packages/airflow/example_dags/example_branch_operator.py
[2024-03-16T11:53:06.594+0500] {processor.py:842} WARNING - No viable dags retrieved from /home/muhammadsami/Public/Projects/Airflow/DataPipelineswithApacheAirflow/.env/lib/python3.8/site-packages/airflow/example_dags/example_branch_operator.py
[2024-03-16T11:53:06.604+0500] {processor.py:183} INFO - Processing /home/muhammadsami/Public/Projects/Airflow/DataPipelineswithApacheAirflow/.env/lib/python3.8/site-packages/airflow/example_dags/example_branch_operator.py took 0.018 seconds
[2024-03-16T11:53:59.029+0500] {processor.py:161} INFO - Started process (PID=21640) to work on /home/muhammadsami/Public/Projects/Airflow/DataPipelineswithApacheAirflow/.env/lib/python3.8/site-packages/airflow/example_dags/example_branch_operator.py
[2024-03-16T11:53:59.031+0500] {processor.py:830} INFO - Processing file /home/muhammadsami/Public/Projects/Airflow/DataPipelineswithApacheAirflow/.env/lib/python3.8/site-packages/airflow/example_dags/example_branch_operator.py for tasks to queue
[2024-03-16T11:53:59.032+0500] {logging_mixin.py:188} INFO - [2024-03-16T11:53:59.031+0500] {dagbag.py:540} INFO - Filling up the DagBag from /home/muhammadsami/Public/Projects/Airflow/DataPipelineswithApacheAirflow/.env/lib/python3.8/site-packages/airflow/example_dags/example_branch_operator.py
[2024-03-16T11:53:59.035+0500] {processor.py:842} WARNING - No viable dags retrieved from /home/muhammadsami/Public/Projects/Airflow/DataPipelineswithApacheAirflow/.env/lib/python3.8/site-packages/airflow/example_dags/example_branch_operator.py
[2024-03-16T11:53:59.049+0500] {processor.py:183} INFO - Processing /home/muhammadsami/Public/Projects/Airflow/DataPipelineswithApacheAirflow/.env/lib/python3.8/site-packages/airflow/example_dags/example_branch_operator.py took 0.024 seconds
[2024-03-16T11:55:13.014+0500] {processor.py:161} INFO - Started process (PID=21833) to work on /home/muhammadsami/Public/Projects/Airflow/DataPipelineswithApacheAirflow/.env/lib/python3.8/site-packages/airflow/example_dags/example_branch_operator.py
[2024-03-16T11:55:13.029+0500] {processor.py:830} INFO - Processing file /home/muhammadsami/Public/Projects/Airflow/DataPipelineswithApacheAirflow/.env/lib/python3.8/site-packages/airflow/example_dags/example_branch_operator.py for tasks to queue
[2024-03-16T11:55:13.030+0500] {logging_mixin.py:188} INFO - [2024-03-16T11:55:13.030+0500] {dagbag.py:540} INFO - Filling up the DagBag from /home/muhammadsami/Public/Projects/Airflow/DataPipelineswithApacheAirflow/.env/lib/python3.8/site-packages/airflow/example_dags/example_branch_operator.py
[2024-03-16T11:55:13.033+0500] {processor.py:842} WARNING - No viable dags retrieved from /home/muhammadsami/Public/Projects/Airflow/DataPipelineswithApacheAirflow/.env/lib/python3.8/site-packages/airflow/example_dags/example_branch_operator.py
[2024-03-16T11:55:13.042+0500] {processor.py:183} INFO - Processing /home/muhammadsami/Public/Projects/Airflow/DataPipelineswithApacheAirflow/.env/lib/python3.8/site-packages/airflow/example_dags/example_branch_operator.py took 0.031 seconds
[2024-03-16T11:56:29.289+0500] {processor.py:161} INFO - Started process (PID=21948) to work on /home/muhammadsami/Public/Projects/Airflow/DataPipelineswithApacheAirflow/.env/lib/python3.8/site-packages/airflow/example_dags/example_branch_operator.py
[2024-03-16T11:56:29.290+0500] {processor.py:830} INFO - Processing file /home/muhammadsami/Public/Projects/Airflow/DataPipelineswithApacheAirflow/.env/lib/python3.8/site-packages/airflow/example_dags/example_branch_operator.py for tasks to queue
[2024-03-16T11:56:29.291+0500] {logging_mixin.py:188} INFO - [2024-03-16T11:56:29.291+0500] {dagbag.py:540} INFO - Filling up the DagBag from /home/muhammadsami/Public/Projects/Airflow/DataPipelineswithApacheAirflow/.env/lib/python3.8/site-packages/airflow/example_dags/example_branch_operator.py
[2024-03-16T11:56:29.293+0500] {processor.py:842} WARNING - No viable dags retrieved from /home/muhammadsami/Public/Projects/Airflow/DataPipelineswithApacheAirflow/.env/lib/python3.8/site-packages/airflow/example_dags/example_branch_operator.py
[2024-03-16T11:56:29.304+0500] {processor.py:183} INFO - Processing /home/muhammadsami/Public/Projects/Airflow/DataPipelineswithApacheAirflow/.env/lib/python3.8/site-packages/airflow/example_dags/example_branch_operator.py took 0.018 seconds
[2024-03-16T11:57:45.912+0500] {processor.py:161} INFO - Started process (PID=22025) to work on /home/muhammadsami/Public/Projects/Airflow/DataPipelineswithApacheAirflow/.env/lib/python3.8/site-packages/airflow/example_dags/example_branch_operator.py
[2024-03-16T11:57:45.928+0500] {processor.py:830} INFO - Processing file /home/muhammadsami/Public/Projects/Airflow/DataPipelineswithApacheAirflow/.env/lib/python3.8/site-packages/airflow/example_dags/example_branch_operator.py for tasks to queue
[2024-03-16T11:57:45.929+0500] {logging_mixin.py:188} INFO - [2024-03-16T11:57:45.929+0500] {dagbag.py:540} INFO - Filling up the DagBag from /home/muhammadsami/Public/Projects/Airflow/DataPipelineswithApacheAirflow/.env/lib/python3.8/site-packages/airflow/example_dags/example_branch_operator.py
[2024-03-16T11:57:45.931+0500] {processor.py:842} WARNING - No viable dags retrieved from /home/muhammadsami/Public/Projects/Airflow/DataPipelineswithApacheAirflow/.env/lib/python3.8/site-packages/airflow/example_dags/example_branch_operator.py
[2024-03-16T11:57:45.940+0500] {processor.py:183} INFO - Processing /home/muhammadsami/Public/Projects/Airflow/DataPipelineswithApacheAirflow/.env/lib/python3.8/site-packages/airflow/example_dags/example_branch_operator.py took 0.030 seconds
[2024-03-16T11:58:37.628+0500] {processor.py:161} INFO - Started process (PID=22129) to work on /home/muhammadsami/Public/Projects/Airflow/DataPipelineswithApacheAirflow/.env/lib/python3.8/site-packages/airflow/example_dags/example_branch_operator.py
[2024-03-16T11:58:37.635+0500] {processor.py:830} INFO - Processing file /home/muhammadsami/Public/Projects/Airflow/DataPipelineswithApacheAirflow/.env/lib/python3.8/site-packages/airflow/example_dags/example_branch_operator.py for tasks to queue
[2024-03-16T11:58:37.636+0500] {logging_mixin.py:188} INFO - [2024-03-16T11:58:37.635+0500] {dagbag.py:540} INFO - Filling up the DagBag from /home/muhammadsami/Public/Projects/Airflow/DataPipelineswithApacheAirflow/.env/lib/python3.8/site-packages/airflow/example_dags/example_branch_operator.py
[2024-03-16T11:58:37.638+0500] {processor.py:842} WARNING - No viable dags retrieved from /home/muhammadsami/Public/Projects/Airflow/DataPipelineswithApacheAirflow/.env/lib/python3.8/site-packages/airflow/example_dags/example_branch_operator.py
[2024-03-16T11:58:37.646+0500] {processor.py:183} INFO - Processing /home/muhammadsami/Public/Projects/Airflow/DataPipelineswithApacheAirflow/.env/lib/python3.8/site-packages/airflow/example_dags/example_branch_operator.py took 0.021 seconds
[2024-03-16T11:59:52.142+0500] {processor.py:161} INFO - Started process (PID=22296) to work on /home/muhammadsami/Public/Projects/Airflow/DataPipelineswithApacheAirflow/.env/lib/python3.8/site-packages/airflow/example_dags/example_branch_operator.py
[2024-03-16T11:59:52.157+0500] {processor.py:830} INFO - Processing file /home/muhammadsami/Public/Projects/Airflow/DataPipelineswithApacheAirflow/.env/lib/python3.8/site-packages/airflow/example_dags/example_branch_operator.py for tasks to queue
[2024-03-16T11:59:52.158+0500] {logging_mixin.py:188} INFO - [2024-03-16T11:59:52.158+0500] {dagbag.py:540} INFO - Filling up the DagBag from /home/muhammadsami/Public/Projects/Airflow/DataPipelineswithApacheAirflow/.env/lib/python3.8/site-packages/airflow/example_dags/example_branch_operator.py
[2024-03-16T11:59:52.161+0500] {processor.py:842} WARNING - No viable dags retrieved from /home/muhammadsami/Public/Projects/Airflow/DataPipelineswithApacheAirflow/.env/lib/python3.8/site-packages/airflow/example_dags/example_branch_operator.py
[2024-03-16T11:59:52.169+0500] {processor.py:183} INFO - Processing /home/muhammadsami/Public/Projects/Airflow/DataPipelineswithApacheAirflow/.env/lib/python3.8/site-packages/airflow/example_dags/example_branch_operator.py took 0.030 seconds
[2024-03-16T12:00:45.981+0500] {processor.py:161} INFO - Started process (PID=22347) to work on /home/muhammadsami/Public/Projects/Airflow/DataPipelineswithApacheAirflow/.env/lib/python3.8/site-packages/airflow/example_dags/example_branch_operator.py
[2024-03-16T12:00:46.000+0500] {processor.py:830} INFO - Processing file /home/muhammadsami/Public/Projects/Airflow/DataPipelineswithApacheAirflow/.env/lib/python3.8/site-packages/airflow/example_dags/example_branch_operator.py for tasks to queue
[2024-03-16T12:00:46.001+0500] {logging_mixin.py:188} INFO - [2024-03-16T12:00:46.001+0500] {dagbag.py:540} INFO - Filling up the DagBag from /home/muhammadsami/Public/Projects/Airflow/DataPipelineswithApacheAirflow/.env/lib/python3.8/site-packages/airflow/example_dags/example_branch_operator.py
[2024-03-16T12:00:46.004+0500] {processor.py:842} WARNING - No viable dags retrieved from /home/muhammadsami/Public/Projects/Airflow/DataPipelineswithApacheAirflow/.env/lib/python3.8/site-packages/airflow/example_dags/example_branch_operator.py
[2024-03-16T12:00:46.012+0500] {processor.py:183} INFO - Processing /home/muhammadsami/Public/Projects/Airflow/DataPipelineswithApacheAirflow/.env/lib/python3.8/site-packages/airflow/example_dags/example_branch_operator.py took 0.034 seconds
[2024-03-16T12:01:39.253+0500] {processor.py:161} INFO - Started process (PID=22398) to work on /home/muhammadsami/Public/Projects/Airflow/DataPipelineswithApacheAirflow/.env/lib/python3.8/site-packages/airflow/example_dags/example_branch_operator.py
[2024-03-16T12:01:39.265+0500] {processor.py:830} INFO - Processing file /home/muhammadsami/Public/Projects/Airflow/DataPipelineswithApacheAirflow/.env/lib/python3.8/site-packages/airflow/example_dags/example_branch_operator.py for tasks to queue
[2024-03-16T12:01:39.266+0500] {logging_mixin.py:188} INFO - [2024-03-16T12:01:39.266+0500] {dagbag.py:540} INFO - Filling up the DagBag from /home/muhammadsami/Public/Projects/Airflow/DataPipelineswithApacheAirflow/.env/lib/python3.8/site-packages/airflow/example_dags/example_branch_operator.py
[2024-03-16T12:01:39.269+0500] {processor.py:842} WARNING - No viable dags retrieved from /home/muhammadsami/Public/Projects/Airflow/DataPipelineswithApacheAirflow/.env/lib/python3.8/site-packages/airflow/example_dags/example_branch_operator.py
[2024-03-16T12:01:39.277+0500] {processor.py:183} INFO - Processing /home/muhammadsami/Public/Projects/Airflow/DataPipelineswithApacheAirflow/.env/lib/python3.8/site-packages/airflow/example_dags/example_branch_operator.py took 0.026 seconds
