[2024-03-16T11:22:30.654+0500] {processor.py:161} INFO - Started process (PID=18061) to work on /home/muhammadsami/Public/Projects/Airflow/DataPipelineswithApacheAirflow/.env/lib/python3.8/site-packages/airflow/example_dags/example_python_operator.py
[2024-03-16T11:22:30.655+0500] {processor.py:830} INFO - Processing file /home/muhammadsami/Public/Projects/Airflow/DataPipelineswithApacheAirflow/.env/lib/python3.8/site-packages/airflow/example_dags/example_python_operator.py for tasks to queue
[2024-03-16T11:22:30.656+0500] {logging_mixin.py:188} INFO - [2024-03-16T11:22:30.656+0500] {dagbag.py:540} INFO - Filling up the DagBag from /home/muhammadsami/Public/Projects/Airflow/DataPipelineswithApacheAirflow/.env/lib/python3.8/site-packages/airflow/example_dags/example_python_operator.py
[2024-03-16T11:22:30.662+0500] {logging_mixin.py:188} INFO - [2024-03-16T11:22:30.662+0500] {example_python_operator.py:88} WARNING - The virtalenv_python example task requires virtualenv, please install it.
[2024-03-16T11:22:30.663+0500] {processor.py:840} INFO - DAG(s) 'example_python_operator' retrieved from /home/muhammadsami/Public/Projects/Airflow/DataPipelineswithApacheAirflow/.env/lib/python3.8/site-packages/airflow/example_dags/example_python_operator.py
[2024-03-16T11:22:30.971+0500] {logging_mixin.py:188} INFO - [2024-03-16T11:22:30.971+0500] {override.py:1769} INFO - Created Permission View: can edit on DAG:example_python_operator
[2024-03-16T11:22:31.070+0500] {logging_mixin.py:188} INFO - [2024-03-16T11:22:31.070+0500] {override.py:1769} INFO - Created Permission View: can delete on DAG:example_python_operator
[2024-03-16T11:22:31.177+0500] {logging_mixin.py:188} INFO - [2024-03-16T11:22:31.177+0500] {override.py:1769} INFO - Created Permission View: can read on DAG:example_python_operator
[2024-03-16T11:22:31.178+0500] {logging_mixin.py:188} INFO - [2024-03-16T11:22:31.178+0500] {dag.py:3047} INFO - Sync 1 DAGs
[2024-03-16T11:22:31.284+0500] {logging_mixin.py:188} INFO - [2024-03-16T11:22:31.284+0500] {dag.py:3069} INFO - Creating ORM DAG for example_python_operator
[2024-03-16T11:22:31.285+0500] {logging_mixin.py:188} INFO - [2024-03-16T11:22:31.285+0500] {dag.py:3834} INFO - Setting next_dagrun for example_python_operator to None, run_after=None
[2024-03-16T11:22:31.485+0500] {processor.py:183} INFO - Processing /home/muhammadsami/Public/Projects/Airflow/DataPipelineswithApacheAirflow/.env/lib/python3.8/site-packages/airflow/example_dags/example_python_operator.py took 0.833 seconds
[2024-03-16T11:23:59.592+0500] {processor.py:161} INFO - Started process (PID=18451) to work on /home/muhammadsami/Public/Projects/Airflow/DataPipelineswithApacheAirflow/.env/lib/python3.8/site-packages/airflow/example_dags/example_python_operator.py
[2024-03-16T11:23:59.607+0500] {processor.py:830} INFO - Processing file /home/muhammadsami/Public/Projects/Airflow/DataPipelineswithApacheAirflow/.env/lib/python3.8/site-packages/airflow/example_dags/example_python_operator.py for tasks to queue
[2024-03-16T11:23:59.608+0500] {logging_mixin.py:188} INFO - [2024-03-16T11:23:59.608+0500] {dagbag.py:540} INFO - Filling up the DagBag from /home/muhammadsami/Public/Projects/Airflow/DataPipelineswithApacheAirflow/.env/lib/python3.8/site-packages/airflow/example_dags/example_python_operator.py
[2024-03-16T11:23:59.613+0500] {logging_mixin.py:188} INFO - [2024-03-16T11:23:59.613+0500] {example_python_operator.py:88} WARNING - The virtalenv_python example task requires virtualenv, please install it.
[2024-03-16T11:23:59.614+0500] {processor.py:840} INFO - DAG(s) 'example_python_operator' retrieved from /home/muhammadsami/Public/Projects/Airflow/DataPipelineswithApacheAirflow/.env/lib/python3.8/site-packages/airflow/example_dags/example_python_operator.py
[2024-03-16T11:23:59.627+0500] {logging_mixin.py:188} INFO - [2024-03-16T11:23:59.627+0500] {dag.py:3047} INFO - Sync 1 DAGs
[2024-03-16T11:23:59.637+0500] {logging_mixin.py:188} INFO - [2024-03-16T11:23:59.636+0500] {dag.py:3834} INFO - Setting next_dagrun for example_python_operator to None, run_after=None
[2024-03-16T11:23:59.730+0500] {processor.py:183} INFO - Processing /home/muhammadsami/Public/Projects/Airflow/DataPipelineswithApacheAirflow/.env/lib/python3.8/site-packages/airflow/example_dags/example_python_operator.py took 0.140 seconds
[2024-03-16T11:24:55.921+0500] {processor.py:161} INFO - Started process (PID=18583) to work on /home/muhammadsami/Public/Projects/Airflow/DataPipelineswithApacheAirflow/.env/lib/python3.8/site-packages/airflow/example_dags/example_python_operator.py
[2024-03-16T11:24:55.923+0500] {processor.py:830} INFO - Processing file /home/muhammadsami/Public/Projects/Airflow/DataPipelineswithApacheAirflow/.env/lib/python3.8/site-packages/airflow/example_dags/example_python_operator.py for tasks to queue
[2024-03-16T11:24:55.923+0500] {logging_mixin.py:188} INFO - [2024-03-16T11:24:55.923+0500] {dagbag.py:540} INFO - Filling up the DagBag from /home/muhammadsami/Public/Projects/Airflow/DataPipelineswithApacheAirflow/.env/lib/python3.8/site-packages/airflow/example_dags/example_python_operator.py
[2024-03-16T11:24:55.930+0500] {logging_mixin.py:188} INFO - [2024-03-16T11:24:55.930+0500] {example_python_operator.py:88} WARNING - The virtalenv_python example task requires virtualenv, please install it.
[2024-03-16T11:24:55.931+0500] {processor.py:840} INFO - DAG(s) 'example_python_operator' retrieved from /home/muhammadsami/Public/Projects/Airflow/DataPipelineswithApacheAirflow/.env/lib/python3.8/site-packages/airflow/example_dags/example_python_operator.py
[2024-03-16T11:24:55.944+0500] {logging_mixin.py:188} INFO - [2024-03-16T11:24:55.944+0500] {dag.py:3047} INFO - Sync 1 DAGs
[2024-03-16T11:24:55.958+0500] {logging_mixin.py:188} INFO - [2024-03-16T11:24:55.958+0500] {dag.py:3834} INFO - Setting next_dagrun for example_python_operator to None, run_after=None
[2024-03-16T11:24:56.051+0500] {processor.py:183} INFO - Processing /home/muhammadsami/Public/Projects/Airflow/DataPipelineswithApacheAirflow/.env/lib/python3.8/site-packages/airflow/example_dags/example_python_operator.py took 0.133 seconds
[2024-03-16T11:25:47.075+0500] {processor.py:161} INFO - Started process (PID=18649) to work on /home/muhammadsami/Public/Projects/Airflow/DataPipelineswithApacheAirflow/.env/lib/python3.8/site-packages/airflow/example_dags/example_python_operator.py
[2024-03-16T11:25:47.077+0500] {processor.py:830} INFO - Processing file /home/muhammadsami/Public/Projects/Airflow/DataPipelineswithApacheAirflow/.env/lib/python3.8/site-packages/airflow/example_dags/example_python_operator.py for tasks to queue
[2024-03-16T11:25:47.077+0500] {logging_mixin.py:188} INFO - [2024-03-16T11:25:47.077+0500] {dagbag.py:540} INFO - Filling up the DagBag from /home/muhammadsami/Public/Projects/Airflow/DataPipelineswithApacheAirflow/.env/lib/python3.8/site-packages/airflow/example_dags/example_python_operator.py
[2024-03-16T11:25:47.084+0500] {logging_mixin.py:188} INFO - [2024-03-16T11:25:47.083+0500] {example_python_operator.py:88} WARNING - The virtalenv_python example task requires virtualenv, please install it.
[2024-03-16T11:25:47.084+0500] {processor.py:840} INFO - DAG(s) 'example_python_operator' retrieved from /home/muhammadsami/Public/Projects/Airflow/DataPipelineswithApacheAirflow/.env/lib/python3.8/site-packages/airflow/example_dags/example_python_operator.py
[2024-03-16T11:25:47.098+0500] {logging_mixin.py:188} INFO - [2024-03-16T11:25:47.098+0500] {dag.py:3047} INFO - Sync 1 DAGs
[2024-03-16T11:25:47.108+0500] {logging_mixin.py:188} INFO - [2024-03-16T11:25:47.108+0500] {dag.py:3834} INFO - Setting next_dagrun for example_python_operator to None, run_after=None
[2024-03-16T11:25:47.202+0500] {processor.py:183} INFO - Processing /home/muhammadsami/Public/Projects/Airflow/DataPipelineswithApacheAirflow/.env/lib/python3.8/site-packages/airflow/example_dags/example_python_operator.py took 0.129 seconds
[2024-03-16T11:26:37.671+0500] {processor.py:161} INFO - Started process (PID=18728) to work on /home/muhammadsami/Public/Projects/Airflow/DataPipelineswithApacheAirflow/.env/lib/python3.8/site-packages/airflow/example_dags/example_python_operator.py
[2024-03-16T11:26:37.673+0500] {processor.py:830} INFO - Processing file /home/muhammadsami/Public/Projects/Airflow/DataPipelineswithApacheAirflow/.env/lib/python3.8/site-packages/airflow/example_dags/example_python_operator.py for tasks to queue
[2024-03-16T11:26:37.675+0500] {logging_mixin.py:188} INFO - [2024-03-16T11:26:37.675+0500] {dagbag.py:540} INFO - Filling up the DagBag from /home/muhammadsami/Public/Projects/Airflow/DataPipelineswithApacheAirflow/.env/lib/python3.8/site-packages/airflow/example_dags/example_python_operator.py
[2024-03-16T11:26:37.684+0500] {logging_mixin.py:188} INFO - [2024-03-16T11:26:37.683+0500] {example_python_operator.py:88} WARNING - The virtalenv_python example task requires virtualenv, please install it.
[2024-03-16T11:26:37.684+0500] {processor.py:840} INFO - DAG(s) 'example_python_operator' retrieved from /home/muhammadsami/Public/Projects/Airflow/DataPipelineswithApacheAirflow/.env/lib/python3.8/site-packages/airflow/example_dags/example_python_operator.py
[2024-03-16T11:26:37.709+0500] {logging_mixin.py:188} INFO - [2024-03-16T11:26:37.708+0500] {dag.py:3047} INFO - Sync 1 DAGs
[2024-03-16T11:26:37.724+0500] {logging_mixin.py:188} INFO - [2024-03-16T11:26:37.723+0500] {dag.py:3834} INFO - Setting next_dagrun for example_python_operator to None, run_after=None
[2024-03-16T11:26:37.912+0500] {processor.py:183} INFO - Processing /home/muhammadsami/Public/Projects/Airflow/DataPipelineswithApacheAirflow/.env/lib/python3.8/site-packages/airflow/example_dags/example_python_operator.py took 0.245 seconds
[2024-03-16T11:27:29.707+0500] {processor.py:161} INFO - Started process (PID=18783) to work on /home/muhammadsami/Public/Projects/Airflow/DataPipelineswithApacheAirflow/.env/lib/python3.8/site-packages/airflow/example_dags/example_python_operator.py
[2024-03-16T11:27:29.718+0500] {processor.py:830} INFO - Processing file /home/muhammadsami/Public/Projects/Airflow/DataPipelineswithApacheAirflow/.env/lib/python3.8/site-packages/airflow/example_dags/example_python_operator.py for tasks to queue
[2024-03-16T11:27:29.719+0500] {logging_mixin.py:188} INFO - [2024-03-16T11:27:29.718+0500] {dagbag.py:540} INFO - Filling up the DagBag from /home/muhammadsami/Public/Projects/Airflow/DataPipelineswithApacheAirflow/.env/lib/python3.8/site-packages/airflow/example_dags/example_python_operator.py
[2024-03-16T11:27:29.724+0500] {logging_mixin.py:188} INFO - [2024-03-16T11:27:29.724+0500] {example_python_operator.py:88} WARNING - The virtalenv_python example task requires virtualenv, please install it.
[2024-03-16T11:27:29.725+0500] {processor.py:840} INFO - DAG(s) 'example_python_operator' retrieved from /home/muhammadsami/Public/Projects/Airflow/DataPipelineswithApacheAirflow/.env/lib/python3.8/site-packages/airflow/example_dags/example_python_operator.py
[2024-03-16T11:27:29.739+0500] {logging_mixin.py:188} INFO - [2024-03-16T11:27:29.738+0500] {dag.py:3047} INFO - Sync 1 DAGs
[2024-03-16T11:27:29.748+0500] {logging_mixin.py:188} INFO - [2024-03-16T11:27:29.748+0500] {dag.py:3834} INFO - Setting next_dagrun for example_python_operator to None, run_after=None
[2024-03-16T11:27:29.835+0500] {processor.py:183} INFO - Processing /home/muhammadsami/Public/Projects/Airflow/DataPipelineswithApacheAirflow/.env/lib/python3.8/site-packages/airflow/example_dags/example_python_operator.py took 0.130 seconds
[2024-03-16T11:28:14.667+0500] {processor.py:161} INFO - Started process (PID=18827) to work on /home/muhammadsami/Public/Projects/Airflow/DataPipelineswithApacheAirflow/.env/lib/python3.8/site-packages/airflow/example_dags/example_python_operator.py
[2024-03-16T11:28:14.668+0500] {processor.py:830} INFO - Processing file /home/muhammadsami/Public/Projects/Airflow/DataPipelineswithApacheAirflow/.env/lib/python3.8/site-packages/airflow/example_dags/example_python_operator.py for tasks to queue
[2024-03-16T11:28:14.669+0500] {logging_mixin.py:188} INFO - [2024-03-16T11:28:14.669+0500] {dagbag.py:540} INFO - Filling up the DagBag from /home/muhammadsami/Public/Projects/Airflow/DataPipelineswithApacheAirflow/.env/lib/python3.8/site-packages/airflow/example_dags/example_python_operator.py
[2024-03-16T11:28:14.675+0500] {logging_mixin.py:188} INFO - [2024-03-16T11:28:14.675+0500] {example_python_operator.py:88} WARNING - The virtalenv_python example task requires virtualenv, please install it.
[2024-03-16T11:28:14.676+0500] {processor.py:840} INFO - DAG(s) 'example_python_operator' retrieved from /home/muhammadsami/Public/Projects/Airflow/DataPipelineswithApacheAirflow/.env/lib/python3.8/site-packages/airflow/example_dags/example_python_operator.py
[2024-03-16T11:28:14.693+0500] {logging_mixin.py:188} INFO - [2024-03-16T11:28:14.693+0500] {dag.py:3047} INFO - Sync 1 DAGs
[2024-03-16T11:28:14.704+0500] {logging_mixin.py:188} INFO - [2024-03-16T11:28:14.703+0500] {dag.py:3834} INFO - Setting next_dagrun for example_python_operator to None, run_after=None
[2024-03-16T11:28:14.794+0500] {processor.py:183} INFO - Processing /home/muhammadsami/Public/Projects/Airflow/DataPipelineswithApacheAirflow/.env/lib/python3.8/site-packages/airflow/example_dags/example_python_operator.py took 0.130 seconds
[2024-03-16T11:29:03.085+0500] {processor.py:161} INFO - Started process (PID=18894) to work on /home/muhammadsami/Public/Projects/Airflow/DataPipelineswithApacheAirflow/.env/lib/python3.8/site-packages/airflow/example_dags/example_python_operator.py
[2024-03-16T11:29:03.099+0500] {processor.py:830} INFO - Processing file /home/muhammadsami/Public/Projects/Airflow/DataPipelineswithApacheAirflow/.env/lib/python3.8/site-packages/airflow/example_dags/example_python_operator.py for tasks to queue
[2024-03-16T11:29:03.100+0500] {logging_mixin.py:188} INFO - [2024-03-16T11:29:03.100+0500] {dagbag.py:540} INFO - Filling up the DagBag from /home/muhammadsami/Public/Projects/Airflow/DataPipelineswithApacheAirflow/.env/lib/python3.8/site-packages/airflow/example_dags/example_python_operator.py
[2024-03-16T11:29:03.105+0500] {logging_mixin.py:188} INFO - [2024-03-16T11:29:03.105+0500] {example_python_operator.py:88} WARNING - The virtalenv_python example task requires virtualenv, please install it.
[2024-03-16T11:29:03.106+0500] {processor.py:840} INFO - DAG(s) 'example_python_operator' retrieved from /home/muhammadsami/Public/Projects/Airflow/DataPipelineswithApacheAirflow/.env/lib/python3.8/site-packages/airflow/example_dags/example_python_operator.py
[2024-03-16T11:29:03.120+0500] {logging_mixin.py:188} INFO - [2024-03-16T11:29:03.119+0500] {dag.py:3047} INFO - Sync 1 DAGs
[2024-03-16T11:29:03.130+0500] {logging_mixin.py:188} INFO - [2024-03-16T11:29:03.130+0500] {dag.py:3834} INFO - Setting next_dagrun for example_python_operator to None, run_after=None
[2024-03-16T11:29:03.219+0500] {processor.py:183} INFO - Processing /home/muhammadsami/Public/Projects/Airflow/DataPipelineswithApacheAirflow/.env/lib/python3.8/site-packages/airflow/example_dags/example_python_operator.py took 0.136 seconds
[2024-03-16T11:29:52.997+0500] {processor.py:161} INFO - Started process (PID=18947) to work on /home/muhammadsami/Public/Projects/Airflow/DataPipelineswithApacheAirflow/.env/lib/python3.8/site-packages/airflow/example_dags/example_python_operator.py
[2024-03-16T11:29:52.999+0500] {processor.py:830} INFO - Processing file /home/muhammadsami/Public/Projects/Airflow/DataPipelineswithApacheAirflow/.env/lib/python3.8/site-packages/airflow/example_dags/example_python_operator.py for tasks to queue
[2024-03-16T11:29:53.000+0500] {logging_mixin.py:188} INFO - [2024-03-16T11:29:52.999+0500] {dagbag.py:540} INFO - Filling up the DagBag from /home/muhammadsami/Public/Projects/Airflow/DataPipelineswithApacheAirflow/.env/lib/python3.8/site-packages/airflow/example_dags/example_python_operator.py
[2024-03-16T11:29:53.008+0500] {logging_mixin.py:188} INFO - [2024-03-16T11:29:53.007+0500] {example_python_operator.py:88} WARNING - The virtalenv_python example task requires virtualenv, please install it.
[2024-03-16T11:29:53.008+0500] {processor.py:840} INFO - DAG(s) 'example_python_operator' retrieved from /home/muhammadsami/Public/Projects/Airflow/DataPipelineswithApacheAirflow/.env/lib/python3.8/site-packages/airflow/example_dags/example_python_operator.py
[2024-03-16T11:29:53.022+0500] {logging_mixin.py:188} INFO - [2024-03-16T11:29:53.022+0500] {dag.py:3047} INFO - Sync 1 DAGs
[2024-03-16T11:29:53.033+0500] {logging_mixin.py:188} INFO - [2024-03-16T11:29:53.032+0500] {dag.py:3834} INFO - Setting next_dagrun for example_python_operator to None, run_after=None
[2024-03-16T11:29:53.172+0500] {processor.py:183} INFO - Processing /home/muhammadsami/Public/Projects/Airflow/DataPipelineswithApacheAirflow/.env/lib/python3.8/site-packages/airflow/example_dags/example_python_operator.py took 0.177 seconds
[2024-03-16T11:30:45.476+0500] {processor.py:161} INFO - Started process (PID=19010) to work on /home/muhammadsami/Public/Projects/Airflow/DataPipelineswithApacheAirflow/.env/lib/python3.8/site-packages/airflow/example_dags/example_python_operator.py
[2024-03-16T11:30:45.478+0500] {processor.py:830} INFO - Processing file /home/muhammadsami/Public/Projects/Airflow/DataPipelineswithApacheAirflow/.env/lib/python3.8/site-packages/airflow/example_dags/example_python_operator.py for tasks to queue
[2024-03-16T11:30:45.479+0500] {logging_mixin.py:188} INFO - [2024-03-16T11:30:45.478+0500] {dagbag.py:540} INFO - Filling up the DagBag from /home/muhammadsami/Public/Projects/Airflow/DataPipelineswithApacheAirflow/.env/lib/python3.8/site-packages/airflow/example_dags/example_python_operator.py
[2024-03-16T11:30:45.485+0500] {logging_mixin.py:188} INFO - [2024-03-16T11:30:45.485+0500] {example_python_operator.py:88} WARNING - The virtalenv_python example task requires virtualenv, please install it.
[2024-03-16T11:30:45.486+0500] {processor.py:840} INFO - DAG(s) 'example_python_operator' retrieved from /home/muhammadsami/Public/Projects/Airflow/DataPipelineswithApacheAirflow/.env/lib/python3.8/site-packages/airflow/example_dags/example_python_operator.py
[2024-03-16T11:30:45.502+0500] {logging_mixin.py:188} INFO - [2024-03-16T11:30:45.501+0500] {dag.py:3047} INFO - Sync 1 DAGs
[2024-03-16T11:30:45.513+0500] {logging_mixin.py:188} INFO - [2024-03-16T11:30:45.513+0500] {dag.py:3834} INFO - Setting next_dagrun for example_python_operator to None, run_after=None
[2024-03-16T11:30:45.614+0500] {processor.py:183} INFO - Processing /home/muhammadsami/Public/Projects/Airflow/DataPipelineswithApacheAirflow/.env/lib/python3.8/site-packages/airflow/example_dags/example_python_operator.py took 0.140 seconds
[2024-03-16T11:38:50.599+0500] {processor.py:161} INFO - Started process (PID=19523) to work on /home/muhammadsami/Public/Projects/Airflow/DataPipelineswithApacheAirflow/.env/lib/python3.8/site-packages/airflow/example_dags/example_python_operator.py
[2024-03-16T11:38:50.788+0500] {processor.py:830} INFO - Processing file /home/muhammadsami/Public/Projects/Airflow/DataPipelineswithApacheAirflow/.env/lib/python3.8/site-packages/airflow/example_dags/example_python_operator.py for tasks to queue
[2024-03-16T11:38:50.789+0500] {logging_mixin.py:188} INFO - [2024-03-16T11:38:50.788+0500] {dagbag.py:540} INFO - Filling up the DagBag from /home/muhammadsami/Public/Projects/Airflow/DataPipelineswithApacheAirflow/.env/lib/python3.8/site-packages/airflow/example_dags/example_python_operator.py
[2024-03-16T11:38:50.799+0500] {logging_mixin.py:188} INFO - [2024-03-16T11:38:50.798+0500] {example_python_operator.py:88} WARNING - The virtalenv_python example task requires virtualenv, please install it.
[2024-03-16T11:38:50.799+0500] {processor.py:840} INFO - DAG(s) 'example_python_operator' retrieved from /home/muhammadsami/Public/Projects/Airflow/DataPipelineswithApacheAirflow/.env/lib/python3.8/site-packages/airflow/example_dags/example_python_operator.py
[2024-03-16T11:38:50.826+0500] {logging_mixin.py:188} INFO - [2024-03-16T11:38:50.826+0500] {dag.py:3047} INFO - Sync 1 DAGs
[2024-03-16T11:38:50.852+0500] {logging_mixin.py:188} INFO - [2024-03-16T11:38:50.851+0500] {dag.py:3834} INFO - Setting next_dagrun for example_python_operator to None, run_after=None
[2024-03-16T11:38:51.183+0500] {processor.py:183} INFO - Processing /home/muhammadsami/Public/Projects/Airflow/DataPipelineswithApacheAirflow/.env/lib/python3.8/site-packages/airflow/example_dags/example_python_operator.py took 0.589 seconds
[2024-03-16T11:39:51.698+0500] {processor.py:161} INFO - Started process (PID=19818) to work on /home/muhammadsami/Public/Projects/Airflow/DataPipelineswithApacheAirflow/.env/lib/python3.8/site-packages/airflow/example_dags/example_python_operator.py
[2024-03-16T11:39:51.714+0500] {processor.py:830} INFO - Processing file /home/muhammadsami/Public/Projects/Airflow/DataPipelineswithApacheAirflow/.env/lib/python3.8/site-packages/airflow/example_dags/example_python_operator.py for tasks to queue
[2024-03-16T11:39:51.715+0500] {logging_mixin.py:188} INFO - [2024-03-16T11:39:51.715+0500] {dagbag.py:540} INFO - Filling up the DagBag from /home/muhammadsami/Public/Projects/Airflow/DataPipelineswithApacheAirflow/.env/lib/python3.8/site-packages/airflow/example_dags/example_python_operator.py
[2024-03-16T11:39:51.720+0500] {logging_mixin.py:188} INFO - [2024-03-16T11:39:51.720+0500] {example_python_operator.py:88} WARNING - The virtalenv_python example task requires virtualenv, please install it.
[2024-03-16T11:39:51.721+0500] {processor.py:840} INFO - DAG(s) 'example_python_operator' retrieved from /home/muhammadsami/Public/Projects/Airflow/DataPipelineswithApacheAirflow/.env/lib/python3.8/site-packages/airflow/example_dags/example_python_operator.py
[2024-03-16T11:39:51.735+0500] {logging_mixin.py:188} INFO - [2024-03-16T11:39:51.735+0500] {dag.py:3047} INFO - Sync 1 DAGs
[2024-03-16T11:39:51.745+0500] {logging_mixin.py:188} INFO - [2024-03-16T11:39:51.745+0500] {dag.py:3834} INFO - Setting next_dagrun for example_python_operator to None, run_after=None
[2024-03-16T11:39:51.832+0500] {processor.py:183} INFO - Processing /home/muhammadsami/Public/Projects/Airflow/DataPipelineswithApacheAirflow/.env/lib/python3.8/site-packages/airflow/example_dags/example_python_operator.py took 0.137 seconds
[2024-03-16T11:41:07.576+0500] {processor.py:161} INFO - Started process (PID=20133) to work on /home/muhammadsami/Public/Projects/Airflow/DataPipelineswithApacheAirflow/.env/lib/python3.8/site-packages/airflow/example_dags/example_python_operator.py
[2024-03-16T11:41:07.590+0500] {processor.py:830} INFO - Processing file /home/muhammadsami/Public/Projects/Airflow/DataPipelineswithApacheAirflow/.env/lib/python3.8/site-packages/airflow/example_dags/example_python_operator.py for tasks to queue
[2024-03-16T11:41:07.591+0500] {logging_mixin.py:188} INFO - [2024-03-16T11:41:07.591+0500] {dagbag.py:540} INFO - Filling up the DagBag from /home/muhammadsami/Public/Projects/Airflow/DataPipelineswithApacheAirflow/.env/lib/python3.8/site-packages/airflow/example_dags/example_python_operator.py
[2024-03-16T11:41:07.597+0500] {logging_mixin.py:188} INFO - [2024-03-16T11:41:07.597+0500] {example_python_operator.py:88} WARNING - The virtalenv_python example task requires virtualenv, please install it.
[2024-03-16T11:41:07.598+0500] {processor.py:840} INFO - DAG(s) 'example_python_operator' retrieved from /home/muhammadsami/Public/Projects/Airflow/DataPipelineswithApacheAirflow/.env/lib/python3.8/site-packages/airflow/example_dags/example_python_operator.py
[2024-03-16T11:41:07.612+0500] {logging_mixin.py:188} INFO - [2024-03-16T11:41:07.612+0500] {dag.py:3047} INFO - Sync 1 DAGs
[2024-03-16T11:41:07.622+0500] {logging_mixin.py:188} INFO - [2024-03-16T11:41:07.622+0500] {dag.py:3834} INFO - Setting next_dagrun for example_python_operator to None, run_after=None
[2024-03-16T11:41:07.717+0500] {processor.py:183} INFO - Processing /home/muhammadsami/Public/Projects/Airflow/DataPipelineswithApacheAirflow/.env/lib/python3.8/site-packages/airflow/example_dags/example_python_operator.py took 0.144 seconds
[2024-03-16T11:42:13.701+0500] {processor.py:161} INFO - Started process (PID=20237) to work on /home/muhammadsami/Public/Projects/Airflow/DataPipelineswithApacheAirflow/.env/lib/python3.8/site-packages/airflow/example_dags/example_python_operator.py
[2024-03-16T11:42:13.714+0500] {processor.py:830} INFO - Processing file /home/muhammadsami/Public/Projects/Airflow/DataPipelineswithApacheAirflow/.env/lib/python3.8/site-packages/airflow/example_dags/example_python_operator.py for tasks to queue
[2024-03-16T11:42:13.715+0500] {logging_mixin.py:188} INFO - [2024-03-16T11:42:13.715+0500] {dagbag.py:540} INFO - Filling up the DagBag from /home/muhammadsami/Public/Projects/Airflow/DataPipelineswithApacheAirflow/.env/lib/python3.8/site-packages/airflow/example_dags/example_python_operator.py
[2024-03-16T11:42:13.720+0500] {logging_mixin.py:188} INFO - [2024-03-16T11:42:13.720+0500] {example_python_operator.py:88} WARNING - The virtalenv_python example task requires virtualenv, please install it.
[2024-03-16T11:42:13.721+0500] {processor.py:840} INFO - DAG(s) 'example_python_operator' retrieved from /home/muhammadsami/Public/Projects/Airflow/DataPipelineswithApacheAirflow/.env/lib/python3.8/site-packages/airflow/example_dags/example_python_operator.py
[2024-03-16T11:42:13.735+0500] {logging_mixin.py:188} INFO - [2024-03-16T11:42:13.734+0500] {dag.py:3047} INFO - Sync 1 DAGs
[2024-03-16T11:42:13.744+0500] {logging_mixin.py:188} INFO - [2024-03-16T11:42:13.744+0500] {dag.py:3834} INFO - Setting next_dagrun for example_python_operator to None, run_after=None
[2024-03-16T11:42:13.836+0500] {processor.py:183} INFO - Processing /home/muhammadsami/Public/Projects/Airflow/DataPipelineswithApacheAirflow/.env/lib/python3.8/site-packages/airflow/example_dags/example_python_operator.py took 0.138 seconds
[2024-03-16T11:43:04.418+0500] {processor.py:161} INFO - Started process (PID=20297) to work on /home/muhammadsami/Public/Projects/Airflow/DataPipelineswithApacheAirflow/.env/lib/python3.8/site-packages/airflow/example_dags/example_python_operator.py
[2024-03-16T11:43:04.419+0500] {processor.py:830} INFO - Processing file /home/muhammadsami/Public/Projects/Airflow/DataPipelineswithApacheAirflow/.env/lib/python3.8/site-packages/airflow/example_dags/example_python_operator.py for tasks to queue
[2024-03-16T11:43:04.420+0500] {logging_mixin.py:188} INFO - [2024-03-16T11:43:04.420+0500] {dagbag.py:540} INFO - Filling up the DagBag from /home/muhammadsami/Public/Projects/Airflow/DataPipelineswithApacheAirflow/.env/lib/python3.8/site-packages/airflow/example_dags/example_python_operator.py
[2024-03-16T11:43:04.426+0500] {logging_mixin.py:188} INFO - [2024-03-16T11:43:04.426+0500] {example_python_operator.py:88} WARNING - The virtalenv_python example task requires virtualenv, please install it.
[2024-03-16T11:43:04.427+0500] {processor.py:840} INFO - DAG(s) 'example_python_operator' retrieved from /home/muhammadsami/Public/Projects/Airflow/DataPipelineswithApacheAirflow/.env/lib/python3.8/site-packages/airflow/example_dags/example_python_operator.py
[2024-03-16T11:43:04.441+0500] {logging_mixin.py:188} INFO - [2024-03-16T11:43:04.441+0500] {dag.py:3047} INFO - Sync 1 DAGs
[2024-03-16T11:43:04.451+0500] {logging_mixin.py:188} INFO - [2024-03-16T11:43:04.451+0500] {dag.py:3834} INFO - Setting next_dagrun for example_python_operator to None, run_after=None
[2024-03-16T11:43:04.567+0500] {processor.py:183} INFO - Processing /home/muhammadsami/Public/Projects/Airflow/DataPipelineswithApacheAirflow/.env/lib/python3.8/site-packages/airflow/example_dags/example_python_operator.py took 0.152 seconds
[2024-03-16T11:43:59.950+0500] {processor.py:161} INFO - Started process (PID=20379) to work on /home/muhammadsami/Public/Projects/Airflow/DataPipelineswithApacheAirflow/.env/lib/python3.8/site-packages/airflow/example_dags/example_python_operator.py
[2024-03-16T11:43:59.951+0500] {processor.py:830} INFO - Processing file /home/muhammadsami/Public/Projects/Airflow/DataPipelineswithApacheAirflow/.env/lib/python3.8/site-packages/airflow/example_dags/example_python_operator.py for tasks to queue
[2024-03-16T11:43:59.952+0500] {logging_mixin.py:188} INFO - [2024-03-16T11:43:59.952+0500] {dagbag.py:540} INFO - Filling up the DagBag from /home/muhammadsami/Public/Projects/Airflow/DataPipelineswithApacheAirflow/.env/lib/python3.8/site-packages/airflow/example_dags/example_python_operator.py
[2024-03-16T11:43:59.960+0500] {logging_mixin.py:188} INFO - [2024-03-16T11:43:59.960+0500] {example_python_operator.py:88} WARNING - The virtalenv_python example task requires virtualenv, please install it.
[2024-03-16T11:43:59.960+0500] {processor.py:840} INFO - DAG(s) 'example_python_operator' retrieved from /home/muhammadsami/Public/Projects/Airflow/DataPipelineswithApacheAirflow/.env/lib/python3.8/site-packages/airflow/example_dags/example_python_operator.py
[2024-03-16T11:43:59.974+0500] {logging_mixin.py:188} INFO - [2024-03-16T11:43:59.974+0500] {dag.py:3047} INFO - Sync 1 DAGs
[2024-03-16T11:43:59.984+0500] {logging_mixin.py:188} INFO - [2024-03-16T11:43:59.984+0500] {dag.py:3834} INFO - Setting next_dagrun for example_python_operator to None, run_after=None
[2024-03-16T11:44:00.079+0500] {processor.py:183} INFO - Processing /home/muhammadsami/Public/Projects/Airflow/DataPipelineswithApacheAirflow/.env/lib/python3.8/site-packages/airflow/example_dags/example_python_operator.py took 0.132 seconds
[2024-03-16T11:44:49.373+0500] {processor.py:161} INFO - Started process (PID=20464) to work on /home/muhammadsami/Public/Projects/Airflow/DataPipelineswithApacheAirflow/.env/lib/python3.8/site-packages/airflow/example_dags/example_python_operator.py
[2024-03-16T11:44:49.374+0500] {processor.py:830} INFO - Processing file /home/muhammadsami/Public/Projects/Airflow/DataPipelineswithApacheAirflow/.env/lib/python3.8/site-packages/airflow/example_dags/example_python_operator.py for tasks to queue
[2024-03-16T11:44:49.375+0500] {logging_mixin.py:188} INFO - [2024-03-16T11:44:49.375+0500] {dagbag.py:540} INFO - Filling up the DagBag from /home/muhammadsami/Public/Projects/Airflow/DataPipelineswithApacheAirflow/.env/lib/python3.8/site-packages/airflow/example_dags/example_python_operator.py
[2024-03-16T11:44:49.383+0500] {logging_mixin.py:188} INFO - [2024-03-16T11:44:49.382+0500] {example_python_operator.py:88} WARNING - The virtalenv_python example task requires virtualenv, please install it.
[2024-03-16T11:44:49.383+0500] {processor.py:840} INFO - DAG(s) 'example_python_operator' retrieved from /home/muhammadsami/Public/Projects/Airflow/DataPipelineswithApacheAirflow/.env/lib/python3.8/site-packages/airflow/example_dags/example_python_operator.py
[2024-03-16T11:44:49.397+0500] {logging_mixin.py:188} INFO - [2024-03-16T11:44:49.397+0500] {dag.py:3047} INFO - Sync 1 DAGs
[2024-03-16T11:44:49.407+0500] {logging_mixin.py:188} INFO - [2024-03-16T11:44:49.406+0500] {dag.py:3834} INFO - Setting next_dagrun for example_python_operator to None, run_after=None
[2024-03-16T11:44:49.536+0500] {processor.py:183} INFO - Processing /home/muhammadsami/Public/Projects/Airflow/DataPipelineswithApacheAirflow/.env/lib/python3.8/site-packages/airflow/example_dags/example_python_operator.py took 0.167 seconds
[2024-03-16T11:45:46.528+0500] {processor.py:161} INFO - Started process (PID=20832) to work on /home/muhammadsami/Public/Projects/Airflow/DataPipelineswithApacheAirflow/.env/lib/python3.8/site-packages/airflow/example_dags/example_python_operator.py
[2024-03-16T11:45:46.529+0500] {processor.py:830} INFO - Processing file /home/muhammadsami/Public/Projects/Airflow/DataPipelineswithApacheAirflow/.env/lib/python3.8/site-packages/airflow/example_dags/example_python_operator.py for tasks to queue
[2024-03-16T11:45:46.530+0500] {logging_mixin.py:188} INFO - [2024-03-16T11:45:46.529+0500] {dagbag.py:540} INFO - Filling up the DagBag from /home/muhammadsami/Public/Projects/Airflow/DataPipelineswithApacheAirflow/.env/lib/python3.8/site-packages/airflow/example_dags/example_python_operator.py
[2024-03-16T11:45:46.536+0500] {logging_mixin.py:188} INFO - [2024-03-16T11:45:46.536+0500] {example_python_operator.py:88} WARNING - The virtalenv_python example task requires virtualenv, please install it.
[2024-03-16T11:45:46.536+0500] {processor.py:840} INFO - DAG(s) 'example_python_operator' retrieved from /home/muhammadsami/Public/Projects/Airflow/DataPipelineswithApacheAirflow/.env/lib/python3.8/site-packages/airflow/example_dags/example_python_operator.py
[2024-03-16T11:45:46.551+0500] {logging_mixin.py:188} INFO - [2024-03-16T11:45:46.551+0500] {dag.py:3047} INFO - Sync 1 DAGs
[2024-03-16T11:45:46.561+0500] {logging_mixin.py:188} INFO - [2024-03-16T11:45:46.560+0500] {dag.py:3834} INFO - Setting next_dagrun for example_python_operator to None, run_after=None
[2024-03-16T11:45:46.675+0500] {processor.py:183} INFO - Processing /home/muhammadsami/Public/Projects/Airflow/DataPipelineswithApacheAirflow/.env/lib/python3.8/site-packages/airflow/example_dags/example_python_operator.py took 0.149 seconds
[2024-03-16T11:46:41.943+0500] {processor.py:161} INFO - Started process (PID=20892) to work on /home/muhammadsami/Public/Projects/Airflow/DataPipelineswithApacheAirflow/.env/lib/python3.8/site-packages/airflow/example_dags/example_python_operator.py
[2024-03-16T11:46:41.944+0500] {processor.py:830} INFO - Processing file /home/muhammadsami/Public/Projects/Airflow/DataPipelineswithApacheAirflow/.env/lib/python3.8/site-packages/airflow/example_dags/example_python_operator.py for tasks to queue
[2024-03-16T11:46:41.945+0500] {logging_mixin.py:188} INFO - [2024-03-16T11:46:41.945+0500] {dagbag.py:540} INFO - Filling up the DagBag from /home/muhammadsami/Public/Projects/Airflow/DataPipelineswithApacheAirflow/.env/lib/python3.8/site-packages/airflow/example_dags/example_python_operator.py
[2024-03-16T11:46:41.951+0500] {logging_mixin.py:188} INFO - [2024-03-16T11:46:41.951+0500] {example_python_operator.py:88} WARNING - The virtalenv_python example task requires virtualenv, please install it.
[2024-03-16T11:46:41.951+0500] {processor.py:840} INFO - DAG(s) 'example_python_operator' retrieved from /home/muhammadsami/Public/Projects/Airflow/DataPipelineswithApacheAirflow/.env/lib/python3.8/site-packages/airflow/example_dags/example_python_operator.py
[2024-03-16T11:46:41.966+0500] {logging_mixin.py:188} INFO - [2024-03-16T11:46:41.965+0500] {dag.py:3047} INFO - Sync 1 DAGs
[2024-03-16T11:46:41.978+0500] {logging_mixin.py:188} INFO - [2024-03-16T11:46:41.977+0500] {dag.py:3834} INFO - Setting next_dagrun for example_python_operator to None, run_after=None
[2024-03-16T11:46:42.086+0500] {processor.py:183} INFO - Processing /home/muhammadsami/Public/Projects/Airflow/DataPipelineswithApacheAirflow/.env/lib/python3.8/site-packages/airflow/example_dags/example_python_operator.py took 0.145 seconds
[2024-03-16T11:47:31.750+0500] {processor.py:161} INFO - Started process (PID=20970) to work on /home/muhammadsami/Public/Projects/Airflow/DataPipelineswithApacheAirflow/.env/lib/python3.8/site-packages/airflow/example_dags/example_python_operator.py
[2024-03-16T11:47:31.751+0500] {processor.py:830} INFO - Processing file /home/muhammadsami/Public/Projects/Airflow/DataPipelineswithApacheAirflow/.env/lib/python3.8/site-packages/airflow/example_dags/example_python_operator.py for tasks to queue
[2024-03-16T11:47:31.752+0500] {logging_mixin.py:188} INFO - [2024-03-16T11:47:31.751+0500] {dagbag.py:540} INFO - Filling up the DagBag from /home/muhammadsami/Public/Projects/Airflow/DataPipelineswithApacheAirflow/.env/lib/python3.8/site-packages/airflow/example_dags/example_python_operator.py
[2024-03-16T11:47:31.759+0500] {logging_mixin.py:188} INFO - [2024-03-16T11:47:31.759+0500] {example_python_operator.py:88} WARNING - The virtalenv_python example task requires virtualenv, please install it.
[2024-03-16T11:47:31.759+0500] {processor.py:840} INFO - DAG(s) 'example_python_operator' retrieved from /home/muhammadsami/Public/Projects/Airflow/DataPipelineswithApacheAirflow/.env/lib/python3.8/site-packages/airflow/example_dags/example_python_operator.py
[2024-03-16T11:47:31.773+0500] {logging_mixin.py:188} INFO - [2024-03-16T11:47:31.773+0500] {dag.py:3047} INFO - Sync 1 DAGs
[2024-03-16T11:47:31.783+0500] {logging_mixin.py:188} INFO - [2024-03-16T11:47:31.783+0500] {dag.py:3834} INFO - Setting next_dagrun for example_python_operator to None, run_after=None
[2024-03-16T11:47:31.892+0500] {processor.py:183} INFO - Processing /home/muhammadsami/Public/Projects/Airflow/DataPipelineswithApacheAirflow/.env/lib/python3.8/site-packages/airflow/example_dags/example_python_operator.py took 0.144 seconds
[2024-03-16T11:48:21.804+0500] {processor.py:161} INFO - Started process (PID=21020) to work on /home/muhammadsami/Public/Projects/Airflow/DataPipelineswithApacheAirflow/.env/lib/python3.8/site-packages/airflow/example_dags/example_python_operator.py
[2024-03-16T11:48:21.806+0500] {processor.py:830} INFO - Processing file /home/muhammadsami/Public/Projects/Airflow/DataPipelineswithApacheAirflow/.env/lib/python3.8/site-packages/airflow/example_dags/example_python_operator.py for tasks to queue
[2024-03-16T11:48:21.807+0500] {logging_mixin.py:188} INFO - [2024-03-16T11:48:21.806+0500] {dagbag.py:540} INFO - Filling up the DagBag from /home/muhammadsami/Public/Projects/Airflow/DataPipelineswithApacheAirflow/.env/lib/python3.8/site-packages/airflow/example_dags/example_python_operator.py
[2024-03-16T11:48:21.814+0500] {logging_mixin.py:188} INFO - [2024-03-16T11:48:21.814+0500] {example_python_operator.py:88} WARNING - The virtalenv_python example task requires virtualenv, please install it.
[2024-03-16T11:48:21.814+0500] {processor.py:840} INFO - DAG(s) 'example_python_operator' retrieved from /home/muhammadsami/Public/Projects/Airflow/DataPipelineswithApacheAirflow/.env/lib/python3.8/site-packages/airflow/example_dags/example_python_operator.py
[2024-03-16T11:48:21.829+0500] {logging_mixin.py:188} INFO - [2024-03-16T11:48:21.829+0500] {dag.py:3047} INFO - Sync 1 DAGs
[2024-03-16T11:48:21.840+0500] {logging_mixin.py:188} INFO - [2024-03-16T11:48:21.840+0500] {dag.py:3834} INFO - Setting next_dagrun for example_python_operator to None, run_after=None
[2024-03-16T11:48:21.955+0500] {processor.py:183} INFO - Processing /home/muhammadsami/Public/Projects/Airflow/DataPipelineswithApacheAirflow/.env/lib/python3.8/site-packages/airflow/example_dags/example_python_operator.py took 0.153 seconds
[2024-03-16T11:49:08.757+0500] {processor.py:161} INFO - Started process (PID=21092) to work on /home/muhammadsami/Public/Projects/Airflow/DataPipelineswithApacheAirflow/.env/lib/python3.8/site-packages/airflow/example_dags/example_python_operator.py
[2024-03-16T11:49:08.758+0500] {processor.py:830} INFO - Processing file /home/muhammadsami/Public/Projects/Airflow/DataPipelineswithApacheAirflow/.env/lib/python3.8/site-packages/airflow/example_dags/example_python_operator.py for tasks to queue
[2024-03-16T11:49:08.759+0500] {logging_mixin.py:188} INFO - [2024-03-16T11:49:08.759+0500] {dagbag.py:540} INFO - Filling up the DagBag from /home/muhammadsami/Public/Projects/Airflow/DataPipelineswithApacheAirflow/.env/lib/python3.8/site-packages/airflow/example_dags/example_python_operator.py
[2024-03-16T11:49:08.766+0500] {logging_mixin.py:188} INFO - [2024-03-16T11:49:08.766+0500] {example_python_operator.py:88} WARNING - The virtalenv_python example task requires virtualenv, please install it.
[2024-03-16T11:49:08.766+0500] {processor.py:840} INFO - DAG(s) 'example_python_operator' retrieved from /home/muhammadsami/Public/Projects/Airflow/DataPipelineswithApacheAirflow/.env/lib/python3.8/site-packages/airflow/example_dags/example_python_operator.py
[2024-03-16T11:49:08.781+0500] {logging_mixin.py:188} INFO - [2024-03-16T11:49:08.780+0500] {dag.py:3047} INFO - Sync 1 DAGs
[2024-03-16T11:49:08.791+0500] {logging_mixin.py:188} INFO - [2024-03-16T11:49:08.791+0500] {dag.py:3834} INFO - Setting next_dagrun for example_python_operator to None, run_after=None
[2024-03-16T11:49:08.907+0500] {processor.py:183} INFO - Processing /home/muhammadsami/Public/Projects/Airflow/DataPipelineswithApacheAirflow/.env/lib/python3.8/site-packages/airflow/example_dags/example_python_operator.py took 0.153 seconds
[2024-03-16T11:49:57.382+0500] {processor.py:161} INFO - Started process (PID=21137) to work on /home/muhammadsami/Public/Projects/Airflow/DataPipelineswithApacheAirflow/.env/lib/python3.8/site-packages/airflow/example_dags/example_python_operator.py
[2024-03-16T11:49:57.386+0500] {processor.py:830} INFO - Processing file /home/muhammadsami/Public/Projects/Airflow/DataPipelineswithApacheAirflow/.env/lib/python3.8/site-packages/airflow/example_dags/example_python_operator.py for tasks to queue
[2024-03-16T11:49:57.387+0500] {logging_mixin.py:188} INFO - [2024-03-16T11:49:57.387+0500] {dagbag.py:540} INFO - Filling up the DagBag from /home/muhammadsami/Public/Projects/Airflow/DataPipelineswithApacheAirflow/.env/lib/python3.8/site-packages/airflow/example_dags/example_python_operator.py
[2024-03-16T11:49:57.395+0500] {logging_mixin.py:188} INFO - [2024-03-16T11:49:57.394+0500] {example_python_operator.py:88} WARNING - The virtalenv_python example task requires virtualenv, please install it.
[2024-03-16T11:49:57.395+0500] {processor.py:840} INFO - DAG(s) 'example_python_operator' retrieved from /home/muhammadsami/Public/Projects/Airflow/DataPipelineswithApacheAirflow/.env/lib/python3.8/site-packages/airflow/example_dags/example_python_operator.py
[2024-03-16T11:49:57.411+0500] {logging_mixin.py:188} INFO - [2024-03-16T11:49:57.410+0500] {dag.py:3047} INFO - Sync 1 DAGs
[2024-03-16T11:49:57.421+0500] {logging_mixin.py:188} INFO - [2024-03-16T11:49:57.421+0500] {dag.py:3834} INFO - Setting next_dagrun for example_python_operator to None, run_after=None
[2024-03-16T11:49:57.516+0500] {processor.py:183} INFO - Processing /home/muhammadsami/Public/Projects/Airflow/DataPipelineswithApacheAirflow/.env/lib/python3.8/site-packages/airflow/example_dags/example_python_operator.py took 0.136 seconds
[2024-03-16T11:50:48.155+0500] {processor.py:161} INFO - Started process (PID=21215) to work on /home/muhammadsami/Public/Projects/Airflow/DataPipelineswithApacheAirflow/.env/lib/python3.8/site-packages/airflow/example_dags/example_python_operator.py
[2024-03-16T11:50:48.167+0500] {processor.py:830} INFO - Processing file /home/muhammadsami/Public/Projects/Airflow/DataPipelineswithApacheAirflow/.env/lib/python3.8/site-packages/airflow/example_dags/example_python_operator.py for tasks to queue
[2024-03-16T11:50:48.168+0500] {logging_mixin.py:188} INFO - [2024-03-16T11:50:48.167+0500] {dagbag.py:540} INFO - Filling up the DagBag from /home/muhammadsami/Public/Projects/Airflow/DataPipelineswithApacheAirflow/.env/lib/python3.8/site-packages/airflow/example_dags/example_python_operator.py
[2024-03-16T11:50:48.176+0500] {logging_mixin.py:188} INFO - [2024-03-16T11:50:48.176+0500] {example_python_operator.py:88} WARNING - The virtalenv_python example task requires virtualenv, please install it.
[2024-03-16T11:50:48.177+0500] {processor.py:840} INFO - DAG(s) 'example_python_operator' retrieved from /home/muhammadsami/Public/Projects/Airflow/DataPipelineswithApacheAirflow/.env/lib/python3.8/site-packages/airflow/example_dags/example_python_operator.py
[2024-03-16T11:50:48.199+0500] {logging_mixin.py:188} INFO - [2024-03-16T11:50:48.199+0500] {dag.py:3047} INFO - Sync 1 DAGs
[2024-03-16T11:50:48.213+0500] {logging_mixin.py:188} INFO - [2024-03-16T11:50:48.213+0500] {dag.py:3834} INFO - Setting next_dagrun for example_python_operator to None, run_after=None
[2024-03-16T11:50:48.311+0500] {processor.py:183} INFO - Processing /home/muhammadsami/Public/Projects/Airflow/DataPipelineswithApacheAirflow/.env/lib/python3.8/site-packages/airflow/example_dags/example_python_operator.py took 0.160 seconds
[2024-03-16T11:51:40.287+0500] {processor.py:161} INFO - Started process (PID=21319) to work on /home/muhammadsami/Public/Projects/Airflow/DataPipelineswithApacheAirflow/.env/lib/python3.8/site-packages/airflow/example_dags/example_python_operator.py
[2024-03-16T11:51:40.291+0500] {processor.py:830} INFO - Processing file /home/muhammadsami/Public/Projects/Airflow/DataPipelineswithApacheAirflow/.env/lib/python3.8/site-packages/airflow/example_dags/example_python_operator.py for tasks to queue
[2024-03-16T11:51:40.292+0500] {logging_mixin.py:188} INFO - [2024-03-16T11:51:40.292+0500] {dagbag.py:540} INFO - Filling up the DagBag from /home/muhammadsami/Public/Projects/Airflow/DataPipelineswithApacheAirflow/.env/lib/python3.8/site-packages/airflow/example_dags/example_python_operator.py
[2024-03-16T11:51:40.298+0500] {logging_mixin.py:188} INFO - [2024-03-16T11:51:40.298+0500] {example_python_operator.py:88} WARNING - The virtalenv_python example task requires virtualenv, please install it.
[2024-03-16T11:51:40.298+0500] {processor.py:840} INFO - DAG(s) 'example_python_operator' retrieved from /home/muhammadsami/Public/Projects/Airflow/DataPipelineswithApacheAirflow/.env/lib/python3.8/site-packages/airflow/example_dags/example_python_operator.py
[2024-03-16T11:51:40.312+0500] {logging_mixin.py:188} INFO - [2024-03-16T11:51:40.312+0500] {dag.py:3047} INFO - Sync 1 DAGs
[2024-03-16T11:51:40.323+0500] {logging_mixin.py:188} INFO - [2024-03-16T11:51:40.322+0500] {dag.py:3834} INFO - Setting next_dagrun for example_python_operator to None, run_after=None
[2024-03-16T11:51:40.419+0500] {processor.py:183} INFO - Processing /home/muhammadsami/Public/Projects/Airflow/DataPipelineswithApacheAirflow/.env/lib/python3.8/site-packages/airflow/example_dags/example_python_operator.py took 0.135 seconds
[2024-03-16T11:52:32.470+0500] {processor.py:161} INFO - Started process (PID=21482) to work on /home/muhammadsami/Public/Projects/Airflow/DataPipelineswithApacheAirflow/.env/lib/python3.8/site-packages/airflow/example_dags/example_python_operator.py
[2024-03-16T11:52:32.481+0500] {processor.py:830} INFO - Processing file /home/muhammadsami/Public/Projects/Airflow/DataPipelineswithApacheAirflow/.env/lib/python3.8/site-packages/airflow/example_dags/example_python_operator.py for tasks to queue
[2024-03-16T11:52:32.482+0500] {logging_mixin.py:188} INFO - [2024-03-16T11:52:32.481+0500] {dagbag.py:540} INFO - Filling up the DagBag from /home/muhammadsami/Public/Projects/Airflow/DataPipelineswithApacheAirflow/.env/lib/python3.8/site-packages/airflow/example_dags/example_python_operator.py
[2024-03-16T11:52:32.489+0500] {logging_mixin.py:188} INFO - [2024-03-16T11:52:32.488+0500] {example_python_operator.py:88} WARNING - The virtalenv_python example task requires virtualenv, please install it.
[2024-03-16T11:52:32.489+0500] {processor.py:840} INFO - DAG(s) 'example_python_operator' retrieved from /home/muhammadsami/Public/Projects/Airflow/DataPipelineswithApacheAirflow/.env/lib/python3.8/site-packages/airflow/example_dags/example_python_operator.py
[2024-03-16T11:52:32.506+0500] {logging_mixin.py:188} INFO - [2024-03-16T11:52:32.506+0500] {dag.py:3047} INFO - Sync 1 DAGs
[2024-03-16T11:52:32.518+0500] {logging_mixin.py:188} INFO - [2024-03-16T11:52:32.518+0500] {dag.py:3834} INFO - Setting next_dagrun for example_python_operator to None, run_after=None
[2024-03-16T11:52:32.611+0500] {processor.py:183} INFO - Processing /home/muhammadsami/Public/Projects/Airflow/DataPipelineswithApacheAirflow/.env/lib/python3.8/site-packages/airflow/example_dags/example_python_operator.py took 0.145 seconds
[2024-03-16T11:53:24.180+0500] {processor.py:161} INFO - Started process (PID=21554) to work on /home/muhammadsami/Public/Projects/Airflow/DataPipelineswithApacheAirflow/.env/lib/python3.8/site-packages/airflow/example_dags/example_python_operator.py
[2024-03-16T11:53:24.207+0500] {processor.py:830} INFO - Processing file /home/muhammadsami/Public/Projects/Airflow/DataPipelineswithApacheAirflow/.env/lib/python3.8/site-packages/airflow/example_dags/example_python_operator.py for tasks to queue
[2024-03-16T11:53:24.208+0500] {logging_mixin.py:188} INFO - [2024-03-16T11:53:24.208+0500] {dagbag.py:540} INFO - Filling up the DagBag from /home/muhammadsami/Public/Projects/Airflow/DataPipelineswithApacheAirflow/.env/lib/python3.8/site-packages/airflow/example_dags/example_python_operator.py
[2024-03-16T11:53:24.214+0500] {logging_mixin.py:188} INFO - [2024-03-16T11:53:24.214+0500] {example_python_operator.py:88} WARNING - The virtalenv_python example task requires virtualenv, please install it.
[2024-03-16T11:53:24.215+0500] {processor.py:840} INFO - DAG(s) 'example_python_operator' retrieved from /home/muhammadsami/Public/Projects/Airflow/DataPipelineswithApacheAirflow/.env/lib/python3.8/site-packages/airflow/example_dags/example_python_operator.py
[2024-03-16T11:53:24.228+0500] {logging_mixin.py:188} INFO - [2024-03-16T11:53:24.228+0500] {dag.py:3047} INFO - Sync 1 DAGs
[2024-03-16T11:53:24.238+0500] {logging_mixin.py:188} INFO - [2024-03-16T11:53:24.238+0500] {dag.py:3834} INFO - Setting next_dagrun for example_python_operator to None, run_after=None
[2024-03-16T11:53:24.435+0500] {processor.py:183} INFO - Processing /home/muhammadsami/Public/Projects/Airflow/DataPipelineswithApacheAirflow/.env/lib/python3.8/site-packages/airflow/example_dags/example_python_operator.py took 0.257 seconds
[2024-03-16T11:54:15.377+0500] {processor.py:161} INFO - Started process (PID=21664) to work on /home/muhammadsami/Public/Projects/Airflow/DataPipelineswithApacheAirflow/.env/lib/python3.8/site-packages/airflow/example_dags/example_python_operator.py
[2024-03-16T11:54:15.392+0500] {processor.py:830} INFO - Processing file /home/muhammadsami/Public/Projects/Airflow/DataPipelineswithApacheAirflow/.env/lib/python3.8/site-packages/airflow/example_dags/example_python_operator.py for tasks to queue
[2024-03-16T11:54:15.393+0500] {logging_mixin.py:188} INFO - [2024-03-16T11:54:15.392+0500] {dagbag.py:540} INFO - Filling up the DagBag from /home/muhammadsami/Public/Projects/Airflow/DataPipelineswithApacheAirflow/.env/lib/python3.8/site-packages/airflow/example_dags/example_python_operator.py
[2024-03-16T11:54:15.398+0500] {logging_mixin.py:188} INFO - [2024-03-16T11:54:15.398+0500] {example_python_operator.py:88} WARNING - The virtalenv_python example task requires virtualenv, please install it.
[2024-03-16T11:54:15.399+0500] {processor.py:840} INFO - DAG(s) 'example_python_operator' retrieved from /home/muhammadsami/Public/Projects/Airflow/DataPipelineswithApacheAirflow/.env/lib/python3.8/site-packages/airflow/example_dags/example_python_operator.py
[2024-03-16T11:54:15.413+0500] {logging_mixin.py:188} INFO - [2024-03-16T11:54:15.413+0500] {dag.py:3047} INFO - Sync 1 DAGs
[2024-03-16T11:54:15.422+0500] {logging_mixin.py:188} INFO - [2024-03-16T11:54:15.422+0500] {dag.py:3834} INFO - Setting next_dagrun for example_python_operator to None, run_after=None
[2024-03-16T11:54:15.657+0500] {processor.py:183} INFO - Processing /home/muhammadsami/Public/Projects/Airflow/DataPipelineswithApacheAirflow/.env/lib/python3.8/site-packages/airflow/example_dags/example_python_operator.py took 0.283 seconds
[2024-03-16T11:55:05.012+0500] {processor.py:161} INFO - Started process (PID=21816) to work on /home/muhammadsami/Public/Projects/Airflow/DataPipelineswithApacheAirflow/.env/lib/python3.8/site-packages/airflow/example_dags/example_python_operator.py
[2024-03-16T11:55:05.029+0500] {processor.py:830} INFO - Processing file /home/muhammadsami/Public/Projects/Airflow/DataPipelineswithApacheAirflow/.env/lib/python3.8/site-packages/airflow/example_dags/example_python_operator.py for tasks to queue
[2024-03-16T11:55:05.030+0500] {logging_mixin.py:188} INFO - [2024-03-16T11:55:05.030+0500] {dagbag.py:540} INFO - Filling up the DagBag from /home/muhammadsami/Public/Projects/Airflow/DataPipelineswithApacheAirflow/.env/lib/python3.8/site-packages/airflow/example_dags/example_python_operator.py
[2024-03-16T11:55:05.036+0500] {logging_mixin.py:188} INFO - [2024-03-16T11:55:05.036+0500] {example_python_operator.py:88} WARNING - The virtalenv_python example task requires virtualenv, please install it.
[2024-03-16T11:55:05.037+0500] {processor.py:840} INFO - DAG(s) 'example_python_operator' retrieved from /home/muhammadsami/Public/Projects/Airflow/DataPipelineswithApacheAirflow/.env/lib/python3.8/site-packages/airflow/example_dags/example_python_operator.py
[2024-03-16T11:55:05.054+0500] {logging_mixin.py:188} INFO - [2024-03-16T11:55:05.054+0500] {dag.py:3047} INFO - Sync 1 DAGs
[2024-03-16T11:55:05.067+0500] {logging_mixin.py:188} INFO - [2024-03-16T11:55:05.067+0500] {dag.py:3834} INFO - Setting next_dagrun for example_python_operator to None, run_after=None
[2024-03-16T11:55:05.157+0500] {processor.py:183} INFO - Processing /home/muhammadsami/Public/Projects/Airflow/DataPipelineswithApacheAirflow/.env/lib/python3.8/site-packages/airflow/example_dags/example_python_operator.py took 0.149 seconds
[2024-03-16T11:55:57.455+0500] {processor.py:161} INFO - Started process (PID=21916) to work on /home/muhammadsami/Public/Projects/Airflow/DataPipelineswithApacheAirflow/.env/lib/python3.8/site-packages/airflow/example_dags/example_python_operator.py
[2024-03-16T11:55:57.457+0500] {processor.py:830} INFO - Processing file /home/muhammadsami/Public/Projects/Airflow/DataPipelineswithApacheAirflow/.env/lib/python3.8/site-packages/airflow/example_dags/example_python_operator.py for tasks to queue
[2024-03-16T11:55:57.458+0500] {logging_mixin.py:188} INFO - [2024-03-16T11:55:57.457+0500] {dagbag.py:540} INFO - Filling up the DagBag from /home/muhammadsami/Public/Projects/Airflow/DataPipelineswithApacheAirflow/.env/lib/python3.8/site-packages/airflow/example_dags/example_python_operator.py
[2024-03-16T11:55:57.467+0500] {logging_mixin.py:188} INFO - [2024-03-16T11:55:57.467+0500] {example_python_operator.py:88} WARNING - The virtalenv_python example task requires virtualenv, please install it.
[2024-03-16T11:55:57.468+0500] {processor.py:840} INFO - DAG(s) 'example_python_operator' retrieved from /home/muhammadsami/Public/Projects/Airflow/DataPipelineswithApacheAirflow/.env/lib/python3.8/site-packages/airflow/example_dags/example_python_operator.py
[2024-03-16T11:55:57.489+0500] {logging_mixin.py:188} INFO - [2024-03-16T11:55:57.489+0500] {dag.py:3047} INFO - Sync 1 DAGs
[2024-03-16T11:55:57.502+0500] {logging_mixin.py:188} INFO - [2024-03-16T11:55:57.502+0500] {dag.py:3834} INFO - Setting next_dagrun for example_python_operator to None, run_after=None
[2024-03-16T11:55:57.674+0500] {processor.py:183} INFO - Processing /home/muhammadsami/Public/Projects/Airflow/DataPipelineswithApacheAirflow/.env/lib/python3.8/site-packages/airflow/example_dags/example_python_operator.py took 0.221 seconds
[2024-03-16T11:56:46.726+0500] {processor.py:161} INFO - Started process (PID=21966) to work on /home/muhammadsami/Public/Projects/Airflow/DataPipelineswithApacheAirflow/.env/lib/python3.8/site-packages/airflow/example_dags/example_python_operator.py
[2024-03-16T11:56:46.728+0500] {processor.py:830} INFO - Processing file /home/muhammadsami/Public/Projects/Airflow/DataPipelineswithApacheAirflow/.env/lib/python3.8/site-packages/airflow/example_dags/example_python_operator.py for tasks to queue
[2024-03-16T11:56:46.729+0500] {logging_mixin.py:188} INFO - [2024-03-16T11:56:46.728+0500] {dagbag.py:540} INFO - Filling up the DagBag from /home/muhammadsami/Public/Projects/Airflow/DataPipelineswithApacheAirflow/.env/lib/python3.8/site-packages/airflow/example_dags/example_python_operator.py
[2024-03-16T11:56:46.739+0500] {logging_mixin.py:188} INFO - [2024-03-16T11:56:46.739+0500] {example_python_operator.py:88} WARNING - The virtalenv_python example task requires virtualenv, please install it.
[2024-03-16T11:56:46.740+0500] {processor.py:840} INFO - DAG(s) 'example_python_operator' retrieved from /home/muhammadsami/Public/Projects/Airflow/DataPipelineswithApacheAirflow/.env/lib/python3.8/site-packages/airflow/example_dags/example_python_operator.py
[2024-03-16T11:56:46.759+0500] {logging_mixin.py:188} INFO - [2024-03-16T11:56:46.759+0500] {dag.py:3047} INFO - Sync 1 DAGs
[2024-03-16T11:56:46.775+0500] {logging_mixin.py:188} INFO - [2024-03-16T11:56:46.775+0500] {dag.py:3834} INFO - Setting next_dagrun for example_python_operator to None, run_after=None
[2024-03-16T11:56:46.892+0500] {processor.py:183} INFO - Processing /home/muhammadsami/Public/Projects/Airflow/DataPipelineswithApacheAirflow/.env/lib/python3.8/site-packages/airflow/example_dags/example_python_operator.py took 0.170 seconds
[2024-03-16T11:57:38.866+0500] {processor.py:161} INFO - Started process (PID=22018) to work on /home/muhammadsami/Public/Projects/Airflow/DataPipelineswithApacheAirflow/.env/lib/python3.8/site-packages/airflow/example_dags/example_python_operator.py
[2024-03-16T11:57:38.867+0500] {processor.py:830} INFO - Processing file /home/muhammadsami/Public/Projects/Airflow/DataPipelineswithApacheAirflow/.env/lib/python3.8/site-packages/airflow/example_dags/example_python_operator.py for tasks to queue
[2024-03-16T11:57:38.868+0500] {logging_mixin.py:188} INFO - [2024-03-16T11:57:38.868+0500] {dagbag.py:540} INFO - Filling up the DagBag from /home/muhammadsami/Public/Projects/Airflow/DataPipelineswithApacheAirflow/.env/lib/python3.8/site-packages/airflow/example_dags/example_python_operator.py
[2024-03-16T11:57:38.875+0500] {logging_mixin.py:188} INFO - [2024-03-16T11:57:38.875+0500] {example_python_operator.py:88} WARNING - The virtalenv_python example task requires virtualenv, please install it.
[2024-03-16T11:57:38.876+0500] {processor.py:840} INFO - DAG(s) 'example_python_operator' retrieved from /home/muhammadsami/Public/Projects/Airflow/DataPipelineswithApacheAirflow/.env/lib/python3.8/site-packages/airflow/example_dags/example_python_operator.py
[2024-03-16T11:57:38.892+0500] {logging_mixin.py:188} INFO - [2024-03-16T11:57:38.891+0500] {dag.py:3047} INFO - Sync 1 DAGs
[2024-03-16T11:57:38.901+0500] {logging_mixin.py:188} INFO - [2024-03-16T11:57:38.901+0500] {dag.py:3834} INFO - Setting next_dagrun for example_python_operator to None, run_after=None
[2024-03-16T11:57:38.991+0500] {processor.py:183} INFO - Processing /home/muhammadsami/Public/Projects/Airflow/DataPipelineswithApacheAirflow/.env/lib/python3.8/site-packages/airflow/example_dags/example_python_operator.py took 0.128 seconds
[2024-03-16T11:58:30.277+0500] {processor.py:161} INFO - Started process (PID=22120) to work on /home/muhammadsami/Public/Projects/Airflow/DataPipelineswithApacheAirflow/.env/lib/python3.8/site-packages/airflow/example_dags/example_python_operator.py
[2024-03-16T11:58:30.289+0500] {processor.py:830} INFO - Processing file /home/muhammadsami/Public/Projects/Airflow/DataPipelineswithApacheAirflow/.env/lib/python3.8/site-packages/airflow/example_dags/example_python_operator.py for tasks to queue
[2024-03-16T11:58:30.290+0500] {logging_mixin.py:188} INFO - [2024-03-16T11:58:30.289+0500] {dagbag.py:540} INFO - Filling up the DagBag from /home/muhammadsami/Public/Projects/Airflow/DataPipelineswithApacheAirflow/.env/lib/python3.8/site-packages/airflow/example_dags/example_python_operator.py
[2024-03-16T11:58:30.295+0500] {logging_mixin.py:188} INFO - [2024-03-16T11:58:30.295+0500] {example_python_operator.py:88} WARNING - The virtalenv_python example task requires virtualenv, please install it.
[2024-03-16T11:58:30.295+0500] {processor.py:840} INFO - DAG(s) 'example_python_operator' retrieved from /home/muhammadsami/Public/Projects/Airflow/DataPipelineswithApacheAirflow/.env/lib/python3.8/site-packages/airflow/example_dags/example_python_operator.py
[2024-03-16T11:58:30.309+0500] {logging_mixin.py:188} INFO - [2024-03-16T11:58:30.309+0500] {dag.py:3047} INFO - Sync 1 DAGs
[2024-03-16T11:58:30.319+0500] {logging_mixin.py:188} INFO - [2024-03-16T11:58:30.318+0500] {dag.py:3834} INFO - Setting next_dagrun for example_python_operator to None, run_after=None
[2024-03-16T11:58:30.408+0500] {processor.py:183} INFO - Processing /home/muhammadsami/Public/Projects/Airflow/DataPipelineswithApacheAirflow/.env/lib/python3.8/site-packages/airflow/example_dags/example_python_operator.py took 0.134 seconds
[2024-03-16T11:59:19.237+0500] {processor.py:161} INFO - Started process (PID=22200) to work on /home/muhammadsami/Public/Projects/Airflow/DataPipelineswithApacheAirflow/.env/lib/python3.8/site-packages/airflow/example_dags/example_python_operator.py
[2024-03-16T11:59:19.238+0500] {processor.py:830} INFO - Processing file /home/muhammadsami/Public/Projects/Airflow/DataPipelineswithApacheAirflow/.env/lib/python3.8/site-packages/airflow/example_dags/example_python_operator.py for tasks to queue
[2024-03-16T11:59:19.239+0500] {logging_mixin.py:188} INFO - [2024-03-16T11:59:19.239+0500] {dagbag.py:540} INFO - Filling up the DagBag from /home/muhammadsami/Public/Projects/Airflow/DataPipelineswithApacheAirflow/.env/lib/python3.8/site-packages/airflow/example_dags/example_python_operator.py
[2024-03-16T11:59:19.245+0500] {logging_mixin.py:188} INFO - [2024-03-16T11:59:19.244+0500] {example_python_operator.py:88} WARNING - The virtalenv_python example task requires virtualenv, please install it.
[2024-03-16T11:59:19.245+0500] {processor.py:840} INFO - DAG(s) 'example_python_operator' retrieved from /home/muhammadsami/Public/Projects/Airflow/DataPipelineswithApacheAirflow/.env/lib/python3.8/site-packages/airflow/example_dags/example_python_operator.py
[2024-03-16T11:59:19.259+0500] {logging_mixin.py:188} INFO - [2024-03-16T11:59:19.259+0500] {dag.py:3047} INFO - Sync 1 DAGs
[2024-03-16T11:59:19.268+0500] {logging_mixin.py:188} INFO - [2024-03-16T11:59:19.268+0500] {dag.py:3834} INFO - Setting next_dagrun for example_python_operator to None, run_after=None
[2024-03-16T11:59:19.359+0500] {processor.py:183} INFO - Processing /home/muhammadsami/Public/Projects/Airflow/DataPipelineswithApacheAirflow/.env/lib/python3.8/site-packages/airflow/example_dags/example_python_operator.py took 0.125 seconds
[2024-03-16T12:00:10.842+0500] {processor.py:161} INFO - Started process (PID=22315) to work on /home/muhammadsami/Public/Projects/Airflow/DataPipelineswithApacheAirflow/.env/lib/python3.8/site-packages/airflow/example_dags/example_python_operator.py
[2024-03-16T12:00:10.858+0500] {processor.py:830} INFO - Processing file /home/muhammadsami/Public/Projects/Airflow/DataPipelineswithApacheAirflow/.env/lib/python3.8/site-packages/airflow/example_dags/example_python_operator.py for tasks to queue
[2024-03-16T12:00:10.859+0500] {logging_mixin.py:188} INFO - [2024-03-16T12:00:10.858+0500] {dagbag.py:540} INFO - Filling up the DagBag from /home/muhammadsami/Public/Projects/Airflow/DataPipelineswithApacheAirflow/.env/lib/python3.8/site-packages/airflow/example_dags/example_python_operator.py
[2024-03-16T12:00:10.865+0500] {logging_mixin.py:188} INFO - [2024-03-16T12:00:10.864+0500] {example_python_operator.py:88} WARNING - The virtalenv_python example task requires virtualenv, please install it.
[2024-03-16T12:00:10.865+0500] {processor.py:840} INFO - DAG(s) 'example_python_operator' retrieved from /home/muhammadsami/Public/Projects/Airflow/DataPipelineswithApacheAirflow/.env/lib/python3.8/site-packages/airflow/example_dags/example_python_operator.py
[2024-03-16T12:00:10.880+0500] {logging_mixin.py:188} INFO - [2024-03-16T12:00:10.880+0500] {dag.py:3047} INFO - Sync 1 DAGs
[2024-03-16T12:00:10.891+0500] {logging_mixin.py:188} INFO - [2024-03-16T12:00:10.891+0500] {dag.py:3834} INFO - Setting next_dagrun for example_python_operator to None, run_after=None
[2024-03-16T12:00:10.990+0500] {processor.py:183} INFO - Processing /home/muhammadsami/Public/Projects/Airflow/DataPipelineswithApacheAirflow/.env/lib/python3.8/site-packages/airflow/example_dags/example_python_operator.py took 0.151 seconds
[2024-03-16T12:01:05.753+0500] {processor.py:161} INFO - Started process (PID=22367) to work on /home/muhammadsami/Public/Projects/Airflow/DataPipelineswithApacheAirflow/.env/lib/python3.8/site-packages/airflow/example_dags/example_python_operator.py
[2024-03-16T12:01:05.755+0500] {processor.py:830} INFO - Processing file /home/muhammadsami/Public/Projects/Airflow/DataPipelineswithApacheAirflow/.env/lib/python3.8/site-packages/airflow/example_dags/example_python_operator.py for tasks to queue
[2024-03-16T12:01:05.756+0500] {logging_mixin.py:188} INFO - [2024-03-16T12:01:05.755+0500] {dagbag.py:540} INFO - Filling up the DagBag from /home/muhammadsami/Public/Projects/Airflow/DataPipelineswithApacheAirflow/.env/lib/python3.8/site-packages/airflow/example_dags/example_python_operator.py
[2024-03-16T12:01:05.761+0500] {logging_mixin.py:188} INFO - [2024-03-16T12:01:05.761+0500] {example_python_operator.py:88} WARNING - The virtalenv_python example task requires virtualenv, please install it.
[2024-03-16T12:01:05.762+0500] {processor.py:840} INFO - DAG(s) 'example_python_operator' retrieved from /home/muhammadsami/Public/Projects/Airflow/DataPipelineswithApacheAirflow/.env/lib/python3.8/site-packages/airflow/example_dags/example_python_operator.py
[2024-03-16T12:01:05.775+0500] {logging_mixin.py:188} INFO - [2024-03-16T12:01:05.775+0500] {dag.py:3047} INFO - Sync 1 DAGs
[2024-03-16T12:01:05.785+0500] {logging_mixin.py:188} INFO - [2024-03-16T12:01:05.784+0500] {dag.py:3834} INFO - Setting next_dagrun for example_python_operator to None, run_after=None
[2024-03-16T12:01:06.103+0500] {processor.py:183} INFO - Processing /home/muhammadsami/Public/Projects/Airflow/DataPipelineswithApacheAirflow/.env/lib/python3.8/site-packages/airflow/example_dags/example_python_operator.py took 0.352 seconds
