[2024-03-16T11:22:24.387+0500] {processor.py:161} INFO - Started process (PID=18022) to work on /home/muhammadsami/Public/Projects/Airflow/DataPipelineswithApacheAirflow/.env/lib/python3.8/site-packages/airflow/example_dags/example_trigger_controller_dag.py
[2024-03-16T11:22:24.388+0500] {processor.py:830} INFO - Processing file /home/muhammadsami/Public/Projects/Airflow/DataPipelineswithApacheAirflow/.env/lib/python3.8/site-packages/airflow/example_dags/example_trigger_controller_dag.py for tasks to queue
[2024-03-16T11:22:24.388+0500] {logging_mixin.py:188} INFO - [2024-03-16T11:22:24.388+0500] {dagbag.py:540} INFO - Filling up the DagBag from /home/muhammadsami/Public/Projects/Airflow/DataPipelineswithApacheAirflow/.env/lib/python3.8/site-packages/airflow/example_dags/example_trigger_controller_dag.py
[2024-03-16T11:22:24.394+0500] {processor.py:840} INFO - DAG(s) 'example_trigger_controller_dag' retrieved from /home/muhammadsami/Public/Projects/Airflow/DataPipelineswithApacheAirflow/.env/lib/python3.8/site-packages/airflow/example_dags/example_trigger_controller_dag.py
[2024-03-16T11:22:24.709+0500] {logging_mixin.py:188} INFO - [2024-03-16T11:22:24.708+0500] {override.py:1769} INFO - Created Permission View: can edit on DAG:example_trigger_controller_dag
[2024-03-16T11:22:24.808+0500] {logging_mixin.py:188} INFO - [2024-03-16T11:22:24.807+0500] {override.py:1769} INFO - Created Permission View: can delete on DAG:example_trigger_controller_dag
[2024-03-16T11:22:24.907+0500] {logging_mixin.py:188} INFO - [2024-03-16T11:22:24.906+0500] {override.py:1769} INFO - Created Permission View: can read on DAG:example_trigger_controller_dag
[2024-03-16T11:22:24.907+0500] {logging_mixin.py:188} INFO - [2024-03-16T11:22:24.907+0500] {dag.py:3047} INFO - Sync 1 DAGs
[2024-03-16T11:22:24.917+0500] {logging_mixin.py:188} INFO - [2024-03-16T11:22:24.917+0500] {dag.py:3069} INFO - Creating ORM DAG for example_trigger_controller_dag
[2024-03-16T11:22:25.014+0500] {logging_mixin.py:188} INFO - [2024-03-16T11:22:25.014+0500] {dag.py:3834} INFO - Setting next_dagrun for example_trigger_controller_dag to 2021-01-01 00:00:00+00:00, run_after=2021-01-01 00:00:00+00:00
[2024-03-16T11:22:25.192+0500] {processor.py:183} INFO - Processing /home/muhammadsami/Public/Projects/Airflow/DataPipelineswithApacheAirflow/.env/lib/python3.8/site-packages/airflow/example_dags/example_trigger_controller_dag.py took 0.808 seconds
[2024-03-16T11:23:56.022+0500] {processor.py:161} INFO - Started process (PID=18448) to work on /home/muhammadsami/Public/Projects/Airflow/DataPipelineswithApacheAirflow/.env/lib/python3.8/site-packages/airflow/example_dags/example_trigger_controller_dag.py
[2024-03-16T11:23:56.023+0500] {processor.py:830} INFO - Processing file /home/muhammadsami/Public/Projects/Airflow/DataPipelineswithApacheAirflow/.env/lib/python3.8/site-packages/airflow/example_dags/example_trigger_controller_dag.py for tasks to queue
[2024-03-16T11:23:56.024+0500] {logging_mixin.py:188} INFO - [2024-03-16T11:23:56.024+0500] {dagbag.py:540} INFO - Filling up the DagBag from /home/muhammadsami/Public/Projects/Airflow/DataPipelineswithApacheAirflow/.env/lib/python3.8/site-packages/airflow/example_dags/example_trigger_controller_dag.py
[2024-03-16T11:23:56.029+0500] {processor.py:840} INFO - DAG(s) 'example_trigger_controller_dag' retrieved from /home/muhammadsami/Public/Projects/Airflow/DataPipelineswithApacheAirflow/.env/lib/python3.8/site-packages/airflow/example_dags/example_trigger_controller_dag.py
[2024-03-16T11:23:56.045+0500] {logging_mixin.py:188} INFO - [2024-03-16T11:23:56.045+0500] {dag.py:3047} INFO - Sync 1 DAGs
[2024-03-16T11:23:56.072+0500] {logging_mixin.py:188} INFO - [2024-03-16T11:23:56.072+0500] {dag.py:3834} INFO - Setting next_dagrun for example_trigger_controller_dag to 2021-01-01 00:00:00+00:00, run_after=2021-01-01 00:00:00+00:00
[2024-03-16T11:23:56.184+0500] {processor.py:183} INFO - Processing /home/muhammadsami/Public/Projects/Airflow/DataPipelineswithApacheAirflow/.env/lib/python3.8/site-packages/airflow/example_dags/example_trigger_controller_dag.py took 0.165 seconds
[2024-03-16T11:24:52.346+0500] {processor.py:161} INFO - Started process (PID=18575) to work on /home/muhammadsami/Public/Projects/Airflow/DataPipelineswithApacheAirflow/.env/lib/python3.8/site-packages/airflow/example_dags/example_trigger_controller_dag.py
[2024-03-16T11:24:52.378+0500] {processor.py:830} INFO - Processing file /home/muhammadsami/Public/Projects/Airflow/DataPipelineswithApacheAirflow/.env/lib/python3.8/site-packages/airflow/example_dags/example_trigger_controller_dag.py for tasks to queue
[2024-03-16T11:24:52.379+0500] {logging_mixin.py:188} INFO - [2024-03-16T11:24:52.378+0500] {dagbag.py:540} INFO - Filling up the DagBag from /home/muhammadsami/Public/Projects/Airflow/DataPipelineswithApacheAirflow/.env/lib/python3.8/site-packages/airflow/example_dags/example_trigger_controller_dag.py
[2024-03-16T11:24:52.383+0500] {processor.py:840} INFO - DAG(s) 'example_trigger_controller_dag' retrieved from /home/muhammadsami/Public/Projects/Airflow/DataPipelineswithApacheAirflow/.env/lib/python3.8/site-packages/airflow/example_dags/example_trigger_controller_dag.py
[2024-03-16T11:24:52.395+0500] {logging_mixin.py:188} INFO - [2024-03-16T11:24:52.395+0500] {dag.py:3047} INFO - Sync 1 DAGs
[2024-03-16T11:24:52.412+0500] {logging_mixin.py:188} INFO - [2024-03-16T11:24:52.411+0500] {dag.py:3834} INFO - Setting next_dagrun for example_trigger_controller_dag to 2021-01-01 00:00:00+00:00, run_after=2021-01-01 00:00:00+00:00
[2024-03-16T11:24:52.519+0500] {processor.py:183} INFO - Processing /home/muhammadsami/Public/Projects/Airflow/DataPipelineswithApacheAirflow/.env/lib/python3.8/site-packages/airflow/example_dags/example_trigger_controller_dag.py took 0.176 seconds
[2024-03-16T11:25:43.078+0500] {processor.py:161} INFO - Started process (PID=18643) to work on /home/muhammadsami/Public/Projects/Airflow/DataPipelineswithApacheAirflow/.env/lib/python3.8/site-packages/airflow/example_dags/example_trigger_controller_dag.py
[2024-03-16T11:25:43.229+0500] {processor.py:830} INFO - Processing file /home/muhammadsami/Public/Projects/Airflow/DataPipelineswithApacheAirflow/.env/lib/python3.8/site-packages/airflow/example_dags/example_trigger_controller_dag.py for tasks to queue
[2024-03-16T11:25:43.230+0500] {logging_mixin.py:188} INFO - [2024-03-16T11:25:43.229+0500] {dagbag.py:540} INFO - Filling up the DagBag from /home/muhammadsami/Public/Projects/Airflow/DataPipelineswithApacheAirflow/.env/lib/python3.8/site-packages/airflow/example_dags/example_trigger_controller_dag.py
[2024-03-16T11:25:43.234+0500] {processor.py:840} INFO - DAG(s) 'example_trigger_controller_dag' retrieved from /home/muhammadsami/Public/Projects/Airflow/DataPipelineswithApacheAirflow/.env/lib/python3.8/site-packages/airflow/example_dags/example_trigger_controller_dag.py
[2024-03-16T11:25:43.246+0500] {logging_mixin.py:188} INFO - [2024-03-16T11:25:43.246+0500] {dag.py:3047} INFO - Sync 1 DAGs
[2024-03-16T11:25:43.263+0500] {logging_mixin.py:188} INFO - [2024-03-16T11:25:43.262+0500] {dag.py:3834} INFO - Setting next_dagrun for example_trigger_controller_dag to 2021-01-01 00:00:00+00:00, run_after=2021-01-01 00:00:00+00:00
[2024-03-16T11:25:43.379+0500] {processor.py:183} INFO - Processing /home/muhammadsami/Public/Projects/Airflow/DataPipelineswithApacheAirflow/.env/lib/python3.8/site-packages/airflow/example_dags/example_trigger_controller_dag.py took 0.305 seconds
[2024-03-16T11:26:33.550+0500] {processor.py:161} INFO - Started process (PID=18724) to work on /home/muhammadsami/Public/Projects/Airflow/DataPipelineswithApacheAirflow/.env/lib/python3.8/site-packages/airflow/example_dags/example_trigger_controller_dag.py
[2024-03-16T11:26:33.552+0500] {processor.py:830} INFO - Processing file /home/muhammadsami/Public/Projects/Airflow/DataPipelineswithApacheAirflow/.env/lib/python3.8/site-packages/airflow/example_dags/example_trigger_controller_dag.py for tasks to queue
[2024-03-16T11:26:33.554+0500] {logging_mixin.py:188} INFO - [2024-03-16T11:26:33.553+0500] {dagbag.py:540} INFO - Filling up the DagBag from /home/muhammadsami/Public/Projects/Airflow/DataPipelineswithApacheAirflow/.env/lib/python3.8/site-packages/airflow/example_dags/example_trigger_controller_dag.py
[2024-03-16T11:26:33.560+0500] {processor.py:840} INFO - DAG(s) 'example_trigger_controller_dag' retrieved from /home/muhammadsami/Public/Projects/Airflow/DataPipelineswithApacheAirflow/.env/lib/python3.8/site-packages/airflow/example_dags/example_trigger_controller_dag.py
[2024-03-16T11:26:33.589+0500] {logging_mixin.py:188} INFO - [2024-03-16T11:26:33.588+0500] {dag.py:3047} INFO - Sync 1 DAGs
[2024-03-16T11:26:33.643+0500] {logging_mixin.py:188} INFO - [2024-03-16T11:26:33.642+0500] {dag.py:3834} INFO - Setting next_dagrun for example_trigger_controller_dag to 2021-01-01 00:00:00+00:00, run_after=2021-01-01 00:00:00+00:00
[2024-03-16T11:26:33.763+0500] {processor.py:183} INFO - Processing /home/muhammadsami/Public/Projects/Airflow/DataPipelineswithApacheAirflow/.env/lib/python3.8/site-packages/airflow/example_dags/example_trigger_controller_dag.py took 0.216 seconds
[2024-03-16T11:27:26.347+0500] {processor.py:161} INFO - Started process (PID=18777) to work on /home/muhammadsami/Public/Projects/Airflow/DataPipelineswithApacheAirflow/.env/lib/python3.8/site-packages/airflow/example_dags/example_trigger_controller_dag.py
[2024-03-16T11:27:26.348+0500] {processor.py:830} INFO - Processing file /home/muhammadsami/Public/Projects/Airflow/DataPipelineswithApacheAirflow/.env/lib/python3.8/site-packages/airflow/example_dags/example_trigger_controller_dag.py for tasks to queue
[2024-03-16T11:27:26.349+0500] {logging_mixin.py:188} INFO - [2024-03-16T11:27:26.349+0500] {dagbag.py:540} INFO - Filling up the DagBag from /home/muhammadsami/Public/Projects/Airflow/DataPipelineswithApacheAirflow/.env/lib/python3.8/site-packages/airflow/example_dags/example_trigger_controller_dag.py
[2024-03-16T11:27:26.354+0500] {processor.py:840} INFO - DAG(s) 'example_trigger_controller_dag' retrieved from /home/muhammadsami/Public/Projects/Airflow/DataPipelineswithApacheAirflow/.env/lib/python3.8/site-packages/airflow/example_dags/example_trigger_controller_dag.py
[2024-03-16T11:27:26.367+0500] {logging_mixin.py:188} INFO - [2024-03-16T11:27:26.366+0500] {dag.py:3047} INFO - Sync 1 DAGs
[2024-03-16T11:27:26.383+0500] {logging_mixin.py:188} INFO - [2024-03-16T11:27:26.383+0500] {dag.py:3834} INFO - Setting next_dagrun for example_trigger_controller_dag to 2021-01-01 00:00:00+00:00, run_after=2021-01-01 00:00:00+00:00
[2024-03-16T11:27:26.476+0500] {processor.py:183} INFO - Processing /home/muhammadsami/Public/Projects/Airflow/DataPipelineswithApacheAirflow/.env/lib/python3.8/site-packages/airflow/example_dags/example_trigger_controller_dag.py took 0.132 seconds
[2024-03-16T11:28:11.928+0500] {processor.py:161} INFO - Started process (PID=18824) to work on /home/muhammadsami/Public/Projects/Airflow/DataPipelineswithApacheAirflow/.env/lib/python3.8/site-packages/airflow/example_dags/example_trigger_controller_dag.py
[2024-03-16T11:28:11.930+0500] {processor.py:830} INFO - Processing file /home/muhammadsami/Public/Projects/Airflow/DataPipelineswithApacheAirflow/.env/lib/python3.8/site-packages/airflow/example_dags/example_trigger_controller_dag.py for tasks to queue
[2024-03-16T11:28:11.931+0500] {logging_mixin.py:188} INFO - [2024-03-16T11:28:11.931+0500] {dagbag.py:540} INFO - Filling up the DagBag from /home/muhammadsami/Public/Projects/Airflow/DataPipelineswithApacheAirflow/.env/lib/python3.8/site-packages/airflow/example_dags/example_trigger_controller_dag.py
[2024-03-16T11:28:11.937+0500] {processor.py:840} INFO - DAG(s) 'example_trigger_controller_dag' retrieved from /home/muhammadsami/Public/Projects/Airflow/DataPipelineswithApacheAirflow/.env/lib/python3.8/site-packages/airflow/example_dags/example_trigger_controller_dag.py
[2024-03-16T11:28:11.950+0500] {logging_mixin.py:188} INFO - [2024-03-16T11:28:11.950+0500] {dag.py:3047} INFO - Sync 1 DAGs
[2024-03-16T11:28:11.967+0500] {logging_mixin.py:188} INFO - [2024-03-16T11:28:11.967+0500] {dag.py:3834} INFO - Setting next_dagrun for example_trigger_controller_dag to 2021-01-01 00:00:00+00:00, run_after=2021-01-01 00:00:00+00:00
[2024-03-16T11:28:12.074+0500] {processor.py:183} INFO - Processing /home/muhammadsami/Public/Projects/Airflow/DataPipelineswithApacheAirflow/.env/lib/python3.8/site-packages/airflow/example_dags/example_trigger_controller_dag.py took 0.148 seconds
[2024-03-16T11:28:59.264+0500] {processor.py:161} INFO - Started process (PID=18889) to work on /home/muhammadsami/Public/Projects/Airflow/DataPipelineswithApacheAirflow/.env/lib/python3.8/site-packages/airflow/example_dags/example_trigger_controller_dag.py
[2024-03-16T11:28:59.265+0500] {processor.py:830} INFO - Processing file /home/muhammadsami/Public/Projects/Airflow/DataPipelineswithApacheAirflow/.env/lib/python3.8/site-packages/airflow/example_dags/example_trigger_controller_dag.py for tasks to queue
[2024-03-16T11:28:59.266+0500] {logging_mixin.py:188} INFO - [2024-03-16T11:28:59.266+0500] {dagbag.py:540} INFO - Filling up the DagBag from /home/muhammadsami/Public/Projects/Airflow/DataPipelineswithApacheAirflow/.env/lib/python3.8/site-packages/airflow/example_dags/example_trigger_controller_dag.py
[2024-03-16T11:28:59.270+0500] {processor.py:840} INFO - DAG(s) 'example_trigger_controller_dag' retrieved from /home/muhammadsami/Public/Projects/Airflow/DataPipelineswithApacheAirflow/.env/lib/python3.8/site-packages/airflow/example_dags/example_trigger_controller_dag.py
[2024-03-16T11:28:59.284+0500] {logging_mixin.py:188} INFO - [2024-03-16T11:28:59.284+0500] {dag.py:3047} INFO - Sync 1 DAGs
[2024-03-16T11:28:59.300+0500] {logging_mixin.py:188} INFO - [2024-03-16T11:28:59.300+0500] {dag.py:3834} INFO - Setting next_dagrun for example_trigger_controller_dag to 2021-01-01 00:00:00+00:00, run_after=2021-01-01 00:00:00+00:00
[2024-03-16T11:28:59.415+0500] {processor.py:183} INFO - Processing /home/muhammadsami/Public/Projects/Airflow/DataPipelineswithApacheAirflow/.env/lib/python3.8/site-packages/airflow/example_dags/example_trigger_controller_dag.py took 0.153 seconds
[2024-03-16T11:29:49.162+0500] {processor.py:161} INFO - Started process (PID=18944) to work on /home/muhammadsami/Public/Projects/Airflow/DataPipelineswithApacheAirflow/.env/lib/python3.8/site-packages/airflow/example_dags/example_trigger_controller_dag.py
[2024-03-16T11:29:49.163+0500] {processor.py:830} INFO - Processing file /home/muhammadsami/Public/Projects/Airflow/DataPipelineswithApacheAirflow/.env/lib/python3.8/site-packages/airflow/example_dags/example_trigger_controller_dag.py for tasks to queue
[2024-03-16T11:29:49.164+0500] {logging_mixin.py:188} INFO - [2024-03-16T11:29:49.164+0500] {dagbag.py:540} INFO - Filling up the DagBag from /home/muhammadsami/Public/Projects/Airflow/DataPipelineswithApacheAirflow/.env/lib/python3.8/site-packages/airflow/example_dags/example_trigger_controller_dag.py
[2024-03-16T11:29:49.170+0500] {processor.py:840} INFO - DAG(s) 'example_trigger_controller_dag' retrieved from /home/muhammadsami/Public/Projects/Airflow/DataPipelineswithApacheAirflow/.env/lib/python3.8/site-packages/airflow/example_dags/example_trigger_controller_dag.py
[2024-03-16T11:29:49.184+0500] {logging_mixin.py:188} INFO - [2024-03-16T11:29:49.184+0500] {dag.py:3047} INFO - Sync 1 DAGs
[2024-03-16T11:29:49.203+0500] {logging_mixin.py:188} INFO - [2024-03-16T11:29:49.202+0500] {dag.py:3834} INFO - Setting next_dagrun for example_trigger_controller_dag to 2021-01-01 00:00:00+00:00, run_after=2021-01-01 00:00:00+00:00
[2024-03-16T11:29:49.309+0500] {processor.py:183} INFO - Processing /home/muhammadsami/Public/Projects/Airflow/DataPipelineswithApacheAirflow/.env/lib/python3.8/site-packages/airflow/example_dags/example_trigger_controller_dag.py took 0.151 seconds
[2024-03-16T11:30:41.617+0500] {processor.py:161} INFO - Started process (PID=19007) to work on /home/muhammadsami/Public/Projects/Airflow/DataPipelineswithApacheAirflow/.env/lib/python3.8/site-packages/airflow/example_dags/example_trigger_controller_dag.py
[2024-03-16T11:30:41.619+0500] {processor.py:830} INFO - Processing file /home/muhammadsami/Public/Projects/Airflow/DataPipelineswithApacheAirflow/.env/lib/python3.8/site-packages/airflow/example_dags/example_trigger_controller_dag.py for tasks to queue
[2024-03-16T11:30:41.620+0500] {logging_mixin.py:188} INFO - [2024-03-16T11:30:41.619+0500] {dagbag.py:540} INFO - Filling up the DagBag from /home/muhammadsami/Public/Projects/Airflow/DataPipelineswithApacheAirflow/.env/lib/python3.8/site-packages/airflow/example_dags/example_trigger_controller_dag.py
[2024-03-16T11:30:41.625+0500] {processor.py:840} INFO - DAG(s) 'example_trigger_controller_dag' retrieved from /home/muhammadsami/Public/Projects/Airflow/DataPipelineswithApacheAirflow/.env/lib/python3.8/site-packages/airflow/example_dags/example_trigger_controller_dag.py
[2024-03-16T11:30:41.639+0500] {logging_mixin.py:188} INFO - [2024-03-16T11:30:41.638+0500] {dag.py:3047} INFO - Sync 1 DAGs
[2024-03-16T11:30:41.658+0500] {logging_mixin.py:188} INFO - [2024-03-16T11:30:41.658+0500] {dag.py:3834} INFO - Setting next_dagrun for example_trigger_controller_dag to 2021-01-01 00:00:00+00:00, run_after=2021-01-01 00:00:00+00:00
[2024-03-16T11:30:41.768+0500] {processor.py:183} INFO - Processing /home/muhammadsami/Public/Projects/Airflow/DataPipelineswithApacheAirflow/.env/lib/python3.8/site-packages/airflow/example_dags/example_trigger_controller_dag.py took 0.154 seconds
[2024-03-16T11:38:44.852+0500] {processor.py:161} INFO - Started process (PID=19467) to work on /home/muhammadsami/Public/Projects/Airflow/DataPipelineswithApacheAirflow/.env/lib/python3.8/site-packages/airflow/example_dags/example_trigger_controller_dag.py
[2024-03-16T11:38:44.878+0500] {processor.py:830} INFO - Processing file /home/muhammadsami/Public/Projects/Airflow/DataPipelineswithApacheAirflow/.env/lib/python3.8/site-packages/airflow/example_dags/example_trigger_controller_dag.py for tasks to queue
[2024-03-16T11:38:44.879+0500] {logging_mixin.py:188} INFO - [2024-03-16T11:38:44.879+0500] {dagbag.py:540} INFO - Filling up the DagBag from /home/muhammadsami/Public/Projects/Airflow/DataPipelineswithApacheAirflow/.env/lib/python3.8/site-packages/airflow/example_dags/example_trigger_controller_dag.py
[2024-03-16T11:38:44.889+0500] {processor.py:840} INFO - DAG(s) 'example_trigger_controller_dag' retrieved from /home/muhammadsami/Public/Projects/Airflow/DataPipelineswithApacheAirflow/.env/lib/python3.8/site-packages/airflow/example_dags/example_trigger_controller_dag.py
[2024-03-16T11:38:45.503+0500] {logging_mixin.py:188} INFO - [2024-03-16T11:38:45.503+0500] {dag.py:3047} INFO - Sync 1 DAGs
[2024-03-16T11:38:45.793+0500] {logging_mixin.py:188} INFO - [2024-03-16T11:38:45.793+0500] {dag.py:3834} INFO - Setting next_dagrun for example_trigger_controller_dag to 2021-01-01 00:00:00+00:00, run_after=2021-01-01 00:00:00+00:00
[2024-03-16T11:38:45.997+0500] {processor.py:183} INFO - Processing /home/muhammadsami/Public/Projects/Airflow/DataPipelineswithApacheAirflow/.env/lib/python3.8/site-packages/airflow/example_dags/example_trigger_controller_dag.py took 1.149 seconds
[2024-03-16T11:39:47.788+0500] {processor.py:161} INFO - Started process (PID=19815) to work on /home/muhammadsami/Public/Projects/Airflow/DataPipelineswithApacheAirflow/.env/lib/python3.8/site-packages/airflow/example_dags/example_trigger_controller_dag.py
[2024-03-16T11:39:47.800+0500] {processor.py:830} INFO - Processing file /home/muhammadsami/Public/Projects/Airflow/DataPipelineswithApacheAirflow/.env/lib/python3.8/site-packages/airflow/example_dags/example_trigger_controller_dag.py for tasks to queue
[2024-03-16T11:39:47.801+0500] {logging_mixin.py:188} INFO - [2024-03-16T11:39:47.801+0500] {dagbag.py:540} INFO - Filling up the DagBag from /home/muhammadsami/Public/Projects/Airflow/DataPipelineswithApacheAirflow/.env/lib/python3.8/site-packages/airflow/example_dags/example_trigger_controller_dag.py
[2024-03-16T11:39:47.805+0500] {processor.py:840} INFO - DAG(s) 'example_trigger_controller_dag' retrieved from /home/muhammadsami/Public/Projects/Airflow/DataPipelineswithApacheAirflow/.env/lib/python3.8/site-packages/airflow/example_dags/example_trigger_controller_dag.py
[2024-03-16T11:39:47.824+0500] {logging_mixin.py:188} INFO - [2024-03-16T11:39:47.823+0500] {dag.py:3047} INFO - Sync 1 DAGs
[2024-03-16T11:39:47.841+0500] {logging_mixin.py:188} INFO - [2024-03-16T11:39:47.841+0500] {dag.py:3834} INFO - Setting next_dagrun for example_trigger_controller_dag to 2021-01-01 00:00:00+00:00, run_after=2021-01-01 00:00:00+00:00
[2024-03-16T11:39:47.930+0500] {processor.py:183} INFO - Processing /home/muhammadsami/Public/Projects/Airflow/DataPipelineswithApacheAirflow/.env/lib/python3.8/site-packages/airflow/example_dags/example_trigger_controller_dag.py took 0.145 seconds
[2024-03-16T11:41:00.747+0500] {processor.py:161} INFO - Started process (PID=20091) to work on /home/muhammadsami/Public/Projects/Airflow/DataPipelineswithApacheAirflow/.env/lib/python3.8/site-packages/airflow/example_dags/example_trigger_controller_dag.py
[2024-03-16T11:41:00.762+0500] {processor.py:830} INFO - Processing file /home/muhammadsami/Public/Projects/Airflow/DataPipelineswithApacheAirflow/.env/lib/python3.8/site-packages/airflow/example_dags/example_trigger_controller_dag.py for tasks to queue
[2024-03-16T11:41:00.763+0500] {logging_mixin.py:188} INFO - [2024-03-16T11:41:00.762+0500] {dagbag.py:540} INFO - Filling up the DagBag from /home/muhammadsami/Public/Projects/Airflow/DataPipelineswithApacheAirflow/.env/lib/python3.8/site-packages/airflow/example_dags/example_trigger_controller_dag.py
[2024-03-16T11:41:00.857+0500] {processor.py:840} INFO - DAG(s) 'example_trigger_controller_dag' retrieved from /home/muhammadsami/Public/Projects/Airflow/DataPipelineswithApacheAirflow/.env/lib/python3.8/site-packages/airflow/example_dags/example_trigger_controller_dag.py
[2024-03-16T11:41:00.867+0500] {logging_mixin.py:188} INFO - [2024-03-16T11:41:00.866+0500] {dag.py:3047} INFO - Sync 1 DAGs
[2024-03-16T11:41:00.882+0500] {logging_mixin.py:188} INFO - [2024-03-16T11:41:00.881+0500] {dag.py:3834} INFO - Setting next_dagrun for example_trigger_controller_dag to 2021-01-01 00:00:00+00:00, run_after=2021-01-01 00:00:00+00:00
[2024-03-16T11:41:00.967+0500] {processor.py:183} INFO - Processing /home/muhammadsami/Public/Projects/Airflow/DataPipelineswithApacheAirflow/.env/lib/python3.8/site-packages/airflow/example_dags/example_trigger_controller_dag.py took 0.223 seconds
[2024-03-16T11:42:09.954+0500] {processor.py:161} INFO - Started process (PID=20233) to work on /home/muhammadsami/Public/Projects/Airflow/DataPipelineswithApacheAirflow/.env/lib/python3.8/site-packages/airflow/example_dags/example_trigger_controller_dag.py
[2024-03-16T11:42:09.955+0500] {processor.py:830} INFO - Processing file /home/muhammadsami/Public/Projects/Airflow/DataPipelineswithApacheAirflow/.env/lib/python3.8/site-packages/airflow/example_dags/example_trigger_controller_dag.py for tasks to queue
[2024-03-16T11:42:09.957+0500] {logging_mixin.py:188} INFO - [2024-03-16T11:42:09.956+0500] {dagbag.py:540} INFO - Filling up the DagBag from /home/muhammadsami/Public/Projects/Airflow/DataPipelineswithApacheAirflow/.env/lib/python3.8/site-packages/airflow/example_dags/example_trigger_controller_dag.py
[2024-03-16T11:42:09.963+0500] {processor.py:840} INFO - DAG(s) 'example_trigger_controller_dag' retrieved from /home/muhammadsami/Public/Projects/Airflow/DataPipelineswithApacheAirflow/.env/lib/python3.8/site-packages/airflow/example_dags/example_trigger_controller_dag.py
[2024-03-16T11:42:09.976+0500] {logging_mixin.py:188} INFO - [2024-03-16T11:42:09.975+0500] {dag.py:3047} INFO - Sync 1 DAGs
[2024-03-16T11:42:09.995+0500] {logging_mixin.py:188} INFO - [2024-03-16T11:42:09.995+0500] {dag.py:3834} INFO - Setting next_dagrun for example_trigger_controller_dag to 2021-01-01 00:00:00+00:00, run_after=2021-01-01 00:00:00+00:00
[2024-03-16T11:42:10.078+0500] {processor.py:183} INFO - Processing /home/muhammadsami/Public/Projects/Airflow/DataPipelineswithApacheAirflow/.env/lib/python3.8/site-packages/airflow/example_dags/example_trigger_controller_dag.py took 0.126 seconds
[2024-03-16T11:43:01.340+0500] {processor.py:161} INFO - Started process (PID=20293) to work on /home/muhammadsami/Public/Projects/Airflow/DataPipelineswithApacheAirflow/.env/lib/python3.8/site-packages/airflow/example_dags/example_trigger_controller_dag.py
[2024-03-16T11:43:01.342+0500] {processor.py:830} INFO - Processing file /home/muhammadsami/Public/Projects/Airflow/DataPipelineswithApacheAirflow/.env/lib/python3.8/site-packages/airflow/example_dags/example_trigger_controller_dag.py for tasks to queue
[2024-03-16T11:43:01.343+0500] {logging_mixin.py:188} INFO - [2024-03-16T11:43:01.342+0500] {dagbag.py:540} INFO - Filling up the DagBag from /home/muhammadsami/Public/Projects/Airflow/DataPipelineswithApacheAirflow/.env/lib/python3.8/site-packages/airflow/example_dags/example_trigger_controller_dag.py
[2024-03-16T11:43:01.348+0500] {processor.py:840} INFO - DAG(s) 'example_trigger_controller_dag' retrieved from /home/muhammadsami/Public/Projects/Airflow/DataPipelineswithApacheAirflow/.env/lib/python3.8/site-packages/airflow/example_dags/example_trigger_controller_dag.py
[2024-03-16T11:43:01.362+0500] {logging_mixin.py:188} INFO - [2024-03-16T11:43:01.361+0500] {dag.py:3047} INFO - Sync 1 DAGs
[2024-03-16T11:43:01.379+0500] {logging_mixin.py:188} INFO - [2024-03-16T11:43:01.379+0500] {dag.py:3834} INFO - Setting next_dagrun for example_trigger_controller_dag to 2021-01-01 00:00:00+00:00, run_after=2021-01-01 00:00:00+00:00
[2024-03-16T11:43:01.481+0500] {processor.py:183} INFO - Processing /home/muhammadsami/Public/Projects/Airflow/DataPipelineswithApacheAirflow/.env/lib/python3.8/site-packages/airflow/example_dags/example_trigger_controller_dag.py took 0.143 seconds
[2024-03-16T11:43:47.087+0500] {processor.py:161} INFO - Started process (PID=20367) to work on /home/muhammadsami/Public/Projects/Airflow/DataPipelineswithApacheAirflow/.env/lib/python3.8/site-packages/airflow/example_dags/example_trigger_controller_dag.py
[2024-03-16T11:43:47.088+0500] {processor.py:830} INFO - Processing file /home/muhammadsami/Public/Projects/Airflow/DataPipelineswithApacheAirflow/.env/lib/python3.8/site-packages/airflow/example_dags/example_trigger_controller_dag.py for tasks to queue
[2024-03-16T11:43:47.089+0500] {logging_mixin.py:188} INFO - [2024-03-16T11:43:47.088+0500] {dagbag.py:540} INFO - Filling up the DagBag from /home/muhammadsami/Public/Projects/Airflow/DataPipelineswithApacheAirflow/.env/lib/python3.8/site-packages/airflow/example_dags/example_trigger_controller_dag.py
[2024-03-16T11:43:47.094+0500] {processor.py:840} INFO - DAG(s) 'example_trigger_controller_dag' retrieved from /home/muhammadsami/Public/Projects/Airflow/DataPipelineswithApacheAirflow/.env/lib/python3.8/site-packages/airflow/example_dags/example_trigger_controller_dag.py
[2024-03-16T11:43:47.107+0500] {logging_mixin.py:188} INFO - [2024-03-16T11:43:47.107+0500] {dag.py:3047} INFO - Sync 1 DAGs
[2024-03-16T11:43:47.124+0500] {logging_mixin.py:188} INFO - [2024-03-16T11:43:47.124+0500] {dag.py:3834} INFO - Setting next_dagrun for example_trigger_controller_dag to 2021-01-01 00:00:00+00:00, run_after=2021-01-01 00:00:00+00:00
[2024-03-16T11:43:47.234+0500] {processor.py:183} INFO - Processing /home/muhammadsami/Public/Projects/Airflow/DataPipelineswithApacheAirflow/.env/lib/python3.8/site-packages/airflow/example_dags/example_trigger_controller_dag.py took 0.150 seconds
[2024-03-16T11:44:37.361+0500] {processor.py:161} INFO - Started process (PID=20453) to work on /home/muhammadsami/Public/Projects/Airflow/DataPipelineswithApacheAirflow/.env/lib/python3.8/site-packages/airflow/example_dags/example_trigger_controller_dag.py
[2024-03-16T11:44:37.365+0500] {processor.py:830} INFO - Processing file /home/muhammadsami/Public/Projects/Airflow/DataPipelineswithApacheAirflow/.env/lib/python3.8/site-packages/airflow/example_dags/example_trigger_controller_dag.py for tasks to queue
[2024-03-16T11:44:37.366+0500] {logging_mixin.py:188} INFO - [2024-03-16T11:44:37.365+0500] {dagbag.py:540} INFO - Filling up the DagBag from /home/muhammadsami/Public/Projects/Airflow/DataPipelineswithApacheAirflow/.env/lib/python3.8/site-packages/airflow/example_dags/example_trigger_controller_dag.py
[2024-03-16T11:44:37.370+0500] {processor.py:840} INFO - DAG(s) 'example_trigger_controller_dag' retrieved from /home/muhammadsami/Public/Projects/Airflow/DataPipelineswithApacheAirflow/.env/lib/python3.8/site-packages/airflow/example_dags/example_trigger_controller_dag.py
[2024-03-16T11:44:37.386+0500] {logging_mixin.py:188} INFO - [2024-03-16T11:44:37.386+0500] {dag.py:3047} INFO - Sync 1 DAGs
[2024-03-16T11:44:37.403+0500] {logging_mixin.py:188} INFO - [2024-03-16T11:44:37.402+0500] {dag.py:3834} INFO - Setting next_dagrun for example_trigger_controller_dag to 2021-01-01 00:00:00+00:00, run_after=2021-01-01 00:00:00+00:00
[2024-03-16T11:44:37.489+0500] {processor.py:183} INFO - Processing /home/muhammadsami/Public/Projects/Airflow/DataPipelineswithApacheAirflow/.env/lib/python3.8/site-packages/airflow/example_dags/example_trigger_controller_dag.py took 0.131 seconds
[2024-03-16T11:45:42.782+0500] {processor.py:161} INFO - Started process (PID=20829) to work on /home/muhammadsami/Public/Projects/Airflow/DataPipelineswithApacheAirflow/.env/lib/python3.8/site-packages/airflow/example_dags/example_trigger_controller_dag.py
[2024-03-16T11:45:42.784+0500] {processor.py:830} INFO - Processing file /home/muhammadsami/Public/Projects/Airflow/DataPipelineswithApacheAirflow/.env/lib/python3.8/site-packages/airflow/example_dags/example_trigger_controller_dag.py for tasks to queue
[2024-03-16T11:45:42.785+0500] {logging_mixin.py:188} INFO - [2024-03-16T11:45:42.784+0500] {dagbag.py:540} INFO - Filling up the DagBag from /home/muhammadsami/Public/Projects/Airflow/DataPipelineswithApacheAirflow/.env/lib/python3.8/site-packages/airflow/example_dags/example_trigger_controller_dag.py
[2024-03-16T11:45:42.789+0500] {processor.py:840} INFO - DAG(s) 'example_trigger_controller_dag' retrieved from /home/muhammadsami/Public/Projects/Airflow/DataPipelineswithApacheAirflow/.env/lib/python3.8/site-packages/airflow/example_dags/example_trigger_controller_dag.py
[2024-03-16T11:45:42.802+0500] {logging_mixin.py:188} INFO - [2024-03-16T11:45:42.802+0500] {dag.py:3047} INFO - Sync 1 DAGs
[2024-03-16T11:45:42.819+0500] {logging_mixin.py:188} INFO - [2024-03-16T11:45:42.819+0500] {dag.py:3834} INFO - Setting next_dagrun for example_trigger_controller_dag to 2021-01-01 00:00:00+00:00, run_after=2021-01-01 00:00:00+00:00
[2024-03-16T11:45:42.904+0500] {processor.py:183} INFO - Processing /home/muhammadsami/Public/Projects/Airflow/DataPipelineswithApacheAirflow/.env/lib/python3.8/site-packages/airflow/example_dags/example_trigger_controller_dag.py took 0.125 seconds
[2024-03-16T11:46:38.929+0500] {processor.py:161} INFO - Started process (PID=20889) to work on /home/muhammadsami/Public/Projects/Airflow/DataPipelineswithApacheAirflow/.env/lib/python3.8/site-packages/airflow/example_dags/example_trigger_controller_dag.py
[2024-03-16T11:46:38.930+0500] {processor.py:830} INFO - Processing file /home/muhammadsami/Public/Projects/Airflow/DataPipelineswithApacheAirflow/.env/lib/python3.8/site-packages/airflow/example_dags/example_trigger_controller_dag.py for tasks to queue
[2024-03-16T11:46:38.931+0500] {logging_mixin.py:188} INFO - [2024-03-16T11:46:38.930+0500] {dagbag.py:540} INFO - Filling up the DagBag from /home/muhammadsami/Public/Projects/Airflow/DataPipelineswithApacheAirflow/.env/lib/python3.8/site-packages/airflow/example_dags/example_trigger_controller_dag.py
[2024-03-16T11:46:38.935+0500] {processor.py:840} INFO - DAG(s) 'example_trigger_controller_dag' retrieved from /home/muhammadsami/Public/Projects/Airflow/DataPipelineswithApacheAirflow/.env/lib/python3.8/site-packages/airflow/example_dags/example_trigger_controller_dag.py
[2024-03-16T11:46:38.947+0500] {logging_mixin.py:188} INFO - [2024-03-16T11:46:38.947+0500] {dag.py:3047} INFO - Sync 1 DAGs
[2024-03-16T11:46:38.964+0500] {logging_mixin.py:188} INFO - [2024-03-16T11:46:38.964+0500] {dag.py:3834} INFO - Setting next_dagrun for example_trigger_controller_dag to 2021-01-01 00:00:00+00:00, run_after=2021-01-01 00:00:00+00:00
[2024-03-16T11:46:39.052+0500] {processor.py:183} INFO - Processing /home/muhammadsami/Public/Projects/Airflow/DataPipelineswithApacheAirflow/.env/lib/python3.8/site-packages/airflow/example_dags/example_trigger_controller_dag.py took 0.126 seconds
[2024-03-16T11:47:28.846+0500] {processor.py:161} INFO - Started process (PID=20967) to work on /home/muhammadsami/Public/Projects/Airflow/DataPipelineswithApacheAirflow/.env/lib/python3.8/site-packages/airflow/example_dags/example_trigger_controller_dag.py
[2024-03-16T11:47:28.856+0500] {processor.py:830} INFO - Processing file /home/muhammadsami/Public/Projects/Airflow/DataPipelineswithApacheAirflow/.env/lib/python3.8/site-packages/airflow/example_dags/example_trigger_controller_dag.py for tasks to queue
[2024-03-16T11:47:28.857+0500] {logging_mixin.py:188} INFO - [2024-03-16T11:47:28.857+0500] {dagbag.py:540} INFO - Filling up the DagBag from /home/muhammadsami/Public/Projects/Airflow/DataPipelineswithApacheAirflow/.env/lib/python3.8/site-packages/airflow/example_dags/example_trigger_controller_dag.py
[2024-03-16T11:47:28.861+0500] {processor.py:840} INFO - DAG(s) 'example_trigger_controller_dag' retrieved from /home/muhammadsami/Public/Projects/Airflow/DataPipelineswithApacheAirflow/.env/lib/python3.8/site-packages/airflow/example_dags/example_trigger_controller_dag.py
[2024-03-16T11:47:28.874+0500] {logging_mixin.py:188} INFO - [2024-03-16T11:47:28.874+0500] {dag.py:3047} INFO - Sync 1 DAGs
[2024-03-16T11:47:28.891+0500] {logging_mixin.py:188} INFO - [2024-03-16T11:47:28.890+0500] {dag.py:3834} INFO - Setting next_dagrun for example_trigger_controller_dag to 2021-01-01 00:00:00+00:00, run_after=2021-01-01 00:00:00+00:00
[2024-03-16T11:47:28.987+0500] {processor.py:183} INFO - Processing /home/muhammadsami/Public/Projects/Airflow/DataPipelineswithApacheAirflow/.env/lib/python3.8/site-packages/airflow/example_dags/example_trigger_controller_dag.py took 0.143 seconds
[2024-03-16T11:48:18.783+0500] {processor.py:161} INFO - Started process (PID=21016) to work on /home/muhammadsami/Public/Projects/Airflow/DataPipelineswithApacheAirflow/.env/lib/python3.8/site-packages/airflow/example_dags/example_trigger_controller_dag.py
[2024-03-16T11:48:18.784+0500] {processor.py:830} INFO - Processing file /home/muhammadsami/Public/Projects/Airflow/DataPipelineswithApacheAirflow/.env/lib/python3.8/site-packages/airflow/example_dags/example_trigger_controller_dag.py for tasks to queue
[2024-03-16T11:48:18.785+0500] {logging_mixin.py:188} INFO - [2024-03-16T11:48:18.785+0500] {dagbag.py:540} INFO - Filling up the DagBag from /home/muhammadsami/Public/Projects/Airflow/DataPipelineswithApacheAirflow/.env/lib/python3.8/site-packages/airflow/example_dags/example_trigger_controller_dag.py
[2024-03-16T11:48:18.790+0500] {processor.py:840} INFO - DAG(s) 'example_trigger_controller_dag' retrieved from /home/muhammadsami/Public/Projects/Airflow/DataPipelineswithApacheAirflow/.env/lib/python3.8/site-packages/airflow/example_dags/example_trigger_controller_dag.py
[2024-03-16T11:48:18.803+0500] {logging_mixin.py:188} INFO - [2024-03-16T11:48:18.802+0500] {dag.py:3047} INFO - Sync 1 DAGs
[2024-03-16T11:48:18.819+0500] {logging_mixin.py:188} INFO - [2024-03-16T11:48:18.819+0500] {dag.py:3834} INFO - Setting next_dagrun for example_trigger_controller_dag to 2021-01-01 00:00:00+00:00, run_after=2021-01-01 00:00:00+00:00
[2024-03-16T11:48:18.922+0500] {processor.py:183} INFO - Processing /home/muhammadsami/Public/Projects/Airflow/DataPipelineswithApacheAirflow/.env/lib/python3.8/site-packages/airflow/example_dags/example_trigger_controller_dag.py took 0.142 seconds
[2024-03-16T11:49:04.928+0500] {processor.py:161} INFO - Started process (PID=21089) to work on /home/muhammadsami/Public/Projects/Airflow/DataPipelineswithApacheAirflow/.env/lib/python3.8/site-packages/airflow/example_dags/example_trigger_controller_dag.py
[2024-03-16T11:49:04.930+0500] {processor.py:830} INFO - Processing file /home/muhammadsami/Public/Projects/Airflow/DataPipelineswithApacheAirflow/.env/lib/python3.8/site-packages/airflow/example_dags/example_trigger_controller_dag.py for tasks to queue
[2024-03-16T11:49:04.931+0500] {logging_mixin.py:188} INFO - [2024-03-16T11:49:04.930+0500] {dagbag.py:540} INFO - Filling up the DagBag from /home/muhammadsami/Public/Projects/Airflow/DataPipelineswithApacheAirflow/.env/lib/python3.8/site-packages/airflow/example_dags/example_trigger_controller_dag.py
[2024-03-16T11:49:04.936+0500] {processor.py:840} INFO - DAG(s) 'example_trigger_controller_dag' retrieved from /home/muhammadsami/Public/Projects/Airflow/DataPipelineswithApacheAirflow/.env/lib/python3.8/site-packages/airflow/example_dags/example_trigger_controller_dag.py
[2024-03-16T11:49:04.949+0500] {logging_mixin.py:188} INFO - [2024-03-16T11:49:04.949+0500] {dag.py:3047} INFO - Sync 1 DAGs
[2024-03-16T11:49:04.966+0500] {logging_mixin.py:188} INFO - [2024-03-16T11:49:04.966+0500] {dag.py:3834} INFO - Setting next_dagrun for example_trigger_controller_dag to 2021-01-01 00:00:00+00:00, run_after=2021-01-01 00:00:00+00:00
[2024-03-16T11:49:05.065+0500] {processor.py:183} INFO - Processing /home/muhammadsami/Public/Projects/Airflow/DataPipelineswithApacheAirflow/.env/lib/python3.8/site-packages/airflow/example_dags/example_trigger_controller_dag.py took 0.140 seconds
[2024-03-16T11:49:54.602+0500] {processor.py:161} INFO - Started process (PID=21134) to work on /home/muhammadsami/Public/Projects/Airflow/DataPipelineswithApacheAirflow/.env/lib/python3.8/site-packages/airflow/example_dags/example_trigger_controller_dag.py
[2024-03-16T11:49:54.604+0500] {processor.py:830} INFO - Processing file /home/muhammadsami/Public/Projects/Airflow/DataPipelineswithApacheAirflow/.env/lib/python3.8/site-packages/airflow/example_dags/example_trigger_controller_dag.py for tasks to queue
[2024-03-16T11:49:54.605+0500] {logging_mixin.py:188} INFO - [2024-03-16T11:49:54.604+0500] {dagbag.py:540} INFO - Filling up the DagBag from /home/muhammadsami/Public/Projects/Airflow/DataPipelineswithApacheAirflow/.env/lib/python3.8/site-packages/airflow/example_dags/example_trigger_controller_dag.py
[2024-03-16T11:49:54.610+0500] {processor.py:840} INFO - DAG(s) 'example_trigger_controller_dag' retrieved from /home/muhammadsami/Public/Projects/Airflow/DataPipelineswithApacheAirflow/.env/lib/python3.8/site-packages/airflow/example_dags/example_trigger_controller_dag.py
[2024-03-16T11:49:54.622+0500] {logging_mixin.py:188} INFO - [2024-03-16T11:49:54.622+0500] {dag.py:3047} INFO - Sync 1 DAGs
[2024-03-16T11:49:54.638+0500] {logging_mixin.py:188} INFO - [2024-03-16T11:49:54.638+0500] {dag.py:3834} INFO - Setting next_dagrun for example_trigger_controller_dag to 2021-01-01 00:00:00+00:00, run_after=2021-01-01 00:00:00+00:00
[2024-03-16T11:49:54.726+0500] {processor.py:183} INFO - Processing /home/muhammadsami/Public/Projects/Airflow/DataPipelineswithApacheAirflow/.env/lib/python3.8/site-packages/airflow/example_dags/example_trigger_controller_dag.py took 0.126 seconds
[2024-03-16T11:50:44.322+0500] {processor.py:161} INFO - Started process (PID=21191) to work on /home/muhammadsami/Public/Projects/Airflow/DataPipelineswithApacheAirflow/.env/lib/python3.8/site-packages/airflow/example_dags/example_trigger_controller_dag.py
[2024-03-16T11:50:44.323+0500] {processor.py:830} INFO - Processing file /home/muhammadsami/Public/Projects/Airflow/DataPipelineswithApacheAirflow/.env/lib/python3.8/site-packages/airflow/example_dags/example_trigger_controller_dag.py for tasks to queue
[2024-03-16T11:50:44.325+0500] {logging_mixin.py:188} INFO - [2024-03-16T11:50:44.324+0500] {dagbag.py:540} INFO - Filling up the DagBag from /home/muhammadsami/Public/Projects/Airflow/DataPipelineswithApacheAirflow/.env/lib/python3.8/site-packages/airflow/example_dags/example_trigger_controller_dag.py
[2024-03-16T11:50:44.331+0500] {processor.py:840} INFO - DAG(s) 'example_trigger_controller_dag' retrieved from /home/muhammadsami/Public/Projects/Airflow/DataPipelineswithApacheAirflow/.env/lib/python3.8/site-packages/airflow/example_dags/example_trigger_controller_dag.py
[2024-03-16T11:50:44.344+0500] {logging_mixin.py:188} INFO - [2024-03-16T11:50:44.344+0500] {dag.py:3047} INFO - Sync 1 DAGs
[2024-03-16T11:50:44.361+0500] {logging_mixin.py:188} INFO - [2024-03-16T11:50:44.360+0500] {dag.py:3834} INFO - Setting next_dagrun for example_trigger_controller_dag to 2021-01-01 00:00:00+00:00, run_after=2021-01-01 00:00:00+00:00
[2024-03-16T11:50:44.458+0500] {processor.py:183} INFO - Processing /home/muhammadsami/Public/Projects/Airflow/DataPipelineswithApacheAirflow/.env/lib/python3.8/site-packages/airflow/example_dags/example_trigger_controller_dag.py took 0.138 seconds
[2024-03-16T11:51:36.583+0500] {processor.py:161} INFO - Started process (PID=21316) to work on /home/muhammadsami/Public/Projects/Airflow/DataPipelineswithApacheAirflow/.env/lib/python3.8/site-packages/airflow/example_dags/example_trigger_controller_dag.py
[2024-03-16T11:51:36.594+0500] {processor.py:830} INFO - Processing file /home/muhammadsami/Public/Projects/Airflow/DataPipelineswithApacheAirflow/.env/lib/python3.8/site-packages/airflow/example_dags/example_trigger_controller_dag.py for tasks to queue
[2024-03-16T11:51:36.595+0500] {logging_mixin.py:188} INFO - [2024-03-16T11:51:36.595+0500] {dagbag.py:540} INFO - Filling up the DagBag from /home/muhammadsami/Public/Projects/Airflow/DataPipelineswithApacheAirflow/.env/lib/python3.8/site-packages/airflow/example_dags/example_trigger_controller_dag.py
[2024-03-16T11:51:36.599+0500] {processor.py:840} INFO - DAG(s) 'example_trigger_controller_dag' retrieved from /home/muhammadsami/Public/Projects/Airflow/DataPipelineswithApacheAirflow/.env/lib/python3.8/site-packages/airflow/example_dags/example_trigger_controller_dag.py
[2024-03-16T11:51:36.612+0500] {logging_mixin.py:188} INFO - [2024-03-16T11:51:36.612+0500] {dag.py:3047} INFO - Sync 1 DAGs
[2024-03-16T11:51:36.631+0500] {logging_mixin.py:188} INFO - [2024-03-16T11:51:36.631+0500] {dag.py:3834} INFO - Setting next_dagrun for example_trigger_controller_dag to 2021-01-01 00:00:00+00:00, run_after=2021-01-01 00:00:00+00:00
[2024-03-16T11:51:36.722+0500] {processor.py:183} INFO - Processing /home/muhammadsami/Public/Projects/Airflow/DataPipelineswithApacheAirflow/.env/lib/python3.8/site-packages/airflow/example_dags/example_trigger_controller_dag.py took 0.142 seconds
[2024-03-16T11:52:29.582+0500] {processor.py:161} INFO - Started process (PID=21479) to work on /home/muhammadsami/Public/Projects/Airflow/DataPipelineswithApacheAirflow/.env/lib/python3.8/site-packages/airflow/example_dags/example_trigger_controller_dag.py
[2024-03-16T11:52:29.593+0500] {processor.py:830} INFO - Processing file /home/muhammadsami/Public/Projects/Airflow/DataPipelineswithApacheAirflow/.env/lib/python3.8/site-packages/airflow/example_dags/example_trigger_controller_dag.py for tasks to queue
[2024-03-16T11:52:29.594+0500] {logging_mixin.py:188} INFO - [2024-03-16T11:52:29.593+0500] {dagbag.py:540} INFO - Filling up the DagBag from /home/muhammadsami/Public/Projects/Airflow/DataPipelineswithApacheAirflow/.env/lib/python3.8/site-packages/airflow/example_dags/example_trigger_controller_dag.py
[2024-03-16T11:52:29.599+0500] {processor.py:840} INFO - DAG(s) 'example_trigger_controller_dag' retrieved from /home/muhammadsami/Public/Projects/Airflow/DataPipelineswithApacheAirflow/.env/lib/python3.8/site-packages/airflow/example_dags/example_trigger_controller_dag.py
[2024-03-16T11:52:29.614+0500] {logging_mixin.py:188} INFO - [2024-03-16T11:52:29.613+0500] {dag.py:3047} INFO - Sync 1 DAGs
[2024-03-16T11:52:29.638+0500] {logging_mixin.py:188} INFO - [2024-03-16T11:52:29.638+0500] {dag.py:3834} INFO - Setting next_dagrun for example_trigger_controller_dag to 2021-01-01 00:00:00+00:00, run_after=2021-01-01 00:00:00+00:00
[2024-03-16T11:52:29.733+0500] {processor.py:183} INFO - Processing /home/muhammadsami/Public/Projects/Airflow/DataPipelineswithApacheAirflow/.env/lib/python3.8/site-packages/airflow/example_dags/example_trigger_controller_dag.py took 0.154 seconds
[2024-03-16T11:53:21.186+0500] {processor.py:161} INFO - Started process (PID=21536) to work on /home/muhammadsami/Public/Projects/Airflow/DataPipelineswithApacheAirflow/.env/lib/python3.8/site-packages/airflow/example_dags/example_trigger_controller_dag.py
[2024-03-16T11:53:21.187+0500] {processor.py:830} INFO - Processing file /home/muhammadsami/Public/Projects/Airflow/DataPipelineswithApacheAirflow/.env/lib/python3.8/site-packages/airflow/example_dags/example_trigger_controller_dag.py for tasks to queue
[2024-03-16T11:53:21.188+0500] {logging_mixin.py:188} INFO - [2024-03-16T11:53:21.188+0500] {dagbag.py:540} INFO - Filling up the DagBag from /home/muhammadsami/Public/Projects/Airflow/DataPipelineswithApacheAirflow/.env/lib/python3.8/site-packages/airflow/example_dags/example_trigger_controller_dag.py
[2024-03-16T11:53:21.193+0500] {processor.py:840} INFO - DAG(s) 'example_trigger_controller_dag' retrieved from /home/muhammadsami/Public/Projects/Airflow/DataPipelineswithApacheAirflow/.env/lib/python3.8/site-packages/airflow/example_dags/example_trigger_controller_dag.py
[2024-03-16T11:53:21.207+0500] {logging_mixin.py:188} INFO - [2024-03-16T11:53:21.207+0500] {dag.py:3047} INFO - Sync 1 DAGs
[2024-03-16T11:53:21.225+0500] {logging_mixin.py:188} INFO - [2024-03-16T11:53:21.225+0500] {dag.py:3834} INFO - Setting next_dagrun for example_trigger_controller_dag to 2021-01-01 00:00:00+00:00, run_after=2021-01-01 00:00:00+00:00
[2024-03-16T11:53:21.323+0500] {processor.py:183} INFO - Processing /home/muhammadsami/Public/Projects/Airflow/DataPipelineswithApacheAirflow/.env/lib/python3.8/site-packages/airflow/example_dags/example_trigger_controller_dag.py took 0.140 seconds
[2024-03-16T11:54:12.344+0500] {processor.py:161} INFO - Started process (PID=21659) to work on /home/muhammadsami/Public/Projects/Airflow/DataPipelineswithApacheAirflow/.env/lib/python3.8/site-packages/airflow/example_dags/example_trigger_controller_dag.py
[2024-03-16T11:54:12.345+0500] {processor.py:830} INFO - Processing file /home/muhammadsami/Public/Projects/Airflow/DataPipelineswithApacheAirflow/.env/lib/python3.8/site-packages/airflow/example_dags/example_trigger_controller_dag.py for tasks to queue
[2024-03-16T11:54:12.346+0500] {logging_mixin.py:188} INFO - [2024-03-16T11:54:12.346+0500] {dagbag.py:540} INFO - Filling up the DagBag from /home/muhammadsami/Public/Projects/Airflow/DataPipelineswithApacheAirflow/.env/lib/python3.8/site-packages/airflow/example_dags/example_trigger_controller_dag.py
[2024-03-16T11:54:12.351+0500] {processor.py:840} INFO - DAG(s) 'example_trigger_controller_dag' retrieved from /home/muhammadsami/Public/Projects/Airflow/DataPipelineswithApacheAirflow/.env/lib/python3.8/site-packages/airflow/example_dags/example_trigger_controller_dag.py
[2024-03-16T11:54:12.369+0500] {logging_mixin.py:188} INFO - [2024-03-16T11:54:12.368+0500] {dag.py:3047} INFO - Sync 1 DAGs
[2024-03-16T11:54:12.395+0500] {logging_mixin.py:188} INFO - [2024-03-16T11:54:12.394+0500] {dag.py:3834} INFO - Setting next_dagrun for example_trigger_controller_dag to 2021-01-01 00:00:00+00:00, run_after=2021-01-01 00:00:00+00:00
[2024-03-16T11:54:12.501+0500] {processor.py:183} INFO - Processing /home/muhammadsami/Public/Projects/Airflow/DataPipelineswithApacheAirflow/.env/lib/python3.8/site-packages/airflow/example_dags/example_trigger_controller_dag.py took 0.161 seconds
[2024-03-16T11:55:01.404+0500] {processor.py:161} INFO - Started process (PID=21811) to work on /home/muhammadsami/Public/Projects/Airflow/DataPipelineswithApacheAirflow/.env/lib/python3.8/site-packages/airflow/example_dags/example_trigger_controller_dag.py
[2024-03-16T11:55:01.405+0500] {processor.py:830} INFO - Processing file /home/muhammadsami/Public/Projects/Airflow/DataPipelineswithApacheAirflow/.env/lib/python3.8/site-packages/airflow/example_dags/example_trigger_controller_dag.py for tasks to queue
[2024-03-16T11:55:01.406+0500] {logging_mixin.py:188} INFO - [2024-03-16T11:55:01.406+0500] {dagbag.py:540} INFO - Filling up the DagBag from /home/muhammadsami/Public/Projects/Airflow/DataPipelineswithApacheAirflow/.env/lib/python3.8/site-packages/airflow/example_dags/example_trigger_controller_dag.py
[2024-03-16T11:55:01.412+0500] {processor.py:840} INFO - DAG(s) 'example_trigger_controller_dag' retrieved from /home/muhammadsami/Public/Projects/Airflow/DataPipelineswithApacheAirflow/.env/lib/python3.8/site-packages/airflow/example_dags/example_trigger_controller_dag.py
[2024-03-16T11:55:01.428+0500] {logging_mixin.py:188} INFO - [2024-03-16T11:55:01.428+0500] {dag.py:3047} INFO - Sync 1 DAGs
[2024-03-16T11:55:01.447+0500] {logging_mixin.py:188} INFO - [2024-03-16T11:55:01.447+0500] {dag.py:3834} INFO - Setting next_dagrun for example_trigger_controller_dag to 2021-01-01 00:00:00+00:00, run_after=2021-01-01 00:00:00+00:00
[2024-03-16T11:55:01.540+0500] {processor.py:183} INFO - Processing /home/muhammadsami/Public/Projects/Airflow/DataPipelineswithApacheAirflow/.env/lib/python3.8/site-packages/airflow/example_dags/example_trigger_controller_dag.py took 0.138 seconds
[2024-03-16T11:55:53.447+0500] {processor.py:161} INFO - Started process (PID=21913) to work on /home/muhammadsami/Public/Projects/Airflow/DataPipelineswithApacheAirflow/.env/lib/python3.8/site-packages/airflow/example_dags/example_trigger_controller_dag.py
[2024-03-16T11:55:53.449+0500] {processor.py:830} INFO - Processing file /home/muhammadsami/Public/Projects/Airflow/DataPipelineswithApacheAirflow/.env/lib/python3.8/site-packages/airflow/example_dags/example_trigger_controller_dag.py for tasks to queue
[2024-03-16T11:55:53.450+0500] {logging_mixin.py:188} INFO - [2024-03-16T11:55:53.449+0500] {dagbag.py:540} INFO - Filling up the DagBag from /home/muhammadsami/Public/Projects/Airflow/DataPipelineswithApacheAirflow/.env/lib/python3.8/site-packages/airflow/example_dags/example_trigger_controller_dag.py
[2024-03-16T11:55:53.454+0500] {processor.py:840} INFO - DAG(s) 'example_trigger_controller_dag' retrieved from /home/muhammadsami/Public/Projects/Airflow/DataPipelineswithApacheAirflow/.env/lib/python3.8/site-packages/airflow/example_dags/example_trigger_controller_dag.py
[2024-03-16T11:55:53.468+0500] {logging_mixin.py:188} INFO - [2024-03-16T11:55:53.468+0500] {dag.py:3047} INFO - Sync 1 DAGs
[2024-03-16T11:55:53.487+0500] {logging_mixin.py:188} INFO - [2024-03-16T11:55:53.487+0500] {dag.py:3834} INFO - Setting next_dagrun for example_trigger_controller_dag to 2021-01-01 00:00:00+00:00, run_after=2021-01-01 00:00:00+00:00
[2024-03-16T11:55:53.760+0500] {processor.py:183} INFO - Processing /home/muhammadsami/Public/Projects/Airflow/DataPipelineswithApacheAirflow/.env/lib/python3.8/site-packages/airflow/example_dags/example_trigger_controller_dag.py took 0.316 seconds
[2024-03-16T11:56:43.459+0500] {processor.py:161} INFO - Started process (PID=21962) to work on /home/muhammadsami/Public/Projects/Airflow/DataPipelineswithApacheAirflow/.env/lib/python3.8/site-packages/airflow/example_dags/example_trigger_controller_dag.py
[2024-03-16T11:56:43.461+0500] {processor.py:830} INFO - Processing file /home/muhammadsami/Public/Projects/Airflow/DataPipelineswithApacheAirflow/.env/lib/python3.8/site-packages/airflow/example_dags/example_trigger_controller_dag.py for tasks to queue
[2024-03-16T11:56:43.462+0500] {logging_mixin.py:188} INFO - [2024-03-16T11:56:43.461+0500] {dagbag.py:540} INFO - Filling up the DagBag from /home/muhammadsami/Public/Projects/Airflow/DataPipelineswithApacheAirflow/.env/lib/python3.8/site-packages/airflow/example_dags/example_trigger_controller_dag.py
[2024-03-16T11:56:43.469+0500] {processor.py:840} INFO - DAG(s) 'example_trigger_controller_dag' retrieved from /home/muhammadsami/Public/Projects/Airflow/DataPipelineswithApacheAirflow/.env/lib/python3.8/site-packages/airflow/example_dags/example_trigger_controller_dag.py
[2024-03-16T11:56:43.484+0500] {logging_mixin.py:188} INFO - [2024-03-16T11:56:43.483+0500] {dag.py:3047} INFO - Sync 1 DAGs
[2024-03-16T11:56:43.509+0500] {logging_mixin.py:188} INFO - [2024-03-16T11:56:43.508+0500] {dag.py:3834} INFO - Setting next_dagrun for example_trigger_controller_dag to 2021-01-01 00:00:00+00:00, run_after=2021-01-01 00:00:00+00:00
[2024-03-16T11:56:43.623+0500] {processor.py:183} INFO - Processing /home/muhammadsami/Public/Projects/Airflow/DataPipelineswithApacheAirflow/.env/lib/python3.8/site-packages/airflow/example_dags/example_trigger_controller_dag.py took 0.166 seconds
[2024-03-16T11:57:35.475+0500] {processor.py:161} INFO - Started process (PID=22015) to work on /home/muhammadsami/Public/Projects/Airflow/DataPipelineswithApacheAirflow/.env/lib/python3.8/site-packages/airflow/example_dags/example_trigger_controller_dag.py
[2024-03-16T11:57:35.495+0500] {processor.py:830} INFO - Processing file /home/muhammadsami/Public/Projects/Airflow/DataPipelineswithApacheAirflow/.env/lib/python3.8/site-packages/airflow/example_dags/example_trigger_controller_dag.py for tasks to queue
[2024-03-16T11:57:35.496+0500] {logging_mixin.py:188} INFO - [2024-03-16T11:57:35.495+0500] {dagbag.py:540} INFO - Filling up the DagBag from /home/muhammadsami/Public/Projects/Airflow/DataPipelineswithApacheAirflow/.env/lib/python3.8/site-packages/airflow/example_dags/example_trigger_controller_dag.py
[2024-03-16T11:57:35.500+0500] {processor.py:840} INFO - DAG(s) 'example_trigger_controller_dag' retrieved from /home/muhammadsami/Public/Projects/Airflow/DataPipelineswithApacheAirflow/.env/lib/python3.8/site-packages/airflow/example_dags/example_trigger_controller_dag.py
[2024-03-16T11:57:35.513+0500] {logging_mixin.py:188} INFO - [2024-03-16T11:57:35.512+0500] {dag.py:3047} INFO - Sync 1 DAGs
[2024-03-16T11:57:35.529+0500] {logging_mixin.py:188} INFO - [2024-03-16T11:57:35.529+0500] {dag.py:3834} INFO - Setting next_dagrun for example_trigger_controller_dag to 2021-01-01 00:00:00+00:00, run_after=2021-01-01 00:00:00+00:00
[2024-03-16T11:57:35.627+0500] {processor.py:183} INFO - Processing /home/muhammadsami/Public/Projects/Airflow/DataPipelineswithApacheAirflow/.env/lib/python3.8/site-packages/airflow/example_dags/example_trigger_controller_dag.py took 0.155 seconds
[2024-03-16T11:58:27.199+0500] {processor.py:161} INFO - Started process (PID=22117) to work on /home/muhammadsami/Public/Projects/Airflow/DataPipelineswithApacheAirflow/.env/lib/python3.8/site-packages/airflow/example_dags/example_trigger_controller_dag.py
[2024-03-16T11:58:27.201+0500] {processor.py:830} INFO - Processing file /home/muhammadsami/Public/Projects/Airflow/DataPipelineswithApacheAirflow/.env/lib/python3.8/site-packages/airflow/example_dags/example_trigger_controller_dag.py for tasks to queue
[2024-03-16T11:58:27.202+0500] {logging_mixin.py:188} INFO - [2024-03-16T11:58:27.201+0500] {dagbag.py:540} INFO - Filling up the DagBag from /home/muhammadsami/Public/Projects/Airflow/DataPipelineswithApacheAirflow/.env/lib/python3.8/site-packages/airflow/example_dags/example_trigger_controller_dag.py
[2024-03-16T11:58:27.207+0500] {processor.py:840} INFO - DAG(s) 'example_trigger_controller_dag' retrieved from /home/muhammadsami/Public/Projects/Airflow/DataPipelineswithApacheAirflow/.env/lib/python3.8/site-packages/airflow/example_dags/example_trigger_controller_dag.py
[2024-03-16T11:58:27.220+0500] {logging_mixin.py:188} INFO - [2024-03-16T11:58:27.219+0500] {dag.py:3047} INFO - Sync 1 DAGs
[2024-03-16T11:58:27.237+0500] {logging_mixin.py:188} INFO - [2024-03-16T11:58:27.237+0500] {dag.py:3834} INFO - Setting next_dagrun for example_trigger_controller_dag to 2021-01-01 00:00:00+00:00, run_after=2021-01-01 00:00:00+00:00
[2024-03-16T11:58:27.331+0500] {processor.py:183} INFO - Processing /home/muhammadsami/Public/Projects/Airflow/DataPipelineswithApacheAirflow/.env/lib/python3.8/site-packages/airflow/example_dags/example_trigger_controller_dag.py took 0.134 seconds
[2024-03-16T11:59:15.291+0500] {processor.py:161} INFO - Started process (PID=22197) to work on /home/muhammadsami/Public/Projects/Airflow/DataPipelineswithApacheAirflow/.env/lib/python3.8/site-packages/airflow/example_dags/example_trigger_controller_dag.py
[2024-03-16T11:59:15.293+0500] {processor.py:830} INFO - Processing file /home/muhammadsami/Public/Projects/Airflow/DataPipelineswithApacheAirflow/.env/lib/python3.8/site-packages/airflow/example_dags/example_trigger_controller_dag.py for tasks to queue
[2024-03-16T11:59:15.294+0500] {logging_mixin.py:188} INFO - [2024-03-16T11:59:15.293+0500] {dagbag.py:540} INFO - Filling up the DagBag from /home/muhammadsami/Public/Projects/Airflow/DataPipelineswithApacheAirflow/.env/lib/python3.8/site-packages/airflow/example_dags/example_trigger_controller_dag.py
[2024-03-16T11:59:15.299+0500] {processor.py:840} INFO - DAG(s) 'example_trigger_controller_dag' retrieved from /home/muhammadsami/Public/Projects/Airflow/DataPipelineswithApacheAirflow/.env/lib/python3.8/site-packages/airflow/example_dags/example_trigger_controller_dag.py
[2024-03-16T11:59:15.314+0500] {logging_mixin.py:188} INFO - [2024-03-16T11:59:15.314+0500] {dag.py:3047} INFO - Sync 1 DAGs
[2024-03-16T11:59:15.331+0500] {logging_mixin.py:188} INFO - [2024-03-16T11:59:15.330+0500] {dag.py:3834} INFO - Setting next_dagrun for example_trigger_controller_dag to 2021-01-01 00:00:00+00:00, run_after=2021-01-01 00:00:00+00:00
[2024-03-16T11:59:15.438+0500] {processor.py:183} INFO - Processing /home/muhammadsami/Public/Projects/Airflow/DataPipelineswithApacheAirflow/.env/lib/python3.8/site-packages/airflow/example_dags/example_trigger_controller_dag.py took 0.149 seconds
[2024-03-16T12:00:07.282+0500] {processor.py:161} INFO - Started process (PID=22311) to work on /home/muhammadsami/Public/Projects/Airflow/DataPipelineswithApacheAirflow/.env/lib/python3.8/site-packages/airflow/example_dags/example_trigger_controller_dag.py
[2024-03-16T12:00:07.284+0500] {processor.py:830} INFO - Processing file /home/muhammadsami/Public/Projects/Airflow/DataPipelineswithApacheAirflow/.env/lib/python3.8/site-packages/airflow/example_dags/example_trigger_controller_dag.py for tasks to queue
[2024-03-16T12:00:07.284+0500] {logging_mixin.py:188} INFO - [2024-03-16T12:00:07.284+0500] {dagbag.py:540} INFO - Filling up the DagBag from /home/muhammadsami/Public/Projects/Airflow/DataPipelineswithApacheAirflow/.env/lib/python3.8/site-packages/airflow/example_dags/example_trigger_controller_dag.py
[2024-03-16T12:00:07.290+0500] {processor.py:840} INFO - DAG(s) 'example_trigger_controller_dag' retrieved from /home/muhammadsami/Public/Projects/Airflow/DataPipelineswithApacheAirflow/.env/lib/python3.8/site-packages/airflow/example_dags/example_trigger_controller_dag.py
[2024-03-16T12:00:07.302+0500] {logging_mixin.py:188} INFO - [2024-03-16T12:00:07.302+0500] {dag.py:3047} INFO - Sync 1 DAGs
[2024-03-16T12:00:07.320+0500] {logging_mixin.py:188} INFO - [2024-03-16T12:00:07.319+0500] {dag.py:3834} INFO - Setting next_dagrun for example_trigger_controller_dag to 2021-01-01 00:00:00+00:00, run_after=2021-01-01 00:00:00+00:00
[2024-03-16T12:00:07.421+0500] {processor.py:183} INFO - Processing /home/muhammadsami/Public/Projects/Airflow/DataPipelineswithApacheAirflow/.env/lib/python3.8/site-packages/airflow/example_dags/example_trigger_controller_dag.py took 0.142 seconds
[2024-03-16T12:01:01.917+0500] {processor.py:161} INFO - Started process (PID=22364) to work on /home/muhammadsami/Public/Projects/Airflow/DataPipelineswithApacheAirflow/.env/lib/python3.8/site-packages/airflow/example_dags/example_trigger_controller_dag.py
[2024-03-16T12:01:01.928+0500] {processor.py:830} INFO - Processing file /home/muhammadsami/Public/Projects/Airflow/DataPipelineswithApacheAirflow/.env/lib/python3.8/site-packages/airflow/example_dags/example_trigger_controller_dag.py for tasks to queue
[2024-03-16T12:01:01.929+0500] {logging_mixin.py:188} INFO - [2024-03-16T12:01:01.928+0500] {dagbag.py:540} INFO - Filling up the DagBag from /home/muhammadsami/Public/Projects/Airflow/DataPipelineswithApacheAirflow/.env/lib/python3.8/site-packages/airflow/example_dags/example_trigger_controller_dag.py
[2024-03-16T12:01:01.933+0500] {processor.py:840} INFO - DAG(s) 'example_trigger_controller_dag' retrieved from /home/muhammadsami/Public/Projects/Airflow/DataPipelineswithApacheAirflow/.env/lib/python3.8/site-packages/airflow/example_dags/example_trigger_controller_dag.py
[2024-03-16T12:01:01.945+0500] {logging_mixin.py:188} INFO - [2024-03-16T12:01:01.945+0500] {dag.py:3047} INFO - Sync 1 DAGs
[2024-03-16T12:01:01.961+0500] {logging_mixin.py:188} INFO - [2024-03-16T12:01:01.961+0500] {dag.py:3834} INFO - Setting next_dagrun for example_trigger_controller_dag to 2021-01-01 00:00:00+00:00, run_after=2021-01-01 00:00:00+00:00
[2024-03-16T12:01:02.075+0500] {processor.py:183} INFO - Processing /home/muhammadsami/Public/Projects/Airflow/DataPipelineswithApacheAirflow/.env/lib/python3.8/site-packages/airflow/example_dags/example_trigger_controller_dag.py took 0.161 seconds
