[2024-03-16T11:22:19.090+0500] {processor.py:161} INFO - Started process (PID=17985) to work on /home/muhammadsami/Public/Projects/Airflow/DataPipelineswithApacheAirflow/.env/lib/python3.8/site-packages/airflow/example_dags/example_time_delta_sensor_async.py
[2024-03-16T11:22:19.091+0500] {processor.py:830} INFO - Processing file /home/muhammadsami/Public/Projects/Airflow/DataPipelineswithApacheAirflow/.env/lib/python3.8/site-packages/airflow/example_dags/example_time_delta_sensor_async.py for tasks to queue
[2024-03-16T11:22:19.093+0500] {logging_mixin.py:188} INFO - [2024-03-16T11:22:19.092+0500] {dagbag.py:540} INFO - Filling up the DagBag from /home/muhammadsami/Public/Projects/Airflow/DataPipelineswithApacheAirflow/.env/lib/python3.8/site-packages/airflow/example_dags/example_time_delta_sensor_async.py
[2024-03-16T11:22:19.102+0500] {processor.py:840} INFO - DAG(s) 'example_time_delta_sensor_async' retrieved from /home/muhammadsami/Public/Projects/Airflow/DataPipelineswithApacheAirflow/.env/lib/python3.8/site-packages/airflow/example_dags/example_time_delta_sensor_async.py
[2024-03-16T11:22:22.392+0500] {logging_mixin.py:188} INFO - [2024-03-16T11:22:22.390+0500] {override.py:1769} INFO - Created Permission View: can edit on DAG:example_time_delta_sensor_async
[2024-03-16T11:22:22.497+0500] {logging_mixin.py:188} INFO - [2024-03-16T11:22:22.497+0500] {override.py:1769} INFO - Created Permission View: can delete on DAG:example_time_delta_sensor_async
[2024-03-16T11:22:22.605+0500] {logging_mixin.py:188} INFO - [2024-03-16T11:22:22.604+0500] {override.py:1769} INFO - Created Permission View: can read on DAG:example_time_delta_sensor_async
[2024-03-16T11:22:22.605+0500] {logging_mixin.py:188} INFO - [2024-03-16T11:22:22.605+0500] {dag.py:3047} INFO - Sync 1 DAGs
[2024-03-16T11:22:22.622+0500] {logging_mixin.py:188} INFO - [2024-03-16T11:22:22.621+0500] {dag.py:3069} INFO - Creating ORM DAG for example_time_delta_sensor_async
[2024-03-16T11:22:22.622+0500] {logging_mixin.py:188} INFO - [2024-03-16T11:22:22.622+0500] {dag.py:3834} INFO - Setting next_dagrun for example_time_delta_sensor_async to None, run_after=None
[2024-03-16T11:22:23.002+0500] {processor.py:183} INFO - Processing /home/muhammadsami/Public/Projects/Airflow/DataPipelineswithApacheAirflow/.env/lib/python3.8/site-packages/airflow/example_dags/example_time_delta_sensor_async.py took 3.915 seconds
[2024-03-16T11:23:54.773+0500] {processor.py:161} INFO - Started process (PID=18447) to work on /home/muhammadsami/Public/Projects/Airflow/DataPipelineswithApacheAirflow/.env/lib/python3.8/site-packages/airflow/example_dags/example_time_delta_sensor_async.py
[2024-03-16T11:23:54.790+0500] {processor.py:830} INFO - Processing file /home/muhammadsami/Public/Projects/Airflow/DataPipelineswithApacheAirflow/.env/lib/python3.8/site-packages/airflow/example_dags/example_time_delta_sensor_async.py for tasks to queue
[2024-03-16T11:23:54.791+0500] {logging_mixin.py:188} INFO - [2024-03-16T11:23:54.791+0500] {dagbag.py:540} INFO - Filling up the DagBag from /home/muhammadsami/Public/Projects/Airflow/DataPipelineswithApacheAirflow/.env/lib/python3.8/site-packages/airflow/example_dags/example_time_delta_sensor_async.py
[2024-03-16T11:23:54.795+0500] {processor.py:840} INFO - DAG(s) 'example_time_delta_sensor_async' retrieved from /home/muhammadsami/Public/Projects/Airflow/DataPipelineswithApacheAirflow/.env/lib/python3.8/site-packages/airflow/example_dags/example_time_delta_sensor_async.py
[2024-03-16T11:23:54.807+0500] {logging_mixin.py:188} INFO - [2024-03-16T11:23:54.807+0500] {dag.py:3047} INFO - Sync 1 DAGs
[2024-03-16T11:23:54.817+0500] {logging_mixin.py:188} INFO - [2024-03-16T11:23:54.816+0500] {dag.py:3834} INFO - Setting next_dagrun for example_time_delta_sensor_async to None, run_after=None
[2024-03-16T11:23:54.904+0500] {processor.py:183} INFO - Processing /home/muhammadsami/Public/Projects/Airflow/DataPipelineswithApacheAirflow/.env/lib/python3.8/site-packages/airflow/example_dags/example_time_delta_sensor_async.py took 0.133 seconds
[2024-03-16T11:24:51.836+0500] {processor.py:161} INFO - Started process (PID=18574) to work on /home/muhammadsami/Public/Projects/Airflow/DataPipelineswithApacheAirflow/.env/lib/python3.8/site-packages/airflow/example_dags/example_time_delta_sensor_async.py
[2024-03-16T11:24:51.854+0500] {processor.py:830} INFO - Processing file /home/muhammadsami/Public/Projects/Airflow/DataPipelineswithApacheAirflow/.env/lib/python3.8/site-packages/airflow/example_dags/example_time_delta_sensor_async.py for tasks to queue
[2024-03-16T11:24:51.856+0500] {logging_mixin.py:188} INFO - [2024-03-16T11:24:51.855+0500] {dagbag.py:540} INFO - Filling up the DagBag from /home/muhammadsami/Public/Projects/Airflow/DataPipelineswithApacheAirflow/.env/lib/python3.8/site-packages/airflow/example_dags/example_time_delta_sensor_async.py
[2024-03-16T11:24:51.861+0500] {processor.py:840} INFO - DAG(s) 'example_time_delta_sensor_async' retrieved from /home/muhammadsami/Public/Projects/Airflow/DataPipelineswithApacheAirflow/.env/lib/python3.8/site-packages/airflow/example_dags/example_time_delta_sensor_async.py
[2024-03-16T11:24:51.878+0500] {logging_mixin.py:188} INFO - [2024-03-16T11:24:51.878+0500] {dag.py:3047} INFO - Sync 1 DAGs
[2024-03-16T11:24:51.893+0500] {logging_mixin.py:188} INFO - [2024-03-16T11:24:51.892+0500] {dag.py:3834} INFO - Setting next_dagrun for example_time_delta_sensor_async to None, run_after=None
[2024-03-16T11:24:52.128+0500] {processor.py:183} INFO - Processing /home/muhammadsami/Public/Projects/Airflow/DataPipelineswithApacheAirflow/.env/lib/python3.8/site-packages/airflow/example_dags/example_time_delta_sensor_async.py took 0.294 seconds
[2024-03-16T11:25:41.727+0500] {processor.py:161} INFO - Started process (PID=18642) to work on /home/muhammadsami/Public/Projects/Airflow/DataPipelineswithApacheAirflow/.env/lib/python3.8/site-packages/airflow/example_dags/example_time_delta_sensor_async.py
[2024-03-16T11:25:41.728+0500] {processor.py:830} INFO - Processing file /home/muhammadsami/Public/Projects/Airflow/DataPipelineswithApacheAirflow/.env/lib/python3.8/site-packages/airflow/example_dags/example_time_delta_sensor_async.py for tasks to queue
[2024-03-16T11:25:41.729+0500] {logging_mixin.py:188} INFO - [2024-03-16T11:25:41.729+0500] {dagbag.py:540} INFO - Filling up the DagBag from /home/muhammadsami/Public/Projects/Airflow/DataPipelineswithApacheAirflow/.env/lib/python3.8/site-packages/airflow/example_dags/example_time_delta_sensor_async.py
[2024-03-16T11:25:41.734+0500] {processor.py:840} INFO - DAG(s) 'example_time_delta_sensor_async' retrieved from /home/muhammadsami/Public/Projects/Airflow/DataPipelineswithApacheAirflow/.env/lib/python3.8/site-packages/airflow/example_dags/example_time_delta_sensor_async.py
[2024-03-16T11:25:41.747+0500] {logging_mixin.py:188} INFO - [2024-03-16T11:25:41.747+0500] {dag.py:3047} INFO - Sync 1 DAGs
[2024-03-16T11:25:41.757+0500] {logging_mixin.py:188} INFO - [2024-03-16T11:25:41.757+0500] {dag.py:3834} INFO - Setting next_dagrun for example_time_delta_sensor_async to None, run_after=None
[2024-03-16T11:25:41.853+0500] {processor.py:183} INFO - Processing /home/muhammadsami/Public/Projects/Airflow/DataPipelineswithApacheAirflow/.env/lib/python3.8/site-packages/airflow/example_dags/example_time_delta_sensor_async.py took 0.128 seconds
[2024-03-16T11:26:32.298+0500] {processor.py:161} INFO - Started process (PID=18723) to work on /home/muhammadsami/Public/Projects/Airflow/DataPipelineswithApacheAirflow/.env/lib/python3.8/site-packages/airflow/example_dags/example_time_delta_sensor_async.py
[2024-03-16T11:26:32.299+0500] {processor.py:830} INFO - Processing file /home/muhammadsami/Public/Projects/Airflow/DataPipelineswithApacheAirflow/.env/lib/python3.8/site-packages/airflow/example_dags/example_time_delta_sensor_async.py for tasks to queue
[2024-03-16T11:26:32.300+0500] {logging_mixin.py:188} INFO - [2024-03-16T11:26:32.300+0500] {dagbag.py:540} INFO - Filling up the DagBag from /home/muhammadsami/Public/Projects/Airflow/DataPipelineswithApacheAirflow/.env/lib/python3.8/site-packages/airflow/example_dags/example_time_delta_sensor_async.py
[2024-03-16T11:26:32.306+0500] {processor.py:840} INFO - DAG(s) 'example_time_delta_sensor_async' retrieved from /home/muhammadsami/Public/Projects/Airflow/DataPipelineswithApacheAirflow/.env/lib/python3.8/site-packages/airflow/example_dags/example_time_delta_sensor_async.py
[2024-03-16T11:26:32.321+0500] {logging_mixin.py:188} INFO - [2024-03-16T11:26:32.321+0500] {dag.py:3047} INFO - Sync 1 DAGs
[2024-03-16T11:26:32.332+0500] {logging_mixin.py:188} INFO - [2024-03-16T11:26:32.332+0500] {dag.py:3834} INFO - Setting next_dagrun for example_time_delta_sensor_async to None, run_after=None
[2024-03-16T11:26:32.449+0500] {processor.py:183} INFO - Processing /home/muhammadsami/Public/Projects/Airflow/DataPipelineswithApacheAirflow/.env/lib/python3.8/site-packages/airflow/example_dags/example_time_delta_sensor_async.py took 0.155 seconds
[2024-03-16T11:27:25.093+0500] {processor.py:161} INFO - Started process (PID=18776) to work on /home/muhammadsami/Public/Projects/Airflow/DataPipelineswithApacheAirflow/.env/lib/python3.8/site-packages/airflow/example_dags/example_time_delta_sensor_async.py
[2024-03-16T11:27:25.094+0500] {processor.py:830} INFO - Processing file /home/muhammadsami/Public/Projects/Airflow/DataPipelineswithApacheAirflow/.env/lib/python3.8/site-packages/airflow/example_dags/example_time_delta_sensor_async.py for tasks to queue
[2024-03-16T11:27:25.096+0500] {logging_mixin.py:188} INFO - [2024-03-16T11:27:25.095+0500] {dagbag.py:540} INFO - Filling up the DagBag from /home/muhammadsami/Public/Projects/Airflow/DataPipelineswithApacheAirflow/.env/lib/python3.8/site-packages/airflow/example_dags/example_time_delta_sensor_async.py
[2024-03-16T11:27:25.102+0500] {processor.py:840} INFO - DAG(s) 'example_time_delta_sensor_async' retrieved from /home/muhammadsami/Public/Projects/Airflow/DataPipelineswithApacheAirflow/.env/lib/python3.8/site-packages/airflow/example_dags/example_time_delta_sensor_async.py
[2024-03-16T11:27:25.118+0500] {logging_mixin.py:188} INFO - [2024-03-16T11:27:25.118+0500] {dag.py:3047} INFO - Sync 1 DAGs
[2024-03-16T11:27:25.129+0500] {logging_mixin.py:188} INFO - [2024-03-16T11:27:25.129+0500] {dag.py:3834} INFO - Setting next_dagrun for example_time_delta_sensor_async to None, run_after=None
[2024-03-16T11:27:25.230+0500] {processor.py:183} INFO - Processing /home/muhammadsami/Public/Projects/Airflow/DataPipelineswithApacheAirflow/.env/lib/python3.8/site-packages/airflow/example_dags/example_time_delta_sensor_async.py took 0.139 seconds
[2024-03-16T11:28:10.666+0500] {processor.py:161} INFO - Started process (PID=18823) to work on /home/muhammadsami/Public/Projects/Airflow/DataPipelineswithApacheAirflow/.env/lib/python3.8/site-packages/airflow/example_dags/example_time_delta_sensor_async.py
[2024-03-16T11:28:10.667+0500] {processor.py:830} INFO - Processing file /home/muhammadsami/Public/Projects/Airflow/DataPipelineswithApacheAirflow/.env/lib/python3.8/site-packages/airflow/example_dags/example_time_delta_sensor_async.py for tasks to queue
[2024-03-16T11:28:10.668+0500] {logging_mixin.py:188} INFO - [2024-03-16T11:28:10.668+0500] {dagbag.py:540} INFO - Filling up the DagBag from /home/muhammadsami/Public/Projects/Airflow/DataPipelineswithApacheAirflow/.env/lib/python3.8/site-packages/airflow/example_dags/example_time_delta_sensor_async.py
[2024-03-16T11:28:10.673+0500] {processor.py:840} INFO - DAG(s) 'example_time_delta_sensor_async' retrieved from /home/muhammadsami/Public/Projects/Airflow/DataPipelineswithApacheAirflow/.env/lib/python3.8/site-packages/airflow/example_dags/example_time_delta_sensor_async.py
[2024-03-16T11:28:10.688+0500] {logging_mixin.py:188} INFO - [2024-03-16T11:28:10.687+0500] {dag.py:3047} INFO - Sync 1 DAGs
[2024-03-16T11:28:10.698+0500] {logging_mixin.py:188} INFO - [2024-03-16T11:28:10.697+0500] {dag.py:3834} INFO - Setting next_dagrun for example_time_delta_sensor_async to None, run_after=None
[2024-03-16T11:28:10.828+0500] {processor.py:183} INFO - Processing /home/muhammadsami/Public/Projects/Airflow/DataPipelineswithApacheAirflow/.env/lib/python3.8/site-packages/airflow/example_dags/example_time_delta_sensor_async.py took 0.166 seconds
[2024-03-16T11:28:58.013+0500] {processor.py:161} INFO - Started process (PID=18888) to work on /home/muhammadsami/Public/Projects/Airflow/DataPipelineswithApacheAirflow/.env/lib/python3.8/site-packages/airflow/example_dags/example_time_delta_sensor_async.py
[2024-03-16T11:28:58.014+0500] {processor.py:830} INFO - Processing file /home/muhammadsami/Public/Projects/Airflow/DataPipelineswithApacheAirflow/.env/lib/python3.8/site-packages/airflow/example_dags/example_time_delta_sensor_async.py for tasks to queue
[2024-03-16T11:28:58.015+0500] {logging_mixin.py:188} INFO - [2024-03-16T11:28:58.015+0500] {dagbag.py:540} INFO - Filling up the DagBag from /home/muhammadsami/Public/Projects/Airflow/DataPipelineswithApacheAirflow/.env/lib/python3.8/site-packages/airflow/example_dags/example_time_delta_sensor_async.py
[2024-03-16T11:28:58.020+0500] {processor.py:840} INFO - DAG(s) 'example_time_delta_sensor_async' retrieved from /home/muhammadsami/Public/Projects/Airflow/DataPipelineswithApacheAirflow/.env/lib/python3.8/site-packages/airflow/example_dags/example_time_delta_sensor_async.py
[2024-03-16T11:28:58.036+0500] {logging_mixin.py:188} INFO - [2024-03-16T11:28:58.035+0500] {dag.py:3047} INFO - Sync 1 DAGs
[2024-03-16T11:28:58.047+0500] {logging_mixin.py:188} INFO - [2024-03-16T11:28:58.047+0500] {dag.py:3834} INFO - Setting next_dagrun for example_time_delta_sensor_async to None, run_after=None
[2024-03-16T11:28:58.144+0500] {processor.py:183} INFO - Processing /home/muhammadsami/Public/Projects/Airflow/DataPipelineswithApacheAirflow/.env/lib/python3.8/site-packages/airflow/example_dags/example_time_delta_sensor_async.py took 0.134 seconds
[2024-03-16T11:29:48.174+0500] {processor.py:161} INFO - Started process (PID=18943) to work on /home/muhammadsami/Public/Projects/Airflow/DataPipelineswithApacheAirflow/.env/lib/python3.8/site-packages/airflow/example_dags/example_time_delta_sensor_async.py
[2024-03-16T11:29:48.175+0500] {processor.py:830} INFO - Processing file /home/muhammadsami/Public/Projects/Airflow/DataPipelineswithApacheAirflow/.env/lib/python3.8/site-packages/airflow/example_dags/example_time_delta_sensor_async.py for tasks to queue
[2024-03-16T11:29:48.176+0500] {logging_mixin.py:188} INFO - [2024-03-16T11:29:48.176+0500] {dagbag.py:540} INFO - Filling up the DagBag from /home/muhammadsami/Public/Projects/Airflow/DataPipelineswithApacheAirflow/.env/lib/python3.8/site-packages/airflow/example_dags/example_time_delta_sensor_async.py
[2024-03-16T11:29:48.181+0500] {processor.py:840} INFO - DAG(s) 'example_time_delta_sensor_async' retrieved from /home/muhammadsami/Public/Projects/Airflow/DataPipelineswithApacheAirflow/.env/lib/python3.8/site-packages/airflow/example_dags/example_time_delta_sensor_async.py
[2024-03-16T11:29:48.194+0500] {logging_mixin.py:188} INFO - [2024-03-16T11:29:48.194+0500] {dag.py:3047} INFO - Sync 1 DAGs
[2024-03-16T11:29:48.204+0500] {logging_mixin.py:188} INFO - [2024-03-16T11:29:48.204+0500] {dag.py:3834} INFO - Setting next_dagrun for example_time_delta_sensor_async to None, run_after=None
[2024-03-16T11:29:48.302+0500] {processor.py:183} INFO - Processing /home/muhammadsami/Public/Projects/Airflow/DataPipelineswithApacheAirflow/.env/lib/python3.8/site-packages/airflow/example_dags/example_time_delta_sensor_async.py took 0.131 seconds
[2024-03-16T11:30:40.269+0500] {processor.py:161} INFO - Started process (PID=19005) to work on /home/muhammadsami/Public/Projects/Airflow/DataPipelineswithApacheAirflow/.env/lib/python3.8/site-packages/airflow/example_dags/example_time_delta_sensor_async.py
[2024-03-16T11:30:40.270+0500] {processor.py:830} INFO - Processing file /home/muhammadsami/Public/Projects/Airflow/DataPipelineswithApacheAirflow/.env/lib/python3.8/site-packages/airflow/example_dags/example_time_delta_sensor_async.py for tasks to queue
[2024-03-16T11:30:40.271+0500] {logging_mixin.py:188} INFO - [2024-03-16T11:30:40.271+0500] {dagbag.py:540} INFO - Filling up the DagBag from /home/muhammadsami/Public/Projects/Airflow/DataPipelineswithApacheAirflow/.env/lib/python3.8/site-packages/airflow/example_dags/example_time_delta_sensor_async.py
[2024-03-16T11:30:40.276+0500] {processor.py:840} INFO - DAG(s) 'example_time_delta_sensor_async' retrieved from /home/muhammadsami/Public/Projects/Airflow/DataPipelineswithApacheAirflow/.env/lib/python3.8/site-packages/airflow/example_dags/example_time_delta_sensor_async.py
[2024-03-16T11:30:40.291+0500] {logging_mixin.py:188} INFO - [2024-03-16T11:30:40.290+0500] {dag.py:3047} INFO - Sync 1 DAGs
[2024-03-16T11:30:40.300+0500] {logging_mixin.py:188} INFO - [2024-03-16T11:30:40.300+0500] {dag.py:3834} INFO - Setting next_dagrun for example_time_delta_sensor_async to None, run_after=None
[2024-03-16T11:30:40.514+0500] {processor.py:183} INFO - Processing /home/muhammadsami/Public/Projects/Airflow/DataPipelineswithApacheAirflow/.env/lib/python3.8/site-packages/airflow/example_dags/example_time_delta_sensor_async.py took 0.248 seconds
[2024-03-16T11:38:42.917+0500] {processor.py:161} INFO - Started process (PID=19466) to work on /home/muhammadsami/Public/Projects/Airflow/DataPipelineswithApacheAirflow/.env/lib/python3.8/site-packages/airflow/example_dags/example_time_delta_sensor_async.py
[2024-03-16T11:38:42.919+0500] {processor.py:830} INFO - Processing file /home/muhammadsami/Public/Projects/Airflow/DataPipelineswithApacheAirflow/.env/lib/python3.8/site-packages/airflow/example_dags/example_time_delta_sensor_async.py for tasks to queue
[2024-03-16T11:38:42.920+0500] {logging_mixin.py:188} INFO - [2024-03-16T11:38:42.919+0500] {dagbag.py:540} INFO - Filling up the DagBag from /home/muhammadsami/Public/Projects/Airflow/DataPipelineswithApacheAirflow/.env/lib/python3.8/site-packages/airflow/example_dags/example_time_delta_sensor_async.py
[2024-03-16T11:38:42.928+0500] {processor.py:840} INFO - DAG(s) 'example_time_delta_sensor_async' retrieved from /home/muhammadsami/Public/Projects/Airflow/DataPipelineswithApacheAirflow/.env/lib/python3.8/site-packages/airflow/example_dags/example_time_delta_sensor_async.py
[2024-03-16T11:38:42.945+0500] {logging_mixin.py:188} INFO - [2024-03-16T11:38:42.945+0500] {dag.py:3047} INFO - Sync 1 DAGs
[2024-03-16T11:38:42.954+0500] {logging_mixin.py:188} INFO - [2024-03-16T11:38:42.954+0500] {dag.py:3834} INFO - Setting next_dagrun for example_time_delta_sensor_async to None, run_after=None
[2024-03-16T11:38:43.051+0500] {processor.py:183} INFO - Processing /home/muhammadsami/Public/Projects/Airflow/DataPipelineswithApacheAirflow/.env/lib/python3.8/site-packages/airflow/example_dags/example_time_delta_sensor_async.py took 0.136 seconds
[2024-03-16T11:39:46.730+0500] {processor.py:161} INFO - Started process (PID=19814) to work on /home/muhammadsami/Public/Projects/Airflow/DataPipelineswithApacheAirflow/.env/lib/python3.8/site-packages/airflow/example_dags/example_time_delta_sensor_async.py
[2024-03-16T11:39:46.732+0500] {processor.py:830} INFO - Processing file /home/muhammadsami/Public/Projects/Airflow/DataPipelineswithApacheAirflow/.env/lib/python3.8/site-packages/airflow/example_dags/example_time_delta_sensor_async.py for tasks to queue
[2024-03-16T11:39:46.733+0500] {logging_mixin.py:188} INFO - [2024-03-16T11:39:46.732+0500] {dagbag.py:540} INFO - Filling up the DagBag from /home/muhammadsami/Public/Projects/Airflow/DataPipelineswithApacheAirflow/.env/lib/python3.8/site-packages/airflow/example_dags/example_time_delta_sensor_async.py
[2024-03-16T11:39:46.737+0500] {processor.py:840} INFO - DAG(s) 'example_time_delta_sensor_async' retrieved from /home/muhammadsami/Public/Projects/Airflow/DataPipelineswithApacheAirflow/.env/lib/python3.8/site-packages/airflow/example_dags/example_time_delta_sensor_async.py
[2024-03-16T11:39:46.755+0500] {logging_mixin.py:188} INFO - [2024-03-16T11:39:46.754+0500] {dag.py:3047} INFO - Sync 1 DAGs
[2024-03-16T11:39:46.770+0500] {logging_mixin.py:188} INFO - [2024-03-16T11:39:46.769+0500] {dag.py:3834} INFO - Setting next_dagrun for example_time_delta_sensor_async to None, run_after=None
[2024-03-16T11:39:46.885+0500] {processor.py:183} INFO - Processing /home/muhammadsami/Public/Projects/Airflow/DataPipelineswithApacheAirflow/.env/lib/python3.8/site-packages/airflow/example_dags/example_time_delta_sensor_async.py took 0.158 seconds
[2024-03-16T11:40:58.642+0500] {processor.py:161} INFO - Started process (PID=20054) to work on /home/muhammadsami/Public/Projects/Airflow/DataPipelineswithApacheAirflow/.env/lib/python3.8/site-packages/airflow/example_dags/example_time_delta_sensor_async.py
[2024-03-16T11:40:58.671+0500] {processor.py:830} INFO - Processing file /home/muhammadsami/Public/Projects/Airflow/DataPipelineswithApacheAirflow/.env/lib/python3.8/site-packages/airflow/example_dags/example_time_delta_sensor_async.py for tasks to queue
[2024-03-16T11:40:58.672+0500] {logging_mixin.py:188} INFO - [2024-03-16T11:40:58.672+0500] {dagbag.py:540} INFO - Filling up the DagBag from /home/muhammadsami/Public/Projects/Airflow/DataPipelineswithApacheAirflow/.env/lib/python3.8/site-packages/airflow/example_dags/example_time_delta_sensor_async.py
[2024-03-16T11:40:58.676+0500] {processor.py:840} INFO - DAG(s) 'example_time_delta_sensor_async' retrieved from /home/muhammadsami/Public/Projects/Airflow/DataPipelineswithApacheAirflow/.env/lib/python3.8/site-packages/airflow/example_dags/example_time_delta_sensor_async.py
[2024-03-16T11:40:58.896+0500] {logging_mixin.py:188} INFO - [2024-03-16T11:40:58.896+0500] {dag.py:3047} INFO - Sync 1 DAGs
[2024-03-16T11:40:59.138+0500] {logging_mixin.py:188} INFO - [2024-03-16T11:40:59.138+0500] {dag.py:3834} INFO - Setting next_dagrun for example_time_delta_sensor_async to None, run_after=None
[2024-03-16T11:40:59.250+0500] {processor.py:183} INFO - Processing /home/muhammadsami/Public/Projects/Airflow/DataPipelineswithApacheAirflow/.env/lib/python3.8/site-packages/airflow/example_dags/example_time_delta_sensor_async.py took 0.610 seconds
[2024-03-16T11:42:08.623+0500] {processor.py:161} INFO - Started process (PID=20232) to work on /home/muhammadsami/Public/Projects/Airflow/DataPipelineswithApacheAirflow/.env/lib/python3.8/site-packages/airflow/example_dags/example_time_delta_sensor_async.py
[2024-03-16T11:42:08.624+0500] {processor.py:830} INFO - Processing file /home/muhammadsami/Public/Projects/Airflow/DataPipelineswithApacheAirflow/.env/lib/python3.8/site-packages/airflow/example_dags/example_time_delta_sensor_async.py for tasks to queue
[2024-03-16T11:42:08.625+0500] {logging_mixin.py:188} INFO - [2024-03-16T11:42:08.625+0500] {dagbag.py:540} INFO - Filling up the DagBag from /home/muhammadsami/Public/Projects/Airflow/DataPipelineswithApacheAirflow/.env/lib/python3.8/site-packages/airflow/example_dags/example_time_delta_sensor_async.py
[2024-03-16T11:42:08.629+0500] {processor.py:840} INFO - DAG(s) 'example_time_delta_sensor_async' retrieved from /home/muhammadsami/Public/Projects/Airflow/DataPipelineswithApacheAirflow/.env/lib/python3.8/site-packages/airflow/example_dags/example_time_delta_sensor_async.py
[2024-03-16T11:42:08.642+0500] {logging_mixin.py:188} INFO - [2024-03-16T11:42:08.642+0500] {dag.py:3047} INFO - Sync 1 DAGs
[2024-03-16T11:42:08.652+0500] {logging_mixin.py:188} INFO - [2024-03-16T11:42:08.652+0500] {dag.py:3834} INFO - Setting next_dagrun for example_time_delta_sensor_async to None, run_after=None
[2024-03-16T11:42:08.749+0500] {processor.py:183} INFO - Processing /home/muhammadsami/Public/Projects/Airflow/DataPipelineswithApacheAirflow/.env/lib/python3.8/site-packages/airflow/example_dags/example_time_delta_sensor_async.py took 0.129 seconds
[2024-03-16T11:43:00.417+0500] {processor.py:161} INFO - Started process (PID=20292) to work on /home/muhammadsami/Public/Projects/Airflow/DataPipelineswithApacheAirflow/.env/lib/python3.8/site-packages/airflow/example_dags/example_time_delta_sensor_async.py
[2024-03-16T11:43:00.429+0500] {processor.py:830} INFO - Processing file /home/muhammadsami/Public/Projects/Airflow/DataPipelineswithApacheAirflow/.env/lib/python3.8/site-packages/airflow/example_dags/example_time_delta_sensor_async.py for tasks to queue
[2024-03-16T11:43:00.430+0500] {logging_mixin.py:188} INFO - [2024-03-16T11:43:00.430+0500] {dagbag.py:540} INFO - Filling up the DagBag from /home/muhammadsami/Public/Projects/Airflow/DataPipelineswithApacheAirflow/.env/lib/python3.8/site-packages/airflow/example_dags/example_time_delta_sensor_async.py
[2024-03-16T11:43:00.434+0500] {processor.py:840} INFO - DAG(s) 'example_time_delta_sensor_async' retrieved from /home/muhammadsami/Public/Projects/Airflow/DataPipelineswithApacheAirflow/.env/lib/python3.8/site-packages/airflow/example_dags/example_time_delta_sensor_async.py
[2024-03-16T11:43:00.447+0500] {logging_mixin.py:188} INFO - [2024-03-16T11:43:00.447+0500] {dag.py:3047} INFO - Sync 1 DAGs
[2024-03-16T11:43:00.457+0500] {logging_mixin.py:188} INFO - [2024-03-16T11:43:00.457+0500] {dag.py:3834} INFO - Setting next_dagrun for example_time_delta_sensor_async to None, run_after=None
[2024-03-16T11:43:00.549+0500] {processor.py:183} INFO - Processing /home/muhammadsami/Public/Projects/Airflow/DataPipelineswithApacheAirflow/.env/lib/python3.8/site-packages/airflow/example_dags/example_time_delta_sensor_async.py took 0.134 seconds
[2024-03-16T11:43:46.196+0500] {processor.py:161} INFO - Started process (PID=20366) to work on /home/muhammadsami/Public/Projects/Airflow/DataPipelineswithApacheAirflow/.env/lib/python3.8/site-packages/airflow/example_dags/example_time_delta_sensor_async.py
[2024-03-16T11:43:46.197+0500] {processor.py:830} INFO - Processing file /home/muhammadsami/Public/Projects/Airflow/DataPipelineswithApacheAirflow/.env/lib/python3.8/site-packages/airflow/example_dags/example_time_delta_sensor_async.py for tasks to queue
[2024-03-16T11:43:46.198+0500] {logging_mixin.py:188} INFO - [2024-03-16T11:43:46.198+0500] {dagbag.py:540} INFO - Filling up the DagBag from /home/muhammadsami/Public/Projects/Airflow/DataPipelineswithApacheAirflow/.env/lib/python3.8/site-packages/airflow/example_dags/example_time_delta_sensor_async.py
[2024-03-16T11:43:46.203+0500] {processor.py:840} INFO - DAG(s) 'example_time_delta_sensor_async' retrieved from /home/muhammadsami/Public/Projects/Airflow/DataPipelineswithApacheAirflow/.env/lib/python3.8/site-packages/airflow/example_dags/example_time_delta_sensor_async.py
[2024-03-16T11:43:46.216+0500] {logging_mixin.py:188} INFO - [2024-03-16T11:43:46.216+0500] {dag.py:3047} INFO - Sync 1 DAGs
[2024-03-16T11:43:46.226+0500] {logging_mixin.py:188} INFO - [2024-03-16T11:43:46.226+0500] {dag.py:3834} INFO - Setting next_dagrun for example_time_delta_sensor_async to None, run_after=None
[2024-03-16T11:43:46.325+0500] {processor.py:183} INFO - Processing /home/muhammadsami/Public/Projects/Airflow/DataPipelineswithApacheAirflow/.env/lib/python3.8/site-packages/airflow/example_dags/example_time_delta_sensor_async.py took 0.131 seconds
[2024-03-16T11:44:36.807+0500] {processor.py:161} INFO - Started process (PID=20452) to work on /home/muhammadsami/Public/Projects/Airflow/DataPipelineswithApacheAirflow/.env/lib/python3.8/site-packages/airflow/example_dags/example_time_delta_sensor_async.py
[2024-03-16T11:44:36.812+0500] {processor.py:830} INFO - Processing file /home/muhammadsami/Public/Projects/Airflow/DataPipelineswithApacheAirflow/.env/lib/python3.8/site-packages/airflow/example_dags/example_time_delta_sensor_async.py for tasks to queue
[2024-03-16T11:44:36.813+0500] {logging_mixin.py:188} INFO - [2024-03-16T11:44:36.812+0500] {dagbag.py:540} INFO - Filling up the DagBag from /home/muhammadsami/Public/Projects/Airflow/DataPipelineswithApacheAirflow/.env/lib/python3.8/site-packages/airflow/example_dags/example_time_delta_sensor_async.py
[2024-03-16T11:44:36.817+0500] {processor.py:840} INFO - DAG(s) 'example_time_delta_sensor_async' retrieved from /home/muhammadsami/Public/Projects/Airflow/DataPipelineswithApacheAirflow/.env/lib/python3.8/site-packages/airflow/example_dags/example_time_delta_sensor_async.py
[2024-03-16T11:44:36.832+0500] {logging_mixin.py:188} INFO - [2024-03-16T11:44:36.831+0500] {dag.py:3047} INFO - Sync 1 DAGs
[2024-03-16T11:44:36.841+0500] {logging_mixin.py:188} INFO - [2024-03-16T11:44:36.841+0500] {dag.py:3834} INFO - Setting next_dagrun for example_time_delta_sensor_async to None, run_after=None
[2024-03-16T11:44:36.930+0500] {processor.py:183} INFO - Processing /home/muhammadsami/Public/Projects/Airflow/DataPipelineswithApacheAirflow/.env/lib/python3.8/site-packages/airflow/example_dags/example_time_delta_sensor_async.py took 0.126 seconds
[2024-03-16T11:45:41.446+0500] {processor.py:161} INFO - Started process (PID=20828) to work on /home/muhammadsami/Public/Projects/Airflow/DataPipelineswithApacheAirflow/.env/lib/python3.8/site-packages/airflow/example_dags/example_time_delta_sensor_async.py
[2024-03-16T11:45:41.457+0500] {processor.py:830} INFO - Processing file /home/muhammadsami/Public/Projects/Airflow/DataPipelineswithApacheAirflow/.env/lib/python3.8/site-packages/airflow/example_dags/example_time_delta_sensor_async.py for tasks to queue
[2024-03-16T11:45:41.458+0500] {logging_mixin.py:188} INFO - [2024-03-16T11:45:41.458+0500] {dagbag.py:540} INFO - Filling up the DagBag from /home/muhammadsami/Public/Projects/Airflow/DataPipelineswithApacheAirflow/.env/lib/python3.8/site-packages/airflow/example_dags/example_time_delta_sensor_async.py
[2024-03-16T11:45:41.462+0500] {processor.py:840} INFO - DAG(s) 'example_time_delta_sensor_async' retrieved from /home/muhammadsami/Public/Projects/Airflow/DataPipelineswithApacheAirflow/.env/lib/python3.8/site-packages/airflow/example_dags/example_time_delta_sensor_async.py
[2024-03-16T11:45:41.475+0500] {logging_mixin.py:188} INFO - [2024-03-16T11:45:41.475+0500] {dag.py:3047} INFO - Sync 1 DAGs
[2024-03-16T11:45:41.485+0500] {logging_mixin.py:188} INFO - [2024-03-16T11:45:41.485+0500] {dag.py:3834} INFO - Setting next_dagrun for example_time_delta_sensor_async to None, run_after=None
[2024-03-16T11:45:41.592+0500] {processor.py:183} INFO - Processing /home/muhammadsami/Public/Projects/Airflow/DataPipelineswithApacheAirflow/.env/lib/python3.8/site-packages/airflow/example_dags/example_time_delta_sensor_async.py took 0.148 seconds
[2024-03-16T11:46:37.657+0500] {processor.py:161} INFO - Started process (PID=20888) to work on /home/muhammadsami/Public/Projects/Airflow/DataPipelineswithApacheAirflow/.env/lib/python3.8/site-packages/airflow/example_dags/example_time_delta_sensor_async.py
[2024-03-16T11:46:37.679+0500] {processor.py:830} INFO - Processing file /home/muhammadsami/Public/Projects/Airflow/DataPipelineswithApacheAirflow/.env/lib/python3.8/site-packages/airflow/example_dags/example_time_delta_sensor_async.py for tasks to queue
[2024-03-16T11:46:37.680+0500] {logging_mixin.py:188} INFO - [2024-03-16T11:46:37.680+0500] {dagbag.py:540} INFO - Filling up the DagBag from /home/muhammadsami/Public/Projects/Airflow/DataPipelineswithApacheAirflow/.env/lib/python3.8/site-packages/airflow/example_dags/example_time_delta_sensor_async.py
[2024-03-16T11:46:37.684+0500] {processor.py:840} INFO - DAG(s) 'example_time_delta_sensor_async' retrieved from /home/muhammadsami/Public/Projects/Airflow/DataPipelineswithApacheAirflow/.env/lib/python3.8/site-packages/airflow/example_dags/example_time_delta_sensor_async.py
[2024-03-16T11:46:37.698+0500] {logging_mixin.py:188} INFO - [2024-03-16T11:46:37.698+0500] {dag.py:3047} INFO - Sync 1 DAGs
[2024-03-16T11:46:37.708+0500] {logging_mixin.py:188} INFO - [2024-03-16T11:46:37.707+0500] {dag.py:3834} INFO - Setting next_dagrun for example_time_delta_sensor_async to None, run_after=None
[2024-03-16T11:46:37.798+0500] {processor.py:183} INFO - Processing /home/muhammadsami/Public/Projects/Airflow/DataPipelineswithApacheAirflow/.env/lib/python3.8/site-packages/airflow/example_dags/example_time_delta_sensor_async.py took 0.144 seconds
[2024-03-16T11:47:27.750+0500] {processor.py:161} INFO - Started process (PID=20966) to work on /home/muhammadsami/Public/Projects/Airflow/DataPipelineswithApacheAirflow/.env/lib/python3.8/site-packages/airflow/example_dags/example_time_delta_sensor_async.py
[2024-03-16T11:47:27.755+0500] {processor.py:830} INFO - Processing file /home/muhammadsami/Public/Projects/Airflow/DataPipelineswithApacheAirflow/.env/lib/python3.8/site-packages/airflow/example_dags/example_time_delta_sensor_async.py for tasks to queue
[2024-03-16T11:47:27.756+0500] {logging_mixin.py:188} INFO - [2024-03-16T11:47:27.756+0500] {dagbag.py:540} INFO - Filling up the DagBag from /home/muhammadsami/Public/Projects/Airflow/DataPipelineswithApacheAirflow/.env/lib/python3.8/site-packages/airflow/example_dags/example_time_delta_sensor_async.py
[2024-03-16T11:47:27.762+0500] {processor.py:840} INFO - DAG(s) 'example_time_delta_sensor_async' retrieved from /home/muhammadsami/Public/Projects/Airflow/DataPipelineswithApacheAirflow/.env/lib/python3.8/site-packages/airflow/example_dags/example_time_delta_sensor_async.py
[2024-03-16T11:47:27.778+0500] {logging_mixin.py:188} INFO - [2024-03-16T11:47:27.778+0500] {dag.py:3047} INFO - Sync 1 DAGs
[2024-03-16T11:47:27.788+0500] {logging_mixin.py:188} INFO - [2024-03-16T11:47:27.788+0500] {dag.py:3834} INFO - Setting next_dagrun for example_time_delta_sensor_async to None, run_after=None
[2024-03-16T11:47:27.881+0500] {processor.py:183} INFO - Processing /home/muhammadsami/Public/Projects/Airflow/DataPipelineswithApacheAirflow/.env/lib/python3.8/site-packages/airflow/example_dags/example_time_delta_sensor_async.py took 0.135 seconds
[2024-03-16T11:48:17.534+0500] {processor.py:161} INFO - Started process (PID=21015) to work on /home/muhammadsami/Public/Projects/Airflow/DataPipelineswithApacheAirflow/.env/lib/python3.8/site-packages/airflow/example_dags/example_time_delta_sensor_async.py
[2024-03-16T11:48:17.548+0500] {processor.py:830} INFO - Processing file /home/muhammadsami/Public/Projects/Airflow/DataPipelineswithApacheAirflow/.env/lib/python3.8/site-packages/airflow/example_dags/example_time_delta_sensor_async.py for tasks to queue
[2024-03-16T11:48:17.549+0500] {logging_mixin.py:188} INFO - [2024-03-16T11:48:17.548+0500] {dagbag.py:540} INFO - Filling up the DagBag from /home/muhammadsami/Public/Projects/Airflow/DataPipelineswithApacheAirflow/.env/lib/python3.8/site-packages/airflow/example_dags/example_time_delta_sensor_async.py
[2024-03-16T11:48:17.554+0500] {processor.py:840} INFO - DAG(s) 'example_time_delta_sensor_async' retrieved from /home/muhammadsami/Public/Projects/Airflow/DataPipelineswithApacheAirflow/.env/lib/python3.8/site-packages/airflow/example_dags/example_time_delta_sensor_async.py
[2024-03-16T11:48:17.571+0500] {logging_mixin.py:188} INFO - [2024-03-16T11:48:17.571+0500] {dag.py:3047} INFO - Sync 1 DAGs
[2024-03-16T11:48:17.581+0500] {logging_mixin.py:188} INFO - [2024-03-16T11:48:17.581+0500] {dag.py:3834} INFO - Setting next_dagrun for example_time_delta_sensor_async to None, run_after=None
[2024-03-16T11:48:17.676+0500] {processor.py:183} INFO - Processing /home/muhammadsami/Public/Projects/Airflow/DataPipelineswithApacheAirflow/.env/lib/python3.8/site-packages/airflow/example_dags/example_time_delta_sensor_async.py took 0.145 seconds
[2024-03-16T11:49:03.681+0500] {processor.py:161} INFO - Started process (PID=21087) to work on /home/muhammadsami/Public/Projects/Airflow/DataPipelineswithApacheAirflow/.env/lib/python3.8/site-packages/airflow/example_dags/example_time_delta_sensor_async.py
[2024-03-16T11:49:03.682+0500] {processor.py:830} INFO - Processing file /home/muhammadsami/Public/Projects/Airflow/DataPipelineswithApacheAirflow/.env/lib/python3.8/site-packages/airflow/example_dags/example_time_delta_sensor_async.py for tasks to queue
[2024-03-16T11:49:03.683+0500] {logging_mixin.py:188} INFO - [2024-03-16T11:49:03.683+0500] {dagbag.py:540} INFO - Filling up the DagBag from /home/muhammadsami/Public/Projects/Airflow/DataPipelineswithApacheAirflow/.env/lib/python3.8/site-packages/airflow/example_dags/example_time_delta_sensor_async.py
[2024-03-16T11:49:03.688+0500] {processor.py:840} INFO - DAG(s) 'example_time_delta_sensor_async' retrieved from /home/muhammadsami/Public/Projects/Airflow/DataPipelineswithApacheAirflow/.env/lib/python3.8/site-packages/airflow/example_dags/example_time_delta_sensor_async.py
[2024-03-16T11:49:03.703+0500] {logging_mixin.py:188} INFO - [2024-03-16T11:49:03.703+0500] {dag.py:3047} INFO - Sync 1 DAGs
[2024-03-16T11:49:03.713+0500] {logging_mixin.py:188} INFO - [2024-03-16T11:49:03.713+0500] {dag.py:3834} INFO - Setting next_dagrun for example_time_delta_sensor_async to None, run_after=None
[2024-03-16T11:49:03.808+0500] {processor.py:183} INFO - Processing /home/muhammadsami/Public/Projects/Airflow/DataPipelineswithApacheAirflow/.env/lib/python3.8/site-packages/airflow/example_dags/example_time_delta_sensor_async.py took 0.129 seconds
[2024-03-16T11:49:53.279+0500] {processor.py:161} INFO - Started process (PID=21133) to work on /home/muhammadsami/Public/Projects/Airflow/DataPipelineswithApacheAirflow/.env/lib/python3.8/site-packages/airflow/example_dags/example_time_delta_sensor_async.py
[2024-03-16T11:49:53.280+0500] {processor.py:830} INFO - Processing file /home/muhammadsami/Public/Projects/Airflow/DataPipelineswithApacheAirflow/.env/lib/python3.8/site-packages/airflow/example_dags/example_time_delta_sensor_async.py for tasks to queue
[2024-03-16T11:49:53.281+0500] {logging_mixin.py:188} INFO - [2024-03-16T11:49:53.281+0500] {dagbag.py:540} INFO - Filling up the DagBag from /home/muhammadsami/Public/Projects/Airflow/DataPipelineswithApacheAirflow/.env/lib/python3.8/site-packages/airflow/example_dags/example_time_delta_sensor_async.py
[2024-03-16T11:49:53.285+0500] {processor.py:840} INFO - DAG(s) 'example_time_delta_sensor_async' retrieved from /home/muhammadsami/Public/Projects/Airflow/DataPipelineswithApacheAirflow/.env/lib/python3.8/site-packages/airflow/example_dags/example_time_delta_sensor_async.py
[2024-03-16T11:49:53.298+0500] {logging_mixin.py:188} INFO - [2024-03-16T11:49:53.298+0500] {dag.py:3047} INFO - Sync 1 DAGs
[2024-03-16T11:49:53.308+0500] {logging_mixin.py:188} INFO - [2024-03-16T11:49:53.308+0500] {dag.py:3834} INFO - Setting next_dagrun for example_time_delta_sensor_async to None, run_after=None
[2024-03-16T11:49:53.405+0500] {processor.py:183} INFO - Processing /home/muhammadsami/Public/Projects/Airflow/DataPipelineswithApacheAirflow/.env/lib/python3.8/site-packages/airflow/example_dags/example_time_delta_sensor_async.py took 0.129 seconds
[2024-03-16T11:50:43.068+0500] {processor.py:161} INFO - Started process (PID=21188) to work on /home/muhammadsami/Public/Projects/Airflow/DataPipelineswithApacheAirflow/.env/lib/python3.8/site-packages/airflow/example_dags/example_time_delta_sensor_async.py
[2024-03-16T11:50:43.070+0500] {processor.py:830} INFO - Processing file /home/muhammadsami/Public/Projects/Airflow/DataPipelineswithApacheAirflow/.env/lib/python3.8/site-packages/airflow/example_dags/example_time_delta_sensor_async.py for tasks to queue
[2024-03-16T11:50:43.071+0500] {logging_mixin.py:188} INFO - [2024-03-16T11:50:43.071+0500] {dagbag.py:540} INFO - Filling up the DagBag from /home/muhammadsami/Public/Projects/Airflow/DataPipelineswithApacheAirflow/.env/lib/python3.8/site-packages/airflow/example_dags/example_time_delta_sensor_async.py
[2024-03-16T11:50:43.076+0500] {processor.py:840} INFO - DAG(s) 'example_time_delta_sensor_async' retrieved from /home/muhammadsami/Public/Projects/Airflow/DataPipelineswithApacheAirflow/.env/lib/python3.8/site-packages/airflow/example_dags/example_time_delta_sensor_async.py
[2024-03-16T11:50:43.090+0500] {logging_mixin.py:188} INFO - [2024-03-16T11:50:43.089+0500] {dag.py:3047} INFO - Sync 1 DAGs
[2024-03-16T11:50:43.099+0500] {logging_mixin.py:188} INFO - [2024-03-16T11:50:43.099+0500] {dag.py:3834} INFO - Setting next_dagrun for example_time_delta_sensor_async to None, run_after=None
[2024-03-16T11:50:43.195+0500] {processor.py:183} INFO - Processing /home/muhammadsami/Public/Projects/Airflow/DataPipelineswithApacheAirflow/.env/lib/python3.8/site-packages/airflow/example_dags/example_time_delta_sensor_async.py took 0.129 seconds
[2024-03-16T11:51:35.324+0500] {processor.py:161} INFO - Started process (PID=21315) to work on /home/muhammadsami/Public/Projects/Airflow/DataPipelineswithApacheAirflow/.env/lib/python3.8/site-packages/airflow/example_dags/example_time_delta_sensor_async.py
[2024-03-16T11:51:35.340+0500] {processor.py:830} INFO - Processing file /home/muhammadsami/Public/Projects/Airflow/DataPipelineswithApacheAirflow/.env/lib/python3.8/site-packages/airflow/example_dags/example_time_delta_sensor_async.py for tasks to queue
[2024-03-16T11:51:35.341+0500] {logging_mixin.py:188} INFO - [2024-03-16T11:51:35.341+0500] {dagbag.py:540} INFO - Filling up the DagBag from /home/muhammadsami/Public/Projects/Airflow/DataPipelineswithApacheAirflow/.env/lib/python3.8/site-packages/airflow/example_dags/example_time_delta_sensor_async.py
[2024-03-16T11:51:35.345+0500] {processor.py:840} INFO - DAG(s) 'example_time_delta_sensor_async' retrieved from /home/muhammadsami/Public/Projects/Airflow/DataPipelineswithApacheAirflow/.env/lib/python3.8/site-packages/airflow/example_dags/example_time_delta_sensor_async.py
[2024-03-16T11:51:35.360+0500] {logging_mixin.py:188} INFO - [2024-03-16T11:51:35.360+0500] {dag.py:3047} INFO - Sync 1 DAGs
[2024-03-16T11:51:35.373+0500] {logging_mixin.py:188} INFO - [2024-03-16T11:51:35.372+0500] {dag.py:3834} INFO - Setting next_dagrun for example_time_delta_sensor_async to None, run_after=None
[2024-03-16T11:51:35.470+0500] {processor.py:183} INFO - Processing /home/muhammadsami/Public/Projects/Airflow/DataPipelineswithApacheAirflow/.env/lib/python3.8/site-packages/airflow/example_dags/example_time_delta_sensor_async.py took 0.149 seconds
[2024-03-16T11:52:28.328+0500] {processor.py:161} INFO - Started process (PID=21478) to work on /home/muhammadsami/Public/Projects/Airflow/DataPipelineswithApacheAirflow/.env/lib/python3.8/site-packages/airflow/example_dags/example_time_delta_sensor_async.py
[2024-03-16T11:52:28.344+0500] {processor.py:830} INFO - Processing file /home/muhammadsami/Public/Projects/Airflow/DataPipelineswithApacheAirflow/.env/lib/python3.8/site-packages/airflow/example_dags/example_time_delta_sensor_async.py for tasks to queue
[2024-03-16T11:52:28.345+0500] {logging_mixin.py:188} INFO - [2024-03-16T11:52:28.344+0500] {dagbag.py:540} INFO - Filling up the DagBag from /home/muhammadsami/Public/Projects/Airflow/DataPipelineswithApacheAirflow/.env/lib/python3.8/site-packages/airflow/example_dags/example_time_delta_sensor_async.py
[2024-03-16T11:52:28.351+0500] {processor.py:840} INFO - DAG(s) 'example_time_delta_sensor_async' retrieved from /home/muhammadsami/Public/Projects/Airflow/DataPipelineswithApacheAirflow/.env/lib/python3.8/site-packages/airflow/example_dags/example_time_delta_sensor_async.py
[2024-03-16T11:52:28.367+0500] {logging_mixin.py:188} INFO - [2024-03-16T11:52:28.367+0500] {dag.py:3047} INFO - Sync 1 DAGs
[2024-03-16T11:52:28.379+0500] {logging_mixin.py:188} INFO - [2024-03-16T11:52:28.379+0500] {dag.py:3834} INFO - Setting next_dagrun for example_time_delta_sensor_async to None, run_after=None
[2024-03-16T11:52:28.470+0500] {processor.py:183} INFO - Processing /home/muhammadsami/Public/Projects/Airflow/DataPipelineswithApacheAirflow/.env/lib/python3.8/site-packages/airflow/example_dags/example_time_delta_sensor_async.py took 0.145 seconds
[2024-03-16T11:53:19.861+0500] {processor.py:161} INFO - Started process (PID=21535) to work on /home/muhammadsami/Public/Projects/Airflow/DataPipelineswithApacheAirflow/.env/lib/python3.8/site-packages/airflow/example_dags/example_time_delta_sensor_async.py
[2024-03-16T11:53:19.872+0500] {processor.py:830} INFO - Processing file /home/muhammadsami/Public/Projects/Airflow/DataPipelineswithApacheAirflow/.env/lib/python3.8/site-packages/airflow/example_dags/example_time_delta_sensor_async.py for tasks to queue
[2024-03-16T11:53:19.873+0500] {logging_mixin.py:188} INFO - [2024-03-16T11:53:19.873+0500] {dagbag.py:540} INFO - Filling up the DagBag from /home/muhammadsami/Public/Projects/Airflow/DataPipelineswithApacheAirflow/.env/lib/python3.8/site-packages/airflow/example_dags/example_time_delta_sensor_async.py
[2024-03-16T11:53:19.877+0500] {processor.py:840} INFO - DAG(s) 'example_time_delta_sensor_async' retrieved from /home/muhammadsami/Public/Projects/Airflow/DataPipelineswithApacheAirflow/.env/lib/python3.8/site-packages/airflow/example_dags/example_time_delta_sensor_async.py
[2024-03-16T11:53:19.897+0500] {logging_mixin.py:188} INFO - [2024-03-16T11:53:19.896+0500] {dag.py:3047} INFO - Sync 1 DAGs
[2024-03-16T11:53:19.907+0500] {logging_mixin.py:188} INFO - [2024-03-16T11:53:19.906+0500] {dag.py:3834} INFO - Setting next_dagrun for example_time_delta_sensor_async to None, run_after=None
[2024-03-16T11:53:19.995+0500] {processor.py:183} INFO - Processing /home/muhammadsami/Public/Projects/Airflow/DataPipelineswithApacheAirflow/.env/lib/python3.8/site-packages/airflow/example_dags/example_time_delta_sensor_async.py took 0.136 seconds
[2024-03-16T11:54:11.675+0500] {processor.py:161} INFO - Started process (PID=21658) to work on /home/muhammadsami/Public/Projects/Airflow/DataPipelineswithApacheAirflow/.env/lib/python3.8/site-packages/airflow/example_dags/example_time_delta_sensor_async.py
[2024-03-16T11:54:11.677+0500] {processor.py:830} INFO - Processing file /home/muhammadsami/Public/Projects/Airflow/DataPipelineswithApacheAirflow/.env/lib/python3.8/site-packages/airflow/example_dags/example_time_delta_sensor_async.py for tasks to queue
[2024-03-16T11:54:11.678+0500] {logging_mixin.py:188} INFO - [2024-03-16T11:54:11.677+0500] {dagbag.py:540} INFO - Filling up the DagBag from /home/muhammadsami/Public/Projects/Airflow/DataPipelineswithApacheAirflow/.env/lib/python3.8/site-packages/airflow/example_dags/example_time_delta_sensor_async.py
[2024-03-16T11:54:11.683+0500] {processor.py:840} INFO - DAG(s) 'example_time_delta_sensor_async' retrieved from /home/muhammadsami/Public/Projects/Airflow/DataPipelineswithApacheAirflow/.env/lib/python3.8/site-packages/airflow/example_dags/example_time_delta_sensor_async.py
[2024-03-16T11:54:11.700+0500] {logging_mixin.py:188} INFO - [2024-03-16T11:54:11.700+0500] {dag.py:3047} INFO - Sync 1 DAGs
[2024-03-16T11:54:11.710+0500] {logging_mixin.py:188} INFO - [2024-03-16T11:54:11.710+0500] {dag.py:3834} INFO - Setting next_dagrun for example_time_delta_sensor_async to None, run_after=None
[2024-03-16T11:54:11.828+0500] {processor.py:183} INFO - Processing /home/muhammadsami/Public/Projects/Airflow/DataPipelineswithApacheAirflow/.env/lib/python3.8/site-packages/airflow/example_dags/example_time_delta_sensor_async.py took 0.155 seconds
[2024-03-16T11:55:00.150+0500] {processor.py:161} INFO - Started process (PID=21810) to work on /home/muhammadsami/Public/Projects/Airflow/DataPipelineswithApacheAirflow/.env/lib/python3.8/site-packages/airflow/example_dags/example_time_delta_sensor_async.py
[2024-03-16T11:55:00.160+0500] {processor.py:830} INFO - Processing file /home/muhammadsami/Public/Projects/Airflow/DataPipelineswithApacheAirflow/.env/lib/python3.8/site-packages/airflow/example_dags/example_time_delta_sensor_async.py for tasks to queue
[2024-03-16T11:55:00.161+0500] {logging_mixin.py:188} INFO - [2024-03-16T11:55:00.161+0500] {dagbag.py:540} INFO - Filling up the DagBag from /home/muhammadsami/Public/Projects/Airflow/DataPipelineswithApacheAirflow/.env/lib/python3.8/site-packages/airflow/example_dags/example_time_delta_sensor_async.py
[2024-03-16T11:55:00.165+0500] {processor.py:840} INFO - DAG(s) 'example_time_delta_sensor_async' retrieved from /home/muhammadsami/Public/Projects/Airflow/DataPipelineswithApacheAirflow/.env/lib/python3.8/site-packages/airflow/example_dags/example_time_delta_sensor_async.py
[2024-03-16T11:55:00.180+0500] {logging_mixin.py:188} INFO - [2024-03-16T11:55:00.180+0500] {dag.py:3047} INFO - Sync 1 DAGs
[2024-03-16T11:55:00.191+0500] {logging_mixin.py:188} INFO - [2024-03-16T11:55:00.190+0500] {dag.py:3834} INFO - Setting next_dagrun for example_time_delta_sensor_async to None, run_after=None
[2024-03-16T11:55:00.303+0500] {processor.py:183} INFO - Processing /home/muhammadsami/Public/Projects/Airflow/DataPipelineswithApacheAirflow/.env/lib/python3.8/site-packages/airflow/example_dags/example_time_delta_sensor_async.py took 0.157 seconds
[2024-03-16T11:55:51.984+0500] {processor.py:161} INFO - Started process (PID=21912) to work on /home/muhammadsami/Public/Projects/Airflow/DataPipelineswithApacheAirflow/.env/lib/python3.8/site-packages/airflow/example_dags/example_time_delta_sensor_async.py
[2024-03-16T11:55:52.001+0500] {processor.py:830} INFO - Processing file /home/muhammadsami/Public/Projects/Airflow/DataPipelineswithApacheAirflow/.env/lib/python3.8/site-packages/airflow/example_dags/example_time_delta_sensor_async.py for tasks to queue
[2024-03-16T11:55:52.002+0500] {logging_mixin.py:188} INFO - [2024-03-16T11:55:52.001+0500] {dagbag.py:540} INFO - Filling up the DagBag from /home/muhammadsami/Public/Projects/Airflow/DataPipelineswithApacheAirflow/.env/lib/python3.8/site-packages/airflow/example_dags/example_time_delta_sensor_async.py
[2024-03-16T11:55:52.008+0500] {processor.py:840} INFO - DAG(s) 'example_time_delta_sensor_async' retrieved from /home/muhammadsami/Public/Projects/Airflow/DataPipelineswithApacheAirflow/.env/lib/python3.8/site-packages/airflow/example_dags/example_time_delta_sensor_async.py
[2024-03-16T11:55:52.029+0500] {logging_mixin.py:188} INFO - [2024-03-16T11:55:52.028+0500] {dag.py:3047} INFO - Sync 1 DAGs
[2024-03-16T11:55:52.044+0500] {logging_mixin.py:188} INFO - [2024-03-16T11:55:52.043+0500] {dag.py:3834} INFO - Setting next_dagrun for example_time_delta_sensor_async to None, run_after=None
[2024-03-16T11:55:52.163+0500] {processor.py:183} INFO - Processing /home/muhammadsami/Public/Projects/Airflow/DataPipelineswithApacheAirflow/.env/lib/python3.8/site-packages/airflow/example_dags/example_time_delta_sensor_async.py took 0.182 seconds
[2024-03-16T11:56:42.522+0500] {processor.py:161} INFO - Started process (PID=21961) to work on /home/muhammadsami/Public/Projects/Airflow/DataPipelineswithApacheAirflow/.env/lib/python3.8/site-packages/airflow/example_dags/example_time_delta_sensor_async.py
[2024-03-16T11:56:42.524+0500] {processor.py:830} INFO - Processing file /home/muhammadsami/Public/Projects/Airflow/DataPipelineswithApacheAirflow/.env/lib/python3.8/site-packages/airflow/example_dags/example_time_delta_sensor_async.py for tasks to queue
[2024-03-16T11:56:42.525+0500] {logging_mixin.py:188} INFO - [2024-03-16T11:56:42.524+0500] {dagbag.py:540} INFO - Filling up the DagBag from /home/muhammadsami/Public/Projects/Airflow/DataPipelineswithApacheAirflow/.env/lib/python3.8/site-packages/airflow/example_dags/example_time_delta_sensor_async.py
[2024-03-16T11:56:42.528+0500] {processor.py:840} INFO - DAG(s) 'example_time_delta_sensor_async' retrieved from /home/muhammadsami/Public/Projects/Airflow/DataPipelineswithApacheAirflow/.env/lib/python3.8/site-packages/airflow/example_dags/example_time_delta_sensor_async.py
[2024-03-16T11:56:42.545+0500] {logging_mixin.py:188} INFO - [2024-03-16T11:56:42.545+0500] {dag.py:3047} INFO - Sync 1 DAGs
[2024-03-16T11:56:42.561+0500] {logging_mixin.py:188} INFO - [2024-03-16T11:56:42.560+0500] {dag.py:3834} INFO - Setting next_dagrun for example_time_delta_sensor_async to None, run_after=None
[2024-03-16T11:56:42.664+0500] {processor.py:183} INFO - Processing /home/muhammadsami/Public/Projects/Airflow/DataPipelineswithApacheAirflow/.env/lib/python3.8/site-packages/airflow/example_dags/example_time_delta_sensor_async.py took 0.144 seconds
[2024-03-16T11:57:34.397+0500] {processor.py:161} INFO - Started process (PID=22014) to work on /home/muhammadsami/Public/Projects/Airflow/DataPipelineswithApacheAirflow/.env/lib/python3.8/site-packages/airflow/example_dags/example_time_delta_sensor_async.py
[2024-03-16T11:57:34.398+0500] {processor.py:830} INFO - Processing file /home/muhammadsami/Public/Projects/Airflow/DataPipelineswithApacheAirflow/.env/lib/python3.8/site-packages/airflow/example_dags/example_time_delta_sensor_async.py for tasks to queue
[2024-03-16T11:57:34.399+0500] {logging_mixin.py:188} INFO - [2024-03-16T11:57:34.399+0500] {dagbag.py:540} INFO - Filling up the DagBag from /home/muhammadsami/Public/Projects/Airflow/DataPipelineswithApacheAirflow/.env/lib/python3.8/site-packages/airflow/example_dags/example_time_delta_sensor_async.py
[2024-03-16T11:57:34.403+0500] {processor.py:840} INFO - DAG(s) 'example_time_delta_sensor_async' retrieved from /home/muhammadsami/Public/Projects/Airflow/DataPipelineswithApacheAirflow/.env/lib/python3.8/site-packages/airflow/example_dags/example_time_delta_sensor_async.py
[2024-03-16T11:57:34.417+0500] {logging_mixin.py:188} INFO - [2024-03-16T11:57:34.417+0500] {dag.py:3047} INFO - Sync 1 DAGs
[2024-03-16T11:57:34.427+0500] {logging_mixin.py:188} INFO - [2024-03-16T11:57:34.427+0500] {dag.py:3834} INFO - Setting next_dagrun for example_time_delta_sensor_async to None, run_after=None
[2024-03-16T11:57:34.526+0500] {processor.py:183} INFO - Processing /home/muhammadsami/Public/Projects/Airflow/DataPipelineswithApacheAirflow/.env/lib/python3.8/site-packages/airflow/example_dags/example_time_delta_sensor_async.py took 0.131 seconds
[2024-03-16T11:58:25.943+0500] {processor.py:161} INFO - Started process (PID=22116) to work on /home/muhammadsami/Public/Projects/Airflow/DataPipelineswithApacheAirflow/.env/lib/python3.8/site-packages/airflow/example_dags/example_time_delta_sensor_async.py
[2024-03-16T11:58:25.957+0500] {processor.py:830} INFO - Processing file /home/muhammadsami/Public/Projects/Airflow/DataPipelineswithApacheAirflow/.env/lib/python3.8/site-packages/airflow/example_dags/example_time_delta_sensor_async.py for tasks to queue
[2024-03-16T11:58:25.958+0500] {logging_mixin.py:188} INFO - [2024-03-16T11:58:25.958+0500] {dagbag.py:540} INFO - Filling up the DagBag from /home/muhammadsami/Public/Projects/Airflow/DataPipelineswithApacheAirflow/.env/lib/python3.8/site-packages/airflow/example_dags/example_time_delta_sensor_async.py
[2024-03-16T11:58:25.962+0500] {processor.py:840} INFO - DAG(s) 'example_time_delta_sensor_async' retrieved from /home/muhammadsami/Public/Projects/Airflow/DataPipelineswithApacheAirflow/.env/lib/python3.8/site-packages/airflow/example_dags/example_time_delta_sensor_async.py
[2024-03-16T11:58:25.977+0500] {logging_mixin.py:188} INFO - [2024-03-16T11:58:25.976+0500] {dag.py:3047} INFO - Sync 1 DAGs
[2024-03-16T11:58:25.988+0500] {logging_mixin.py:188} INFO - [2024-03-16T11:58:25.988+0500] {dag.py:3834} INFO - Setting next_dagrun for example_time_delta_sensor_async to None, run_after=None
[2024-03-16T11:58:26.076+0500] {processor.py:183} INFO - Processing /home/muhammadsami/Public/Projects/Airflow/DataPipelineswithApacheAirflow/.env/lib/python3.8/site-packages/airflow/example_dags/example_time_delta_sensor_async.py took 0.135 seconds
[2024-03-16T11:59:14.039+0500] {processor.py:161} INFO - Started process (PID=22174) to work on /home/muhammadsami/Public/Projects/Airflow/DataPipelineswithApacheAirflow/.env/lib/python3.8/site-packages/airflow/example_dags/example_time_delta_sensor_async.py
[2024-03-16T11:59:14.057+0500] {processor.py:830} INFO - Processing file /home/muhammadsami/Public/Projects/Airflow/DataPipelineswithApacheAirflow/.env/lib/python3.8/site-packages/airflow/example_dags/example_time_delta_sensor_async.py for tasks to queue
[2024-03-16T11:59:14.058+0500] {logging_mixin.py:188} INFO - [2024-03-16T11:59:14.058+0500] {dagbag.py:540} INFO - Filling up the DagBag from /home/muhammadsami/Public/Projects/Airflow/DataPipelineswithApacheAirflow/.env/lib/python3.8/site-packages/airflow/example_dags/example_time_delta_sensor_async.py
[2024-03-16T11:59:14.062+0500] {processor.py:840} INFO - DAG(s) 'example_time_delta_sensor_async' retrieved from /home/muhammadsami/Public/Projects/Airflow/DataPipelineswithApacheAirflow/.env/lib/python3.8/site-packages/airflow/example_dags/example_time_delta_sensor_async.py
[2024-03-16T11:59:14.084+0500] {logging_mixin.py:188} INFO - [2024-03-16T11:59:14.083+0500] {dag.py:3047} INFO - Sync 1 DAGs
[2024-03-16T11:59:14.097+0500] {logging_mixin.py:188} INFO - [2024-03-16T11:59:14.097+0500] {dag.py:3834} INFO - Setting next_dagrun for example_time_delta_sensor_async to None, run_after=None
[2024-03-16T11:59:14.235+0500] {processor.py:183} INFO - Processing /home/muhammadsami/Public/Projects/Airflow/DataPipelineswithApacheAirflow/.env/lib/python3.8/site-packages/airflow/example_dags/example_time_delta_sensor_async.py took 0.198 seconds
[2024-03-16T12:00:06.841+0500] {processor.py:161} INFO - Started process (PID=22310) to work on /home/muhammadsami/Public/Projects/Airflow/DataPipelineswithApacheAirflow/.env/lib/python3.8/site-packages/airflow/example_dags/example_time_delta_sensor_async.py
[2024-03-16T12:00:06.861+0500] {processor.py:830} INFO - Processing file /home/muhammadsami/Public/Projects/Airflow/DataPipelineswithApacheAirflow/.env/lib/python3.8/site-packages/airflow/example_dags/example_time_delta_sensor_async.py for tasks to queue
[2024-03-16T12:00:06.862+0500] {logging_mixin.py:188} INFO - [2024-03-16T12:00:06.862+0500] {dagbag.py:540} INFO - Filling up the DagBag from /home/muhammadsami/Public/Projects/Airflow/DataPipelineswithApacheAirflow/.env/lib/python3.8/site-packages/airflow/example_dags/example_time_delta_sensor_async.py
[2024-03-16T12:00:06.866+0500] {processor.py:840} INFO - DAG(s) 'example_time_delta_sensor_async' retrieved from /home/muhammadsami/Public/Projects/Airflow/DataPipelineswithApacheAirflow/.env/lib/python3.8/site-packages/airflow/example_dags/example_time_delta_sensor_async.py
[2024-03-16T12:00:06.880+0500] {logging_mixin.py:188} INFO - [2024-03-16T12:00:06.880+0500] {dag.py:3047} INFO - Sync 1 DAGs
[2024-03-16T12:00:06.890+0500] {logging_mixin.py:188} INFO - [2024-03-16T12:00:06.890+0500] {dag.py:3834} INFO - Setting next_dagrun for example_time_delta_sensor_async to None, run_after=None
[2024-03-16T12:00:06.980+0500] {processor.py:183} INFO - Processing /home/muhammadsami/Public/Projects/Airflow/DataPipelineswithApacheAirflow/.env/lib/python3.8/site-packages/airflow/example_dags/example_time_delta_sensor_async.py took 0.141 seconds
[2024-03-16T12:01:00.667+0500] {processor.py:161} INFO - Started process (PID=22363) to work on /home/muhammadsami/Public/Projects/Airflow/DataPipelineswithApacheAirflow/.env/lib/python3.8/site-packages/airflow/example_dags/example_time_delta_sensor_async.py
[2024-03-16T12:01:00.673+0500] {processor.py:830} INFO - Processing file /home/muhammadsami/Public/Projects/Airflow/DataPipelineswithApacheAirflow/.env/lib/python3.8/site-packages/airflow/example_dags/example_time_delta_sensor_async.py for tasks to queue
[2024-03-16T12:01:00.674+0500] {logging_mixin.py:188} INFO - [2024-03-16T12:01:00.674+0500] {dagbag.py:540} INFO - Filling up the DagBag from /home/muhammadsami/Public/Projects/Airflow/DataPipelineswithApacheAirflow/.env/lib/python3.8/site-packages/airflow/example_dags/example_time_delta_sensor_async.py
[2024-03-16T12:01:00.679+0500] {processor.py:840} INFO - DAG(s) 'example_time_delta_sensor_async' retrieved from /home/muhammadsami/Public/Projects/Airflow/DataPipelineswithApacheAirflow/.env/lib/python3.8/site-packages/airflow/example_dags/example_time_delta_sensor_async.py
[2024-03-16T12:01:00.692+0500] {logging_mixin.py:188} INFO - [2024-03-16T12:01:00.692+0500] {dag.py:3047} INFO - Sync 1 DAGs
[2024-03-16T12:01:00.701+0500] {logging_mixin.py:188} INFO - [2024-03-16T12:01:00.701+0500] {dag.py:3834} INFO - Setting next_dagrun for example_time_delta_sensor_async to None, run_after=None
[2024-03-16T12:01:00.790+0500] {processor.py:183} INFO - Processing /home/muhammadsami/Public/Projects/Airflow/DataPipelineswithApacheAirflow/.env/lib/python3.8/site-packages/airflow/example_dags/example_time_delta_sensor_async.py took 0.125 seconds
