[2024-03-16T11:23:31.335+0500] {processor.py:161} INFO - Started process (PID=18427) to work on /home/muhammadsami/Public/Projects/Airflow/DataPipelineswithApacheAirflow/.env/lib/python3.8/site-packages/airflow/example_dags/example_branch_labels.py
[2024-03-16T11:23:31.336+0500] {processor.py:830} INFO - Processing file /home/muhammadsami/Public/Projects/Airflow/DataPipelineswithApacheAirflow/.env/lib/python3.8/site-packages/airflow/example_dags/example_branch_labels.py for tasks to queue
[2024-03-16T11:23:31.336+0500] {logging_mixin.py:188} INFO - [2024-03-16T11:23:31.336+0500] {dagbag.py:540} INFO - Filling up the DagBag from /home/muhammadsami/Public/Projects/Airflow/DataPipelineswithApacheAirflow/.env/lib/python3.8/site-packages/airflow/example_dags/example_branch_labels.py
[2024-03-16T11:23:31.344+0500] {processor.py:840} INFO - DAG(s) 'example_branch_labels' retrieved from /home/muhammadsami/Public/Projects/Airflow/DataPipelineswithApacheAirflow/.env/lib/python3.8/site-packages/airflow/example_dags/example_branch_labels.py
[2024-03-16T11:23:31.740+0500] {logging_mixin.py:188} INFO - [2024-03-16T11:23:31.740+0500] {override.py:1769} INFO - Created Permission View: can edit on DAG:example_branch_labels
[2024-03-16T11:23:31.839+0500] {logging_mixin.py:188} INFO - [2024-03-16T11:23:31.839+0500] {override.py:1769} INFO - Created Permission View: can delete on DAG:example_branch_labels
[2024-03-16T11:23:31.936+0500] {logging_mixin.py:188} INFO - [2024-03-16T11:23:31.935+0500] {override.py:1769} INFO - Created Permission View: can read on DAG:example_branch_labels
[2024-03-16T11:23:31.936+0500] {logging_mixin.py:188} INFO - [2024-03-16T11:23:31.936+0500] {dag.py:3047} INFO - Sync 1 DAGs
[2024-03-16T11:23:31.945+0500] {logging_mixin.py:188} INFO - [2024-03-16T11:23:31.945+0500] {dag.py:3069} INFO - Creating ORM DAG for example_branch_labels
[2024-03-16T11:23:31.953+0500] {logging_mixin.py:188} INFO - [2024-03-16T11:23:31.953+0500] {dag.py:3834} INFO - Setting next_dagrun for example_branch_labels to 2024-03-15 00:00:00+00:00, run_after=2024-03-16 00:00:00+00:00
[2024-03-16T11:23:32.089+0500] {processor.py:183} INFO - Processing /home/muhammadsami/Public/Projects/Airflow/DataPipelineswithApacheAirflow/.env/lib/python3.8/site-packages/airflow/example_dags/example_branch_labels.py took 0.757 seconds
[2024-03-16T11:24:39.792+0500] {processor.py:161} INFO - Started process (PID=18564) to work on /home/muhammadsami/Public/Projects/Airflow/DataPipelineswithApacheAirflow/.env/lib/python3.8/site-packages/airflow/example_dags/example_branch_labels.py
[2024-03-16T11:24:39.803+0500] {processor.py:830} INFO - Processing file /home/muhammadsami/Public/Projects/Airflow/DataPipelineswithApacheAirflow/.env/lib/python3.8/site-packages/airflow/example_dags/example_branch_labels.py for tasks to queue
[2024-03-16T11:24:39.804+0500] {logging_mixin.py:188} INFO - [2024-03-16T11:24:39.803+0500] {dagbag.py:540} INFO - Filling up the DagBag from /home/muhammadsami/Public/Projects/Airflow/DataPipelineswithApacheAirflow/.env/lib/python3.8/site-packages/airflow/example_dags/example_branch_labels.py
[2024-03-16T11:24:39.810+0500] {processor.py:840} INFO - DAG(s) 'example_branch_labels' retrieved from /home/muhammadsami/Public/Projects/Airflow/DataPipelineswithApacheAirflow/.env/lib/python3.8/site-packages/airflow/example_dags/example_branch_labels.py
[2024-03-16T11:24:39.909+0500] {logging_mixin.py:188} INFO - [2024-03-16T11:24:39.909+0500] {dag.py:3047} INFO - Sync 1 DAGs
[2024-03-16T11:24:39.924+0500] {logging_mixin.py:188} INFO - [2024-03-16T11:24:39.924+0500] {dag.py:3834} INFO - Setting next_dagrun for example_branch_labels to 2024-03-15 00:00:00+00:00, run_after=2024-03-16 00:00:00+00:00
[2024-03-16T11:24:40.013+0500] {processor.py:183} INFO - Processing /home/muhammadsami/Public/Projects/Airflow/DataPipelineswithApacheAirflow/.env/lib/python3.8/site-packages/airflow/example_dags/example_branch_labels.py took 0.224 seconds
[2024-03-16T11:25:33.729+0500] {processor.py:161} INFO - Started process (PID=18630) to work on /home/muhammadsami/Public/Projects/Airflow/DataPipelineswithApacheAirflow/.env/lib/python3.8/site-packages/airflow/example_dags/example_branch_labels.py
[2024-03-16T11:25:33.748+0500] {processor.py:830} INFO - Processing file /home/muhammadsami/Public/Projects/Airflow/DataPipelineswithApacheAirflow/.env/lib/python3.8/site-packages/airflow/example_dags/example_branch_labels.py for tasks to queue
[2024-03-16T11:25:33.749+0500] {logging_mixin.py:188} INFO - [2024-03-16T11:25:33.749+0500] {dagbag.py:540} INFO - Filling up the DagBag from /home/muhammadsami/Public/Projects/Airflow/DataPipelineswithApacheAirflow/.env/lib/python3.8/site-packages/airflow/example_dags/example_branch_labels.py
[2024-03-16T11:25:33.756+0500] {processor.py:840} INFO - DAG(s) 'example_branch_labels' retrieved from /home/muhammadsami/Public/Projects/Airflow/DataPipelineswithApacheAirflow/.env/lib/python3.8/site-packages/airflow/example_dags/example_branch_labels.py
[2024-03-16T11:25:33.770+0500] {logging_mixin.py:188} INFO - [2024-03-16T11:25:33.769+0500] {dag.py:3047} INFO - Sync 1 DAGs
[2024-03-16T11:25:33.788+0500] {logging_mixin.py:188} INFO - [2024-03-16T11:25:33.787+0500] {dag.py:3834} INFO - Setting next_dagrun for example_branch_labels to 2024-03-15 00:00:00+00:00, run_after=2024-03-16 00:00:00+00:00
[2024-03-16T11:25:33.877+0500] {processor.py:183} INFO - Processing /home/muhammadsami/Public/Projects/Airflow/DataPipelineswithApacheAirflow/.env/lib/python3.8/site-packages/airflow/example_dags/example_branch_labels.py took 0.150 seconds
[2024-03-16T11:26:50.834+0500] {processor.py:161} INFO - Started process (PID=18744) to work on /home/muhammadsami/Public/Projects/Airflow/DataPipelineswithApacheAirflow/.env/lib/python3.8/site-packages/airflow/example_dags/example_branch_labels.py
[2024-03-16T11:26:50.835+0500] {processor.py:830} INFO - Processing file /home/muhammadsami/Public/Projects/Airflow/DataPipelineswithApacheAirflow/.env/lib/python3.8/site-packages/airflow/example_dags/example_branch_labels.py for tasks to queue
[2024-03-16T11:26:50.836+0500] {logging_mixin.py:188} INFO - [2024-03-16T11:26:50.836+0500] {dagbag.py:540} INFO - Filling up the DagBag from /home/muhammadsami/Public/Projects/Airflow/DataPipelineswithApacheAirflow/.env/lib/python3.8/site-packages/airflow/example_dags/example_branch_labels.py
[2024-03-16T11:26:50.843+0500] {processor.py:840} INFO - DAG(s) 'example_branch_labels' retrieved from /home/muhammadsami/Public/Projects/Airflow/DataPipelineswithApacheAirflow/.env/lib/python3.8/site-packages/airflow/example_dags/example_branch_labels.py
[2024-03-16T11:26:50.857+0500] {logging_mixin.py:188} INFO - [2024-03-16T11:26:50.857+0500] {dag.py:3047} INFO - Sync 1 DAGs
[2024-03-16T11:26:50.878+0500] {logging_mixin.py:188} INFO - [2024-03-16T11:26:50.878+0500] {dag.py:3834} INFO - Setting next_dagrun for example_branch_labels to 2024-03-15 00:00:00+00:00, run_after=2024-03-16 00:00:00+00:00
[2024-03-16T11:26:50.982+0500] {processor.py:183} INFO - Processing /home/muhammadsami/Public/Projects/Airflow/DataPipelineswithApacheAirflow/.env/lib/python3.8/site-packages/airflow/example_dags/example_branch_labels.py took 0.150 seconds
[2024-03-16T11:28:01.601+0500] {processor.py:161} INFO - Started process (PID=18815) to work on /home/muhammadsami/Public/Projects/Airflow/DataPipelineswithApacheAirflow/.env/lib/python3.8/site-packages/airflow/example_dags/example_branch_labels.py
[2024-03-16T11:28:01.621+0500] {processor.py:830} INFO - Processing file /home/muhammadsami/Public/Projects/Airflow/DataPipelineswithApacheAirflow/.env/lib/python3.8/site-packages/airflow/example_dags/example_branch_labels.py for tasks to queue
[2024-03-16T11:28:01.622+0500] {logging_mixin.py:188} INFO - [2024-03-16T11:28:01.621+0500] {dagbag.py:540} INFO - Filling up the DagBag from /home/muhammadsami/Public/Projects/Airflow/DataPipelineswithApacheAirflow/.env/lib/python3.8/site-packages/airflow/example_dags/example_branch_labels.py
[2024-03-16T11:28:01.628+0500] {processor.py:840} INFO - DAG(s) 'example_branch_labels' retrieved from /home/muhammadsami/Public/Projects/Airflow/DataPipelineswithApacheAirflow/.env/lib/python3.8/site-packages/airflow/example_dags/example_branch_labels.py
[2024-03-16T11:28:01.642+0500] {logging_mixin.py:188} INFO - [2024-03-16T11:28:01.641+0500] {dag.py:3047} INFO - Sync 1 DAGs
[2024-03-16T11:28:01.660+0500] {logging_mixin.py:188} INFO - [2024-03-16T11:28:01.660+0500] {dag.py:3834} INFO - Setting next_dagrun for example_branch_labels to 2024-03-15 00:00:00+00:00, run_after=2024-03-16 00:00:00+00:00
[2024-03-16T11:28:01.817+0500] {processor.py:183} INFO - Processing /home/muhammadsami/Public/Projects/Airflow/DataPipelineswithApacheAirflow/.env/lib/python3.8/site-packages/airflow/example_dags/example_branch_labels.py took 0.218 seconds
[2024-03-16T11:29:13.865+0500] {processor.py:161} INFO - Started process (PID=18906) to work on /home/muhammadsami/Public/Projects/Airflow/DataPipelineswithApacheAirflow/.env/lib/python3.8/site-packages/airflow/example_dags/example_branch_labels.py
[2024-03-16T11:29:13.866+0500] {processor.py:830} INFO - Processing file /home/muhammadsami/Public/Projects/Airflow/DataPipelineswithApacheAirflow/.env/lib/python3.8/site-packages/airflow/example_dags/example_branch_labels.py for tasks to queue
[2024-03-16T11:29:13.867+0500] {logging_mixin.py:188} INFO - [2024-03-16T11:29:13.867+0500] {dagbag.py:540} INFO - Filling up the DagBag from /home/muhammadsami/Public/Projects/Airflow/DataPipelineswithApacheAirflow/.env/lib/python3.8/site-packages/airflow/example_dags/example_branch_labels.py
[2024-03-16T11:29:13.875+0500] {processor.py:840} INFO - DAG(s) 'example_branch_labels' retrieved from /home/muhammadsami/Public/Projects/Airflow/DataPipelineswithApacheAirflow/.env/lib/python3.8/site-packages/airflow/example_dags/example_branch_labels.py
[2024-03-16T11:29:13.889+0500] {logging_mixin.py:188} INFO - [2024-03-16T11:29:13.889+0500] {dag.py:3047} INFO - Sync 1 DAGs
[2024-03-16T11:29:13.910+0500] {logging_mixin.py:188} INFO - [2024-03-16T11:29:13.910+0500] {dag.py:3834} INFO - Setting next_dagrun for example_branch_labels to 2024-03-15 00:00:00+00:00, run_after=2024-03-16 00:00:00+00:00
[2024-03-16T11:29:14.005+0500] {processor.py:183} INFO - Processing /home/muhammadsami/Public/Projects/Airflow/DataPipelineswithApacheAirflow/.env/lib/python3.8/site-packages/airflow/example_dags/example_branch_labels.py took 0.142 seconds
[2024-03-16T11:30:31.116+0500] {processor.py:161} INFO - Started process (PID=18997) to work on /home/muhammadsami/Public/Projects/Airflow/DataPipelineswithApacheAirflow/.env/lib/python3.8/site-packages/airflow/example_dags/example_branch_labels.py
[2024-03-16T11:30:31.133+0500] {processor.py:830} INFO - Processing file /home/muhammadsami/Public/Projects/Airflow/DataPipelineswithApacheAirflow/.env/lib/python3.8/site-packages/airflow/example_dags/example_branch_labels.py for tasks to queue
[2024-03-16T11:30:31.134+0500] {logging_mixin.py:188} INFO - [2024-03-16T11:30:31.133+0500] {dagbag.py:540} INFO - Filling up the DagBag from /home/muhammadsami/Public/Projects/Airflow/DataPipelineswithApacheAirflow/.env/lib/python3.8/site-packages/airflow/example_dags/example_branch_labels.py
[2024-03-16T11:30:31.140+0500] {processor.py:840} INFO - DAG(s) 'example_branch_labels' retrieved from /home/muhammadsami/Public/Projects/Airflow/DataPipelineswithApacheAirflow/.env/lib/python3.8/site-packages/airflow/example_dags/example_branch_labels.py
[2024-03-16T11:30:31.158+0500] {logging_mixin.py:188} INFO - [2024-03-16T11:30:31.158+0500] {dag.py:3047} INFO - Sync 1 DAGs
[2024-03-16T11:30:31.180+0500] {logging_mixin.py:188} INFO - [2024-03-16T11:30:31.179+0500] {dag.py:3834} INFO - Setting next_dagrun for example_branch_labels to 2024-03-15 00:00:00+00:00, run_after=2024-03-16 00:00:00+00:00
[2024-03-16T11:30:31.292+0500] {processor.py:183} INFO - Processing /home/muhammadsami/Public/Projects/Airflow/DataPipelineswithApacheAirflow/.env/lib/python3.8/site-packages/airflow/example_dags/example_branch_labels.py took 0.178 seconds
[2024-03-16T11:39:23.620+0500] {processor.py:161} INFO - Started process (PID=19684) to work on /home/muhammadsami/Public/Projects/Airflow/DataPipelineswithApacheAirflow/.env/lib/python3.8/site-packages/airflow/example_dags/example_branch_labels.py
[2024-03-16T11:39:23.622+0500] {processor.py:830} INFO - Processing file /home/muhammadsami/Public/Projects/Airflow/DataPipelineswithApacheAirflow/.env/lib/python3.8/site-packages/airflow/example_dags/example_branch_labels.py for tasks to queue
[2024-03-16T11:39:23.623+0500] {logging_mixin.py:188} INFO - [2024-03-16T11:39:23.622+0500] {dagbag.py:540} INFO - Filling up the DagBag from /home/muhammadsami/Public/Projects/Airflow/DataPipelineswithApacheAirflow/.env/lib/python3.8/site-packages/airflow/example_dags/example_branch_labels.py
[2024-03-16T11:39:23.630+0500] {processor.py:840} INFO - DAG(s) 'example_branch_labels' retrieved from /home/muhammadsami/Public/Projects/Airflow/DataPipelineswithApacheAirflow/.env/lib/python3.8/site-packages/airflow/example_dags/example_branch_labels.py
[2024-03-16T11:39:23.646+0500] {logging_mixin.py:188} INFO - [2024-03-16T11:39:23.646+0500] {dag.py:3047} INFO - Sync 1 DAGs
[2024-03-16T11:39:23.663+0500] {logging_mixin.py:188} INFO - [2024-03-16T11:39:23.663+0500] {dag.py:3834} INFO - Setting next_dagrun for example_branch_labels to 2024-03-15 00:00:00+00:00, run_after=2024-03-16 00:00:00+00:00
[2024-03-16T11:39:23.772+0500] {processor.py:183} INFO - Processing /home/muhammadsami/Public/Projects/Airflow/DataPipelineswithApacheAirflow/.env/lib/python3.8/site-packages/airflow/example_dags/example_branch_labels.py took 0.154 seconds
[2024-03-16T11:40:30.671+0500] {processor.py:161} INFO - Started process (PID=19959) to work on /home/muhammadsami/Public/Projects/Airflow/DataPipelineswithApacheAirflow/.env/lib/python3.8/site-packages/airflow/example_dags/example_branch_labels.py
[2024-03-16T11:40:30.672+0500] {processor.py:830} INFO - Processing file /home/muhammadsami/Public/Projects/Airflow/DataPipelineswithApacheAirflow/.env/lib/python3.8/site-packages/airflow/example_dags/example_branch_labels.py for tasks to queue
[2024-03-16T11:40:30.673+0500] {logging_mixin.py:188} INFO - [2024-03-16T11:40:30.672+0500] {dagbag.py:540} INFO - Filling up the DagBag from /home/muhammadsami/Public/Projects/Airflow/DataPipelineswithApacheAirflow/.env/lib/python3.8/site-packages/airflow/example_dags/example_branch_labels.py
[2024-03-16T11:40:30.679+0500] {processor.py:840} INFO - DAG(s) 'example_branch_labels' retrieved from /home/muhammadsami/Public/Projects/Airflow/DataPipelineswithApacheAirflow/.env/lib/python3.8/site-packages/airflow/example_dags/example_branch_labels.py
[2024-03-16T11:40:30.693+0500] {logging_mixin.py:188} INFO - [2024-03-16T11:40:30.692+0500] {dag.py:3047} INFO - Sync 1 DAGs
[2024-03-16T11:40:30.793+0500] {logging_mixin.py:188} INFO - [2024-03-16T11:40:30.793+0500] {dag.py:3834} INFO - Setting next_dagrun for example_branch_labels to 2024-03-15 00:00:00+00:00, run_after=2024-03-16 00:00:00+00:00
[2024-03-16T11:40:30.894+0500] {processor.py:183} INFO - Processing /home/muhammadsami/Public/Projects/Airflow/DataPipelineswithApacheAirflow/.env/lib/python3.8/site-packages/airflow/example_dags/example_branch_labels.py took 0.226 seconds
[2024-03-16T11:41:48.176+0500] {processor.py:161} INFO - Started process (PID=20209) to work on /home/muhammadsami/Public/Projects/Airflow/DataPipelineswithApacheAirflow/.env/lib/python3.8/site-packages/airflow/example_dags/example_branch_labels.py
[2024-03-16T11:41:48.177+0500] {processor.py:830} INFO - Processing file /home/muhammadsami/Public/Projects/Airflow/DataPipelineswithApacheAirflow/.env/lib/python3.8/site-packages/airflow/example_dags/example_branch_labels.py for tasks to queue
[2024-03-16T11:41:48.179+0500] {logging_mixin.py:188} INFO - [2024-03-16T11:41:48.178+0500] {dagbag.py:540} INFO - Filling up the DagBag from /home/muhammadsami/Public/Projects/Airflow/DataPipelineswithApacheAirflow/.env/lib/python3.8/site-packages/airflow/example_dags/example_branch_labels.py
[2024-03-16T11:41:48.188+0500] {processor.py:840} INFO - DAG(s) 'example_branch_labels' retrieved from /home/muhammadsami/Public/Projects/Airflow/DataPipelineswithApacheAirflow/.env/lib/python3.8/site-packages/airflow/example_dags/example_branch_labels.py
[2024-03-16T11:41:48.202+0500] {logging_mixin.py:188} INFO - [2024-03-16T11:41:48.202+0500] {dag.py:3047} INFO - Sync 1 DAGs
[2024-03-16T11:41:48.221+0500] {logging_mixin.py:188} INFO - [2024-03-16T11:41:48.221+0500] {dag.py:3834} INFO - Setting next_dagrun for example_branch_labels to 2024-03-15 00:00:00+00:00, run_after=2024-03-16 00:00:00+00:00
[2024-03-16T11:41:48.314+0500] {processor.py:183} INFO - Processing /home/muhammadsami/Public/Projects/Airflow/DataPipelineswithApacheAirflow/.env/lib/python3.8/site-packages/airflow/example_dags/example_branch_labels.py took 0.141 seconds
[2024-03-16T11:42:43.942+0500] {processor.py:161} INFO - Started process (PID=20273) to work on /home/muhammadsami/Public/Projects/Airflow/DataPipelineswithApacheAirflow/.env/lib/python3.8/site-packages/airflow/example_dags/example_branch_labels.py
[2024-03-16T11:42:43.943+0500] {processor.py:830} INFO - Processing file /home/muhammadsami/Public/Projects/Airflow/DataPipelineswithApacheAirflow/.env/lib/python3.8/site-packages/airflow/example_dags/example_branch_labels.py for tasks to queue
[2024-03-16T11:42:43.944+0500] {logging_mixin.py:188} INFO - [2024-03-16T11:42:43.943+0500] {dagbag.py:540} INFO - Filling up the DagBag from /home/muhammadsami/Public/Projects/Airflow/DataPipelineswithApacheAirflow/.env/lib/python3.8/site-packages/airflow/example_dags/example_branch_labels.py
[2024-03-16T11:42:43.952+0500] {processor.py:840} INFO - DAG(s) 'example_branch_labels' retrieved from /home/muhammadsami/Public/Projects/Airflow/DataPipelineswithApacheAirflow/.env/lib/python3.8/site-packages/airflow/example_dags/example_branch_labels.py
[2024-03-16T11:42:43.966+0500] {logging_mixin.py:188} INFO - [2024-03-16T11:42:43.966+0500] {dag.py:3047} INFO - Sync 1 DAGs
[2024-03-16T11:42:43.984+0500] {logging_mixin.py:188} INFO - [2024-03-16T11:42:43.984+0500] {dag.py:3834} INFO - Setting next_dagrun for example_branch_labels to 2024-03-15 00:00:00+00:00, run_after=2024-03-16 00:00:00+00:00
[2024-03-16T11:42:44.074+0500] {processor.py:183} INFO - Processing /home/muhammadsami/Public/Projects/Airflow/DataPipelineswithApacheAirflow/.env/lib/python3.8/site-packages/airflow/example_dags/example_branch_labels.py took 0.136 seconds
[2024-03-16T11:43:54.625+0500] {processor.py:161} INFO - Started process (PID=20373) to work on /home/muhammadsami/Public/Projects/Airflow/DataPipelineswithApacheAirflow/.env/lib/python3.8/site-packages/airflow/example_dags/example_branch_labels.py
[2024-03-16T11:43:54.626+0500] {processor.py:830} INFO - Processing file /home/muhammadsami/Public/Projects/Airflow/DataPipelineswithApacheAirflow/.env/lib/python3.8/site-packages/airflow/example_dags/example_branch_labels.py for tasks to queue
[2024-03-16T11:43:54.627+0500] {logging_mixin.py:188} INFO - [2024-03-16T11:43:54.627+0500] {dagbag.py:540} INFO - Filling up the DagBag from /home/muhammadsami/Public/Projects/Airflow/DataPipelineswithApacheAirflow/.env/lib/python3.8/site-packages/airflow/example_dags/example_branch_labels.py
[2024-03-16T11:43:54.638+0500] {processor.py:840} INFO - DAG(s) 'example_branch_labels' retrieved from /home/muhammadsami/Public/Projects/Airflow/DataPipelineswithApacheAirflow/.env/lib/python3.8/site-packages/airflow/example_dags/example_branch_labels.py
[2024-03-16T11:43:54.652+0500] {logging_mixin.py:188} INFO - [2024-03-16T11:43:54.652+0500] {dag.py:3047} INFO - Sync 1 DAGs
[2024-03-16T11:43:54.670+0500] {logging_mixin.py:188} INFO - [2024-03-16T11:43:54.670+0500] {dag.py:3834} INFO - Setting next_dagrun for example_branch_labels to 2024-03-15 00:00:00+00:00, run_after=2024-03-16 00:00:00+00:00
[2024-03-16T11:43:54.768+0500] {processor.py:183} INFO - Processing /home/muhammadsami/Public/Projects/Airflow/DataPipelineswithApacheAirflow/.env/lib/python3.8/site-packages/airflow/example_dags/example_branch_labels.py took 0.145 seconds
[2024-03-16T11:45:22.271+0500] {processor.py:161} INFO - Started process (PID=20806) to work on /home/muhammadsami/Public/Projects/Airflow/DataPipelineswithApacheAirflow/.env/lib/python3.8/site-packages/airflow/example_dags/example_branch_labels.py
[2024-03-16T11:45:22.298+0500] {processor.py:830} INFO - Processing file /home/muhammadsami/Public/Projects/Airflow/DataPipelineswithApacheAirflow/.env/lib/python3.8/site-packages/airflow/example_dags/example_branch_labels.py for tasks to queue
[2024-03-16T11:45:22.299+0500] {logging_mixin.py:188} INFO - [2024-03-16T11:45:22.299+0500] {dagbag.py:540} INFO - Filling up the DagBag from /home/muhammadsami/Public/Projects/Airflow/DataPipelineswithApacheAirflow/.env/lib/python3.8/site-packages/airflow/example_dags/example_branch_labels.py
[2024-03-16T11:45:22.306+0500] {processor.py:840} INFO - DAG(s) 'example_branch_labels' retrieved from /home/muhammadsami/Public/Projects/Airflow/DataPipelineswithApacheAirflow/.env/lib/python3.8/site-packages/airflow/example_dags/example_branch_labels.py
[2024-03-16T11:45:22.320+0500] {logging_mixin.py:188} INFO - [2024-03-16T11:45:22.320+0500] {dag.py:3047} INFO - Sync 1 DAGs
[2024-03-16T11:45:22.339+0500] {logging_mixin.py:188} INFO - [2024-03-16T11:45:22.338+0500] {dag.py:3834} INFO - Setting next_dagrun for example_branch_labels to 2024-03-15 00:00:00+00:00, run_after=2024-03-16 00:00:00+00:00
[2024-03-16T11:45:22.537+0500] {processor.py:183} INFO - Processing /home/muhammadsami/Public/Projects/Airflow/DataPipelineswithApacheAirflow/.env/lib/python3.8/site-packages/airflow/example_dags/example_branch_labels.py took 0.268 seconds
[2024-03-16T11:46:25.922+0500] {processor.py:161} INFO - Started process (PID=20875) to work on /home/muhammadsami/Public/Projects/Airflow/DataPipelineswithApacheAirflow/.env/lib/python3.8/site-packages/airflow/example_dags/example_branch_labels.py
[2024-03-16T11:46:25.924+0500] {processor.py:830} INFO - Processing file /home/muhammadsami/Public/Projects/Airflow/DataPipelineswithApacheAirflow/.env/lib/python3.8/site-packages/airflow/example_dags/example_branch_labels.py for tasks to queue
[2024-03-16T11:46:25.924+0500] {logging_mixin.py:188} INFO - [2024-03-16T11:46:25.924+0500] {dagbag.py:540} INFO - Filling up the DagBag from /home/muhammadsami/Public/Projects/Airflow/DataPipelineswithApacheAirflow/.env/lib/python3.8/site-packages/airflow/example_dags/example_branch_labels.py
[2024-03-16T11:46:25.931+0500] {processor.py:840} INFO - DAG(s) 'example_branch_labels' retrieved from /home/muhammadsami/Public/Projects/Airflow/DataPipelineswithApacheAirflow/.env/lib/python3.8/site-packages/airflow/example_dags/example_branch_labels.py
[2024-03-16T11:46:25.945+0500] {logging_mixin.py:188} INFO - [2024-03-16T11:46:25.945+0500] {dag.py:3047} INFO - Sync 1 DAGs
[2024-03-16T11:46:25.963+0500] {logging_mixin.py:188} INFO - [2024-03-16T11:46:25.963+0500] {dag.py:3834} INFO - Setting next_dagrun for example_branch_labels to 2024-03-15 00:00:00+00:00, run_after=2024-03-16 00:00:00+00:00
[2024-03-16T11:46:26.067+0500] {processor.py:183} INFO - Processing /home/muhammadsami/Public/Projects/Airflow/DataPipelineswithApacheAirflow/.env/lib/python3.8/site-packages/airflow/example_dags/example_branch_labels.py took 0.147 seconds
[2024-03-16T11:47:41.584+0500] {processor.py:161} INFO - Started process (PID=20979) to work on /home/muhammadsami/Public/Projects/Airflow/DataPipelineswithApacheAirflow/.env/lib/python3.8/site-packages/airflow/example_dags/example_branch_labels.py
[2024-03-16T11:47:41.602+0500] {processor.py:830} INFO - Processing file /home/muhammadsami/Public/Projects/Airflow/DataPipelineswithApacheAirflow/.env/lib/python3.8/site-packages/airflow/example_dags/example_branch_labels.py for tasks to queue
[2024-03-16T11:47:41.603+0500] {logging_mixin.py:188} INFO - [2024-03-16T11:47:41.602+0500] {dagbag.py:540} INFO - Filling up the DagBag from /home/muhammadsami/Public/Projects/Airflow/DataPipelineswithApacheAirflow/.env/lib/python3.8/site-packages/airflow/example_dags/example_branch_labels.py
[2024-03-16T11:47:41.610+0500] {processor.py:840} INFO - DAG(s) 'example_branch_labels' retrieved from /home/muhammadsami/Public/Projects/Airflow/DataPipelineswithApacheAirflow/.env/lib/python3.8/site-packages/airflow/example_dags/example_branch_labels.py
[2024-03-16T11:47:41.623+0500] {logging_mixin.py:188} INFO - [2024-03-16T11:47:41.623+0500] {dag.py:3047} INFO - Sync 1 DAGs
[2024-03-16T11:47:41.641+0500] {logging_mixin.py:188} INFO - [2024-03-16T11:47:41.641+0500] {dag.py:3834} INFO - Setting next_dagrun for example_branch_labels to 2024-03-15 00:00:00+00:00, run_after=2024-03-16 00:00:00+00:00
[2024-03-16T11:47:41.729+0500] {processor.py:183} INFO - Processing /home/muhammadsami/Public/Projects/Airflow/DataPipelineswithApacheAirflow/.env/lib/python3.8/site-packages/airflow/example_dags/example_branch_labels.py took 0.147 seconds
[2024-03-16T11:48:51.866+0500] {processor.py:161} INFO - Started process (PID=21076) to work on /home/muhammadsami/Public/Projects/Airflow/DataPipelineswithApacheAirflow/.env/lib/python3.8/site-packages/airflow/example_dags/example_branch_labels.py
[2024-03-16T11:48:51.875+0500] {processor.py:830} INFO - Processing file /home/muhammadsami/Public/Projects/Airflow/DataPipelineswithApacheAirflow/.env/lib/python3.8/site-packages/airflow/example_dags/example_branch_labels.py for tasks to queue
[2024-03-16T11:48:51.876+0500] {logging_mixin.py:188} INFO - [2024-03-16T11:48:51.876+0500] {dagbag.py:540} INFO - Filling up the DagBag from /home/muhammadsami/Public/Projects/Airflow/DataPipelineswithApacheAirflow/.env/lib/python3.8/site-packages/airflow/example_dags/example_branch_labels.py
[2024-03-16T11:48:51.882+0500] {processor.py:840} INFO - DAG(s) 'example_branch_labels' retrieved from /home/muhammadsami/Public/Projects/Airflow/DataPipelineswithApacheAirflow/.env/lib/python3.8/site-packages/airflow/example_dags/example_branch_labels.py
[2024-03-16T11:48:51.897+0500] {logging_mixin.py:188} INFO - [2024-03-16T11:48:51.896+0500] {dag.py:3047} INFO - Sync 1 DAGs
[2024-03-16T11:48:51.915+0500] {logging_mixin.py:188} INFO - [2024-03-16T11:48:51.914+0500] {dag.py:3834} INFO - Setting next_dagrun for example_branch_labels to 2024-03-15 00:00:00+00:00, run_after=2024-03-16 00:00:00+00:00
[2024-03-16T11:48:52.012+0500] {processor.py:183} INFO - Processing /home/muhammadsami/Public/Projects/Airflow/DataPipelineswithApacheAirflow/.env/lib/python3.8/site-packages/airflow/example_dags/example_branch_labels.py took 0.148 seconds
[2024-03-16T11:50:05.283+0500] {processor.py:161} INFO - Started process (PID=21144) to work on /home/muhammadsami/Public/Projects/Airflow/DataPipelineswithApacheAirflow/.env/lib/python3.8/site-packages/airflow/example_dags/example_branch_labels.py
[2024-03-16T11:50:05.296+0500] {processor.py:830} INFO - Processing file /home/muhammadsami/Public/Projects/Airflow/DataPipelineswithApacheAirflow/.env/lib/python3.8/site-packages/airflow/example_dags/example_branch_labels.py for tasks to queue
[2024-03-16T11:50:05.298+0500] {logging_mixin.py:188} INFO - [2024-03-16T11:50:05.297+0500] {dagbag.py:540} INFO - Filling up the DagBag from /home/muhammadsami/Public/Projects/Airflow/DataPipelineswithApacheAirflow/.env/lib/python3.8/site-packages/airflow/example_dags/example_branch_labels.py
[2024-03-16T11:50:05.313+0500] {processor.py:840} INFO - DAG(s) 'example_branch_labels' retrieved from /home/muhammadsami/Public/Projects/Airflow/DataPipelineswithApacheAirflow/.env/lib/python3.8/site-packages/airflow/example_dags/example_branch_labels.py
[2024-03-16T11:50:05.341+0500] {logging_mixin.py:188} INFO - [2024-03-16T11:50:05.341+0500] {dag.py:3047} INFO - Sync 1 DAGs
[2024-03-16T11:50:05.376+0500] {logging_mixin.py:188} INFO - [2024-03-16T11:50:05.376+0500] {dag.py:3834} INFO - Setting next_dagrun for example_branch_labels to 2024-03-15 00:00:00+00:00, run_after=2024-03-16 00:00:00+00:00
[2024-03-16T11:50:05.481+0500] {processor.py:183} INFO - Processing /home/muhammadsami/Public/Projects/Airflow/DataPipelineswithApacheAirflow/.env/lib/python3.8/site-packages/airflow/example_dags/example_branch_labels.py took 0.204 seconds
[2024-03-16T11:51:23.662+0500] {processor.py:161} INFO - Started process (PID=21281) to work on /home/muhammadsami/Public/Projects/Airflow/DataPipelineswithApacheAirflow/.env/lib/python3.8/site-packages/airflow/example_dags/example_branch_labels.py
[2024-03-16T11:51:23.681+0500] {processor.py:830} INFO - Processing file /home/muhammadsami/Public/Projects/Airflow/DataPipelineswithApacheAirflow/.env/lib/python3.8/site-packages/airflow/example_dags/example_branch_labels.py for tasks to queue
[2024-03-16T11:51:23.682+0500] {logging_mixin.py:188} INFO - [2024-03-16T11:51:23.682+0500] {dagbag.py:540} INFO - Filling up the DagBag from /home/muhammadsami/Public/Projects/Airflow/DataPipelineswithApacheAirflow/.env/lib/python3.8/site-packages/airflow/example_dags/example_branch_labels.py
[2024-03-16T11:51:23.691+0500] {processor.py:840} INFO - DAG(s) 'example_branch_labels' retrieved from /home/muhammadsami/Public/Projects/Airflow/DataPipelineswithApacheAirflow/.env/lib/python3.8/site-packages/airflow/example_dags/example_branch_labels.py
[2024-03-16T11:51:23.709+0500] {logging_mixin.py:188} INFO - [2024-03-16T11:51:23.709+0500] {dag.py:3047} INFO - Sync 1 DAGs
[2024-03-16T11:51:23.733+0500] {logging_mixin.py:188} INFO - [2024-03-16T11:51:23.733+0500] {dag.py:3834} INFO - Setting next_dagrun for example_branch_labels to 2024-03-15 00:00:00+00:00, run_after=2024-03-16 00:00:00+00:00
[2024-03-16T11:51:23.839+0500] {processor.py:183} INFO - Processing /home/muhammadsami/Public/Projects/Airflow/DataPipelineswithApacheAirflow/.env/lib/python3.8/site-packages/airflow/example_dags/example_branch_labels.py took 0.179 seconds
[2024-03-16T11:52:41.472+0500] {processor.py:161} INFO - Started process (PID=21490) to work on /home/muhammadsami/Public/Projects/Airflow/DataPipelineswithApacheAirflow/.env/lib/python3.8/site-packages/airflow/example_dags/example_branch_labels.py
[2024-03-16T11:52:41.492+0500] {processor.py:830} INFO - Processing file /home/muhammadsami/Public/Projects/Airflow/DataPipelineswithApacheAirflow/.env/lib/python3.8/site-packages/airflow/example_dags/example_branch_labels.py for tasks to queue
[2024-03-16T11:52:41.493+0500] {logging_mixin.py:188} INFO - [2024-03-16T11:52:41.493+0500] {dagbag.py:540} INFO - Filling up the DagBag from /home/muhammadsami/Public/Projects/Airflow/DataPipelineswithApacheAirflow/.env/lib/python3.8/site-packages/airflow/example_dags/example_branch_labels.py
[2024-03-16T11:52:41.499+0500] {processor.py:840} INFO - DAG(s) 'example_branch_labels' retrieved from /home/muhammadsami/Public/Projects/Airflow/DataPipelineswithApacheAirflow/.env/lib/python3.8/site-packages/airflow/example_dags/example_branch_labels.py
[2024-03-16T11:52:41.514+0500] {logging_mixin.py:188} INFO - [2024-03-16T11:52:41.513+0500] {dag.py:3047} INFO - Sync 1 DAGs
[2024-03-16T11:52:41.536+0500] {logging_mixin.py:188} INFO - [2024-03-16T11:52:41.536+0500] {dag.py:3834} INFO - Setting next_dagrun for example_branch_labels to 2024-03-15 00:00:00+00:00, run_after=2024-03-16 00:00:00+00:00
[2024-03-16T11:52:41.624+0500] {processor.py:183} INFO - Processing /home/muhammadsami/Public/Projects/Airflow/DataPipelineswithApacheAirflow/.env/lib/python3.8/site-packages/airflow/example_dags/example_branch_labels.py took 0.154 seconds
[2024-03-16T11:53:59.932+0500] {processor.py:161} INFO - Started process (PID=21641) to work on /home/muhammadsami/Public/Projects/Airflow/DataPipelineswithApacheAirflow/.env/lib/python3.8/site-packages/airflow/example_dags/example_branch_labels.py
[2024-03-16T11:53:59.934+0500] {processor.py:830} INFO - Processing file /home/muhammadsami/Public/Projects/Airflow/DataPipelineswithApacheAirflow/.env/lib/python3.8/site-packages/airflow/example_dags/example_branch_labels.py for tasks to queue
[2024-03-16T11:53:59.935+0500] {logging_mixin.py:188} INFO - [2024-03-16T11:53:59.934+0500] {dagbag.py:540} INFO - Filling up the DagBag from /home/muhammadsami/Public/Projects/Airflow/DataPipelineswithApacheAirflow/.env/lib/python3.8/site-packages/airflow/example_dags/example_branch_labels.py
[2024-03-16T11:53:59.943+0500] {processor.py:840} INFO - DAG(s) 'example_branch_labels' retrieved from /home/muhammadsami/Public/Projects/Airflow/DataPipelineswithApacheAirflow/.env/lib/python3.8/site-packages/airflow/example_dags/example_branch_labels.py
[2024-03-16T11:53:59.958+0500] {logging_mixin.py:188} INFO - [2024-03-16T11:53:59.958+0500] {dag.py:3047} INFO - Sync 1 DAGs
[2024-03-16T11:53:59.979+0500] {logging_mixin.py:188} INFO - [2024-03-16T11:53:59.979+0500] {dag.py:3834} INFO - Setting next_dagrun for example_branch_labels to 2024-03-15 00:00:00+00:00, run_after=2024-03-16 00:00:00+00:00
[2024-03-16T11:54:00.302+0500] {processor.py:183} INFO - Processing /home/muhammadsami/Public/Projects/Airflow/DataPipelineswithApacheAirflow/.env/lib/python3.8/site-packages/airflow/example_dags/example_branch_labels.py took 0.373 seconds
[2024-03-16T11:55:14.157+0500] {processor.py:161} INFO - Started process (PID=21834) to work on /home/muhammadsami/Public/Projects/Airflow/DataPipelineswithApacheAirflow/.env/lib/python3.8/site-packages/airflow/example_dags/example_branch_labels.py
[2024-03-16T11:55:14.160+0500] {processor.py:830} INFO - Processing file /home/muhammadsami/Public/Projects/Airflow/DataPipelineswithApacheAirflow/.env/lib/python3.8/site-packages/airflow/example_dags/example_branch_labels.py for tasks to queue
[2024-03-16T11:55:14.161+0500] {logging_mixin.py:188} INFO - [2024-03-16T11:55:14.161+0500] {dagbag.py:540} INFO - Filling up the DagBag from /home/muhammadsami/Public/Projects/Airflow/DataPipelineswithApacheAirflow/.env/lib/python3.8/site-packages/airflow/example_dags/example_branch_labels.py
[2024-03-16T11:55:14.169+0500] {processor.py:840} INFO - DAG(s) 'example_branch_labels' retrieved from /home/muhammadsami/Public/Projects/Airflow/DataPipelineswithApacheAirflow/.env/lib/python3.8/site-packages/airflow/example_dags/example_branch_labels.py
[2024-03-16T11:55:14.185+0500] {logging_mixin.py:188} INFO - [2024-03-16T11:55:14.185+0500] {dag.py:3047} INFO - Sync 1 DAGs
[2024-03-16T11:55:14.207+0500] {logging_mixin.py:188} INFO - [2024-03-16T11:55:14.207+0500] {dag.py:3834} INFO - Setting next_dagrun for example_branch_labels to 2024-03-15 00:00:00+00:00, run_after=2024-03-16 00:00:00+00:00
[2024-03-16T11:55:14.305+0500] {processor.py:183} INFO - Processing /home/muhammadsami/Public/Projects/Airflow/DataPipelineswithApacheAirflow/.env/lib/python3.8/site-packages/airflow/example_dags/example_branch_labels.py took 0.151 seconds
[2024-03-16T11:56:30.908+0500] {processor.py:161} INFO - Started process (PID=21950) to work on /home/muhammadsami/Public/Projects/Airflow/DataPipelineswithApacheAirflow/.env/lib/python3.8/site-packages/airflow/example_dags/example_branch_labels.py
[2024-03-16T11:56:30.909+0500] {processor.py:830} INFO - Processing file /home/muhammadsami/Public/Projects/Airflow/DataPipelineswithApacheAirflow/.env/lib/python3.8/site-packages/airflow/example_dags/example_branch_labels.py for tasks to queue
[2024-03-16T11:56:30.910+0500] {logging_mixin.py:188} INFO - [2024-03-16T11:56:30.909+0500] {dagbag.py:540} INFO - Filling up the DagBag from /home/muhammadsami/Public/Projects/Airflow/DataPipelineswithApacheAirflow/.env/lib/python3.8/site-packages/airflow/example_dags/example_branch_labels.py
[2024-03-16T11:56:30.918+0500] {processor.py:840} INFO - DAG(s) 'example_branch_labels' retrieved from /home/muhammadsami/Public/Projects/Airflow/DataPipelineswithApacheAirflow/.env/lib/python3.8/site-packages/airflow/example_dags/example_branch_labels.py
[2024-03-16T11:56:30.934+0500] {logging_mixin.py:188} INFO - [2024-03-16T11:56:30.933+0500] {dag.py:3047} INFO - Sync 1 DAGs
[2024-03-16T11:56:30.955+0500] {logging_mixin.py:188} INFO - [2024-03-16T11:56:30.955+0500] {dag.py:3834} INFO - Setting next_dagrun for example_branch_labels to 2024-03-15 00:00:00+00:00, run_after=2024-03-16 00:00:00+00:00
[2024-03-16T11:56:31.055+0500] {processor.py:183} INFO - Processing /home/muhammadsami/Public/Projects/Airflow/DataPipelineswithApacheAirflow/.env/lib/python3.8/site-packages/airflow/example_dags/example_branch_labels.py took 0.150 seconds
[2024-03-16T11:57:50.728+0500] {processor.py:161} INFO - Started process (PID=22029) to work on /home/muhammadsami/Public/Projects/Airflow/DataPipelineswithApacheAirflow/.env/lib/python3.8/site-packages/airflow/example_dags/example_branch_labels.py
[2024-03-16T11:57:50.743+0500] {processor.py:830} INFO - Processing file /home/muhammadsami/Public/Projects/Airflow/DataPipelineswithApacheAirflow/.env/lib/python3.8/site-packages/airflow/example_dags/example_branch_labels.py for tasks to queue
[2024-03-16T11:57:50.744+0500] {logging_mixin.py:188} INFO - [2024-03-16T11:57:50.743+0500] {dagbag.py:540} INFO - Filling up the DagBag from /home/muhammadsami/Public/Projects/Airflow/DataPipelineswithApacheAirflow/.env/lib/python3.8/site-packages/airflow/example_dags/example_branch_labels.py
[2024-03-16T11:57:50.751+0500] {processor.py:840} INFO - DAG(s) 'example_branch_labels' retrieved from /home/muhammadsami/Public/Projects/Airflow/DataPipelineswithApacheAirflow/.env/lib/python3.8/site-packages/airflow/example_dags/example_branch_labels.py
[2024-03-16T11:57:50.767+0500] {logging_mixin.py:188} INFO - [2024-03-16T11:57:50.767+0500] {dag.py:3047} INFO - Sync 1 DAGs
[2024-03-16T11:57:50.786+0500] {logging_mixin.py:188} INFO - [2024-03-16T11:57:50.785+0500] {dag.py:3834} INFO - Setting next_dagrun for example_branch_labels to 2024-03-15 00:00:00+00:00, run_after=2024-03-16 00:00:00+00:00
[2024-03-16T11:57:50.876+0500] {processor.py:183} INFO - Processing /home/muhammadsami/Public/Projects/Airflow/DataPipelineswithApacheAirflow/.env/lib/python3.8/site-packages/airflow/example_dags/example_branch_labels.py took 0.150 seconds
[2024-03-16T11:59:03.460+0500] {processor.py:161} INFO - Started process (PID=22153) to work on /home/muhammadsami/Public/Projects/Airflow/DataPipelineswithApacheAirflow/.env/lib/python3.8/site-packages/airflow/example_dags/example_branch_labels.py
[2024-03-16T11:59:03.462+0500] {processor.py:830} INFO - Processing file /home/muhammadsami/Public/Projects/Airflow/DataPipelineswithApacheAirflow/.env/lib/python3.8/site-packages/airflow/example_dags/example_branch_labels.py for tasks to queue
[2024-03-16T11:59:03.463+0500] {logging_mixin.py:188} INFO - [2024-03-16T11:59:03.463+0500] {dagbag.py:540} INFO - Filling up the DagBag from /home/muhammadsami/Public/Projects/Airflow/DataPipelineswithApacheAirflow/.env/lib/python3.8/site-packages/airflow/example_dags/example_branch_labels.py
[2024-03-16T11:59:03.472+0500] {processor.py:840} INFO - DAG(s) 'example_branch_labels' retrieved from /home/muhammadsami/Public/Projects/Airflow/DataPipelineswithApacheAirflow/.env/lib/python3.8/site-packages/airflow/example_dags/example_branch_labels.py
[2024-03-16T11:59:03.486+0500] {logging_mixin.py:188} INFO - [2024-03-16T11:59:03.486+0500] {dag.py:3047} INFO - Sync 1 DAGs
[2024-03-16T11:59:03.503+0500] {logging_mixin.py:188} INFO - [2024-03-16T11:59:03.503+0500] {dag.py:3834} INFO - Setting next_dagrun for example_branch_labels to 2024-03-15 00:00:00+00:00, run_after=2024-03-16 00:00:00+00:00
[2024-03-16T11:59:03.608+0500] {processor.py:183} INFO - Processing /home/muhammadsami/Public/Projects/Airflow/DataPipelineswithApacheAirflow/.env/lib/python3.8/site-packages/airflow/example_dags/example_branch_labels.py took 0.151 seconds
[2024-03-16T12:00:21.350+0500] {processor.py:161} INFO - Started process (PID=22326) to work on /home/muhammadsami/Public/Projects/Airflow/DataPipelineswithApacheAirflow/.env/lib/python3.8/site-packages/airflow/example_dags/example_branch_labels.py
[2024-03-16T12:00:21.351+0500] {processor.py:830} INFO - Processing file /home/muhammadsami/Public/Projects/Airflow/DataPipelineswithApacheAirflow/.env/lib/python3.8/site-packages/airflow/example_dags/example_branch_labels.py for tasks to queue
[2024-03-16T12:00:21.352+0500] {logging_mixin.py:188} INFO - [2024-03-16T12:00:21.351+0500] {dagbag.py:540} INFO - Filling up the DagBag from /home/muhammadsami/Public/Projects/Airflow/DataPipelineswithApacheAirflow/.env/lib/python3.8/site-packages/airflow/example_dags/example_branch_labels.py
[2024-03-16T12:00:21.360+0500] {processor.py:840} INFO - DAG(s) 'example_branch_labels' retrieved from /home/muhammadsami/Public/Projects/Airflow/DataPipelineswithApacheAirflow/.env/lib/python3.8/site-packages/airflow/example_dags/example_branch_labels.py
[2024-03-16T12:00:21.374+0500] {logging_mixin.py:188} INFO - [2024-03-16T12:00:21.374+0500] {dag.py:3047} INFO - Sync 1 DAGs
[2024-03-16T12:00:21.392+0500] {logging_mixin.py:188} INFO - [2024-03-16T12:00:21.391+0500] {dag.py:3834} INFO - Setting next_dagrun for example_branch_labels to 2024-03-15 00:00:00+00:00, run_after=2024-03-16 00:00:00+00:00
[2024-03-16T12:00:21.489+0500] {processor.py:183} INFO - Processing /home/muhammadsami/Public/Projects/Airflow/DataPipelineswithApacheAirflow/.env/lib/python3.8/site-packages/airflow/example_dags/example_branch_labels.py took 0.142 seconds
[2024-03-16T12:01:43.605+0500] {processor.py:161} INFO - Started process (PID=22435) to work on /home/muhammadsami/Public/Projects/Airflow/DataPipelineswithApacheAirflow/.env/lib/python3.8/site-packages/airflow/example_dags/example_branch_labels.py
[2024-03-16T12:01:43.615+0500] {processor.py:830} INFO - Processing file /home/muhammadsami/Public/Projects/Airflow/DataPipelineswithApacheAirflow/.env/lib/python3.8/site-packages/airflow/example_dags/example_branch_labels.py for tasks to queue
[2024-03-16T12:01:43.616+0500] {logging_mixin.py:188} INFO - [2024-03-16T12:01:43.616+0500] {dagbag.py:540} INFO - Filling up the DagBag from /home/muhammadsami/Public/Projects/Airflow/DataPipelineswithApacheAirflow/.env/lib/python3.8/site-packages/airflow/example_dags/example_branch_labels.py
[2024-03-16T12:01:43.622+0500] {processor.py:840} INFO - DAG(s) 'example_branch_labels' retrieved from /home/muhammadsami/Public/Projects/Airflow/DataPipelineswithApacheAirflow/.env/lib/python3.8/site-packages/airflow/example_dags/example_branch_labels.py
[2024-03-16T12:01:43.636+0500] {logging_mixin.py:188} INFO - [2024-03-16T12:01:43.636+0500] {dag.py:3047} INFO - Sync 1 DAGs
[2024-03-16T12:01:43.657+0500] {logging_mixin.py:188} INFO - [2024-03-16T12:01:43.657+0500] {dag.py:3834} INFO - Setting next_dagrun for example_branch_labels to 2024-03-15 00:00:00+00:00, run_after=2024-03-16 00:00:00+00:00
[2024-03-16T12:01:43.759+0500] {processor.py:183} INFO - Processing /home/muhammadsami/Public/Projects/Airflow/DataPipelineswithApacheAirflow/.env/lib/python3.8/site-packages/airflow/example_dags/example_branch_labels.py took 0.156 seconds
