[2024-03-16T11:22:26.333+0500] {processor.py:161} INFO - Started process (PID=18059) to work on /home/muhammadsami/Public/Projects/Airflow/DataPipelineswithApacheAirflow/.env/lib/python3.8/site-packages/airflow/example_dags/example_short_circuit_decorator.py
[2024-03-16T11:22:26.333+0500] {processor.py:830} INFO - Processing file /home/muhammadsami/Public/Projects/Airflow/DataPipelineswithApacheAirflow/.env/lib/python3.8/site-packages/airflow/example_dags/example_short_circuit_decorator.py for tasks to queue
[2024-03-16T11:22:26.334+0500] {logging_mixin.py:188} INFO - [2024-03-16T11:22:26.334+0500] {dagbag.py:540} INFO - Filling up the DagBag from /home/muhammadsami/Public/Projects/Airflow/DataPipelineswithApacheAirflow/.env/lib/python3.8/site-packages/airflow/example_dags/example_short_circuit_decorator.py
[2024-03-16T11:22:26.347+0500] {processor.py:840} INFO - DAG(s) 'example_short_circuit_decorator' retrieved from /home/muhammadsami/Public/Projects/Airflow/DataPipelineswithApacheAirflow/.env/lib/python3.8/site-packages/airflow/example_dags/example_short_circuit_decorator.py
[2024-03-16T11:22:26.656+0500] {logging_mixin.py:188} INFO - [2024-03-16T11:22:26.656+0500] {override.py:1769} INFO - Created Permission View: can edit on DAG:example_short_circuit_decorator
[2024-03-16T11:22:26.763+0500] {logging_mixin.py:188} INFO - [2024-03-16T11:22:26.763+0500] {override.py:1769} INFO - Created Permission View: can delete on DAG:example_short_circuit_decorator
[2024-03-16T11:22:26.912+0500] {logging_mixin.py:188} INFO - [2024-03-16T11:22:26.911+0500] {override.py:1769} INFO - Created Permission View: can read on DAG:example_short_circuit_decorator
[2024-03-16T11:22:26.915+0500] {logging_mixin.py:188} INFO - [2024-03-16T11:22:26.915+0500] {dag.py:3047} INFO - Sync 1 DAGs
[2024-03-16T11:22:26.941+0500] {logging_mixin.py:188} INFO - [2024-03-16T11:22:26.941+0500] {dag.py:3069} INFO - Creating ORM DAG for example_short_circuit_decorator
[2024-03-16T11:22:27.077+0500] {logging_mixin.py:188} INFO - [2024-03-16T11:22:27.077+0500] {dag.py:3834} INFO - Setting next_dagrun for example_short_circuit_decorator to 2024-03-15 00:00:00+00:00, run_after=2024-03-16 00:00:00+00:00
[2024-03-16T11:22:27.278+0500] {processor.py:183} INFO - Processing /home/muhammadsami/Public/Projects/Airflow/DataPipelineswithApacheAirflow/.env/lib/python3.8/site-packages/airflow/example_dags/example_short_circuit_decorator.py took 0.948 seconds
[2024-03-16T11:23:57.095+0500] {processor.py:161} INFO - Started process (PID=18449) to work on /home/muhammadsami/Public/Projects/Airflow/DataPipelineswithApacheAirflow/.env/lib/python3.8/site-packages/airflow/example_dags/example_short_circuit_decorator.py
[2024-03-16T11:23:57.106+0500] {processor.py:830} INFO - Processing file /home/muhammadsami/Public/Projects/Airflow/DataPipelineswithApacheAirflow/.env/lib/python3.8/site-packages/airflow/example_dags/example_short_circuit_decorator.py for tasks to queue
[2024-03-16T11:23:57.107+0500] {logging_mixin.py:188} INFO - [2024-03-16T11:23:57.107+0500] {dagbag.py:540} INFO - Filling up the DagBag from /home/muhammadsami/Public/Projects/Airflow/DataPipelineswithApacheAirflow/.env/lib/python3.8/site-packages/airflow/example_dags/example_short_circuit_decorator.py
[2024-03-16T11:23:57.115+0500] {processor.py:840} INFO - DAG(s) 'example_short_circuit_decorator' retrieved from /home/muhammadsami/Public/Projects/Airflow/DataPipelineswithApacheAirflow/.env/lib/python3.8/site-packages/airflow/example_dags/example_short_circuit_decorator.py
[2024-03-16T11:23:57.130+0500] {logging_mixin.py:188} INFO - [2024-03-16T11:23:57.130+0500] {dag.py:3047} INFO - Sync 1 DAGs
[2024-03-16T11:23:57.147+0500] {logging_mixin.py:188} INFO - [2024-03-16T11:23:57.147+0500] {dag.py:3834} INFO - Setting next_dagrun for example_short_circuit_decorator to 2024-03-15 00:00:00+00:00, run_after=2024-03-16 00:00:00+00:00
[2024-03-16T11:23:57.247+0500] {processor.py:183} INFO - Processing /home/muhammadsami/Public/Projects/Airflow/DataPipelineswithApacheAirflow/.env/lib/python3.8/site-packages/airflow/example_dags/example_short_circuit_decorator.py took 0.154 seconds
[2024-03-16T11:24:53.604+0500] {processor.py:161} INFO - Started process (PID=18576) to work on /home/muhammadsami/Public/Projects/Airflow/DataPipelineswithApacheAirflow/.env/lib/python3.8/site-packages/airflow/example_dags/example_short_circuit_decorator.py
[2024-03-16T11:24:53.617+0500] {processor.py:830} INFO - Processing file /home/muhammadsami/Public/Projects/Airflow/DataPipelineswithApacheAirflow/.env/lib/python3.8/site-packages/airflow/example_dags/example_short_circuit_decorator.py for tasks to queue
[2024-03-16T11:24:53.618+0500] {logging_mixin.py:188} INFO - [2024-03-16T11:24:53.617+0500] {dagbag.py:540} INFO - Filling up the DagBag from /home/muhammadsami/Public/Projects/Airflow/DataPipelineswithApacheAirflow/.env/lib/python3.8/site-packages/airflow/example_dags/example_short_circuit_decorator.py
[2024-03-16T11:24:53.625+0500] {processor.py:840} INFO - DAG(s) 'example_short_circuit_decorator' retrieved from /home/muhammadsami/Public/Projects/Airflow/DataPipelineswithApacheAirflow/.env/lib/python3.8/site-packages/airflow/example_dags/example_short_circuit_decorator.py
[2024-03-16T11:24:53.640+0500] {logging_mixin.py:188} INFO - [2024-03-16T11:24:53.640+0500] {dag.py:3047} INFO - Sync 1 DAGs
[2024-03-16T11:24:53.657+0500] {logging_mixin.py:188} INFO - [2024-03-16T11:24:53.657+0500] {dag.py:3834} INFO - Setting next_dagrun for example_short_circuit_decorator to 2024-03-15 00:00:00+00:00, run_after=2024-03-16 00:00:00+00:00
[2024-03-16T11:24:53.752+0500] {processor.py:183} INFO - Processing /home/muhammadsami/Public/Projects/Airflow/DataPipelineswithApacheAirflow/.env/lib/python3.8/site-packages/airflow/example_dags/example_short_circuit_decorator.py took 0.150 seconds
[2024-03-16T11:25:44.526+0500] {processor.py:161} INFO - Started process (PID=18647) to work on /home/muhammadsami/Public/Projects/Airflow/DataPipelineswithApacheAirflow/.env/lib/python3.8/site-packages/airflow/example_dags/example_short_circuit_decorator.py
[2024-03-16T11:25:44.550+0500] {processor.py:830} INFO - Processing file /home/muhammadsami/Public/Projects/Airflow/DataPipelineswithApacheAirflow/.env/lib/python3.8/site-packages/airflow/example_dags/example_short_circuit_decorator.py for tasks to queue
[2024-03-16T11:25:44.552+0500] {logging_mixin.py:188} INFO - [2024-03-16T11:25:44.551+0500] {dagbag.py:540} INFO - Filling up the DagBag from /home/muhammadsami/Public/Projects/Airflow/DataPipelineswithApacheAirflow/.env/lib/python3.8/site-packages/airflow/example_dags/example_short_circuit_decorator.py
[2024-03-16T11:25:44.569+0500] {processor.py:840} INFO - DAG(s) 'example_short_circuit_decorator' retrieved from /home/muhammadsami/Public/Projects/Airflow/DataPipelineswithApacheAirflow/.env/lib/python3.8/site-packages/airflow/example_dags/example_short_circuit_decorator.py
[2024-03-16T11:25:44.598+0500] {logging_mixin.py:188} INFO - [2024-03-16T11:25:44.597+0500] {dag.py:3047} INFO - Sync 1 DAGs
[2024-03-16T11:25:44.626+0500] {logging_mixin.py:188} INFO - [2024-03-16T11:25:44.625+0500] {dag.py:3834} INFO - Setting next_dagrun for example_short_circuit_decorator to 2024-03-15 00:00:00+00:00, run_after=2024-03-16 00:00:00+00:00
[2024-03-16T11:25:44.838+0500] {processor.py:183} INFO - Processing /home/muhammadsami/Public/Projects/Airflow/DataPipelineswithApacheAirflow/.env/lib/python3.8/site-packages/airflow/example_dags/example_short_circuit_decorator.py took 0.317 seconds
[2024-03-16T11:26:34.991+0500] {processor.py:161} INFO - Started process (PID=18725) to work on /home/muhammadsami/Public/Projects/Airflow/DataPipelineswithApacheAirflow/.env/lib/python3.8/site-packages/airflow/example_dags/example_short_circuit_decorator.py
[2024-03-16T11:26:34.993+0500] {processor.py:830} INFO - Processing file /home/muhammadsami/Public/Projects/Airflow/DataPipelineswithApacheAirflow/.env/lib/python3.8/site-packages/airflow/example_dags/example_short_circuit_decorator.py for tasks to queue
[2024-03-16T11:26:34.995+0500] {logging_mixin.py:188} INFO - [2024-03-16T11:26:34.994+0500] {dagbag.py:540} INFO - Filling up the DagBag from /home/muhammadsami/Public/Projects/Airflow/DataPipelineswithApacheAirflow/.env/lib/python3.8/site-packages/airflow/example_dags/example_short_circuit_decorator.py
[2024-03-16T11:26:35.011+0500] {processor.py:840} INFO - DAG(s) 'example_short_circuit_decorator' retrieved from /home/muhammadsami/Public/Projects/Airflow/DataPipelineswithApacheAirflow/.env/lib/python3.8/site-packages/airflow/example_dags/example_short_circuit_decorator.py
[2024-03-16T11:26:35.032+0500] {logging_mixin.py:188} INFO - [2024-03-16T11:26:35.032+0500] {dag.py:3047} INFO - Sync 1 DAGs
[2024-03-16T11:26:35.054+0500] {logging_mixin.py:188} INFO - [2024-03-16T11:26:35.054+0500] {dag.py:3834} INFO - Setting next_dagrun for example_short_circuit_decorator to 2024-03-15 00:00:00+00:00, run_after=2024-03-16 00:00:00+00:00
[2024-03-16T11:26:35.163+0500] {processor.py:183} INFO - Processing /home/muhammadsami/Public/Projects/Airflow/DataPipelineswithApacheAirflow/.env/lib/python3.8/site-packages/airflow/example_dags/example_short_circuit_decorator.py took 0.177 seconds
[2024-03-16T11:27:27.117+0500] {processor.py:161} INFO - Started process (PID=18778) to work on /home/muhammadsami/Public/Projects/Airflow/DataPipelineswithApacheAirflow/.env/lib/python3.8/site-packages/airflow/example_dags/example_short_circuit_decorator.py
[2024-03-16T11:27:27.118+0500] {processor.py:830} INFO - Processing file /home/muhammadsami/Public/Projects/Airflow/DataPipelineswithApacheAirflow/.env/lib/python3.8/site-packages/airflow/example_dags/example_short_circuit_decorator.py for tasks to queue
[2024-03-16T11:27:27.119+0500] {logging_mixin.py:188} INFO - [2024-03-16T11:27:27.119+0500] {dagbag.py:540} INFO - Filling up the DagBag from /home/muhammadsami/Public/Projects/Airflow/DataPipelineswithApacheAirflow/.env/lib/python3.8/site-packages/airflow/example_dags/example_short_circuit_decorator.py
[2024-03-16T11:27:27.130+0500] {processor.py:840} INFO - DAG(s) 'example_short_circuit_decorator' retrieved from /home/muhammadsami/Public/Projects/Airflow/DataPipelineswithApacheAirflow/.env/lib/python3.8/site-packages/airflow/example_dags/example_short_circuit_decorator.py
[2024-03-16T11:27:27.145+0500] {logging_mixin.py:188} INFO - [2024-03-16T11:27:27.144+0500] {dag.py:3047} INFO - Sync 1 DAGs
[2024-03-16T11:27:27.162+0500] {logging_mixin.py:188} INFO - [2024-03-16T11:27:27.162+0500] {dag.py:3834} INFO - Setting next_dagrun for example_short_circuit_decorator to 2024-03-15 00:00:00+00:00, run_after=2024-03-16 00:00:00+00:00
[2024-03-16T11:27:27.267+0500] {processor.py:183} INFO - Processing /home/muhammadsami/Public/Projects/Airflow/DataPipelineswithApacheAirflow/.env/lib/python3.8/site-packages/airflow/example_dags/example_short_circuit_decorator.py took 0.153 seconds
[2024-03-16T11:28:12.592+0500] {processor.py:161} INFO - Started process (PID=18825) to work on /home/muhammadsami/Public/Projects/Airflow/DataPipelineswithApacheAirflow/.env/lib/python3.8/site-packages/airflow/example_dags/example_short_circuit_decorator.py
[2024-03-16T11:28:12.719+0500] {processor.py:830} INFO - Processing file /home/muhammadsami/Public/Projects/Airflow/DataPipelineswithApacheAirflow/.env/lib/python3.8/site-packages/airflow/example_dags/example_short_circuit_decorator.py for tasks to queue
[2024-03-16T11:28:12.720+0500] {logging_mixin.py:188} INFO - [2024-03-16T11:28:12.720+0500] {dagbag.py:540} INFO - Filling up the DagBag from /home/muhammadsami/Public/Projects/Airflow/DataPipelineswithApacheAirflow/.env/lib/python3.8/site-packages/airflow/example_dags/example_short_circuit_decorator.py
[2024-03-16T11:28:12.728+0500] {processor.py:840} INFO - DAG(s) 'example_short_circuit_decorator' retrieved from /home/muhammadsami/Public/Projects/Airflow/DataPipelineswithApacheAirflow/.env/lib/python3.8/site-packages/airflow/example_dags/example_short_circuit_decorator.py
[2024-03-16T11:28:12.745+0500] {logging_mixin.py:188} INFO - [2024-03-16T11:28:12.744+0500] {dag.py:3047} INFO - Sync 1 DAGs
[2024-03-16T11:28:12.762+0500] {logging_mixin.py:188} INFO - [2024-03-16T11:28:12.761+0500] {dag.py:3834} INFO - Setting next_dagrun for example_short_circuit_decorator to 2024-03-15 00:00:00+00:00, run_after=2024-03-16 00:00:00+00:00
[2024-03-16T11:28:12.847+0500] {processor.py:183} INFO - Processing /home/muhammadsami/Public/Projects/Airflow/DataPipelineswithApacheAirflow/.env/lib/python3.8/site-packages/airflow/example_dags/example_short_circuit_decorator.py took 0.258 seconds
[2024-03-16T11:29:00.512+0500] {processor.py:161} INFO - Started process (PID=18890) to work on /home/muhammadsami/Public/Projects/Airflow/DataPipelineswithApacheAirflow/.env/lib/python3.8/site-packages/airflow/example_dags/example_short_circuit_decorator.py
[2024-03-16T11:29:00.525+0500] {processor.py:830} INFO - Processing file /home/muhammadsami/Public/Projects/Airflow/DataPipelineswithApacheAirflow/.env/lib/python3.8/site-packages/airflow/example_dags/example_short_circuit_decorator.py for tasks to queue
[2024-03-16T11:29:00.525+0500] {logging_mixin.py:188} INFO - [2024-03-16T11:29:00.525+0500] {dagbag.py:540} INFO - Filling up the DagBag from /home/muhammadsami/Public/Projects/Airflow/DataPipelineswithApacheAirflow/.env/lib/python3.8/site-packages/airflow/example_dags/example_short_circuit_decorator.py
[2024-03-16T11:29:00.534+0500] {processor.py:840} INFO - DAG(s) 'example_short_circuit_decorator' retrieved from /home/muhammadsami/Public/Projects/Airflow/DataPipelineswithApacheAirflow/.env/lib/python3.8/site-packages/airflow/example_dags/example_short_circuit_decorator.py
[2024-03-16T11:29:00.549+0500] {logging_mixin.py:188} INFO - [2024-03-16T11:29:00.548+0500] {dag.py:3047} INFO - Sync 1 DAGs
[2024-03-16T11:29:00.566+0500] {logging_mixin.py:188} INFO - [2024-03-16T11:29:00.565+0500] {dag.py:3834} INFO - Setting next_dagrun for example_short_circuit_decorator to 2024-03-15 00:00:00+00:00, run_after=2024-03-16 00:00:00+00:00
[2024-03-16T11:29:00.653+0500] {processor.py:183} INFO - Processing /home/muhammadsami/Public/Projects/Airflow/DataPipelineswithApacheAirflow/.env/lib/python3.8/site-packages/airflow/example_dags/example_short_circuit_decorator.py took 0.143 seconds
[2024-03-16T11:29:50.497+0500] {processor.py:161} INFO - Started process (PID=18945) to work on /home/muhammadsami/Public/Projects/Airflow/DataPipelineswithApacheAirflow/.env/lib/python3.8/site-packages/airflow/example_dags/example_short_circuit_decorator.py
[2024-03-16T11:29:50.501+0500] {processor.py:830} INFO - Processing file /home/muhammadsami/Public/Projects/Airflow/DataPipelineswithApacheAirflow/.env/lib/python3.8/site-packages/airflow/example_dags/example_short_circuit_decorator.py for tasks to queue
[2024-03-16T11:29:50.502+0500] {logging_mixin.py:188} INFO - [2024-03-16T11:29:50.502+0500] {dagbag.py:540} INFO - Filling up the DagBag from /home/muhammadsami/Public/Projects/Airflow/DataPipelineswithApacheAirflow/.env/lib/python3.8/site-packages/airflow/example_dags/example_short_circuit_decorator.py
[2024-03-16T11:29:50.512+0500] {processor.py:840} INFO - DAG(s) 'example_short_circuit_decorator' retrieved from /home/muhammadsami/Public/Projects/Airflow/DataPipelineswithApacheAirflow/.env/lib/python3.8/site-packages/airflow/example_dags/example_short_circuit_decorator.py
[2024-03-16T11:29:50.527+0500] {logging_mixin.py:188} INFO - [2024-03-16T11:29:50.527+0500] {dag.py:3047} INFO - Sync 1 DAGs
[2024-03-16T11:29:50.544+0500] {logging_mixin.py:188} INFO - [2024-03-16T11:29:50.544+0500] {dag.py:3834} INFO - Setting next_dagrun for example_short_circuit_decorator to 2024-03-15 00:00:00+00:00, run_after=2024-03-16 00:00:00+00:00
[2024-03-16T11:29:50.630+0500] {processor.py:183} INFO - Processing /home/muhammadsami/Public/Projects/Airflow/DataPipelineswithApacheAirflow/.env/lib/python3.8/site-packages/airflow/example_dags/example_short_circuit_decorator.py took 0.135 seconds
[2024-03-16T11:30:42.961+0500] {processor.py:161} INFO - Started process (PID=19008) to work on /home/muhammadsami/Public/Projects/Airflow/DataPipelineswithApacheAirflow/.env/lib/python3.8/site-packages/airflow/example_dags/example_short_circuit_decorator.py
[2024-03-16T11:30:42.969+0500] {processor.py:830} INFO - Processing file /home/muhammadsami/Public/Projects/Airflow/DataPipelineswithApacheAirflow/.env/lib/python3.8/site-packages/airflow/example_dags/example_short_circuit_decorator.py for tasks to queue
[2024-03-16T11:30:42.970+0500] {logging_mixin.py:188} INFO - [2024-03-16T11:30:42.970+0500] {dagbag.py:540} INFO - Filling up the DagBag from /home/muhammadsami/Public/Projects/Airflow/DataPipelineswithApacheAirflow/.env/lib/python3.8/site-packages/airflow/example_dags/example_short_circuit_decorator.py
[2024-03-16T11:30:42.978+0500] {processor.py:840} INFO - DAG(s) 'example_short_circuit_decorator' retrieved from /home/muhammadsami/Public/Projects/Airflow/DataPipelineswithApacheAirflow/.env/lib/python3.8/site-packages/airflow/example_dags/example_short_circuit_decorator.py
[2024-03-16T11:30:42.993+0500] {logging_mixin.py:188} INFO - [2024-03-16T11:30:42.993+0500] {dag.py:3047} INFO - Sync 1 DAGs
[2024-03-16T11:30:43.010+0500] {logging_mixin.py:188} INFO - [2024-03-16T11:30:43.010+0500] {dag.py:3834} INFO - Setting next_dagrun for example_short_circuit_decorator to 2024-03-15 00:00:00+00:00, run_after=2024-03-16 00:00:00+00:00
[2024-03-16T11:30:43.099+0500] {processor.py:183} INFO - Processing /home/muhammadsami/Public/Projects/Airflow/DataPipelineswithApacheAirflow/.env/lib/python3.8/site-packages/airflow/example_dags/example_short_circuit_decorator.py took 0.141 seconds
[2024-03-16T11:38:47.321+0500] {processor.py:161} INFO - Started process (PID=19504) to work on /home/muhammadsami/Public/Projects/Airflow/DataPipelineswithApacheAirflow/.env/lib/python3.8/site-packages/airflow/example_dags/example_short_circuit_decorator.py
[2024-03-16T11:38:47.348+0500] {processor.py:830} INFO - Processing file /home/muhammadsami/Public/Projects/Airflow/DataPipelineswithApacheAirflow/.env/lib/python3.8/site-packages/airflow/example_dags/example_short_circuit_decorator.py for tasks to queue
[2024-03-16T11:38:47.350+0500] {logging_mixin.py:188} INFO - [2024-03-16T11:38:47.350+0500] {dagbag.py:540} INFO - Filling up the DagBag from /home/muhammadsami/Public/Projects/Airflow/DataPipelineswithApacheAirflow/.env/lib/python3.8/site-packages/airflow/example_dags/example_short_circuit_decorator.py
[2024-03-16T11:38:47.362+0500] {processor.py:840} INFO - DAG(s) 'example_short_circuit_decorator' retrieved from /home/muhammadsami/Public/Projects/Airflow/DataPipelineswithApacheAirflow/.env/lib/python3.8/site-packages/airflow/example_dags/example_short_circuit_decorator.py
[2024-03-16T11:38:47.442+0500] {logging_mixin.py:188} INFO - [2024-03-16T11:38:47.441+0500] {dag.py:3047} INFO - Sync 1 DAGs
[2024-03-16T11:38:47.576+0500] {logging_mixin.py:188} INFO - [2024-03-16T11:38:47.575+0500] {dag.py:3834} INFO - Setting next_dagrun for example_short_circuit_decorator to 2024-03-15 00:00:00+00:00, run_after=2024-03-16 00:00:00+00:00
[2024-03-16T11:38:47.795+0500] {processor.py:183} INFO - Processing /home/muhammadsami/Public/Projects/Airflow/DataPipelineswithApacheAirflow/.env/lib/python3.8/site-packages/airflow/example_dags/example_short_circuit_decorator.py took 0.478 seconds
[2024-03-16T11:39:49.132+0500] {processor.py:161} INFO - Started process (PID=19816) to work on /home/muhammadsami/Public/Projects/Airflow/DataPipelineswithApacheAirflow/.env/lib/python3.8/site-packages/airflow/example_dags/example_short_circuit_decorator.py
[2024-03-16T11:39:49.133+0500] {processor.py:830} INFO - Processing file /home/muhammadsami/Public/Projects/Airflow/DataPipelineswithApacheAirflow/.env/lib/python3.8/site-packages/airflow/example_dags/example_short_circuit_decorator.py for tasks to queue
[2024-03-16T11:39:49.134+0500] {logging_mixin.py:188} INFO - [2024-03-16T11:39:49.134+0500] {dagbag.py:540} INFO - Filling up the DagBag from /home/muhammadsami/Public/Projects/Airflow/DataPipelineswithApacheAirflow/.env/lib/python3.8/site-packages/airflow/example_dags/example_short_circuit_decorator.py
[2024-03-16T11:39:49.142+0500] {processor.py:840} INFO - DAG(s) 'example_short_circuit_decorator' retrieved from /home/muhammadsami/Public/Projects/Airflow/DataPipelineswithApacheAirflow/.env/lib/python3.8/site-packages/airflow/example_dags/example_short_circuit_decorator.py
[2024-03-16T11:39:49.157+0500] {logging_mixin.py:188} INFO - [2024-03-16T11:39:49.157+0500] {dag.py:3047} INFO - Sync 1 DAGs
[2024-03-16T11:39:49.174+0500] {logging_mixin.py:188} INFO - [2024-03-16T11:39:49.173+0500] {dag.py:3834} INFO - Setting next_dagrun for example_short_circuit_decorator to 2024-03-15 00:00:00+00:00, run_after=2024-03-16 00:00:00+00:00
[2024-03-16T11:39:49.266+0500] {processor.py:183} INFO - Processing /home/muhammadsami/Public/Projects/Airflow/DataPipelineswithApacheAirflow/.env/lib/python3.8/site-packages/airflow/example_dags/example_short_circuit_decorator.py took 0.137 seconds
[2024-03-16T11:41:02.096+0500] {processor.py:161} INFO - Started process (PID=20092) to work on /home/muhammadsami/Public/Projects/Airflow/DataPipelineswithApacheAirflow/.env/lib/python3.8/site-packages/airflow/example_dags/example_short_circuit_decorator.py
[2024-03-16T11:41:02.122+0500] {processor.py:830} INFO - Processing file /home/muhammadsami/Public/Projects/Airflow/DataPipelineswithApacheAirflow/.env/lib/python3.8/site-packages/airflow/example_dags/example_short_circuit_decorator.py for tasks to queue
[2024-03-16T11:41:02.123+0500] {logging_mixin.py:188} INFO - [2024-03-16T11:41:02.122+0500] {dagbag.py:540} INFO - Filling up the DagBag from /home/muhammadsami/Public/Projects/Airflow/DataPipelineswithApacheAirflow/.env/lib/python3.8/site-packages/airflow/example_dags/example_short_circuit_decorator.py
[2024-03-16T11:41:02.218+0500] {processor.py:840} INFO - DAG(s) 'example_short_circuit_decorator' retrieved from /home/muhammadsami/Public/Projects/Airflow/DataPipelineswithApacheAirflow/.env/lib/python3.8/site-packages/airflow/example_dags/example_short_circuit_decorator.py
[2024-03-16T11:41:02.230+0500] {logging_mixin.py:188} INFO - [2024-03-16T11:41:02.229+0500] {dag.py:3047} INFO - Sync 1 DAGs
[2024-03-16T11:41:02.244+0500] {logging_mixin.py:188} INFO - [2024-03-16T11:41:02.244+0500] {dag.py:3834} INFO - Setting next_dagrun for example_short_circuit_decorator to 2024-03-15 00:00:00+00:00, run_after=2024-03-16 00:00:00+00:00
[2024-03-16T11:41:02.352+0500] {processor.py:183} INFO - Processing /home/muhammadsami/Public/Projects/Airflow/DataPipelineswithApacheAirflow/.env/lib/python3.8/site-packages/airflow/example_dags/example_short_circuit_decorator.py took 0.259 seconds
[2024-03-16T11:42:11.205+0500] {processor.py:161} INFO - Started process (PID=20234) to work on /home/muhammadsami/Public/Projects/Airflow/DataPipelineswithApacheAirflow/.env/lib/python3.8/site-packages/airflow/example_dags/example_short_circuit_decorator.py
[2024-03-16T11:42:11.206+0500] {processor.py:830} INFO - Processing file /home/muhammadsami/Public/Projects/Airflow/DataPipelineswithApacheAirflow/.env/lib/python3.8/site-packages/airflow/example_dags/example_short_circuit_decorator.py for tasks to queue
[2024-03-16T11:42:11.207+0500] {logging_mixin.py:188} INFO - [2024-03-16T11:42:11.207+0500] {dagbag.py:540} INFO - Filling up the DagBag from /home/muhammadsami/Public/Projects/Airflow/DataPipelineswithApacheAirflow/.env/lib/python3.8/site-packages/airflow/example_dags/example_short_circuit_decorator.py
[2024-03-16T11:42:11.217+0500] {processor.py:840} INFO - DAG(s) 'example_short_circuit_decorator' retrieved from /home/muhammadsami/Public/Projects/Airflow/DataPipelineswithApacheAirflow/.env/lib/python3.8/site-packages/airflow/example_dags/example_short_circuit_decorator.py
[2024-03-16T11:42:11.232+0500] {logging_mixin.py:188} INFO - [2024-03-16T11:42:11.232+0500] {dag.py:3047} INFO - Sync 1 DAGs
[2024-03-16T11:42:11.249+0500] {logging_mixin.py:188} INFO - [2024-03-16T11:42:11.249+0500] {dag.py:3834} INFO - Setting next_dagrun for example_short_circuit_decorator to 2024-03-15 00:00:00+00:00, run_after=2024-03-16 00:00:00+00:00
[2024-03-16T11:42:11.364+0500] {processor.py:183} INFO - Processing /home/muhammadsami/Public/Projects/Airflow/DataPipelineswithApacheAirflow/.env/lib/python3.8/site-packages/airflow/example_dags/example_short_circuit_decorator.py took 0.162 seconds
[2024-03-16T11:43:01.921+0500] {processor.py:161} INFO - Started process (PID=20294) to work on /home/muhammadsami/Public/Projects/Airflow/DataPipelineswithApacheAirflow/.env/lib/python3.8/site-packages/airflow/example_dags/example_short_circuit_decorator.py
[2024-03-16T11:43:01.926+0500] {processor.py:830} INFO - Processing file /home/muhammadsami/Public/Projects/Airflow/DataPipelineswithApacheAirflow/.env/lib/python3.8/site-packages/airflow/example_dags/example_short_circuit_decorator.py for tasks to queue
[2024-03-16T11:43:01.927+0500] {logging_mixin.py:188} INFO - [2024-03-16T11:43:01.927+0500] {dagbag.py:540} INFO - Filling up the DagBag from /home/muhammadsami/Public/Projects/Airflow/DataPipelineswithApacheAirflow/.env/lib/python3.8/site-packages/airflow/example_dags/example_short_circuit_decorator.py
[2024-03-16T11:43:01.937+0500] {processor.py:840} INFO - DAG(s) 'example_short_circuit_decorator' retrieved from /home/muhammadsami/Public/Projects/Airflow/DataPipelineswithApacheAirflow/.env/lib/python3.8/site-packages/airflow/example_dags/example_short_circuit_decorator.py
[2024-03-16T11:43:01.953+0500] {logging_mixin.py:188} INFO - [2024-03-16T11:43:01.953+0500] {dag.py:3047} INFO - Sync 1 DAGs
[2024-03-16T11:43:01.975+0500] {logging_mixin.py:188} INFO - [2024-03-16T11:43:01.974+0500] {dag.py:3834} INFO - Setting next_dagrun for example_short_circuit_decorator to 2024-03-15 00:00:00+00:00, run_after=2024-03-16 00:00:00+00:00
[2024-03-16T11:43:02.075+0500] {processor.py:183} INFO - Processing /home/muhammadsami/Public/Projects/Airflow/DataPipelineswithApacheAirflow/.env/lib/python3.8/site-packages/airflow/example_dags/example_short_circuit_decorator.py took 0.157 seconds
[2024-03-16T11:43:48.339+0500] {processor.py:161} INFO - Started process (PID=20368) to work on /home/muhammadsami/Public/Projects/Airflow/DataPipelineswithApacheAirflow/.env/lib/python3.8/site-packages/airflow/example_dags/example_short_circuit_decorator.py
[2024-03-16T11:43:48.341+0500] {processor.py:830} INFO - Processing file /home/muhammadsami/Public/Projects/Airflow/DataPipelineswithApacheAirflow/.env/lib/python3.8/site-packages/airflow/example_dags/example_short_circuit_decorator.py for tasks to queue
[2024-03-16T11:43:48.342+0500] {logging_mixin.py:188} INFO - [2024-03-16T11:43:48.341+0500] {dagbag.py:540} INFO - Filling up the DagBag from /home/muhammadsami/Public/Projects/Airflow/DataPipelineswithApacheAirflow/.env/lib/python3.8/site-packages/airflow/example_dags/example_short_circuit_decorator.py
[2024-03-16T11:43:48.353+0500] {processor.py:840} INFO - DAG(s) 'example_short_circuit_decorator' retrieved from /home/muhammadsami/Public/Projects/Airflow/DataPipelineswithApacheAirflow/.env/lib/python3.8/site-packages/airflow/example_dags/example_short_circuit_decorator.py
[2024-03-16T11:43:48.368+0500] {logging_mixin.py:188} INFO - [2024-03-16T11:43:48.368+0500] {dag.py:3047} INFO - Sync 1 DAGs
[2024-03-16T11:43:48.386+0500] {logging_mixin.py:188} INFO - [2024-03-16T11:43:48.386+0500] {dag.py:3834} INFO - Setting next_dagrun for example_short_circuit_decorator to 2024-03-15 00:00:00+00:00, run_after=2024-03-16 00:00:00+00:00
[2024-03-16T11:43:48.471+0500] {processor.py:183} INFO - Processing /home/muhammadsami/Public/Projects/Airflow/DataPipelineswithApacheAirflow/.env/lib/python3.8/site-packages/airflow/example_dags/example_short_circuit_decorator.py took 0.134 seconds
[2024-03-16T11:44:38.613+0500] {processor.py:161} INFO - Started process (PID=20454) to work on /home/muhammadsami/Public/Projects/Airflow/DataPipelineswithApacheAirflow/.env/lib/python3.8/site-packages/airflow/example_dags/example_short_circuit_decorator.py
[2024-03-16T11:44:38.628+0500] {processor.py:830} INFO - Processing file /home/muhammadsami/Public/Projects/Airflow/DataPipelineswithApacheAirflow/.env/lib/python3.8/site-packages/airflow/example_dags/example_short_circuit_decorator.py for tasks to queue
[2024-03-16T11:44:38.629+0500] {logging_mixin.py:188} INFO - [2024-03-16T11:44:38.629+0500] {dagbag.py:540} INFO - Filling up the DagBag from /home/muhammadsami/Public/Projects/Airflow/DataPipelineswithApacheAirflow/.env/lib/python3.8/site-packages/airflow/example_dags/example_short_circuit_decorator.py
[2024-03-16T11:44:38.637+0500] {processor.py:840} INFO - DAG(s) 'example_short_circuit_decorator' retrieved from /home/muhammadsami/Public/Projects/Airflow/DataPipelineswithApacheAirflow/.env/lib/python3.8/site-packages/airflow/example_dags/example_short_circuit_decorator.py
[2024-03-16T11:44:38.652+0500] {logging_mixin.py:188} INFO - [2024-03-16T11:44:38.652+0500] {dag.py:3047} INFO - Sync 1 DAGs
[2024-03-16T11:44:38.669+0500] {logging_mixin.py:188} INFO - [2024-03-16T11:44:38.669+0500] {dag.py:3834} INFO - Setting next_dagrun for example_short_circuit_decorator to 2024-03-15 00:00:00+00:00, run_after=2024-03-16 00:00:00+00:00
[2024-03-16T11:44:38.752+0500] {processor.py:183} INFO - Processing /home/muhammadsami/Public/Projects/Airflow/DataPipelineswithApacheAirflow/.env/lib/python3.8/site-packages/airflow/example_dags/example_short_circuit_decorator.py took 0.142 seconds
[2024-03-16T11:45:44.029+0500] {processor.py:161} INFO - Started process (PID=20830) to work on /home/muhammadsami/Public/Projects/Airflow/DataPipelineswithApacheAirflow/.env/lib/python3.8/site-packages/airflow/example_dags/example_short_circuit_decorator.py
[2024-03-16T11:45:44.031+0500] {processor.py:830} INFO - Processing file /home/muhammadsami/Public/Projects/Airflow/DataPipelineswithApacheAirflow/.env/lib/python3.8/site-packages/airflow/example_dags/example_short_circuit_decorator.py for tasks to queue
[2024-03-16T11:45:44.031+0500] {logging_mixin.py:188} INFO - [2024-03-16T11:45:44.031+0500] {dagbag.py:540} INFO - Filling up the DagBag from /home/muhammadsami/Public/Projects/Airflow/DataPipelineswithApacheAirflow/.env/lib/python3.8/site-packages/airflow/example_dags/example_short_circuit_decorator.py
[2024-03-16T11:45:44.041+0500] {processor.py:840} INFO - DAG(s) 'example_short_circuit_decorator' retrieved from /home/muhammadsami/Public/Projects/Airflow/DataPipelineswithApacheAirflow/.env/lib/python3.8/site-packages/airflow/example_dags/example_short_circuit_decorator.py
[2024-03-16T11:45:44.056+0500] {logging_mixin.py:188} INFO - [2024-03-16T11:45:44.056+0500] {dag.py:3047} INFO - Sync 1 DAGs
[2024-03-16T11:45:44.074+0500] {logging_mixin.py:188} INFO - [2024-03-16T11:45:44.073+0500] {dag.py:3834} INFO - Setting next_dagrun for example_short_circuit_decorator to 2024-03-15 00:00:00+00:00, run_after=2024-03-16 00:00:00+00:00
[2024-03-16T11:45:44.174+0500] {processor.py:183} INFO - Processing /home/muhammadsami/Public/Projects/Airflow/DataPipelineswithApacheAirflow/.env/lib/python3.8/site-packages/airflow/example_dags/example_short_circuit_decorator.py took 0.147 seconds
[2024-03-16T11:46:39.341+0500] {processor.py:161} INFO - Started process (PID=20890) to work on /home/muhammadsami/Public/Projects/Airflow/DataPipelineswithApacheAirflow/.env/lib/python3.8/site-packages/airflow/example_dags/example_short_circuit_decorator.py
[2024-03-16T11:46:39.355+0500] {processor.py:830} INFO - Processing file /home/muhammadsami/Public/Projects/Airflow/DataPipelineswithApacheAirflow/.env/lib/python3.8/site-packages/airflow/example_dags/example_short_circuit_decorator.py for tasks to queue
[2024-03-16T11:46:39.355+0500] {logging_mixin.py:188} INFO - [2024-03-16T11:46:39.355+0500] {dagbag.py:540} INFO - Filling up the DagBag from /home/muhammadsami/Public/Projects/Airflow/DataPipelineswithApacheAirflow/.env/lib/python3.8/site-packages/airflow/example_dags/example_short_circuit_decorator.py
[2024-03-16T11:46:39.363+0500] {processor.py:840} INFO - DAG(s) 'example_short_circuit_decorator' retrieved from /home/muhammadsami/Public/Projects/Airflow/DataPipelineswithApacheAirflow/.env/lib/python3.8/site-packages/airflow/example_dags/example_short_circuit_decorator.py
[2024-03-16T11:46:39.381+0500] {logging_mixin.py:188} INFO - [2024-03-16T11:46:39.381+0500] {dag.py:3047} INFO - Sync 1 DAGs
[2024-03-16T11:46:39.400+0500] {logging_mixin.py:188} INFO - [2024-03-16T11:46:39.400+0500] {dag.py:3834} INFO - Setting next_dagrun for example_short_circuit_decorator to 2024-03-15 00:00:00+00:00, run_after=2024-03-16 00:00:00+00:00
[2024-03-16T11:46:39.506+0500] {processor.py:183} INFO - Processing /home/muhammadsami/Public/Projects/Airflow/DataPipelineswithApacheAirflow/.env/lib/python3.8/site-packages/airflow/example_dags/example_short_circuit_decorator.py took 0.168 seconds
[2024-03-16T11:47:30.097+0500] {processor.py:161} INFO - Started process (PID=20968) to work on /home/muhammadsami/Public/Projects/Airflow/DataPipelineswithApacheAirflow/.env/lib/python3.8/site-packages/airflow/example_dags/example_short_circuit_decorator.py
[2024-03-16T11:47:30.110+0500] {processor.py:830} INFO - Processing file /home/muhammadsami/Public/Projects/Airflow/DataPipelineswithApacheAirflow/.env/lib/python3.8/site-packages/airflow/example_dags/example_short_circuit_decorator.py for tasks to queue
[2024-03-16T11:47:30.111+0500] {logging_mixin.py:188} INFO - [2024-03-16T11:47:30.111+0500] {dagbag.py:540} INFO - Filling up the DagBag from /home/muhammadsami/Public/Projects/Airflow/DataPipelineswithApacheAirflow/.env/lib/python3.8/site-packages/airflow/example_dags/example_short_circuit_decorator.py
[2024-03-16T11:47:30.119+0500] {processor.py:840} INFO - DAG(s) 'example_short_circuit_decorator' retrieved from /home/muhammadsami/Public/Projects/Airflow/DataPipelineswithApacheAirflow/.env/lib/python3.8/site-packages/airflow/example_dags/example_short_circuit_decorator.py
[2024-03-16T11:47:30.134+0500] {logging_mixin.py:188} INFO - [2024-03-16T11:47:30.133+0500] {dag.py:3047} INFO - Sync 1 DAGs
[2024-03-16T11:47:30.151+0500] {logging_mixin.py:188} INFO - [2024-03-16T11:47:30.150+0500] {dag.py:3834} INFO - Setting next_dagrun for example_short_circuit_decorator to 2024-03-15 00:00:00+00:00, run_after=2024-03-16 00:00:00+00:00
[2024-03-16T11:47:30.242+0500] {processor.py:183} INFO - Processing /home/muhammadsami/Public/Projects/Airflow/DataPipelineswithApacheAirflow/.env/lib/python3.8/site-packages/airflow/example_dags/example_short_circuit_decorator.py took 0.148 seconds
[2024-03-16T11:48:19.993+0500] {processor.py:161} INFO - Started process (PID=21018) to work on /home/muhammadsami/Public/Projects/Airflow/DataPipelineswithApacheAirflow/.env/lib/python3.8/site-packages/airflow/example_dags/example_short_circuit_decorator.py
[2024-03-16T11:48:19.994+0500] {processor.py:830} INFO - Processing file /home/muhammadsami/Public/Projects/Airflow/DataPipelineswithApacheAirflow/.env/lib/python3.8/site-packages/airflow/example_dags/example_short_circuit_decorator.py for tasks to queue
[2024-03-16T11:48:19.995+0500] {logging_mixin.py:188} INFO - [2024-03-16T11:48:19.995+0500] {dagbag.py:540} INFO - Filling up the DagBag from /home/muhammadsami/Public/Projects/Airflow/DataPipelineswithApacheAirflow/.env/lib/python3.8/site-packages/airflow/example_dags/example_short_circuit_decorator.py
[2024-03-16T11:48:20.003+0500] {processor.py:840} INFO - DAG(s) 'example_short_circuit_decorator' retrieved from /home/muhammadsami/Public/Projects/Airflow/DataPipelineswithApacheAirflow/.env/lib/python3.8/site-packages/airflow/example_dags/example_short_circuit_decorator.py
[2024-03-16T11:48:20.018+0500] {logging_mixin.py:188} INFO - [2024-03-16T11:48:20.018+0500] {dag.py:3047} INFO - Sync 1 DAGs
[2024-03-16T11:48:20.035+0500] {logging_mixin.py:188} INFO - [2024-03-16T11:48:20.035+0500] {dag.py:3834} INFO - Setting next_dagrun for example_short_circuit_decorator to 2024-03-15 00:00:00+00:00, run_after=2024-03-16 00:00:00+00:00
[2024-03-16T11:48:20.127+0500] {processor.py:183} INFO - Processing /home/muhammadsami/Public/Projects/Airflow/DataPipelineswithApacheAirflow/.env/lib/python3.8/site-packages/airflow/example_dags/example_short_circuit_decorator.py took 0.137 seconds
[2024-03-16T11:49:06.176+0500] {processor.py:161} INFO - Started process (PID=21090) to work on /home/muhammadsami/Public/Projects/Airflow/DataPipelineswithApacheAirflow/.env/lib/python3.8/site-packages/airflow/example_dags/example_short_circuit_decorator.py
[2024-03-16T11:49:06.178+0500] {processor.py:830} INFO - Processing file /home/muhammadsami/Public/Projects/Airflow/DataPipelineswithApacheAirflow/.env/lib/python3.8/site-packages/airflow/example_dags/example_short_circuit_decorator.py for tasks to queue
[2024-03-16T11:49:06.179+0500] {logging_mixin.py:188} INFO - [2024-03-16T11:49:06.178+0500] {dagbag.py:540} INFO - Filling up the DagBag from /home/muhammadsami/Public/Projects/Airflow/DataPipelineswithApacheAirflow/.env/lib/python3.8/site-packages/airflow/example_dags/example_short_circuit_decorator.py
[2024-03-16T11:49:06.187+0500] {processor.py:840} INFO - DAG(s) 'example_short_circuit_decorator' retrieved from /home/muhammadsami/Public/Projects/Airflow/DataPipelineswithApacheAirflow/.env/lib/python3.8/site-packages/airflow/example_dags/example_short_circuit_decorator.py
[2024-03-16T11:49:06.204+0500] {logging_mixin.py:188} INFO - [2024-03-16T11:49:06.203+0500] {dag.py:3047} INFO - Sync 1 DAGs
[2024-03-16T11:49:06.221+0500] {logging_mixin.py:188} INFO - [2024-03-16T11:49:06.221+0500] {dag.py:3834} INFO - Setting next_dagrun for example_short_circuit_decorator to 2024-03-15 00:00:00+00:00, run_after=2024-03-16 00:00:00+00:00
[2024-03-16T11:49:06.333+0500] {processor.py:183} INFO - Processing /home/muhammadsami/Public/Projects/Airflow/DataPipelineswithApacheAirflow/.env/lib/python3.8/site-packages/airflow/example_dags/example_short_circuit_decorator.py took 0.159 seconds
[2024-03-16T11:49:55.848+0500] {processor.py:161} INFO - Started process (PID=21135) to work on /home/muhammadsami/Public/Projects/Airflow/DataPipelineswithApacheAirflow/.env/lib/python3.8/site-packages/airflow/example_dags/example_short_circuit_decorator.py
[2024-03-16T11:49:55.849+0500] {processor.py:830} INFO - Processing file /home/muhammadsami/Public/Projects/Airflow/DataPipelineswithApacheAirflow/.env/lib/python3.8/site-packages/airflow/example_dags/example_short_circuit_decorator.py for tasks to queue
[2024-03-16T11:49:55.850+0500] {logging_mixin.py:188} INFO - [2024-03-16T11:49:55.850+0500] {dagbag.py:540} INFO - Filling up the DagBag from /home/muhammadsami/Public/Projects/Airflow/DataPipelineswithApacheAirflow/.env/lib/python3.8/site-packages/airflow/example_dags/example_short_circuit_decorator.py
[2024-03-16T11:49:55.860+0500] {processor.py:840} INFO - DAG(s) 'example_short_circuit_decorator' retrieved from /home/muhammadsami/Public/Projects/Airflow/DataPipelineswithApacheAirflow/.env/lib/python3.8/site-packages/airflow/example_dags/example_short_circuit_decorator.py
[2024-03-16T11:49:55.877+0500] {logging_mixin.py:188} INFO - [2024-03-16T11:49:55.877+0500] {dag.py:3047} INFO - Sync 1 DAGs
[2024-03-16T11:49:55.898+0500] {logging_mixin.py:188} INFO - [2024-03-16T11:49:55.898+0500] {dag.py:3834} INFO - Setting next_dagrun for example_short_circuit_decorator to 2024-03-15 00:00:00+00:00, run_after=2024-03-16 00:00:00+00:00
[2024-03-16T11:49:55.989+0500] {processor.py:183} INFO - Processing /home/muhammadsami/Public/Projects/Airflow/DataPipelineswithApacheAirflow/.env/lib/python3.8/site-packages/airflow/example_dags/example_short_circuit_decorator.py took 0.143 seconds
[2024-03-16T11:50:45.575+0500] {processor.py:161} INFO - Started process (PID=21211) to work on /home/muhammadsami/Public/Projects/Airflow/DataPipelineswithApacheAirflow/.env/lib/python3.8/site-packages/airflow/example_dags/example_short_circuit_decorator.py
[2024-03-16T11:50:45.577+0500] {processor.py:830} INFO - Processing file /home/muhammadsami/Public/Projects/Airflow/DataPipelineswithApacheAirflow/.env/lib/python3.8/site-packages/airflow/example_dags/example_short_circuit_decorator.py for tasks to queue
[2024-03-16T11:50:45.578+0500] {logging_mixin.py:188} INFO - [2024-03-16T11:50:45.578+0500] {dagbag.py:540} INFO - Filling up the DagBag from /home/muhammadsami/Public/Projects/Airflow/DataPipelineswithApacheAirflow/.env/lib/python3.8/site-packages/airflow/example_dags/example_short_circuit_decorator.py
[2024-03-16T11:50:45.589+0500] {processor.py:840} INFO - DAG(s) 'example_short_circuit_decorator' retrieved from /home/muhammadsami/Public/Projects/Airflow/DataPipelineswithApacheAirflow/.env/lib/python3.8/site-packages/airflow/example_dags/example_short_circuit_decorator.py
[2024-03-16T11:50:45.605+0500] {logging_mixin.py:188} INFO - [2024-03-16T11:50:45.605+0500] {dag.py:3047} INFO - Sync 1 DAGs
[2024-03-16T11:50:45.622+0500] {logging_mixin.py:188} INFO - [2024-03-16T11:50:45.622+0500] {dag.py:3834} INFO - Setting next_dagrun for example_short_circuit_decorator to 2024-03-15 00:00:00+00:00, run_after=2024-03-16 00:00:00+00:00
[2024-03-16T11:50:45.728+0500] {processor.py:183} INFO - Processing /home/muhammadsami/Public/Projects/Airflow/DataPipelineswithApacheAirflow/.env/lib/python3.8/site-packages/airflow/example_dags/example_short_circuit_decorator.py took 0.155 seconds
[2024-03-16T11:51:37.832+0500] {processor.py:161} INFO - Started process (PID=21317) to work on /home/muhammadsami/Public/Projects/Airflow/DataPipelineswithApacheAirflow/.env/lib/python3.8/site-packages/airflow/example_dags/example_short_circuit_decorator.py
[2024-03-16T11:51:37.845+0500] {processor.py:830} INFO - Processing file /home/muhammadsami/Public/Projects/Airflow/DataPipelineswithApacheAirflow/.env/lib/python3.8/site-packages/airflow/example_dags/example_short_circuit_decorator.py for tasks to queue
[2024-03-16T11:51:37.846+0500] {logging_mixin.py:188} INFO - [2024-03-16T11:51:37.845+0500] {dagbag.py:540} INFO - Filling up the DagBag from /home/muhammadsami/Public/Projects/Airflow/DataPipelineswithApacheAirflow/.env/lib/python3.8/site-packages/airflow/example_dags/example_short_circuit_decorator.py
[2024-03-16T11:51:37.854+0500] {processor.py:840} INFO - DAG(s) 'example_short_circuit_decorator' retrieved from /home/muhammadsami/Public/Projects/Airflow/DataPipelineswithApacheAirflow/.env/lib/python3.8/site-packages/airflow/example_dags/example_short_circuit_decorator.py
[2024-03-16T11:51:37.872+0500] {logging_mixin.py:188} INFO - [2024-03-16T11:51:37.871+0500] {dag.py:3047} INFO - Sync 1 DAGs
[2024-03-16T11:51:37.892+0500] {logging_mixin.py:188} INFO - [2024-03-16T11:51:37.892+0500] {dag.py:3834} INFO - Setting next_dagrun for example_short_circuit_decorator to 2024-03-15 00:00:00+00:00, run_after=2024-03-16 00:00:00+00:00
[2024-03-16T11:51:37.987+0500] {processor.py:183} INFO - Processing /home/muhammadsami/Public/Projects/Airflow/DataPipelineswithApacheAirflow/.env/lib/python3.8/site-packages/airflow/example_dags/example_short_circuit_decorator.py took 0.158 seconds
[2024-03-16T11:52:30.828+0500] {processor.py:161} INFO - Started process (PID=21480) to work on /home/muhammadsami/Public/Projects/Airflow/DataPipelineswithApacheAirflow/.env/lib/python3.8/site-packages/airflow/example_dags/example_short_circuit_decorator.py
[2024-03-16T11:52:30.843+0500] {processor.py:830} INFO - Processing file /home/muhammadsami/Public/Projects/Airflow/DataPipelineswithApacheAirflow/.env/lib/python3.8/site-packages/airflow/example_dags/example_short_circuit_decorator.py for tasks to queue
[2024-03-16T11:52:30.844+0500] {logging_mixin.py:188} INFO - [2024-03-16T11:52:30.844+0500] {dagbag.py:540} INFO - Filling up the DagBag from /home/muhammadsami/Public/Projects/Airflow/DataPipelineswithApacheAirflow/.env/lib/python3.8/site-packages/airflow/example_dags/example_short_circuit_decorator.py
[2024-03-16T11:52:30.852+0500] {processor.py:840} INFO - DAG(s) 'example_short_circuit_decorator' retrieved from /home/muhammadsami/Public/Projects/Airflow/DataPipelineswithApacheAirflow/.env/lib/python3.8/site-packages/airflow/example_dags/example_short_circuit_decorator.py
[2024-03-16T11:52:30.868+0500] {logging_mixin.py:188} INFO - [2024-03-16T11:52:30.868+0500] {dag.py:3047} INFO - Sync 1 DAGs
[2024-03-16T11:52:30.887+0500] {logging_mixin.py:188} INFO - [2024-03-16T11:52:30.887+0500] {dag.py:3834} INFO - Setting next_dagrun for example_short_circuit_decorator to 2024-03-15 00:00:00+00:00, run_after=2024-03-16 00:00:00+00:00
[2024-03-16T11:52:30.994+0500] {processor.py:183} INFO - Processing /home/muhammadsami/Public/Projects/Airflow/DataPipelineswithApacheAirflow/.env/lib/python3.8/site-packages/airflow/example_dags/example_short_circuit_decorator.py took 0.168 seconds
[2024-03-16T11:53:22.092+0500] {processor.py:161} INFO - Started process (PID=21537) to work on /home/muhammadsami/Public/Projects/Airflow/DataPipelineswithApacheAirflow/.env/lib/python3.8/site-packages/airflow/example_dags/example_short_circuit_decorator.py
[2024-03-16T11:53:22.093+0500] {processor.py:830} INFO - Processing file /home/muhammadsami/Public/Projects/Airflow/DataPipelineswithApacheAirflow/.env/lib/python3.8/site-packages/airflow/example_dags/example_short_circuit_decorator.py for tasks to queue
[2024-03-16T11:53:22.095+0500] {logging_mixin.py:188} INFO - [2024-03-16T11:53:22.094+0500] {dagbag.py:540} INFO - Filling up the DagBag from /home/muhammadsami/Public/Projects/Airflow/DataPipelineswithApacheAirflow/.env/lib/python3.8/site-packages/airflow/example_dags/example_short_circuit_decorator.py
[2024-03-16T11:53:22.104+0500] {processor.py:840} INFO - DAG(s) 'example_short_circuit_decorator' retrieved from /home/muhammadsami/Public/Projects/Airflow/DataPipelineswithApacheAirflow/.env/lib/python3.8/site-packages/airflow/example_dags/example_short_circuit_decorator.py
[2024-03-16T11:53:22.119+0500] {logging_mixin.py:188} INFO - [2024-03-16T11:53:22.119+0500] {dag.py:3047} INFO - Sync 1 DAGs
[2024-03-16T11:53:22.136+0500] {logging_mixin.py:188} INFO - [2024-03-16T11:53:22.136+0500] {dag.py:3834} INFO - Setting next_dagrun for example_short_circuit_decorator to 2024-03-15 00:00:00+00:00, run_after=2024-03-16 00:00:00+00:00
[2024-03-16T11:53:22.231+0500] {processor.py:183} INFO - Processing /home/muhammadsami/Public/Projects/Airflow/DataPipelineswithApacheAirflow/.env/lib/python3.8/site-packages/airflow/example_dags/example_short_circuit_decorator.py took 0.142 seconds
[2024-03-16T11:54:13.679+0500] {processor.py:161} INFO - Started process (PID=21660) to work on /home/muhammadsami/Public/Projects/Airflow/DataPipelineswithApacheAirflow/.env/lib/python3.8/site-packages/airflow/example_dags/example_short_circuit_decorator.py
[2024-03-16T11:54:13.691+0500] {processor.py:830} INFO - Processing file /home/muhammadsami/Public/Projects/Airflow/DataPipelineswithApacheAirflow/.env/lib/python3.8/site-packages/airflow/example_dags/example_short_circuit_decorator.py for tasks to queue
[2024-03-16T11:54:13.691+0500] {logging_mixin.py:188} INFO - [2024-03-16T11:54:13.691+0500] {dagbag.py:540} INFO - Filling up the DagBag from /home/muhammadsami/Public/Projects/Airflow/DataPipelineswithApacheAirflow/.env/lib/python3.8/site-packages/airflow/example_dags/example_short_circuit_decorator.py
[2024-03-16T11:54:13.699+0500] {processor.py:840} INFO - DAG(s) 'example_short_circuit_decorator' retrieved from /home/muhammadsami/Public/Projects/Airflow/DataPipelineswithApacheAirflow/.env/lib/python3.8/site-packages/airflow/example_dags/example_short_circuit_decorator.py
[2024-03-16T11:54:13.714+0500] {logging_mixin.py:188} INFO - [2024-03-16T11:54:13.714+0500] {dag.py:3047} INFO - Sync 1 DAGs
[2024-03-16T11:54:13.731+0500] {logging_mixin.py:188} INFO - [2024-03-16T11:54:13.730+0500] {dag.py:3834} INFO - Setting next_dagrun for example_short_circuit_decorator to 2024-03-15 00:00:00+00:00, run_after=2024-03-16 00:00:00+00:00
[2024-03-16T11:54:13.818+0500] {processor.py:183} INFO - Processing /home/muhammadsami/Public/Projects/Airflow/DataPipelineswithApacheAirflow/.env/lib/python3.8/site-packages/airflow/example_dags/example_short_circuit_decorator.py took 0.141 seconds
[2024-03-16T11:55:01.832+0500] {processor.py:161} INFO - Started process (PID=21812) to work on /home/muhammadsami/Public/Projects/Airflow/DataPipelineswithApacheAirflow/.env/lib/python3.8/site-packages/airflow/example_dags/example_short_circuit_decorator.py
[2024-03-16T11:55:01.851+0500] {processor.py:830} INFO - Processing file /home/muhammadsami/Public/Projects/Airflow/DataPipelineswithApacheAirflow/.env/lib/python3.8/site-packages/airflow/example_dags/example_short_circuit_decorator.py for tasks to queue
[2024-03-16T11:55:01.852+0500] {logging_mixin.py:188} INFO - [2024-03-16T11:55:01.851+0500] {dagbag.py:540} INFO - Filling up the DagBag from /home/muhammadsami/Public/Projects/Airflow/DataPipelineswithApacheAirflow/.env/lib/python3.8/site-packages/airflow/example_dags/example_short_circuit_decorator.py
[2024-03-16T11:55:01.864+0500] {processor.py:840} INFO - DAG(s) 'example_short_circuit_decorator' retrieved from /home/muhammadsami/Public/Projects/Airflow/DataPipelineswithApacheAirflow/.env/lib/python3.8/site-packages/airflow/example_dags/example_short_circuit_decorator.py
[2024-03-16T11:55:01.882+0500] {logging_mixin.py:188} INFO - [2024-03-16T11:55:01.882+0500] {dag.py:3047} INFO - Sync 1 DAGs
[2024-03-16T11:55:01.903+0500] {logging_mixin.py:188} INFO - [2024-03-16T11:55:01.903+0500] {dag.py:3834} INFO - Setting next_dagrun for example_short_circuit_decorator to 2024-03-15 00:00:00+00:00, run_after=2024-03-16 00:00:00+00:00
[2024-03-16T11:55:02.736+0500] {processor.py:183} INFO - Processing /home/muhammadsami/Public/Projects/Airflow/DataPipelineswithApacheAirflow/.env/lib/python3.8/site-packages/airflow/example_dags/example_short_circuit_decorator.py took 0.907 seconds
[2024-03-16T11:55:54.900+0500] {processor.py:161} INFO - Started process (PID=21914) to work on /home/muhammadsami/Public/Projects/Airflow/DataPipelineswithApacheAirflow/.env/lib/python3.8/site-packages/airflow/example_dags/example_short_circuit_decorator.py
[2024-03-16T11:55:54.901+0500] {processor.py:830} INFO - Processing file /home/muhammadsami/Public/Projects/Airflow/DataPipelineswithApacheAirflow/.env/lib/python3.8/site-packages/airflow/example_dags/example_short_circuit_decorator.py for tasks to queue
[2024-03-16T11:55:54.902+0500] {logging_mixin.py:188} INFO - [2024-03-16T11:55:54.902+0500] {dagbag.py:540} INFO - Filling up the DagBag from /home/muhammadsami/Public/Projects/Airflow/DataPipelineswithApacheAirflow/.env/lib/python3.8/site-packages/airflow/example_dags/example_short_circuit_decorator.py
[2024-03-16T11:55:54.913+0500] {processor.py:840} INFO - DAG(s) 'example_short_circuit_decorator' retrieved from /home/muhammadsami/Public/Projects/Airflow/DataPipelineswithApacheAirflow/.env/lib/python3.8/site-packages/airflow/example_dags/example_short_circuit_decorator.py
[2024-03-16T11:55:54.930+0500] {logging_mixin.py:188} INFO - [2024-03-16T11:55:54.930+0500] {dag.py:3047} INFO - Sync 1 DAGs
[2024-03-16T11:55:54.950+0500] {logging_mixin.py:188} INFO - [2024-03-16T11:55:54.950+0500] {dag.py:3834} INFO - Setting next_dagrun for example_short_circuit_decorator to 2024-03-15 00:00:00+00:00, run_after=2024-03-16 00:00:00+00:00
[2024-03-16T11:55:55.067+0500] {processor.py:183} INFO - Processing /home/muhammadsami/Public/Projects/Airflow/DataPipelineswithApacheAirflow/.env/lib/python3.8/site-packages/airflow/example_dags/example_short_circuit_decorator.py took 0.170 seconds
[2024-03-16T11:56:44.712+0500] {processor.py:161} INFO - Started process (PID=21963) to work on /home/muhammadsami/Public/Projects/Airflow/DataPipelineswithApacheAirflow/.env/lib/python3.8/site-packages/airflow/example_dags/example_short_circuit_decorator.py
[2024-03-16T11:56:44.714+0500] {processor.py:830} INFO - Processing file /home/muhammadsami/Public/Projects/Airflow/DataPipelineswithApacheAirflow/.env/lib/python3.8/site-packages/airflow/example_dags/example_short_circuit_decorator.py for tasks to queue
[2024-03-16T11:56:44.715+0500] {logging_mixin.py:188} INFO - [2024-03-16T11:56:44.714+0500] {dagbag.py:540} INFO - Filling up the DagBag from /home/muhammadsami/Public/Projects/Airflow/DataPipelineswithApacheAirflow/.env/lib/python3.8/site-packages/airflow/example_dags/example_short_circuit_decorator.py
[2024-03-16T11:56:44.724+0500] {processor.py:840} INFO - DAG(s) 'example_short_circuit_decorator' retrieved from /home/muhammadsami/Public/Projects/Airflow/DataPipelineswithApacheAirflow/.env/lib/python3.8/site-packages/airflow/example_dags/example_short_circuit_decorator.py
[2024-03-16T11:56:44.742+0500] {logging_mixin.py:188} INFO - [2024-03-16T11:56:44.742+0500] {dag.py:3047} INFO - Sync 1 DAGs
[2024-03-16T11:56:44.765+0500] {logging_mixin.py:188} INFO - [2024-03-16T11:56:44.764+0500] {dag.py:3834} INFO - Setting next_dagrun for example_short_circuit_decorator to 2024-03-15 00:00:00+00:00, run_after=2024-03-16 00:00:00+00:00
[2024-03-16T11:56:44.934+0500] {processor.py:183} INFO - Processing /home/muhammadsami/Public/Projects/Airflow/DataPipelineswithApacheAirflow/.env/lib/python3.8/site-packages/airflow/example_dags/example_short_circuit_decorator.py took 0.224 seconds
[2024-03-16T11:57:36.723+0500] {processor.py:161} INFO - Started process (PID=22016) to work on /home/muhammadsami/Public/Projects/Airflow/DataPipelineswithApacheAirflow/.env/lib/python3.8/site-packages/airflow/example_dags/example_short_circuit_decorator.py
[2024-03-16T11:57:36.724+0500] {processor.py:830} INFO - Processing file /home/muhammadsami/Public/Projects/Airflow/DataPipelineswithApacheAirflow/.env/lib/python3.8/site-packages/airflow/example_dags/example_short_circuit_decorator.py for tasks to queue
[2024-03-16T11:57:36.725+0500] {logging_mixin.py:188} INFO - [2024-03-16T11:57:36.725+0500] {dagbag.py:540} INFO - Filling up the DagBag from /home/muhammadsami/Public/Projects/Airflow/DataPipelineswithApacheAirflow/.env/lib/python3.8/site-packages/airflow/example_dags/example_short_circuit_decorator.py
[2024-03-16T11:57:36.733+0500] {processor.py:840} INFO - DAG(s) 'example_short_circuit_decorator' retrieved from /home/muhammadsami/Public/Projects/Airflow/DataPipelineswithApacheAirflow/.env/lib/python3.8/site-packages/airflow/example_dags/example_short_circuit_decorator.py
[2024-03-16T11:57:36.748+0500] {logging_mixin.py:188} INFO - [2024-03-16T11:57:36.748+0500] {dag.py:3047} INFO - Sync 1 DAGs
[2024-03-16T11:57:36.765+0500] {logging_mixin.py:188} INFO - [2024-03-16T11:57:36.765+0500] {dag.py:3834} INFO - Setting next_dagrun for example_short_circuit_decorator to 2024-03-15 00:00:00+00:00, run_after=2024-03-16 00:00:00+00:00
[2024-03-16T11:57:36.857+0500] {processor.py:183} INFO - Processing /home/muhammadsami/Public/Projects/Airflow/DataPipelineswithApacheAirflow/.env/lib/python3.8/site-packages/airflow/example_dags/example_short_circuit_decorator.py took 0.136 seconds
[2024-03-16T11:58:28.444+0500] {processor.py:161} INFO - Started process (PID=22118) to work on /home/muhammadsami/Public/Projects/Airflow/DataPipelineswithApacheAirflow/.env/lib/python3.8/site-packages/airflow/example_dags/example_short_circuit_decorator.py
[2024-03-16T11:58:28.446+0500] {processor.py:830} INFO - Processing file /home/muhammadsami/Public/Projects/Airflow/DataPipelineswithApacheAirflow/.env/lib/python3.8/site-packages/airflow/example_dags/example_short_circuit_decorator.py for tasks to queue
[2024-03-16T11:58:28.446+0500] {logging_mixin.py:188} INFO - [2024-03-16T11:58:28.446+0500] {dagbag.py:540} INFO - Filling up the DagBag from /home/muhammadsami/Public/Projects/Airflow/DataPipelineswithApacheAirflow/.env/lib/python3.8/site-packages/airflow/example_dags/example_short_circuit_decorator.py
[2024-03-16T11:58:28.455+0500] {processor.py:840} INFO - DAG(s) 'example_short_circuit_decorator' retrieved from /home/muhammadsami/Public/Projects/Airflow/DataPipelineswithApacheAirflow/.env/lib/python3.8/site-packages/airflow/example_dags/example_short_circuit_decorator.py
[2024-03-16T11:58:28.471+0500] {logging_mixin.py:188} INFO - [2024-03-16T11:58:28.471+0500] {dag.py:3047} INFO - Sync 1 DAGs
[2024-03-16T11:58:28.489+0500] {logging_mixin.py:188} INFO - [2024-03-16T11:58:28.489+0500] {dag.py:3834} INFO - Setting next_dagrun for example_short_circuit_decorator to 2024-03-15 00:00:00+00:00, run_after=2024-03-16 00:00:00+00:00
[2024-03-16T11:58:28.593+0500] {processor.py:183} INFO - Processing /home/muhammadsami/Public/Projects/Airflow/DataPipelineswithApacheAirflow/.env/lib/python3.8/site-packages/airflow/example_dags/example_short_circuit_decorator.py took 0.151 seconds
[2024-03-16T11:59:16.529+0500] {processor.py:161} INFO - Started process (PID=22198) to work on /home/muhammadsami/Public/Projects/Airflow/DataPipelineswithApacheAirflow/.env/lib/python3.8/site-packages/airflow/example_dags/example_short_circuit_decorator.py
[2024-03-16T11:59:16.530+0500] {processor.py:830} INFO - Processing file /home/muhammadsami/Public/Projects/Airflow/DataPipelineswithApacheAirflow/.env/lib/python3.8/site-packages/airflow/example_dags/example_short_circuit_decorator.py for tasks to queue
[2024-03-16T11:59:16.531+0500] {logging_mixin.py:188} INFO - [2024-03-16T11:59:16.531+0500] {dagbag.py:540} INFO - Filling up the DagBag from /home/muhammadsami/Public/Projects/Airflow/DataPipelineswithApacheAirflow/.env/lib/python3.8/site-packages/airflow/example_dags/example_short_circuit_decorator.py
[2024-03-16T11:59:16.542+0500] {processor.py:840} INFO - DAG(s) 'example_short_circuit_decorator' retrieved from /home/muhammadsami/Public/Projects/Airflow/DataPipelineswithApacheAirflow/.env/lib/python3.8/site-packages/airflow/example_dags/example_short_circuit_decorator.py
[2024-03-16T11:59:16.558+0500] {logging_mixin.py:188} INFO - [2024-03-16T11:59:16.558+0500] {dag.py:3047} INFO - Sync 1 DAGs
[2024-03-16T11:59:16.576+0500] {logging_mixin.py:188} INFO - [2024-03-16T11:59:16.576+0500] {dag.py:3834} INFO - Setting next_dagrun for example_short_circuit_decorator to 2024-03-15 00:00:00+00:00, run_after=2024-03-16 00:00:00+00:00
[2024-03-16T11:59:16.709+0500] {processor.py:183} INFO - Processing /home/muhammadsami/Public/Projects/Airflow/DataPipelineswithApacheAirflow/.env/lib/python3.8/site-packages/airflow/example_dags/example_short_circuit_decorator.py took 0.183 seconds
[2024-03-16T12:00:08.544+0500] {processor.py:161} INFO - Started process (PID=22312) to work on /home/muhammadsami/Public/Projects/Airflow/DataPipelineswithApacheAirflow/.env/lib/python3.8/site-packages/airflow/example_dags/example_short_circuit_decorator.py
[2024-03-16T12:00:08.565+0500] {processor.py:830} INFO - Processing file /home/muhammadsami/Public/Projects/Airflow/DataPipelineswithApacheAirflow/.env/lib/python3.8/site-packages/airflow/example_dags/example_short_circuit_decorator.py for tasks to queue
[2024-03-16T12:00:08.566+0500] {logging_mixin.py:188} INFO - [2024-03-16T12:00:08.566+0500] {dagbag.py:540} INFO - Filling up the DagBag from /home/muhammadsami/Public/Projects/Airflow/DataPipelineswithApacheAirflow/.env/lib/python3.8/site-packages/airflow/example_dags/example_short_circuit_decorator.py
[2024-03-16T12:00:08.575+0500] {processor.py:840} INFO - DAG(s) 'example_short_circuit_decorator' retrieved from /home/muhammadsami/Public/Projects/Airflow/DataPipelineswithApacheAirflow/.env/lib/python3.8/site-packages/airflow/example_dags/example_short_circuit_decorator.py
[2024-03-16T12:00:08.590+0500] {logging_mixin.py:188} INFO - [2024-03-16T12:00:08.590+0500] {dag.py:3047} INFO - Sync 1 DAGs
[2024-03-16T12:00:08.611+0500] {logging_mixin.py:188} INFO - [2024-03-16T12:00:08.611+0500] {dag.py:3834} INFO - Setting next_dagrun for example_short_circuit_decorator to 2024-03-15 00:00:00+00:00, run_after=2024-03-16 00:00:00+00:00
[2024-03-16T12:00:08.960+0500] {processor.py:183} INFO - Processing /home/muhammadsami/Public/Projects/Airflow/DataPipelineswithApacheAirflow/.env/lib/python3.8/site-packages/airflow/example_dags/example_short_circuit_decorator.py took 0.419 seconds
[2024-03-16T12:01:03.166+0500] {processor.py:161} INFO - Started process (PID=22365) to work on /home/muhammadsami/Public/Projects/Airflow/DataPipelineswithApacheAirflow/.env/lib/python3.8/site-packages/airflow/example_dags/example_short_circuit_decorator.py
[2024-03-16T12:01:03.168+0500] {processor.py:830} INFO - Processing file /home/muhammadsami/Public/Projects/Airflow/DataPipelineswithApacheAirflow/.env/lib/python3.8/site-packages/airflow/example_dags/example_short_circuit_decorator.py for tasks to queue
[2024-03-16T12:01:03.169+0500] {logging_mixin.py:188} INFO - [2024-03-16T12:01:03.168+0500] {dagbag.py:540} INFO - Filling up the DagBag from /home/muhammadsami/Public/Projects/Airflow/DataPipelineswithApacheAirflow/.env/lib/python3.8/site-packages/airflow/example_dags/example_short_circuit_decorator.py
[2024-03-16T12:01:03.178+0500] {processor.py:840} INFO - DAG(s) 'example_short_circuit_decorator' retrieved from /home/muhammadsami/Public/Projects/Airflow/DataPipelineswithApacheAirflow/.env/lib/python3.8/site-packages/airflow/example_dags/example_short_circuit_decorator.py
[2024-03-16T12:01:03.192+0500] {logging_mixin.py:188} INFO - [2024-03-16T12:01:03.192+0500] {dag.py:3047} INFO - Sync 1 DAGs
[2024-03-16T12:01:03.209+0500] {logging_mixin.py:188} INFO - [2024-03-16T12:01:03.209+0500] {dag.py:3834} INFO - Setting next_dagrun for example_short_circuit_decorator to 2024-03-15 00:00:00+00:00, run_after=2024-03-16 00:00:00+00:00
[2024-03-16T12:01:03.306+0500] {processor.py:183} INFO - Processing /home/muhammadsami/Public/Projects/Airflow/DataPipelineswithApacheAirflow/.env/lib/python3.8/site-packages/airflow/example_dags/example_short_circuit_decorator.py took 0.143 seconds
