[2024-03-16T11:22:34.621+0500] {processor.py:161} INFO - Started process (PID=18065) to work on /home/muhammadsami/Public/Projects/Airflow/DataPipelineswithApacheAirflow/.env/lib/python3.8/site-packages/airflow/example_dags/example_sensor_decorator.py
[2024-03-16T11:22:34.623+0500] {processor.py:830} INFO - Processing file /home/muhammadsami/Public/Projects/Airflow/DataPipelineswithApacheAirflow/.env/lib/python3.8/site-packages/airflow/example_dags/example_sensor_decorator.py for tasks to queue
[2024-03-16T11:22:34.624+0500] {logging_mixin.py:188} INFO - [2024-03-16T11:22:34.624+0500] {dagbag.py:540} INFO - Filling up the DagBag from /home/muhammadsami/Public/Projects/Airflow/DataPipelineswithApacheAirflow/.env/lib/python3.8/site-packages/airflow/example_dags/example_sensor_decorator.py
[2024-03-16T11:22:34.639+0500] {processor.py:840} INFO - DAG(s) 'example_sensor_decorator' retrieved from /home/muhammadsami/Public/Projects/Airflow/DataPipelineswithApacheAirflow/.env/lib/python3.8/site-packages/airflow/example_dags/example_sensor_decorator.py
[2024-03-16T11:22:35.056+0500] {logging_mixin.py:188} INFO - [2024-03-16T11:22:35.055+0500] {override.py:1769} INFO - Created Permission View: can edit on DAG:example_sensor_decorator
[2024-03-16T11:22:35.163+0500] {logging_mixin.py:188} INFO - [2024-03-16T11:22:35.162+0500] {override.py:1769} INFO - Created Permission View: can delete on DAG:example_sensor_decorator
[2024-03-16T11:22:35.262+0500] {logging_mixin.py:188} INFO - [2024-03-16T11:22:35.261+0500] {override.py:1769} INFO - Created Permission View: can read on DAG:example_sensor_decorator
[2024-03-16T11:22:35.262+0500] {logging_mixin.py:188} INFO - [2024-03-16T11:22:35.262+0500] {dag.py:3047} INFO - Sync 1 DAGs
[2024-03-16T11:22:35.397+0500] {logging_mixin.py:188} INFO - [2024-03-16T11:22:35.397+0500] {dag.py:3069} INFO - Creating ORM DAG for example_sensor_decorator
[2024-03-16T11:22:35.398+0500] {logging_mixin.py:188} INFO - [2024-03-16T11:22:35.398+0500] {dag.py:3834} INFO - Setting next_dagrun for example_sensor_decorator to None, run_after=None
[2024-03-16T11:22:35.620+0500] {processor.py:183} INFO - Processing /home/muhammadsami/Public/Projects/Airflow/DataPipelineswithApacheAirflow/.env/lib/python3.8/site-packages/airflow/example_dags/example_sensor_decorator.py took 1.003 seconds
[2024-03-16T11:24:01.364+0500] {processor.py:161} INFO - Started process (PID=18453) to work on /home/muhammadsami/Public/Projects/Airflow/DataPipelineswithApacheAirflow/.env/lib/python3.8/site-packages/airflow/example_dags/example_sensor_decorator.py
[2024-03-16T11:24:01.410+0500] {processor.py:830} INFO - Processing file /home/muhammadsami/Public/Projects/Airflow/DataPipelineswithApacheAirflow/.env/lib/python3.8/site-packages/airflow/example_dags/example_sensor_decorator.py for tasks to queue
[2024-03-16T11:24:01.411+0500] {logging_mixin.py:188} INFO - [2024-03-16T11:24:01.411+0500] {dagbag.py:540} INFO - Filling up the DagBag from /home/muhammadsami/Public/Projects/Airflow/DataPipelineswithApacheAirflow/.env/lib/python3.8/site-packages/airflow/example_dags/example_sensor_decorator.py
[2024-03-16T11:24:01.416+0500] {processor.py:840} INFO - DAG(s) 'example_sensor_decorator' retrieved from /home/muhammadsami/Public/Projects/Airflow/DataPipelineswithApacheAirflow/.env/lib/python3.8/site-packages/airflow/example_dags/example_sensor_decorator.py
[2024-03-16T11:24:01.428+0500] {logging_mixin.py:188} INFO - [2024-03-16T11:24:01.428+0500] {dag.py:3047} INFO - Sync 1 DAGs
[2024-03-16T11:24:01.437+0500] {logging_mixin.py:188} INFO - [2024-03-16T11:24:01.437+0500] {dag.py:3834} INFO - Setting next_dagrun for example_sensor_decorator to None, run_after=None
[2024-03-16T11:24:01.550+0500] {processor.py:183} INFO - Processing /home/muhammadsami/Public/Projects/Airflow/DataPipelineswithApacheAirflow/.env/lib/python3.8/site-packages/airflow/example_dags/example_sensor_decorator.py took 0.189 seconds
[2024-03-16T11:24:58.415+0500] {processor.py:161} INFO - Started process (PID=18585) to work on /home/muhammadsami/Public/Projects/Airflow/DataPipelineswithApacheAirflow/.env/lib/python3.8/site-packages/airflow/example_dags/example_sensor_decorator.py
[2024-03-16T11:24:58.433+0500] {processor.py:830} INFO - Processing file /home/muhammadsami/Public/Projects/Airflow/DataPipelineswithApacheAirflow/.env/lib/python3.8/site-packages/airflow/example_dags/example_sensor_decorator.py for tasks to queue
[2024-03-16T11:24:58.434+0500] {logging_mixin.py:188} INFO - [2024-03-16T11:24:58.433+0500] {dagbag.py:540} INFO - Filling up the DagBag from /home/muhammadsami/Public/Projects/Airflow/DataPipelineswithApacheAirflow/.env/lib/python3.8/site-packages/airflow/example_dags/example_sensor_decorator.py
[2024-03-16T11:24:58.439+0500] {processor.py:840} INFO - DAG(s) 'example_sensor_decorator' retrieved from /home/muhammadsami/Public/Projects/Airflow/DataPipelineswithApacheAirflow/.env/lib/python3.8/site-packages/airflow/example_dags/example_sensor_decorator.py
[2024-03-16T11:24:58.451+0500] {logging_mixin.py:188} INFO - [2024-03-16T11:24:58.451+0500] {dag.py:3047} INFO - Sync 1 DAGs
[2024-03-16T11:24:58.461+0500] {logging_mixin.py:188} INFO - [2024-03-16T11:24:58.461+0500] {dag.py:3834} INFO - Setting next_dagrun for example_sensor_decorator to None, run_after=None
[2024-03-16T11:24:58.565+0500] {processor.py:183} INFO - Processing /home/muhammadsami/Public/Projects/Airflow/DataPipelineswithApacheAirflow/.env/lib/python3.8/site-packages/airflow/example_dags/example_sensor_decorator.py took 0.153 seconds
[2024-03-16T11:25:49.667+0500] {processor.py:161} INFO - Started process (PID=18651) to work on /home/muhammadsami/Public/Projects/Airflow/DataPipelineswithApacheAirflow/.env/lib/python3.8/site-packages/airflow/example_dags/example_sensor_decorator.py
[2024-03-16T11:25:49.669+0500] {processor.py:830} INFO - Processing file /home/muhammadsami/Public/Projects/Airflow/DataPipelineswithApacheAirflow/.env/lib/python3.8/site-packages/airflow/example_dags/example_sensor_decorator.py for tasks to queue
[2024-03-16T11:25:49.670+0500] {logging_mixin.py:188} INFO - [2024-03-16T11:25:49.669+0500] {dagbag.py:540} INFO - Filling up the DagBag from /home/muhammadsami/Public/Projects/Airflow/DataPipelineswithApacheAirflow/.env/lib/python3.8/site-packages/airflow/example_dags/example_sensor_decorator.py
[2024-03-16T11:25:49.681+0500] {processor.py:840} INFO - DAG(s) 'example_sensor_decorator' retrieved from /home/muhammadsami/Public/Projects/Airflow/DataPipelineswithApacheAirflow/.env/lib/python3.8/site-packages/airflow/example_dags/example_sensor_decorator.py
[2024-03-16T11:25:49.700+0500] {logging_mixin.py:188} INFO - [2024-03-16T11:25:49.700+0500] {dag.py:3047} INFO - Sync 1 DAGs
[2024-03-16T11:25:49.714+0500] {logging_mixin.py:188} INFO - [2024-03-16T11:25:49.713+0500] {dag.py:3834} INFO - Setting next_dagrun for example_sensor_decorator to None, run_after=None
[2024-03-16T11:25:49.812+0500] {processor.py:183} INFO - Processing /home/muhammadsami/Public/Projects/Airflow/DataPipelineswithApacheAirflow/.env/lib/python3.8/site-packages/airflow/example_dags/example_sensor_decorator.py took 0.150 seconds
[2024-03-16T11:26:40.593+0500] {processor.py:161} INFO - Started process (PID=18733) to work on /home/muhammadsami/Public/Projects/Airflow/DataPipelineswithApacheAirflow/.env/lib/python3.8/site-packages/airflow/example_dags/example_sensor_decorator.py
[2024-03-16T11:26:40.602+0500] {processor.py:830} INFO - Processing file /home/muhammadsami/Public/Projects/Airflow/DataPipelineswithApacheAirflow/.env/lib/python3.8/site-packages/airflow/example_dags/example_sensor_decorator.py for tasks to queue
[2024-03-16T11:26:40.604+0500] {logging_mixin.py:188} INFO - [2024-03-16T11:26:40.604+0500] {dagbag.py:540} INFO - Filling up the DagBag from /home/muhammadsami/Public/Projects/Airflow/DataPipelineswithApacheAirflow/.env/lib/python3.8/site-packages/airflow/example_dags/example_sensor_decorator.py
[2024-03-16T11:26:40.612+0500] {processor.py:840} INFO - DAG(s) 'example_sensor_decorator' retrieved from /home/muhammadsami/Public/Projects/Airflow/DataPipelineswithApacheAirflow/.env/lib/python3.8/site-packages/airflow/example_dags/example_sensor_decorator.py
[2024-03-16T11:26:40.631+0500] {logging_mixin.py:188} INFO - [2024-03-16T11:26:40.631+0500] {dag.py:3047} INFO - Sync 1 DAGs
[2024-03-16T11:26:40.649+0500] {logging_mixin.py:188} INFO - [2024-03-16T11:26:40.649+0500] {dag.py:3834} INFO - Setting next_dagrun for example_sensor_decorator to None, run_after=None
[2024-03-16T11:26:40.754+0500] {processor.py:183} INFO - Processing /home/muhammadsami/Public/Projects/Airflow/DataPipelineswithApacheAirflow/.env/lib/python3.8/site-packages/airflow/example_dags/example_sensor_decorator.py took 0.166 seconds
[2024-03-16T11:27:31.292+0500] {processor.py:161} INFO - Started process (PID=18785) to work on /home/muhammadsami/Public/Projects/Airflow/DataPipelineswithApacheAirflow/.env/lib/python3.8/site-packages/airflow/example_dags/example_sensor_decorator.py
[2024-03-16T11:27:31.294+0500] {processor.py:830} INFO - Processing file /home/muhammadsami/Public/Projects/Airflow/DataPipelineswithApacheAirflow/.env/lib/python3.8/site-packages/airflow/example_dags/example_sensor_decorator.py for tasks to queue
[2024-03-16T11:27:31.295+0500] {logging_mixin.py:188} INFO - [2024-03-16T11:27:31.294+0500] {dagbag.py:540} INFO - Filling up the DagBag from /home/muhammadsami/Public/Projects/Airflow/DataPipelineswithApacheAirflow/.env/lib/python3.8/site-packages/airflow/example_dags/example_sensor_decorator.py
[2024-03-16T11:27:31.301+0500] {processor.py:840} INFO - DAG(s) 'example_sensor_decorator' retrieved from /home/muhammadsami/Public/Projects/Airflow/DataPipelineswithApacheAirflow/.env/lib/python3.8/site-packages/airflow/example_dags/example_sensor_decorator.py
[2024-03-16T11:27:31.314+0500] {logging_mixin.py:188} INFO - [2024-03-16T11:27:31.314+0500] {dag.py:3047} INFO - Sync 1 DAGs
[2024-03-16T11:27:31.324+0500] {logging_mixin.py:188} INFO - [2024-03-16T11:27:31.324+0500] {dag.py:3834} INFO - Setting next_dagrun for example_sensor_decorator to None, run_after=None
[2024-03-16T11:27:31.423+0500] {processor.py:183} INFO - Processing /home/muhammadsami/Public/Projects/Airflow/DataPipelineswithApacheAirflow/.env/lib/python3.8/site-packages/airflow/example_dags/example_sensor_decorator.py took 0.133 seconds
[2024-03-16T11:28:17.349+0500] {processor.py:161} INFO - Started process (PID=18829) to work on /home/muhammadsami/Public/Projects/Airflow/DataPipelineswithApacheAirflow/.env/lib/python3.8/site-packages/airflow/example_dags/example_sensor_decorator.py
[2024-03-16T11:28:17.350+0500] {processor.py:830} INFO - Processing file /home/muhammadsami/Public/Projects/Airflow/DataPipelineswithApacheAirflow/.env/lib/python3.8/site-packages/airflow/example_dags/example_sensor_decorator.py for tasks to queue
[2024-03-16T11:28:17.351+0500] {logging_mixin.py:188} INFO - [2024-03-16T11:28:17.351+0500] {dagbag.py:540} INFO - Filling up the DagBag from /home/muhammadsami/Public/Projects/Airflow/DataPipelineswithApacheAirflow/.env/lib/python3.8/site-packages/airflow/example_dags/example_sensor_decorator.py
[2024-03-16T11:28:17.358+0500] {processor.py:840} INFO - DAG(s) 'example_sensor_decorator' retrieved from /home/muhammadsami/Public/Projects/Airflow/DataPipelineswithApacheAirflow/.env/lib/python3.8/site-packages/airflow/example_dags/example_sensor_decorator.py
[2024-03-16T11:28:17.370+0500] {logging_mixin.py:188} INFO - [2024-03-16T11:28:17.370+0500] {dag.py:3047} INFO - Sync 1 DAGs
[2024-03-16T11:28:17.380+0500] {logging_mixin.py:188} INFO - [2024-03-16T11:28:17.380+0500] {dag.py:3834} INFO - Setting next_dagrun for example_sensor_decorator to None, run_after=None
[2024-03-16T11:28:17.497+0500] {processor.py:183} INFO - Processing /home/muhammadsami/Public/Projects/Airflow/DataPipelineswithApacheAirflow/.env/lib/python3.8/site-packages/airflow/example_dags/example_sensor_decorator.py took 0.150 seconds
[2024-03-16T11:29:05.017+0500] {processor.py:161} INFO - Started process (PID=18896) to work on /home/muhammadsami/Public/Projects/Airflow/DataPipelineswithApacheAirflow/.env/lib/python3.8/site-packages/airflow/example_dags/example_sensor_decorator.py
[2024-03-16T11:29:05.018+0500] {processor.py:830} INFO - Processing file /home/muhammadsami/Public/Projects/Airflow/DataPipelineswithApacheAirflow/.env/lib/python3.8/site-packages/airflow/example_dags/example_sensor_decorator.py for tasks to queue
[2024-03-16T11:29:05.019+0500] {logging_mixin.py:188} INFO - [2024-03-16T11:29:05.019+0500] {dagbag.py:540} INFO - Filling up the DagBag from /home/muhammadsami/Public/Projects/Airflow/DataPipelineswithApacheAirflow/.env/lib/python3.8/site-packages/airflow/example_dags/example_sensor_decorator.py
[2024-03-16T11:29:05.026+0500] {processor.py:840} INFO - DAG(s) 'example_sensor_decorator' retrieved from /home/muhammadsami/Public/Projects/Airflow/DataPipelineswithApacheAirflow/.env/lib/python3.8/site-packages/airflow/example_dags/example_sensor_decorator.py
[2024-03-16T11:29:05.040+0500] {logging_mixin.py:188} INFO - [2024-03-16T11:29:05.039+0500] {dag.py:3047} INFO - Sync 1 DAGs
[2024-03-16T11:29:05.051+0500] {logging_mixin.py:188} INFO - [2024-03-16T11:29:05.050+0500] {dag.py:3834} INFO - Setting next_dagrun for example_sensor_decorator to None, run_after=None
[2024-03-16T11:29:05.327+0500] {processor.py:183} INFO - Processing /home/muhammadsami/Public/Projects/Airflow/DataPipelineswithApacheAirflow/.env/lib/python3.8/site-packages/airflow/example_dags/example_sensor_decorator.py took 0.313 seconds
[2024-03-16T11:29:54.683+0500] {processor.py:161} INFO - Started process (PID=18949) to work on /home/muhammadsami/Public/Projects/Airflow/DataPipelineswithApacheAirflow/.env/lib/python3.8/site-packages/airflow/example_dags/example_sensor_decorator.py
[2024-03-16T11:29:54.694+0500] {processor.py:830} INFO - Processing file /home/muhammadsami/Public/Projects/Airflow/DataPipelineswithApacheAirflow/.env/lib/python3.8/site-packages/airflow/example_dags/example_sensor_decorator.py for tasks to queue
[2024-03-16T11:29:54.695+0500] {logging_mixin.py:188} INFO - [2024-03-16T11:29:54.694+0500] {dagbag.py:540} INFO - Filling up the DagBag from /home/muhammadsami/Public/Projects/Airflow/DataPipelineswithApacheAirflow/.env/lib/python3.8/site-packages/airflow/example_dags/example_sensor_decorator.py
[2024-03-16T11:29:54.699+0500] {processor.py:840} INFO - DAG(s) 'example_sensor_decorator' retrieved from /home/muhammadsami/Public/Projects/Airflow/DataPipelineswithApacheAirflow/.env/lib/python3.8/site-packages/airflow/example_dags/example_sensor_decorator.py
[2024-03-16T11:29:54.712+0500] {logging_mixin.py:188} INFO - [2024-03-16T11:29:54.712+0500] {dag.py:3047} INFO - Sync 1 DAGs
[2024-03-16T11:29:54.722+0500] {logging_mixin.py:188} INFO - [2024-03-16T11:29:54.722+0500] {dag.py:3834} INFO - Setting next_dagrun for example_sensor_decorator to None, run_after=None
[2024-03-16T11:29:54.818+0500] {processor.py:183} INFO - Processing /home/muhammadsami/Public/Projects/Airflow/DataPipelineswithApacheAirflow/.env/lib/python3.8/site-packages/airflow/example_dags/example_sensor_decorator.py took 0.137 seconds
[2024-03-16T11:30:46.993+0500] {processor.py:161} INFO - Started process (PID=19012) to work on /home/muhammadsami/Public/Projects/Airflow/DataPipelineswithApacheAirflow/.env/lib/python3.8/site-packages/airflow/example_dags/example_sensor_decorator.py
[2024-03-16T11:30:46.994+0500] {processor.py:830} INFO - Processing file /home/muhammadsami/Public/Projects/Airflow/DataPipelineswithApacheAirflow/.env/lib/python3.8/site-packages/airflow/example_dags/example_sensor_decorator.py for tasks to queue
[2024-03-16T11:30:46.995+0500] {logging_mixin.py:188} INFO - [2024-03-16T11:30:46.995+0500] {dagbag.py:540} INFO - Filling up the DagBag from /home/muhammadsami/Public/Projects/Airflow/DataPipelineswithApacheAirflow/.env/lib/python3.8/site-packages/airflow/example_dags/example_sensor_decorator.py
[2024-03-16T11:30:47.003+0500] {processor.py:840} INFO - DAG(s) 'example_sensor_decorator' retrieved from /home/muhammadsami/Public/Projects/Airflow/DataPipelineswithApacheAirflow/.env/lib/python3.8/site-packages/airflow/example_dags/example_sensor_decorator.py
[2024-03-16T11:30:47.016+0500] {logging_mixin.py:188} INFO - [2024-03-16T11:30:47.016+0500] {dag.py:3047} INFO - Sync 1 DAGs
[2024-03-16T11:30:47.026+0500] {logging_mixin.py:188} INFO - [2024-03-16T11:30:47.026+0500] {dag.py:3834} INFO - Setting next_dagrun for example_sensor_decorator to None, run_after=None
[2024-03-16T11:30:47.138+0500] {processor.py:183} INFO - Processing /home/muhammadsami/Public/Projects/Airflow/DataPipelineswithApacheAirflow/.env/lib/python3.8/site-packages/airflow/example_dags/example_sensor_decorator.py took 0.148 seconds
[2024-03-16T11:38:53.020+0500] {processor.py:161} INFO - Started process (PID=19546) to work on /home/muhammadsami/Public/Projects/Airflow/DataPipelineswithApacheAirflow/.env/lib/python3.8/site-packages/airflow/example_dags/example_sensor_decorator.py
[2024-03-16T11:38:53.021+0500] {processor.py:830} INFO - Processing file /home/muhammadsami/Public/Projects/Airflow/DataPipelineswithApacheAirflow/.env/lib/python3.8/site-packages/airflow/example_dags/example_sensor_decorator.py for tasks to queue
[2024-03-16T11:38:53.022+0500] {logging_mixin.py:188} INFO - [2024-03-16T11:38:53.022+0500] {dagbag.py:540} INFO - Filling up the DagBag from /home/muhammadsami/Public/Projects/Airflow/DataPipelineswithApacheAirflow/.env/lib/python3.8/site-packages/airflow/example_dags/example_sensor_decorator.py
[2024-03-16T11:38:53.028+0500] {processor.py:840} INFO - DAG(s) 'example_sensor_decorator' retrieved from /home/muhammadsami/Public/Projects/Airflow/DataPipelineswithApacheAirflow/.env/lib/python3.8/site-packages/airflow/example_dags/example_sensor_decorator.py
[2024-03-16T11:38:53.042+0500] {logging_mixin.py:188} INFO - [2024-03-16T11:38:53.042+0500] {dag.py:3047} INFO - Sync 1 DAGs
[2024-03-16T11:38:53.052+0500] {logging_mixin.py:188} INFO - [2024-03-16T11:38:53.051+0500] {dag.py:3834} INFO - Setting next_dagrun for example_sensor_decorator to None, run_after=None
[2024-03-16T11:38:53.155+0500] {processor.py:183} INFO - Processing /home/muhammadsami/Public/Projects/Airflow/DataPipelineswithApacheAirflow/.env/lib/python3.8/site-packages/airflow/example_dags/example_sensor_decorator.py took 0.137 seconds
[2024-03-16T11:39:56.996+0500] {processor.py:161} INFO - Started process (PID=19856) to work on /home/muhammadsami/Public/Projects/Airflow/DataPipelineswithApacheAirflow/.env/lib/python3.8/site-packages/airflow/example_dags/example_sensor_decorator.py
[2024-03-16T11:39:57.012+0500] {processor.py:830} INFO - Processing file /home/muhammadsami/Public/Projects/Airflow/DataPipelineswithApacheAirflow/.env/lib/python3.8/site-packages/airflow/example_dags/example_sensor_decorator.py for tasks to queue
[2024-03-16T11:39:57.014+0500] {logging_mixin.py:188} INFO - [2024-03-16T11:39:57.013+0500] {dagbag.py:540} INFO - Filling up the DagBag from /home/muhammadsami/Public/Projects/Airflow/DataPipelineswithApacheAirflow/.env/lib/python3.8/site-packages/airflow/example_dags/example_sensor_decorator.py
[2024-03-16T11:39:57.030+0500] {processor.py:840} INFO - DAG(s) 'example_sensor_decorator' retrieved from /home/muhammadsami/Public/Projects/Airflow/DataPipelineswithApacheAirflow/.env/lib/python3.8/site-packages/airflow/example_dags/example_sensor_decorator.py
[2024-03-16T11:39:57.153+0500] {logging_mixin.py:188} INFO - [2024-03-16T11:39:57.153+0500] {dag.py:3047} INFO - Sync 1 DAGs
[2024-03-16T11:39:57.279+0500] {logging_mixin.py:188} INFO - [2024-03-16T11:39:57.278+0500] {dag.py:3834} INFO - Setting next_dagrun for example_sensor_decorator to None, run_after=None
[2024-03-16T11:39:57.392+0500] {processor.py:183} INFO - Processing /home/muhammadsami/Public/Projects/Airflow/DataPipelineswithApacheAirflow/.env/lib/python3.8/site-packages/airflow/example_dags/example_sensor_decorator.py took 0.400 seconds
[2024-03-16T11:41:10.091+0500] {processor.py:161} INFO - Started process (PID=20160) to work on /home/muhammadsami/Public/Projects/Airflow/DataPipelineswithApacheAirflow/.env/lib/python3.8/site-packages/airflow/example_dags/example_sensor_decorator.py
[2024-03-16T11:41:10.104+0500] {processor.py:830} INFO - Processing file /home/muhammadsami/Public/Projects/Airflow/DataPipelineswithApacheAirflow/.env/lib/python3.8/site-packages/airflow/example_dags/example_sensor_decorator.py for tasks to queue
[2024-03-16T11:41:10.105+0500] {logging_mixin.py:188} INFO - [2024-03-16T11:41:10.104+0500] {dagbag.py:540} INFO - Filling up the DagBag from /home/muhammadsami/Public/Projects/Airflow/DataPipelineswithApacheAirflow/.env/lib/python3.8/site-packages/airflow/example_dags/example_sensor_decorator.py
[2024-03-16T11:41:10.111+0500] {processor.py:840} INFO - DAG(s) 'example_sensor_decorator' retrieved from /home/muhammadsami/Public/Projects/Airflow/DataPipelineswithApacheAirflow/.env/lib/python3.8/site-packages/airflow/example_dags/example_sensor_decorator.py
[2024-03-16T11:41:10.127+0500] {logging_mixin.py:188} INFO - [2024-03-16T11:41:10.127+0500] {dag.py:3047} INFO - Sync 1 DAGs
[2024-03-16T11:41:10.140+0500] {logging_mixin.py:188} INFO - [2024-03-16T11:41:10.139+0500] {dag.py:3834} INFO - Setting next_dagrun for example_sensor_decorator to None, run_after=None
[2024-03-16T11:41:10.231+0500] {processor.py:183} INFO - Processing /home/muhammadsami/Public/Projects/Airflow/DataPipelineswithApacheAirflow/.env/lib/python3.8/site-packages/airflow/example_dags/example_sensor_decorator.py took 0.143 seconds
[2024-03-16T11:42:15.565+0500] {processor.py:161} INFO - Started process (PID=20239) to work on /home/muhammadsami/Public/Projects/Airflow/DataPipelineswithApacheAirflow/.env/lib/python3.8/site-packages/airflow/example_dags/example_sensor_decorator.py
[2024-03-16T11:42:15.566+0500] {processor.py:830} INFO - Processing file /home/muhammadsami/Public/Projects/Airflow/DataPipelineswithApacheAirflow/.env/lib/python3.8/site-packages/airflow/example_dags/example_sensor_decorator.py for tasks to queue
[2024-03-16T11:42:15.567+0500] {logging_mixin.py:188} INFO - [2024-03-16T11:42:15.567+0500] {dagbag.py:540} INFO - Filling up the DagBag from /home/muhammadsami/Public/Projects/Airflow/DataPipelineswithApacheAirflow/.env/lib/python3.8/site-packages/airflow/example_dags/example_sensor_decorator.py
[2024-03-16T11:42:15.572+0500] {processor.py:840} INFO - DAG(s) 'example_sensor_decorator' retrieved from /home/muhammadsami/Public/Projects/Airflow/DataPipelineswithApacheAirflow/.env/lib/python3.8/site-packages/airflow/example_dags/example_sensor_decorator.py
[2024-03-16T11:42:15.586+0500] {logging_mixin.py:188} INFO - [2024-03-16T11:42:15.586+0500] {dag.py:3047} INFO - Sync 1 DAGs
[2024-03-16T11:42:15.597+0500] {logging_mixin.py:188} INFO - [2024-03-16T11:42:15.597+0500] {dag.py:3834} INFO - Setting next_dagrun for example_sensor_decorator to None, run_after=None
[2024-03-16T11:42:15.694+0500] {processor.py:183} INFO - Processing /home/muhammadsami/Public/Projects/Airflow/DataPipelineswithApacheAirflow/.env/lib/python3.8/site-packages/airflow/example_dags/example_sensor_decorator.py took 0.131 seconds
[2024-03-16T11:43:10.820+0500] {processor.py:161} INFO - Started process (PID=20303) to work on /home/muhammadsami/Public/Projects/Airflow/DataPipelineswithApacheAirflow/.env/lib/python3.8/site-packages/airflow/example_dags/example_sensor_decorator.py
[2024-03-16T11:43:10.821+0500] {processor.py:830} INFO - Processing file /home/muhammadsami/Public/Projects/Airflow/DataPipelineswithApacheAirflow/.env/lib/python3.8/site-packages/airflow/example_dags/example_sensor_decorator.py for tasks to queue
[2024-03-16T11:43:10.822+0500] {logging_mixin.py:188} INFO - [2024-03-16T11:43:10.822+0500] {dagbag.py:540} INFO - Filling up the DagBag from /home/muhammadsami/Public/Projects/Airflow/DataPipelineswithApacheAirflow/.env/lib/python3.8/site-packages/airflow/example_dags/example_sensor_decorator.py
[2024-03-16T11:43:10.827+0500] {processor.py:840} INFO - DAG(s) 'example_sensor_decorator' retrieved from /home/muhammadsami/Public/Projects/Airflow/DataPipelineswithApacheAirflow/.env/lib/python3.8/site-packages/airflow/example_dags/example_sensor_decorator.py
[2024-03-16T11:43:10.840+0500] {logging_mixin.py:188} INFO - [2024-03-16T11:43:10.840+0500] {dag.py:3047} INFO - Sync 1 DAGs
[2024-03-16T11:43:10.851+0500] {logging_mixin.py:188} INFO - [2024-03-16T11:43:10.850+0500] {dag.py:3834} INFO - Setting next_dagrun for example_sensor_decorator to None, run_after=None
[2024-03-16T11:43:10.951+0500] {processor.py:183} INFO - Processing /home/muhammadsami/Public/Projects/Airflow/DataPipelineswithApacheAirflow/.env/lib/python3.8/site-packages/airflow/example_dags/example_sensor_decorator.py took 0.133 seconds
[2024-03-16T11:44:02.339+0500] {processor.py:161} INFO - Started process (PID=20381) to work on /home/muhammadsami/Public/Projects/Airflow/DataPipelineswithApacheAirflow/.env/lib/python3.8/site-packages/airflow/example_dags/example_sensor_decorator.py
[2024-03-16T11:44:02.341+0500] {processor.py:830} INFO - Processing file /home/muhammadsami/Public/Projects/Airflow/DataPipelineswithApacheAirflow/.env/lib/python3.8/site-packages/airflow/example_dags/example_sensor_decorator.py for tasks to queue
[2024-03-16T11:44:02.342+0500] {logging_mixin.py:188} INFO - [2024-03-16T11:44:02.341+0500] {dagbag.py:540} INFO - Filling up the DagBag from /home/muhammadsami/Public/Projects/Airflow/DataPipelineswithApacheAirflow/.env/lib/python3.8/site-packages/airflow/example_dags/example_sensor_decorator.py
[2024-03-16T11:44:02.348+0500] {processor.py:840} INFO - DAG(s) 'example_sensor_decorator' retrieved from /home/muhammadsami/Public/Projects/Airflow/DataPipelineswithApacheAirflow/.env/lib/python3.8/site-packages/airflow/example_dags/example_sensor_decorator.py
[2024-03-16T11:44:02.361+0500] {logging_mixin.py:188} INFO - [2024-03-16T11:44:02.361+0500] {dag.py:3047} INFO - Sync 1 DAGs
[2024-03-16T11:44:02.371+0500] {logging_mixin.py:188} INFO - [2024-03-16T11:44:02.371+0500] {dag.py:3834} INFO - Setting next_dagrun for example_sensor_decorator to None, run_after=None
[2024-03-16T11:44:02.470+0500] {processor.py:183} INFO - Processing /home/muhammadsami/Public/Projects/Airflow/DataPipelineswithApacheAirflow/.env/lib/python3.8/site-packages/airflow/example_dags/example_sensor_decorator.py took 0.133 seconds
[2024-03-16T11:44:51.967+0500] {processor.py:161} INFO - Started process (PID=20466) to work on /home/muhammadsami/Public/Projects/Airflow/DataPipelineswithApacheAirflow/.env/lib/python3.8/site-packages/airflow/example_dags/example_sensor_decorator.py
[2024-03-16T11:44:52.018+0500] {processor.py:830} INFO - Processing file /home/muhammadsami/Public/Projects/Airflow/DataPipelineswithApacheAirflow/.env/lib/python3.8/site-packages/airflow/example_dags/example_sensor_decorator.py for tasks to queue
[2024-03-16T11:44:52.019+0500] {logging_mixin.py:188} INFO - [2024-03-16T11:44:52.019+0500] {dagbag.py:540} INFO - Filling up the DagBag from /home/muhammadsami/Public/Projects/Airflow/DataPipelineswithApacheAirflow/.env/lib/python3.8/site-packages/airflow/example_dags/example_sensor_decorator.py
[2024-03-16T11:44:52.024+0500] {processor.py:840} INFO - DAG(s) 'example_sensor_decorator' retrieved from /home/muhammadsami/Public/Projects/Airflow/DataPipelineswithApacheAirflow/.env/lib/python3.8/site-packages/airflow/example_dags/example_sensor_decorator.py
[2024-03-16T11:44:55.006+0500] {logging_mixin.py:188} INFO - [2024-03-16T11:44:55.005+0500] {dag.py:3047} INFO - Sync 1 DAGs
[2024-03-16T11:44:55.021+0500] {logging_mixin.py:188} INFO - [2024-03-16T11:44:55.021+0500] {dag.py:3834} INFO - Setting next_dagrun for example_sensor_decorator to None, run_after=None
[2024-03-16T11:44:55.128+0500] {processor.py:183} INFO - Processing /home/muhammadsami/Public/Projects/Airflow/DataPipelineswithApacheAirflow/.env/lib/python3.8/site-packages/airflow/example_dags/example_sensor_decorator.py took 3.163 seconds
[2024-03-16T11:46:07.556+0500] {processor.py:161} INFO - Started process (PID=20855) to work on /home/muhammadsami/Public/Projects/Airflow/DataPipelineswithApacheAirflow/.env/lib/python3.8/site-packages/airflow/example_dags/example_sensor_decorator.py
[2024-03-16T11:46:07.574+0500] {processor.py:830} INFO - Processing file /home/muhammadsami/Public/Projects/Airflow/DataPipelineswithApacheAirflow/.env/lib/python3.8/site-packages/airflow/example_dags/example_sensor_decorator.py for tasks to queue
[2024-03-16T11:46:07.575+0500] {logging_mixin.py:188} INFO - [2024-03-16T11:46:07.574+0500] {dagbag.py:540} INFO - Filling up the DagBag from /home/muhammadsami/Public/Projects/Airflow/DataPipelineswithApacheAirflow/.env/lib/python3.8/site-packages/airflow/example_dags/example_sensor_decorator.py
[2024-03-16T11:46:07.580+0500] {processor.py:840} INFO - DAG(s) 'example_sensor_decorator' retrieved from /home/muhammadsami/Public/Projects/Airflow/DataPipelineswithApacheAirflow/.env/lib/python3.8/site-packages/airflow/example_dags/example_sensor_decorator.py
[2024-03-16T11:46:07.593+0500] {logging_mixin.py:188} INFO - [2024-03-16T11:46:07.593+0500] {dag.py:3047} INFO - Sync 1 DAGs
[2024-03-16T11:46:07.604+0500] {logging_mixin.py:188} INFO - [2024-03-16T11:46:07.603+0500] {dag.py:3834} INFO - Setting next_dagrun for example_sensor_decorator to None, run_after=None
[2024-03-16T11:46:07.695+0500] {processor.py:183} INFO - Processing /home/muhammadsami/Public/Projects/Airflow/DataPipelineswithApacheAirflow/.env/lib/python3.8/site-packages/airflow/example_dags/example_sensor_decorator.py took 0.142 seconds
[2024-03-16T11:46:59.451+0500] {processor.py:161} INFO - Started process (PID=20911) to work on /home/muhammadsami/Public/Projects/Airflow/DataPipelineswithApacheAirflow/.env/lib/python3.8/site-packages/airflow/example_dags/example_sensor_decorator.py
[2024-03-16T11:46:59.465+0500] {processor.py:830} INFO - Processing file /home/muhammadsami/Public/Projects/Airflow/DataPipelineswithApacheAirflow/.env/lib/python3.8/site-packages/airflow/example_dags/example_sensor_decorator.py for tasks to queue
[2024-03-16T11:46:59.466+0500] {logging_mixin.py:188} INFO - [2024-03-16T11:46:59.465+0500] {dagbag.py:540} INFO - Filling up the DagBag from /home/muhammadsami/Public/Projects/Airflow/DataPipelineswithApacheAirflow/.env/lib/python3.8/site-packages/airflow/example_dags/example_sensor_decorator.py
[2024-03-16T11:46:59.472+0500] {processor.py:840} INFO - DAG(s) 'example_sensor_decorator' retrieved from /home/muhammadsami/Public/Projects/Airflow/DataPipelineswithApacheAirflow/.env/lib/python3.8/site-packages/airflow/example_dags/example_sensor_decorator.py
[2024-03-16T11:46:59.489+0500] {logging_mixin.py:188} INFO - [2024-03-16T11:46:59.489+0500] {dag.py:3047} INFO - Sync 1 DAGs
[2024-03-16T11:46:59.500+0500] {logging_mixin.py:188} INFO - [2024-03-16T11:46:59.500+0500] {dag.py:3834} INFO - Setting next_dagrun for example_sensor_decorator to None, run_after=None
[2024-03-16T11:46:59.595+0500] {processor.py:183} INFO - Processing /home/muhammadsami/Public/Projects/Airflow/DataPipelineswithApacheAirflow/.env/lib/python3.8/site-packages/airflow/example_dags/example_sensor_decorator.py took 0.146 seconds
[2024-03-16T11:47:50.584+0500] {processor.py:161} INFO - Started process (PID=20989) to work on /home/muhammadsami/Public/Projects/Airflow/DataPipelineswithApacheAirflow/.env/lib/python3.8/site-packages/airflow/example_dags/example_sensor_decorator.py
[2024-03-16T11:47:50.586+0500] {processor.py:830} INFO - Processing file /home/muhammadsami/Public/Projects/Airflow/DataPipelineswithApacheAirflow/.env/lib/python3.8/site-packages/airflow/example_dags/example_sensor_decorator.py for tasks to queue
[2024-03-16T11:47:50.586+0500] {logging_mixin.py:188} INFO - [2024-03-16T11:47:50.586+0500] {dagbag.py:540} INFO - Filling up the DagBag from /home/muhammadsami/Public/Projects/Airflow/DataPipelineswithApacheAirflow/.env/lib/python3.8/site-packages/airflow/example_dags/example_sensor_decorator.py
[2024-03-16T11:47:50.592+0500] {processor.py:840} INFO - DAG(s) 'example_sensor_decorator' retrieved from /home/muhammadsami/Public/Projects/Airflow/DataPipelineswithApacheAirflow/.env/lib/python3.8/site-packages/airflow/example_dags/example_sensor_decorator.py
[2024-03-16T11:47:50.606+0500] {logging_mixin.py:188} INFO - [2024-03-16T11:47:50.605+0500] {dag.py:3047} INFO - Sync 1 DAGs
[2024-03-16T11:47:50.616+0500] {logging_mixin.py:188} INFO - [2024-03-16T11:47:50.615+0500] {dag.py:3834} INFO - Setting next_dagrun for example_sensor_decorator to None, run_after=None
[2024-03-16T11:47:50.718+0500] {processor.py:183} INFO - Processing /home/muhammadsami/Public/Projects/Airflow/DataPipelineswithApacheAirflow/.env/lib/python3.8/site-packages/airflow/example_dags/example_sensor_decorator.py took 0.136 seconds
[2024-03-16T11:48:37.376+0500] {processor.py:161} INFO - Started process (PID=21064) to work on /home/muhammadsami/Public/Projects/Airflow/DataPipelineswithApacheAirflow/.env/lib/python3.8/site-packages/airflow/example_dags/example_sensor_decorator.py
[2024-03-16T11:48:37.395+0500] {processor.py:830} INFO - Processing file /home/muhammadsami/Public/Projects/Airflow/DataPipelineswithApacheAirflow/.env/lib/python3.8/site-packages/airflow/example_dags/example_sensor_decorator.py for tasks to queue
[2024-03-16T11:48:37.396+0500] {logging_mixin.py:188} INFO - [2024-03-16T11:48:37.396+0500] {dagbag.py:540} INFO - Filling up the DagBag from /home/muhammadsami/Public/Projects/Airflow/DataPipelineswithApacheAirflow/.env/lib/python3.8/site-packages/airflow/example_dags/example_sensor_decorator.py
[2024-03-16T11:48:37.401+0500] {processor.py:840} INFO - DAG(s) 'example_sensor_decorator' retrieved from /home/muhammadsami/Public/Projects/Airflow/DataPipelineswithApacheAirflow/.env/lib/python3.8/site-packages/airflow/example_dags/example_sensor_decorator.py
[2024-03-16T11:48:37.414+0500] {logging_mixin.py:188} INFO - [2024-03-16T11:48:37.414+0500] {dag.py:3047} INFO - Sync 1 DAGs
[2024-03-16T11:48:37.424+0500] {logging_mixin.py:188} INFO - [2024-03-16T11:48:37.424+0500] {dag.py:3834} INFO - Setting next_dagrun for example_sensor_decorator to None, run_after=None
[2024-03-16T11:48:37.528+0500] {processor.py:183} INFO - Processing /home/muhammadsami/Public/Projects/Airflow/DataPipelineswithApacheAirflow/.env/lib/python3.8/site-packages/airflow/example_dags/example_sensor_decorator.py took 0.154 seconds
[2024-03-16T11:49:25.634+0500] {processor.py:161} INFO - Started process (PID=21109) to work on /home/muhammadsami/Public/Projects/Airflow/DataPipelineswithApacheAirflow/.env/lib/python3.8/site-packages/airflow/example_dags/example_sensor_decorator.py
[2024-03-16T11:49:25.635+0500] {processor.py:830} INFO - Processing file /home/muhammadsami/Public/Projects/Airflow/DataPipelineswithApacheAirflow/.env/lib/python3.8/site-packages/airflow/example_dags/example_sensor_decorator.py for tasks to queue
[2024-03-16T11:49:25.636+0500] {logging_mixin.py:188} INFO - [2024-03-16T11:49:25.636+0500] {dagbag.py:540} INFO - Filling up the DagBag from /home/muhammadsami/Public/Projects/Airflow/DataPipelineswithApacheAirflow/.env/lib/python3.8/site-packages/airflow/example_dags/example_sensor_decorator.py
[2024-03-16T11:49:25.644+0500] {processor.py:840} INFO - DAG(s) 'example_sensor_decorator' retrieved from /home/muhammadsami/Public/Projects/Airflow/DataPipelineswithApacheAirflow/.env/lib/python3.8/site-packages/airflow/example_dags/example_sensor_decorator.py
[2024-03-16T11:49:25.661+0500] {logging_mixin.py:188} INFO - [2024-03-16T11:49:25.660+0500] {dag.py:3047} INFO - Sync 1 DAGs
[2024-03-16T11:49:25.671+0500] {logging_mixin.py:188} INFO - [2024-03-16T11:49:25.670+0500] {dag.py:3834} INFO - Setting next_dagrun for example_sensor_decorator to None, run_after=None
[2024-03-16T11:49:25.778+0500] {processor.py:183} INFO - Processing /home/muhammadsami/Public/Projects/Airflow/DataPipelineswithApacheAirflow/.env/lib/python3.8/site-packages/airflow/example_dags/example_sensor_decorator.py took 0.147 seconds
[2024-03-16T11:50:14.453+0500] {processor.py:161} INFO - Started process (PID=21153) to work on /home/muhammadsami/Public/Projects/Airflow/DataPipelineswithApacheAirflow/.env/lib/python3.8/site-packages/airflow/example_dags/example_sensor_decorator.py
[2024-03-16T11:50:14.465+0500] {processor.py:830} INFO - Processing file /home/muhammadsami/Public/Projects/Airflow/DataPipelineswithApacheAirflow/.env/lib/python3.8/site-packages/airflow/example_dags/example_sensor_decorator.py for tasks to queue
[2024-03-16T11:50:14.466+0500] {logging_mixin.py:188} INFO - [2024-03-16T11:50:14.465+0500] {dagbag.py:540} INFO - Filling up the DagBag from /home/muhammadsami/Public/Projects/Airflow/DataPipelineswithApacheAirflow/.env/lib/python3.8/site-packages/airflow/example_dags/example_sensor_decorator.py
[2024-03-16T11:50:14.471+0500] {processor.py:840} INFO - DAG(s) 'example_sensor_decorator' retrieved from /home/muhammadsami/Public/Projects/Airflow/DataPipelineswithApacheAirflow/.env/lib/python3.8/site-packages/airflow/example_dags/example_sensor_decorator.py
[2024-03-16T11:50:14.483+0500] {logging_mixin.py:188} INFO - [2024-03-16T11:50:14.483+0500] {dag.py:3047} INFO - Sync 1 DAGs
[2024-03-16T11:50:14.493+0500] {logging_mixin.py:188} INFO - [2024-03-16T11:50:14.493+0500] {dag.py:3834} INFO - Setting next_dagrun for example_sensor_decorator to None, run_after=None
[2024-03-16T11:50:14.596+0500] {processor.py:183} INFO - Processing /home/muhammadsami/Public/Projects/Airflow/DataPipelineswithApacheAirflow/.env/lib/python3.8/site-packages/airflow/example_dags/example_sensor_decorator.py took 0.146 seconds
[2024-03-16T11:51:05.125+0500] {processor.py:161} INFO - Started process (PID=21238) to work on /home/muhammadsami/Public/Projects/Airflow/DataPipelineswithApacheAirflow/.env/lib/python3.8/site-packages/airflow/example_dags/example_sensor_decorator.py
[2024-03-16T11:51:05.379+0500] {processor.py:830} INFO - Processing file /home/muhammadsami/Public/Projects/Airflow/DataPipelineswithApacheAirflow/.env/lib/python3.8/site-packages/airflow/example_dags/example_sensor_decorator.py for tasks to queue
[2024-03-16T11:51:05.380+0500] {logging_mixin.py:188} INFO - [2024-03-16T11:51:05.380+0500] {dagbag.py:540} INFO - Filling up the DagBag from /home/muhammadsami/Public/Projects/Airflow/DataPipelineswithApacheAirflow/.env/lib/python3.8/site-packages/airflow/example_dags/example_sensor_decorator.py
[2024-03-16T11:51:05.386+0500] {processor.py:840} INFO - DAG(s) 'example_sensor_decorator' retrieved from /home/muhammadsami/Public/Projects/Airflow/DataPipelineswithApacheAirflow/.env/lib/python3.8/site-packages/airflow/example_dags/example_sensor_decorator.py
[2024-03-16T11:51:05.401+0500] {logging_mixin.py:188} INFO - [2024-03-16T11:51:05.400+0500] {dag.py:3047} INFO - Sync 1 DAGs
[2024-03-16T11:51:05.413+0500] {logging_mixin.py:188} INFO - [2024-03-16T11:51:05.412+0500] {dag.py:3834} INFO - Setting next_dagrun for example_sensor_decorator to None, run_after=None
[2024-03-16T11:51:05.706+0500] {processor.py:183} INFO - Processing /home/muhammadsami/Public/Projects/Airflow/DataPipelineswithApacheAirflow/.env/lib/python3.8/site-packages/airflow/example_dags/example_sensor_decorator.py took 0.584 seconds
[2024-03-16T11:51:58.963+0500] {processor.py:161} INFO - Started process (PID=21377) to work on /home/muhammadsami/Public/Projects/Airflow/DataPipelineswithApacheAirflow/.env/lib/python3.8/site-packages/airflow/example_dags/example_sensor_decorator.py
[2024-03-16T11:51:58.964+0500] {processor.py:830} INFO - Processing file /home/muhammadsami/Public/Projects/Airflow/DataPipelineswithApacheAirflow/.env/lib/python3.8/site-packages/airflow/example_dags/example_sensor_decorator.py for tasks to queue
[2024-03-16T11:51:58.965+0500] {logging_mixin.py:188} INFO - [2024-03-16T11:51:58.965+0500] {dagbag.py:540} INFO - Filling up the DagBag from /home/muhammadsami/Public/Projects/Airflow/DataPipelineswithApacheAirflow/.env/lib/python3.8/site-packages/airflow/example_dags/example_sensor_decorator.py
[2024-03-16T11:51:58.970+0500] {processor.py:840} INFO - DAG(s) 'example_sensor_decorator' retrieved from /home/muhammadsami/Public/Projects/Airflow/DataPipelineswithApacheAirflow/.env/lib/python3.8/site-packages/airflow/example_dags/example_sensor_decorator.py
[2024-03-16T11:51:58.983+0500] {logging_mixin.py:188} INFO - [2024-03-16T11:51:58.983+0500] {dag.py:3047} INFO - Sync 1 DAGs
[2024-03-16T11:51:58.993+0500] {logging_mixin.py:188} INFO - [2024-03-16T11:51:58.993+0500] {dag.py:3834} INFO - Setting next_dagrun for example_sensor_decorator to None, run_after=None
[2024-03-16T11:51:59.093+0500] {processor.py:183} INFO - Processing /home/muhammadsami/Public/Projects/Airflow/DataPipelineswithApacheAirflow/.env/lib/python3.8/site-packages/airflow/example_dags/example_sensor_decorator.py took 0.132 seconds
[2024-03-16T11:52:50.840+0500] {processor.py:161} INFO - Started process (PID=21503) to work on /home/muhammadsami/Public/Projects/Airflow/DataPipelineswithApacheAirflow/.env/lib/python3.8/site-packages/airflow/example_dags/example_sensor_decorator.py
[2024-03-16T11:52:50.842+0500] {processor.py:830} INFO - Processing file /home/muhammadsami/Public/Projects/Airflow/DataPipelineswithApacheAirflow/.env/lib/python3.8/site-packages/airflow/example_dags/example_sensor_decorator.py for tasks to queue
[2024-03-16T11:52:50.843+0500] {logging_mixin.py:188} INFO - [2024-03-16T11:52:50.842+0500] {dagbag.py:540} INFO - Filling up the DagBag from /home/muhammadsami/Public/Projects/Airflow/DataPipelineswithApacheAirflow/.env/lib/python3.8/site-packages/airflow/example_dags/example_sensor_decorator.py
[2024-03-16T11:52:50.850+0500] {processor.py:840} INFO - DAG(s) 'example_sensor_decorator' retrieved from /home/muhammadsami/Public/Projects/Airflow/DataPipelineswithApacheAirflow/.env/lib/python3.8/site-packages/airflow/example_dags/example_sensor_decorator.py
[2024-03-16T11:52:50.863+0500] {logging_mixin.py:188} INFO - [2024-03-16T11:52:50.863+0500] {dag.py:3047} INFO - Sync 1 DAGs
[2024-03-16T11:52:50.873+0500] {logging_mixin.py:188} INFO - [2024-03-16T11:52:50.873+0500] {dag.py:3834} INFO - Setting next_dagrun for example_sensor_decorator to None, run_after=None
[2024-03-16T11:52:51.050+0500] {processor.py:183} INFO - Processing /home/muhammadsami/Public/Projects/Airflow/DataPipelineswithApacheAirflow/.env/lib/python3.8/site-packages/airflow/example_dags/example_sensor_decorator.py took 0.212 seconds
[2024-03-16T11:53:43.556+0500] {processor.py:161} INFO - Started process (PID=21617) to work on /home/muhammadsami/Public/Projects/Airflow/DataPipelineswithApacheAirflow/.env/lib/python3.8/site-packages/airflow/example_dags/example_sensor_decorator.py
[2024-03-16T11:53:43.557+0500] {processor.py:830} INFO - Processing file /home/muhammadsami/Public/Projects/Airflow/DataPipelineswithApacheAirflow/.env/lib/python3.8/site-packages/airflow/example_dags/example_sensor_decorator.py for tasks to queue
[2024-03-16T11:53:43.558+0500] {logging_mixin.py:188} INFO - [2024-03-16T11:53:43.558+0500] {dagbag.py:540} INFO - Filling up the DagBag from /home/muhammadsami/Public/Projects/Airflow/DataPipelineswithApacheAirflow/.env/lib/python3.8/site-packages/airflow/example_dags/example_sensor_decorator.py
[2024-03-16T11:53:43.565+0500] {processor.py:840} INFO - DAG(s) 'example_sensor_decorator' retrieved from /home/muhammadsami/Public/Projects/Airflow/DataPipelineswithApacheAirflow/.env/lib/python3.8/site-packages/airflow/example_dags/example_sensor_decorator.py
[2024-03-16T11:53:43.577+0500] {logging_mixin.py:188} INFO - [2024-03-16T11:53:43.577+0500] {dag.py:3047} INFO - Sync 1 DAGs
[2024-03-16T11:53:43.587+0500] {logging_mixin.py:188} INFO - [2024-03-16T11:53:43.587+0500] {dag.py:3834} INFO - Setting next_dagrun for example_sensor_decorator to None, run_after=None
[2024-03-16T11:53:43.702+0500] {processor.py:183} INFO - Processing /home/muhammadsami/Public/Projects/Airflow/DataPipelineswithApacheAirflow/.env/lib/python3.8/site-packages/airflow/example_dags/example_sensor_decorator.py took 0.151 seconds
[2024-03-16T11:54:33.486+0500] {processor.py:161} INFO - Started process (PID=21692) to work on /home/muhammadsami/Public/Projects/Airflow/DataPipelineswithApacheAirflow/.env/lib/python3.8/site-packages/airflow/example_dags/example_sensor_decorator.py
[2024-03-16T11:54:33.487+0500] {processor.py:830} INFO - Processing file /home/muhammadsami/Public/Projects/Airflow/DataPipelineswithApacheAirflow/.env/lib/python3.8/site-packages/airflow/example_dags/example_sensor_decorator.py for tasks to queue
[2024-03-16T11:54:33.488+0500] {logging_mixin.py:188} INFO - [2024-03-16T11:54:33.488+0500] {dagbag.py:540} INFO - Filling up the DagBag from /home/muhammadsami/Public/Projects/Airflow/DataPipelineswithApacheAirflow/.env/lib/python3.8/site-packages/airflow/example_dags/example_sensor_decorator.py
[2024-03-16T11:54:33.494+0500] {processor.py:840} INFO - DAG(s) 'example_sensor_decorator' retrieved from /home/muhammadsami/Public/Projects/Airflow/DataPipelineswithApacheAirflow/.env/lib/python3.8/site-packages/airflow/example_dags/example_sensor_decorator.py
[2024-03-16T11:54:33.507+0500] {logging_mixin.py:188} INFO - [2024-03-16T11:54:33.507+0500] {dag.py:3047} INFO - Sync 1 DAGs
[2024-03-16T11:54:33.518+0500] {logging_mixin.py:188} INFO - [2024-03-16T11:54:33.518+0500] {dag.py:3834} INFO - Setting next_dagrun for example_sensor_decorator to None, run_after=None
[2024-03-16T11:54:33.620+0500] {processor.py:183} INFO - Processing /home/muhammadsami/Public/Projects/Airflow/DataPipelineswithApacheAirflow/.env/lib/python3.8/site-packages/airflow/example_dags/example_sensor_decorator.py took 0.137 seconds
[2024-03-16T11:55:23.354+0500] {processor.py:161} INFO - Started process (PID=21875) to work on /home/muhammadsami/Public/Projects/Airflow/DataPipelineswithApacheAirflow/.env/lib/python3.8/site-packages/airflow/example_dags/example_sensor_decorator.py
[2024-03-16T11:55:23.361+0500] {processor.py:830} INFO - Processing file /home/muhammadsami/Public/Projects/Airflow/DataPipelineswithApacheAirflow/.env/lib/python3.8/site-packages/airflow/example_dags/example_sensor_decorator.py for tasks to queue
[2024-03-16T11:55:23.362+0500] {logging_mixin.py:188} INFO - [2024-03-16T11:55:23.362+0500] {dagbag.py:540} INFO - Filling up the DagBag from /home/muhammadsami/Public/Projects/Airflow/DataPipelineswithApacheAirflow/.env/lib/python3.8/site-packages/airflow/example_dags/example_sensor_decorator.py
[2024-03-16T11:55:23.368+0500] {processor.py:840} INFO - DAG(s) 'example_sensor_decorator' retrieved from /home/muhammadsami/Public/Projects/Airflow/DataPipelineswithApacheAirflow/.env/lib/python3.8/site-packages/airflow/example_dags/example_sensor_decorator.py
[2024-03-16T11:55:23.383+0500] {logging_mixin.py:188} INFO - [2024-03-16T11:55:23.383+0500] {dag.py:3047} INFO - Sync 1 DAGs
[2024-03-16T11:55:23.394+0500] {logging_mixin.py:188} INFO - [2024-03-16T11:55:23.393+0500] {dag.py:3834} INFO - Setting next_dagrun for example_sensor_decorator to None, run_after=None
[2024-03-16T11:55:23.516+0500] {processor.py:183} INFO - Processing /home/muhammadsami/Public/Projects/Airflow/DataPipelineswithApacheAirflow/.env/lib/python3.8/site-packages/airflow/example_dags/example_sensor_decorator.py took 0.164 seconds
[2024-03-16T11:56:15.228+0500] {processor.py:161} INFO - Started process (PID=21934) to work on /home/muhammadsami/Public/Projects/Airflow/DataPipelineswithApacheAirflow/.env/lib/python3.8/site-packages/airflow/example_dags/example_sensor_decorator.py
[2024-03-16T11:56:15.234+0500] {processor.py:830} INFO - Processing file /home/muhammadsami/Public/Projects/Airflow/DataPipelineswithApacheAirflow/.env/lib/python3.8/site-packages/airflow/example_dags/example_sensor_decorator.py for tasks to queue
[2024-03-16T11:56:15.235+0500] {logging_mixin.py:188} INFO - [2024-03-16T11:56:15.235+0500] {dagbag.py:540} INFO - Filling up the DagBag from /home/muhammadsami/Public/Projects/Airflow/DataPipelineswithApacheAirflow/.env/lib/python3.8/site-packages/airflow/example_dags/example_sensor_decorator.py
[2024-03-16T11:56:15.242+0500] {processor.py:840} INFO - DAG(s) 'example_sensor_decorator' retrieved from /home/muhammadsami/Public/Projects/Airflow/DataPipelineswithApacheAirflow/.env/lib/python3.8/site-packages/airflow/example_dags/example_sensor_decorator.py
[2024-03-16T11:56:15.257+0500] {logging_mixin.py:188} INFO - [2024-03-16T11:56:15.257+0500] {dag.py:3047} INFO - Sync 1 DAGs
[2024-03-16T11:56:15.270+0500] {logging_mixin.py:188} INFO - [2024-03-16T11:56:15.270+0500] {dag.py:3834} INFO - Setting next_dagrun for example_sensor_decorator to None, run_after=None
[2024-03-16T11:56:15.405+0500] {processor.py:183} INFO - Processing /home/muhammadsami/Public/Projects/Airflow/DataPipelineswithApacheAirflow/.env/lib/python3.8/site-packages/airflow/example_dags/example_sensor_decorator.py took 0.181 seconds
[2024-03-16T11:57:04.978+0500] {processor.py:161} INFO - Started process (PID=21985) to work on /home/muhammadsami/Public/Projects/Airflow/DataPipelineswithApacheAirflow/.env/lib/python3.8/site-packages/airflow/example_dags/example_sensor_decorator.py
[2024-03-16T11:57:04.980+0500] {processor.py:830} INFO - Processing file /home/muhammadsami/Public/Projects/Airflow/DataPipelineswithApacheAirflow/.env/lib/python3.8/site-packages/airflow/example_dags/example_sensor_decorator.py for tasks to queue
[2024-03-16T11:57:04.982+0500] {logging_mixin.py:188} INFO - [2024-03-16T11:57:04.981+0500] {dagbag.py:540} INFO - Filling up the DagBag from /home/muhammadsami/Public/Projects/Airflow/DataPipelineswithApacheAirflow/.env/lib/python3.8/site-packages/airflow/example_dags/example_sensor_decorator.py
[2024-03-16T11:57:04.989+0500] {processor.py:840} INFO - DAG(s) 'example_sensor_decorator' retrieved from /home/muhammadsami/Public/Projects/Airflow/DataPipelineswithApacheAirflow/.env/lib/python3.8/site-packages/airflow/example_dags/example_sensor_decorator.py
[2024-03-16T11:57:05.006+0500] {logging_mixin.py:188} INFO - [2024-03-16T11:57:05.005+0500] {dag.py:3047} INFO - Sync 1 DAGs
[2024-03-16T11:57:05.019+0500] {logging_mixin.py:188} INFO - [2024-03-16T11:57:05.019+0500] {dag.py:3834} INFO - Setting next_dagrun for example_sensor_decorator to None, run_after=None
[2024-03-16T11:57:05.116+0500] {processor.py:183} INFO - Processing /home/muhammadsami/Public/Projects/Airflow/DataPipelineswithApacheAirflow/.env/lib/python3.8/site-packages/airflow/example_dags/example_sensor_decorator.py took 0.141 seconds
[2024-03-16T11:57:59.896+0500] {processor.py:161} INFO - Started process (PID=22038) to work on /home/muhammadsami/Public/Projects/Airflow/DataPipelineswithApacheAirflow/.env/lib/python3.8/site-packages/airflow/example_dags/example_sensor_decorator.py
[2024-03-16T11:57:59.904+0500] {processor.py:830} INFO - Processing file /home/muhammadsami/Public/Projects/Airflow/DataPipelineswithApacheAirflow/.env/lib/python3.8/site-packages/airflow/example_dags/example_sensor_decorator.py for tasks to queue
[2024-03-16T11:57:59.905+0500] {logging_mixin.py:188} INFO - [2024-03-16T11:57:59.905+0500] {dagbag.py:540} INFO - Filling up the DagBag from /home/muhammadsami/Public/Projects/Airflow/DataPipelineswithApacheAirflow/.env/lib/python3.8/site-packages/airflow/example_dags/example_sensor_decorator.py
[2024-03-16T11:57:59.910+0500] {processor.py:840} INFO - DAG(s) 'example_sensor_decorator' retrieved from /home/muhammadsami/Public/Projects/Airflow/DataPipelineswithApacheAirflow/.env/lib/python3.8/site-packages/airflow/example_dags/example_sensor_decorator.py
[2024-03-16T11:57:59.922+0500] {logging_mixin.py:188} INFO - [2024-03-16T11:57:59.922+0500] {dag.py:3047} INFO - Sync 1 DAGs
[2024-03-16T11:57:59.932+0500] {logging_mixin.py:188} INFO - [2024-03-16T11:57:59.932+0500] {dag.py:3834} INFO - Setting next_dagrun for example_sensor_decorator to None, run_after=None
[2024-03-16T11:58:00.022+0500] {processor.py:183} INFO - Processing /home/muhammadsami/Public/Projects/Airflow/DataPipelineswithApacheAirflow/.env/lib/python3.8/site-packages/airflow/example_dags/example_sensor_decorator.py took 0.128 seconds
[2024-03-16T11:58:48.872+0500] {processor.py:161} INFO - Started process (PID=22140) to work on /home/muhammadsami/Public/Projects/Airflow/DataPipelineswithApacheAirflow/.env/lib/python3.8/site-packages/airflow/example_dags/example_sensor_decorator.py
[2024-03-16T11:58:48.887+0500] {processor.py:830} INFO - Processing file /home/muhammadsami/Public/Projects/Airflow/DataPipelineswithApacheAirflow/.env/lib/python3.8/site-packages/airflow/example_dags/example_sensor_decorator.py for tasks to queue
[2024-03-16T11:58:48.888+0500] {logging_mixin.py:188} INFO - [2024-03-16T11:58:48.888+0500] {dagbag.py:540} INFO - Filling up the DagBag from /home/muhammadsami/Public/Projects/Airflow/DataPipelineswithApacheAirflow/.env/lib/python3.8/site-packages/airflow/example_dags/example_sensor_decorator.py
[2024-03-16T11:58:48.893+0500] {processor.py:840} INFO - DAG(s) 'example_sensor_decorator' retrieved from /home/muhammadsami/Public/Projects/Airflow/DataPipelineswithApacheAirflow/.env/lib/python3.8/site-packages/airflow/example_dags/example_sensor_decorator.py
[2024-03-16T11:58:48.906+0500] {logging_mixin.py:188} INFO - [2024-03-16T11:58:48.905+0500] {dag.py:3047} INFO - Sync 1 DAGs
[2024-03-16T11:58:48.915+0500] {logging_mixin.py:188} INFO - [2024-03-16T11:58:48.915+0500] {dag.py:3834} INFO - Setting next_dagrun for example_sensor_decorator to None, run_after=None
[2024-03-16T11:58:49.013+0500] {processor.py:183} INFO - Processing /home/muhammadsami/Public/Projects/Airflow/DataPipelineswithApacheAirflow/.env/lib/python3.8/site-packages/airflow/example_dags/example_sensor_decorator.py took 0.143 seconds
[2024-03-16T11:59:38.151+0500] {processor.py:161} INFO - Started process (PID=22283) to work on /home/muhammadsami/Public/Projects/Airflow/DataPipelineswithApacheAirflow/.env/lib/python3.8/site-packages/airflow/example_dags/example_sensor_decorator.py
[2024-03-16T11:59:38.161+0500] {processor.py:830} INFO - Processing file /home/muhammadsami/Public/Projects/Airflow/DataPipelineswithApacheAirflow/.env/lib/python3.8/site-packages/airflow/example_dags/example_sensor_decorator.py for tasks to queue
[2024-03-16T11:59:38.162+0500] {logging_mixin.py:188} INFO - [2024-03-16T11:59:38.161+0500] {dagbag.py:540} INFO - Filling up the DagBag from /home/muhammadsami/Public/Projects/Airflow/DataPipelineswithApacheAirflow/.env/lib/python3.8/site-packages/airflow/example_dags/example_sensor_decorator.py
[2024-03-16T11:59:38.167+0500] {processor.py:840} INFO - DAG(s) 'example_sensor_decorator' retrieved from /home/muhammadsami/Public/Projects/Airflow/DataPipelineswithApacheAirflow/.env/lib/python3.8/site-packages/airflow/example_dags/example_sensor_decorator.py
[2024-03-16T11:59:38.181+0500] {logging_mixin.py:188} INFO - [2024-03-16T11:59:38.180+0500] {dag.py:3047} INFO - Sync 1 DAGs
[2024-03-16T11:59:38.192+0500] {logging_mixin.py:188} INFO - [2024-03-16T11:59:38.192+0500] {dag.py:3834} INFO - Setting next_dagrun for example_sensor_decorator to None, run_after=None
[2024-03-16T11:59:38.288+0500] {processor.py:183} INFO - Processing /home/muhammadsami/Public/Projects/Airflow/DataPipelineswithApacheAirflow/.env/lib/python3.8/site-packages/airflow/example_dags/example_sensor_decorator.py took 0.140 seconds
[2024-03-16T12:00:31.494+0500] {processor.py:161} INFO - Started process (PID=22334) to work on /home/muhammadsami/Public/Projects/Airflow/DataPipelineswithApacheAirflow/.env/lib/python3.8/site-packages/airflow/example_dags/example_sensor_decorator.py
[2024-03-16T12:00:31.496+0500] {processor.py:830} INFO - Processing file /home/muhammadsami/Public/Projects/Airflow/DataPipelineswithApacheAirflow/.env/lib/python3.8/site-packages/airflow/example_dags/example_sensor_decorator.py for tasks to queue
[2024-03-16T12:00:31.497+0500] {logging_mixin.py:188} INFO - [2024-03-16T12:00:31.496+0500] {dagbag.py:540} INFO - Filling up the DagBag from /home/muhammadsami/Public/Projects/Airflow/DataPipelineswithApacheAirflow/.env/lib/python3.8/site-packages/airflow/example_dags/example_sensor_decorator.py
[2024-03-16T12:00:31.502+0500] {processor.py:840} INFO - DAG(s) 'example_sensor_decorator' retrieved from /home/muhammadsami/Public/Projects/Airflow/DataPipelineswithApacheAirflow/.env/lib/python3.8/site-packages/airflow/example_dags/example_sensor_decorator.py
[2024-03-16T12:00:31.515+0500] {logging_mixin.py:188} INFO - [2024-03-16T12:00:31.515+0500] {dag.py:3047} INFO - Sync 1 DAGs
[2024-03-16T12:00:31.525+0500] {logging_mixin.py:188} INFO - [2024-03-16T12:00:31.525+0500] {dag.py:3834} INFO - Setting next_dagrun for example_sensor_decorator to None, run_after=None
[2024-03-16T12:00:31.617+0500] {processor.py:183} INFO - Processing /home/muhammadsami/Public/Projects/Airflow/DataPipelineswithApacheAirflow/.env/lib/python3.8/site-packages/airflow/example_dags/example_sensor_decorator.py took 0.125 seconds
[2024-03-16T12:01:25.332+0500] {processor.py:161} INFO - Started process (PID=22386) to work on /home/muhammadsami/Public/Projects/Airflow/DataPipelineswithApacheAirflow/.env/lib/python3.8/site-packages/airflow/example_dags/example_sensor_decorator.py
[2024-03-16T12:01:25.333+0500] {processor.py:830} INFO - Processing file /home/muhammadsami/Public/Projects/Airflow/DataPipelineswithApacheAirflow/.env/lib/python3.8/site-packages/airflow/example_dags/example_sensor_decorator.py for tasks to queue
[2024-03-16T12:01:25.334+0500] {logging_mixin.py:188} INFO - [2024-03-16T12:01:25.334+0500] {dagbag.py:540} INFO - Filling up the DagBag from /home/muhammadsami/Public/Projects/Airflow/DataPipelineswithApacheAirflow/.env/lib/python3.8/site-packages/airflow/example_dags/example_sensor_decorator.py
[2024-03-16T12:01:25.340+0500] {processor.py:840} INFO - DAG(s) 'example_sensor_decorator' retrieved from /home/muhammadsami/Public/Projects/Airflow/DataPipelineswithApacheAirflow/.env/lib/python3.8/site-packages/airflow/example_dags/example_sensor_decorator.py
[2024-03-16T12:01:25.354+0500] {logging_mixin.py:188} INFO - [2024-03-16T12:01:25.353+0500] {dag.py:3047} INFO - Sync 1 DAGs
[2024-03-16T12:01:25.365+0500] {logging_mixin.py:188} INFO - [2024-03-16T12:01:25.364+0500] {dag.py:3834} INFO - Setting next_dagrun for example_sensor_decorator to None, run_after=None
[2024-03-16T12:01:25.477+0500] {processor.py:183} INFO - Processing /home/muhammadsami/Public/Projects/Airflow/DataPipelineswithApacheAirflow/.env/lib/python3.8/site-packages/airflow/example_dags/example_sensor_decorator.py took 0.148 seconds
