[2024-03-16T11:22:16.620+0500] {processor.py:161} INFO - Started process (PID=17961) to work on /home/muhammadsami/Public/Projects/Airflow/DataPipelineswithApacheAirflow/.env/lib/python3.8/site-packages/airflow/example_dags/example_sla_dag.py
[2024-03-16T11:22:16.621+0500] {processor.py:830} INFO - Processing file /home/muhammadsami/Public/Projects/Airflow/DataPipelineswithApacheAirflow/.env/lib/python3.8/site-packages/airflow/example_dags/example_sla_dag.py for tasks to queue
[2024-03-16T11:22:16.622+0500] {logging_mixin.py:188} INFO - [2024-03-16T11:22:16.621+0500] {dagbag.py:540} INFO - Filling up the DagBag from /home/muhammadsami/Public/Projects/Airflow/DataPipelineswithApacheAirflow/.env/lib/python3.8/site-packages/airflow/example_dags/example_sla_dag.py
[2024-03-16T11:22:16.633+0500] {processor.py:840} INFO - DAG(s) 'example_sla_dag' retrieved from /home/muhammadsami/Public/Projects/Airflow/DataPipelineswithApacheAirflow/.env/lib/python3.8/site-packages/airflow/example_dags/example_sla_dag.py
[2024-03-16T11:22:16.945+0500] {logging_mixin.py:188} INFO - [2024-03-16T11:22:16.944+0500] {override.py:1769} INFO - Created Permission View: can edit on DAG:example_sla_dag
[2024-03-16T11:22:17.117+0500] {logging_mixin.py:188} INFO - [2024-03-16T11:22:17.116+0500] {override.py:1769} INFO - Created Permission View: can delete on DAG:example_sla_dag
[2024-03-16T11:22:17.506+0500] {logging_mixin.py:188} INFO - [2024-03-16T11:22:17.505+0500] {override.py:1769} INFO - Created Permission View: can read on DAG:example_sla_dag
[2024-03-16T11:22:17.506+0500] {logging_mixin.py:188} INFO - [2024-03-16T11:22:17.506+0500] {dag.py:3047} INFO - Sync 1 DAGs
[2024-03-16T11:22:17.520+0500] {logging_mixin.py:188} INFO - [2024-03-16T11:22:17.520+0500] {dag.py:3069} INFO - Creating ORM DAG for example_sla_dag
[2024-03-16T11:22:17.654+0500] {logging_mixin.py:188} INFO - [2024-03-16T11:22:17.654+0500] {dag.py:3834} INFO - Setting next_dagrun for example_sla_dag to 2024-03-16 06:20:00+00:00, run_after=2024-03-16 06:22:00+00:00
[2024-03-16T11:22:17.834+0500] {processor.py:183} INFO - Processing /home/muhammadsami/Public/Projects/Airflow/DataPipelineswithApacheAirflow/.env/lib/python3.8/site-packages/airflow/example_dags/example_sla_dag.py took 1.217 seconds
[2024-03-16T11:23:53.525+0500] {processor.py:161} INFO - Started process (PID=18446) to work on /home/muhammadsami/Public/Projects/Airflow/DataPipelineswithApacheAirflow/.env/lib/python3.8/site-packages/airflow/example_dags/example_sla_dag.py
[2024-03-16T11:23:53.527+0500] {processor.py:830} INFO - Processing file /home/muhammadsami/Public/Projects/Airflow/DataPipelineswithApacheAirflow/.env/lib/python3.8/site-packages/airflow/example_dags/example_sla_dag.py for tasks to queue
[2024-03-16T11:23:53.528+0500] {logging_mixin.py:188} INFO - [2024-03-16T11:23:53.528+0500] {dagbag.py:540} INFO - Filling up the DagBag from /home/muhammadsami/Public/Projects/Airflow/DataPipelineswithApacheAirflow/.env/lib/python3.8/site-packages/airflow/example_dags/example_sla_dag.py
[2024-03-16T11:23:53.535+0500] {processor.py:840} INFO - DAG(s) 'example_sla_dag' retrieved from /home/muhammadsami/Public/Projects/Airflow/DataPipelineswithApacheAirflow/.env/lib/python3.8/site-packages/airflow/example_dags/example_sla_dag.py
[2024-03-16T11:23:53.549+0500] {logging_mixin.py:188} INFO - [2024-03-16T11:23:53.548+0500] {dag.py:3047} INFO - Sync 1 DAGs
[2024-03-16T11:23:53.569+0500] {logging_mixin.py:188} INFO - [2024-03-16T11:23:53.568+0500] {dag.py:3834} INFO - Setting next_dagrun for example_sla_dag to 2024-03-16 06:20:00+00:00, run_after=2024-03-16 06:22:00+00:00
[2024-03-16T11:23:53.666+0500] {processor.py:183} INFO - Processing /home/muhammadsami/Public/Projects/Airflow/DataPipelineswithApacheAirflow/.env/lib/python3.8/site-packages/airflow/example_dags/example_sla_dag.py took 0.144 seconds
[2024-03-16T11:24:50.587+0500] {processor.py:161} INFO - Started process (PID=18573) to work on /home/muhammadsami/Public/Projects/Airflow/DataPipelineswithApacheAirflow/.env/lib/python3.8/site-packages/airflow/example_dags/example_sla_dag.py
[2024-03-16T11:24:50.588+0500] {processor.py:830} INFO - Processing file /home/muhammadsami/Public/Projects/Airflow/DataPipelineswithApacheAirflow/.env/lib/python3.8/site-packages/airflow/example_dags/example_sla_dag.py for tasks to queue
[2024-03-16T11:24:50.589+0500] {logging_mixin.py:188} INFO - [2024-03-16T11:24:50.589+0500] {dagbag.py:540} INFO - Filling up the DagBag from /home/muhammadsami/Public/Projects/Airflow/DataPipelineswithApacheAirflow/.env/lib/python3.8/site-packages/airflow/example_dags/example_sla_dag.py
[2024-03-16T11:24:50.597+0500] {processor.py:840} INFO - DAG(s) 'example_sla_dag' retrieved from /home/muhammadsami/Public/Projects/Airflow/DataPipelineswithApacheAirflow/.env/lib/python3.8/site-packages/airflow/example_dags/example_sla_dag.py
[2024-03-16T11:24:50.609+0500] {logging_mixin.py:188} INFO - [2024-03-16T11:24:50.609+0500] {dag.py:3047} INFO - Sync 1 DAGs
[2024-03-16T11:24:50.629+0500] {logging_mixin.py:188} INFO - [2024-03-16T11:24:50.629+0500] {dag.py:3834} INFO - Setting next_dagrun for example_sla_dag to 2024-03-16 06:22:00+00:00, run_after=2024-03-16 06:24:00+00:00
[2024-03-16T11:24:50.733+0500] {processor.py:183} INFO - Processing /home/muhammadsami/Public/Projects/Airflow/DataPipelineswithApacheAirflow/.env/lib/python3.8/site-packages/airflow/example_dags/example_sla_dag.py took 0.148 seconds
[2024-03-16T11:25:40.806+0500] {processor.py:161} INFO - Started process (PID=18638) to work on /home/muhammadsami/Public/Projects/Airflow/DataPipelineswithApacheAirflow/.env/lib/python3.8/site-packages/airflow/example_dags/example_sla_dag.py
[2024-03-16T11:25:40.808+0500] {processor.py:830} INFO - Processing file /home/muhammadsami/Public/Projects/Airflow/DataPipelineswithApacheAirflow/.env/lib/python3.8/site-packages/airflow/example_dags/example_sla_dag.py for tasks to queue
[2024-03-16T11:25:40.810+0500] {logging_mixin.py:188} INFO - [2024-03-16T11:25:40.810+0500] {dagbag.py:540} INFO - Filling up the DagBag from /home/muhammadsami/Public/Projects/Airflow/DataPipelineswithApacheAirflow/.env/lib/python3.8/site-packages/airflow/example_dags/example_sla_dag.py
[2024-03-16T11:25:40.821+0500] {processor.py:840} INFO - DAG(s) 'example_sla_dag' retrieved from /home/muhammadsami/Public/Projects/Airflow/DataPipelineswithApacheAirflow/.env/lib/python3.8/site-packages/airflow/example_dags/example_sla_dag.py
[2024-03-16T11:25:40.848+0500] {logging_mixin.py:188} INFO - [2024-03-16T11:25:40.847+0500] {dag.py:3047} INFO - Sync 1 DAGs
[2024-03-16T11:25:40.886+0500] {logging_mixin.py:188} INFO - [2024-03-16T11:25:40.886+0500] {dag.py:3834} INFO - Setting next_dagrun for example_sla_dag to 2024-03-16 06:22:00+00:00, run_after=2024-03-16 06:24:00+00:00
[2024-03-16T11:25:41.021+0500] {processor.py:183} INFO - Processing /home/muhammadsami/Public/Projects/Airflow/DataPipelineswithApacheAirflow/.env/lib/python3.8/site-packages/airflow/example_dags/example_sla_dag.py took 0.217 seconds
[2024-03-16T11:26:31.036+0500] {processor.py:161} INFO - Started process (PID=18722) to work on /home/muhammadsami/Public/Projects/Airflow/DataPipelineswithApacheAirflow/.env/lib/python3.8/site-packages/airflow/example_dags/example_sla_dag.py
[2024-03-16T11:26:31.038+0500] {processor.py:830} INFO - Processing file /home/muhammadsami/Public/Projects/Airflow/DataPipelineswithApacheAirflow/.env/lib/python3.8/site-packages/airflow/example_dags/example_sla_dag.py for tasks to queue
[2024-03-16T11:26:31.040+0500] {logging_mixin.py:188} INFO - [2024-03-16T11:26:31.039+0500] {dagbag.py:540} INFO - Filling up the DagBag from /home/muhammadsami/Public/Projects/Airflow/DataPipelineswithApacheAirflow/.env/lib/python3.8/site-packages/airflow/example_dags/example_sla_dag.py
[2024-03-16T11:26:31.050+0500] {processor.py:840} INFO - DAG(s) 'example_sla_dag' retrieved from /home/muhammadsami/Public/Projects/Airflow/DataPipelineswithApacheAirflow/.env/lib/python3.8/site-packages/airflow/example_dags/example_sla_dag.py
[2024-03-16T11:26:31.068+0500] {logging_mixin.py:188} INFO - [2024-03-16T11:26:31.068+0500] {dag.py:3047} INFO - Sync 1 DAGs
[2024-03-16T11:26:31.097+0500] {logging_mixin.py:188} INFO - [2024-03-16T11:26:31.097+0500] {dag.py:3834} INFO - Setting next_dagrun for example_sla_dag to 2024-03-16 06:24:00+00:00, run_after=2024-03-16 06:26:00+00:00
[2024-03-16T11:26:31.229+0500] {processor.py:183} INFO - Processing /home/muhammadsami/Public/Projects/Airflow/DataPipelineswithApacheAirflow/.env/lib/python3.8/site-packages/airflow/example_dags/example_sla_dag.py took 0.196 seconds
[2024-03-16T11:27:24.366+0500] {processor.py:161} INFO - Started process (PID=18775) to work on /home/muhammadsami/Public/Projects/Airflow/DataPipelineswithApacheAirflow/.env/lib/python3.8/site-packages/airflow/example_dags/example_sla_dag.py
[2024-03-16T11:27:24.367+0500] {processor.py:830} INFO - Processing file /home/muhammadsami/Public/Projects/Airflow/DataPipelineswithApacheAirflow/.env/lib/python3.8/site-packages/airflow/example_dags/example_sla_dag.py for tasks to queue
[2024-03-16T11:27:24.368+0500] {logging_mixin.py:188} INFO - [2024-03-16T11:27:24.368+0500] {dagbag.py:540} INFO - Filling up the DagBag from /home/muhammadsami/Public/Projects/Airflow/DataPipelineswithApacheAirflow/.env/lib/python3.8/site-packages/airflow/example_dags/example_sla_dag.py
[2024-03-16T11:27:24.375+0500] {processor.py:840} INFO - DAG(s) 'example_sla_dag' retrieved from /home/muhammadsami/Public/Projects/Airflow/DataPipelineswithApacheAirflow/.env/lib/python3.8/site-packages/airflow/example_dags/example_sla_dag.py
[2024-03-16T11:27:24.388+0500] {logging_mixin.py:188} INFO - [2024-03-16T11:27:24.387+0500] {dag.py:3047} INFO - Sync 1 DAGs
[2024-03-16T11:27:24.411+0500] {logging_mixin.py:188} INFO - [2024-03-16T11:27:24.411+0500] {dag.py:3834} INFO - Setting next_dagrun for example_sla_dag to 2024-03-16 06:24:00+00:00, run_after=2024-03-16 06:26:00+00:00
[2024-03-16T11:27:24.496+0500] {processor.py:183} INFO - Processing /home/muhammadsami/Public/Projects/Airflow/DataPipelineswithApacheAirflow/.env/lib/python3.8/site-packages/airflow/example_dags/example_sla_dag.py took 0.133 seconds
[2024-03-16T11:28:09.321+0500] {processor.py:161} INFO - Started process (PID=18822) to work on /home/muhammadsami/Public/Projects/Airflow/DataPipelineswithApacheAirflow/.env/lib/python3.8/site-packages/airflow/example_dags/example_sla_dag.py
[2024-03-16T11:28:09.322+0500] {processor.py:830} INFO - Processing file /home/muhammadsami/Public/Projects/Airflow/DataPipelineswithApacheAirflow/.env/lib/python3.8/site-packages/airflow/example_dags/example_sla_dag.py for tasks to queue
[2024-03-16T11:28:09.323+0500] {logging_mixin.py:188} INFO - [2024-03-16T11:28:09.323+0500] {dagbag.py:540} INFO - Filling up the DagBag from /home/muhammadsami/Public/Projects/Airflow/DataPipelineswithApacheAirflow/.env/lib/python3.8/site-packages/airflow/example_dags/example_sla_dag.py
[2024-03-16T11:28:09.336+0500] {processor.py:840} INFO - DAG(s) 'example_sla_dag' retrieved from /home/muhammadsami/Public/Projects/Airflow/DataPipelineswithApacheAirflow/.env/lib/python3.8/site-packages/airflow/example_dags/example_sla_dag.py
[2024-03-16T11:28:09.353+0500] {logging_mixin.py:188} INFO - [2024-03-16T11:28:09.353+0500] {dag.py:3047} INFO - Sync 1 DAGs
[2024-03-16T11:28:09.374+0500] {logging_mixin.py:188} INFO - [2024-03-16T11:28:09.374+0500] {dag.py:3834} INFO - Setting next_dagrun for example_sla_dag to 2024-03-16 06:26:00+00:00, run_after=2024-03-16 06:28:00+00:00
[2024-03-16T11:28:09.483+0500] {processor.py:183} INFO - Processing /home/muhammadsami/Public/Projects/Airflow/DataPipelineswithApacheAirflow/.env/lib/python3.8/site-packages/airflow/example_dags/example_sla_dag.py took 0.165 seconds
[2024-03-16T11:28:56.687+0500] {processor.py:161} INFO - Started process (PID=18886) to work on /home/muhammadsami/Public/Projects/Airflow/DataPipelineswithApacheAirflow/.env/lib/python3.8/site-packages/airflow/example_dags/example_sla_dag.py
[2024-03-16T11:28:56.689+0500] {processor.py:830} INFO - Processing file /home/muhammadsami/Public/Projects/Airflow/DataPipelineswithApacheAirflow/.env/lib/python3.8/site-packages/airflow/example_dags/example_sla_dag.py for tasks to queue
[2024-03-16T11:28:56.690+0500] {logging_mixin.py:188} INFO - [2024-03-16T11:28:56.690+0500] {dagbag.py:540} INFO - Filling up the DagBag from /home/muhammadsami/Public/Projects/Airflow/DataPipelineswithApacheAirflow/.env/lib/python3.8/site-packages/airflow/example_dags/example_sla_dag.py
[2024-03-16T11:28:56.700+0500] {processor.py:840} INFO - DAG(s) 'example_sla_dag' retrieved from /home/muhammadsami/Public/Projects/Airflow/DataPipelineswithApacheAirflow/.env/lib/python3.8/site-packages/airflow/example_dags/example_sla_dag.py
[2024-03-16T11:28:56.715+0500] {logging_mixin.py:188} INFO - [2024-03-16T11:28:56.714+0500] {dag.py:3047} INFO - Sync 1 DAGs
[2024-03-16T11:28:56.734+0500] {logging_mixin.py:188} INFO - [2024-03-16T11:28:56.734+0500] {dag.py:3834} INFO - Setting next_dagrun for example_sla_dag to 2024-03-16 06:26:00+00:00, run_after=2024-03-16 06:28:00+00:00
[2024-03-16T11:28:56.841+0500] {processor.py:183} INFO - Processing /home/muhammadsami/Public/Projects/Airflow/DataPipelineswithApacheAirflow/.env/lib/python3.8/site-packages/airflow/example_dags/example_sla_dag.py took 0.157 seconds
[2024-03-16T11:29:46.926+0500] {processor.py:161} INFO - Started process (PID=18942) to work on /home/muhammadsami/Public/Projects/Airflow/DataPipelineswithApacheAirflow/.env/lib/python3.8/site-packages/airflow/example_dags/example_sla_dag.py
[2024-03-16T11:29:46.927+0500] {processor.py:830} INFO - Processing file /home/muhammadsami/Public/Projects/Airflow/DataPipelineswithApacheAirflow/.env/lib/python3.8/site-packages/airflow/example_dags/example_sla_dag.py for tasks to queue
[2024-03-16T11:29:46.928+0500] {logging_mixin.py:188} INFO - [2024-03-16T11:29:46.928+0500] {dagbag.py:540} INFO - Filling up the DagBag from /home/muhammadsami/Public/Projects/Airflow/DataPipelineswithApacheAirflow/.env/lib/python3.8/site-packages/airflow/example_dags/example_sla_dag.py
[2024-03-16T11:29:46.937+0500] {processor.py:840} INFO - DAG(s) 'example_sla_dag' retrieved from /home/muhammadsami/Public/Projects/Airflow/DataPipelineswithApacheAirflow/.env/lib/python3.8/site-packages/airflow/example_dags/example_sla_dag.py
[2024-03-16T11:29:46.949+0500] {logging_mixin.py:188} INFO - [2024-03-16T11:29:46.949+0500] {dag.py:3047} INFO - Sync 1 DAGs
[2024-03-16T11:29:46.969+0500] {logging_mixin.py:188} INFO - [2024-03-16T11:29:46.969+0500] {dag.py:3834} INFO - Setting next_dagrun for example_sla_dag to 2024-03-16 06:26:00+00:00, run_after=2024-03-16 06:28:00+00:00
[2024-03-16T11:29:47.064+0500] {processor.py:183} INFO - Processing /home/muhammadsami/Public/Projects/Airflow/DataPipelineswithApacheAirflow/.env/lib/python3.8/site-packages/airflow/example_dags/example_sla_dag.py took 0.140 seconds
[2024-03-16T11:30:39.024+0500] {processor.py:161} INFO - Started process (PID=19004) to work on /home/muhammadsami/Public/Projects/Airflow/DataPipelineswithApacheAirflow/.env/lib/python3.8/site-packages/airflow/example_dags/example_sla_dag.py
[2024-03-16T11:30:39.036+0500] {processor.py:830} INFO - Processing file /home/muhammadsami/Public/Projects/Airflow/DataPipelineswithApacheAirflow/.env/lib/python3.8/site-packages/airflow/example_dags/example_sla_dag.py for tasks to queue
[2024-03-16T11:30:39.037+0500] {logging_mixin.py:188} INFO - [2024-03-16T11:30:39.036+0500] {dagbag.py:540} INFO - Filling up the DagBag from /home/muhammadsami/Public/Projects/Airflow/DataPipelineswithApacheAirflow/.env/lib/python3.8/site-packages/airflow/example_dags/example_sla_dag.py
[2024-03-16T11:30:39.044+0500] {processor.py:840} INFO - DAG(s) 'example_sla_dag' retrieved from /home/muhammadsami/Public/Projects/Airflow/DataPipelineswithApacheAirflow/.env/lib/python3.8/site-packages/airflow/example_dags/example_sla_dag.py
[2024-03-16T11:30:39.056+0500] {logging_mixin.py:188} INFO - [2024-03-16T11:30:39.056+0500] {dag.py:3047} INFO - Sync 1 DAGs
[2024-03-16T11:30:39.076+0500] {logging_mixin.py:188} INFO - [2024-03-16T11:30:39.076+0500] {dag.py:3834} INFO - Setting next_dagrun for example_sla_dag to 2024-03-16 06:28:00+00:00, run_after=2024-03-16 06:30:00+00:00
[2024-03-16T11:30:39.175+0500] {processor.py:183} INFO - Processing /home/muhammadsami/Public/Projects/Airflow/DataPipelineswithApacheAirflow/.env/lib/python3.8/site-packages/airflow/example_dags/example_sla_dag.py took 0.154 seconds
[2024-03-16T11:38:41.670+0500] {processor.py:161} INFO - Started process (PID=19465) to work on /home/muhammadsami/Public/Projects/Airflow/DataPipelineswithApacheAirflow/.env/lib/python3.8/site-packages/airflow/example_dags/example_sla_dag.py
[2024-03-16T11:38:41.671+0500] {processor.py:830} INFO - Processing file /home/muhammadsami/Public/Projects/Airflow/DataPipelineswithApacheAirflow/.env/lib/python3.8/site-packages/airflow/example_dags/example_sla_dag.py for tasks to queue
[2024-03-16T11:38:41.672+0500] {logging_mixin.py:188} INFO - [2024-03-16T11:38:41.672+0500] {dagbag.py:540} INFO - Filling up the DagBag from /home/muhammadsami/Public/Projects/Airflow/DataPipelineswithApacheAirflow/.env/lib/python3.8/site-packages/airflow/example_dags/example_sla_dag.py
[2024-03-16T11:38:41.682+0500] {processor.py:840} INFO - DAG(s) 'example_sla_dag' retrieved from /home/muhammadsami/Public/Projects/Airflow/DataPipelineswithApacheAirflow/.env/lib/python3.8/site-packages/airflow/example_dags/example_sla_dag.py
[2024-03-16T11:38:41.700+0500] {logging_mixin.py:188} INFO - [2024-03-16T11:38:41.699+0500] {dag.py:3047} INFO - Sync 1 DAGs
[2024-03-16T11:38:41.718+0500] {logging_mixin.py:188} INFO - [2024-03-16T11:38:41.718+0500] {dag.py:3834} INFO - Setting next_dagrun for example_sla_dag to 2024-03-16 06:36:00+00:00, run_after=2024-03-16 06:38:00+00:00
[2024-03-16T11:38:41.816+0500] {processor.py:183} INFO - Processing /home/muhammadsami/Public/Projects/Airflow/DataPipelineswithApacheAirflow/.env/lib/python3.8/site-packages/airflow/example_dags/example_sla_dag.py took 0.149 seconds
[2024-03-16T11:39:46.275+0500] {processor.py:161} INFO - Started process (PID=19813) to work on /home/muhammadsami/Public/Projects/Airflow/DataPipelineswithApacheAirflow/.env/lib/python3.8/site-packages/airflow/example_dags/example_sla_dag.py
[2024-03-16T11:39:46.281+0500] {processor.py:830} INFO - Processing file /home/muhammadsami/Public/Projects/Airflow/DataPipelineswithApacheAirflow/.env/lib/python3.8/site-packages/airflow/example_dags/example_sla_dag.py for tasks to queue
[2024-03-16T11:39:46.282+0500] {logging_mixin.py:188} INFO - [2024-03-16T11:39:46.281+0500] {dagbag.py:540} INFO - Filling up the DagBag from /home/muhammadsami/Public/Projects/Airflow/DataPipelineswithApacheAirflow/.env/lib/python3.8/site-packages/airflow/example_dags/example_sla_dag.py
[2024-03-16T11:39:46.290+0500] {processor.py:840} INFO - DAG(s) 'example_sla_dag' retrieved from /home/muhammadsami/Public/Projects/Airflow/DataPipelineswithApacheAirflow/.env/lib/python3.8/site-packages/airflow/example_dags/example_sla_dag.py
[2024-03-16T11:39:46.310+0500] {logging_mixin.py:188} INFO - [2024-03-16T11:39:46.310+0500] {dag.py:3047} INFO - Sync 1 DAGs
[2024-03-16T11:39:46.345+0500] {logging_mixin.py:188} INFO - [2024-03-16T11:39:46.345+0500] {dag.py:3834} INFO - Setting next_dagrun for example_sla_dag to 2024-03-16 06:36:00+00:00, run_after=2024-03-16 06:38:00+00:00
[2024-03-16T11:39:46.448+0500] {processor.py:183} INFO - Processing /home/muhammadsami/Public/Projects/Airflow/DataPipelineswithApacheAirflow/.env/lib/python3.8/site-packages/airflow/example_dags/example_sla_dag.py took 0.175 seconds
[2024-03-16T11:40:54.551+0500] {processor.py:161} INFO - Started process (PID=20034) to work on /home/muhammadsami/Public/Projects/Airflow/DataPipelineswithApacheAirflow/.env/lib/python3.8/site-packages/airflow/example_dags/example_sla_dag.py
[2024-03-16T11:40:54.552+0500] {processor.py:830} INFO - Processing file /home/muhammadsami/Public/Projects/Airflow/DataPipelineswithApacheAirflow/.env/lib/python3.8/site-packages/airflow/example_dags/example_sla_dag.py for tasks to queue
[2024-03-16T11:40:54.553+0500] {logging_mixin.py:188} INFO - [2024-03-16T11:40:54.552+0500] {dagbag.py:540} INFO - Filling up the DagBag from /home/muhammadsami/Public/Projects/Airflow/DataPipelineswithApacheAirflow/.env/lib/python3.8/site-packages/airflow/example_dags/example_sla_dag.py
[2024-03-16T11:40:54.652+0500] {processor.py:840} INFO - DAG(s) 'example_sla_dag' retrieved from /home/muhammadsami/Public/Projects/Airflow/DataPipelineswithApacheAirflow/.env/lib/python3.8/site-packages/airflow/example_dags/example_sla_dag.py
[2024-03-16T11:40:54.660+0500] {logging_mixin.py:188} INFO - [2024-03-16T11:40:54.660+0500] {dag.py:3047} INFO - Sync 1 DAGs
[2024-03-16T11:40:54.677+0500] {logging_mixin.py:188} INFO - [2024-03-16T11:40:54.677+0500] {dag.py:3834} INFO - Setting next_dagrun for example_sla_dag to 2024-03-16 06:38:00+00:00, run_after=2024-03-16 06:40:00+00:00
[2024-03-16T11:40:54.781+0500] {processor.py:183} INFO - Processing /home/muhammadsami/Public/Projects/Airflow/DataPipelineswithApacheAirflow/.env/lib/python3.8/site-packages/airflow/example_dags/example_sla_dag.py took 0.233 seconds
[2024-03-16T11:42:07.376+0500] {processor.py:161} INFO - Started process (PID=20231) to work on /home/muhammadsami/Public/Projects/Airflow/DataPipelineswithApacheAirflow/.env/lib/python3.8/site-packages/airflow/example_dags/example_sla_dag.py
[2024-03-16T11:42:07.378+0500] {processor.py:830} INFO - Processing file /home/muhammadsami/Public/Projects/Airflow/DataPipelineswithApacheAirflow/.env/lib/python3.8/site-packages/airflow/example_dags/example_sla_dag.py for tasks to queue
[2024-03-16T11:42:07.379+0500] {logging_mixin.py:188} INFO - [2024-03-16T11:42:07.378+0500] {dagbag.py:540} INFO - Filling up the DagBag from /home/muhammadsami/Public/Projects/Airflow/DataPipelineswithApacheAirflow/.env/lib/python3.8/site-packages/airflow/example_dags/example_sla_dag.py
[2024-03-16T11:42:07.389+0500] {processor.py:840} INFO - DAG(s) 'example_sla_dag' retrieved from /home/muhammadsami/Public/Projects/Airflow/DataPipelineswithApacheAirflow/.env/lib/python3.8/site-packages/airflow/example_dags/example_sla_dag.py
[2024-03-16T11:42:07.402+0500] {logging_mixin.py:188} INFO - [2024-03-16T11:42:07.401+0500] {dag.py:3047} INFO - Sync 1 DAGs
[2024-03-16T11:42:07.421+0500] {logging_mixin.py:188} INFO - [2024-03-16T11:42:07.421+0500] {dag.py:3834} INFO - Setting next_dagrun for example_sla_dag to 2024-03-16 06:40:00+00:00, run_after=2024-03-16 06:42:00+00:00
[2024-03-16T11:42:07.522+0500] {processor.py:183} INFO - Processing /home/muhammadsami/Public/Projects/Airflow/DataPipelineswithApacheAirflow/.env/lib/python3.8/site-packages/airflow/example_dags/example_sla_dag.py took 0.149 seconds
[2024-03-16T11:42:59.168+0500] {processor.py:161} INFO - Started process (PID=20291) to work on /home/muhammadsami/Public/Projects/Airflow/DataPipelineswithApacheAirflow/.env/lib/python3.8/site-packages/airflow/example_dags/example_sla_dag.py
[2024-03-16T11:42:59.183+0500] {processor.py:830} INFO - Processing file /home/muhammadsami/Public/Projects/Airflow/DataPipelineswithApacheAirflow/.env/lib/python3.8/site-packages/airflow/example_dags/example_sla_dag.py for tasks to queue
[2024-03-16T11:42:59.184+0500] {logging_mixin.py:188} INFO - [2024-03-16T11:42:59.184+0500] {dagbag.py:540} INFO - Filling up the DagBag from /home/muhammadsami/Public/Projects/Airflow/DataPipelineswithApacheAirflow/.env/lib/python3.8/site-packages/airflow/example_dags/example_sla_dag.py
[2024-03-16T11:42:59.191+0500] {processor.py:840} INFO - DAG(s) 'example_sla_dag' retrieved from /home/muhammadsami/Public/Projects/Airflow/DataPipelineswithApacheAirflow/.env/lib/python3.8/site-packages/airflow/example_dags/example_sla_dag.py
[2024-03-16T11:42:59.203+0500] {logging_mixin.py:188} INFO - [2024-03-16T11:42:59.203+0500] {dag.py:3047} INFO - Sync 1 DAGs
[2024-03-16T11:42:59.223+0500] {logging_mixin.py:188} INFO - [2024-03-16T11:42:59.223+0500] {dag.py:3834} INFO - Setting next_dagrun for example_sla_dag to 2024-03-16 06:40:00+00:00, run_after=2024-03-16 06:42:00+00:00
[2024-03-16T11:42:59.319+0500] {processor.py:183} INFO - Processing /home/muhammadsami/Public/Projects/Airflow/DataPipelineswithApacheAirflow/.env/lib/python3.8/site-packages/airflow/example_dags/example_sla_dag.py took 0.154 seconds
[2024-03-16T11:43:45.437+0500] {processor.py:161} INFO - Started process (PID=20365) to work on /home/muhammadsami/Public/Projects/Airflow/DataPipelineswithApacheAirflow/.env/lib/python3.8/site-packages/airflow/example_dags/example_sla_dag.py
[2024-03-16T11:43:45.455+0500] {processor.py:830} INFO - Processing file /home/muhammadsami/Public/Projects/Airflow/DataPipelineswithApacheAirflow/.env/lib/python3.8/site-packages/airflow/example_dags/example_sla_dag.py for tasks to queue
[2024-03-16T11:43:45.456+0500] {logging_mixin.py:188} INFO - [2024-03-16T11:43:45.455+0500] {dagbag.py:540} INFO - Filling up the DagBag from /home/muhammadsami/Public/Projects/Airflow/DataPipelineswithApacheAirflow/.env/lib/python3.8/site-packages/airflow/example_dags/example_sla_dag.py
[2024-03-16T11:43:45.463+0500] {processor.py:840} INFO - DAG(s) 'example_sla_dag' retrieved from /home/muhammadsami/Public/Projects/Airflow/DataPipelineswithApacheAirflow/.env/lib/python3.8/site-packages/airflow/example_dags/example_sla_dag.py
[2024-03-16T11:43:45.475+0500] {logging_mixin.py:188} INFO - [2024-03-16T11:43:45.475+0500] {dag.py:3047} INFO - Sync 1 DAGs
[2024-03-16T11:43:45.496+0500] {logging_mixin.py:188} INFO - [2024-03-16T11:43:45.496+0500] {dag.py:3834} INFO - Setting next_dagrun for example_sla_dag to 2024-03-16 06:40:00+00:00, run_after=2024-03-16 06:42:00+00:00
[2024-03-16T11:43:45.599+0500] {processor.py:183} INFO - Processing /home/muhammadsami/Public/Projects/Airflow/DataPipelineswithApacheAirflow/.env/lib/python3.8/site-packages/airflow/example_dags/example_sla_dag.py took 0.165 seconds
[2024-03-16T11:44:35.562+0500] {processor.py:161} INFO - Started process (PID=20450) to work on /home/muhammadsami/Public/Projects/Airflow/DataPipelineswithApacheAirflow/.env/lib/python3.8/site-packages/airflow/example_dags/example_sla_dag.py
[2024-03-16T11:44:35.578+0500] {processor.py:830} INFO - Processing file /home/muhammadsami/Public/Projects/Airflow/DataPipelineswithApacheAirflow/.env/lib/python3.8/site-packages/airflow/example_dags/example_sla_dag.py for tasks to queue
[2024-03-16T11:44:35.579+0500] {logging_mixin.py:188} INFO - [2024-03-16T11:44:35.578+0500] {dagbag.py:540} INFO - Filling up the DagBag from /home/muhammadsami/Public/Projects/Airflow/DataPipelineswithApacheAirflow/.env/lib/python3.8/site-packages/airflow/example_dags/example_sla_dag.py
[2024-03-16T11:44:35.586+0500] {processor.py:840} INFO - DAG(s) 'example_sla_dag' retrieved from /home/muhammadsami/Public/Projects/Airflow/DataPipelineswithApacheAirflow/.env/lib/python3.8/site-packages/airflow/example_dags/example_sla_dag.py
[2024-03-16T11:44:35.598+0500] {logging_mixin.py:188} INFO - [2024-03-16T11:44:35.598+0500] {dag.py:3047} INFO - Sync 1 DAGs
[2024-03-16T11:44:35.617+0500] {logging_mixin.py:188} INFO - [2024-03-16T11:44:35.617+0500] {dag.py:3834} INFO - Setting next_dagrun for example_sla_dag to 2024-03-16 06:42:00+00:00, run_after=2024-03-16 06:44:00+00:00
[2024-03-16T11:44:35.719+0500] {processor.py:183} INFO - Processing /home/muhammadsami/Public/Projects/Airflow/DataPipelineswithApacheAirflow/.env/lib/python3.8/site-packages/airflow/example_dags/example_sla_dag.py took 0.159 seconds
[2024-03-16T11:45:40.198+0500] {processor.py:161} INFO - Started process (PID=20827) to work on /home/muhammadsami/Public/Projects/Airflow/DataPipelineswithApacheAirflow/.env/lib/python3.8/site-packages/airflow/example_dags/example_sla_dag.py
[2024-03-16T11:45:40.216+0500] {processor.py:830} INFO - Processing file /home/muhammadsami/Public/Projects/Airflow/DataPipelineswithApacheAirflow/.env/lib/python3.8/site-packages/airflow/example_dags/example_sla_dag.py for tasks to queue
[2024-03-16T11:45:40.217+0500] {logging_mixin.py:188} INFO - [2024-03-16T11:45:40.217+0500] {dagbag.py:540} INFO - Filling up the DagBag from /home/muhammadsami/Public/Projects/Airflow/DataPipelineswithApacheAirflow/.env/lib/python3.8/site-packages/airflow/example_dags/example_sla_dag.py
[2024-03-16T11:45:40.224+0500] {processor.py:840} INFO - DAG(s) 'example_sla_dag' retrieved from /home/muhammadsami/Public/Projects/Airflow/DataPipelineswithApacheAirflow/.env/lib/python3.8/site-packages/airflow/example_dags/example_sla_dag.py
[2024-03-16T11:45:40.240+0500] {logging_mixin.py:188} INFO - [2024-03-16T11:45:40.240+0500] {dag.py:3047} INFO - Sync 1 DAGs
[2024-03-16T11:45:40.259+0500] {logging_mixin.py:188} INFO - [2024-03-16T11:45:40.259+0500] {dag.py:3834} INFO - Setting next_dagrun for example_sla_dag to 2024-03-16 06:42:00+00:00, run_after=2024-03-16 06:44:00+00:00
[2024-03-16T11:45:40.346+0500] {processor.py:183} INFO - Processing /home/muhammadsami/Public/Projects/Airflow/DataPipelineswithApacheAirflow/.env/lib/python3.8/site-packages/airflow/example_dags/example_sla_dag.py took 0.151 seconds
[2024-03-16T11:46:36.593+0500] {processor.py:161} INFO - Started process (PID=20887) to work on /home/muhammadsami/Public/Projects/Airflow/DataPipelineswithApacheAirflow/.env/lib/python3.8/site-packages/airflow/example_dags/example_sla_dag.py
[2024-03-16T11:46:36.594+0500] {processor.py:830} INFO - Processing file /home/muhammadsami/Public/Projects/Airflow/DataPipelineswithApacheAirflow/.env/lib/python3.8/site-packages/airflow/example_dags/example_sla_dag.py for tasks to queue
[2024-03-16T11:46:36.595+0500] {logging_mixin.py:188} INFO - [2024-03-16T11:46:36.595+0500] {dagbag.py:540} INFO - Filling up the DagBag from /home/muhammadsami/Public/Projects/Airflow/DataPipelineswithApacheAirflow/.env/lib/python3.8/site-packages/airflow/example_dags/example_sla_dag.py
[2024-03-16T11:46:36.608+0500] {processor.py:840} INFO - DAG(s) 'example_sla_dag' retrieved from /home/muhammadsami/Public/Projects/Airflow/DataPipelineswithApacheAirflow/.env/lib/python3.8/site-packages/airflow/example_dags/example_sla_dag.py
[2024-03-16T11:46:36.629+0500] {logging_mixin.py:188} INFO - [2024-03-16T11:46:36.629+0500] {dag.py:3047} INFO - Sync 1 DAGs
[2024-03-16T11:46:36.663+0500] {logging_mixin.py:188} INFO - [2024-03-16T11:46:36.663+0500] {dag.py:3834} INFO - Setting next_dagrun for example_sla_dag to 2024-03-16 06:44:00+00:00, run_after=2024-03-16 06:46:00+00:00
[2024-03-16T11:46:36.782+0500] {processor.py:183} INFO - Processing /home/muhammadsami/Public/Projects/Airflow/DataPipelineswithApacheAirflow/.env/lib/python3.8/site-packages/airflow/example_dags/example_sla_dag.py took 0.195 seconds
[2024-03-16T11:47:26.021+0500] {processor.py:161} INFO - Started process (PID=20965) to work on /home/muhammadsami/Public/Projects/Airflow/DataPipelineswithApacheAirflow/.env/lib/python3.8/site-packages/airflow/example_dags/example_sla_dag.py
[2024-03-16T11:47:26.269+0500] {processor.py:830} INFO - Processing file /home/muhammadsami/Public/Projects/Airflow/DataPipelineswithApacheAirflow/.env/lib/python3.8/site-packages/airflow/example_dags/example_sla_dag.py for tasks to queue
[2024-03-16T11:47:26.270+0500] {logging_mixin.py:188} INFO - [2024-03-16T11:47:26.270+0500] {dagbag.py:540} INFO - Filling up the DagBag from /home/muhammadsami/Public/Projects/Airflow/DataPipelineswithApacheAirflow/.env/lib/python3.8/site-packages/airflow/example_dags/example_sla_dag.py
[2024-03-16T11:47:26.278+0500] {processor.py:840} INFO - DAG(s) 'example_sla_dag' retrieved from /home/muhammadsami/Public/Projects/Airflow/DataPipelineswithApacheAirflow/.env/lib/python3.8/site-packages/airflow/example_dags/example_sla_dag.py
[2024-03-16T11:47:26.290+0500] {logging_mixin.py:188} INFO - [2024-03-16T11:47:26.290+0500] {dag.py:3047} INFO - Sync 1 DAGs
[2024-03-16T11:47:26.309+0500] {logging_mixin.py:188} INFO - [2024-03-16T11:47:26.309+0500] {dag.py:3834} INFO - Setting next_dagrun for example_sla_dag to 2024-03-16 06:44:00+00:00, run_after=2024-03-16 06:46:00+00:00
[2024-03-16T11:47:26.556+0500] {processor.py:183} INFO - Processing /home/muhammadsami/Public/Projects/Airflow/DataPipelineswithApacheAirflow/.env/lib/python3.8/site-packages/airflow/example_dags/example_sla_dag.py took 0.537 seconds
[2024-03-16T11:48:16.289+0500] {processor.py:161} INFO - Started process (PID=21014) to work on /home/muhammadsami/Public/Projects/Airflow/DataPipelineswithApacheAirflow/.env/lib/python3.8/site-packages/airflow/example_dags/example_sla_dag.py
[2024-03-16T11:48:16.290+0500] {processor.py:830} INFO - Processing file /home/muhammadsami/Public/Projects/Airflow/DataPipelineswithApacheAirflow/.env/lib/python3.8/site-packages/airflow/example_dags/example_sla_dag.py for tasks to queue
[2024-03-16T11:48:16.291+0500] {logging_mixin.py:188} INFO - [2024-03-16T11:48:16.291+0500] {dagbag.py:540} INFO - Filling up the DagBag from /home/muhammadsami/Public/Projects/Airflow/DataPipelineswithApacheAirflow/.env/lib/python3.8/site-packages/airflow/example_dags/example_sla_dag.py
[2024-03-16T11:48:16.301+0500] {processor.py:840} INFO - DAG(s) 'example_sla_dag' retrieved from /home/muhammadsami/Public/Projects/Airflow/DataPipelineswithApacheAirflow/.env/lib/python3.8/site-packages/airflow/example_dags/example_sla_dag.py
[2024-03-16T11:48:16.314+0500] {logging_mixin.py:188} INFO - [2024-03-16T11:48:16.313+0500] {dag.py:3047} INFO - Sync 1 DAGs
[2024-03-16T11:48:16.335+0500] {logging_mixin.py:188} INFO - [2024-03-16T11:48:16.335+0500] {dag.py:3834} INFO - Setting next_dagrun for example_sla_dag to 2024-03-16 06:46:00+00:00, run_after=2024-03-16 06:48:00+00:00
[2024-03-16T11:48:16.450+0500] {processor.py:183} INFO - Processing /home/muhammadsami/Public/Projects/Airflow/DataPipelineswithApacheAirflow/.env/lib/python3.8/site-packages/airflow/example_dags/example_sla_dag.py took 0.164 seconds
[2024-03-16T11:49:02.433+0500] {processor.py:161} INFO - Started process (PID=21086) to work on /home/muhammadsami/Public/Projects/Airflow/DataPipelineswithApacheAirflow/.env/lib/python3.8/site-packages/airflow/example_dags/example_sla_dag.py
[2024-03-16T11:49:02.438+0500] {processor.py:830} INFO - Processing file /home/muhammadsami/Public/Projects/Airflow/DataPipelineswithApacheAirflow/.env/lib/python3.8/site-packages/airflow/example_dags/example_sla_dag.py for tasks to queue
[2024-03-16T11:49:02.439+0500] {logging_mixin.py:188} INFO - [2024-03-16T11:49:02.439+0500] {dagbag.py:540} INFO - Filling up the DagBag from /home/muhammadsami/Public/Projects/Airflow/DataPipelineswithApacheAirflow/.env/lib/python3.8/site-packages/airflow/example_dags/example_sla_dag.py
[2024-03-16T11:49:02.447+0500] {processor.py:840} INFO - DAG(s) 'example_sla_dag' retrieved from /home/muhammadsami/Public/Projects/Airflow/DataPipelineswithApacheAirflow/.env/lib/python3.8/site-packages/airflow/example_dags/example_sla_dag.py
[2024-03-16T11:49:02.461+0500] {logging_mixin.py:188} INFO - [2024-03-16T11:49:02.460+0500] {dag.py:3047} INFO - Sync 1 DAGs
[2024-03-16T11:49:02.481+0500] {logging_mixin.py:188} INFO - [2024-03-16T11:49:02.481+0500] {dag.py:3834} INFO - Setting next_dagrun for example_sla_dag to 2024-03-16 06:46:00+00:00, run_after=2024-03-16 06:48:00+00:00
[2024-03-16T11:49:02.573+0500] {processor.py:183} INFO - Processing /home/muhammadsami/Public/Projects/Airflow/DataPipelineswithApacheAirflow/.env/lib/python3.8/site-packages/airflow/example_dags/example_sla_dag.py took 0.143 seconds
[2024-03-16T11:49:51.827+0500] {processor.py:161} INFO - Started process (PID=21132) to work on /home/muhammadsami/Public/Projects/Airflow/DataPipelineswithApacheAirflow/.env/lib/python3.8/site-packages/airflow/example_dags/example_sla_dag.py
[2024-03-16T11:49:51.830+0500] {processor.py:830} INFO - Processing file /home/muhammadsami/Public/Projects/Airflow/DataPipelineswithApacheAirflow/.env/lib/python3.8/site-packages/airflow/example_dags/example_sla_dag.py for tasks to queue
[2024-03-16T11:49:51.831+0500] {logging_mixin.py:188} INFO - [2024-03-16T11:49:51.830+0500] {dagbag.py:540} INFO - Filling up the DagBag from /home/muhammadsami/Public/Projects/Airflow/DataPipelineswithApacheAirflow/.env/lib/python3.8/site-packages/airflow/example_dags/example_sla_dag.py
[2024-03-16T11:49:51.838+0500] {processor.py:840} INFO - DAG(s) 'example_sla_dag' retrieved from /home/muhammadsami/Public/Projects/Airflow/DataPipelineswithApacheAirflow/.env/lib/python3.8/site-packages/airflow/example_dags/example_sla_dag.py
[2024-03-16T11:49:51.850+0500] {logging_mixin.py:188} INFO - [2024-03-16T11:49:51.850+0500] {dag.py:3047} INFO - Sync 1 DAGs
[2024-03-16T11:49:51.870+0500] {logging_mixin.py:188} INFO - [2024-03-16T11:49:51.869+0500] {dag.py:3834} INFO - Setting next_dagrun for example_sla_dag to 2024-03-16 06:46:00+00:00, run_after=2024-03-16 06:48:00+00:00
[2024-03-16T11:49:52.150+0500] {processor.py:183} INFO - Processing /home/muhammadsami/Public/Projects/Airflow/DataPipelineswithApacheAirflow/.env/lib/python3.8/site-packages/airflow/example_dags/example_sla_dag.py took 0.325 seconds
[2024-03-16T11:50:41.817+0500] {processor.py:161} INFO - Started process (PID=21182) to work on /home/muhammadsami/Public/Projects/Airflow/DataPipelineswithApacheAirflow/.env/lib/python3.8/site-packages/airflow/example_dags/example_sla_dag.py
[2024-03-16T11:50:41.819+0500] {processor.py:830} INFO - Processing file /home/muhammadsami/Public/Projects/Airflow/DataPipelineswithApacheAirflow/.env/lib/python3.8/site-packages/airflow/example_dags/example_sla_dag.py for tasks to queue
[2024-03-16T11:50:41.820+0500] {logging_mixin.py:188} INFO - [2024-03-16T11:50:41.819+0500] {dagbag.py:540} INFO - Filling up the DagBag from /home/muhammadsami/Public/Projects/Airflow/DataPipelineswithApacheAirflow/.env/lib/python3.8/site-packages/airflow/example_dags/example_sla_dag.py
[2024-03-16T11:50:41.829+0500] {processor.py:840} INFO - DAG(s) 'example_sla_dag' retrieved from /home/muhammadsami/Public/Projects/Airflow/DataPipelineswithApacheAirflow/.env/lib/python3.8/site-packages/airflow/example_dags/example_sla_dag.py
[2024-03-16T11:50:41.842+0500] {logging_mixin.py:188} INFO - [2024-03-16T11:50:41.842+0500] {dag.py:3047} INFO - Sync 1 DAGs
[2024-03-16T11:50:41.861+0500] {logging_mixin.py:188} INFO - [2024-03-16T11:50:41.861+0500] {dag.py:3834} INFO - Setting next_dagrun for example_sla_dag to 2024-03-16 06:48:00+00:00, run_after=2024-03-16 06:50:00+00:00
[2024-03-16T11:50:41.968+0500] {processor.py:183} INFO - Processing /home/muhammadsami/Public/Projects/Airflow/DataPipelineswithApacheAirflow/.env/lib/python3.8/site-packages/airflow/example_dags/example_sla_dag.py took 0.153 seconds
[2024-03-16T11:51:34.947+0500] {processor.py:161} INFO - Started process (PID=21314) to work on /home/muhammadsami/Public/Projects/Airflow/DataPipelineswithApacheAirflow/.env/lib/python3.8/site-packages/airflow/example_dags/example_sla_dag.py
[2024-03-16T11:51:34.948+0500] {processor.py:830} INFO - Processing file /home/muhammadsami/Public/Projects/Airflow/DataPipelineswithApacheAirflow/.env/lib/python3.8/site-packages/airflow/example_dags/example_sla_dag.py for tasks to queue
[2024-03-16T11:51:34.949+0500] {logging_mixin.py:188} INFO - [2024-03-16T11:51:34.948+0500] {dagbag.py:540} INFO - Filling up the DagBag from /home/muhammadsami/Public/Projects/Airflow/DataPipelineswithApacheAirflow/.env/lib/python3.8/site-packages/airflow/example_dags/example_sla_dag.py
[2024-03-16T11:51:34.957+0500] {processor.py:840} INFO - DAG(s) 'example_sla_dag' retrieved from /home/muhammadsami/Public/Projects/Airflow/DataPipelineswithApacheAirflow/.env/lib/python3.8/site-packages/airflow/example_dags/example_sla_dag.py
[2024-03-16T11:51:34.972+0500] {logging_mixin.py:188} INFO - [2024-03-16T11:51:34.971+0500] {dag.py:3047} INFO - Sync 1 DAGs
[2024-03-16T11:51:34.992+0500] {logging_mixin.py:188} INFO - [2024-03-16T11:51:34.992+0500] {dag.py:3834} INFO - Setting next_dagrun for example_sla_dag to 2024-03-16 06:48:00+00:00, run_after=2024-03-16 06:50:00+00:00
[2024-03-16T11:51:35.129+0500] {processor.py:183} INFO - Processing /home/muhammadsami/Public/Projects/Airflow/DataPipelineswithApacheAirflow/.env/lib/python3.8/site-packages/airflow/example_dags/example_sla_dag.py took 0.185 seconds
[2024-03-16T11:52:26.255+0500] {processor.py:161} INFO - Started process (PID=21477) to work on /home/muhammadsami/Public/Projects/Airflow/DataPipelineswithApacheAirflow/.env/lib/python3.8/site-packages/airflow/example_dags/example_sla_dag.py
[2024-03-16T11:52:26.256+0500] {processor.py:830} INFO - Processing file /home/muhammadsami/Public/Projects/Airflow/DataPipelineswithApacheAirflow/.env/lib/python3.8/site-packages/airflow/example_dags/example_sla_dag.py for tasks to queue
[2024-03-16T11:52:26.258+0500] {logging_mixin.py:188} INFO - [2024-03-16T11:52:26.257+0500] {dagbag.py:540} INFO - Filling up the DagBag from /home/muhammadsami/Public/Projects/Airflow/DataPipelineswithApacheAirflow/.env/lib/python3.8/site-packages/airflow/example_dags/example_sla_dag.py
[2024-03-16T11:52:26.269+0500] {processor.py:840} INFO - DAG(s) 'example_sla_dag' retrieved from /home/muhammadsami/Public/Projects/Airflow/DataPipelineswithApacheAirflow/.env/lib/python3.8/site-packages/airflow/example_dags/example_sla_dag.py
[2024-03-16T11:52:26.285+0500] {logging_mixin.py:188} INFO - [2024-03-16T11:52:26.285+0500] {dag.py:3047} INFO - Sync 1 DAGs
[2024-03-16T11:52:26.313+0500] {logging_mixin.py:188} INFO - [2024-03-16T11:52:26.313+0500] {dag.py:3834} INFO - Setting next_dagrun for example_sla_dag to 2024-03-16 06:50:00+00:00, run_after=2024-03-16 06:52:00+00:00
[2024-03-16T11:52:26.427+0500] {processor.py:183} INFO - Processing /home/muhammadsami/Public/Projects/Airflow/DataPipelineswithApacheAirflow/.env/lib/python3.8/site-packages/airflow/example_dags/example_sla_dag.py took 0.175 seconds
[2024-03-16T11:53:19.437+0500] {processor.py:161} INFO - Started process (PID=21534) to work on /home/muhammadsami/Public/Projects/Airflow/DataPipelineswithApacheAirflow/.env/lib/python3.8/site-packages/airflow/example_dags/example_sla_dag.py
[2024-03-16T11:53:19.447+0500] {processor.py:830} INFO - Processing file /home/muhammadsami/Public/Projects/Airflow/DataPipelineswithApacheAirflow/.env/lib/python3.8/site-packages/airflow/example_dags/example_sla_dag.py for tasks to queue
[2024-03-16T11:53:19.448+0500] {logging_mixin.py:188} INFO - [2024-03-16T11:53:19.448+0500] {dagbag.py:540} INFO - Filling up the DagBag from /home/muhammadsami/Public/Projects/Airflow/DataPipelineswithApacheAirflow/.env/lib/python3.8/site-packages/airflow/example_dags/example_sla_dag.py
[2024-03-16T11:53:19.456+0500] {processor.py:840} INFO - DAG(s) 'example_sla_dag' retrieved from /home/muhammadsami/Public/Projects/Airflow/DataPipelineswithApacheAirflow/.env/lib/python3.8/site-packages/airflow/example_dags/example_sla_dag.py
[2024-03-16T11:53:19.468+0500] {logging_mixin.py:188} INFO - [2024-03-16T11:53:19.468+0500] {dag.py:3047} INFO - Sync 1 DAGs
[2024-03-16T11:53:19.489+0500] {logging_mixin.py:188} INFO - [2024-03-16T11:53:19.488+0500] {dag.py:3834} INFO - Setting next_dagrun for example_sla_dag to 2024-03-16 06:50:00+00:00, run_after=2024-03-16 06:52:00+00:00
[2024-03-16T11:53:19.575+0500] {processor.py:183} INFO - Processing /home/muhammadsami/Public/Projects/Airflow/DataPipelineswithApacheAirflow/.env/lib/python3.8/site-packages/airflow/example_dags/example_sla_dag.py took 0.141 seconds
[2024-03-16T11:54:10.426+0500] {processor.py:161} INFO - Started process (PID=21655) to work on /home/muhammadsami/Public/Projects/Airflow/DataPipelineswithApacheAirflow/.env/lib/python3.8/site-packages/airflow/example_dags/example_sla_dag.py
[2024-03-16T11:54:10.431+0500] {processor.py:830} INFO - Processing file /home/muhammadsami/Public/Projects/Airflow/DataPipelineswithApacheAirflow/.env/lib/python3.8/site-packages/airflow/example_dags/example_sla_dag.py for tasks to queue
[2024-03-16T11:54:10.432+0500] {logging_mixin.py:188} INFO - [2024-03-16T11:54:10.431+0500] {dagbag.py:540} INFO - Filling up the DagBag from /home/muhammadsami/Public/Projects/Airflow/DataPipelineswithApacheAirflow/.env/lib/python3.8/site-packages/airflow/example_dags/example_sla_dag.py
[2024-03-16T11:54:10.440+0500] {processor.py:840} INFO - DAG(s) 'example_sla_dag' retrieved from /home/muhammadsami/Public/Projects/Airflow/DataPipelineswithApacheAirflow/.env/lib/python3.8/site-packages/airflow/example_dags/example_sla_dag.py
[2024-03-16T11:54:10.453+0500] {logging_mixin.py:188} INFO - [2024-03-16T11:54:10.453+0500] {dag.py:3047} INFO - Sync 1 DAGs
[2024-03-16T11:54:10.473+0500] {logging_mixin.py:188} INFO - [2024-03-16T11:54:10.473+0500] {dag.py:3834} INFO - Setting next_dagrun for example_sla_dag to 2024-03-16 06:52:00+00:00, run_after=2024-03-16 06:54:00+00:00
[2024-03-16T11:54:10.585+0500] {processor.py:183} INFO - Processing /home/muhammadsami/Public/Projects/Airflow/DataPipelineswithApacheAirflow/.env/lib/python3.8/site-packages/airflow/example_dags/example_sla_dag.py took 0.162 seconds
[2024-03-16T11:54:59.682+0500] {processor.py:161} INFO - Started process (PID=21809) to work on /home/muhammadsami/Public/Projects/Airflow/DataPipelineswithApacheAirflow/.env/lib/python3.8/site-packages/airflow/example_dags/example_sla_dag.py
[2024-03-16T11:54:59.694+0500] {processor.py:830} INFO - Processing file /home/muhammadsami/Public/Projects/Airflow/DataPipelineswithApacheAirflow/.env/lib/python3.8/site-packages/airflow/example_dags/example_sla_dag.py for tasks to queue
[2024-03-16T11:54:59.696+0500] {logging_mixin.py:188} INFO - [2024-03-16T11:54:59.695+0500] {dagbag.py:540} INFO - Filling up the DagBag from /home/muhammadsami/Public/Projects/Airflow/DataPipelineswithApacheAirflow/.env/lib/python3.8/site-packages/airflow/example_dags/example_sla_dag.py
[2024-03-16T11:54:59.705+0500] {processor.py:840} INFO - DAG(s) 'example_sla_dag' retrieved from /home/muhammadsami/Public/Projects/Airflow/DataPipelineswithApacheAirflow/.env/lib/python3.8/site-packages/airflow/example_dags/example_sla_dag.py
[2024-03-16T11:54:59.718+0500] {logging_mixin.py:188} INFO - [2024-03-16T11:54:59.718+0500] {dag.py:3047} INFO - Sync 1 DAGs
[2024-03-16T11:54:59.740+0500] {logging_mixin.py:188} INFO - [2024-03-16T11:54:59.740+0500] {dag.py:3834} INFO - Setting next_dagrun for example_sla_dag to 2024-03-16 06:52:00+00:00, run_after=2024-03-16 06:54:00+00:00
[2024-03-16T11:54:59.841+0500] {processor.py:183} INFO - Processing /home/muhammadsami/Public/Projects/Airflow/DataPipelineswithApacheAirflow/.env/lib/python3.8/site-packages/airflow/example_dags/example_sla_dag.py took 0.162 seconds
[2024-03-16T11:55:51.201+0500] {processor.py:161} INFO - Started process (PID=21911) to work on /home/muhammadsami/Public/Projects/Airflow/DataPipelineswithApacheAirflow/.env/lib/python3.8/site-packages/airflow/example_dags/example_sla_dag.py
[2024-03-16T11:55:51.203+0500] {processor.py:830} INFO - Processing file /home/muhammadsami/Public/Projects/Airflow/DataPipelineswithApacheAirflow/.env/lib/python3.8/site-packages/airflow/example_dags/example_sla_dag.py for tasks to queue
[2024-03-16T11:55:51.203+0500] {logging_mixin.py:188} INFO - [2024-03-16T11:55:51.203+0500] {dagbag.py:540} INFO - Filling up the DagBag from /home/muhammadsami/Public/Projects/Airflow/DataPipelineswithApacheAirflow/.env/lib/python3.8/site-packages/airflow/example_dags/example_sla_dag.py
[2024-03-16T11:55:51.211+0500] {processor.py:840} INFO - DAG(s) 'example_sla_dag' retrieved from /home/muhammadsami/Public/Projects/Airflow/DataPipelineswithApacheAirflow/.env/lib/python3.8/site-packages/airflow/example_dags/example_sla_dag.py
[2024-03-16T11:55:51.225+0500] {logging_mixin.py:188} INFO - [2024-03-16T11:55:51.224+0500] {dag.py:3047} INFO - Sync 1 DAGs
[2024-03-16T11:55:51.249+0500] {logging_mixin.py:188} INFO - [2024-03-16T11:55:51.249+0500] {dag.py:3834} INFO - Setting next_dagrun for example_sla_dag to 2024-03-16 06:52:00+00:00, run_after=2024-03-16 06:54:00+00:00
[2024-03-16T11:55:51.375+0500] {processor.py:183} INFO - Processing /home/muhammadsami/Public/Projects/Airflow/DataPipelineswithApacheAirflow/.env/lib/python3.8/site-packages/airflow/example_dags/example_sla_dag.py took 0.176 seconds
[2024-03-16T11:56:41.276+0500] {processor.py:161} INFO - Started process (PID=21960) to work on /home/muhammadsami/Public/Projects/Airflow/DataPipelineswithApacheAirflow/.env/lib/python3.8/site-packages/airflow/example_dags/example_sla_dag.py
[2024-03-16T11:56:41.287+0500] {processor.py:830} INFO - Processing file /home/muhammadsami/Public/Projects/Airflow/DataPipelineswithApacheAirflow/.env/lib/python3.8/site-packages/airflow/example_dags/example_sla_dag.py for tasks to queue
[2024-03-16T11:56:41.288+0500] {logging_mixin.py:188} INFO - [2024-03-16T11:56:41.287+0500] {dagbag.py:540} INFO - Filling up the DagBag from /home/muhammadsami/Public/Projects/Airflow/DataPipelineswithApacheAirflow/.env/lib/python3.8/site-packages/airflow/example_dags/example_sla_dag.py
[2024-03-16T11:56:41.295+0500] {processor.py:840} INFO - DAG(s) 'example_sla_dag' retrieved from /home/muhammadsami/Public/Projects/Airflow/DataPipelineswithApacheAirflow/.env/lib/python3.8/site-packages/airflow/example_dags/example_sla_dag.py
[2024-03-16T11:56:41.308+0500] {logging_mixin.py:188} INFO - [2024-03-16T11:56:41.308+0500] {dag.py:3047} INFO - Sync 1 DAGs
[2024-03-16T11:56:41.330+0500] {logging_mixin.py:188} INFO - [2024-03-16T11:56:41.330+0500] {dag.py:3834} INFO - Setting next_dagrun for example_sla_dag to 2024-03-16 06:54:00+00:00, run_after=2024-03-16 06:56:00+00:00
[2024-03-16T11:56:41.428+0500] {processor.py:183} INFO - Processing /home/muhammadsami/Public/Projects/Airflow/DataPipelineswithApacheAirflow/.env/lib/python3.8/site-packages/airflow/example_dags/example_sla_dag.py took 0.154 seconds
[2024-03-16T11:57:33.544+0500] {processor.py:161} INFO - Started process (PID=22013) to work on /home/muhammadsami/Public/Projects/Airflow/DataPipelineswithApacheAirflow/.env/lib/python3.8/site-packages/airflow/example_dags/example_sla_dag.py
[2024-03-16T11:57:33.545+0500] {processor.py:830} INFO - Processing file /home/muhammadsami/Public/Projects/Airflow/DataPipelineswithApacheAirflow/.env/lib/python3.8/site-packages/airflow/example_dags/example_sla_dag.py for tasks to queue
[2024-03-16T11:57:33.547+0500] {logging_mixin.py:188} INFO - [2024-03-16T11:57:33.546+0500] {dagbag.py:540} INFO - Filling up the DagBag from /home/muhammadsami/Public/Projects/Airflow/DataPipelineswithApacheAirflow/.env/lib/python3.8/site-packages/airflow/example_dags/example_sla_dag.py
[2024-03-16T11:57:33.559+0500] {processor.py:840} INFO - DAG(s) 'example_sla_dag' retrieved from /home/muhammadsami/Public/Projects/Airflow/DataPipelineswithApacheAirflow/.env/lib/python3.8/site-packages/airflow/example_dags/example_sla_dag.py
[2024-03-16T11:57:33.577+0500] {logging_mixin.py:188} INFO - [2024-03-16T11:57:33.577+0500] {dag.py:3047} INFO - Sync 1 DAGs
[2024-03-16T11:57:33.613+0500] {logging_mixin.py:188} INFO - [2024-03-16T11:57:33.613+0500] {dag.py:3834} INFO - Setting next_dagrun for example_sla_dag to 2024-03-16 06:54:00+00:00, run_after=2024-03-16 06:56:00+00:00
[2024-03-16T11:57:33.723+0500] {processor.py:183} INFO - Processing /home/muhammadsami/Public/Projects/Airflow/DataPipelineswithApacheAirflow/.env/lib/python3.8/site-packages/airflow/example_dags/example_sla_dag.py took 0.182 seconds
[2024-03-16T11:58:25.500+0500] {processor.py:161} INFO - Started process (PID=22115) to work on /home/muhammadsami/Public/Projects/Airflow/DataPipelineswithApacheAirflow/.env/lib/python3.8/site-packages/airflow/example_dags/example_sla_dag.py
[2024-03-16T11:58:25.507+0500] {processor.py:830} INFO - Processing file /home/muhammadsami/Public/Projects/Airflow/DataPipelineswithApacheAirflow/.env/lib/python3.8/site-packages/airflow/example_dags/example_sla_dag.py for tasks to queue
[2024-03-16T11:58:25.508+0500] {logging_mixin.py:188} INFO - [2024-03-16T11:58:25.507+0500] {dagbag.py:540} INFO - Filling up the DagBag from /home/muhammadsami/Public/Projects/Airflow/DataPipelineswithApacheAirflow/.env/lib/python3.8/site-packages/airflow/example_dags/example_sla_dag.py
[2024-03-16T11:58:25.515+0500] {processor.py:840} INFO - DAG(s) 'example_sla_dag' retrieved from /home/muhammadsami/Public/Projects/Airflow/DataPipelineswithApacheAirflow/.env/lib/python3.8/site-packages/airflow/example_dags/example_sla_dag.py
[2024-03-16T11:58:25.528+0500] {logging_mixin.py:188} INFO - [2024-03-16T11:58:25.528+0500] {dag.py:3047} INFO - Sync 1 DAGs
[2024-03-16T11:58:25.549+0500] {logging_mixin.py:188} INFO - [2024-03-16T11:58:25.549+0500] {dag.py:3834} INFO - Setting next_dagrun for example_sla_dag to 2024-03-16 06:56:00+00:00, run_after=2024-03-16 06:58:00+00:00
[2024-03-16T11:58:25.653+0500] {processor.py:183} INFO - Processing /home/muhammadsami/Public/Projects/Airflow/DataPipelineswithApacheAirflow/.env/lib/python3.8/site-packages/airflow/example_dags/example_sla_dag.py took 0.155 seconds
[2024-03-16T11:59:12.699+0500] {processor.py:161} INFO - Started process (PID=22173) to work on /home/muhammadsami/Public/Projects/Airflow/DataPipelineswithApacheAirflow/.env/lib/python3.8/site-packages/airflow/example_dags/example_sla_dag.py
[2024-03-16T11:59:12.716+0500] {processor.py:830} INFO - Processing file /home/muhammadsami/Public/Projects/Airflow/DataPipelineswithApacheAirflow/.env/lib/python3.8/site-packages/airflow/example_dags/example_sla_dag.py for tasks to queue
[2024-03-16T11:59:12.717+0500] {logging_mixin.py:188} INFO - [2024-03-16T11:59:12.716+0500] {dagbag.py:540} INFO - Filling up the DagBag from /home/muhammadsami/Public/Projects/Airflow/DataPipelineswithApacheAirflow/.env/lib/python3.8/site-packages/airflow/example_dags/example_sla_dag.py
[2024-03-16T11:59:12.724+0500] {processor.py:840} INFO - DAG(s) 'example_sla_dag' retrieved from /home/muhammadsami/Public/Projects/Airflow/DataPipelineswithApacheAirflow/.env/lib/python3.8/site-packages/airflow/example_dags/example_sla_dag.py
[2024-03-16T11:59:12.736+0500] {logging_mixin.py:188} INFO - [2024-03-16T11:59:12.736+0500] {dag.py:3047} INFO - Sync 1 DAGs
[2024-03-16T11:59:12.757+0500] {logging_mixin.py:188} INFO - [2024-03-16T11:59:12.757+0500] {dag.py:3834} INFO - Setting next_dagrun for example_sla_dag to 2024-03-16 06:56:00+00:00, run_after=2024-03-16 06:58:00+00:00
[2024-03-16T11:59:12.855+0500] {processor.py:183} INFO - Processing /home/muhammadsami/Public/Projects/Airflow/DataPipelineswithApacheAirflow/.env/lib/python3.8/site-packages/airflow/example_dags/example_sla_dag.py took 0.158 seconds
[2024-03-16T12:00:05.502+0500] {processor.py:161} INFO - Started process (PID=22309) to work on /home/muhammadsami/Public/Projects/Airflow/DataPipelineswithApacheAirflow/.env/lib/python3.8/site-packages/airflow/example_dags/example_sla_dag.py
[2024-03-16T12:00:05.513+0500] {processor.py:830} INFO - Processing file /home/muhammadsami/Public/Projects/Airflow/DataPipelineswithApacheAirflow/.env/lib/python3.8/site-packages/airflow/example_dags/example_sla_dag.py for tasks to queue
[2024-03-16T12:00:05.514+0500] {logging_mixin.py:188} INFO - [2024-03-16T12:00:05.513+0500] {dagbag.py:540} INFO - Filling up the DagBag from /home/muhammadsami/Public/Projects/Airflow/DataPipelineswithApacheAirflow/.env/lib/python3.8/site-packages/airflow/example_dags/example_sla_dag.py
[2024-03-16T12:00:05.521+0500] {processor.py:840} INFO - DAG(s) 'example_sla_dag' retrieved from /home/muhammadsami/Public/Projects/Airflow/DataPipelineswithApacheAirflow/.env/lib/python3.8/site-packages/airflow/example_dags/example_sla_dag.py
[2024-03-16T12:00:05.533+0500] {logging_mixin.py:188} INFO - [2024-03-16T12:00:05.533+0500] {dag.py:3047} INFO - Sync 1 DAGs
[2024-03-16T12:00:05.552+0500] {logging_mixin.py:188} INFO - [2024-03-16T12:00:05.552+0500] {dag.py:3834} INFO - Setting next_dagrun for example_sla_dag to 2024-03-16 06:58:00+00:00, run_after=2024-03-16 07:00:00+00:00
[2024-03-16T12:00:05.654+0500] {processor.py:183} INFO - Processing /home/muhammadsami/Public/Projects/Airflow/DataPipelineswithApacheAirflow/.env/lib/python3.8/site-packages/airflow/example_dags/example_sla_dag.py took 0.155 seconds
[2024-03-16T12:00:59.420+0500] {processor.py:161} INFO - Started process (PID=22362) to work on /home/muhammadsami/Public/Projects/Airflow/DataPipelineswithApacheAirflow/.env/lib/python3.8/site-packages/airflow/example_dags/example_sla_dag.py
[2024-03-16T12:00:59.421+0500] {processor.py:830} INFO - Processing file /home/muhammadsami/Public/Projects/Airflow/DataPipelineswithApacheAirflow/.env/lib/python3.8/site-packages/airflow/example_dags/example_sla_dag.py for tasks to queue
[2024-03-16T12:00:59.422+0500] {logging_mixin.py:188} INFO - [2024-03-16T12:00:59.422+0500] {dagbag.py:540} INFO - Filling up the DagBag from /home/muhammadsami/Public/Projects/Airflow/DataPipelineswithApacheAirflow/.env/lib/python3.8/site-packages/airflow/example_dags/example_sla_dag.py
[2024-03-16T12:00:59.429+0500] {processor.py:840} INFO - DAG(s) 'example_sla_dag' retrieved from /home/muhammadsami/Public/Projects/Airflow/DataPipelineswithApacheAirflow/.env/lib/python3.8/site-packages/airflow/example_dags/example_sla_dag.py
[2024-03-16T12:00:59.442+0500] {logging_mixin.py:188} INFO - [2024-03-16T12:00:59.441+0500] {dag.py:3047} INFO - Sync 1 DAGs
[2024-03-16T12:00:59.461+0500] {logging_mixin.py:188} INFO - [2024-03-16T12:00:59.461+0500] {dag.py:3834} INFO - Setting next_dagrun for example_sla_dag to 2024-03-16 06:58:00+00:00, run_after=2024-03-16 07:00:00+00:00
[2024-03-16T12:00:59.560+0500] {processor.py:183} INFO - Processing /home/muhammadsami/Public/Projects/Airflow/DataPipelineswithApacheAirflow/.env/lib/python3.8/site-packages/airflow/example_dags/example_sla_dag.py took 0.143 seconds
