[2024-03-16T11:22:11.616+0500] {processor.py:161} INFO - Started process (PID=17958) to work on /home/muhammadsami/Public/Projects/Airflow/DataPipelineswithApacheAirflow/.env/lib/python3.8/site-packages/airflow/example_dags/example_python_decorator.py
[2024-03-16T11:22:11.617+0500] {processor.py:830} INFO - Processing file /home/muhammadsami/Public/Projects/Airflow/DataPipelineswithApacheAirflow/.env/lib/python3.8/site-packages/airflow/example_dags/example_python_decorator.py for tasks to queue
[2024-03-16T11:22:11.618+0500] {logging_mixin.py:188} INFO - [2024-03-16T11:22:11.618+0500] {dagbag.py:540} INFO - Filling up the DagBag from /home/muhammadsami/Public/Projects/Airflow/DataPipelineswithApacheAirflow/.env/lib/python3.8/site-packages/airflow/example_dags/example_python_decorator.py
[2024-03-16T11:22:11.626+0500] {logging_mixin.py:188} INFO - [2024-03-16T11:22:11.626+0500] {example_python_decorator.py:79} WARNING - The virtalenv_python example task requires virtualenv, please install it.
[2024-03-16T11:22:11.630+0500] {processor.py:840} INFO - DAG(s) 'example_python_decorator' retrieved from /home/muhammadsami/Public/Projects/Airflow/DataPipelineswithApacheAirflow/.env/lib/python3.8/site-packages/airflow/example_dags/example_python_decorator.py
[2024-03-16T11:22:11.936+0500] {logging_mixin.py:188} INFO - [2024-03-16T11:22:11.936+0500] {override.py:1769} INFO - Created Permission View: can edit on DAG:example_python_decorator
[2024-03-16T11:22:12.035+0500] {logging_mixin.py:188} INFO - [2024-03-16T11:22:12.035+0500] {override.py:1769} INFO - Created Permission View: can delete on DAG:example_python_decorator
[2024-03-16T11:22:12.142+0500] {logging_mixin.py:188} INFO - [2024-03-16T11:22:12.142+0500] {override.py:1769} INFO - Created Permission View: can read on DAG:example_python_decorator
[2024-03-16T11:22:12.143+0500] {logging_mixin.py:188} INFO - [2024-03-16T11:22:12.143+0500] {dag.py:3047} INFO - Sync 1 DAGs
[2024-03-16T11:22:12.153+0500] {logging_mixin.py:188} INFO - [2024-03-16T11:22:12.153+0500] {dag.py:3069} INFO - Creating ORM DAG for example_python_decorator
[2024-03-16T11:22:12.154+0500] {logging_mixin.py:188} INFO - [2024-03-16T11:22:12.154+0500] {dag.py:3834} INFO - Setting next_dagrun for example_python_decorator to None, run_after=None
[2024-03-16T11:22:12.431+0500] {processor.py:183} INFO - Processing /home/muhammadsami/Public/Projects/Airflow/DataPipelineswithApacheAirflow/.env/lib/python3.8/site-packages/airflow/example_dags/example_python_decorator.py took 0.818 seconds
[2024-03-16T11:23:50.392+0500] {processor.py:161} INFO - Started process (PID=18443) to work on /home/muhammadsami/Public/Projects/Airflow/DataPipelineswithApacheAirflow/.env/lib/python3.8/site-packages/airflow/example_dags/example_python_decorator.py
[2024-03-16T11:23:50.394+0500] {processor.py:830} INFO - Processing file /home/muhammadsami/Public/Projects/Airflow/DataPipelineswithApacheAirflow/.env/lib/python3.8/site-packages/airflow/example_dags/example_python_decorator.py for tasks to queue
[2024-03-16T11:23:50.395+0500] {logging_mixin.py:188} INFO - [2024-03-16T11:23:50.394+0500] {dagbag.py:540} INFO - Filling up the DagBag from /home/muhammadsami/Public/Projects/Airflow/DataPipelineswithApacheAirflow/.env/lib/python3.8/site-packages/airflow/example_dags/example_python_decorator.py
[2024-03-16T11:23:50.403+0500] {logging_mixin.py:188} INFO - [2024-03-16T11:23:50.402+0500] {example_python_decorator.py:79} WARNING - The virtalenv_python example task requires virtualenv, please install it.
[2024-03-16T11:23:50.403+0500] {processor.py:840} INFO - DAG(s) 'example_python_decorator' retrieved from /home/muhammadsami/Public/Projects/Airflow/DataPipelineswithApacheAirflow/.env/lib/python3.8/site-packages/airflow/example_dags/example_python_decorator.py
[2024-03-16T11:23:50.416+0500] {logging_mixin.py:188} INFO - [2024-03-16T11:23:50.416+0500] {dag.py:3047} INFO - Sync 1 DAGs
[2024-03-16T11:23:50.425+0500] {logging_mixin.py:188} INFO - [2024-03-16T11:23:50.425+0500] {dag.py:3834} INFO - Setting next_dagrun for example_python_decorator to None, run_after=None
[2024-03-16T11:23:50.645+0500] {processor.py:183} INFO - Processing /home/muhammadsami/Public/Projects/Airflow/DataPipelineswithApacheAirflow/.env/lib/python3.8/site-packages/airflow/example_dags/example_python_decorator.py took 0.255 seconds
[2024-03-16T11:24:47.632+0500] {processor.py:161} INFO - Started process (PID=18570) to work on /home/muhammadsami/Public/Projects/Airflow/DataPipelineswithApacheAirflow/.env/lib/python3.8/site-packages/airflow/example_dags/example_python_decorator.py
[2024-03-16T11:24:47.644+0500] {processor.py:830} INFO - Processing file /home/muhammadsami/Public/Projects/Airflow/DataPipelineswithApacheAirflow/.env/lib/python3.8/site-packages/airflow/example_dags/example_python_decorator.py for tasks to queue
[2024-03-16T11:24:47.645+0500] {logging_mixin.py:188} INFO - [2024-03-16T11:24:47.645+0500] {dagbag.py:540} INFO - Filling up the DagBag from /home/muhammadsami/Public/Projects/Airflow/DataPipelineswithApacheAirflow/.env/lib/python3.8/site-packages/airflow/example_dags/example_python_decorator.py
[2024-03-16T11:24:47.652+0500] {logging_mixin.py:188} INFO - [2024-03-16T11:24:47.652+0500] {example_python_decorator.py:79} WARNING - The virtalenv_python example task requires virtualenv, please install it.
[2024-03-16T11:24:47.653+0500] {processor.py:840} INFO - DAG(s) 'example_python_decorator' retrieved from /home/muhammadsami/Public/Projects/Airflow/DataPipelineswithApacheAirflow/.env/lib/python3.8/site-packages/airflow/example_dags/example_python_decorator.py
[2024-03-16T11:24:47.668+0500] {logging_mixin.py:188} INFO - [2024-03-16T11:24:47.668+0500] {dag.py:3047} INFO - Sync 1 DAGs
[2024-03-16T11:24:47.678+0500] {logging_mixin.py:188} INFO - [2024-03-16T11:24:47.677+0500] {dag.py:3834} INFO - Setting next_dagrun for example_python_decorator to None, run_after=None
[2024-03-16T11:24:47.768+0500] {processor.py:183} INFO - Processing /home/muhammadsami/Public/Projects/Airflow/DataPipelineswithApacheAirflow/.env/lib/python3.8/site-packages/airflow/example_dags/example_python_decorator.py took 0.139 seconds
[2024-03-16T11:25:37.730+0500] {processor.py:161} INFO - Started process (PID=18635) to work on /home/muhammadsami/Public/Projects/Airflow/DataPipelineswithApacheAirflow/.env/lib/python3.8/site-packages/airflow/example_dags/example_python_decorator.py
[2024-03-16T11:25:37.732+0500] {processor.py:830} INFO - Processing file /home/muhammadsami/Public/Projects/Airflow/DataPipelineswithApacheAirflow/.env/lib/python3.8/site-packages/airflow/example_dags/example_python_decorator.py for tasks to queue
[2024-03-16T11:25:37.733+0500] {logging_mixin.py:188} INFO - [2024-03-16T11:25:37.732+0500] {dagbag.py:540} INFO - Filling up the DagBag from /home/muhammadsami/Public/Projects/Airflow/DataPipelineswithApacheAirflow/.env/lib/python3.8/site-packages/airflow/example_dags/example_python_decorator.py
[2024-03-16T11:25:37.741+0500] {logging_mixin.py:188} INFO - [2024-03-16T11:25:37.741+0500] {example_python_decorator.py:79} WARNING - The virtalenv_python example task requires virtualenv, please install it.
[2024-03-16T11:25:37.741+0500] {processor.py:840} INFO - DAG(s) 'example_python_decorator' retrieved from /home/muhammadsami/Public/Projects/Airflow/DataPipelineswithApacheAirflow/.env/lib/python3.8/site-packages/airflow/example_dags/example_python_decorator.py
[2024-03-16T11:25:37.755+0500] {logging_mixin.py:188} INFO - [2024-03-16T11:25:37.755+0500] {dag.py:3047} INFO - Sync 1 DAGs
[2024-03-16T11:25:37.765+0500] {logging_mixin.py:188} INFO - [2024-03-16T11:25:37.765+0500] {dag.py:3834} INFO - Setting next_dagrun for example_python_decorator to None, run_after=None
[2024-03-16T11:25:37.852+0500] {processor.py:183} INFO - Processing /home/muhammadsami/Public/Projects/Airflow/DataPipelineswithApacheAirflow/.env/lib/python3.8/site-packages/airflow/example_dags/example_python_decorator.py took 0.124 seconds
[2024-03-16T11:26:28.551+0500] {processor.py:161} INFO - Started process (PID=18696) to work on /home/muhammadsami/Public/Projects/Airflow/DataPipelineswithApacheAirflow/.env/lib/python3.8/site-packages/airflow/example_dags/example_python_decorator.py
[2024-03-16T11:26:28.552+0500] {processor.py:830} INFO - Processing file /home/muhammadsami/Public/Projects/Airflow/DataPipelineswithApacheAirflow/.env/lib/python3.8/site-packages/airflow/example_dags/example_python_decorator.py for tasks to queue
[2024-03-16T11:26:28.555+0500] {logging_mixin.py:188} INFO - [2024-03-16T11:26:28.554+0500] {dagbag.py:540} INFO - Filling up the DagBag from /home/muhammadsami/Public/Projects/Airflow/DataPipelineswithApacheAirflow/.env/lib/python3.8/site-packages/airflow/example_dags/example_python_decorator.py
[2024-03-16T11:26:28.566+0500] {logging_mixin.py:188} INFO - [2024-03-16T11:26:28.566+0500] {example_python_decorator.py:79} WARNING - The virtalenv_python example task requires virtualenv, please install it.
[2024-03-16T11:26:28.567+0500] {processor.py:840} INFO - DAG(s) 'example_python_decorator' retrieved from /home/muhammadsami/Public/Projects/Airflow/DataPipelineswithApacheAirflow/.env/lib/python3.8/site-packages/airflow/example_dags/example_python_decorator.py
[2024-03-16T11:26:28.583+0500] {logging_mixin.py:188} INFO - [2024-03-16T11:26:28.583+0500] {dag.py:3047} INFO - Sync 1 DAGs
[2024-03-16T11:26:28.596+0500] {logging_mixin.py:188} INFO - [2024-03-16T11:26:28.596+0500] {dag.py:3834} INFO - Setting next_dagrun for example_python_decorator to None, run_after=None
[2024-03-16T11:26:28.726+0500] {processor.py:183} INFO - Processing /home/muhammadsami/Public/Projects/Airflow/DataPipelineswithApacheAirflow/.env/lib/python3.8/site-packages/airflow/example_dags/example_python_decorator.py took 0.178 seconds
[2024-03-16T11:27:21.321+0500] {processor.py:161} INFO - Started process (PID=18772) to work on /home/muhammadsami/Public/Projects/Airflow/DataPipelineswithApacheAirflow/.env/lib/python3.8/site-packages/airflow/example_dags/example_python_decorator.py
[2024-03-16T11:27:21.333+0500] {processor.py:830} INFO - Processing file /home/muhammadsami/Public/Projects/Airflow/DataPipelineswithApacheAirflow/.env/lib/python3.8/site-packages/airflow/example_dags/example_python_decorator.py for tasks to queue
[2024-03-16T11:27:21.334+0500] {logging_mixin.py:188} INFO - [2024-03-16T11:27:21.334+0500] {dagbag.py:540} INFO - Filling up the DagBag from /home/muhammadsami/Public/Projects/Airflow/DataPipelineswithApacheAirflow/.env/lib/python3.8/site-packages/airflow/example_dags/example_python_decorator.py
[2024-03-16T11:27:21.341+0500] {logging_mixin.py:188} INFO - [2024-03-16T11:27:21.341+0500] {example_python_decorator.py:79} WARNING - The virtalenv_python example task requires virtualenv, please install it.
[2024-03-16T11:27:21.342+0500] {processor.py:840} INFO - DAG(s) 'example_python_decorator' retrieved from /home/muhammadsami/Public/Projects/Airflow/DataPipelineswithApacheAirflow/.env/lib/python3.8/site-packages/airflow/example_dags/example_python_decorator.py
[2024-03-16T11:27:21.356+0500] {logging_mixin.py:188} INFO - [2024-03-16T11:27:21.356+0500] {dag.py:3047} INFO - Sync 1 DAGs
[2024-03-16T11:27:21.366+0500] {logging_mixin.py:188} INFO - [2024-03-16T11:27:21.365+0500] {dag.py:3834} INFO - Setting next_dagrun for example_python_decorator to None, run_after=None
[2024-03-16T11:27:21.460+0500] {processor.py:183} INFO - Processing /home/muhammadsami/Public/Projects/Airflow/DataPipelineswithApacheAirflow/.env/lib/python3.8/site-packages/airflow/example_dags/example_python_decorator.py took 0.142 seconds
[2024-03-16T11:28:05.577+0500] {processor.py:161} INFO - Started process (PID=18819) to work on /home/muhammadsami/Public/Projects/Airflow/DataPipelineswithApacheAirflow/.env/lib/python3.8/site-packages/airflow/example_dags/example_python_decorator.py
[2024-03-16T11:28:05.579+0500] {processor.py:830} INFO - Processing file /home/muhammadsami/Public/Projects/Airflow/DataPipelineswithApacheAirflow/.env/lib/python3.8/site-packages/airflow/example_dags/example_python_decorator.py for tasks to queue
[2024-03-16T11:28:05.580+0500] {logging_mixin.py:188} INFO - [2024-03-16T11:28:05.579+0500] {dagbag.py:540} INFO - Filling up the DagBag from /home/muhammadsami/Public/Projects/Airflow/DataPipelineswithApacheAirflow/.env/lib/python3.8/site-packages/airflow/example_dags/example_python_decorator.py
[2024-03-16T11:28:05.588+0500] {logging_mixin.py:188} INFO - [2024-03-16T11:28:05.588+0500] {example_python_decorator.py:79} WARNING - The virtalenv_python example task requires virtualenv, please install it.
[2024-03-16T11:28:05.589+0500] {processor.py:840} INFO - DAG(s) 'example_python_decorator' retrieved from /home/muhammadsami/Public/Projects/Airflow/DataPipelineswithApacheAirflow/.env/lib/python3.8/site-packages/airflow/example_dags/example_python_decorator.py
[2024-03-16T11:28:05.603+0500] {logging_mixin.py:188} INFO - [2024-03-16T11:28:05.603+0500] {dag.py:3047} INFO - Sync 1 DAGs
[2024-03-16T11:28:05.612+0500] {logging_mixin.py:188} INFO - [2024-03-16T11:28:05.612+0500] {dag.py:3834} INFO - Setting next_dagrun for example_python_decorator to None, run_after=None
[2024-03-16T11:28:05.702+0500] {processor.py:183} INFO - Processing /home/muhammadsami/Public/Projects/Airflow/DataPipelineswithApacheAirflow/.env/lib/python3.8/site-packages/airflow/example_dags/example_python_decorator.py took 0.127 seconds
[2024-03-16T11:28:54.765+0500] {processor.py:161} INFO - Started process (PID=18883) to work on /home/muhammadsami/Public/Projects/Airflow/DataPipelineswithApacheAirflow/.env/lib/python3.8/site-packages/airflow/example_dags/example_python_decorator.py
[2024-03-16T11:28:54.767+0500] {processor.py:830} INFO - Processing file /home/muhammadsami/Public/Projects/Airflow/DataPipelineswithApacheAirflow/.env/lib/python3.8/site-packages/airflow/example_dags/example_python_decorator.py for tasks to queue
[2024-03-16T11:28:54.768+0500] {logging_mixin.py:188} INFO - [2024-03-16T11:28:54.767+0500] {dagbag.py:540} INFO - Filling up the DagBag from /home/muhammadsami/Public/Projects/Airflow/DataPipelineswithApacheAirflow/.env/lib/python3.8/site-packages/airflow/example_dags/example_python_decorator.py
[2024-03-16T11:28:54.775+0500] {logging_mixin.py:188} INFO - [2024-03-16T11:28:54.775+0500] {example_python_decorator.py:79} WARNING - The virtalenv_python example task requires virtualenv, please install it.
[2024-03-16T11:28:54.776+0500] {processor.py:840} INFO - DAG(s) 'example_python_decorator' retrieved from /home/muhammadsami/Public/Projects/Airflow/DataPipelineswithApacheAirflow/.env/lib/python3.8/site-packages/airflow/example_dags/example_python_decorator.py
[2024-03-16T11:28:54.790+0500] {logging_mixin.py:188} INFO - [2024-03-16T11:28:54.790+0500] {dag.py:3047} INFO - Sync 1 DAGs
[2024-03-16T11:28:54.799+0500] {logging_mixin.py:188} INFO - [2024-03-16T11:28:54.799+0500] {dag.py:3834} INFO - Setting next_dagrun for example_python_decorator to None, run_after=None
[2024-03-16T11:28:54.910+0500] {processor.py:183} INFO - Processing /home/muhammadsami/Public/Projects/Airflow/DataPipelineswithApacheAirflow/.env/lib/python3.8/site-packages/airflow/example_dags/example_python_decorator.py took 0.147 seconds
[2024-03-16T11:29:43.833+0500] {processor.py:161} INFO - Started process (PID=18938) to work on /home/muhammadsami/Public/Projects/Airflow/DataPipelineswithApacheAirflow/.env/lib/python3.8/site-packages/airflow/example_dags/example_python_decorator.py
[2024-03-16T11:29:43.834+0500] {processor.py:830} INFO - Processing file /home/muhammadsami/Public/Projects/Airflow/DataPipelineswithApacheAirflow/.env/lib/python3.8/site-packages/airflow/example_dags/example_python_decorator.py for tasks to queue
[2024-03-16T11:29:43.835+0500] {logging_mixin.py:188} INFO - [2024-03-16T11:29:43.835+0500] {dagbag.py:540} INFO - Filling up the DagBag from /home/muhammadsami/Public/Projects/Airflow/DataPipelineswithApacheAirflow/.env/lib/python3.8/site-packages/airflow/example_dags/example_python_decorator.py
[2024-03-16T11:29:43.843+0500] {logging_mixin.py:188} INFO - [2024-03-16T11:29:43.843+0500] {example_python_decorator.py:79} WARNING - The virtalenv_python example task requires virtualenv, please install it.
[2024-03-16T11:29:43.844+0500] {processor.py:840} INFO - DAG(s) 'example_python_decorator' retrieved from /home/muhammadsami/Public/Projects/Airflow/DataPipelineswithApacheAirflow/.env/lib/python3.8/site-packages/airflow/example_dags/example_python_decorator.py
[2024-03-16T11:29:43.858+0500] {logging_mixin.py:188} INFO - [2024-03-16T11:29:43.858+0500] {dag.py:3047} INFO - Sync 1 DAGs
[2024-03-16T11:29:43.867+0500] {logging_mixin.py:188} INFO - [2024-03-16T11:29:43.867+0500] {dag.py:3834} INFO - Setting next_dagrun for example_python_decorator to None, run_after=None
[2024-03-16T11:29:43.971+0500] {processor.py:183} INFO - Processing /home/muhammadsami/Public/Projects/Airflow/DataPipelineswithApacheAirflow/.env/lib/python3.8/site-packages/airflow/example_dags/example_python_decorator.py took 0.141 seconds
[2024-03-16T11:30:35.715+0500] {processor.py:161} INFO - Started process (PID=19001) to work on /home/muhammadsami/Public/Projects/Airflow/DataPipelineswithApacheAirflow/.env/lib/python3.8/site-packages/airflow/example_dags/example_python_decorator.py
[2024-03-16T11:30:35.730+0500] {processor.py:830} INFO - Processing file /home/muhammadsami/Public/Projects/Airflow/DataPipelineswithApacheAirflow/.env/lib/python3.8/site-packages/airflow/example_dags/example_python_decorator.py for tasks to queue
[2024-03-16T11:30:35.730+0500] {logging_mixin.py:188} INFO - [2024-03-16T11:30:35.730+0500] {dagbag.py:540} INFO - Filling up the DagBag from /home/muhammadsami/Public/Projects/Airflow/DataPipelineswithApacheAirflow/.env/lib/python3.8/site-packages/airflow/example_dags/example_python_decorator.py
[2024-03-16T11:30:35.738+0500] {logging_mixin.py:188} INFO - [2024-03-16T11:30:35.738+0500] {example_python_decorator.py:79} WARNING - The virtalenv_python example task requires virtualenv, please install it.
[2024-03-16T11:30:35.738+0500] {processor.py:840} INFO - DAG(s) 'example_python_decorator' retrieved from /home/muhammadsami/Public/Projects/Airflow/DataPipelineswithApacheAirflow/.env/lib/python3.8/site-packages/airflow/example_dags/example_python_decorator.py
[2024-03-16T11:30:35.752+0500] {logging_mixin.py:188} INFO - [2024-03-16T11:30:35.752+0500] {dag.py:3047} INFO - Sync 1 DAGs
[2024-03-16T11:30:35.762+0500] {logging_mixin.py:188} INFO - [2024-03-16T11:30:35.762+0500] {dag.py:3834} INFO - Setting next_dagrun for example_python_decorator to None, run_after=None
[2024-03-16T11:30:35.853+0500] {processor.py:183} INFO - Processing /home/muhammadsami/Public/Projects/Airflow/DataPipelineswithApacheAirflow/.env/lib/python3.8/site-packages/airflow/example_dags/example_python_decorator.py took 0.141 seconds
[2024-03-16T11:38:37.755+0500] {processor.py:161} INFO - Started process (PID=19426) to work on /home/muhammadsami/Public/Projects/Airflow/DataPipelineswithApacheAirflow/.env/lib/python3.8/site-packages/airflow/example_dags/example_python_decorator.py
[2024-03-16T11:38:37.771+0500] {processor.py:830} INFO - Processing file /home/muhammadsami/Public/Projects/Airflow/DataPipelineswithApacheAirflow/.env/lib/python3.8/site-packages/airflow/example_dags/example_python_decorator.py for tasks to queue
[2024-03-16T11:38:37.772+0500] {logging_mixin.py:188} INFO - [2024-03-16T11:38:37.771+0500] {dagbag.py:540} INFO - Filling up the DagBag from /home/muhammadsami/Public/Projects/Airflow/DataPipelineswithApacheAirflow/.env/lib/python3.8/site-packages/airflow/example_dags/example_python_decorator.py
[2024-03-16T11:38:37.779+0500] {logging_mixin.py:188} INFO - [2024-03-16T11:38:37.779+0500] {example_python_decorator.py:79} WARNING - The virtalenv_python example task requires virtualenv, please install it.
[2024-03-16T11:38:37.782+0500] {processor.py:840} INFO - DAG(s) 'example_python_decorator' retrieved from /home/muhammadsami/Public/Projects/Airflow/DataPipelineswithApacheAirflow/.env/lib/python3.8/site-packages/airflow/example_dags/example_python_decorator.py
[2024-03-16T11:38:37.803+0500] {logging_mixin.py:188} INFO - [2024-03-16T11:38:37.802+0500] {dag.py:3047} INFO - Sync 1 DAGs
[2024-03-16T11:38:37.812+0500] {logging_mixin.py:188} INFO - [2024-03-16T11:38:37.811+0500] {dag.py:3834} INFO - Setting next_dagrun for example_python_decorator to None, run_after=None
[2024-03-16T11:38:37.902+0500] {processor.py:183} INFO - Processing /home/muhammadsami/Public/Projects/Airflow/DataPipelineswithApacheAirflow/.env/lib/python3.8/site-packages/airflow/example_dags/example_python_decorator.py took 0.149 seconds
[2024-03-16T11:39:42.202+0500] {processor.py:161} INFO - Started process (PID=19772) to work on /home/muhammadsami/Public/Projects/Airflow/DataPipelineswithApacheAirflow/.env/lib/python3.8/site-packages/airflow/example_dags/example_python_decorator.py
[2024-03-16T11:39:42.218+0500] {processor.py:830} INFO - Processing file /home/muhammadsami/Public/Projects/Airflow/DataPipelineswithApacheAirflow/.env/lib/python3.8/site-packages/airflow/example_dags/example_python_decorator.py for tasks to queue
[2024-03-16T11:39:42.219+0500] {logging_mixin.py:188} INFO - [2024-03-16T11:39:42.219+0500] {dagbag.py:540} INFO - Filling up the DagBag from /home/muhammadsami/Public/Projects/Airflow/DataPipelineswithApacheAirflow/.env/lib/python3.8/site-packages/airflow/example_dags/example_python_decorator.py
[2024-03-16T11:39:42.228+0500] {logging_mixin.py:188} INFO - [2024-03-16T11:39:42.228+0500] {example_python_decorator.py:79} WARNING - The virtalenv_python example task requires virtualenv, please install it.
[2024-03-16T11:39:42.229+0500] {processor.py:840} INFO - DAG(s) 'example_python_decorator' retrieved from /home/muhammadsami/Public/Projects/Airflow/DataPipelineswithApacheAirflow/.env/lib/python3.8/site-packages/airflow/example_dags/example_python_decorator.py
[2024-03-16T11:39:42.244+0500] {logging_mixin.py:188} INFO - [2024-03-16T11:39:42.244+0500] {dag.py:3047} INFO - Sync 1 DAGs
[2024-03-16T11:39:42.254+0500] {logging_mixin.py:188} INFO - [2024-03-16T11:39:42.254+0500] {dag.py:3834} INFO - Setting next_dagrun for example_python_decorator to None, run_after=None
[2024-03-16T11:39:42.529+0500] {processor.py:183} INFO - Processing /home/muhammadsami/Public/Projects/Airflow/DataPipelineswithApacheAirflow/.env/lib/python3.8/site-packages/airflow/example_dags/example_python_decorator.py took 0.329 seconds
[2024-03-16T11:40:46.576+0500] {processor.py:161} INFO - Started process (PID=19975) to work on /home/muhammadsami/Public/Projects/Airflow/DataPipelineswithApacheAirflow/.env/lib/python3.8/site-packages/airflow/example_dags/example_python_decorator.py
[2024-03-16T11:40:46.578+0500] {processor.py:830} INFO - Processing file /home/muhammadsami/Public/Projects/Airflow/DataPipelineswithApacheAirflow/.env/lib/python3.8/site-packages/airflow/example_dags/example_python_decorator.py for tasks to queue
[2024-03-16T11:40:46.579+0500] {logging_mixin.py:188} INFO - [2024-03-16T11:40:46.578+0500] {dagbag.py:540} INFO - Filling up the DagBag from /home/muhammadsami/Public/Projects/Airflow/DataPipelineswithApacheAirflow/.env/lib/python3.8/site-packages/airflow/example_dags/example_python_decorator.py
[2024-03-16T11:40:46.676+0500] {logging_mixin.py:188} INFO - [2024-03-16T11:40:46.675+0500] {example_python_decorator.py:79} WARNING - The virtalenv_python example task requires virtualenv, please install it.
[2024-03-16T11:40:46.676+0500] {processor.py:840} INFO - DAG(s) 'example_python_decorator' retrieved from /home/muhammadsami/Public/Projects/Airflow/DataPipelineswithApacheAirflow/.env/lib/python3.8/site-packages/airflow/example_dags/example_python_decorator.py
[2024-03-16T11:40:46.686+0500] {logging_mixin.py:188} INFO - [2024-03-16T11:40:46.686+0500] {dag.py:3047} INFO - Sync 1 DAGs
[2024-03-16T11:40:46.695+0500] {logging_mixin.py:188} INFO - [2024-03-16T11:40:46.694+0500] {dag.py:3834} INFO - Setting next_dagrun for example_python_decorator to None, run_after=None
[2024-03-16T11:40:46.783+0500] {processor.py:183} INFO - Processing /home/muhammadsami/Public/Projects/Airflow/DataPipelineswithApacheAirflow/.env/lib/python3.8/site-packages/airflow/example_dags/example_python_decorator.py took 0.209 seconds
[2024-03-16T11:42:03.538+0500] {processor.py:161} INFO - Started process (PID=20228) to work on /home/muhammadsami/Public/Projects/Airflow/DataPipelineswithApacheAirflow/.env/lib/python3.8/site-packages/airflow/example_dags/example_python_decorator.py
[2024-03-16T11:42:03.550+0500] {processor.py:830} INFO - Processing file /home/muhammadsami/Public/Projects/Airflow/DataPipelineswithApacheAirflow/.env/lib/python3.8/site-packages/airflow/example_dags/example_python_decorator.py for tasks to queue
[2024-03-16T11:42:03.551+0500] {logging_mixin.py:188} INFO - [2024-03-16T11:42:03.551+0500] {dagbag.py:540} INFO - Filling up the DagBag from /home/muhammadsami/Public/Projects/Airflow/DataPipelineswithApacheAirflow/.env/lib/python3.8/site-packages/airflow/example_dags/example_python_decorator.py
[2024-03-16T11:42:03.558+0500] {logging_mixin.py:188} INFO - [2024-03-16T11:42:03.558+0500] {example_python_decorator.py:79} WARNING - The virtalenv_python example task requires virtualenv, please install it.
[2024-03-16T11:42:03.559+0500] {processor.py:840} INFO - DAG(s) 'example_python_decorator' retrieved from /home/muhammadsami/Public/Projects/Airflow/DataPipelineswithApacheAirflow/.env/lib/python3.8/site-packages/airflow/example_dags/example_python_decorator.py
[2024-03-16T11:42:03.573+0500] {logging_mixin.py:188} INFO - [2024-03-16T11:42:03.572+0500] {dag.py:3047} INFO - Sync 1 DAGs
[2024-03-16T11:42:03.582+0500] {logging_mixin.py:188} INFO - [2024-03-16T11:42:03.582+0500] {dag.py:3834} INFO - Setting next_dagrun for example_python_decorator to None, run_after=None
[2024-03-16T11:42:03.674+0500] {processor.py:183} INFO - Processing /home/muhammadsami/Public/Projects/Airflow/DataPipelineswithApacheAirflow/.env/lib/python3.8/site-packages/airflow/example_dags/example_python_decorator.py took 0.139 seconds
[2024-03-16T11:42:54.798+0500] {processor.py:161} INFO - Started process (PID=20288) to work on /home/muhammadsami/Public/Projects/Airflow/DataPipelineswithApacheAirflow/.env/lib/python3.8/site-packages/airflow/example_dags/example_python_decorator.py
[2024-03-16T11:42:54.812+0500] {processor.py:830} INFO - Processing file /home/muhammadsami/Public/Projects/Airflow/DataPipelineswithApacheAirflow/.env/lib/python3.8/site-packages/airflow/example_dags/example_python_decorator.py for tasks to queue
[2024-03-16T11:42:54.813+0500] {logging_mixin.py:188} INFO - [2024-03-16T11:42:54.813+0500] {dagbag.py:540} INFO - Filling up the DagBag from /home/muhammadsami/Public/Projects/Airflow/DataPipelineswithApacheAirflow/.env/lib/python3.8/site-packages/airflow/example_dags/example_python_decorator.py
[2024-03-16T11:42:54.820+0500] {logging_mixin.py:188} INFO - [2024-03-16T11:42:54.820+0500] {example_python_decorator.py:79} WARNING - The virtalenv_python example task requires virtualenv, please install it.
[2024-03-16T11:42:54.821+0500] {processor.py:840} INFO - DAG(s) 'example_python_decorator' retrieved from /home/muhammadsami/Public/Projects/Airflow/DataPipelineswithApacheAirflow/.env/lib/python3.8/site-packages/airflow/example_dags/example_python_decorator.py
[2024-03-16T11:42:54.835+0500] {logging_mixin.py:188} INFO - [2024-03-16T11:42:54.835+0500] {dag.py:3047} INFO - Sync 1 DAGs
[2024-03-16T11:42:54.845+0500] {logging_mixin.py:188} INFO - [2024-03-16T11:42:54.845+0500] {dag.py:3834} INFO - Setting next_dagrun for example_python_decorator to None, run_after=None
[2024-03-16T11:42:54.932+0500] {processor.py:183} INFO - Processing /home/muhammadsami/Public/Projects/Airflow/DataPipelineswithApacheAirflow/.env/lib/python3.8/site-packages/airflow/example_dags/example_python_decorator.py took 0.137 seconds
[2024-03-16T11:43:42.395+0500] {processor.py:161} INFO - Started process (PID=20362) to work on /home/muhammadsami/Public/Projects/Airflow/DataPipelineswithApacheAirflow/.env/lib/python3.8/site-packages/airflow/example_dags/example_python_decorator.py
[2024-03-16T11:43:42.404+0500] {processor.py:830} INFO - Processing file /home/muhammadsami/Public/Projects/Airflow/DataPipelineswithApacheAirflow/.env/lib/python3.8/site-packages/airflow/example_dags/example_python_decorator.py for tasks to queue
[2024-03-16T11:43:42.405+0500] {logging_mixin.py:188} INFO - [2024-03-16T11:43:42.405+0500] {dagbag.py:540} INFO - Filling up the DagBag from /home/muhammadsami/Public/Projects/Airflow/DataPipelineswithApacheAirflow/.env/lib/python3.8/site-packages/airflow/example_dags/example_python_decorator.py
[2024-03-16T11:43:42.412+0500] {logging_mixin.py:188} INFO - [2024-03-16T11:43:42.412+0500] {example_python_decorator.py:79} WARNING - The virtalenv_python example task requires virtualenv, please install it.
[2024-03-16T11:43:42.413+0500] {processor.py:840} INFO - DAG(s) 'example_python_decorator' retrieved from /home/muhammadsami/Public/Projects/Airflow/DataPipelineswithApacheAirflow/.env/lib/python3.8/site-packages/airflow/example_dags/example_python_decorator.py
[2024-03-16T11:43:42.426+0500] {logging_mixin.py:188} INFO - [2024-03-16T11:43:42.426+0500] {dag.py:3047} INFO - Sync 1 DAGs
[2024-03-16T11:43:42.435+0500] {logging_mixin.py:188} INFO - [2024-03-16T11:43:42.435+0500] {dag.py:3834} INFO - Setting next_dagrun for example_python_decorator to None, run_after=None
[2024-03-16T11:43:42.523+0500] {processor.py:183} INFO - Processing /home/muhammadsami/Public/Projects/Airflow/DataPipelineswithApacheAirflow/.env/lib/python3.8/site-packages/airflow/example_dags/example_python_decorator.py took 0.131 seconds
[2024-03-16T11:44:31.620+0500] {processor.py:161} INFO - Started process (PID=20411) to work on /home/muhammadsami/Public/Projects/Airflow/DataPipelineswithApacheAirflow/.env/lib/python3.8/site-packages/airflow/example_dags/example_python_decorator.py
[2024-03-16T11:44:31.632+0500] {processor.py:830} INFO - Processing file /home/muhammadsami/Public/Projects/Airflow/DataPipelineswithApacheAirflow/.env/lib/python3.8/site-packages/airflow/example_dags/example_python_decorator.py for tasks to queue
[2024-03-16T11:44:31.633+0500] {logging_mixin.py:188} INFO - [2024-03-16T11:44:31.633+0500] {dagbag.py:540} INFO - Filling up the DagBag from /home/muhammadsami/Public/Projects/Airflow/DataPipelineswithApacheAirflow/.env/lib/python3.8/site-packages/airflow/example_dags/example_python_decorator.py
[2024-03-16T11:44:31.641+0500] {logging_mixin.py:188} INFO - [2024-03-16T11:44:31.641+0500] {example_python_decorator.py:79} WARNING - The virtalenv_python example task requires virtualenv, please install it.
[2024-03-16T11:44:31.641+0500] {processor.py:840} INFO - DAG(s) 'example_python_decorator' retrieved from /home/muhammadsami/Public/Projects/Airflow/DataPipelineswithApacheAirflow/.env/lib/python3.8/site-packages/airflow/example_dags/example_python_decorator.py
[2024-03-16T11:44:31.656+0500] {logging_mixin.py:188} INFO - [2024-03-16T11:44:31.655+0500] {dag.py:3047} INFO - Sync 1 DAGs
[2024-03-16T11:44:31.666+0500] {logging_mixin.py:188} INFO - [2024-03-16T11:44:31.666+0500] {dag.py:3834} INFO - Setting next_dagrun for example_python_decorator to None, run_after=None
[2024-03-16T11:44:31.755+0500] {processor.py:183} INFO - Processing /home/muhammadsami/Public/Projects/Airflow/DataPipelineswithApacheAirflow/.env/lib/python3.8/site-packages/airflow/example_dags/example_python_decorator.py took 0.138 seconds
[2024-03-16T11:45:35.785+0500] {processor.py:161} INFO - Started process (PID=20824) to work on /home/muhammadsami/Public/Projects/Airflow/DataPipelineswithApacheAirflow/.env/lib/python3.8/site-packages/airflow/example_dags/example_python_decorator.py
[2024-03-16T11:45:36.057+0500] {processor.py:830} INFO - Processing file /home/muhammadsami/Public/Projects/Airflow/DataPipelineswithApacheAirflow/.env/lib/python3.8/site-packages/airflow/example_dags/example_python_decorator.py for tasks to queue
[2024-03-16T11:45:36.059+0500] {logging_mixin.py:188} INFO - [2024-03-16T11:45:36.058+0500] {dagbag.py:540} INFO - Filling up the DagBag from /home/muhammadsami/Public/Projects/Airflow/DataPipelineswithApacheAirflow/.env/lib/python3.8/site-packages/airflow/example_dags/example_python_decorator.py
[2024-03-16T11:45:36.068+0500] {logging_mixin.py:188} INFO - [2024-03-16T11:45:36.068+0500] {example_python_decorator.py:79} WARNING - The virtalenv_python example task requires virtualenv, please install it.
[2024-03-16T11:45:36.069+0500] {processor.py:840} INFO - DAG(s) 'example_python_decorator' retrieved from /home/muhammadsami/Public/Projects/Airflow/DataPipelineswithApacheAirflow/.env/lib/python3.8/site-packages/airflow/example_dags/example_python_decorator.py
[2024-03-16T11:45:36.088+0500] {logging_mixin.py:188} INFO - [2024-03-16T11:45:36.088+0500] {dag.py:3047} INFO - Sync 1 DAGs
[2024-03-16T11:45:36.101+0500] {logging_mixin.py:188} INFO - [2024-03-16T11:45:36.100+0500] {dag.py:3834} INFO - Setting next_dagrun for example_python_decorator to None, run_after=None
[2024-03-16T11:45:36.463+0500] {processor.py:183} INFO - Processing /home/muhammadsami/Public/Projects/Airflow/DataPipelineswithApacheAirflow/.env/lib/python3.8/site-packages/airflow/example_dags/example_python_decorator.py took 0.680 seconds
[2024-03-16T11:46:33.445+0500] {processor.py:161} INFO - Started process (PID=20884) to work on /home/muhammadsami/Public/Projects/Airflow/DataPipelineswithApacheAirflow/.env/lib/python3.8/site-packages/airflow/example_dags/example_python_decorator.py
[2024-03-16T11:46:33.460+0500] {processor.py:830} INFO - Processing file /home/muhammadsami/Public/Projects/Airflow/DataPipelineswithApacheAirflow/.env/lib/python3.8/site-packages/airflow/example_dags/example_python_decorator.py for tasks to queue
[2024-03-16T11:46:33.460+0500] {logging_mixin.py:188} INFO - [2024-03-16T11:46:33.460+0500] {dagbag.py:540} INFO - Filling up the DagBag from /home/muhammadsami/Public/Projects/Airflow/DataPipelineswithApacheAirflow/.env/lib/python3.8/site-packages/airflow/example_dags/example_python_decorator.py
[2024-03-16T11:46:33.468+0500] {logging_mixin.py:188} INFO - [2024-03-16T11:46:33.468+0500] {example_python_decorator.py:79} WARNING - The virtalenv_python example task requires virtualenv, please install it.
[2024-03-16T11:46:33.468+0500] {processor.py:840} INFO - DAG(s) 'example_python_decorator' retrieved from /home/muhammadsami/Public/Projects/Airflow/DataPipelineswithApacheAirflow/.env/lib/python3.8/site-packages/airflow/example_dags/example_python_decorator.py
[2024-03-16T11:46:33.482+0500] {logging_mixin.py:188} INFO - [2024-03-16T11:46:33.481+0500] {dag.py:3047} INFO - Sync 1 DAGs
[2024-03-16T11:46:33.491+0500] {logging_mixin.py:188} INFO - [2024-03-16T11:46:33.491+0500] {dag.py:3834} INFO - Setting next_dagrun for example_python_decorator to None, run_after=None
[2024-03-16T11:46:33.583+0500] {processor.py:183} INFO - Processing /home/muhammadsami/Public/Projects/Airflow/DataPipelineswithApacheAirflow/.env/lib/python3.8/site-packages/airflow/example_dags/example_python_decorator.py took 0.141 seconds
[2024-03-16T11:47:22.660+0500] {processor.py:161} INFO - Started process (PID=20962) to work on /home/muhammadsami/Public/Projects/Airflow/DataPipelineswithApacheAirflow/.env/lib/python3.8/site-packages/airflow/example_dags/example_python_decorator.py
[2024-03-16T11:47:22.669+0500] {processor.py:830} INFO - Processing file /home/muhammadsami/Public/Projects/Airflow/DataPipelineswithApacheAirflow/.env/lib/python3.8/site-packages/airflow/example_dags/example_python_decorator.py for tasks to queue
[2024-03-16T11:47:22.670+0500] {logging_mixin.py:188} INFO - [2024-03-16T11:47:22.669+0500] {dagbag.py:540} INFO - Filling up the DagBag from /home/muhammadsami/Public/Projects/Airflow/DataPipelineswithApacheAirflow/.env/lib/python3.8/site-packages/airflow/example_dags/example_python_decorator.py
[2024-03-16T11:47:22.677+0500] {logging_mixin.py:188} INFO - [2024-03-16T11:47:22.677+0500] {example_python_decorator.py:79} WARNING - The virtalenv_python example task requires virtualenv, please install it.
[2024-03-16T11:47:22.677+0500] {processor.py:840} INFO - DAG(s) 'example_python_decorator' retrieved from /home/muhammadsami/Public/Projects/Airflow/DataPipelineswithApacheAirflow/.env/lib/python3.8/site-packages/airflow/example_dags/example_python_decorator.py
[2024-03-16T11:47:22.691+0500] {logging_mixin.py:188} INFO - [2024-03-16T11:47:22.691+0500] {dag.py:3047} INFO - Sync 1 DAGs
[2024-03-16T11:47:22.701+0500] {logging_mixin.py:188} INFO - [2024-03-16T11:47:22.701+0500] {dag.py:3834} INFO - Setting next_dagrun for example_python_decorator to None, run_after=None
[2024-03-16T11:47:22.791+0500] {processor.py:183} INFO - Processing /home/muhammadsami/Public/Projects/Airflow/DataPipelineswithApacheAirflow/.env/lib/python3.8/site-packages/airflow/example_dags/example_python_decorator.py took 0.133 seconds
[2024-03-16T11:48:13.288+0500] {processor.py:161} INFO - Started process (PID=21011) to work on /home/muhammadsami/Public/Projects/Airflow/DataPipelineswithApacheAirflow/.env/lib/python3.8/site-packages/airflow/example_dags/example_python_decorator.py
[2024-03-16T11:48:13.330+0500] {processor.py:830} INFO - Processing file /home/muhammadsami/Public/Projects/Airflow/DataPipelineswithApacheAirflow/.env/lib/python3.8/site-packages/airflow/example_dags/example_python_decorator.py for tasks to queue
[2024-03-16T11:48:13.331+0500] {logging_mixin.py:188} INFO - [2024-03-16T11:48:13.331+0500] {dagbag.py:540} INFO - Filling up the DagBag from /home/muhammadsami/Public/Projects/Airflow/DataPipelineswithApacheAirflow/.env/lib/python3.8/site-packages/airflow/example_dags/example_python_decorator.py
[2024-03-16T11:48:13.339+0500] {logging_mixin.py:188} INFO - [2024-03-16T11:48:13.338+0500] {example_python_decorator.py:79} WARNING - The virtalenv_python example task requires virtualenv, please install it.
[2024-03-16T11:48:13.339+0500] {processor.py:840} INFO - DAG(s) 'example_python_decorator' retrieved from /home/muhammadsami/Public/Projects/Airflow/DataPipelineswithApacheAirflow/.env/lib/python3.8/site-packages/airflow/example_dags/example_python_decorator.py
[2024-03-16T11:48:13.353+0500] {logging_mixin.py:188} INFO - [2024-03-16T11:48:13.352+0500] {dag.py:3047} INFO - Sync 1 DAGs
[2024-03-16T11:48:13.362+0500] {logging_mixin.py:188} INFO - [2024-03-16T11:48:13.362+0500] {dag.py:3834} INFO - Setting next_dagrun for example_python_decorator to None, run_after=None
[2024-03-16T11:48:13.452+0500] {processor.py:183} INFO - Processing /home/muhammadsami/Public/Projects/Airflow/DataPipelineswithApacheAirflow/.env/lib/python3.8/site-packages/airflow/example_dags/example_python_decorator.py took 0.166 seconds
[2024-03-16T11:48:59.388+0500] {processor.py:161} INFO - Started process (PID=21083) to work on /home/muhammadsami/Public/Projects/Airflow/DataPipelineswithApacheAirflow/.env/lib/python3.8/site-packages/airflow/example_dags/example_python_decorator.py
[2024-03-16T11:48:59.390+0500] {processor.py:830} INFO - Processing file /home/muhammadsami/Public/Projects/Airflow/DataPipelineswithApacheAirflow/.env/lib/python3.8/site-packages/airflow/example_dags/example_python_decorator.py for tasks to queue
[2024-03-16T11:48:59.391+0500] {logging_mixin.py:188} INFO - [2024-03-16T11:48:59.391+0500] {dagbag.py:540} INFO - Filling up the DagBag from /home/muhammadsami/Public/Projects/Airflow/DataPipelineswithApacheAirflow/.env/lib/python3.8/site-packages/airflow/example_dags/example_python_decorator.py
[2024-03-16T11:48:59.400+0500] {logging_mixin.py:188} INFO - [2024-03-16T11:48:59.400+0500] {example_python_decorator.py:79} WARNING - The virtalenv_python example task requires virtualenv, please install it.
[2024-03-16T11:48:59.400+0500] {processor.py:840} INFO - DAG(s) 'example_python_decorator' retrieved from /home/muhammadsami/Public/Projects/Airflow/DataPipelineswithApacheAirflow/.env/lib/python3.8/site-packages/airflow/example_dags/example_python_decorator.py
[2024-03-16T11:48:59.415+0500] {logging_mixin.py:188} INFO - [2024-03-16T11:48:59.415+0500] {dag.py:3047} INFO - Sync 1 DAGs
[2024-03-16T11:48:59.426+0500] {logging_mixin.py:188} INFO - [2024-03-16T11:48:59.425+0500] {dag.py:3834} INFO - Setting next_dagrun for example_python_decorator to None, run_after=None
[2024-03-16T11:48:59.528+0500] {processor.py:183} INFO - Processing /home/muhammadsami/Public/Projects/Airflow/DataPipelineswithApacheAirflow/.env/lib/python3.8/site-packages/airflow/example_dags/example_python_decorator.py took 0.142 seconds
[2024-03-16T11:49:48.059+0500] {processor.py:161} INFO - Started process (PID=21129) to work on /home/muhammadsami/Public/Projects/Airflow/DataPipelineswithApacheAirflow/.env/lib/python3.8/site-packages/airflow/example_dags/example_python_decorator.py
[2024-03-16T11:49:48.060+0500] {processor.py:830} INFO - Processing file /home/muhammadsami/Public/Projects/Airflow/DataPipelineswithApacheAirflow/.env/lib/python3.8/site-packages/airflow/example_dags/example_python_decorator.py for tasks to queue
[2024-03-16T11:49:48.061+0500] {logging_mixin.py:188} INFO - [2024-03-16T11:49:48.061+0500] {dagbag.py:540} INFO - Filling up the DagBag from /home/muhammadsami/Public/Projects/Airflow/DataPipelineswithApacheAirflow/.env/lib/python3.8/site-packages/airflow/example_dags/example_python_decorator.py
[2024-03-16T11:49:48.071+0500] {logging_mixin.py:188} INFO - [2024-03-16T11:49:48.071+0500] {example_python_decorator.py:79} WARNING - The virtalenv_python example task requires virtualenv, please install it.
[2024-03-16T11:49:48.071+0500] {processor.py:840} INFO - DAG(s) 'example_python_decorator' retrieved from /home/muhammadsami/Public/Projects/Airflow/DataPipelineswithApacheAirflow/.env/lib/python3.8/site-packages/airflow/example_dags/example_python_decorator.py
[2024-03-16T11:49:48.085+0500] {logging_mixin.py:188} INFO - [2024-03-16T11:49:48.085+0500] {dag.py:3047} INFO - Sync 1 DAGs
[2024-03-16T11:49:48.095+0500] {logging_mixin.py:188} INFO - [2024-03-16T11:49:48.095+0500] {dag.py:3834} INFO - Setting next_dagrun for example_python_decorator to None, run_after=None
[2024-03-16T11:49:48.183+0500] {processor.py:183} INFO - Processing /home/muhammadsami/Public/Projects/Airflow/DataPipelineswithApacheAirflow/.env/lib/python3.8/site-packages/airflow/example_dags/example_python_decorator.py took 0.127 seconds
[2024-03-16T11:50:38.777+0500] {processor.py:161} INFO - Started process (PID=21179) to work on /home/muhammadsami/Public/Projects/Airflow/DataPipelineswithApacheAirflow/.env/lib/python3.8/site-packages/airflow/example_dags/example_python_decorator.py
[2024-03-16T11:50:38.779+0500] {processor.py:830} INFO - Processing file /home/muhammadsami/Public/Projects/Airflow/DataPipelineswithApacheAirflow/.env/lib/python3.8/site-packages/airflow/example_dags/example_python_decorator.py for tasks to queue
[2024-03-16T11:50:38.780+0500] {logging_mixin.py:188} INFO - [2024-03-16T11:50:38.779+0500] {dagbag.py:540} INFO - Filling up the DagBag from /home/muhammadsami/Public/Projects/Airflow/DataPipelineswithApacheAirflow/.env/lib/python3.8/site-packages/airflow/example_dags/example_python_decorator.py
[2024-03-16T11:50:38.789+0500] {logging_mixin.py:188} INFO - [2024-03-16T11:50:38.789+0500] {example_python_decorator.py:79} WARNING - The virtalenv_python example task requires virtualenv, please install it.
[2024-03-16T11:50:38.790+0500] {processor.py:840} INFO - DAG(s) 'example_python_decorator' retrieved from /home/muhammadsami/Public/Projects/Airflow/DataPipelineswithApacheAirflow/.env/lib/python3.8/site-packages/airflow/example_dags/example_python_decorator.py
[2024-03-16T11:50:38.803+0500] {logging_mixin.py:188} INFO - [2024-03-16T11:50:38.803+0500] {dag.py:3047} INFO - Sync 1 DAGs
[2024-03-16T11:50:38.813+0500] {logging_mixin.py:188} INFO - [2024-03-16T11:50:38.812+0500] {dag.py:3834} INFO - Setting next_dagrun for example_python_decorator to None, run_after=None
[2024-03-16T11:50:38.911+0500] {processor.py:183} INFO - Processing /home/muhammadsami/Public/Projects/Airflow/DataPipelineswithApacheAirflow/.env/lib/python3.8/site-packages/airflow/example_dags/example_python_decorator.py took 0.137 seconds
[2024-03-16T11:51:31.812+0500] {processor.py:161} INFO - Started process (PID=21308) to work on /home/muhammadsami/Public/Projects/Airflow/DataPipelineswithApacheAirflow/.env/lib/python3.8/site-packages/airflow/example_dags/example_python_decorator.py
[2024-03-16T11:51:31.814+0500] {processor.py:830} INFO - Processing file /home/muhammadsami/Public/Projects/Airflow/DataPipelineswithApacheAirflow/.env/lib/python3.8/site-packages/airflow/example_dags/example_python_decorator.py for tasks to queue
[2024-03-16T11:51:31.815+0500] {logging_mixin.py:188} INFO - [2024-03-16T11:51:31.814+0500] {dagbag.py:540} INFO - Filling up the DagBag from /home/muhammadsami/Public/Projects/Airflow/DataPipelineswithApacheAirflow/.env/lib/python3.8/site-packages/airflow/example_dags/example_python_decorator.py
[2024-03-16T11:51:31.824+0500] {logging_mixin.py:188} INFO - [2024-03-16T11:51:31.824+0500] {example_python_decorator.py:79} WARNING - The virtalenv_python example task requires virtualenv, please install it.
[2024-03-16T11:51:31.824+0500] {processor.py:840} INFO - DAG(s) 'example_python_decorator' retrieved from /home/muhammadsami/Public/Projects/Airflow/DataPipelineswithApacheAirflow/.env/lib/python3.8/site-packages/airflow/example_dags/example_python_decorator.py
[2024-03-16T11:51:31.841+0500] {logging_mixin.py:188} INFO - [2024-03-16T11:51:31.841+0500] {dag.py:3047} INFO - Sync 1 DAGs
[2024-03-16T11:51:31.851+0500] {logging_mixin.py:188} INFO - [2024-03-16T11:51:31.851+0500] {dag.py:3834} INFO - Setting next_dagrun for example_python_decorator to None, run_after=None
[2024-03-16T11:51:31.960+0500] {processor.py:183} INFO - Processing /home/muhammadsami/Public/Projects/Airflow/DataPipelineswithApacheAirflow/.env/lib/python3.8/site-packages/airflow/example_dags/example_python_decorator.py took 0.151 seconds
[2024-03-16T11:52:22.988+0500] {processor.py:161} INFO - Started process (PID=21472) to work on /home/muhammadsami/Public/Projects/Airflow/DataPipelineswithApacheAirflow/.env/lib/python3.8/site-packages/airflow/example_dags/example_python_decorator.py
[2024-03-16T11:52:23.004+0500] {processor.py:830} INFO - Processing file /home/muhammadsami/Public/Projects/Airflow/DataPipelineswithApacheAirflow/.env/lib/python3.8/site-packages/airflow/example_dags/example_python_decorator.py for tasks to queue
[2024-03-16T11:52:23.005+0500] {logging_mixin.py:188} INFO - [2024-03-16T11:52:23.005+0500] {dagbag.py:540} INFO - Filling up the DagBag from /home/muhammadsami/Public/Projects/Airflow/DataPipelineswithApacheAirflow/.env/lib/python3.8/site-packages/airflow/example_dags/example_python_decorator.py
[2024-03-16T11:52:23.014+0500] {logging_mixin.py:188} INFO - [2024-03-16T11:52:23.013+0500] {example_python_decorator.py:79} WARNING - The virtalenv_python example task requires virtualenv, please install it.
[2024-03-16T11:52:23.014+0500] {processor.py:840} INFO - DAG(s) 'example_python_decorator' retrieved from /home/muhammadsami/Public/Projects/Airflow/DataPipelineswithApacheAirflow/.env/lib/python3.8/site-packages/airflow/example_dags/example_python_decorator.py
[2024-03-16T11:52:23.030+0500] {logging_mixin.py:188} INFO - [2024-03-16T11:52:23.030+0500] {dag.py:3047} INFO - Sync 1 DAGs
[2024-03-16T11:52:23.043+0500] {logging_mixin.py:188} INFO - [2024-03-16T11:52:23.043+0500] {dag.py:3834} INFO - Setting next_dagrun for example_python_decorator to None, run_after=None
[2024-03-16T11:52:23.205+0500] {processor.py:183} INFO - Processing /home/muhammadsami/Public/Projects/Airflow/DataPipelineswithApacheAirflow/.env/lib/python3.8/site-packages/airflow/example_dags/example_python_decorator.py took 0.218 seconds
[2024-03-16T11:53:15.863+0500] {processor.py:161} INFO - Started process (PID=21531) to work on /home/muhammadsami/Public/Projects/Airflow/DataPipelineswithApacheAirflow/.env/lib/python3.8/site-packages/airflow/example_dags/example_python_decorator.py
[2024-03-16T11:53:15.878+0500] {processor.py:830} INFO - Processing file /home/muhammadsami/Public/Projects/Airflow/DataPipelineswithApacheAirflow/.env/lib/python3.8/site-packages/airflow/example_dags/example_python_decorator.py for tasks to queue
[2024-03-16T11:53:15.879+0500] {logging_mixin.py:188} INFO - [2024-03-16T11:53:15.879+0500] {dagbag.py:540} INFO - Filling up the DagBag from /home/muhammadsami/Public/Projects/Airflow/DataPipelineswithApacheAirflow/.env/lib/python3.8/site-packages/airflow/example_dags/example_python_decorator.py
[2024-03-16T11:53:15.886+0500] {logging_mixin.py:188} INFO - [2024-03-16T11:53:15.886+0500] {example_python_decorator.py:79} WARNING - The virtalenv_python example task requires virtualenv, please install it.
[2024-03-16T11:53:15.887+0500] {processor.py:840} INFO - DAG(s) 'example_python_decorator' retrieved from /home/muhammadsami/Public/Projects/Airflow/DataPipelineswithApacheAirflow/.env/lib/python3.8/site-packages/airflow/example_dags/example_python_decorator.py
[2024-03-16T11:53:15.900+0500] {logging_mixin.py:188} INFO - [2024-03-16T11:53:15.900+0500] {dag.py:3047} INFO - Sync 1 DAGs
[2024-03-16T11:53:15.910+0500] {logging_mixin.py:188} INFO - [2024-03-16T11:53:15.910+0500] {dag.py:3834} INFO - Setting next_dagrun for example_python_decorator to None, run_after=None
[2024-03-16T11:53:16.001+0500] {processor.py:183} INFO - Processing /home/muhammadsami/Public/Projects/Airflow/DataPipelineswithApacheAirflow/.env/lib/python3.8/site-packages/airflow/example_dags/example_python_decorator.py took 0.140 seconds
[2024-03-16T11:54:07.009+0500] {processor.py:161} INFO - Started process (PID=21652) to work on /home/muhammadsami/Public/Projects/Airflow/DataPipelineswithApacheAirflow/.env/lib/python3.8/site-packages/airflow/example_dags/example_python_decorator.py
[2024-03-16T11:54:07.010+0500] {processor.py:830} INFO - Processing file /home/muhammadsami/Public/Projects/Airflow/DataPipelineswithApacheAirflow/.env/lib/python3.8/site-packages/airflow/example_dags/example_python_decorator.py for tasks to queue
[2024-03-16T11:54:07.012+0500] {logging_mixin.py:188} INFO - [2024-03-16T11:54:07.011+0500] {dagbag.py:540} INFO - Filling up the DagBag from /home/muhammadsami/Public/Projects/Airflow/DataPipelineswithApacheAirflow/.env/lib/python3.8/site-packages/airflow/example_dags/example_python_decorator.py
[2024-03-16T11:54:07.019+0500] {logging_mixin.py:188} INFO - [2024-03-16T11:54:07.019+0500] {example_python_decorator.py:79} WARNING - The virtalenv_python example task requires virtualenv, please install it.
[2024-03-16T11:54:07.020+0500] {processor.py:840} INFO - DAG(s) 'example_python_decorator' retrieved from /home/muhammadsami/Public/Projects/Airflow/DataPipelineswithApacheAirflow/.env/lib/python3.8/site-packages/airflow/example_dags/example_python_decorator.py
[2024-03-16T11:54:07.033+0500] {logging_mixin.py:188} INFO - [2024-03-16T11:54:07.033+0500] {dag.py:3047} INFO - Sync 1 DAGs
[2024-03-16T11:54:07.043+0500] {logging_mixin.py:188} INFO - [2024-03-16T11:54:07.043+0500] {dag.py:3834} INFO - Setting next_dagrun for example_python_decorator to None, run_after=None
[2024-03-16T11:54:07.149+0500] {processor.py:183} INFO - Processing /home/muhammadsami/Public/Projects/Airflow/DataPipelineswithApacheAirflow/.env/lib/python3.8/site-packages/airflow/example_dags/example_python_decorator.py took 0.143 seconds
[2024-03-16T11:54:55.841+0500] {processor.py:161} INFO - Started process (PID=21804) to work on /home/muhammadsami/Public/Projects/Airflow/DataPipelineswithApacheAirflow/.env/lib/python3.8/site-packages/airflow/example_dags/example_python_decorator.py
[2024-03-16T11:54:55.852+0500] {processor.py:830} INFO - Processing file /home/muhammadsami/Public/Projects/Airflow/DataPipelineswithApacheAirflow/.env/lib/python3.8/site-packages/airflow/example_dags/example_python_decorator.py for tasks to queue
[2024-03-16T11:54:55.853+0500] {logging_mixin.py:188} INFO - [2024-03-16T11:54:55.853+0500] {dagbag.py:540} INFO - Filling up the DagBag from /home/muhammadsami/Public/Projects/Airflow/DataPipelineswithApacheAirflow/.env/lib/python3.8/site-packages/airflow/example_dags/example_python_decorator.py
[2024-03-16T11:54:55.862+0500] {logging_mixin.py:188} INFO - [2024-03-16T11:54:55.862+0500] {example_python_decorator.py:79} WARNING - The virtalenv_python example task requires virtualenv, please install it.
[2024-03-16T11:54:55.863+0500] {processor.py:840} INFO - DAG(s) 'example_python_decorator' retrieved from /home/muhammadsami/Public/Projects/Airflow/DataPipelineswithApacheAirflow/.env/lib/python3.8/site-packages/airflow/example_dags/example_python_decorator.py
[2024-03-16T11:54:55.878+0500] {logging_mixin.py:188} INFO - [2024-03-16T11:54:55.878+0500] {dag.py:3047} INFO - Sync 1 DAGs
[2024-03-16T11:54:55.889+0500] {logging_mixin.py:188} INFO - [2024-03-16T11:54:55.889+0500] {dag.py:3834} INFO - Setting next_dagrun for example_python_decorator to None, run_after=None
[2024-03-16T11:54:55.982+0500] {processor.py:183} INFO - Processing /home/muhammadsami/Public/Projects/Airflow/DataPipelineswithApacheAirflow/.env/lib/python3.8/site-packages/airflow/example_dags/example_python_decorator.py took 0.144 seconds
[2024-03-16T11:55:48.204+0500] {processor.py:161} INFO - Started process (PID=21907) to work on /home/muhammadsami/Public/Projects/Airflow/DataPipelineswithApacheAirflow/.env/lib/python3.8/site-packages/airflow/example_dags/example_python_decorator.py
[2024-03-16T11:55:48.206+0500] {processor.py:830} INFO - Processing file /home/muhammadsami/Public/Projects/Airflow/DataPipelineswithApacheAirflow/.env/lib/python3.8/site-packages/airflow/example_dags/example_python_decorator.py for tasks to queue
[2024-03-16T11:55:48.207+0500] {logging_mixin.py:188} INFO - [2024-03-16T11:55:48.207+0500] {dagbag.py:540} INFO - Filling up the DagBag from /home/muhammadsami/Public/Projects/Airflow/DataPipelineswithApacheAirflow/.env/lib/python3.8/site-packages/airflow/example_dags/example_python_decorator.py
[2024-03-16T11:55:48.216+0500] {logging_mixin.py:188} INFO - [2024-03-16T11:55:48.216+0500] {example_python_decorator.py:79} WARNING - The virtalenv_python example task requires virtualenv, please install it.
[2024-03-16T11:55:48.217+0500] {processor.py:840} INFO - DAG(s) 'example_python_decorator' retrieved from /home/muhammadsami/Public/Projects/Airflow/DataPipelineswithApacheAirflow/.env/lib/python3.8/site-packages/airflow/example_dags/example_python_decorator.py
[2024-03-16T11:55:48.231+0500] {logging_mixin.py:188} INFO - [2024-03-16T11:55:48.231+0500] {dag.py:3047} INFO - Sync 1 DAGs
[2024-03-16T11:55:48.242+0500] {logging_mixin.py:188} INFO - [2024-03-16T11:55:48.241+0500] {dag.py:3834} INFO - Setting next_dagrun for example_python_decorator to None, run_after=None
[2024-03-16T11:55:48.340+0500] {processor.py:183} INFO - Processing /home/muhammadsami/Public/Projects/Airflow/DataPipelineswithApacheAirflow/.env/lib/python3.8/site-packages/airflow/example_dags/example_python_decorator.py took 0.138 seconds
[2024-03-16T11:56:38.234+0500] {processor.py:161} INFO - Started process (PID=21957) to work on /home/muhammadsami/Public/Projects/Airflow/DataPipelineswithApacheAirflow/.env/lib/python3.8/site-packages/airflow/example_dags/example_python_decorator.py
[2024-03-16T11:56:38.235+0500] {processor.py:830} INFO - Processing file /home/muhammadsami/Public/Projects/Airflow/DataPipelineswithApacheAirflow/.env/lib/python3.8/site-packages/airflow/example_dags/example_python_decorator.py for tasks to queue
[2024-03-16T11:56:38.236+0500] {logging_mixin.py:188} INFO - [2024-03-16T11:56:38.236+0500] {dagbag.py:540} INFO - Filling up the DagBag from /home/muhammadsami/Public/Projects/Airflow/DataPipelineswithApacheAirflow/.env/lib/python3.8/site-packages/airflow/example_dags/example_python_decorator.py
[2024-03-16T11:56:38.247+0500] {logging_mixin.py:188} INFO - [2024-03-16T11:56:38.247+0500] {example_python_decorator.py:79} WARNING - The virtalenv_python example task requires virtualenv, please install it.
[2024-03-16T11:56:38.247+0500] {processor.py:840} INFO - DAG(s) 'example_python_decorator' retrieved from /home/muhammadsami/Public/Projects/Airflow/DataPipelineswithApacheAirflow/.env/lib/python3.8/site-packages/airflow/example_dags/example_python_decorator.py
[2024-03-16T11:56:38.264+0500] {logging_mixin.py:188} INFO - [2024-03-16T11:56:38.263+0500] {dag.py:3047} INFO - Sync 1 DAGs
[2024-03-16T11:56:38.276+0500] {logging_mixin.py:188} INFO - [2024-03-16T11:56:38.275+0500] {dag.py:3834} INFO - Setting next_dagrun for example_python_decorator to None, run_after=None
[2024-03-16T11:56:38.374+0500] {processor.py:183} INFO - Processing /home/muhammadsami/Public/Projects/Airflow/DataPipelineswithApacheAirflow/.env/lib/python3.8/site-packages/airflow/example_dags/example_python_decorator.py took 0.144 seconds
[2024-03-16T11:57:30.492+0500] {processor.py:161} INFO - Started process (PID=22010) to work on /home/muhammadsami/Public/Projects/Airflow/DataPipelineswithApacheAirflow/.env/lib/python3.8/site-packages/airflow/example_dags/example_python_decorator.py
[2024-03-16T11:57:30.493+0500] {processor.py:830} INFO - Processing file /home/muhammadsami/Public/Projects/Airflow/DataPipelineswithApacheAirflow/.env/lib/python3.8/site-packages/airflow/example_dags/example_python_decorator.py for tasks to queue
[2024-03-16T11:57:30.495+0500] {logging_mixin.py:188} INFO - [2024-03-16T11:57:30.494+0500] {dagbag.py:540} INFO - Filling up the DagBag from /home/muhammadsami/Public/Projects/Airflow/DataPipelineswithApacheAirflow/.env/lib/python3.8/site-packages/airflow/example_dags/example_python_decorator.py
[2024-03-16T11:57:30.507+0500] {logging_mixin.py:188} INFO - [2024-03-16T11:57:30.507+0500] {example_python_decorator.py:79} WARNING - The virtalenv_python example task requires virtualenv, please install it.
[2024-03-16T11:57:30.508+0500] {processor.py:840} INFO - DAG(s) 'example_python_decorator' retrieved from /home/muhammadsami/Public/Projects/Airflow/DataPipelineswithApacheAirflow/.env/lib/python3.8/site-packages/airflow/example_dags/example_python_decorator.py
[2024-03-16T11:57:30.524+0500] {logging_mixin.py:188} INFO - [2024-03-16T11:57:30.524+0500] {dag.py:3047} INFO - Sync 1 DAGs
[2024-03-16T11:57:30.534+0500] {logging_mixin.py:188} INFO - [2024-03-16T11:57:30.534+0500] {dag.py:3834} INFO - Setting next_dagrun for example_python_decorator to None, run_after=None
[2024-03-16T11:57:30.631+0500] {processor.py:183} INFO - Processing /home/muhammadsami/Public/Projects/Airflow/DataPipelineswithApacheAirflow/.env/lib/python3.8/site-packages/airflow/example_dags/example_python_decorator.py took 0.143 seconds
[2024-03-16T11:58:23.534+0500] {processor.py:161} INFO - Started process (PID=22089) to work on /home/muhammadsami/Public/Projects/Airflow/DataPipelineswithApacheAirflow/.env/lib/python3.8/site-packages/airflow/example_dags/example_python_decorator.py
[2024-03-16T11:58:23.536+0500] {processor.py:830} INFO - Processing file /home/muhammadsami/Public/Projects/Airflow/DataPipelineswithApacheAirflow/.env/lib/python3.8/site-packages/airflow/example_dags/example_python_decorator.py for tasks to queue
[2024-03-16T11:58:23.537+0500] {logging_mixin.py:188} INFO - [2024-03-16T11:58:23.536+0500] {dagbag.py:540} INFO - Filling up the DagBag from /home/muhammadsami/Public/Projects/Airflow/DataPipelineswithApacheAirflow/.env/lib/python3.8/site-packages/airflow/example_dags/example_python_decorator.py
[2024-03-16T11:58:23.546+0500] {logging_mixin.py:188} INFO - [2024-03-16T11:58:23.546+0500] {example_python_decorator.py:79} WARNING - The virtalenv_python example task requires virtualenv, please install it.
[2024-03-16T11:58:23.547+0500] {processor.py:840} INFO - DAG(s) 'example_python_decorator' retrieved from /home/muhammadsami/Public/Projects/Airflow/DataPipelineswithApacheAirflow/.env/lib/python3.8/site-packages/airflow/example_dags/example_python_decorator.py
[2024-03-16T11:58:23.561+0500] {logging_mixin.py:188} INFO - [2024-03-16T11:58:23.561+0500] {dag.py:3047} INFO - Sync 1 DAGs
[2024-03-16T11:58:23.571+0500] {logging_mixin.py:188} INFO - [2024-03-16T11:58:23.571+0500] {dag.py:3834} INFO - Setting next_dagrun for example_python_decorator to None, run_after=None
[2024-03-16T11:58:23.683+0500] {processor.py:183} INFO - Processing /home/muhammadsami/Public/Projects/Airflow/DataPipelineswithApacheAirflow/.env/lib/python3.8/site-packages/airflow/example_dags/example_python_decorator.py took 0.151 seconds
[2024-03-16T11:59:09.848+0500] {processor.py:161} INFO - Started process (PID=22170) to work on /home/muhammadsami/Public/Projects/Airflow/DataPipelineswithApacheAirflow/.env/lib/python3.8/site-packages/airflow/example_dags/example_python_decorator.py
[2024-03-16T11:59:09.849+0500] {processor.py:830} INFO - Processing file /home/muhammadsami/Public/Projects/Airflow/DataPipelineswithApacheAirflow/.env/lib/python3.8/site-packages/airflow/example_dags/example_python_decorator.py for tasks to queue
[2024-03-16T11:59:09.850+0500] {logging_mixin.py:188} INFO - [2024-03-16T11:59:09.850+0500] {dagbag.py:540} INFO - Filling up the DagBag from /home/muhammadsami/Public/Projects/Airflow/DataPipelineswithApacheAirflow/.env/lib/python3.8/site-packages/airflow/example_dags/example_python_decorator.py
[2024-03-16T11:59:09.858+0500] {logging_mixin.py:188} INFO - [2024-03-16T11:59:09.858+0500] {example_python_decorator.py:79} WARNING - The virtalenv_python example task requires virtualenv, please install it.
[2024-03-16T11:59:09.860+0500] {processor.py:840} INFO - DAG(s) 'example_python_decorator' retrieved from /home/muhammadsami/Public/Projects/Airflow/DataPipelineswithApacheAirflow/.env/lib/python3.8/site-packages/airflow/example_dags/example_python_decorator.py
[2024-03-16T11:59:09.873+0500] {logging_mixin.py:188} INFO - [2024-03-16T11:59:09.873+0500] {dag.py:3047} INFO - Sync 1 DAGs
[2024-03-16T11:59:09.883+0500] {logging_mixin.py:188} INFO - [2024-03-16T11:59:09.883+0500] {dag.py:3834} INFO - Setting next_dagrun for example_python_decorator to None, run_after=None
[2024-03-16T11:59:10.010+0500] {processor.py:183} INFO - Processing /home/muhammadsami/Public/Projects/Airflow/DataPipelineswithApacheAirflow/.env/lib/python3.8/site-packages/airflow/example_dags/example_python_decorator.py took 0.164 seconds
[2024-03-16T12:00:01.505+0500] {processor.py:161} INFO - Started process (PID=22305) to work on /home/muhammadsami/Public/Projects/Airflow/DataPipelineswithApacheAirflow/.env/lib/python3.8/site-packages/airflow/example_dags/example_python_decorator.py
[2024-03-16T12:00:01.518+0500] {processor.py:830} INFO - Processing file /home/muhammadsami/Public/Projects/Airflow/DataPipelineswithApacheAirflow/.env/lib/python3.8/site-packages/airflow/example_dags/example_python_decorator.py for tasks to queue
[2024-03-16T12:00:01.519+0500] {logging_mixin.py:188} INFO - [2024-03-16T12:00:01.519+0500] {dagbag.py:540} INFO - Filling up the DagBag from /home/muhammadsami/Public/Projects/Airflow/DataPipelineswithApacheAirflow/.env/lib/python3.8/site-packages/airflow/example_dags/example_python_decorator.py
[2024-03-16T12:00:01.527+0500] {logging_mixin.py:188} INFO - [2024-03-16T12:00:01.526+0500] {example_python_decorator.py:79} WARNING - The virtalenv_python example task requires virtualenv, please install it.
[2024-03-16T12:00:01.527+0500] {processor.py:840} INFO - DAG(s) 'example_python_decorator' retrieved from /home/muhammadsami/Public/Projects/Airflow/DataPipelineswithApacheAirflow/.env/lib/python3.8/site-packages/airflow/example_dags/example_python_decorator.py
[2024-03-16T12:00:01.540+0500] {logging_mixin.py:188} INFO - [2024-03-16T12:00:01.540+0500] {dag.py:3047} INFO - Sync 1 DAGs
[2024-03-16T12:00:01.550+0500] {logging_mixin.py:188} INFO - [2024-03-16T12:00:01.549+0500] {dag.py:3834} INFO - Setting next_dagrun for example_python_decorator to None, run_after=None
[2024-03-16T12:00:01.642+0500] {processor.py:183} INFO - Processing /home/muhammadsami/Public/Projects/Airflow/DataPipelineswithApacheAirflow/.env/lib/python3.8/site-packages/airflow/example_dags/example_python_decorator.py took 0.139 seconds
[2024-03-16T12:00:56.375+0500] {processor.py:161} INFO - Started process (PID=22359) to work on /home/muhammadsami/Public/Projects/Airflow/DataPipelineswithApacheAirflow/.env/lib/python3.8/site-packages/airflow/example_dags/example_python_decorator.py
[2024-03-16T12:00:56.377+0500] {processor.py:830} INFO - Processing file /home/muhammadsami/Public/Projects/Airflow/DataPipelineswithApacheAirflow/.env/lib/python3.8/site-packages/airflow/example_dags/example_python_decorator.py for tasks to queue
[2024-03-16T12:00:56.378+0500] {logging_mixin.py:188} INFO - [2024-03-16T12:00:56.378+0500] {dagbag.py:540} INFO - Filling up the DagBag from /home/muhammadsami/Public/Projects/Airflow/DataPipelineswithApacheAirflow/.env/lib/python3.8/site-packages/airflow/example_dags/example_python_decorator.py
[2024-03-16T12:00:56.389+0500] {logging_mixin.py:188} INFO - [2024-03-16T12:00:56.389+0500] {example_python_decorator.py:79} WARNING - The virtalenv_python example task requires virtualenv, please install it.
[2024-03-16T12:00:56.390+0500] {processor.py:840} INFO - DAG(s) 'example_python_decorator' retrieved from /home/muhammadsami/Public/Projects/Airflow/DataPipelineswithApacheAirflow/.env/lib/python3.8/site-packages/airflow/example_dags/example_python_decorator.py
[2024-03-16T12:00:56.403+0500] {logging_mixin.py:188} INFO - [2024-03-16T12:00:56.403+0500] {dag.py:3047} INFO - Sync 1 DAGs
[2024-03-16T12:00:56.412+0500] {logging_mixin.py:188} INFO - [2024-03-16T12:00:56.412+0500] {dag.py:3834} INFO - Setting next_dagrun for example_python_decorator to None, run_after=None
[2024-03-16T12:00:56.499+0500] {processor.py:183} INFO - Processing /home/muhammadsami/Public/Projects/Airflow/DataPipelineswithApacheAirflow/.env/lib/python3.8/site-packages/airflow/example_dags/example_python_decorator.py took 0.126 seconds
