[2024-03-16T11:23:25.031+0500] {processor.py:161} INFO - Started process (PID=18425) to work on /home/muhammadsami/Public/Projects/Airflow/DataPipelineswithApacheAirflow/.env/lib/python3.8/site-packages/airflow/example_dags/example_branch_day_of_week_operator.py
[2024-03-16T11:23:25.032+0500] {processor.py:830} INFO - Processing file /home/muhammadsami/Public/Projects/Airflow/DataPipelineswithApacheAirflow/.env/lib/python3.8/site-packages/airflow/example_dags/example_branch_day_of_week_operator.py for tasks to queue
[2024-03-16T11:23:25.033+0500] {logging_mixin.py:188} INFO - [2024-03-16T11:23:25.033+0500] {dagbag.py:540} INFO - Filling up the DagBag from /home/muhammadsami/Public/Projects/Airflow/DataPipelineswithApacheAirflow/.env/lib/python3.8/site-packages/airflow/example_dags/example_branch_day_of_week_operator.py
[2024-03-16T11:23:25.042+0500] {processor.py:840} INFO - DAG(s) 'example_weekday_branch_operator' retrieved from /home/muhammadsami/Public/Projects/Airflow/DataPipelineswithApacheAirflow/.env/lib/python3.8/site-packages/airflow/example_dags/example_branch_day_of_week_operator.py
[2024-03-16T11:23:25.500+0500] {logging_mixin.py:188} INFO - [2024-03-16T11:23:25.500+0500] {override.py:1769} INFO - Created Permission View: can edit on DAG:example_weekday_branch_operator
[2024-03-16T11:23:25.593+0500] {logging_mixin.py:188} INFO - [2024-03-16T11:23:25.592+0500] {override.py:1769} INFO - Created Permission View: can delete on DAG:example_weekday_branch_operator
[2024-03-16T11:23:25.694+0500] {logging_mixin.py:188} INFO - [2024-03-16T11:23:25.692+0500] {override.py:1769} INFO - Created Permission View: can read on DAG:example_weekday_branch_operator
[2024-03-16T11:23:25.695+0500] {logging_mixin.py:188} INFO - [2024-03-16T11:23:25.694+0500] {dag.py:3047} INFO - Sync 1 DAGs
[2024-03-16T11:23:25.704+0500] {logging_mixin.py:188} INFO - [2024-03-16T11:23:25.704+0500] {dag.py:3069} INFO - Creating ORM DAG for example_weekday_branch_operator
[2024-03-16T11:23:25.715+0500] {logging_mixin.py:188} INFO - [2024-03-16T11:23:25.714+0500] {dag.py:3834} INFO - Setting next_dagrun for example_weekday_branch_operator to 2024-03-15 00:00:00+00:00, run_after=2024-03-16 00:00:00+00:00
[2024-03-16T11:23:25.893+0500] {processor.py:183} INFO - Processing /home/muhammadsami/Public/Projects/Airflow/DataPipelineswithApacheAirflow/.env/lib/python3.8/site-packages/airflow/example_dags/example_branch_day_of_week_operator.py took 0.864 seconds
[2024-03-16T11:24:37.011+0500] {processor.py:161} INFO - Started process (PID=18562) to work on /home/muhammadsami/Public/Projects/Airflow/DataPipelineswithApacheAirflow/.env/lib/python3.8/site-packages/airflow/example_dags/example_branch_day_of_week_operator.py
[2024-03-16T11:24:37.013+0500] {processor.py:830} INFO - Processing file /home/muhammadsami/Public/Projects/Airflow/DataPipelineswithApacheAirflow/.env/lib/python3.8/site-packages/airflow/example_dags/example_branch_day_of_week_operator.py for tasks to queue
[2024-03-16T11:24:37.014+0500] {logging_mixin.py:188} INFO - [2024-03-16T11:24:37.013+0500] {dagbag.py:540} INFO - Filling up the DagBag from /home/muhammadsami/Public/Projects/Airflow/DataPipelineswithApacheAirflow/.env/lib/python3.8/site-packages/airflow/example_dags/example_branch_day_of_week_operator.py
[2024-03-16T11:24:37.022+0500] {processor.py:840} INFO - DAG(s) 'example_weekday_branch_operator' retrieved from /home/muhammadsami/Public/Projects/Airflow/DataPipelineswithApacheAirflow/.env/lib/python3.8/site-packages/airflow/example_dags/example_branch_day_of_week_operator.py
[2024-03-16T11:24:37.122+0500] {logging_mixin.py:188} INFO - [2024-03-16T11:24:37.122+0500] {dag.py:3047} INFO - Sync 1 DAGs
[2024-03-16T11:24:37.137+0500] {logging_mixin.py:188} INFO - [2024-03-16T11:24:37.137+0500] {dag.py:3834} INFO - Setting next_dagrun for example_weekday_branch_operator to 2024-03-15 00:00:00+00:00, run_after=2024-03-16 00:00:00+00:00
[2024-03-16T11:24:37.242+0500] {processor.py:183} INFO - Processing /home/muhammadsami/Public/Projects/Airflow/DataPipelineswithApacheAirflow/.env/lib/python3.8/site-packages/airflow/example_dags/example_branch_day_of_week_operator.py took 0.233 seconds
[2024-03-16T11:25:31.156+0500] {processor.py:161} INFO - Started process (PID=18628) to work on /home/muhammadsami/Public/Projects/Airflow/DataPipelineswithApacheAirflow/.env/lib/python3.8/site-packages/airflow/example_dags/example_branch_day_of_week_operator.py
[2024-03-16T11:25:31.171+0500] {processor.py:830} INFO - Processing file /home/muhammadsami/Public/Projects/Airflow/DataPipelineswithApacheAirflow/.env/lib/python3.8/site-packages/airflow/example_dags/example_branch_day_of_week_operator.py for tasks to queue
[2024-03-16T11:25:31.172+0500] {logging_mixin.py:188} INFO - [2024-03-16T11:25:31.171+0500] {dagbag.py:540} INFO - Filling up the DagBag from /home/muhammadsami/Public/Projects/Airflow/DataPipelineswithApacheAirflow/.env/lib/python3.8/site-packages/airflow/example_dags/example_branch_day_of_week_operator.py
[2024-03-16T11:25:31.178+0500] {processor.py:840} INFO - DAG(s) 'example_weekday_branch_operator' retrieved from /home/muhammadsami/Public/Projects/Airflow/DataPipelineswithApacheAirflow/.env/lib/python3.8/site-packages/airflow/example_dags/example_branch_day_of_week_operator.py
[2024-03-16T11:25:31.192+0500] {logging_mixin.py:188} INFO - [2024-03-16T11:25:31.192+0500] {dag.py:3047} INFO - Sync 1 DAGs
[2024-03-16T11:25:31.211+0500] {logging_mixin.py:188} INFO - [2024-03-16T11:25:31.210+0500] {dag.py:3834} INFO - Setting next_dagrun for example_weekday_branch_operator to 2024-03-15 00:00:00+00:00, run_after=2024-03-16 00:00:00+00:00
[2024-03-16T11:25:31.319+0500] {processor.py:183} INFO - Processing /home/muhammadsami/Public/Projects/Airflow/DataPipelineswithApacheAirflow/.env/lib/python3.8/site-packages/airflow/example_dags/example_branch_day_of_week_operator.py took 0.165 seconds
[2024-03-16T11:26:48.655+0500] {processor.py:161} INFO - Started process (PID=18740) to work on /home/muhammadsami/Public/Projects/Airflow/DataPipelineswithApacheAirflow/.env/lib/python3.8/site-packages/airflow/example_dags/example_branch_day_of_week_operator.py
[2024-03-16T11:26:48.658+0500] {processor.py:830} INFO - Processing file /home/muhammadsami/Public/Projects/Airflow/DataPipelineswithApacheAirflow/.env/lib/python3.8/site-packages/airflow/example_dags/example_branch_day_of_week_operator.py for tasks to queue
[2024-03-16T11:26:48.660+0500] {logging_mixin.py:188} INFO - [2024-03-16T11:26:48.659+0500] {dagbag.py:540} INFO - Filling up the DagBag from /home/muhammadsami/Public/Projects/Airflow/DataPipelineswithApacheAirflow/.env/lib/python3.8/site-packages/airflow/example_dags/example_branch_day_of_week_operator.py
[2024-03-16T11:26:48.667+0500] {processor.py:840} INFO - DAG(s) 'example_weekday_branch_operator' retrieved from /home/muhammadsami/Public/Projects/Airflow/DataPipelineswithApacheAirflow/.env/lib/python3.8/site-packages/airflow/example_dags/example_branch_day_of_week_operator.py
[2024-03-16T11:26:48.686+0500] {logging_mixin.py:188} INFO - [2024-03-16T11:26:48.685+0500] {dag.py:3047} INFO - Sync 1 DAGs
[2024-03-16T11:26:48.719+0500] {logging_mixin.py:188} INFO - [2024-03-16T11:26:48.718+0500] {dag.py:3834} INFO - Setting next_dagrun for example_weekday_branch_operator to 2024-03-15 00:00:00+00:00, run_after=2024-03-16 00:00:00+00:00
[2024-03-16T11:26:48.866+0500] {processor.py:183} INFO - Processing /home/muhammadsami/Public/Projects/Airflow/DataPipelineswithApacheAirflow/.env/lib/python3.8/site-packages/airflow/example_dags/example_branch_day_of_week_operator.py took 0.216 seconds
[2024-03-16T11:27:40.349+0500] {processor.py:161} INFO - Started process (PID=18794) to work on /home/muhammadsami/Public/Projects/Airflow/DataPipelineswithApacheAirflow/.env/lib/python3.8/site-packages/airflow/example_dags/example_branch_day_of_week_operator.py
[2024-03-16T11:27:40.350+0500] {processor.py:830} INFO - Processing file /home/muhammadsami/Public/Projects/Airflow/DataPipelineswithApacheAirflow/.env/lib/python3.8/site-packages/airflow/example_dags/example_branch_day_of_week_operator.py for tasks to queue
[2024-03-16T11:27:40.351+0500] {logging_mixin.py:188} INFO - [2024-03-16T11:27:40.350+0500] {dagbag.py:540} INFO - Filling up the DagBag from /home/muhammadsami/Public/Projects/Airflow/DataPipelineswithApacheAirflow/.env/lib/python3.8/site-packages/airflow/example_dags/example_branch_day_of_week_operator.py
[2024-03-16T11:27:40.358+0500] {processor.py:840} INFO - DAG(s) 'example_weekday_branch_operator' retrieved from /home/muhammadsami/Public/Projects/Airflow/DataPipelineswithApacheAirflow/.env/lib/python3.8/site-packages/airflow/example_dags/example_branch_day_of_week_operator.py
[2024-03-16T11:27:40.373+0500] {logging_mixin.py:188} INFO - [2024-03-16T11:27:40.372+0500] {dag.py:3047} INFO - Sync 1 DAGs
[2024-03-16T11:27:40.391+0500] {logging_mixin.py:188} INFO - [2024-03-16T11:27:40.391+0500] {dag.py:3834} INFO - Setting next_dagrun for example_weekday_branch_operator to 2024-03-15 00:00:00+00:00, run_after=2024-03-16 00:00:00+00:00
[2024-03-16T11:27:40.487+0500] {processor.py:183} INFO - Processing /home/muhammadsami/Public/Projects/Airflow/DataPipelineswithApacheAirflow/.env/lib/python3.8/site-packages/airflow/example_dags/example_branch_day_of_week_operator.py took 0.141 seconds
[2024-03-16T11:28:51.357+0500] {processor.py:161} INFO - Started process (PID=18880) to work on /home/muhammadsami/Public/Projects/Airflow/DataPipelineswithApacheAirflow/.env/lib/python3.8/site-packages/airflow/example_dags/example_branch_day_of_week_operator.py
[2024-03-16T11:28:51.359+0500] {processor.py:830} INFO - Processing file /home/muhammadsami/Public/Projects/Airflow/DataPipelineswithApacheAirflow/.env/lib/python3.8/site-packages/airflow/example_dags/example_branch_day_of_week_operator.py for tasks to queue
[2024-03-16T11:28:51.360+0500] {logging_mixin.py:188} INFO - [2024-03-16T11:28:51.359+0500] {dagbag.py:540} INFO - Filling up the DagBag from /home/muhammadsami/Public/Projects/Airflow/DataPipelineswithApacheAirflow/.env/lib/python3.8/site-packages/airflow/example_dags/example_branch_day_of_week_operator.py
[2024-03-16T11:28:51.368+0500] {processor.py:840} INFO - DAG(s) 'example_weekday_branch_operator' retrieved from /home/muhammadsami/Public/Projects/Airflow/DataPipelineswithApacheAirflow/.env/lib/python3.8/site-packages/airflow/example_dags/example_branch_day_of_week_operator.py
[2024-03-16T11:28:51.382+0500] {logging_mixin.py:188} INFO - [2024-03-16T11:28:51.382+0500] {dag.py:3047} INFO - Sync 1 DAGs
[2024-03-16T11:28:51.402+0500] {logging_mixin.py:188} INFO - [2024-03-16T11:28:51.402+0500] {dag.py:3834} INFO - Setting next_dagrun for example_weekday_branch_operator to 2024-03-15 00:00:00+00:00, run_after=2024-03-16 00:00:00+00:00
[2024-03-16T11:28:51.503+0500] {processor.py:183} INFO - Processing /home/muhammadsami/Public/Projects/Airflow/DataPipelineswithApacheAirflow/.env/lib/python3.8/site-packages/airflow/example_dags/example_branch_day_of_week_operator.py took 0.149 seconds
[2024-03-16T11:30:07.610+0500] {processor.py:161} INFO - Started process (PID=18964) to work on /home/muhammadsami/Public/Projects/Airflow/DataPipelineswithApacheAirflow/.env/lib/python3.8/site-packages/airflow/example_dags/example_branch_day_of_week_operator.py
[2024-03-16T11:30:07.611+0500] {processor.py:830} INFO - Processing file /home/muhammadsami/Public/Projects/Airflow/DataPipelineswithApacheAirflow/.env/lib/python3.8/site-packages/airflow/example_dags/example_branch_day_of_week_operator.py for tasks to queue
[2024-03-16T11:30:07.612+0500] {logging_mixin.py:188} INFO - [2024-03-16T11:30:07.612+0500] {dagbag.py:540} INFO - Filling up the DagBag from /home/muhammadsami/Public/Projects/Airflow/DataPipelineswithApacheAirflow/.env/lib/python3.8/site-packages/airflow/example_dags/example_branch_day_of_week_operator.py
[2024-03-16T11:30:07.621+0500] {processor.py:840} INFO - DAG(s) 'example_weekday_branch_operator' retrieved from /home/muhammadsami/Public/Projects/Airflow/DataPipelineswithApacheAirflow/.env/lib/python3.8/site-packages/airflow/example_dags/example_branch_day_of_week_operator.py
[2024-03-16T11:30:07.635+0500] {logging_mixin.py:188} INFO - [2024-03-16T11:30:07.635+0500] {dag.py:3047} INFO - Sync 1 DAGs
[2024-03-16T11:30:07.653+0500] {logging_mixin.py:188} INFO - [2024-03-16T11:30:07.652+0500] {dag.py:3834} INFO - Setting next_dagrun for example_weekday_branch_operator to 2024-03-15 00:00:00+00:00, run_after=2024-03-16 00:00:00+00:00
[2024-03-16T11:30:07.771+0500] {processor.py:183} INFO - Processing /home/muhammadsami/Public/Projects/Airflow/DataPipelineswithApacheAirflow/.env/lib/python3.8/site-packages/airflow/example_dags/example_branch_day_of_week_operator.py took 0.164 seconds
[2024-03-16T11:39:21.580+0500] {processor.py:161} INFO - Started process (PID=19682) to work on /home/muhammadsami/Public/Projects/Airflow/DataPipelineswithApacheAirflow/.env/lib/python3.8/site-packages/airflow/example_dags/example_branch_day_of_week_operator.py
[2024-03-16T11:39:21.591+0500] {processor.py:830} INFO - Processing file /home/muhammadsami/Public/Projects/Airflow/DataPipelineswithApacheAirflow/.env/lib/python3.8/site-packages/airflow/example_dags/example_branch_day_of_week_operator.py for tasks to queue
[2024-03-16T11:39:21.592+0500] {logging_mixin.py:188} INFO - [2024-03-16T11:39:21.591+0500] {dagbag.py:540} INFO - Filling up the DagBag from /home/muhammadsami/Public/Projects/Airflow/DataPipelineswithApacheAirflow/.env/lib/python3.8/site-packages/airflow/example_dags/example_branch_day_of_week_operator.py
[2024-03-16T11:39:21.598+0500] {processor.py:840} INFO - DAG(s) 'example_weekday_branch_operator' retrieved from /home/muhammadsami/Public/Projects/Airflow/DataPipelineswithApacheAirflow/.env/lib/python3.8/site-packages/airflow/example_dags/example_branch_day_of_week_operator.py
[2024-03-16T11:39:21.614+0500] {logging_mixin.py:188} INFO - [2024-03-16T11:39:21.614+0500] {dag.py:3047} INFO - Sync 1 DAGs
[2024-03-16T11:39:21.632+0500] {logging_mixin.py:188} INFO - [2024-03-16T11:39:21.632+0500] {dag.py:3834} INFO - Setting next_dagrun for example_weekday_branch_operator to 2024-03-15 00:00:00+00:00, run_after=2024-03-16 00:00:00+00:00
[2024-03-16T11:39:21.726+0500] {processor.py:183} INFO - Processing /home/muhammadsami/Public/Projects/Airflow/DataPipelineswithApacheAirflow/.env/lib/python3.8/site-packages/airflow/example_dags/example_branch_day_of_week_operator.py took 0.149 seconds
[2024-03-16T11:40:27.882+0500] {processor.py:161} INFO - Started process (PID=19957) to work on /home/muhammadsami/Public/Projects/Airflow/DataPipelineswithApacheAirflow/.env/lib/python3.8/site-packages/airflow/example_dags/example_branch_day_of_week_operator.py
[2024-03-16T11:40:27.896+0500] {processor.py:830} INFO - Processing file /home/muhammadsami/Public/Projects/Airflow/DataPipelineswithApacheAirflow/.env/lib/python3.8/site-packages/airflow/example_dags/example_branch_day_of_week_operator.py for tasks to queue
[2024-03-16T11:40:27.897+0500] {logging_mixin.py:188} INFO - [2024-03-16T11:40:27.896+0500] {dagbag.py:540} INFO - Filling up the DagBag from /home/muhammadsami/Public/Projects/Airflow/DataPipelineswithApacheAirflow/.env/lib/python3.8/site-packages/airflow/example_dags/example_branch_day_of_week_operator.py
[2024-03-16T11:40:27.905+0500] {processor.py:840} INFO - DAG(s) 'example_weekday_branch_operator' retrieved from /home/muhammadsami/Public/Projects/Airflow/DataPipelineswithApacheAirflow/.env/lib/python3.8/site-packages/airflow/example_dags/example_branch_day_of_week_operator.py
[2024-03-16T11:40:27.920+0500] {logging_mixin.py:188} INFO - [2024-03-16T11:40:27.920+0500] {dag.py:3047} INFO - Sync 1 DAGs
[2024-03-16T11:40:28.043+0500] {logging_mixin.py:188} INFO - [2024-03-16T11:40:28.043+0500] {dag.py:3834} INFO - Setting next_dagrun for example_weekday_branch_operator to 2024-03-15 00:00:00+00:00, run_after=2024-03-16 00:00:00+00:00
[2024-03-16T11:40:28.148+0500] {processor.py:183} INFO - Processing /home/muhammadsami/Public/Projects/Airflow/DataPipelineswithApacheAirflow/.env/lib/python3.8/site-packages/airflow/example_dags/example_branch_day_of_week_operator.py took 0.271 seconds
[2024-03-16T11:41:46.395+0500] {processor.py:161} INFO - Started process (PID=20207) to work on /home/muhammadsami/Public/Projects/Airflow/DataPipelineswithApacheAirflow/.env/lib/python3.8/site-packages/airflow/example_dags/example_branch_day_of_week_operator.py
[2024-03-16T11:41:46.413+0500] {processor.py:830} INFO - Processing file /home/muhammadsami/Public/Projects/Airflow/DataPipelineswithApacheAirflow/.env/lib/python3.8/site-packages/airflow/example_dags/example_branch_day_of_week_operator.py for tasks to queue
[2024-03-16T11:41:46.414+0500] {logging_mixin.py:188} INFO - [2024-03-16T11:41:46.413+0500] {dagbag.py:540} INFO - Filling up the DagBag from /home/muhammadsami/Public/Projects/Airflow/DataPipelineswithApacheAirflow/.env/lib/python3.8/site-packages/airflow/example_dags/example_branch_day_of_week_operator.py
[2024-03-16T11:41:46.420+0500] {processor.py:840} INFO - DAG(s) 'example_weekday_branch_operator' retrieved from /home/muhammadsami/Public/Projects/Airflow/DataPipelineswithApacheAirflow/.env/lib/python3.8/site-packages/airflow/example_dags/example_branch_day_of_week_operator.py
[2024-03-16T11:41:46.434+0500] {logging_mixin.py:188} INFO - [2024-03-16T11:41:46.434+0500] {dag.py:3047} INFO - Sync 1 DAGs
[2024-03-16T11:41:46.453+0500] {logging_mixin.py:188} INFO - [2024-03-16T11:41:46.453+0500] {dag.py:3834} INFO - Setting next_dagrun for example_weekday_branch_operator to 2024-03-15 00:00:00+00:00, run_after=2024-03-16 00:00:00+00:00
[2024-03-16T11:41:46.539+0500] {processor.py:183} INFO - Processing /home/muhammadsami/Public/Projects/Airflow/DataPipelineswithApacheAirflow/.env/lib/python3.8/site-packages/airflow/example_dags/example_branch_day_of_week_operator.py took 0.147 seconds
[2024-03-16T11:42:41.457+0500] {processor.py:161} INFO - Started process (PID=20271) to work on /home/muhammadsami/Public/Projects/Airflow/DataPipelineswithApacheAirflow/.env/lib/python3.8/site-packages/airflow/example_dags/example_branch_day_of_week_operator.py
[2024-03-16T11:42:41.458+0500] {processor.py:830} INFO - Processing file /home/muhammadsami/Public/Projects/Airflow/DataPipelineswithApacheAirflow/.env/lib/python3.8/site-packages/airflow/example_dags/example_branch_day_of_week_operator.py for tasks to queue
[2024-03-16T11:42:41.459+0500] {logging_mixin.py:188} INFO - [2024-03-16T11:42:41.458+0500] {dagbag.py:540} INFO - Filling up the DagBag from /home/muhammadsami/Public/Projects/Airflow/DataPipelineswithApacheAirflow/.env/lib/python3.8/site-packages/airflow/example_dags/example_branch_day_of_week_operator.py
[2024-03-16T11:42:41.465+0500] {processor.py:840} INFO - DAG(s) 'example_weekday_branch_operator' retrieved from /home/muhammadsami/Public/Projects/Airflow/DataPipelineswithApacheAirflow/.env/lib/python3.8/site-packages/airflow/example_dags/example_branch_day_of_week_operator.py
[2024-03-16T11:42:41.481+0500] {logging_mixin.py:188} INFO - [2024-03-16T11:42:41.481+0500] {dag.py:3047} INFO - Sync 1 DAGs
[2024-03-16T11:42:41.499+0500] {logging_mixin.py:188} INFO - [2024-03-16T11:42:41.498+0500] {dag.py:3834} INFO - Setting next_dagrun for example_weekday_branch_operator to 2024-03-15 00:00:00+00:00, run_after=2024-03-16 00:00:00+00:00
[2024-03-16T11:42:41.581+0500] {processor.py:183} INFO - Processing /home/muhammadsami/Public/Projects/Airflow/DataPipelineswithApacheAirflow/.env/lib/python3.8/site-packages/airflow/example_dags/example_branch_day_of_week_operator.py took 0.127 seconds
[2024-03-16T11:43:52.130+0500] {processor.py:161} INFO - Started process (PID=20371) to work on /home/muhammadsami/Public/Projects/Airflow/DataPipelineswithApacheAirflow/.env/lib/python3.8/site-packages/airflow/example_dags/example_branch_day_of_week_operator.py
[2024-03-16T11:43:52.148+0500] {processor.py:830} INFO - Processing file /home/muhammadsami/Public/Projects/Airflow/DataPipelineswithApacheAirflow/.env/lib/python3.8/site-packages/airflow/example_dags/example_branch_day_of_week_operator.py for tasks to queue
[2024-03-16T11:43:52.149+0500] {logging_mixin.py:188} INFO - [2024-03-16T11:43:52.148+0500] {dagbag.py:540} INFO - Filling up the DagBag from /home/muhammadsami/Public/Projects/Airflow/DataPipelineswithApacheAirflow/.env/lib/python3.8/site-packages/airflow/example_dags/example_branch_day_of_week_operator.py
[2024-03-16T11:43:52.156+0500] {processor.py:840} INFO - DAG(s) 'example_weekday_branch_operator' retrieved from /home/muhammadsami/Public/Projects/Airflow/DataPipelineswithApacheAirflow/.env/lib/python3.8/site-packages/airflow/example_dags/example_branch_day_of_week_operator.py
[2024-03-16T11:43:52.172+0500] {logging_mixin.py:188} INFO - [2024-03-16T11:43:52.172+0500] {dag.py:3047} INFO - Sync 1 DAGs
[2024-03-16T11:43:52.192+0500] {logging_mixin.py:188} INFO - [2024-03-16T11:43:52.192+0500] {dag.py:3834} INFO - Setting next_dagrun for example_weekday_branch_operator to 2024-03-15 00:00:00+00:00, run_after=2024-03-16 00:00:00+00:00
[2024-03-16T11:43:52.284+0500] {processor.py:183} INFO - Processing /home/muhammadsami/Public/Projects/Airflow/DataPipelineswithApacheAirflow/.env/lib/python3.8/site-packages/airflow/example_dags/example_branch_day_of_week_operator.py took 0.156 seconds
[2024-03-16T11:45:20.434+0500] {processor.py:161} INFO - Started process (PID=20803) to work on /home/muhammadsami/Public/Projects/Airflow/DataPipelineswithApacheAirflow/.env/lib/python3.8/site-packages/airflow/example_dags/example_branch_day_of_week_operator.py
[2024-03-16T11:45:20.440+0500] {processor.py:830} INFO - Processing file /home/muhammadsami/Public/Projects/Airflow/DataPipelineswithApacheAirflow/.env/lib/python3.8/site-packages/airflow/example_dags/example_branch_day_of_week_operator.py for tasks to queue
[2024-03-16T11:45:20.441+0500] {logging_mixin.py:188} INFO - [2024-03-16T11:45:20.440+0500] {dagbag.py:540} INFO - Filling up the DagBag from /home/muhammadsami/Public/Projects/Airflow/DataPipelineswithApacheAirflow/.env/lib/python3.8/site-packages/airflow/example_dags/example_branch_day_of_week_operator.py
[2024-03-16T11:45:20.448+0500] {processor.py:840} INFO - DAG(s) 'example_weekday_branch_operator' retrieved from /home/muhammadsami/Public/Projects/Airflow/DataPipelineswithApacheAirflow/.env/lib/python3.8/site-packages/airflow/example_dags/example_branch_day_of_week_operator.py
[2024-03-16T11:45:20.462+0500] {logging_mixin.py:188} INFO - [2024-03-16T11:45:20.462+0500] {dag.py:3047} INFO - Sync 1 DAGs
[2024-03-16T11:45:20.481+0500] {logging_mixin.py:188} INFO - [2024-03-16T11:45:20.481+0500] {dag.py:3834} INFO - Setting next_dagrun for example_weekday_branch_operator to 2024-03-15 00:00:00+00:00, run_after=2024-03-16 00:00:00+00:00
[2024-03-16T11:45:20.576+0500] {processor.py:183} INFO - Processing /home/muhammadsami/Public/Projects/Airflow/DataPipelineswithApacheAirflow/.env/lib/python3.8/site-packages/airflow/example_dags/example_branch_day_of_week_operator.py took 0.144 seconds
[2024-03-16T11:46:23.326+0500] {processor.py:161} INFO - Started process (PID=20873) to work on /home/muhammadsami/Public/Projects/Airflow/DataPipelineswithApacheAirflow/.env/lib/python3.8/site-packages/airflow/example_dags/example_branch_day_of_week_operator.py
[2024-03-16T11:46:23.328+0500] {processor.py:830} INFO - Processing file /home/muhammadsami/Public/Projects/Airflow/DataPipelineswithApacheAirflow/.env/lib/python3.8/site-packages/airflow/example_dags/example_branch_day_of_week_operator.py for tasks to queue
[2024-03-16T11:46:23.329+0500] {logging_mixin.py:188} INFO - [2024-03-16T11:46:23.328+0500] {dagbag.py:540} INFO - Filling up the DagBag from /home/muhammadsami/Public/Projects/Airflow/DataPipelineswithApacheAirflow/.env/lib/python3.8/site-packages/airflow/example_dags/example_branch_day_of_week_operator.py
[2024-03-16T11:46:23.336+0500] {processor.py:840} INFO - DAG(s) 'example_weekday_branch_operator' retrieved from /home/muhammadsami/Public/Projects/Airflow/DataPipelineswithApacheAirflow/.env/lib/python3.8/site-packages/airflow/example_dags/example_branch_day_of_week_operator.py
[2024-03-16T11:46:23.349+0500] {logging_mixin.py:188} INFO - [2024-03-16T11:46:23.349+0500] {dag.py:3047} INFO - Sync 1 DAGs
[2024-03-16T11:46:23.369+0500] {logging_mixin.py:188} INFO - [2024-03-16T11:46:23.369+0500] {dag.py:3834} INFO - Setting next_dagrun for example_weekday_branch_operator to 2024-03-15 00:00:00+00:00, run_after=2024-03-16 00:00:00+00:00
[2024-03-16T11:46:23.487+0500] {processor.py:183} INFO - Processing /home/muhammadsami/Public/Projects/Airflow/DataPipelineswithApacheAirflow/.env/lib/python3.8/site-packages/airflow/example_dags/example_branch_day_of_week_operator.py took 0.164 seconds
[2024-03-16T11:47:38.768+0500] {processor.py:161} INFO - Started process (PID=20977) to work on /home/muhammadsami/Public/Projects/Airflow/DataPipelineswithApacheAirflow/.env/lib/python3.8/site-packages/airflow/example_dags/example_branch_day_of_week_operator.py
[2024-03-16T11:47:38.771+0500] {processor.py:830} INFO - Processing file /home/muhammadsami/Public/Projects/Airflow/DataPipelineswithApacheAirflow/.env/lib/python3.8/site-packages/airflow/example_dags/example_branch_day_of_week_operator.py for tasks to queue
[2024-03-16T11:47:38.772+0500] {logging_mixin.py:188} INFO - [2024-03-16T11:47:38.772+0500] {dagbag.py:540} INFO - Filling up the DagBag from /home/muhammadsami/Public/Projects/Airflow/DataPipelineswithApacheAirflow/.env/lib/python3.8/site-packages/airflow/example_dags/example_branch_day_of_week_operator.py
[2024-03-16T11:47:38.779+0500] {processor.py:840} INFO - DAG(s) 'example_weekday_branch_operator' retrieved from /home/muhammadsami/Public/Projects/Airflow/DataPipelineswithApacheAirflow/.env/lib/python3.8/site-packages/airflow/example_dags/example_branch_day_of_week_operator.py
[2024-03-16T11:47:38.795+0500] {logging_mixin.py:188} INFO - [2024-03-16T11:47:38.794+0500] {dag.py:3047} INFO - Sync 1 DAGs
[2024-03-16T11:47:38.816+0500] {logging_mixin.py:188} INFO - [2024-03-16T11:47:38.815+0500] {dag.py:3834} INFO - Setting next_dagrun for example_weekday_branch_operator to 2024-03-15 00:00:00+00:00, run_after=2024-03-16 00:00:00+00:00
[2024-03-16T11:47:39.253+0500] {processor.py:183} INFO - Processing /home/muhammadsami/Public/Projects/Airflow/DataPipelineswithApacheAirflow/.env/lib/python3.8/site-packages/airflow/example_dags/example_branch_day_of_week_operator.py took 0.487 seconds
[2024-03-16T11:48:49.270+0500] {processor.py:161} INFO - Started process (PID=21074) to work on /home/muhammadsami/Public/Projects/Airflow/DataPipelineswithApacheAirflow/.env/lib/python3.8/site-packages/airflow/example_dags/example_branch_day_of_week_operator.py
[2024-03-16T11:48:49.280+0500] {processor.py:830} INFO - Processing file /home/muhammadsami/Public/Projects/Airflow/DataPipelineswithApacheAirflow/.env/lib/python3.8/site-packages/airflow/example_dags/example_branch_day_of_week_operator.py for tasks to queue
[2024-03-16T11:48:49.281+0500] {logging_mixin.py:188} INFO - [2024-03-16T11:48:49.280+0500] {dagbag.py:540} INFO - Filling up the DagBag from /home/muhammadsami/Public/Projects/Airflow/DataPipelineswithApacheAirflow/.env/lib/python3.8/site-packages/airflow/example_dags/example_branch_day_of_week_operator.py
[2024-03-16T11:48:49.287+0500] {processor.py:840} INFO - DAG(s) 'example_weekday_branch_operator' retrieved from /home/muhammadsami/Public/Projects/Airflow/DataPipelineswithApacheAirflow/.env/lib/python3.8/site-packages/airflow/example_dags/example_branch_day_of_week_operator.py
[2024-03-16T11:48:49.301+0500] {logging_mixin.py:188} INFO - [2024-03-16T11:48:49.301+0500] {dag.py:3047} INFO - Sync 1 DAGs
[2024-03-16T11:48:49.320+0500] {logging_mixin.py:188} INFO - [2024-03-16T11:48:49.319+0500] {dag.py:3834} INFO - Setting next_dagrun for example_weekday_branch_operator to 2024-03-15 00:00:00+00:00, run_after=2024-03-16 00:00:00+00:00
[2024-03-16T11:48:49.412+0500] {processor.py:183} INFO - Processing /home/muhammadsami/Public/Projects/Airflow/DataPipelineswithApacheAirflow/.env/lib/python3.8/site-packages/airflow/example_dags/example_branch_day_of_week_operator.py took 0.145 seconds
[2024-03-16T11:50:03.483+0500] {processor.py:161} INFO - Started process (PID=21142) to work on /home/muhammadsami/Public/Projects/Airflow/DataPipelineswithApacheAirflow/.env/lib/python3.8/site-packages/airflow/example_dags/example_branch_day_of_week_operator.py
[2024-03-16T11:50:03.500+0500] {processor.py:830} INFO - Processing file /home/muhammadsami/Public/Projects/Airflow/DataPipelineswithApacheAirflow/.env/lib/python3.8/site-packages/airflow/example_dags/example_branch_day_of_week_operator.py for tasks to queue
[2024-03-16T11:50:03.502+0500] {logging_mixin.py:188} INFO - [2024-03-16T11:50:03.501+0500] {dagbag.py:540} INFO - Filling up the DagBag from /home/muhammadsami/Public/Projects/Airflow/DataPipelineswithApacheAirflow/.env/lib/python3.8/site-packages/airflow/example_dags/example_branch_day_of_week_operator.py
[2024-03-16T11:50:03.509+0500] {processor.py:840} INFO - DAG(s) 'example_weekday_branch_operator' retrieved from /home/muhammadsami/Public/Projects/Airflow/DataPipelineswithApacheAirflow/.env/lib/python3.8/site-packages/airflow/example_dags/example_branch_day_of_week_operator.py
[2024-03-16T11:50:03.528+0500] {logging_mixin.py:188} INFO - [2024-03-16T11:50:03.528+0500] {dag.py:3047} INFO - Sync 1 DAGs
[2024-03-16T11:50:03.547+0500] {logging_mixin.py:188} INFO - [2024-03-16T11:50:03.547+0500] {dag.py:3834} INFO - Setting next_dagrun for example_weekday_branch_operator to 2024-03-15 00:00:00+00:00, run_after=2024-03-16 00:00:00+00:00
[2024-03-16T11:50:03.640+0500] {processor.py:183} INFO - Processing /home/muhammadsami/Public/Projects/Airflow/DataPipelineswithApacheAirflow/.env/lib/python3.8/site-packages/airflow/example_dags/example_branch_day_of_week_operator.py took 0.161 seconds
[2024-03-16T11:51:21.652+0500] {processor.py:161} INFO - Started process (PID=21278) to work on /home/muhammadsami/Public/Projects/Airflow/DataPipelineswithApacheAirflow/.env/lib/python3.8/site-packages/airflow/example_dags/example_branch_day_of_week_operator.py
[2024-03-16T11:51:21.674+0500] {processor.py:830} INFO - Processing file /home/muhammadsami/Public/Projects/Airflow/DataPipelineswithApacheAirflow/.env/lib/python3.8/site-packages/airflow/example_dags/example_branch_day_of_week_operator.py for tasks to queue
[2024-03-16T11:51:21.675+0500] {logging_mixin.py:188} INFO - [2024-03-16T11:51:21.674+0500] {dagbag.py:540} INFO - Filling up the DagBag from /home/muhammadsami/Public/Projects/Airflow/DataPipelineswithApacheAirflow/.env/lib/python3.8/site-packages/airflow/example_dags/example_branch_day_of_week_operator.py
[2024-03-16T11:51:21.682+0500] {processor.py:840} INFO - DAG(s) 'example_weekday_branch_operator' retrieved from /home/muhammadsami/Public/Projects/Airflow/DataPipelineswithApacheAirflow/.env/lib/python3.8/site-packages/airflow/example_dags/example_branch_day_of_week_operator.py
[2024-03-16T11:51:21.699+0500] {logging_mixin.py:188} INFO - [2024-03-16T11:51:21.699+0500] {dag.py:3047} INFO - Sync 1 DAGs
[2024-03-16T11:51:21.725+0500] {logging_mixin.py:188} INFO - [2024-03-16T11:51:21.725+0500] {dag.py:3834} INFO - Setting next_dagrun for example_weekday_branch_operator to 2024-03-15 00:00:00+00:00, run_after=2024-03-16 00:00:00+00:00
[2024-03-16T11:51:21.863+0500] {processor.py:183} INFO - Processing /home/muhammadsami/Public/Projects/Airflow/DataPipelineswithApacheAirflow/.env/lib/python3.8/site-packages/airflow/example_dags/example_branch_day_of_week_operator.py took 0.214 seconds
[2024-03-16T11:52:14.325+0500] {processor.py:161} INFO - Started process (PID=21447) to work on /home/muhammadsami/Public/Projects/Airflow/DataPipelineswithApacheAirflow/.env/lib/python3.8/site-packages/airflow/example_dags/example_branch_day_of_week_operator.py
[2024-03-16T11:52:14.342+0500] {processor.py:830} INFO - Processing file /home/muhammadsami/Public/Projects/Airflow/DataPipelineswithApacheAirflow/.env/lib/python3.8/site-packages/airflow/example_dags/example_branch_day_of_week_operator.py for tasks to queue
[2024-03-16T11:52:14.343+0500] {logging_mixin.py:188} INFO - [2024-03-16T11:52:14.343+0500] {dagbag.py:540} INFO - Filling up the DagBag from /home/muhammadsami/Public/Projects/Airflow/DataPipelineswithApacheAirflow/.env/lib/python3.8/site-packages/airflow/example_dags/example_branch_day_of_week_operator.py
[2024-03-16T11:52:14.350+0500] {processor.py:840} INFO - DAG(s) 'example_weekday_branch_operator' retrieved from /home/muhammadsami/Public/Projects/Airflow/DataPipelineswithApacheAirflow/.env/lib/python3.8/site-packages/airflow/example_dags/example_branch_day_of_week_operator.py
[2024-03-16T11:52:14.365+0500] {logging_mixin.py:188} INFO - [2024-03-16T11:52:14.365+0500] {dag.py:3047} INFO - Sync 1 DAGs
[2024-03-16T11:52:14.386+0500] {logging_mixin.py:188} INFO - [2024-03-16T11:52:14.386+0500] {dag.py:3834} INFO - Setting next_dagrun for example_weekday_branch_operator to 2024-03-15 00:00:00+00:00, run_after=2024-03-16 00:00:00+00:00
[2024-03-16T11:52:14.472+0500] {processor.py:183} INFO - Processing /home/muhammadsami/Public/Projects/Airflow/DataPipelineswithApacheAirflow/.env/lib/python3.8/site-packages/airflow/example_dags/example_branch_day_of_week_operator.py took 0.150 seconds
[2024-03-16T11:53:31.881+0500] {processor.py:161} INFO - Started process (PID=21577) to work on /home/muhammadsami/Public/Projects/Airflow/DataPipelineswithApacheAirflow/.env/lib/python3.8/site-packages/airflow/example_dags/example_branch_day_of_week_operator.py
[2024-03-16T11:53:31.890+0500] {processor.py:830} INFO - Processing file /home/muhammadsami/Public/Projects/Airflow/DataPipelineswithApacheAirflow/.env/lib/python3.8/site-packages/airflow/example_dags/example_branch_day_of_week_operator.py for tasks to queue
[2024-03-16T11:53:31.891+0500] {logging_mixin.py:188} INFO - [2024-03-16T11:53:31.891+0500] {dagbag.py:540} INFO - Filling up the DagBag from /home/muhammadsami/Public/Projects/Airflow/DataPipelineswithApacheAirflow/.env/lib/python3.8/site-packages/airflow/example_dags/example_branch_day_of_week_operator.py
[2024-03-16T11:53:31.897+0500] {processor.py:840} INFO - DAG(s) 'example_weekday_branch_operator' retrieved from /home/muhammadsami/Public/Projects/Airflow/DataPipelineswithApacheAirflow/.env/lib/python3.8/site-packages/airflow/example_dags/example_branch_day_of_week_operator.py
[2024-03-16T11:53:31.911+0500] {logging_mixin.py:188} INFO - [2024-03-16T11:53:31.911+0500] {dag.py:3047} INFO - Sync 1 DAGs
[2024-03-16T11:53:31.929+0500] {logging_mixin.py:188} INFO - [2024-03-16T11:53:31.929+0500] {dag.py:3834} INFO - Setting next_dagrun for example_weekday_branch_operator to 2024-03-15 00:00:00+00:00, run_after=2024-03-16 00:00:00+00:00
[2024-03-16T11:53:32.022+0500] {processor.py:183} INFO - Processing /home/muhammadsami/Public/Projects/Airflow/DataPipelineswithApacheAirflow/.env/lib/python3.8/site-packages/airflow/example_dags/example_branch_day_of_week_operator.py took 0.143 seconds
[2024-03-16T11:54:46.479+0500] {processor.py:161} INFO - Started process (PID=21793) to work on /home/muhammadsami/Public/Projects/Airflow/DataPipelineswithApacheAirflow/.env/lib/python3.8/site-packages/airflow/example_dags/example_branch_day_of_week_operator.py
[2024-03-16T11:54:46.508+0500] {processor.py:830} INFO - Processing file /home/muhammadsami/Public/Projects/Airflow/DataPipelineswithApacheAirflow/.env/lib/python3.8/site-packages/airflow/example_dags/example_branch_day_of_week_operator.py for tasks to queue
[2024-03-16T11:54:46.510+0500] {logging_mixin.py:188} INFO - [2024-03-16T11:54:46.509+0500] {dagbag.py:540} INFO - Filling up the DagBag from /home/muhammadsami/Public/Projects/Airflow/DataPipelineswithApacheAirflow/.env/lib/python3.8/site-packages/airflow/example_dags/example_branch_day_of_week_operator.py
[2024-03-16T11:54:46.517+0500] {processor.py:840} INFO - DAG(s) 'example_weekday_branch_operator' retrieved from /home/muhammadsami/Public/Projects/Airflow/DataPipelineswithApacheAirflow/.env/lib/python3.8/site-packages/airflow/example_dags/example_branch_day_of_week_operator.py
[2024-03-16T11:54:46.533+0500] {logging_mixin.py:188} INFO - [2024-03-16T11:54:46.533+0500] {dag.py:3047} INFO - Sync 1 DAGs
[2024-03-16T11:54:46.553+0500] {logging_mixin.py:188} INFO - [2024-03-16T11:54:46.553+0500] {dag.py:3834} INFO - Setting next_dagrun for example_weekday_branch_operator to 2024-03-15 00:00:00+00:00, run_after=2024-03-16 00:00:00+00:00
[2024-03-16T11:54:46.682+0500] {processor.py:183} INFO - Processing /home/muhammadsami/Public/Projects/Airflow/DataPipelineswithApacheAirflow/.env/lib/python3.8/site-packages/airflow/example_dags/example_branch_day_of_week_operator.py took 0.206 seconds
[2024-03-16T11:55:41.537+0500] {processor.py:161} INFO - Started process (PID=21897) to work on /home/muhammadsami/Public/Projects/Airflow/DataPipelineswithApacheAirflow/.env/lib/python3.8/site-packages/airflow/example_dags/example_branch_day_of_week_operator.py
[2024-03-16T11:55:41.551+0500] {processor.py:830} INFO - Processing file /home/muhammadsami/Public/Projects/Airflow/DataPipelineswithApacheAirflow/.env/lib/python3.8/site-packages/airflow/example_dags/example_branch_day_of_week_operator.py for tasks to queue
[2024-03-16T11:55:41.552+0500] {logging_mixin.py:188} INFO - [2024-03-16T11:55:41.552+0500] {dagbag.py:540} INFO - Filling up the DagBag from /home/muhammadsami/Public/Projects/Airflow/DataPipelineswithApacheAirflow/.env/lib/python3.8/site-packages/airflow/example_dags/example_branch_day_of_week_operator.py
[2024-03-16T11:55:41.559+0500] {processor.py:840} INFO - DAG(s) 'example_weekday_branch_operator' retrieved from /home/muhammadsami/Public/Projects/Airflow/DataPipelineswithApacheAirflow/.env/lib/python3.8/site-packages/airflow/example_dags/example_branch_day_of_week_operator.py
[2024-03-16T11:55:41.576+0500] {logging_mixin.py:188} INFO - [2024-03-16T11:55:41.576+0500] {dag.py:3047} INFO - Sync 1 DAGs
[2024-03-16T11:55:41.599+0500] {logging_mixin.py:188} INFO - [2024-03-16T11:55:41.599+0500] {dag.py:3834} INFO - Setting next_dagrun for example_weekday_branch_operator to 2024-03-15 00:00:00+00:00, run_after=2024-03-16 00:00:00+00:00
[2024-03-16T11:55:41.749+0500] {processor.py:183} INFO - Processing /home/muhammadsami/Public/Projects/Airflow/DataPipelineswithApacheAirflow/.env/lib/python3.8/site-packages/airflow/example_dags/example_branch_day_of_week_operator.py took 0.215 seconds
[2024-03-16T11:56:56.054+0500] {processor.py:161} INFO - Started process (PID=21977) to work on /home/muhammadsami/Public/Projects/Airflow/DataPipelineswithApacheAirflow/.env/lib/python3.8/site-packages/airflow/example_dags/example_branch_day_of_week_operator.py
[2024-03-16T11:56:56.068+0500] {processor.py:830} INFO - Processing file /home/muhammadsami/Public/Projects/Airflow/DataPipelineswithApacheAirflow/.env/lib/python3.8/site-packages/airflow/example_dags/example_branch_day_of_week_operator.py for tasks to queue
[2024-03-16T11:56:56.069+0500] {logging_mixin.py:188} INFO - [2024-03-16T11:56:56.068+0500] {dagbag.py:540} INFO - Filling up the DagBag from /home/muhammadsami/Public/Projects/Airflow/DataPipelineswithApacheAirflow/.env/lib/python3.8/site-packages/airflow/example_dags/example_branch_day_of_week_operator.py
[2024-03-16T11:56:56.076+0500] {processor.py:840} INFO - DAG(s) 'example_weekday_branch_operator' retrieved from /home/muhammadsami/Public/Projects/Airflow/DataPipelineswithApacheAirflow/.env/lib/python3.8/site-packages/airflow/example_dags/example_branch_day_of_week_operator.py
[2024-03-16T11:56:56.094+0500] {logging_mixin.py:188} INFO - [2024-03-16T11:56:56.094+0500] {dag.py:3047} INFO - Sync 1 DAGs
[2024-03-16T11:56:56.116+0500] {logging_mixin.py:188} INFO - [2024-03-16T11:56:56.116+0500] {dag.py:3834} INFO - Setting next_dagrun for example_weekday_branch_operator to 2024-03-15 00:00:00+00:00, run_after=2024-03-16 00:00:00+00:00
[2024-03-16T11:56:56.217+0500] {processor.py:183} INFO - Processing /home/muhammadsami/Public/Projects/Airflow/DataPipelineswithApacheAirflow/.env/lib/python3.8/site-packages/airflow/example_dags/example_branch_day_of_week_operator.py took 0.166 seconds
[2024-03-16T11:58:15.247+0500] {processor.py:161} INFO - Started process (PID=22077) to work on /home/muhammadsami/Public/Projects/Airflow/DataPipelineswithApacheAirflow/.env/lib/python3.8/site-packages/airflow/example_dags/example_branch_day_of_week_operator.py
[2024-03-16T11:58:15.254+0500] {processor.py:830} INFO - Processing file /home/muhammadsami/Public/Projects/Airflow/DataPipelineswithApacheAirflow/.env/lib/python3.8/site-packages/airflow/example_dags/example_branch_day_of_week_operator.py for tasks to queue
[2024-03-16T11:58:15.255+0500] {logging_mixin.py:188} INFO - [2024-03-16T11:58:15.255+0500] {dagbag.py:540} INFO - Filling up the DagBag from /home/muhammadsami/Public/Projects/Airflow/DataPipelineswithApacheAirflow/.env/lib/python3.8/site-packages/airflow/example_dags/example_branch_day_of_week_operator.py
[2024-03-16T11:58:15.262+0500] {processor.py:840} INFO - DAG(s) 'example_weekday_branch_operator' retrieved from /home/muhammadsami/Public/Projects/Airflow/DataPipelineswithApacheAirflow/.env/lib/python3.8/site-packages/airflow/example_dags/example_branch_day_of_week_operator.py
[2024-03-16T11:58:15.276+0500] {logging_mixin.py:188} INFO - [2024-03-16T11:58:15.276+0500] {dag.py:3047} INFO - Sync 1 DAGs
[2024-03-16T11:58:15.294+0500] {logging_mixin.py:188} INFO - [2024-03-16T11:58:15.294+0500] {dag.py:3834} INFO - Setting next_dagrun for example_weekday_branch_operator to 2024-03-15 00:00:00+00:00, run_after=2024-03-16 00:00:00+00:00
[2024-03-16T11:58:15.384+0500] {processor.py:183} INFO - Processing /home/muhammadsami/Public/Projects/Airflow/DataPipelineswithApacheAirflow/.env/lib/python3.8/site-packages/airflow/example_dags/example_branch_day_of_week_operator.py took 0.139 seconds
[2024-03-16T11:59:26.779+0500] {processor.py:161} INFO - Started process (PID=22211) to work on /home/muhammadsami/Public/Projects/Airflow/DataPipelineswithApacheAirflow/.env/lib/python3.8/site-packages/airflow/example_dags/example_branch_day_of_week_operator.py
[2024-03-16T11:59:26.780+0500] {processor.py:830} INFO - Processing file /home/muhammadsami/Public/Projects/Airflow/DataPipelineswithApacheAirflow/.env/lib/python3.8/site-packages/airflow/example_dags/example_branch_day_of_week_operator.py for tasks to queue
[2024-03-16T11:59:26.781+0500] {logging_mixin.py:188} INFO - [2024-03-16T11:59:26.781+0500] {dagbag.py:540} INFO - Filling up the DagBag from /home/muhammadsami/Public/Projects/Airflow/DataPipelineswithApacheAirflow/.env/lib/python3.8/site-packages/airflow/example_dags/example_branch_day_of_week_operator.py
[2024-03-16T11:59:26.790+0500] {processor.py:840} INFO - DAG(s) 'example_weekday_branch_operator' retrieved from /home/muhammadsami/Public/Projects/Airflow/DataPipelineswithApacheAirflow/.env/lib/python3.8/site-packages/airflow/example_dags/example_branch_day_of_week_operator.py
[2024-03-16T11:59:26.809+0500] {logging_mixin.py:188} INFO - [2024-03-16T11:59:26.808+0500] {dag.py:3047} INFO - Sync 1 DAGs
[2024-03-16T11:59:26.829+0500] {logging_mixin.py:188} INFO - [2024-03-16T11:59:26.829+0500] {dag.py:3834} INFO - Setting next_dagrun for example_weekday_branch_operator to 2024-03-15 00:00:00+00:00, run_after=2024-03-16 00:00:00+00:00
[2024-03-16T11:59:26.927+0500] {processor.py:183} INFO - Processing /home/muhammadsami/Public/Projects/Airflow/DataPipelineswithApacheAirflow/.env/lib/python3.8/site-packages/airflow/example_dags/example_branch_day_of_week_operator.py took 0.151 seconds
[2024-03-16T12:00:47.487+0500] {processor.py:161} INFO - Started process (PID=22349) to work on /home/muhammadsami/Public/Projects/Airflow/DataPipelineswithApacheAirflow/.env/lib/python3.8/site-packages/airflow/example_dags/example_branch_day_of_week_operator.py
[2024-03-16T12:00:47.502+0500] {processor.py:830} INFO - Processing file /home/muhammadsami/Public/Projects/Airflow/DataPipelineswithApacheAirflow/.env/lib/python3.8/site-packages/airflow/example_dags/example_branch_day_of_week_operator.py for tasks to queue
[2024-03-16T12:00:47.503+0500] {logging_mixin.py:188} INFO - [2024-03-16T12:00:47.503+0500] {dagbag.py:540} INFO - Filling up the DagBag from /home/muhammadsami/Public/Projects/Airflow/DataPipelineswithApacheAirflow/.env/lib/python3.8/site-packages/airflow/example_dags/example_branch_day_of_week_operator.py
[2024-03-16T12:00:47.509+0500] {processor.py:840} INFO - DAG(s) 'example_weekday_branch_operator' retrieved from /home/muhammadsami/Public/Projects/Airflow/DataPipelineswithApacheAirflow/.env/lib/python3.8/site-packages/airflow/example_dags/example_branch_day_of_week_operator.py
[2024-03-16T12:00:47.523+0500] {logging_mixin.py:188} INFO - [2024-03-16T12:00:47.523+0500] {dag.py:3047} INFO - Sync 1 DAGs
[2024-03-16T12:00:47.542+0500] {logging_mixin.py:188} INFO - [2024-03-16T12:00:47.541+0500] {dag.py:3834} INFO - Setting next_dagrun for example_weekday_branch_operator to 2024-03-15 00:00:00+00:00, run_after=2024-03-16 00:00:00+00:00
[2024-03-16T12:00:47.646+0500] {processor.py:183} INFO - Processing /home/muhammadsami/Public/Projects/Airflow/DataPipelineswithApacheAirflow/.env/lib/python3.8/site-packages/airflow/example_dags/example_branch_day_of_week_operator.py took 0.161 seconds
[2024-03-16T12:01:41.002+0500] {processor.py:161} INFO - Started process (PID=22410) to work on /home/muhammadsami/Public/Projects/Airflow/DataPipelineswithApacheAirflow/.env/lib/python3.8/site-packages/airflow/example_dags/example_branch_day_of_week_operator.py
[2024-03-16T12:01:41.011+0500] {processor.py:830} INFO - Processing file /home/muhammadsami/Public/Projects/Airflow/DataPipelineswithApacheAirflow/.env/lib/python3.8/site-packages/airflow/example_dags/example_branch_day_of_week_operator.py for tasks to queue
[2024-03-16T12:01:41.012+0500] {logging_mixin.py:188} INFO - [2024-03-16T12:01:41.011+0500] {dagbag.py:540} INFO - Filling up the DagBag from /home/muhammadsami/Public/Projects/Airflow/DataPipelineswithApacheAirflow/.env/lib/python3.8/site-packages/airflow/example_dags/example_branch_day_of_week_operator.py
[2024-03-16T12:01:41.018+0500] {processor.py:840} INFO - DAG(s) 'example_weekday_branch_operator' retrieved from /home/muhammadsami/Public/Projects/Airflow/DataPipelineswithApacheAirflow/.env/lib/python3.8/site-packages/airflow/example_dags/example_branch_day_of_week_operator.py
[2024-03-16T12:01:41.032+0500] {logging_mixin.py:188} INFO - [2024-03-16T12:01:41.031+0500] {dag.py:3047} INFO - Sync 1 DAGs
[2024-03-16T12:01:41.050+0500] {logging_mixin.py:188} INFO - [2024-03-16T12:01:41.050+0500] {dag.py:3834} INFO - Setting next_dagrun for example_weekday_branch_operator to 2024-03-15 00:00:00+00:00, run_after=2024-03-16 00:00:00+00:00
[2024-03-16T12:01:41.142+0500] {processor.py:183} INFO - Processing /home/muhammadsami/Public/Projects/Airflow/DataPipelineswithApacheAirflow/.env/lib/python3.8/site-packages/airflow/example_dags/example_branch_day_of_week_operator.py took 0.142 seconds
