[2024-03-16T11:22:13.655+0500] {processor.py:161} INFO - Started process (PID=17959) to work on /home/muhammadsami/Public/Projects/Airflow/DataPipelineswithApacheAirflow/.env/lib/python3.8/site-packages/airflow/example_dags/example_setup_teardown_taskflow.py
[2024-03-16T11:22:13.655+0500] {processor.py:830} INFO - Processing file /home/muhammadsami/Public/Projects/Airflow/DataPipelineswithApacheAirflow/.env/lib/python3.8/site-packages/airflow/example_dags/example_setup_teardown_taskflow.py for tasks to queue
[2024-03-16T11:22:13.657+0500] {logging_mixin.py:188} INFO - [2024-03-16T11:22:13.656+0500] {dagbag.py:540} INFO - Filling up the DagBag from /home/muhammadsami/Public/Projects/Airflow/DataPipelineswithApacheAirflow/.env/lib/python3.8/site-packages/airflow/example_dags/example_setup_teardown_taskflow.py
[2024-03-16T11:22:13.669+0500] {processor.py:840} INFO - DAG(s) 'example_setup_teardown_taskflow' retrieved from /home/muhammadsami/Public/Projects/Airflow/DataPipelineswithApacheAirflow/.env/lib/python3.8/site-packages/airflow/example_dags/example_setup_teardown_taskflow.py
[2024-03-16T11:22:13.966+0500] {logging_mixin.py:188} INFO - [2024-03-16T11:22:13.965+0500] {override.py:1769} INFO - Created Permission View: can edit on DAG:example_setup_teardown_taskflow
[2024-03-16T11:22:14.065+0500] {logging_mixin.py:188} INFO - [2024-03-16T11:22:14.064+0500] {override.py:1769} INFO - Created Permission View: can delete on DAG:example_setup_teardown_taskflow
[2024-03-16T11:22:14.156+0500] {logging_mixin.py:188} INFO - [2024-03-16T11:22:14.155+0500] {override.py:1769} INFO - Created Permission View: can read on DAG:example_setup_teardown_taskflow
[2024-03-16T11:22:14.156+0500] {logging_mixin.py:188} INFO - [2024-03-16T11:22:14.156+0500] {dag.py:3047} INFO - Sync 1 DAGs
[2024-03-16T11:22:14.167+0500] {logging_mixin.py:188} INFO - [2024-03-16T11:22:14.166+0500] {dag.py:3069} INFO - Creating ORM DAG for example_setup_teardown_taskflow
[2024-03-16T11:22:14.264+0500] {logging_mixin.py:188} INFO - [2024-03-16T11:22:14.264+0500] {dag.py:3834} INFO - Setting next_dagrun for example_setup_teardown_taskflow to 2024-03-15 00:00:00+00:00, run_after=2024-03-16 00:00:00+00:00
[2024-03-16T11:22:14.401+0500] {processor.py:183} INFO - Processing /home/muhammadsami/Public/Projects/Airflow/DataPipelineswithApacheAirflow/.env/lib/python3.8/site-packages/airflow/example_dags/example_setup_teardown_taskflow.py took 0.749 seconds
[2024-03-16T11:23:50.814+0500] {processor.py:161} INFO - Started process (PID=18444) to work on /home/muhammadsami/Public/Projects/Airflow/DataPipelineswithApacheAirflow/.env/lib/python3.8/site-packages/airflow/example_dags/example_setup_teardown_taskflow.py
[2024-03-16T11:23:50.816+0500] {processor.py:830} INFO - Processing file /home/muhammadsami/Public/Projects/Airflow/DataPipelineswithApacheAirflow/.env/lib/python3.8/site-packages/airflow/example_dags/example_setup_teardown_taskflow.py for tasks to queue
[2024-03-16T11:23:50.817+0500] {logging_mixin.py:188} INFO - [2024-03-16T11:23:50.816+0500] {dagbag.py:540} INFO - Filling up the DagBag from /home/muhammadsami/Public/Projects/Airflow/DataPipelineswithApacheAirflow/.env/lib/python3.8/site-packages/airflow/example_dags/example_setup_teardown_taskflow.py
[2024-03-16T11:23:50.828+0500] {processor.py:840} INFO - DAG(s) 'example_setup_teardown_taskflow' retrieved from /home/muhammadsami/Public/Projects/Airflow/DataPipelineswithApacheAirflow/.env/lib/python3.8/site-packages/airflow/example_dags/example_setup_teardown_taskflow.py
[2024-03-16T11:23:50.845+0500] {logging_mixin.py:188} INFO - [2024-03-16T11:23:50.845+0500] {dag.py:3047} INFO - Sync 1 DAGs
[2024-03-16T11:23:50.867+0500] {logging_mixin.py:188} INFO - [2024-03-16T11:23:50.867+0500] {dag.py:3834} INFO - Setting next_dagrun for example_setup_teardown_taskflow to 2024-03-15 00:00:00+00:00, run_after=2024-03-16 00:00:00+00:00
[2024-03-16T11:23:50.990+0500] {processor.py:183} INFO - Processing /home/muhammadsami/Public/Projects/Airflow/DataPipelineswithApacheAirflow/.env/lib/python3.8/site-packages/airflow/example_dags/example_setup_teardown_taskflow.py took 0.178 seconds
[2024-03-16T11:24:48.789+0500] {processor.py:161} INFO - Started process (PID=18571) to work on /home/muhammadsami/Public/Projects/Airflow/DataPipelineswithApacheAirflow/.env/lib/python3.8/site-packages/airflow/example_dags/example_setup_teardown_taskflow.py
[2024-03-16T11:24:48.790+0500] {processor.py:830} INFO - Processing file /home/muhammadsami/Public/Projects/Airflow/DataPipelineswithApacheAirflow/.env/lib/python3.8/site-packages/airflow/example_dags/example_setup_teardown_taskflow.py for tasks to queue
[2024-03-16T11:24:48.791+0500] {logging_mixin.py:188} INFO - [2024-03-16T11:24:48.790+0500] {dagbag.py:540} INFO - Filling up the DagBag from /home/muhammadsami/Public/Projects/Airflow/DataPipelineswithApacheAirflow/.env/lib/python3.8/site-packages/airflow/example_dags/example_setup_teardown_taskflow.py
[2024-03-16T11:24:48.801+0500] {processor.py:840} INFO - DAG(s) 'example_setup_teardown_taskflow' retrieved from /home/muhammadsami/Public/Projects/Airflow/DataPipelineswithApacheAirflow/.env/lib/python3.8/site-packages/airflow/example_dags/example_setup_teardown_taskflow.py
[2024-03-16T11:24:48.816+0500] {logging_mixin.py:188} INFO - [2024-03-16T11:24:48.815+0500] {dag.py:3047} INFO - Sync 1 DAGs
[2024-03-16T11:24:48.836+0500] {logging_mixin.py:188} INFO - [2024-03-16T11:24:48.836+0500] {dag.py:3834} INFO - Setting next_dagrun for example_setup_teardown_taskflow to 2024-03-15 00:00:00+00:00, run_after=2024-03-16 00:00:00+00:00
[2024-03-16T11:24:48.975+0500] {processor.py:183} INFO - Processing /home/muhammadsami/Public/Projects/Airflow/DataPipelineswithApacheAirflow/.env/lib/python3.8/site-packages/airflow/example_dags/example_setup_teardown_taskflow.py took 0.189 seconds
[2024-03-16T11:25:38.105+0500] {processor.py:161} INFO - Started process (PID=18636) to work on /home/muhammadsami/Public/Projects/Airflow/DataPipelineswithApacheAirflow/.env/lib/python3.8/site-packages/airflow/example_dags/example_setup_teardown_taskflow.py
[2024-03-16T11:25:38.106+0500] {processor.py:830} INFO - Processing file /home/muhammadsami/Public/Projects/Airflow/DataPipelineswithApacheAirflow/.env/lib/python3.8/site-packages/airflow/example_dags/example_setup_teardown_taskflow.py for tasks to queue
[2024-03-16T11:25:38.107+0500] {logging_mixin.py:188} INFO - [2024-03-16T11:25:38.106+0500] {dagbag.py:540} INFO - Filling up the DagBag from /home/muhammadsami/Public/Projects/Airflow/DataPipelineswithApacheAirflow/.env/lib/python3.8/site-packages/airflow/example_dags/example_setup_teardown_taskflow.py
[2024-03-16T11:25:38.117+0500] {processor.py:840} INFO - DAG(s) 'example_setup_teardown_taskflow' retrieved from /home/muhammadsami/Public/Projects/Airflow/DataPipelineswithApacheAirflow/.env/lib/python3.8/site-packages/airflow/example_dags/example_setup_teardown_taskflow.py
[2024-03-16T11:25:38.131+0500] {logging_mixin.py:188} INFO - [2024-03-16T11:25:38.131+0500] {dag.py:3047} INFO - Sync 1 DAGs
[2024-03-16T11:25:38.148+0500] {logging_mixin.py:188} INFO - [2024-03-16T11:25:38.147+0500] {dag.py:3834} INFO - Setting next_dagrun for example_setup_teardown_taskflow to 2024-03-15 00:00:00+00:00, run_after=2024-03-16 00:00:00+00:00
[2024-03-16T11:25:38.490+0500] {processor.py:183} INFO - Processing /home/muhammadsami/Public/Projects/Airflow/DataPipelineswithApacheAirflow/.env/lib/python3.8/site-packages/airflow/example_dags/example_setup_teardown_taskflow.py took 0.387 seconds
[2024-03-16T11:26:29.886+0500] {processor.py:161} INFO - Started process (PID=18720) to work on /home/muhammadsami/Public/Projects/Airflow/DataPipelineswithApacheAirflow/.env/lib/python3.8/site-packages/airflow/example_dags/example_setup_teardown_taskflow.py
[2024-03-16T11:26:29.888+0500] {processor.py:830} INFO - Processing file /home/muhammadsami/Public/Projects/Airflow/DataPipelineswithApacheAirflow/.env/lib/python3.8/site-packages/airflow/example_dags/example_setup_teardown_taskflow.py for tasks to queue
[2024-03-16T11:26:29.890+0500] {logging_mixin.py:188} INFO - [2024-03-16T11:26:29.889+0500] {dagbag.py:540} INFO - Filling up the DagBag from /home/muhammadsami/Public/Projects/Airflow/DataPipelineswithApacheAirflow/.env/lib/python3.8/site-packages/airflow/example_dags/example_setup_teardown_taskflow.py
[2024-03-16T11:26:29.899+0500] {processor.py:840} INFO - DAG(s) 'example_setup_teardown_taskflow' retrieved from /home/muhammadsami/Public/Projects/Airflow/DataPipelineswithApacheAirflow/.env/lib/python3.8/site-packages/airflow/example_dags/example_setup_teardown_taskflow.py
[2024-03-16T11:26:29.917+0500] {logging_mixin.py:188} INFO - [2024-03-16T11:26:29.916+0500] {dag.py:3047} INFO - Sync 1 DAGs
[2024-03-16T11:26:29.939+0500] {logging_mixin.py:188} INFO - [2024-03-16T11:26:29.939+0500] {dag.py:3834} INFO - Setting next_dagrun for example_setup_teardown_taskflow to 2024-03-15 00:00:00+00:00, run_after=2024-03-16 00:00:00+00:00
[2024-03-16T11:26:30.052+0500] {processor.py:183} INFO - Processing /home/muhammadsami/Public/Projects/Airflow/DataPipelineswithApacheAirflow/.env/lib/python3.8/site-packages/airflow/example_dags/example_setup_teardown_taskflow.py took 0.169 seconds
[2024-03-16T11:27:21.783+0500] {processor.py:161} INFO - Started process (PID=18773) to work on /home/muhammadsami/Public/Projects/Airflow/DataPipelineswithApacheAirflow/.env/lib/python3.8/site-packages/airflow/example_dags/example_setup_teardown_taskflow.py
[2024-03-16T11:27:21.795+0500] {processor.py:830} INFO - Processing file /home/muhammadsami/Public/Projects/Airflow/DataPipelineswithApacheAirflow/.env/lib/python3.8/site-packages/airflow/example_dags/example_setup_teardown_taskflow.py for tasks to queue
[2024-03-16T11:27:21.796+0500] {logging_mixin.py:188} INFO - [2024-03-16T11:27:21.796+0500] {dagbag.py:540} INFO - Filling up the DagBag from /home/muhammadsami/Public/Projects/Airflow/DataPipelineswithApacheAirflow/.env/lib/python3.8/site-packages/airflow/example_dags/example_setup_teardown_taskflow.py
[2024-03-16T11:27:21.804+0500] {processor.py:840} INFO - DAG(s) 'example_setup_teardown_taskflow' retrieved from /home/muhammadsami/Public/Projects/Airflow/DataPipelineswithApacheAirflow/.env/lib/python3.8/site-packages/airflow/example_dags/example_setup_teardown_taskflow.py
[2024-03-16T11:27:21.818+0500] {logging_mixin.py:188} INFO - [2024-03-16T11:27:21.817+0500] {dag.py:3047} INFO - Sync 1 DAGs
[2024-03-16T11:27:21.836+0500] {logging_mixin.py:188} INFO - [2024-03-16T11:27:21.836+0500] {dag.py:3834} INFO - Setting next_dagrun for example_setup_teardown_taskflow to 2024-03-15 00:00:00+00:00, run_after=2024-03-16 00:00:00+00:00
[2024-03-16T11:27:21.921+0500] {processor.py:183} INFO - Processing /home/muhammadsami/Public/Projects/Airflow/DataPipelineswithApacheAirflow/.env/lib/python3.8/site-packages/airflow/example_dags/example_setup_teardown_taskflow.py took 0.140 seconds
[2024-03-16T11:28:06.824+0500] {processor.py:161} INFO - Started process (PID=18820) to work on /home/muhammadsami/Public/Projects/Airflow/DataPipelineswithApacheAirflow/.env/lib/python3.8/site-packages/airflow/example_dags/example_setup_teardown_taskflow.py
[2024-03-16T11:28:06.825+0500] {processor.py:830} INFO - Processing file /home/muhammadsami/Public/Projects/Airflow/DataPipelineswithApacheAirflow/.env/lib/python3.8/site-packages/airflow/example_dags/example_setup_teardown_taskflow.py for tasks to queue
[2024-03-16T11:28:06.826+0500] {logging_mixin.py:188} INFO - [2024-03-16T11:28:06.826+0500] {dagbag.py:540} INFO - Filling up the DagBag from /home/muhammadsami/Public/Projects/Airflow/DataPipelineswithApacheAirflow/.env/lib/python3.8/site-packages/airflow/example_dags/example_setup_teardown_taskflow.py
[2024-03-16T11:28:06.836+0500] {processor.py:840} INFO - DAG(s) 'example_setup_teardown_taskflow' retrieved from /home/muhammadsami/Public/Projects/Airflow/DataPipelineswithApacheAirflow/.env/lib/python3.8/site-packages/airflow/example_dags/example_setup_teardown_taskflow.py
[2024-03-16T11:28:06.850+0500] {logging_mixin.py:188} INFO - [2024-03-16T11:28:06.850+0500] {dag.py:3047} INFO - Sync 1 DAGs
[2024-03-16T11:28:06.869+0500] {logging_mixin.py:188} INFO - [2024-03-16T11:28:06.869+0500] {dag.py:3834} INFO - Setting next_dagrun for example_setup_teardown_taskflow to 2024-03-15 00:00:00+00:00, run_after=2024-03-16 00:00:00+00:00
[2024-03-16T11:28:06.988+0500] {processor.py:183} INFO - Processing /home/muhammadsami/Public/Projects/Airflow/DataPipelineswithApacheAirflow/.env/lib/python3.8/site-packages/airflow/example_dags/example_setup_teardown_taskflow.py took 0.166 seconds
[2024-03-16T11:28:56.011+0500] {processor.py:161} INFO - Started process (PID=18884) to work on /home/muhammadsami/Public/Projects/Airflow/DataPipelineswithApacheAirflow/.env/lib/python3.8/site-packages/airflow/example_dags/example_setup_teardown_taskflow.py
[2024-03-16T11:28:56.026+0500] {processor.py:830} INFO - Processing file /home/muhammadsami/Public/Projects/Airflow/DataPipelineswithApacheAirflow/.env/lib/python3.8/site-packages/airflow/example_dags/example_setup_teardown_taskflow.py for tasks to queue
[2024-03-16T11:28:56.027+0500] {logging_mixin.py:188} INFO - [2024-03-16T11:28:56.027+0500] {dagbag.py:540} INFO - Filling up the DagBag from /home/muhammadsami/Public/Projects/Airflow/DataPipelineswithApacheAirflow/.env/lib/python3.8/site-packages/airflow/example_dags/example_setup_teardown_taskflow.py
[2024-03-16T11:28:56.037+0500] {processor.py:840} INFO - DAG(s) 'example_setup_teardown_taskflow' retrieved from /home/muhammadsami/Public/Projects/Airflow/DataPipelineswithApacheAirflow/.env/lib/python3.8/site-packages/airflow/example_dags/example_setup_teardown_taskflow.py
[2024-03-16T11:28:56.051+0500] {logging_mixin.py:188} INFO - [2024-03-16T11:28:56.051+0500] {dag.py:3047} INFO - Sync 1 DAGs
[2024-03-16T11:28:56.068+0500] {logging_mixin.py:188} INFO - [2024-03-16T11:28:56.068+0500] {dag.py:3834} INFO - Setting next_dagrun for example_setup_teardown_taskflow to 2024-03-15 00:00:00+00:00, run_after=2024-03-16 00:00:00+00:00
[2024-03-16T11:28:56.156+0500] {processor.py:183} INFO - Processing /home/muhammadsami/Public/Projects/Airflow/DataPipelineswithApacheAirflow/.env/lib/python3.8/site-packages/airflow/example_dags/example_setup_teardown_taskflow.py took 0.147 seconds
[2024-03-16T11:29:44.429+0500] {processor.py:161} INFO - Started process (PID=18939) to work on /home/muhammadsami/Public/Projects/Airflow/DataPipelineswithApacheAirflow/.env/lib/python3.8/site-packages/airflow/example_dags/example_setup_teardown_taskflow.py
[2024-03-16T11:29:44.431+0500] {processor.py:830} INFO - Processing file /home/muhammadsami/Public/Projects/Airflow/DataPipelineswithApacheAirflow/.env/lib/python3.8/site-packages/airflow/example_dags/example_setup_teardown_taskflow.py for tasks to queue
[2024-03-16T11:29:44.432+0500] {logging_mixin.py:188} INFO - [2024-03-16T11:29:44.432+0500] {dagbag.py:540} INFO - Filling up the DagBag from /home/muhammadsami/Public/Projects/Airflow/DataPipelineswithApacheAirflow/.env/lib/python3.8/site-packages/airflow/example_dags/example_setup_teardown_taskflow.py
[2024-03-16T11:29:44.442+0500] {processor.py:840} INFO - DAG(s) 'example_setup_teardown_taskflow' retrieved from /home/muhammadsami/Public/Projects/Airflow/DataPipelineswithApacheAirflow/.env/lib/python3.8/site-packages/airflow/example_dags/example_setup_teardown_taskflow.py
[2024-03-16T11:29:44.458+0500] {logging_mixin.py:188} INFO - [2024-03-16T11:29:44.458+0500] {dag.py:3047} INFO - Sync 1 DAGs
[2024-03-16T11:29:44.480+0500] {logging_mixin.py:188} INFO - [2024-03-16T11:29:44.480+0500] {dag.py:3834} INFO - Setting next_dagrun for example_setup_teardown_taskflow to 2024-03-15 00:00:00+00:00, run_after=2024-03-16 00:00:00+00:00
[2024-03-16T11:29:44.564+0500] {processor.py:183} INFO - Processing /home/muhammadsami/Public/Projects/Airflow/DataPipelineswithApacheAirflow/.env/lib/python3.8/site-packages/airflow/example_dags/example_setup_teardown_taskflow.py took 0.137 seconds
[2024-03-16T11:30:36.449+0500] {processor.py:161} INFO - Started process (PID=19002) to work on /home/muhammadsami/Public/Projects/Airflow/DataPipelineswithApacheAirflow/.env/lib/python3.8/site-packages/airflow/example_dags/example_setup_teardown_taskflow.py
[2024-03-16T11:30:36.450+0500] {processor.py:830} INFO - Processing file /home/muhammadsami/Public/Projects/Airflow/DataPipelineswithApacheAirflow/.env/lib/python3.8/site-packages/airflow/example_dags/example_setup_teardown_taskflow.py for tasks to queue
[2024-03-16T11:30:36.452+0500] {logging_mixin.py:188} INFO - [2024-03-16T11:30:36.451+0500] {dagbag.py:540} INFO - Filling up the DagBag from /home/muhammadsami/Public/Projects/Airflow/DataPipelineswithApacheAirflow/.env/lib/python3.8/site-packages/airflow/example_dags/example_setup_teardown_taskflow.py
[2024-03-16T11:30:36.464+0500] {processor.py:840} INFO - DAG(s) 'example_setup_teardown_taskflow' retrieved from /home/muhammadsami/Public/Projects/Airflow/DataPipelineswithApacheAirflow/.env/lib/python3.8/site-packages/airflow/example_dags/example_setup_teardown_taskflow.py
[2024-03-16T11:30:36.487+0500] {logging_mixin.py:188} INFO - [2024-03-16T11:30:36.486+0500] {dag.py:3047} INFO - Sync 1 DAGs
[2024-03-16T11:30:36.515+0500] {logging_mixin.py:188} INFO - [2024-03-16T11:30:36.514+0500] {dag.py:3834} INFO - Setting next_dagrun for example_setup_teardown_taskflow to 2024-03-15 00:00:00+00:00, run_after=2024-03-16 00:00:00+00:00
[2024-03-16T11:30:36.621+0500] {processor.py:183} INFO - Processing /home/muhammadsami/Public/Projects/Airflow/DataPipelineswithApacheAirflow/.env/lib/python3.8/site-packages/airflow/example_dags/example_setup_teardown_taskflow.py took 0.178 seconds
[2024-03-16T11:38:39.075+0500] {processor.py:161} INFO - Started process (PID=19463) to work on /home/muhammadsami/Public/Projects/Airflow/DataPipelineswithApacheAirflow/.env/lib/python3.8/site-packages/airflow/example_dags/example_setup_teardown_taskflow.py
[2024-03-16T11:38:39.125+0500] {processor.py:830} INFO - Processing file /home/muhammadsami/Public/Projects/Airflow/DataPipelineswithApacheAirflow/.env/lib/python3.8/site-packages/airflow/example_dags/example_setup_teardown_taskflow.py for tasks to queue
[2024-03-16T11:38:39.126+0500] {logging_mixin.py:188} INFO - [2024-03-16T11:38:39.125+0500] {dagbag.py:540} INFO - Filling up the DagBag from /home/muhammadsami/Public/Projects/Airflow/DataPipelineswithApacheAirflow/.env/lib/python3.8/site-packages/airflow/example_dags/example_setup_teardown_taskflow.py
[2024-03-16T11:38:39.136+0500] {processor.py:840} INFO - DAG(s) 'example_setup_teardown_taskflow' retrieved from /home/muhammadsami/Public/Projects/Airflow/DataPipelineswithApacheAirflow/.env/lib/python3.8/site-packages/airflow/example_dags/example_setup_teardown_taskflow.py
[2024-03-16T11:38:39.156+0500] {logging_mixin.py:188} INFO - [2024-03-16T11:38:39.156+0500] {dag.py:3047} INFO - Sync 1 DAGs
[2024-03-16T11:38:39.175+0500] {logging_mixin.py:188} INFO - [2024-03-16T11:38:39.175+0500] {dag.py:3834} INFO - Setting next_dagrun for example_setup_teardown_taskflow to 2024-03-15 00:00:00+00:00, run_after=2024-03-16 00:00:00+00:00
[2024-03-16T11:38:39.274+0500] {processor.py:183} INFO - Processing /home/muhammadsami/Public/Projects/Airflow/DataPipelineswithApacheAirflow/.env/lib/python3.8/site-packages/airflow/example_dags/example_setup_teardown_taskflow.py took 0.201 seconds
[2024-03-16T11:39:43.791+0500] {processor.py:161} INFO - Started process (PID=19809) to work on /home/muhammadsami/Public/Projects/Airflow/DataPipelineswithApacheAirflow/.env/lib/python3.8/site-packages/airflow/example_dags/example_setup_teardown_taskflow.py
[2024-03-16T11:39:43.792+0500] {processor.py:830} INFO - Processing file /home/muhammadsami/Public/Projects/Airflow/DataPipelineswithApacheAirflow/.env/lib/python3.8/site-packages/airflow/example_dags/example_setup_teardown_taskflow.py for tasks to queue
[2024-03-16T11:39:43.794+0500] {logging_mixin.py:188} INFO - [2024-03-16T11:39:43.793+0500] {dagbag.py:540} INFO - Filling up the DagBag from /home/muhammadsami/Public/Projects/Airflow/DataPipelineswithApacheAirflow/.env/lib/python3.8/site-packages/airflow/example_dags/example_setup_teardown_taskflow.py
[2024-03-16T11:39:43.807+0500] {processor.py:840} INFO - DAG(s) 'example_setup_teardown_taskflow' retrieved from /home/muhammadsami/Public/Projects/Airflow/DataPipelineswithApacheAirflow/.env/lib/python3.8/site-packages/airflow/example_dags/example_setup_teardown_taskflow.py
[2024-03-16T11:39:43.821+0500] {logging_mixin.py:188} INFO - [2024-03-16T11:39:43.820+0500] {dag.py:3047} INFO - Sync 1 DAGs
[2024-03-16T11:39:43.837+0500] {logging_mixin.py:188} INFO - [2024-03-16T11:39:43.837+0500] {dag.py:3834} INFO - Setting next_dagrun for example_setup_teardown_taskflow to 2024-03-15 00:00:00+00:00, run_after=2024-03-16 00:00:00+00:00
[2024-03-16T11:39:43.936+0500] {processor.py:183} INFO - Processing /home/muhammadsami/Public/Projects/Airflow/DataPipelineswithApacheAirflow/.env/lib/python3.8/site-packages/airflow/example_dags/example_setup_teardown_taskflow.py took 0.149 seconds
[2024-03-16T11:40:48.052+0500] {processor.py:161} INFO - Started process (PID=19976) to work on /home/muhammadsami/Public/Projects/Airflow/DataPipelineswithApacheAirflow/.env/lib/python3.8/site-packages/airflow/example_dags/example_setup_teardown_taskflow.py
[2024-03-16T11:40:48.054+0500] {processor.py:830} INFO - Processing file /home/muhammadsami/Public/Projects/Airflow/DataPipelineswithApacheAirflow/.env/lib/python3.8/site-packages/airflow/example_dags/example_setup_teardown_taskflow.py for tasks to queue
[2024-03-16T11:40:48.056+0500] {logging_mixin.py:188} INFO - [2024-03-16T11:40:48.055+0500] {dagbag.py:540} INFO - Filling up the DagBag from /home/muhammadsami/Public/Projects/Airflow/DataPipelineswithApacheAirflow/.env/lib/python3.8/site-packages/airflow/example_dags/example_setup_teardown_taskflow.py
[2024-03-16T11:40:48.259+0500] {processor.py:840} INFO - DAG(s) 'example_setup_teardown_taskflow' retrieved from /home/muhammadsami/Public/Projects/Airflow/DataPipelineswithApacheAirflow/.env/lib/python3.8/site-packages/airflow/example_dags/example_setup_teardown_taskflow.py
[2024-03-16T11:40:50.635+0500] {logging_mixin.py:188} INFO - [2024-03-16T11:40:50.635+0500] {dag.py:3047} INFO - Sync 1 DAGs
[2024-03-16T11:40:51.786+0500] {logging_mixin.py:188} INFO - [2024-03-16T11:40:51.786+0500] {dag.py:3834} INFO - Setting next_dagrun for example_setup_teardown_taskflow to 2024-03-15 00:00:00+00:00, run_after=2024-03-16 00:00:00+00:00
[2024-03-16T11:40:51.890+0500] {processor.py:183} INFO - Processing /home/muhammadsami/Public/Projects/Airflow/DataPipelineswithApacheAirflow/.env/lib/python3.8/site-packages/airflow/example_dags/example_setup_teardown_taskflow.py took 3.842 seconds
[2024-03-16T11:42:04.879+0500] {processor.py:161} INFO - Started process (PID=20229) to work on /home/muhammadsami/Public/Projects/Airflow/DataPipelineswithApacheAirflow/.env/lib/python3.8/site-packages/airflow/example_dags/example_setup_teardown_taskflow.py
[2024-03-16T11:42:04.884+0500] {processor.py:830} INFO - Processing file /home/muhammadsami/Public/Projects/Airflow/DataPipelineswithApacheAirflow/.env/lib/python3.8/site-packages/airflow/example_dags/example_setup_teardown_taskflow.py for tasks to queue
[2024-03-16T11:42:04.885+0500] {logging_mixin.py:188} INFO - [2024-03-16T11:42:04.885+0500] {dagbag.py:540} INFO - Filling up the DagBag from /home/muhammadsami/Public/Projects/Airflow/DataPipelineswithApacheAirflow/.env/lib/python3.8/site-packages/airflow/example_dags/example_setup_teardown_taskflow.py
[2024-03-16T11:42:04.893+0500] {processor.py:840} INFO - DAG(s) 'example_setup_teardown_taskflow' retrieved from /home/muhammadsami/Public/Projects/Airflow/DataPipelineswithApacheAirflow/.env/lib/python3.8/site-packages/airflow/example_dags/example_setup_teardown_taskflow.py
[2024-03-16T11:42:04.912+0500] {logging_mixin.py:188} INFO - [2024-03-16T11:42:04.911+0500] {dag.py:3047} INFO - Sync 1 DAGs
[2024-03-16T11:42:04.932+0500] {logging_mixin.py:188} INFO - [2024-03-16T11:42:04.932+0500] {dag.py:3834} INFO - Setting next_dagrun for example_setup_teardown_taskflow to 2024-03-15 00:00:00+00:00, run_after=2024-03-16 00:00:00+00:00
[2024-03-16T11:42:05.021+0500] {processor.py:183} INFO - Processing /home/muhammadsami/Public/Projects/Airflow/DataPipelineswithApacheAirflow/.env/lib/python3.8/site-packages/airflow/example_dags/example_setup_teardown_taskflow.py took 0.146 seconds
[2024-03-16T11:42:56.049+0500] {processor.py:161} INFO - Started process (PID=20289) to work on /home/muhammadsami/Public/Projects/Airflow/DataPipelineswithApacheAirflow/.env/lib/python3.8/site-packages/airflow/example_dags/example_setup_teardown_taskflow.py
[2024-03-16T11:42:56.066+0500] {processor.py:830} INFO - Processing file /home/muhammadsami/Public/Projects/Airflow/DataPipelineswithApacheAirflow/.env/lib/python3.8/site-packages/airflow/example_dags/example_setup_teardown_taskflow.py for tasks to queue
[2024-03-16T11:42:56.067+0500] {logging_mixin.py:188} INFO - [2024-03-16T11:42:56.067+0500] {dagbag.py:540} INFO - Filling up the DagBag from /home/muhammadsami/Public/Projects/Airflow/DataPipelineswithApacheAirflow/.env/lib/python3.8/site-packages/airflow/example_dags/example_setup_teardown_taskflow.py
[2024-03-16T11:42:56.075+0500] {processor.py:840} INFO - DAG(s) 'example_setup_teardown_taskflow' retrieved from /home/muhammadsami/Public/Projects/Airflow/DataPipelineswithApacheAirflow/.env/lib/python3.8/site-packages/airflow/example_dags/example_setup_teardown_taskflow.py
[2024-03-16T11:42:56.090+0500] {logging_mixin.py:188} INFO - [2024-03-16T11:42:56.090+0500] {dag.py:3047} INFO - Sync 1 DAGs
[2024-03-16T11:42:56.107+0500] {logging_mixin.py:188} INFO - [2024-03-16T11:42:56.107+0500] {dag.py:3834} INFO - Setting next_dagrun for example_setup_teardown_taskflow to 2024-03-15 00:00:00+00:00, run_after=2024-03-16 00:00:00+00:00
[2024-03-16T11:42:56.200+0500] {processor.py:183} INFO - Processing /home/muhammadsami/Public/Projects/Airflow/DataPipelineswithApacheAirflow/.env/lib/python3.8/site-packages/airflow/example_dags/example_setup_teardown_taskflow.py took 0.153 seconds
[2024-03-16T11:43:43.645+0500] {processor.py:161} INFO - Started process (PID=20363) to work on /home/muhammadsami/Public/Projects/Airflow/DataPipelineswithApacheAirflow/.env/lib/python3.8/site-packages/airflow/example_dags/example_setup_teardown_taskflow.py
[2024-03-16T11:43:43.658+0500] {processor.py:830} INFO - Processing file /home/muhammadsami/Public/Projects/Airflow/DataPipelineswithApacheAirflow/.env/lib/python3.8/site-packages/airflow/example_dags/example_setup_teardown_taskflow.py for tasks to queue
[2024-03-16T11:43:43.659+0500] {logging_mixin.py:188} INFO - [2024-03-16T11:43:43.659+0500] {dagbag.py:540} INFO - Filling up the DagBag from /home/muhammadsami/Public/Projects/Airflow/DataPipelineswithApacheAirflow/.env/lib/python3.8/site-packages/airflow/example_dags/example_setup_teardown_taskflow.py
[2024-03-16T11:43:43.667+0500] {processor.py:840} INFO - DAG(s) 'example_setup_teardown_taskflow' retrieved from /home/muhammadsami/Public/Projects/Airflow/DataPipelineswithApacheAirflow/.env/lib/python3.8/site-packages/airflow/example_dags/example_setup_teardown_taskflow.py
[2024-03-16T11:43:43.681+0500] {logging_mixin.py:188} INFO - [2024-03-16T11:43:43.680+0500] {dag.py:3047} INFO - Sync 1 DAGs
[2024-03-16T11:43:43.698+0500] {logging_mixin.py:188} INFO - [2024-03-16T11:43:43.698+0500] {dag.py:3834} INFO - Setting next_dagrun for example_setup_teardown_taskflow to 2024-03-15 00:00:00+00:00, run_after=2024-03-16 00:00:00+00:00
[2024-03-16T11:43:43.792+0500] {processor.py:183} INFO - Processing /home/muhammadsami/Public/Projects/Airflow/DataPipelineswithApacheAirflow/.env/lib/python3.8/site-packages/airflow/example_dags/example_setup_teardown_taskflow.py took 0.150 seconds
[2024-03-16T11:44:32.852+0500] {processor.py:161} INFO - Started process (PID=20429) to work on /home/muhammadsami/Public/Projects/Airflow/DataPipelineswithApacheAirflow/.env/lib/python3.8/site-packages/airflow/example_dags/example_setup_teardown_taskflow.py
[2024-03-16T11:44:32.853+0500] {processor.py:830} INFO - Processing file /home/muhammadsami/Public/Projects/Airflow/DataPipelineswithApacheAirflow/.env/lib/python3.8/site-packages/airflow/example_dags/example_setup_teardown_taskflow.py for tasks to queue
[2024-03-16T11:44:32.854+0500] {logging_mixin.py:188} INFO - [2024-03-16T11:44:32.854+0500] {dagbag.py:540} INFO - Filling up the DagBag from /home/muhammadsami/Public/Projects/Airflow/DataPipelineswithApacheAirflow/.env/lib/python3.8/site-packages/airflow/example_dags/example_setup_teardown_taskflow.py
[2024-03-16T11:44:32.863+0500] {processor.py:840} INFO - DAG(s) 'example_setup_teardown_taskflow' retrieved from /home/muhammadsami/Public/Projects/Airflow/DataPipelineswithApacheAirflow/.env/lib/python3.8/site-packages/airflow/example_dags/example_setup_teardown_taskflow.py
[2024-03-16T11:44:32.877+0500] {logging_mixin.py:188} INFO - [2024-03-16T11:44:32.877+0500] {dag.py:3047} INFO - Sync 1 DAGs
[2024-03-16T11:44:32.895+0500] {logging_mixin.py:188} INFO - [2024-03-16T11:44:32.895+0500] {dag.py:3834} INFO - Setting next_dagrun for example_setup_teardown_taskflow to 2024-03-15 00:00:00+00:00, run_after=2024-03-16 00:00:00+00:00
[2024-03-16T11:44:32.976+0500] {processor.py:183} INFO - Processing /home/muhammadsami/Public/Projects/Airflow/DataPipelineswithApacheAirflow/.env/lib/python3.8/site-packages/airflow/example_dags/example_setup_teardown_taskflow.py took 0.127 seconds
[2024-03-16T11:45:37.704+0500] {processor.py:161} INFO - Started process (PID=20825) to work on /home/muhammadsami/Public/Projects/Airflow/DataPipelineswithApacheAirflow/.env/lib/python3.8/site-packages/airflow/example_dags/example_setup_teardown_taskflow.py
[2024-03-16T11:45:37.706+0500] {processor.py:830} INFO - Processing file /home/muhammadsami/Public/Projects/Airflow/DataPipelineswithApacheAirflow/.env/lib/python3.8/site-packages/airflow/example_dags/example_setup_teardown_taskflow.py for tasks to queue
[2024-03-16T11:45:37.706+0500] {logging_mixin.py:188} INFO - [2024-03-16T11:45:37.706+0500] {dagbag.py:540} INFO - Filling up the DagBag from /home/muhammadsami/Public/Projects/Airflow/DataPipelineswithApacheAirflow/.env/lib/python3.8/site-packages/airflow/example_dags/example_setup_teardown_taskflow.py
[2024-03-16T11:45:37.717+0500] {processor.py:840} INFO - DAG(s) 'example_setup_teardown_taskflow' retrieved from /home/muhammadsami/Public/Projects/Airflow/DataPipelineswithApacheAirflow/.env/lib/python3.8/site-packages/airflow/example_dags/example_setup_teardown_taskflow.py
[2024-03-16T11:45:37.731+0500] {logging_mixin.py:188} INFO - [2024-03-16T11:45:37.731+0500] {dag.py:3047} INFO - Sync 1 DAGs
[2024-03-16T11:45:37.749+0500] {logging_mixin.py:188} INFO - [2024-03-16T11:45:37.749+0500] {dag.py:3834} INFO - Setting next_dagrun for example_setup_teardown_taskflow to 2024-03-15 00:00:00+00:00, run_after=2024-03-16 00:00:00+00:00
[2024-03-16T11:45:37.838+0500] {processor.py:183} INFO - Processing /home/muhammadsami/Public/Projects/Airflow/DataPipelineswithApacheAirflow/.env/lib/python3.8/site-packages/airflow/example_dags/example_setup_teardown_taskflow.py took 0.136 seconds
[2024-03-16T11:46:34.002+0500] {processor.py:161} INFO - Started process (PID=20885) to work on /home/muhammadsami/Public/Projects/Airflow/DataPipelineswithApacheAirflow/.env/lib/python3.8/site-packages/airflow/example_dags/example_setup_teardown_taskflow.py
[2024-03-16T11:46:34.003+0500] {processor.py:830} INFO - Processing file /home/muhammadsami/Public/Projects/Airflow/DataPipelineswithApacheAirflow/.env/lib/python3.8/site-packages/airflow/example_dags/example_setup_teardown_taskflow.py for tasks to queue
[2024-03-16T11:46:34.005+0500] {logging_mixin.py:188} INFO - [2024-03-16T11:46:34.004+0500] {dagbag.py:540} INFO - Filling up the DagBag from /home/muhammadsami/Public/Projects/Airflow/DataPipelineswithApacheAirflow/.env/lib/python3.8/site-packages/airflow/example_dags/example_setup_teardown_taskflow.py
[2024-03-16T11:46:34.014+0500] {processor.py:840} INFO - DAG(s) 'example_setup_teardown_taskflow' retrieved from /home/muhammadsami/Public/Projects/Airflow/DataPipelineswithApacheAirflow/.env/lib/python3.8/site-packages/airflow/example_dags/example_setup_teardown_taskflow.py
[2024-03-16T11:46:34.028+0500] {logging_mixin.py:188} INFO - [2024-03-16T11:46:34.028+0500] {dag.py:3047} INFO - Sync 1 DAGs
[2024-03-16T11:46:34.045+0500] {logging_mixin.py:188} INFO - [2024-03-16T11:46:34.045+0500] {dag.py:3834} INFO - Setting next_dagrun for example_setup_teardown_taskflow to 2024-03-15 00:00:00+00:00, run_after=2024-03-16 00:00:00+00:00
[2024-03-16T11:46:34.142+0500] {processor.py:183} INFO - Processing /home/muhammadsami/Public/Projects/Airflow/DataPipelineswithApacheAirflow/.env/lib/python3.8/site-packages/airflow/example_dags/example_setup_teardown_taskflow.py took 0.143 seconds
[2024-03-16T11:47:23.427+0500] {processor.py:161} INFO - Started process (PID=20963) to work on /home/muhammadsami/Public/Projects/Airflow/DataPipelineswithApacheAirflow/.env/lib/python3.8/site-packages/airflow/example_dags/example_setup_teardown_taskflow.py
[2024-03-16T11:47:23.451+0500] {processor.py:830} INFO - Processing file /home/muhammadsami/Public/Projects/Airflow/DataPipelineswithApacheAirflow/.env/lib/python3.8/site-packages/airflow/example_dags/example_setup_teardown_taskflow.py for tasks to queue
[2024-03-16T11:47:23.452+0500] {logging_mixin.py:188} INFO - [2024-03-16T11:47:23.452+0500] {dagbag.py:540} INFO - Filling up the DagBag from /home/muhammadsami/Public/Projects/Airflow/DataPipelineswithApacheAirflow/.env/lib/python3.8/site-packages/airflow/example_dags/example_setup_teardown_taskflow.py
[2024-03-16T11:47:23.461+0500] {processor.py:840} INFO - DAG(s) 'example_setup_teardown_taskflow' retrieved from /home/muhammadsami/Public/Projects/Airflow/DataPipelineswithApacheAirflow/.env/lib/python3.8/site-packages/airflow/example_dags/example_setup_teardown_taskflow.py
[2024-03-16T11:47:23.475+0500] {logging_mixin.py:188} INFO - [2024-03-16T11:47:23.475+0500] {dag.py:3047} INFO - Sync 1 DAGs
[2024-03-16T11:47:23.493+0500] {logging_mixin.py:188} INFO - [2024-03-16T11:47:23.492+0500] {dag.py:3834} INFO - Setting next_dagrun for example_setup_teardown_taskflow to 2024-03-15 00:00:00+00:00, run_after=2024-03-16 00:00:00+00:00
[2024-03-16T11:47:23.658+0500] {processor.py:183} INFO - Processing /home/muhammadsami/Public/Projects/Airflow/DataPipelineswithApacheAirflow/.env/lib/python3.8/site-packages/airflow/example_dags/example_setup_teardown_taskflow.py took 0.233 seconds
[2024-03-16T11:48:13.702+0500] {processor.py:161} INFO - Started process (PID=21012) to work on /home/muhammadsami/Public/Projects/Airflow/DataPipelineswithApacheAirflow/.env/lib/python3.8/site-packages/airflow/example_dags/example_setup_teardown_taskflow.py
[2024-03-16T11:48:13.703+0500] {processor.py:830} INFO - Processing file /home/muhammadsami/Public/Projects/Airflow/DataPipelineswithApacheAirflow/.env/lib/python3.8/site-packages/airflow/example_dags/example_setup_teardown_taskflow.py for tasks to queue
[2024-03-16T11:48:13.704+0500] {logging_mixin.py:188} INFO - [2024-03-16T11:48:13.703+0500] {dagbag.py:540} INFO - Filling up the DagBag from /home/muhammadsami/Public/Projects/Airflow/DataPipelineswithApacheAirflow/.env/lib/python3.8/site-packages/airflow/example_dags/example_setup_teardown_taskflow.py
[2024-03-16T11:48:13.715+0500] {processor.py:840} INFO - DAG(s) 'example_setup_teardown_taskflow' retrieved from /home/muhammadsami/Public/Projects/Airflow/DataPipelineswithApacheAirflow/.env/lib/python3.8/site-packages/airflow/example_dags/example_setup_teardown_taskflow.py
[2024-03-16T11:48:13.729+0500] {logging_mixin.py:188} INFO - [2024-03-16T11:48:13.729+0500] {dag.py:3047} INFO - Sync 1 DAGs
[2024-03-16T11:48:13.746+0500] {logging_mixin.py:188} INFO - [2024-03-16T11:48:13.746+0500] {dag.py:3834} INFO - Setting next_dagrun for example_setup_teardown_taskflow to 2024-03-15 00:00:00+00:00, run_after=2024-03-16 00:00:00+00:00
[2024-03-16T11:48:13.839+0500] {processor.py:183} INFO - Processing /home/muhammadsami/Public/Projects/Airflow/DataPipelineswithApacheAirflow/.env/lib/python3.8/site-packages/airflow/example_dags/example_setup_teardown_taskflow.py took 0.141 seconds
[2024-03-16T11:49:00.634+0500] {processor.py:161} INFO - Started process (PID=21084) to work on /home/muhammadsami/Public/Projects/Airflow/DataPipelineswithApacheAirflow/.env/lib/python3.8/site-packages/airflow/example_dags/example_setup_teardown_taskflow.py
[2024-03-16T11:49:00.636+0500] {processor.py:830} INFO - Processing file /home/muhammadsami/Public/Projects/Airflow/DataPipelineswithApacheAirflow/.env/lib/python3.8/site-packages/airflow/example_dags/example_setup_teardown_taskflow.py for tasks to queue
[2024-03-16T11:49:00.637+0500] {logging_mixin.py:188} INFO - [2024-03-16T11:49:00.636+0500] {dagbag.py:540} INFO - Filling up the DagBag from /home/muhammadsami/Public/Projects/Airflow/DataPipelineswithApacheAirflow/.env/lib/python3.8/site-packages/airflow/example_dags/example_setup_teardown_taskflow.py
[2024-03-16T11:49:00.646+0500] {processor.py:840} INFO - DAG(s) 'example_setup_teardown_taskflow' retrieved from /home/muhammadsami/Public/Projects/Airflow/DataPipelineswithApacheAirflow/.env/lib/python3.8/site-packages/airflow/example_dags/example_setup_teardown_taskflow.py
[2024-03-16T11:49:00.660+0500] {logging_mixin.py:188} INFO - [2024-03-16T11:49:00.660+0500] {dag.py:3047} INFO - Sync 1 DAGs
[2024-03-16T11:49:00.678+0500] {logging_mixin.py:188} INFO - [2024-03-16T11:49:00.678+0500] {dag.py:3834} INFO - Setting next_dagrun for example_setup_teardown_taskflow to 2024-03-15 00:00:00+00:00, run_after=2024-03-16 00:00:00+00:00
[2024-03-16T11:49:00.771+0500] {processor.py:183} INFO - Processing /home/muhammadsami/Public/Projects/Airflow/DataPipelineswithApacheAirflow/.env/lib/python3.8/site-packages/airflow/example_dags/example_setup_teardown_taskflow.py took 0.140 seconds
[2024-03-16T11:49:49.388+0500] {processor.py:161} INFO - Started process (PID=21130) to work on /home/muhammadsami/Public/Projects/Airflow/DataPipelineswithApacheAirflow/.env/lib/python3.8/site-packages/airflow/example_dags/example_setup_teardown_taskflow.py
[2024-03-16T11:49:49.402+0500] {processor.py:830} INFO - Processing file /home/muhammadsami/Public/Projects/Airflow/DataPipelineswithApacheAirflow/.env/lib/python3.8/site-packages/airflow/example_dags/example_setup_teardown_taskflow.py for tasks to queue
[2024-03-16T11:49:49.403+0500] {logging_mixin.py:188} INFO - [2024-03-16T11:49:49.403+0500] {dagbag.py:540} INFO - Filling up the DagBag from /home/muhammadsami/Public/Projects/Airflow/DataPipelineswithApacheAirflow/.env/lib/python3.8/site-packages/airflow/example_dags/example_setup_teardown_taskflow.py
[2024-03-16T11:49:49.412+0500] {processor.py:840} INFO - DAG(s) 'example_setup_teardown_taskflow' retrieved from /home/muhammadsami/Public/Projects/Airflow/DataPipelineswithApacheAirflow/.env/lib/python3.8/site-packages/airflow/example_dags/example_setup_teardown_taskflow.py
[2024-03-16T11:49:49.426+0500] {logging_mixin.py:188} INFO - [2024-03-16T11:49:49.426+0500] {dag.py:3047} INFO - Sync 1 DAGs
[2024-03-16T11:49:49.444+0500] {logging_mixin.py:188} INFO - [2024-03-16T11:49:49.444+0500] {dag.py:3834} INFO - Setting next_dagrun for example_setup_teardown_taskflow to 2024-03-15 00:00:00+00:00, run_after=2024-03-16 00:00:00+00:00
[2024-03-16T11:49:49.537+0500] {processor.py:183} INFO - Processing /home/muhammadsami/Public/Projects/Airflow/DataPipelineswithApacheAirflow/.env/lib/python3.8/site-packages/airflow/example_dags/example_setup_teardown_taskflow.py took 0.151 seconds
[2024-03-16T11:50:40.028+0500] {processor.py:161} INFO - Started process (PID=21180) to work on /home/muhammadsami/Public/Projects/Airflow/DataPipelineswithApacheAirflow/.env/lib/python3.8/site-packages/airflow/example_dags/example_setup_teardown_taskflow.py
[2024-03-16T11:50:40.029+0500] {processor.py:830} INFO - Processing file /home/muhammadsami/Public/Projects/Airflow/DataPipelineswithApacheAirflow/.env/lib/python3.8/site-packages/airflow/example_dags/example_setup_teardown_taskflow.py for tasks to queue
[2024-03-16T11:50:40.031+0500] {logging_mixin.py:188} INFO - [2024-03-16T11:50:40.030+0500] {dagbag.py:540} INFO - Filling up the DagBag from /home/muhammadsami/Public/Projects/Airflow/DataPipelineswithApacheAirflow/.env/lib/python3.8/site-packages/airflow/example_dags/example_setup_teardown_taskflow.py
[2024-03-16T11:50:40.041+0500] {processor.py:840} INFO - DAG(s) 'example_setup_teardown_taskflow' retrieved from /home/muhammadsami/Public/Projects/Airflow/DataPipelineswithApacheAirflow/.env/lib/python3.8/site-packages/airflow/example_dags/example_setup_teardown_taskflow.py
[2024-03-16T11:50:40.054+0500] {logging_mixin.py:188} INFO - [2024-03-16T11:50:40.054+0500] {dag.py:3047} INFO - Sync 1 DAGs
[2024-03-16T11:50:40.071+0500] {logging_mixin.py:188} INFO - [2024-03-16T11:50:40.071+0500] {dag.py:3834} INFO - Setting next_dagrun for example_setup_teardown_taskflow to 2024-03-15 00:00:00+00:00, run_after=2024-03-16 00:00:00+00:00
[2024-03-16T11:50:40.166+0500] {processor.py:183} INFO - Processing /home/muhammadsami/Public/Projects/Airflow/DataPipelineswithApacheAirflow/.env/lib/python3.8/site-packages/airflow/example_dags/example_setup_teardown_taskflow.py took 0.141 seconds
[2024-03-16T11:51:33.055+0500] {processor.py:161} INFO - Started process (PID=21309) to work on /home/muhammadsami/Public/Projects/Airflow/DataPipelineswithApacheAirflow/.env/lib/python3.8/site-packages/airflow/example_dags/example_setup_teardown_taskflow.py
[2024-03-16T11:51:33.056+0500] {processor.py:830} INFO - Processing file /home/muhammadsami/Public/Projects/Airflow/DataPipelineswithApacheAirflow/.env/lib/python3.8/site-packages/airflow/example_dags/example_setup_teardown_taskflow.py for tasks to queue
[2024-03-16T11:51:33.057+0500] {logging_mixin.py:188} INFO - [2024-03-16T11:51:33.057+0500] {dagbag.py:540} INFO - Filling up the DagBag from /home/muhammadsami/Public/Projects/Airflow/DataPipelineswithApacheAirflow/.env/lib/python3.8/site-packages/airflow/example_dags/example_setup_teardown_taskflow.py
[2024-03-16T11:51:33.071+0500] {processor.py:840} INFO - DAG(s) 'example_setup_teardown_taskflow' retrieved from /home/muhammadsami/Public/Projects/Airflow/DataPipelineswithApacheAirflow/.env/lib/python3.8/site-packages/airflow/example_dags/example_setup_teardown_taskflow.py
[2024-03-16T11:51:33.090+0500] {logging_mixin.py:188} INFO - [2024-03-16T11:51:33.090+0500] {dag.py:3047} INFO - Sync 1 DAGs
[2024-03-16T11:51:33.110+0500] {logging_mixin.py:188} INFO - [2024-03-16T11:51:33.110+0500] {dag.py:3834} INFO - Setting next_dagrun for example_setup_teardown_taskflow to 2024-03-15 00:00:00+00:00, run_after=2024-03-16 00:00:00+00:00
[2024-03-16T11:51:33.206+0500] {processor.py:183} INFO - Processing /home/muhammadsami/Public/Projects/Airflow/DataPipelineswithApacheAirflow/.env/lib/python3.8/site-packages/airflow/example_dags/example_setup_teardown_taskflow.py took 0.154 seconds
[2024-03-16T11:52:23.921+0500] {processor.py:161} INFO - Started process (PID=21475) to work on /home/muhammadsami/Public/Projects/Airflow/DataPipelineswithApacheAirflow/.env/lib/python3.8/site-packages/airflow/example_dags/example_setup_teardown_taskflow.py
[2024-03-16T11:52:23.922+0500] {processor.py:830} INFO - Processing file /home/muhammadsami/Public/Projects/Airflow/DataPipelineswithApacheAirflow/.env/lib/python3.8/site-packages/airflow/example_dags/example_setup_teardown_taskflow.py for tasks to queue
[2024-03-16T11:52:23.923+0500] {logging_mixin.py:188} INFO - [2024-03-16T11:52:23.923+0500] {dagbag.py:540} INFO - Filling up the DagBag from /home/muhammadsami/Public/Projects/Airflow/DataPipelineswithApacheAirflow/.env/lib/python3.8/site-packages/airflow/example_dags/example_setup_teardown_taskflow.py
[2024-03-16T11:52:23.932+0500] {processor.py:840} INFO - DAG(s) 'example_setup_teardown_taskflow' retrieved from /home/muhammadsami/Public/Projects/Airflow/DataPipelineswithApacheAirflow/.env/lib/python3.8/site-packages/airflow/example_dags/example_setup_teardown_taskflow.py
[2024-03-16T11:52:23.947+0500] {logging_mixin.py:188} INFO - [2024-03-16T11:52:23.946+0500] {dag.py:3047} INFO - Sync 1 DAGs
[2024-03-16T11:52:23.966+0500] {logging_mixin.py:188} INFO - [2024-03-16T11:52:23.965+0500] {dag.py:3834} INFO - Setting next_dagrun for example_setup_teardown_taskflow to 2024-03-15 00:00:00+00:00, run_after=2024-03-16 00:00:00+00:00
[2024-03-16T11:52:24.082+0500] {processor.py:183} INFO - Processing /home/muhammadsami/Public/Projects/Airflow/DataPipelineswithApacheAirflow/.env/lib/python3.8/site-packages/airflow/example_dags/example_setup_teardown_taskflow.py took 0.163 seconds
[2024-03-16T11:53:17.110+0500] {processor.py:161} INFO - Started process (PID=21532) to work on /home/muhammadsami/Public/Projects/Airflow/DataPipelineswithApacheAirflow/.env/lib/python3.8/site-packages/airflow/example_dags/example_setup_teardown_taskflow.py
[2024-03-16T11:53:17.112+0500] {processor.py:830} INFO - Processing file /home/muhammadsami/Public/Projects/Airflow/DataPipelineswithApacheAirflow/.env/lib/python3.8/site-packages/airflow/example_dags/example_setup_teardown_taskflow.py for tasks to queue
[2024-03-16T11:53:17.113+0500] {logging_mixin.py:188} INFO - [2024-03-16T11:53:17.112+0500] {dagbag.py:540} INFO - Filling up the DagBag from /home/muhammadsami/Public/Projects/Airflow/DataPipelineswithApacheAirflow/.env/lib/python3.8/site-packages/airflow/example_dags/example_setup_teardown_taskflow.py
[2024-03-16T11:53:17.122+0500] {processor.py:840} INFO - DAG(s) 'example_setup_teardown_taskflow' retrieved from /home/muhammadsami/Public/Projects/Airflow/DataPipelineswithApacheAirflow/.env/lib/python3.8/site-packages/airflow/example_dags/example_setup_teardown_taskflow.py
[2024-03-16T11:53:17.139+0500] {logging_mixin.py:188} INFO - [2024-03-16T11:53:17.139+0500] {dag.py:3047} INFO - Sync 1 DAGs
[2024-03-16T11:53:17.156+0500] {logging_mixin.py:188} INFO - [2024-03-16T11:53:17.155+0500] {dag.py:3834} INFO - Setting next_dagrun for example_setup_teardown_taskflow to 2024-03-15 00:00:00+00:00, run_after=2024-03-16 00:00:00+00:00
[2024-03-16T11:53:17.255+0500] {processor.py:183} INFO - Processing /home/muhammadsami/Public/Projects/Airflow/DataPipelineswithApacheAirflow/.env/lib/python3.8/site-packages/airflow/example_dags/example_setup_teardown_taskflow.py took 0.147 seconds
[2024-03-16T11:54:08.348+0500] {processor.py:161} INFO - Started process (PID=21653) to work on /home/muhammadsami/Public/Projects/Airflow/DataPipelineswithApacheAirflow/.env/lib/python3.8/site-packages/airflow/example_dags/example_setup_teardown_taskflow.py
[2024-03-16T11:54:08.350+0500] {processor.py:830} INFO - Processing file /home/muhammadsami/Public/Projects/Airflow/DataPipelineswithApacheAirflow/.env/lib/python3.8/site-packages/airflow/example_dags/example_setup_teardown_taskflow.py for tasks to queue
[2024-03-16T11:54:08.351+0500] {logging_mixin.py:188} INFO - [2024-03-16T11:54:08.350+0500] {dagbag.py:540} INFO - Filling up the DagBag from /home/muhammadsami/Public/Projects/Airflow/DataPipelineswithApacheAirflow/.env/lib/python3.8/site-packages/airflow/example_dags/example_setup_teardown_taskflow.py
[2024-03-16T11:54:08.359+0500] {processor.py:840} INFO - DAG(s) 'example_setup_teardown_taskflow' retrieved from /home/muhammadsami/Public/Projects/Airflow/DataPipelineswithApacheAirflow/.env/lib/python3.8/site-packages/airflow/example_dags/example_setup_teardown_taskflow.py
[2024-03-16T11:54:08.375+0500] {logging_mixin.py:188} INFO - [2024-03-16T11:54:08.375+0500] {dag.py:3047} INFO - Sync 1 DAGs
[2024-03-16T11:54:08.393+0500] {logging_mixin.py:188} INFO - [2024-03-16T11:54:08.393+0500] {dag.py:3834} INFO - Setting next_dagrun for example_setup_teardown_taskflow to 2024-03-15 00:00:00+00:00, run_after=2024-03-16 00:00:00+00:00
[2024-03-16T11:54:08.486+0500] {processor.py:183} INFO - Processing /home/muhammadsami/Public/Projects/Airflow/DataPipelineswithApacheAirflow/.env/lib/python3.8/site-packages/airflow/example_dags/example_setup_teardown_taskflow.py took 0.140 seconds
[2024-03-16T11:54:57.084+0500] {processor.py:161} INFO - Started process (PID=21807) to work on /home/muhammadsami/Public/Projects/Airflow/DataPipelineswithApacheAirflow/.env/lib/python3.8/site-packages/airflow/example_dags/example_setup_teardown_taskflow.py
[2024-03-16T11:54:57.139+0500] {processor.py:830} INFO - Processing file /home/muhammadsami/Public/Projects/Airflow/DataPipelineswithApacheAirflow/.env/lib/python3.8/site-packages/airflow/example_dags/example_setup_teardown_taskflow.py for tasks to queue
[2024-03-16T11:54:57.140+0500] {logging_mixin.py:188} INFO - [2024-03-16T11:54:57.139+0500] {dagbag.py:540} INFO - Filling up the DagBag from /home/muhammadsami/Public/Projects/Airflow/DataPipelineswithApacheAirflow/.env/lib/python3.8/site-packages/airflow/example_dags/example_setup_teardown_taskflow.py
[2024-03-16T11:54:57.150+0500] {processor.py:840} INFO - DAG(s) 'example_setup_teardown_taskflow' retrieved from /home/muhammadsami/Public/Projects/Airflow/DataPipelineswithApacheAirflow/.env/lib/python3.8/site-packages/airflow/example_dags/example_setup_teardown_taskflow.py
[2024-03-16T11:54:57.166+0500] {logging_mixin.py:188} INFO - [2024-03-16T11:54:57.166+0500] {dag.py:3047} INFO - Sync 1 DAGs
[2024-03-16T11:54:57.186+0500] {logging_mixin.py:188} INFO - [2024-03-16T11:54:57.186+0500] {dag.py:3834} INFO - Setting next_dagrun for example_setup_teardown_taskflow to 2024-03-15 00:00:00+00:00, run_after=2024-03-16 00:00:00+00:00
[2024-03-16T11:54:57.339+0500] {processor.py:183} INFO - Processing /home/muhammadsami/Public/Projects/Airflow/DataPipelineswithApacheAirflow/.env/lib/python3.8/site-packages/airflow/example_dags/example_setup_teardown_taskflow.py took 0.258 seconds
[2024-03-16T11:55:48.688+0500] {processor.py:161} INFO - Started process (PID=21908) to work on /home/muhammadsami/Public/Projects/Airflow/DataPipelineswithApacheAirflow/.env/lib/python3.8/site-packages/airflow/example_dags/example_setup_teardown_taskflow.py
[2024-03-16T11:55:48.689+0500] {processor.py:830} INFO - Processing file /home/muhammadsami/Public/Projects/Airflow/DataPipelineswithApacheAirflow/.env/lib/python3.8/site-packages/airflow/example_dags/example_setup_teardown_taskflow.py for tasks to queue
[2024-03-16T11:55:48.690+0500] {logging_mixin.py:188} INFO - [2024-03-16T11:55:48.690+0500] {dagbag.py:540} INFO - Filling up the DagBag from /home/muhammadsami/Public/Projects/Airflow/DataPipelineswithApacheAirflow/.env/lib/python3.8/site-packages/airflow/example_dags/example_setup_teardown_taskflow.py
[2024-03-16T11:55:48.700+0500] {processor.py:840} INFO - DAG(s) 'example_setup_teardown_taskflow' retrieved from /home/muhammadsami/Public/Projects/Airflow/DataPipelineswithApacheAirflow/.env/lib/python3.8/site-packages/airflow/example_dags/example_setup_teardown_taskflow.py
[2024-03-16T11:55:48.716+0500] {logging_mixin.py:188} INFO - [2024-03-16T11:55:48.715+0500] {dag.py:3047} INFO - Sync 1 DAGs
[2024-03-16T11:55:48.736+0500] {logging_mixin.py:188} INFO - [2024-03-16T11:55:48.735+0500] {dag.py:3834} INFO - Setting next_dagrun for example_setup_teardown_taskflow to 2024-03-15 00:00:00+00:00, run_after=2024-03-16 00:00:00+00:00
[2024-03-16T11:55:48.860+0500] {processor.py:183} INFO - Processing /home/muhammadsami/Public/Projects/Airflow/DataPipelineswithApacheAirflow/.env/lib/python3.8/site-packages/airflow/example_dags/example_setup_teardown_taskflow.py took 0.174 seconds
[2024-03-16T11:56:39.479+0500] {processor.py:161} INFO - Started process (PID=21958) to work on /home/muhammadsami/Public/Projects/Airflow/DataPipelineswithApacheAirflow/.env/lib/python3.8/site-packages/airflow/example_dags/example_setup_teardown_taskflow.py
[2024-03-16T11:56:39.481+0500] {processor.py:830} INFO - Processing file /home/muhammadsami/Public/Projects/Airflow/DataPipelineswithApacheAirflow/.env/lib/python3.8/site-packages/airflow/example_dags/example_setup_teardown_taskflow.py for tasks to queue
[2024-03-16T11:56:39.482+0500] {logging_mixin.py:188} INFO - [2024-03-16T11:56:39.481+0500] {dagbag.py:540} INFO - Filling up the DagBag from /home/muhammadsami/Public/Projects/Airflow/DataPipelineswithApacheAirflow/.env/lib/python3.8/site-packages/airflow/example_dags/example_setup_teardown_taskflow.py
[2024-03-16T11:56:39.490+0500] {processor.py:840} INFO - DAG(s) 'example_setup_teardown_taskflow' retrieved from /home/muhammadsami/Public/Projects/Airflow/DataPipelineswithApacheAirflow/.env/lib/python3.8/site-packages/airflow/example_dags/example_setup_teardown_taskflow.py
[2024-03-16T11:56:39.507+0500] {logging_mixin.py:188} INFO - [2024-03-16T11:56:39.507+0500] {dag.py:3047} INFO - Sync 1 DAGs
[2024-03-16T11:56:39.527+0500] {logging_mixin.py:188} INFO - [2024-03-16T11:56:39.526+0500] {dag.py:3834} INFO - Setting next_dagrun for example_setup_teardown_taskflow to 2024-03-15 00:00:00+00:00, run_after=2024-03-16 00:00:00+00:00
[2024-03-16T11:56:39.667+0500] {processor.py:183} INFO - Processing /home/muhammadsami/Public/Projects/Airflow/DataPipelineswithApacheAirflow/.env/lib/python3.8/site-packages/airflow/example_dags/example_setup_teardown_taskflow.py took 0.190 seconds
[2024-03-16T11:57:31.735+0500] {processor.py:161} INFO - Started process (PID=22011) to work on /home/muhammadsami/Public/Projects/Airflow/DataPipelineswithApacheAirflow/.env/lib/python3.8/site-packages/airflow/example_dags/example_setup_teardown_taskflow.py
[2024-03-16T11:57:31.737+0500] {processor.py:830} INFO - Processing file /home/muhammadsami/Public/Projects/Airflow/DataPipelineswithApacheAirflow/.env/lib/python3.8/site-packages/airflow/example_dags/example_setup_teardown_taskflow.py for tasks to queue
[2024-03-16T11:57:31.738+0500] {logging_mixin.py:188} INFO - [2024-03-16T11:57:31.737+0500] {dagbag.py:540} INFO - Filling up the DagBag from /home/muhammadsami/Public/Projects/Airflow/DataPipelineswithApacheAirflow/.env/lib/python3.8/site-packages/airflow/example_dags/example_setup_teardown_taskflow.py
[2024-03-16T11:57:31.750+0500] {processor.py:840} INFO - DAG(s) 'example_setup_teardown_taskflow' retrieved from /home/muhammadsami/Public/Projects/Airflow/DataPipelineswithApacheAirflow/.env/lib/python3.8/site-packages/airflow/example_dags/example_setup_teardown_taskflow.py
[2024-03-16T11:57:31.765+0500] {logging_mixin.py:188} INFO - [2024-03-16T11:57:31.765+0500] {dag.py:3047} INFO - Sync 1 DAGs
[2024-03-16T11:57:31.783+0500] {logging_mixin.py:188} INFO - [2024-03-16T11:57:31.783+0500] {dag.py:3834} INFO - Setting next_dagrun for example_setup_teardown_taskflow to 2024-03-15 00:00:00+00:00, run_after=2024-03-16 00:00:00+00:00
[2024-03-16T11:57:31.877+0500] {processor.py:183} INFO - Processing /home/muhammadsami/Public/Projects/Airflow/DataPipelineswithApacheAirflow/.env/lib/python3.8/site-packages/airflow/example_dags/example_setup_teardown_taskflow.py took 0.144 seconds
[2024-03-16T11:58:23.845+0500] {processor.py:161} INFO - Started process (PID=22100) to work on /home/muhammadsami/Public/Projects/Airflow/DataPipelineswithApacheAirflow/.env/lib/python3.8/site-packages/airflow/example_dags/example_setup_teardown_taskflow.py
[2024-03-16T11:58:23.858+0500] {processor.py:830} INFO - Processing file /home/muhammadsami/Public/Projects/Airflow/DataPipelineswithApacheAirflow/.env/lib/python3.8/site-packages/airflow/example_dags/example_setup_teardown_taskflow.py for tasks to queue
[2024-03-16T11:58:23.859+0500] {logging_mixin.py:188} INFO - [2024-03-16T11:58:23.858+0500] {dagbag.py:540} INFO - Filling up the DagBag from /home/muhammadsami/Public/Projects/Airflow/DataPipelineswithApacheAirflow/.env/lib/python3.8/site-packages/airflow/example_dags/example_setup_teardown_taskflow.py
[2024-03-16T11:58:23.867+0500] {processor.py:840} INFO - DAG(s) 'example_setup_teardown_taskflow' retrieved from /home/muhammadsami/Public/Projects/Airflow/DataPipelineswithApacheAirflow/.env/lib/python3.8/site-packages/airflow/example_dags/example_setup_teardown_taskflow.py
[2024-03-16T11:58:23.881+0500] {logging_mixin.py:188} INFO - [2024-03-16T11:58:23.881+0500] {dag.py:3047} INFO - Sync 1 DAGs
[2024-03-16T11:58:23.898+0500] {logging_mixin.py:188} INFO - [2024-03-16T11:58:23.898+0500] {dag.py:3834} INFO - Setting next_dagrun for example_setup_teardown_taskflow to 2024-03-15 00:00:00+00:00, run_after=2024-03-16 00:00:00+00:00
[2024-03-16T11:58:23.988+0500] {processor.py:183} INFO - Processing /home/muhammadsami/Public/Projects/Airflow/DataPipelineswithApacheAirflow/.env/lib/python3.8/site-packages/airflow/example_dags/example_setup_teardown_taskflow.py took 0.146 seconds
[2024-03-16T11:59:11.089+0500] {processor.py:161} INFO - Started process (PID=22171) to work on /home/muhammadsami/Public/Projects/Airflow/DataPipelineswithApacheAirflow/.env/lib/python3.8/site-packages/airflow/example_dags/example_setup_teardown_taskflow.py
[2024-03-16T11:59:11.100+0500] {processor.py:830} INFO - Processing file /home/muhammadsami/Public/Projects/Airflow/DataPipelineswithApacheAirflow/.env/lib/python3.8/site-packages/airflow/example_dags/example_setup_teardown_taskflow.py for tasks to queue
[2024-03-16T11:59:11.101+0500] {logging_mixin.py:188} INFO - [2024-03-16T11:59:11.101+0500] {dagbag.py:540} INFO - Filling up the DagBag from /home/muhammadsami/Public/Projects/Airflow/DataPipelineswithApacheAirflow/.env/lib/python3.8/site-packages/airflow/example_dags/example_setup_teardown_taskflow.py
[2024-03-16T11:59:11.109+0500] {processor.py:840} INFO - DAG(s) 'example_setup_teardown_taskflow' retrieved from /home/muhammadsami/Public/Projects/Airflow/DataPipelineswithApacheAirflow/.env/lib/python3.8/site-packages/airflow/example_dags/example_setup_teardown_taskflow.py
[2024-03-16T11:59:11.123+0500] {logging_mixin.py:188} INFO - [2024-03-16T11:59:11.123+0500] {dag.py:3047} INFO - Sync 1 DAGs
[2024-03-16T11:59:11.141+0500] {logging_mixin.py:188} INFO - [2024-03-16T11:59:11.141+0500] {dag.py:3834} INFO - Setting next_dagrun for example_setup_teardown_taskflow to 2024-03-15 00:00:00+00:00, run_after=2024-03-16 00:00:00+00:00
[2024-03-16T11:59:11.230+0500] {processor.py:183} INFO - Processing /home/muhammadsami/Public/Projects/Airflow/DataPipelineswithApacheAirflow/.env/lib/python3.8/site-packages/airflow/example_dags/example_setup_teardown_taskflow.py took 0.143 seconds
[2024-03-16T12:00:02.747+0500] {processor.py:161} INFO - Started process (PID=22306) to work on /home/muhammadsami/Public/Projects/Airflow/DataPipelineswithApacheAirflow/.env/lib/python3.8/site-packages/airflow/example_dags/example_setup_teardown_taskflow.py
[2024-03-16T12:00:02.749+0500] {processor.py:830} INFO - Processing file /home/muhammadsami/Public/Projects/Airflow/DataPipelineswithApacheAirflow/.env/lib/python3.8/site-packages/airflow/example_dags/example_setup_teardown_taskflow.py for tasks to queue
[2024-03-16T12:00:02.750+0500] {logging_mixin.py:188} INFO - [2024-03-16T12:00:02.749+0500] {dagbag.py:540} INFO - Filling up the DagBag from /home/muhammadsami/Public/Projects/Airflow/DataPipelineswithApacheAirflow/.env/lib/python3.8/site-packages/airflow/example_dags/example_setup_teardown_taskflow.py
[2024-03-16T12:00:02.758+0500] {processor.py:840} INFO - DAG(s) 'example_setup_teardown_taskflow' retrieved from /home/muhammadsami/Public/Projects/Airflow/DataPipelineswithApacheAirflow/.env/lib/python3.8/site-packages/airflow/example_dags/example_setup_teardown_taskflow.py
[2024-03-16T12:00:02.772+0500] {logging_mixin.py:188} INFO - [2024-03-16T12:00:02.772+0500] {dag.py:3047} INFO - Sync 1 DAGs
[2024-03-16T12:00:02.789+0500] {logging_mixin.py:188} INFO - [2024-03-16T12:00:02.789+0500] {dag.py:3834} INFO - Setting next_dagrun for example_setup_teardown_taskflow to 2024-03-15 00:00:00+00:00, run_after=2024-03-16 00:00:00+00:00
[2024-03-16T12:00:03.596+0500] {processor.py:183} INFO - Processing /home/muhammadsami/Public/Projects/Airflow/DataPipelineswithApacheAirflow/.env/lib/python3.8/site-packages/airflow/example_dags/example_setup_teardown_taskflow.py took 0.852 seconds
[2024-03-16T12:00:57.623+0500] {processor.py:161} INFO - Started process (PID=22360) to work on /home/muhammadsami/Public/Projects/Airflow/DataPipelineswithApacheAirflow/.env/lib/python3.8/site-packages/airflow/example_dags/example_setup_teardown_taskflow.py
[2024-03-16T12:00:57.624+0500] {processor.py:830} INFO - Processing file /home/muhammadsami/Public/Projects/Airflow/DataPipelineswithApacheAirflow/.env/lib/python3.8/site-packages/airflow/example_dags/example_setup_teardown_taskflow.py for tasks to queue
[2024-03-16T12:00:57.625+0500] {logging_mixin.py:188} INFO - [2024-03-16T12:00:57.625+0500] {dagbag.py:540} INFO - Filling up the DagBag from /home/muhammadsami/Public/Projects/Airflow/DataPipelineswithApacheAirflow/.env/lib/python3.8/site-packages/airflow/example_dags/example_setup_teardown_taskflow.py
[2024-03-16T12:00:57.634+0500] {processor.py:840} INFO - DAG(s) 'example_setup_teardown_taskflow' retrieved from /home/muhammadsami/Public/Projects/Airflow/DataPipelineswithApacheAirflow/.env/lib/python3.8/site-packages/airflow/example_dags/example_setup_teardown_taskflow.py
[2024-03-16T12:00:57.647+0500] {logging_mixin.py:188} INFO - [2024-03-16T12:00:57.647+0500] {dag.py:3047} INFO - Sync 1 DAGs
[2024-03-16T12:00:57.664+0500] {logging_mixin.py:188} INFO - [2024-03-16T12:00:57.664+0500] {dag.py:3834} INFO - Setting next_dagrun for example_setup_teardown_taskflow to 2024-03-15 00:00:00+00:00, run_after=2024-03-16 00:00:00+00:00
[2024-03-16T12:00:57.777+0500] {processor.py:183} INFO - Processing /home/muhammadsami/Public/Projects/Airflow/DataPipelineswithApacheAirflow/.env/lib/python3.8/site-packages/airflow/example_dags/example_setup_teardown_taskflow.py took 0.157 seconds
