[2024-03-16T11:22:43.296+0500] {processor.py:161} INFO - Started process (PID=18141) to work on /home/muhammadsami/Public/Projects/Airflow/DataPipelineswithApacheAirflow/.env/lib/python3.8/site-packages/airflow/example_dags/example_short_circuit_operator.py
[2024-03-16T11:22:43.297+0500] {processor.py:830} INFO - Processing file /home/muhammadsami/Public/Projects/Airflow/DataPipelineswithApacheAirflow/.env/lib/python3.8/site-packages/airflow/example_dags/example_short_circuit_operator.py for tasks to queue
[2024-03-16T11:22:43.298+0500] {logging_mixin.py:188} INFO - [2024-03-16T11:22:43.298+0500] {dagbag.py:540} INFO - Filling up the DagBag from /home/muhammadsami/Public/Projects/Airflow/DataPipelineswithApacheAirflow/.env/lib/python3.8/site-packages/airflow/example_dags/example_short_circuit_operator.py
[2024-03-16T11:22:43.305+0500] {processor.py:840} INFO - DAG(s) 'example_short_circuit_operator' retrieved from /home/muhammadsami/Public/Projects/Airflow/DataPipelineswithApacheAirflow/.env/lib/python3.8/site-packages/airflow/example_dags/example_short_circuit_operator.py
[2024-03-16T11:22:43.629+0500] {logging_mixin.py:188} INFO - [2024-03-16T11:22:43.628+0500] {override.py:1769} INFO - Created Permission View: can edit on DAG:example_short_circuit_operator
[2024-03-16T11:22:43.719+0500] {logging_mixin.py:188} INFO - [2024-03-16T11:22:43.719+0500] {override.py:1769} INFO - Created Permission View: can delete on DAG:example_short_circuit_operator
[2024-03-16T11:22:43.818+0500] {logging_mixin.py:188} INFO - [2024-03-16T11:22:43.818+0500] {override.py:1769} INFO - Created Permission View: can read on DAG:example_short_circuit_operator
[2024-03-16T11:22:43.818+0500] {logging_mixin.py:188} INFO - [2024-03-16T11:22:43.818+0500] {dag.py:3047} INFO - Sync 1 DAGs
[2024-03-16T11:22:43.912+0500] {logging_mixin.py:188} INFO - [2024-03-16T11:22:43.912+0500] {dag.py:3069} INFO - Creating ORM DAG for example_short_circuit_operator
[2024-03-16T11:22:43.920+0500] {logging_mixin.py:188} INFO - [2024-03-16T11:22:43.919+0500] {dag.py:3834} INFO - Setting next_dagrun for example_short_circuit_operator to 2024-03-15 00:00:00+00:00, run_after=2024-03-16 00:00:00+00:00
[2024-03-16T11:22:44.080+0500] {processor.py:183} INFO - Processing /home/muhammadsami/Public/Projects/Airflow/DataPipelineswithApacheAirflow/.env/lib/python3.8/site-packages/airflow/example_dags/example_short_circuit_operator.py took 0.787 seconds
[2024-03-16T11:24:05.396+0500] {processor.py:161} INFO - Started process (PID=18457) to work on /home/muhammadsami/Public/Projects/Airflow/DataPipelineswithApacheAirflow/.env/lib/python3.8/site-packages/airflow/example_dags/example_short_circuit_operator.py
[2024-03-16T11:24:05.398+0500] {processor.py:830} INFO - Processing file /home/muhammadsami/Public/Projects/Airflow/DataPipelineswithApacheAirflow/.env/lib/python3.8/site-packages/airflow/example_dags/example_short_circuit_operator.py for tasks to queue
[2024-03-16T11:24:05.399+0500] {logging_mixin.py:188} INFO - [2024-03-16T11:24:05.399+0500] {dagbag.py:540} INFO - Filling up the DagBag from /home/muhammadsami/Public/Projects/Airflow/DataPipelineswithApacheAirflow/.env/lib/python3.8/site-packages/airflow/example_dags/example_short_circuit_operator.py
[2024-03-16T11:24:05.406+0500] {processor.py:840} INFO - DAG(s) 'example_short_circuit_operator' retrieved from /home/muhammadsami/Public/Projects/Airflow/DataPipelineswithApacheAirflow/.env/lib/python3.8/site-packages/airflow/example_dags/example_short_circuit_operator.py
[2024-03-16T11:24:05.420+0500] {logging_mixin.py:188} INFO - [2024-03-16T11:24:05.420+0500] {dag.py:3047} INFO - Sync 1 DAGs
[2024-03-16T11:24:05.437+0500] {logging_mixin.py:188} INFO - [2024-03-16T11:24:05.437+0500] {dag.py:3834} INFO - Setting next_dagrun for example_short_circuit_operator to 2024-03-15 00:00:00+00:00, run_after=2024-03-16 00:00:00+00:00
[2024-03-16T11:24:05.618+0500] {processor.py:183} INFO - Processing /home/muhammadsami/Public/Projects/Airflow/DataPipelineswithApacheAirflow/.env/lib/python3.8/site-packages/airflow/example_dags/example_short_circuit_operator.py took 0.225 seconds
[2024-03-16T11:25:01.259+0500] {processor.py:161} INFO - Started process (PID=18593) to work on /home/muhammadsami/Public/Projects/Airflow/DataPipelineswithApacheAirflow/.env/lib/python3.8/site-packages/airflow/example_dags/example_short_circuit_operator.py
[2024-03-16T11:25:01.292+0500] {processor.py:830} INFO - Processing file /home/muhammadsami/Public/Projects/Airflow/DataPipelineswithApacheAirflow/.env/lib/python3.8/site-packages/airflow/example_dags/example_short_circuit_operator.py for tasks to queue
[2024-03-16T11:25:01.298+0500] {logging_mixin.py:188} INFO - [2024-03-16T11:25:01.293+0500] {dagbag.py:540} INFO - Filling up the DagBag from /home/muhammadsami/Public/Projects/Airflow/DataPipelineswithApacheAirflow/.env/lib/python3.8/site-packages/airflow/example_dags/example_short_circuit_operator.py
[2024-03-16T11:25:01.319+0500] {processor.py:840} INFO - DAG(s) 'example_short_circuit_operator' retrieved from /home/muhammadsami/Public/Projects/Airflow/DataPipelineswithApacheAirflow/.env/lib/python3.8/site-packages/airflow/example_dags/example_short_circuit_operator.py
[2024-03-16T11:25:01.372+0500] {logging_mixin.py:188} INFO - [2024-03-16T11:25:01.371+0500] {dag.py:3047} INFO - Sync 1 DAGs
[2024-03-16T11:25:01.447+0500] {logging_mixin.py:188} INFO - [2024-03-16T11:25:01.447+0500] {dag.py:3834} INFO - Setting next_dagrun for example_short_circuit_operator to 2024-03-15 00:00:00+00:00, run_after=2024-03-16 00:00:00+00:00
[2024-03-16T11:25:01.714+0500] {processor.py:183} INFO - Processing /home/muhammadsami/Public/Projects/Airflow/DataPipelineswithApacheAirflow/.env/lib/python3.8/site-packages/airflow/example_dags/example_short_circuit_operator.py took 0.459 seconds
[2024-03-16T11:25:53.495+0500] {processor.py:161} INFO - Started process (PID=18654) to work on /home/muhammadsami/Public/Projects/Airflow/DataPipelineswithApacheAirflow/.env/lib/python3.8/site-packages/airflow/example_dags/example_short_circuit_operator.py
[2024-03-16T11:25:53.505+0500] {processor.py:830} INFO - Processing file /home/muhammadsami/Public/Projects/Airflow/DataPipelineswithApacheAirflow/.env/lib/python3.8/site-packages/airflow/example_dags/example_short_circuit_operator.py for tasks to queue
[2024-03-16T11:25:53.506+0500] {logging_mixin.py:188} INFO - [2024-03-16T11:25:53.505+0500] {dagbag.py:540} INFO - Filling up the DagBag from /home/muhammadsami/Public/Projects/Airflow/DataPipelineswithApacheAirflow/.env/lib/python3.8/site-packages/airflow/example_dags/example_short_circuit_operator.py
[2024-03-16T11:25:53.513+0500] {processor.py:840} INFO - DAG(s) 'example_short_circuit_operator' retrieved from /home/muhammadsami/Public/Projects/Airflow/DataPipelineswithApacheAirflow/.env/lib/python3.8/site-packages/airflow/example_dags/example_short_circuit_operator.py
[2024-03-16T11:25:53.528+0500] {logging_mixin.py:188} INFO - [2024-03-16T11:25:53.528+0500] {dag.py:3047} INFO - Sync 1 DAGs
[2024-03-16T11:25:53.545+0500] {logging_mixin.py:188} INFO - [2024-03-16T11:25:53.545+0500] {dag.py:3834} INFO - Setting next_dagrun for example_short_circuit_operator to 2024-03-15 00:00:00+00:00, run_after=2024-03-16 00:00:00+00:00
[2024-03-16T11:25:53.649+0500] {processor.py:183} INFO - Processing /home/muhammadsami/Public/Projects/Airflow/DataPipelineswithApacheAirflow/.env/lib/python3.8/site-packages/airflow/example_dags/example_short_circuit_operator.py took 0.156 seconds
[2024-03-16T11:26:44.335+0500] {processor.py:161} INFO - Started process (PID=18736) to work on /home/muhammadsami/Public/Projects/Airflow/DataPipelineswithApacheAirflow/.env/lib/python3.8/site-packages/airflow/example_dags/example_short_circuit_operator.py
[2024-03-16T11:26:44.336+0500] {processor.py:830} INFO - Processing file /home/muhammadsami/Public/Projects/Airflow/DataPipelineswithApacheAirflow/.env/lib/python3.8/site-packages/airflow/example_dags/example_short_circuit_operator.py for tasks to queue
[2024-03-16T11:26:44.337+0500] {logging_mixin.py:188} INFO - [2024-03-16T11:26:44.336+0500] {dagbag.py:540} INFO - Filling up the DagBag from /home/muhammadsami/Public/Projects/Airflow/DataPipelineswithApacheAirflow/.env/lib/python3.8/site-packages/airflow/example_dags/example_short_circuit_operator.py
[2024-03-16T11:26:44.345+0500] {processor.py:840} INFO - DAG(s) 'example_short_circuit_operator' retrieved from /home/muhammadsami/Public/Projects/Airflow/DataPipelineswithApacheAirflow/.env/lib/python3.8/site-packages/airflow/example_dags/example_short_circuit_operator.py
[2024-03-16T11:26:44.360+0500] {logging_mixin.py:188} INFO - [2024-03-16T11:26:44.360+0500] {dag.py:3047} INFO - Sync 1 DAGs
[2024-03-16T11:26:44.378+0500] {logging_mixin.py:188} INFO - [2024-03-16T11:26:44.378+0500] {dag.py:3834} INFO - Setting next_dagrun for example_short_circuit_operator to 2024-03-15 00:00:00+00:00, run_after=2024-03-16 00:00:00+00:00
[2024-03-16T11:26:44.490+0500] {processor.py:183} INFO - Processing /home/muhammadsami/Public/Projects/Airflow/DataPipelineswithApacheAirflow/.env/lib/python3.8/site-packages/airflow/example_dags/example_short_circuit_operator.py took 0.158 seconds
[2024-03-16T11:27:33.799+0500] {processor.py:161} INFO - Started process (PID=18788) to work on /home/muhammadsami/Public/Projects/Airflow/DataPipelineswithApacheAirflow/.env/lib/python3.8/site-packages/airflow/example_dags/example_short_circuit_operator.py
[2024-03-16T11:27:33.800+0500] {processor.py:830} INFO - Processing file /home/muhammadsami/Public/Projects/Airflow/DataPipelineswithApacheAirflow/.env/lib/python3.8/site-packages/airflow/example_dags/example_short_circuit_operator.py for tasks to queue
[2024-03-16T11:27:33.801+0500] {logging_mixin.py:188} INFO - [2024-03-16T11:27:33.801+0500] {dagbag.py:540} INFO - Filling up the DagBag from /home/muhammadsami/Public/Projects/Airflow/DataPipelineswithApacheAirflow/.env/lib/python3.8/site-packages/airflow/example_dags/example_short_circuit_operator.py
[2024-03-16T11:27:33.809+0500] {processor.py:840} INFO - DAG(s) 'example_short_circuit_operator' retrieved from /home/muhammadsami/Public/Projects/Airflow/DataPipelineswithApacheAirflow/.env/lib/python3.8/site-packages/airflow/example_dags/example_short_circuit_operator.py
[2024-03-16T11:27:33.825+0500] {logging_mixin.py:188} INFO - [2024-03-16T11:27:33.824+0500] {dag.py:3047} INFO - Sync 1 DAGs
[2024-03-16T11:27:33.843+0500] {logging_mixin.py:188} INFO - [2024-03-16T11:27:33.843+0500] {dag.py:3834} INFO - Setting next_dagrun for example_short_circuit_operator to 2024-03-15 00:00:00+00:00, run_after=2024-03-16 00:00:00+00:00
[2024-03-16T11:27:33.940+0500] {processor.py:183} INFO - Processing /home/muhammadsami/Public/Projects/Airflow/DataPipelineswithApacheAirflow/.env/lib/python3.8/site-packages/airflow/example_dags/example_short_circuit_operator.py took 0.143 seconds
[2024-03-16T11:28:35.867+0500] {processor.py:161} INFO - Started process (PID=18848) to work on /home/muhammadsami/Public/Projects/Airflow/DataPipelineswithApacheAirflow/.env/lib/python3.8/site-packages/airflow/example_dags/example_short_circuit_operator.py
[2024-03-16T11:28:35.868+0500] {processor.py:830} INFO - Processing file /home/muhammadsami/Public/Projects/Airflow/DataPipelineswithApacheAirflow/.env/lib/python3.8/site-packages/airflow/example_dags/example_short_circuit_operator.py for tasks to queue
[2024-03-16T11:28:35.870+0500] {logging_mixin.py:188} INFO - [2024-03-16T11:28:35.869+0500] {dagbag.py:540} INFO - Filling up the DagBag from /home/muhammadsami/Public/Projects/Airflow/DataPipelineswithApacheAirflow/.env/lib/python3.8/site-packages/airflow/example_dags/example_short_circuit_operator.py
[2024-03-16T11:28:35.880+0500] {processor.py:840} INFO - DAG(s) 'example_short_circuit_operator' retrieved from /home/muhammadsami/Public/Projects/Airflow/DataPipelineswithApacheAirflow/.env/lib/python3.8/site-packages/airflow/example_dags/example_short_circuit_operator.py
[2024-03-16T11:28:35.897+0500] {logging_mixin.py:188} INFO - [2024-03-16T11:28:35.896+0500] {dag.py:3047} INFO - Sync 1 DAGs
[2024-03-16T11:28:35.914+0500] {logging_mixin.py:188} INFO - [2024-03-16T11:28:35.914+0500] {dag.py:3834} INFO - Setting next_dagrun for example_short_circuit_operator to 2024-03-15 00:00:00+00:00, run_after=2024-03-16 00:00:00+00:00
[2024-03-16T11:28:36.012+0500] {processor.py:183} INFO - Processing /home/muhammadsami/Public/Projects/Airflow/DataPipelineswithApacheAirflow/.env/lib/python3.8/site-packages/airflow/example_dags/example_short_circuit_operator.py took 0.149 seconds
[2024-03-16T11:29:26.812+0500] {processor.py:161} INFO - Started process (PID=18917) to work on /home/muhammadsami/Public/Projects/Airflow/DataPipelineswithApacheAirflow/.env/lib/python3.8/site-packages/airflow/example_dags/example_short_circuit_operator.py
[2024-03-16T11:29:26.813+0500] {processor.py:830} INFO - Processing file /home/muhammadsami/Public/Projects/Airflow/DataPipelineswithApacheAirflow/.env/lib/python3.8/site-packages/airflow/example_dags/example_short_circuit_operator.py for tasks to queue
[2024-03-16T11:29:26.814+0500] {logging_mixin.py:188} INFO - [2024-03-16T11:29:26.814+0500] {dagbag.py:540} INFO - Filling up the DagBag from /home/muhammadsami/Public/Projects/Airflow/DataPipelineswithApacheAirflow/.env/lib/python3.8/site-packages/airflow/example_dags/example_short_circuit_operator.py
[2024-03-16T11:29:26.822+0500] {processor.py:840} INFO - DAG(s) 'example_short_circuit_operator' retrieved from /home/muhammadsami/Public/Projects/Airflow/DataPipelineswithApacheAirflow/.env/lib/python3.8/site-packages/airflow/example_dags/example_short_circuit_operator.py
[2024-03-16T11:29:26.837+0500] {logging_mixin.py:188} INFO - [2024-03-16T11:29:26.837+0500] {dag.py:3047} INFO - Sync 1 DAGs
[2024-03-16T11:29:26.855+0500] {logging_mixin.py:188} INFO - [2024-03-16T11:29:26.855+0500] {dag.py:3834} INFO - Setting next_dagrun for example_short_circuit_operator to 2024-03-15 00:00:00+00:00, run_after=2024-03-16 00:00:00+00:00
[2024-03-16T11:29:26.962+0500] {processor.py:183} INFO - Processing /home/muhammadsami/Public/Projects/Airflow/DataPipelineswithApacheAirflow/.env/lib/python3.8/site-packages/airflow/example_dags/example_short_circuit_operator.py took 0.153 seconds
[2024-03-16T11:30:18.837+0500] {processor.py:161} INFO - Started process (PID=18977) to work on /home/muhammadsami/Public/Projects/Airflow/DataPipelineswithApacheAirflow/.env/lib/python3.8/site-packages/airflow/example_dags/example_short_circuit_operator.py
[2024-03-16T11:30:18.853+0500] {processor.py:830} INFO - Processing file /home/muhammadsami/Public/Projects/Airflow/DataPipelineswithApacheAirflow/.env/lib/python3.8/site-packages/airflow/example_dags/example_short_circuit_operator.py for tasks to queue
[2024-03-16T11:30:18.854+0500] {logging_mixin.py:188} INFO - [2024-03-16T11:30:18.854+0500] {dagbag.py:540} INFO - Filling up the DagBag from /home/muhammadsami/Public/Projects/Airflow/DataPipelineswithApacheAirflow/.env/lib/python3.8/site-packages/airflow/example_dags/example_short_circuit_operator.py
[2024-03-16T11:30:18.863+0500] {processor.py:840} INFO - DAG(s) 'example_short_circuit_operator' retrieved from /home/muhammadsami/Public/Projects/Airflow/DataPipelineswithApacheAirflow/.env/lib/python3.8/site-packages/airflow/example_dags/example_short_circuit_operator.py
[2024-03-16T11:30:18.883+0500] {logging_mixin.py:188} INFO - [2024-03-16T11:30:18.883+0500] {dag.py:3047} INFO - Sync 1 DAGs
[2024-03-16T11:30:18.902+0500] {logging_mixin.py:188} INFO - [2024-03-16T11:30:18.902+0500] {dag.py:3834} INFO - Setting next_dagrun for example_short_circuit_operator to 2024-03-15 00:00:00+00:00, run_after=2024-03-16 00:00:00+00:00
[2024-03-16T11:30:19.001+0500] {processor.py:183} INFO - Processing /home/muhammadsami/Public/Projects/Airflow/DataPipelineswithApacheAirflow/.env/lib/python3.8/site-packages/airflow/example_dags/example_short_circuit_operator.py took 0.168 seconds
[2024-03-16T11:38:55.938+0500] {processor.py:161} INFO - Started process (PID=19566) to work on /home/muhammadsami/Public/Projects/Airflow/DataPipelineswithApacheAirflow/.env/lib/python3.8/site-packages/airflow/example_dags/example_short_circuit_operator.py
[2024-03-16T11:38:55.944+0500] {processor.py:830} INFO - Processing file /home/muhammadsami/Public/Projects/Airflow/DataPipelineswithApacheAirflow/.env/lib/python3.8/site-packages/airflow/example_dags/example_short_circuit_operator.py for tasks to queue
[2024-03-16T11:38:55.945+0500] {logging_mixin.py:188} INFO - [2024-03-16T11:38:55.945+0500] {dagbag.py:540} INFO - Filling up the DagBag from /home/muhammadsami/Public/Projects/Airflow/DataPipelineswithApacheAirflow/.env/lib/python3.8/site-packages/airflow/example_dags/example_short_circuit_operator.py
[2024-03-16T11:38:55.952+0500] {processor.py:840} INFO - DAG(s) 'example_short_circuit_operator' retrieved from /home/muhammadsami/Public/Projects/Airflow/DataPipelineswithApacheAirflow/.env/lib/python3.8/site-packages/airflow/example_dags/example_short_circuit_operator.py
[2024-03-16T11:38:55.969+0500] {logging_mixin.py:188} INFO - [2024-03-16T11:38:55.969+0500] {dag.py:3047} INFO - Sync 1 DAGs
[2024-03-16T11:38:55.987+0500] {logging_mixin.py:188} INFO - [2024-03-16T11:38:55.987+0500] {dag.py:3834} INFO - Setting next_dagrun for example_short_circuit_operator to 2024-03-15 00:00:00+00:00, run_after=2024-03-16 00:00:00+00:00
[2024-03-16T11:38:56.086+0500] {processor.py:183} INFO - Processing /home/muhammadsami/Public/Projects/Airflow/DataPipelineswithApacheAirflow/.env/lib/python3.8/site-packages/airflow/example_dags/example_short_circuit_operator.py took 0.150 seconds
[2024-03-16T11:40:01.248+0500] {processor.py:161} INFO - Started process (PID=19895) to work on /home/muhammadsami/Public/Projects/Airflow/DataPipelineswithApacheAirflow/.env/lib/python3.8/site-packages/airflow/example_dags/example_short_circuit_operator.py
[2024-03-16T11:40:01.253+0500] {processor.py:830} INFO - Processing file /home/muhammadsami/Public/Projects/Airflow/DataPipelineswithApacheAirflow/.env/lib/python3.8/site-packages/airflow/example_dags/example_short_circuit_operator.py for tasks to queue
[2024-03-16T11:40:01.254+0500] {logging_mixin.py:188} INFO - [2024-03-16T11:40:01.253+0500] {dagbag.py:540} INFO - Filling up the DagBag from /home/muhammadsami/Public/Projects/Airflow/DataPipelineswithApacheAirflow/.env/lib/python3.8/site-packages/airflow/example_dags/example_short_circuit_operator.py
[2024-03-16T11:40:01.262+0500] {processor.py:840} INFO - DAG(s) 'example_short_circuit_operator' retrieved from /home/muhammadsami/Public/Projects/Airflow/DataPipelineswithApacheAirflow/.env/lib/python3.8/site-packages/airflow/example_dags/example_short_circuit_operator.py
[2024-03-16T11:40:01.281+0500] {logging_mixin.py:188} INFO - [2024-03-16T11:40:01.280+0500] {dag.py:3047} INFO - Sync 1 DAGs
[2024-03-16T11:40:01.297+0500] {logging_mixin.py:188} INFO - [2024-03-16T11:40:01.297+0500] {dag.py:3834} INFO - Setting next_dagrun for example_short_circuit_operator to 2024-03-15 00:00:00+00:00, run_after=2024-03-16 00:00:00+00:00
[2024-03-16T11:40:01.473+0500] {processor.py:183} INFO - Processing /home/muhammadsami/Public/Projects/Airflow/DataPipelineswithApacheAirflow/.env/lib/python3.8/site-packages/airflow/example_dags/example_short_circuit_operator.py took 0.228 seconds
[2024-03-16T11:41:13.703+0500] {processor.py:161} INFO - Started process (PID=20175) to work on /home/muhammadsami/Public/Projects/Airflow/DataPipelineswithApacheAirflow/.env/lib/python3.8/site-packages/airflow/example_dags/example_short_circuit_operator.py
[2024-03-16T11:41:13.704+0500] {processor.py:830} INFO - Processing file /home/muhammadsami/Public/Projects/Airflow/DataPipelineswithApacheAirflow/.env/lib/python3.8/site-packages/airflow/example_dags/example_short_circuit_operator.py for tasks to queue
[2024-03-16T11:41:13.705+0500] {logging_mixin.py:188} INFO - [2024-03-16T11:41:13.705+0500] {dagbag.py:540} INFO - Filling up the DagBag from /home/muhammadsami/Public/Projects/Airflow/DataPipelineswithApacheAirflow/.env/lib/python3.8/site-packages/airflow/example_dags/example_short_circuit_operator.py
[2024-03-16T11:41:13.713+0500] {processor.py:840} INFO - DAG(s) 'example_short_circuit_operator' retrieved from /home/muhammadsami/Public/Projects/Airflow/DataPipelineswithApacheAirflow/.env/lib/python3.8/site-packages/airflow/example_dags/example_short_circuit_operator.py
[2024-03-16T11:41:13.728+0500] {logging_mixin.py:188} INFO - [2024-03-16T11:41:13.728+0500] {dag.py:3047} INFO - Sync 1 DAGs
[2024-03-16T11:41:13.745+0500] {logging_mixin.py:188} INFO - [2024-03-16T11:41:13.745+0500] {dag.py:3834} INFO - Setting next_dagrun for example_short_circuit_operator to 2024-03-15 00:00:00+00:00, run_after=2024-03-16 00:00:00+00:00
[2024-03-16T11:41:13.853+0500] {processor.py:183} INFO - Processing /home/muhammadsami/Public/Projects/Airflow/DataPipelineswithApacheAirflow/.env/lib/python3.8/site-packages/airflow/example_dags/example_short_circuit_operator.py took 0.152 seconds
[2024-03-16T11:42:19.041+0500] {processor.py:161} INFO - Started process (PID=20247) to work on /home/muhammadsami/Public/Projects/Airflow/DataPipelineswithApacheAirflow/.env/lib/python3.8/site-packages/airflow/example_dags/example_short_circuit_operator.py
[2024-03-16T11:42:19.042+0500] {processor.py:830} INFO - Processing file /home/muhammadsami/Public/Projects/Airflow/DataPipelineswithApacheAirflow/.env/lib/python3.8/site-packages/airflow/example_dags/example_short_circuit_operator.py for tasks to queue
[2024-03-16T11:42:19.043+0500] {logging_mixin.py:188} INFO - [2024-03-16T11:42:19.043+0500] {dagbag.py:540} INFO - Filling up the DagBag from /home/muhammadsami/Public/Projects/Airflow/DataPipelineswithApacheAirflow/.env/lib/python3.8/site-packages/airflow/example_dags/example_short_circuit_operator.py
[2024-03-16T11:42:19.050+0500] {processor.py:840} INFO - DAG(s) 'example_short_circuit_operator' retrieved from /home/muhammadsami/Public/Projects/Airflow/DataPipelineswithApacheAirflow/.env/lib/python3.8/site-packages/airflow/example_dags/example_short_circuit_operator.py
[2024-03-16T11:42:19.065+0500] {logging_mixin.py:188} INFO - [2024-03-16T11:42:19.065+0500] {dag.py:3047} INFO - Sync 1 DAGs
[2024-03-16T11:42:19.084+0500] {logging_mixin.py:188} INFO - [2024-03-16T11:42:19.083+0500] {dag.py:3834} INFO - Setting next_dagrun for example_short_circuit_operator to 2024-03-15 00:00:00+00:00, run_after=2024-03-16 00:00:00+00:00
[2024-03-16T11:42:19.191+0500] {processor.py:183} INFO - Processing /home/muhammadsami/Public/Projects/Airflow/DataPipelineswithApacheAirflow/.env/lib/python3.8/site-packages/airflow/example_dags/example_short_circuit_operator.py took 0.154 seconds
[2024-03-16T11:43:13.780+0500] {processor.py:161} INFO - Started process (PID=20307) to work on /home/muhammadsami/Public/Projects/Airflow/DataPipelineswithApacheAirflow/.env/lib/python3.8/site-packages/airflow/example_dags/example_short_circuit_operator.py
[2024-03-16T11:43:13.781+0500] {processor.py:830} INFO - Processing file /home/muhammadsami/Public/Projects/Airflow/DataPipelineswithApacheAirflow/.env/lib/python3.8/site-packages/airflow/example_dags/example_short_circuit_operator.py for tasks to queue
[2024-03-16T11:43:13.782+0500] {logging_mixin.py:188} INFO - [2024-03-16T11:43:13.782+0500] {dagbag.py:540} INFO - Filling up the DagBag from /home/muhammadsami/Public/Projects/Airflow/DataPipelineswithApacheAirflow/.env/lib/python3.8/site-packages/airflow/example_dags/example_short_circuit_operator.py
[2024-03-16T11:43:13.790+0500] {processor.py:840} INFO - DAG(s) 'example_short_circuit_operator' retrieved from /home/muhammadsami/Public/Projects/Airflow/DataPipelineswithApacheAirflow/.env/lib/python3.8/site-packages/airflow/example_dags/example_short_circuit_operator.py
[2024-03-16T11:43:13.808+0500] {logging_mixin.py:188} INFO - [2024-03-16T11:43:13.808+0500] {dag.py:3047} INFO - Sync 1 DAGs
[2024-03-16T11:43:13.826+0500] {logging_mixin.py:188} INFO - [2024-03-16T11:43:13.826+0500] {dag.py:3834} INFO - Setting next_dagrun for example_short_circuit_operator to 2024-03-15 00:00:00+00:00, run_after=2024-03-16 00:00:00+00:00
[2024-03-16T11:43:13.930+0500] {processor.py:183} INFO - Processing /home/muhammadsami/Public/Projects/Airflow/DataPipelineswithApacheAirflow/.env/lib/python3.8/site-packages/airflow/example_dags/example_short_circuit_operator.py took 0.153 seconds
[2024-03-16T11:44:06.279+0500] {processor.py:161} INFO - Started process (PID=20384) to work on /home/muhammadsami/Public/Projects/Airflow/DataPipelineswithApacheAirflow/.env/lib/python3.8/site-packages/airflow/example_dags/example_short_circuit_operator.py
[2024-03-16T11:44:06.290+0500] {processor.py:830} INFO - Processing file /home/muhammadsami/Public/Projects/Airflow/DataPipelineswithApacheAirflow/.env/lib/python3.8/site-packages/airflow/example_dags/example_short_circuit_operator.py for tasks to queue
[2024-03-16T11:44:06.291+0500] {logging_mixin.py:188} INFO - [2024-03-16T11:44:06.290+0500] {dagbag.py:540} INFO - Filling up the DagBag from /home/muhammadsami/Public/Projects/Airflow/DataPipelineswithApacheAirflow/.env/lib/python3.8/site-packages/airflow/example_dags/example_short_circuit_operator.py
[2024-03-16T11:44:06.297+0500] {processor.py:840} INFO - DAG(s) 'example_short_circuit_operator' retrieved from /home/muhammadsami/Public/Projects/Airflow/DataPipelineswithApacheAirflow/.env/lib/python3.8/site-packages/airflow/example_dags/example_short_circuit_operator.py
[2024-03-16T11:44:06.312+0500] {logging_mixin.py:188} INFO - [2024-03-16T11:44:06.312+0500] {dag.py:3047} INFO - Sync 1 DAGs
[2024-03-16T11:44:06.330+0500] {logging_mixin.py:188} INFO - [2024-03-16T11:44:06.329+0500] {dag.py:3834} INFO - Setting next_dagrun for example_short_circuit_operator to 2024-03-15 00:00:00+00:00, run_after=2024-03-16 00:00:00+00:00
[2024-03-16T11:44:06.430+0500] {processor.py:183} INFO - Processing /home/muhammadsami/Public/Projects/Airflow/DataPipelineswithApacheAirflow/.env/lib/python3.8/site-packages/airflow/example_dags/example_short_circuit_operator.py took 0.154 seconds
[2024-03-16T11:45:08.287+0500] {processor.py:161} INFO - Started process (PID=20710) to work on /home/muhammadsami/Public/Projects/Airflow/DataPipelineswithApacheAirflow/.env/lib/python3.8/site-packages/airflow/example_dags/example_short_circuit_operator.py
[2024-03-16T11:45:08.303+0500] {processor.py:830} INFO - Processing file /home/muhammadsami/Public/Projects/Airflow/DataPipelineswithApacheAirflow/.env/lib/python3.8/site-packages/airflow/example_dags/example_short_circuit_operator.py for tasks to queue
[2024-03-16T11:45:08.305+0500] {logging_mixin.py:188} INFO - [2024-03-16T11:45:08.304+0500] {dagbag.py:540} INFO - Filling up the DagBag from /home/muhammadsami/Public/Projects/Airflow/DataPipelineswithApacheAirflow/.env/lib/python3.8/site-packages/airflow/example_dags/example_short_circuit_operator.py
[2024-03-16T11:45:08.314+0500] {processor.py:840} INFO - DAG(s) 'example_short_circuit_operator' retrieved from /home/muhammadsami/Public/Projects/Airflow/DataPipelineswithApacheAirflow/.env/lib/python3.8/site-packages/airflow/example_dags/example_short_circuit_operator.py
[2024-03-16T11:45:08.332+0500] {logging_mixin.py:188} INFO - [2024-03-16T11:45:08.332+0500] {dag.py:3047} INFO - Sync 1 DAGs
[2024-03-16T11:45:08.353+0500] {logging_mixin.py:188} INFO - [2024-03-16T11:45:08.353+0500] {dag.py:3834} INFO - Setting next_dagrun for example_short_circuit_operator to 2024-03-15 00:00:00+00:00, run_after=2024-03-16 00:00:00+00:00
[2024-03-16T11:45:08.471+0500] {processor.py:183} INFO - Processing /home/muhammadsami/Public/Projects/Airflow/DataPipelineswithApacheAirflow/.env/lib/python3.8/site-packages/airflow/example_dags/example_short_circuit_operator.py took 0.187 seconds
[2024-03-16T11:46:11.398+0500] {processor.py:161} INFO - Started process (PID=20861) to work on /home/muhammadsami/Public/Projects/Airflow/DataPipelineswithApacheAirflow/.env/lib/python3.8/site-packages/airflow/example_dags/example_short_circuit_operator.py
[2024-03-16T11:46:11.400+0500] {processor.py:830} INFO - Processing file /home/muhammadsami/Public/Projects/Airflow/DataPipelineswithApacheAirflow/.env/lib/python3.8/site-packages/airflow/example_dags/example_short_circuit_operator.py for tasks to queue
[2024-03-16T11:46:11.401+0500] {logging_mixin.py:188} INFO - [2024-03-16T11:46:11.400+0500] {dagbag.py:540} INFO - Filling up the DagBag from /home/muhammadsami/Public/Projects/Airflow/DataPipelineswithApacheAirflow/.env/lib/python3.8/site-packages/airflow/example_dags/example_short_circuit_operator.py
[2024-03-16T11:46:11.414+0500] {processor.py:840} INFO - DAG(s) 'example_short_circuit_operator' retrieved from /home/muhammadsami/Public/Projects/Airflow/DataPipelineswithApacheAirflow/.env/lib/python3.8/site-packages/airflow/example_dags/example_short_circuit_operator.py
[2024-03-16T11:46:11.439+0500] {logging_mixin.py:188} INFO - [2024-03-16T11:46:11.437+0500] {dag.py:3047} INFO - Sync 1 DAGs
[2024-03-16T11:46:11.471+0500] {logging_mixin.py:188} INFO - [2024-03-16T11:46:11.469+0500] {dag.py:3834} INFO - Setting next_dagrun for example_short_circuit_operator to 2024-03-15 00:00:00+00:00, run_after=2024-03-16 00:00:00+00:00
[2024-03-16T11:46:11.570+0500] {processor.py:183} INFO - Processing /home/muhammadsami/Public/Projects/Airflow/DataPipelineswithApacheAirflow/.env/lib/python3.8/site-packages/airflow/example_dags/example_short_circuit_operator.py took 0.176 seconds
[2024-03-16T11:47:02.883+0500] {processor.py:161} INFO - Started process (PID=20914) to work on /home/muhammadsami/Public/Projects/Airflow/DataPipelineswithApacheAirflow/.env/lib/python3.8/site-packages/airflow/example_dags/example_short_circuit_operator.py
[2024-03-16T11:47:02.886+0500] {processor.py:830} INFO - Processing file /home/muhammadsami/Public/Projects/Airflow/DataPipelineswithApacheAirflow/.env/lib/python3.8/site-packages/airflow/example_dags/example_short_circuit_operator.py for tasks to queue
[2024-03-16T11:47:02.886+0500] {logging_mixin.py:188} INFO - [2024-03-16T11:47:02.886+0500] {dagbag.py:540} INFO - Filling up the DagBag from /home/muhammadsami/Public/Projects/Airflow/DataPipelineswithApacheAirflow/.env/lib/python3.8/site-packages/airflow/example_dags/example_short_circuit_operator.py
[2024-03-16T11:47:02.895+0500] {processor.py:840} INFO - DAG(s) 'example_short_circuit_operator' retrieved from /home/muhammadsami/Public/Projects/Airflow/DataPipelineswithApacheAirflow/.env/lib/python3.8/site-packages/airflow/example_dags/example_short_circuit_operator.py
[2024-03-16T11:47:02.913+0500] {logging_mixin.py:188} INFO - [2024-03-16T11:47:02.913+0500] {dag.py:3047} INFO - Sync 1 DAGs
[2024-03-16T11:47:02.930+0500] {logging_mixin.py:188} INFO - [2024-03-16T11:47:02.930+0500] {dag.py:3834} INFO - Setting next_dagrun for example_short_circuit_operator to 2024-03-15 00:00:00+00:00, run_after=2024-03-16 00:00:00+00:00
[2024-03-16T11:47:03.068+0500] {processor.py:183} INFO - Processing /home/muhammadsami/Public/Projects/Airflow/DataPipelineswithApacheAirflow/.env/lib/python3.8/site-packages/airflow/example_dags/example_short_circuit_operator.py took 0.187 seconds
[2024-03-16T11:47:53.916+0500] {processor.py:161} INFO - Started process (PID=20992) to work on /home/muhammadsami/Public/Projects/Airflow/DataPipelineswithApacheAirflow/.env/lib/python3.8/site-packages/airflow/example_dags/example_short_circuit_operator.py
[2024-03-16T11:47:53.917+0500] {processor.py:830} INFO - Processing file /home/muhammadsami/Public/Projects/Airflow/DataPipelineswithApacheAirflow/.env/lib/python3.8/site-packages/airflow/example_dags/example_short_circuit_operator.py for tasks to queue
[2024-03-16T11:47:53.918+0500] {logging_mixin.py:188} INFO - [2024-03-16T11:47:53.918+0500] {dagbag.py:540} INFO - Filling up the DagBag from /home/muhammadsami/Public/Projects/Airflow/DataPipelineswithApacheAirflow/.env/lib/python3.8/site-packages/airflow/example_dags/example_short_circuit_operator.py
[2024-03-16T11:47:53.925+0500] {processor.py:840} INFO - DAG(s) 'example_short_circuit_operator' retrieved from /home/muhammadsami/Public/Projects/Airflow/DataPipelineswithApacheAirflow/.env/lib/python3.8/site-packages/airflow/example_dags/example_short_circuit_operator.py
[2024-03-16T11:47:53.940+0500] {logging_mixin.py:188} INFO - [2024-03-16T11:47:53.940+0500] {dag.py:3047} INFO - Sync 1 DAGs
[2024-03-16T11:47:53.958+0500] {logging_mixin.py:188} INFO - [2024-03-16T11:47:53.958+0500] {dag.py:3834} INFO - Setting next_dagrun for example_short_circuit_operator to 2024-03-15 00:00:00+00:00, run_after=2024-03-16 00:00:00+00:00
[2024-03-16T11:47:54.117+0500] {processor.py:183} INFO - Processing /home/muhammadsami/Public/Projects/Airflow/DataPipelineswithApacheAirflow/.env/lib/python3.8/site-packages/airflow/example_dags/example_short_circuit_operator.py took 0.203 seconds
[2024-03-16T11:48:40.502+0500] {processor.py:161} INFO - Started process (PID=21067) to work on /home/muhammadsami/Public/Projects/Airflow/DataPipelineswithApacheAirflow/.env/lib/python3.8/site-packages/airflow/example_dags/example_short_circuit_operator.py
[2024-03-16T11:48:40.514+0500] {processor.py:830} INFO - Processing file /home/muhammadsami/Public/Projects/Airflow/DataPipelineswithApacheAirflow/.env/lib/python3.8/site-packages/airflow/example_dags/example_short_circuit_operator.py for tasks to queue
[2024-03-16T11:48:40.515+0500] {logging_mixin.py:188} INFO - [2024-03-16T11:48:40.515+0500] {dagbag.py:540} INFO - Filling up the DagBag from /home/muhammadsami/Public/Projects/Airflow/DataPipelineswithApacheAirflow/.env/lib/python3.8/site-packages/airflow/example_dags/example_short_circuit_operator.py
[2024-03-16T11:48:40.527+0500] {processor.py:840} INFO - DAG(s) 'example_short_circuit_operator' retrieved from /home/muhammadsami/Public/Projects/Airflow/DataPipelineswithApacheAirflow/.env/lib/python3.8/site-packages/airflow/example_dags/example_short_circuit_operator.py
[2024-03-16T11:48:40.549+0500] {logging_mixin.py:188} INFO - [2024-03-16T11:48:40.549+0500] {dag.py:3047} INFO - Sync 1 DAGs
[2024-03-16T11:48:40.571+0500] {logging_mixin.py:188} INFO - [2024-03-16T11:48:40.571+0500] {dag.py:3834} INFO - Setting next_dagrun for example_short_circuit_operator to 2024-03-15 00:00:00+00:00, run_after=2024-03-16 00:00:00+00:00
[2024-03-16T11:48:40.671+0500] {processor.py:183} INFO - Processing /home/muhammadsami/Public/Projects/Airflow/DataPipelineswithApacheAirflow/.env/lib/python3.8/site-packages/airflow/example_dags/example_short_circuit_operator.py took 0.171 seconds
[2024-03-16T11:49:28.743+0500] {processor.py:161} INFO - Started process (PID=21112) to work on /home/muhammadsami/Public/Projects/Airflow/DataPipelineswithApacheAirflow/.env/lib/python3.8/site-packages/airflow/example_dags/example_short_circuit_operator.py
[2024-03-16T11:49:28.744+0500] {processor.py:830} INFO - Processing file /home/muhammadsami/Public/Projects/Airflow/DataPipelineswithApacheAirflow/.env/lib/python3.8/site-packages/airflow/example_dags/example_short_circuit_operator.py for tasks to queue
[2024-03-16T11:49:28.745+0500] {logging_mixin.py:188} INFO - [2024-03-16T11:49:28.745+0500] {dagbag.py:540} INFO - Filling up the DagBag from /home/muhammadsami/Public/Projects/Airflow/DataPipelineswithApacheAirflow/.env/lib/python3.8/site-packages/airflow/example_dags/example_short_circuit_operator.py
[2024-03-16T11:49:28.752+0500] {processor.py:840} INFO - DAG(s) 'example_short_circuit_operator' retrieved from /home/muhammadsami/Public/Projects/Airflow/DataPipelineswithApacheAirflow/.env/lib/python3.8/site-packages/airflow/example_dags/example_short_circuit_operator.py
[2024-03-16T11:49:28.767+0500] {logging_mixin.py:188} INFO - [2024-03-16T11:49:28.767+0500] {dag.py:3047} INFO - Sync 1 DAGs
[2024-03-16T11:49:28.787+0500] {logging_mixin.py:188} INFO - [2024-03-16T11:49:28.787+0500] {dag.py:3834} INFO - Setting next_dagrun for example_short_circuit_operator to 2024-03-15 00:00:00+00:00, run_after=2024-03-16 00:00:00+00:00
[2024-03-16T11:49:28.880+0500] {processor.py:183} INFO - Processing /home/muhammadsami/Public/Projects/Airflow/DataPipelineswithApacheAirflow/.env/lib/python3.8/site-packages/airflow/example_dags/example_short_circuit_operator.py took 0.140 seconds
[2024-03-16T11:50:18.277+0500] {processor.py:161} INFO - Started process (PID=21158) to work on /home/muhammadsami/Public/Projects/Airflow/DataPipelineswithApacheAirflow/.env/lib/python3.8/site-packages/airflow/example_dags/example_short_circuit_operator.py
[2024-03-16T11:50:18.294+0500] {processor.py:830} INFO - Processing file /home/muhammadsami/Public/Projects/Airflow/DataPipelineswithApacheAirflow/.env/lib/python3.8/site-packages/airflow/example_dags/example_short_circuit_operator.py for tasks to queue
[2024-03-16T11:50:18.295+0500] {logging_mixin.py:188} INFO - [2024-03-16T11:50:18.295+0500] {dagbag.py:540} INFO - Filling up the DagBag from /home/muhammadsami/Public/Projects/Airflow/DataPipelineswithApacheAirflow/.env/lib/python3.8/site-packages/airflow/example_dags/example_short_circuit_operator.py
[2024-03-16T11:50:18.302+0500] {processor.py:840} INFO - DAG(s) 'example_short_circuit_operator' retrieved from /home/muhammadsami/Public/Projects/Airflow/DataPipelineswithApacheAirflow/.env/lib/python3.8/site-packages/airflow/example_dags/example_short_circuit_operator.py
[2024-03-16T11:50:18.317+0500] {logging_mixin.py:188} INFO - [2024-03-16T11:50:18.316+0500] {dag.py:3047} INFO - Sync 1 DAGs
[2024-03-16T11:50:18.334+0500] {logging_mixin.py:188} INFO - [2024-03-16T11:50:18.334+0500] {dag.py:3834} INFO - Setting next_dagrun for example_short_circuit_operator to 2024-03-15 00:00:00+00:00, run_after=2024-03-16 00:00:00+00:00
[2024-03-16T11:50:18.433+0500] {processor.py:183} INFO - Processing /home/muhammadsami/Public/Projects/Airflow/DataPipelineswithApacheAirflow/.env/lib/python3.8/site-packages/airflow/example_dags/example_short_circuit_operator.py took 0.158 seconds
[2024-03-16T11:51:09.542+0500] {processor.py:161} INFO - Started process (PID=21245) to work on /home/muhammadsami/Public/Projects/Airflow/DataPipelineswithApacheAirflow/.env/lib/python3.8/site-packages/airflow/example_dags/example_short_circuit_operator.py
[2024-03-16T11:51:09.557+0500] {processor.py:830} INFO - Processing file /home/muhammadsami/Public/Projects/Airflow/DataPipelineswithApacheAirflow/.env/lib/python3.8/site-packages/airflow/example_dags/example_short_circuit_operator.py for tasks to queue
[2024-03-16T11:51:09.558+0500] {logging_mixin.py:188} INFO - [2024-03-16T11:51:09.557+0500] {dagbag.py:540} INFO - Filling up the DagBag from /home/muhammadsami/Public/Projects/Airflow/DataPipelineswithApacheAirflow/.env/lib/python3.8/site-packages/airflow/example_dags/example_short_circuit_operator.py
[2024-03-16T11:51:09.565+0500] {processor.py:840} INFO - DAG(s) 'example_short_circuit_operator' retrieved from /home/muhammadsami/Public/Projects/Airflow/DataPipelineswithApacheAirflow/.env/lib/python3.8/site-packages/airflow/example_dags/example_short_circuit_operator.py
[2024-03-16T11:51:09.580+0500] {logging_mixin.py:188} INFO - [2024-03-16T11:51:09.580+0500] {dag.py:3047} INFO - Sync 1 DAGs
[2024-03-16T11:51:09.597+0500] {logging_mixin.py:188} INFO - [2024-03-16T11:51:09.597+0500] {dag.py:3834} INFO - Setting next_dagrun for example_short_circuit_operator to 2024-03-15 00:00:00+00:00, run_after=2024-03-16 00:00:00+00:00
[2024-03-16T11:51:09.725+0500] {processor.py:183} INFO - Processing /home/muhammadsami/Public/Projects/Airflow/DataPipelineswithApacheAirflow/.env/lib/python3.8/site-packages/airflow/example_dags/example_short_circuit_operator.py took 0.186 seconds
[2024-03-16T11:52:02.722+0500] {processor.py:161} INFO - Started process (PID=21386) to work on /home/muhammadsami/Public/Projects/Airflow/DataPipelineswithApacheAirflow/.env/lib/python3.8/site-packages/airflow/example_dags/example_short_circuit_operator.py
[2024-03-16T11:52:02.737+0500] {processor.py:830} INFO - Processing file /home/muhammadsami/Public/Projects/Airflow/DataPipelineswithApacheAirflow/.env/lib/python3.8/site-packages/airflow/example_dags/example_short_circuit_operator.py for tasks to queue
[2024-03-16T11:52:02.738+0500] {logging_mixin.py:188} INFO - [2024-03-16T11:52:02.738+0500] {dagbag.py:540} INFO - Filling up the DagBag from /home/muhammadsami/Public/Projects/Airflow/DataPipelineswithApacheAirflow/.env/lib/python3.8/site-packages/airflow/example_dags/example_short_circuit_operator.py
[2024-03-16T11:52:02.745+0500] {processor.py:840} INFO - DAG(s) 'example_short_circuit_operator' retrieved from /home/muhammadsami/Public/Projects/Airflow/DataPipelineswithApacheAirflow/.env/lib/python3.8/site-packages/airflow/example_dags/example_short_circuit_operator.py
[2024-03-16T11:52:02.760+0500] {logging_mixin.py:188} INFO - [2024-03-16T11:52:02.760+0500] {dag.py:3047} INFO - Sync 1 DAGs
[2024-03-16T11:52:02.777+0500] {logging_mixin.py:188} INFO - [2024-03-16T11:52:02.776+0500] {dag.py:3834} INFO - Setting next_dagrun for example_short_circuit_operator to 2024-03-15 00:00:00+00:00, run_after=2024-03-16 00:00:00+00:00
[2024-03-16T11:52:02.872+0500] {processor.py:183} INFO - Processing /home/muhammadsami/Public/Projects/Airflow/DataPipelineswithApacheAirflow/.env/lib/python3.8/site-packages/airflow/example_dags/example_short_circuit_operator.py took 0.152 seconds
[2024-03-16T11:52:54.826+0500] {processor.py:161} INFO - Started process (PID=21507) to work on /home/muhammadsami/Public/Projects/Airflow/DataPipelineswithApacheAirflow/.env/lib/python3.8/site-packages/airflow/example_dags/example_short_circuit_operator.py
[2024-03-16T11:52:54.837+0500] {processor.py:830} INFO - Processing file /home/muhammadsami/Public/Projects/Airflow/DataPipelineswithApacheAirflow/.env/lib/python3.8/site-packages/airflow/example_dags/example_short_circuit_operator.py for tasks to queue
[2024-03-16T11:52:54.838+0500] {logging_mixin.py:188} INFO - [2024-03-16T11:52:54.838+0500] {dagbag.py:540} INFO - Filling up the DagBag from /home/muhammadsami/Public/Projects/Airflow/DataPipelineswithApacheAirflow/.env/lib/python3.8/site-packages/airflow/example_dags/example_short_circuit_operator.py
[2024-03-16T11:52:54.845+0500] {processor.py:840} INFO - DAG(s) 'example_short_circuit_operator' retrieved from /home/muhammadsami/Public/Projects/Airflow/DataPipelineswithApacheAirflow/.env/lib/python3.8/site-packages/airflow/example_dags/example_short_circuit_operator.py
[2024-03-16T11:52:54.860+0500] {logging_mixin.py:188} INFO - [2024-03-16T11:52:54.860+0500] {dag.py:3047} INFO - Sync 1 DAGs
[2024-03-16T11:52:54.877+0500] {logging_mixin.py:188} INFO - [2024-03-16T11:52:54.877+0500] {dag.py:3834} INFO - Setting next_dagrun for example_short_circuit_operator to 2024-03-15 00:00:00+00:00, run_after=2024-03-16 00:00:00+00:00
[2024-03-16T11:52:54.963+0500] {processor.py:183} INFO - Processing /home/muhammadsami/Public/Projects/Airflow/DataPipelineswithApacheAirflow/.env/lib/python3.8/site-packages/airflow/example_dags/example_short_circuit_operator.py took 0.139 seconds
[2024-03-16T11:53:46.307+0500] {processor.py:161} INFO - Started process (PID=21627) to work on /home/muhammadsami/Public/Projects/Airflow/DataPipelineswithApacheAirflow/.env/lib/python3.8/site-packages/airflow/example_dags/example_short_circuit_operator.py
[2024-03-16T11:53:46.308+0500] {processor.py:830} INFO - Processing file /home/muhammadsami/Public/Projects/Airflow/DataPipelineswithApacheAirflow/.env/lib/python3.8/site-packages/airflow/example_dags/example_short_circuit_operator.py for tasks to queue
[2024-03-16T11:53:46.309+0500] {logging_mixin.py:188} INFO - [2024-03-16T11:53:46.309+0500] {dagbag.py:540} INFO - Filling up the DagBag from /home/muhammadsami/Public/Projects/Airflow/DataPipelineswithApacheAirflow/.env/lib/python3.8/site-packages/airflow/example_dags/example_short_circuit_operator.py
[2024-03-16T11:53:46.316+0500] {processor.py:840} INFO - DAG(s) 'example_short_circuit_operator' retrieved from /home/muhammadsami/Public/Projects/Airflow/DataPipelineswithApacheAirflow/.env/lib/python3.8/site-packages/airflow/example_dags/example_short_circuit_operator.py
[2024-03-16T11:53:46.333+0500] {logging_mixin.py:188} INFO - [2024-03-16T11:53:46.332+0500] {dag.py:3047} INFO - Sync 1 DAGs
[2024-03-16T11:53:46.352+0500] {logging_mixin.py:188} INFO - [2024-03-16T11:53:46.352+0500] {dag.py:3834} INFO - Setting next_dagrun for example_short_circuit_operator to 2024-03-15 00:00:00+00:00, run_after=2024-03-16 00:00:00+00:00
[2024-03-16T11:53:46.461+0500] {processor.py:183} INFO - Processing /home/muhammadsami/Public/Projects/Airflow/DataPipelineswithApacheAirflow/.env/lib/python3.8/site-packages/airflow/example_dags/example_short_circuit_operator.py took 0.156 seconds
[2024-03-16T11:54:37.299+0500] {processor.py:161} INFO - Started process (PID=21696) to work on /home/muhammadsami/Public/Projects/Airflow/DataPipelineswithApacheAirflow/.env/lib/python3.8/site-packages/airflow/example_dags/example_short_circuit_operator.py
[2024-03-16T11:54:37.316+0500] {processor.py:830} INFO - Processing file /home/muhammadsami/Public/Projects/Airflow/DataPipelineswithApacheAirflow/.env/lib/python3.8/site-packages/airflow/example_dags/example_short_circuit_operator.py for tasks to queue
[2024-03-16T11:54:37.318+0500] {logging_mixin.py:188} INFO - [2024-03-16T11:54:37.317+0500] {dagbag.py:540} INFO - Filling up the DagBag from /home/muhammadsami/Public/Projects/Airflow/DataPipelineswithApacheAirflow/.env/lib/python3.8/site-packages/airflow/example_dags/example_short_circuit_operator.py
[2024-03-16T11:54:37.325+0500] {processor.py:840} INFO - DAG(s) 'example_short_circuit_operator' retrieved from /home/muhammadsami/Public/Projects/Airflow/DataPipelineswithApacheAirflow/.env/lib/python3.8/site-packages/airflow/example_dags/example_short_circuit_operator.py
[2024-03-16T11:54:37.349+0500] {logging_mixin.py:188} INFO - [2024-03-16T11:54:37.349+0500] {dag.py:3047} INFO - Sync 1 DAGs
[2024-03-16T11:54:37.372+0500] {logging_mixin.py:188} INFO - [2024-03-16T11:54:37.371+0500] {dag.py:3834} INFO - Setting next_dagrun for example_short_circuit_operator to 2024-03-15 00:00:00+00:00, run_after=2024-03-16 00:00:00+00:00
[2024-03-16T11:54:37.471+0500] {processor.py:183} INFO - Processing /home/muhammadsami/Public/Projects/Airflow/DataPipelineswithApacheAirflow/.env/lib/python3.8/site-packages/airflow/example_dags/example_short_circuit_operator.py took 0.174 seconds
[2024-03-16T11:55:26.103+0500] {processor.py:161} INFO - Started process (PID=21879) to work on /home/muhammadsami/Public/Projects/Airflow/DataPipelineswithApacheAirflow/.env/lib/python3.8/site-packages/airflow/example_dags/example_short_circuit_operator.py
[2024-03-16T11:55:26.105+0500] {processor.py:830} INFO - Processing file /home/muhammadsami/Public/Projects/Airflow/DataPipelineswithApacheAirflow/.env/lib/python3.8/site-packages/airflow/example_dags/example_short_circuit_operator.py for tasks to queue
[2024-03-16T11:55:26.106+0500] {logging_mixin.py:188} INFO - [2024-03-16T11:55:26.105+0500] {dagbag.py:540} INFO - Filling up the DagBag from /home/muhammadsami/Public/Projects/Airflow/DataPipelineswithApacheAirflow/.env/lib/python3.8/site-packages/airflow/example_dags/example_short_circuit_operator.py
[2024-03-16T11:55:26.116+0500] {processor.py:840} INFO - DAG(s) 'example_short_circuit_operator' retrieved from /home/muhammadsami/Public/Projects/Airflow/DataPipelineswithApacheAirflow/.env/lib/python3.8/site-packages/airflow/example_dags/example_short_circuit_operator.py
[2024-03-16T11:55:26.134+0500] {logging_mixin.py:188} INFO - [2024-03-16T11:55:26.134+0500] {dag.py:3047} INFO - Sync 1 DAGs
[2024-03-16T11:55:26.155+0500] {logging_mixin.py:188} INFO - [2024-03-16T11:55:26.155+0500] {dag.py:3834} INFO - Setting next_dagrun for example_short_circuit_operator to 2024-03-15 00:00:00+00:00, run_after=2024-03-16 00:00:00+00:00
[2024-03-16T11:55:26.264+0500] {processor.py:183} INFO - Processing /home/muhammadsami/Public/Projects/Airflow/DataPipelineswithApacheAirflow/.env/lib/python3.8/site-packages/airflow/example_dags/example_short_circuit_operator.py took 0.164 seconds
[2024-03-16T11:56:18.982+0500] {processor.py:161} INFO - Started process (PID=21937) to work on /home/muhammadsami/Public/Projects/Airflow/DataPipelineswithApacheAirflow/.env/lib/python3.8/site-packages/airflow/example_dags/example_short_circuit_operator.py
[2024-03-16T11:56:18.995+0500] {processor.py:830} INFO - Processing file /home/muhammadsami/Public/Projects/Airflow/DataPipelineswithApacheAirflow/.env/lib/python3.8/site-packages/airflow/example_dags/example_short_circuit_operator.py for tasks to queue
[2024-03-16T11:56:18.997+0500] {logging_mixin.py:188} INFO - [2024-03-16T11:56:18.996+0500] {dagbag.py:540} INFO - Filling up the DagBag from /home/muhammadsami/Public/Projects/Airflow/DataPipelineswithApacheAirflow/.env/lib/python3.8/site-packages/airflow/example_dags/example_short_circuit_operator.py
[2024-03-16T11:56:19.005+0500] {processor.py:840} INFO - DAG(s) 'example_short_circuit_operator' retrieved from /home/muhammadsami/Public/Projects/Airflow/DataPipelineswithApacheAirflow/.env/lib/python3.8/site-packages/airflow/example_dags/example_short_circuit_operator.py
[2024-03-16T11:56:19.022+0500] {logging_mixin.py:188} INFO - [2024-03-16T11:56:19.022+0500] {dag.py:3047} INFO - Sync 1 DAGs
[2024-03-16T11:56:19.042+0500] {logging_mixin.py:188} INFO - [2024-03-16T11:56:19.042+0500] {dag.py:3834} INFO - Setting next_dagrun for example_short_circuit_operator to 2024-03-15 00:00:00+00:00, run_after=2024-03-16 00:00:00+00:00
[2024-03-16T11:56:19.142+0500] {processor.py:183} INFO - Processing /home/muhammadsami/Public/Projects/Airflow/DataPipelineswithApacheAirflow/.env/lib/python3.8/site-packages/airflow/example_dags/example_short_circuit_operator.py took 0.164 seconds
[2024-03-16T11:57:08.800+0500] {processor.py:161} INFO - Started process (PID=21989) to work on /home/muhammadsami/Public/Projects/Airflow/DataPipelineswithApacheAirflow/.env/lib/python3.8/site-packages/airflow/example_dags/example_short_circuit_operator.py
[2024-03-16T11:57:08.801+0500] {processor.py:830} INFO - Processing file /home/muhammadsami/Public/Projects/Airflow/DataPipelineswithApacheAirflow/.env/lib/python3.8/site-packages/airflow/example_dags/example_short_circuit_operator.py for tasks to queue
[2024-03-16T11:57:08.802+0500] {logging_mixin.py:188} INFO - [2024-03-16T11:57:08.802+0500] {dagbag.py:540} INFO - Filling up the DagBag from /home/muhammadsami/Public/Projects/Airflow/DataPipelineswithApacheAirflow/.env/lib/python3.8/site-packages/airflow/example_dags/example_short_circuit_operator.py
[2024-03-16T11:57:08.811+0500] {processor.py:840} INFO - DAG(s) 'example_short_circuit_operator' retrieved from /home/muhammadsami/Public/Projects/Airflow/DataPipelineswithApacheAirflow/.env/lib/python3.8/site-packages/airflow/example_dags/example_short_circuit_operator.py
[2024-03-16T11:57:08.835+0500] {logging_mixin.py:188} INFO - [2024-03-16T11:57:08.835+0500] {dag.py:3047} INFO - Sync 1 DAGs
[2024-03-16T11:57:08.863+0500] {logging_mixin.py:188} INFO - [2024-03-16T11:57:08.863+0500] {dag.py:3834} INFO - Setting next_dagrun for example_short_circuit_operator to 2024-03-15 00:00:00+00:00, run_after=2024-03-16 00:00:00+00:00
[2024-03-16T11:57:08.981+0500] {processor.py:183} INFO - Processing /home/muhammadsami/Public/Projects/Airflow/DataPipelineswithApacheAirflow/.env/lib/python3.8/site-packages/airflow/example_dags/example_short_circuit_operator.py took 0.184 seconds
[2024-03-16T11:58:03.642+0500] {processor.py:161} INFO - Started process (PID=22041) to work on /home/muhammadsami/Public/Projects/Airflow/DataPipelineswithApacheAirflow/.env/lib/python3.8/site-packages/airflow/example_dags/example_short_circuit_operator.py
[2024-03-16T11:58:03.643+0500] {processor.py:830} INFO - Processing file /home/muhammadsami/Public/Projects/Airflow/DataPipelineswithApacheAirflow/.env/lib/python3.8/site-packages/airflow/example_dags/example_short_circuit_operator.py for tasks to queue
[2024-03-16T11:58:03.644+0500] {logging_mixin.py:188} INFO - [2024-03-16T11:58:03.644+0500] {dagbag.py:540} INFO - Filling up the DagBag from /home/muhammadsami/Public/Projects/Airflow/DataPipelineswithApacheAirflow/.env/lib/python3.8/site-packages/airflow/example_dags/example_short_circuit_operator.py
[2024-03-16T11:58:03.652+0500] {processor.py:840} INFO - DAG(s) 'example_short_circuit_operator' retrieved from /home/muhammadsami/Public/Projects/Airflow/DataPipelineswithApacheAirflow/.env/lib/python3.8/site-packages/airflow/example_dags/example_short_circuit_operator.py
[2024-03-16T11:58:03.670+0500] {logging_mixin.py:188} INFO - [2024-03-16T11:58:03.669+0500] {dag.py:3047} INFO - Sync 1 DAGs
[2024-03-16T11:58:03.689+0500] {logging_mixin.py:188} INFO - [2024-03-16T11:58:03.689+0500] {dag.py:3834} INFO - Setting next_dagrun for example_short_circuit_operator to 2024-03-15 00:00:00+00:00, run_after=2024-03-16 00:00:00+00:00
[2024-03-16T11:58:03.793+0500] {processor.py:183} INFO - Processing /home/muhammadsami/Public/Projects/Airflow/DataPipelineswithApacheAirflow/.env/lib/python3.8/site-packages/airflow/example_dags/example_short_circuit_operator.py took 0.154 seconds
[2024-03-16T11:58:52.717+0500] {processor.py:161} INFO - Started process (PID=22143) to work on /home/muhammadsami/Public/Projects/Airflow/DataPipelineswithApacheAirflow/.env/lib/python3.8/site-packages/airflow/example_dags/example_short_circuit_operator.py
[2024-03-16T11:58:52.727+0500] {processor.py:830} INFO - Processing file /home/muhammadsami/Public/Projects/Airflow/DataPipelineswithApacheAirflow/.env/lib/python3.8/site-packages/airflow/example_dags/example_short_circuit_operator.py for tasks to queue
[2024-03-16T11:58:52.728+0500] {logging_mixin.py:188} INFO - [2024-03-16T11:58:52.728+0500] {dagbag.py:540} INFO - Filling up the DagBag from /home/muhammadsami/Public/Projects/Airflow/DataPipelineswithApacheAirflow/.env/lib/python3.8/site-packages/airflow/example_dags/example_short_circuit_operator.py
[2024-03-16T11:58:52.734+0500] {processor.py:840} INFO - DAG(s) 'example_short_circuit_operator' retrieved from /home/muhammadsami/Public/Projects/Airflow/DataPipelineswithApacheAirflow/.env/lib/python3.8/site-packages/airflow/example_dags/example_short_circuit_operator.py
[2024-03-16T11:58:52.749+0500] {logging_mixin.py:188} INFO - [2024-03-16T11:58:52.749+0500] {dag.py:3047} INFO - Sync 1 DAGs
[2024-03-16T11:58:52.767+0500] {logging_mixin.py:188} INFO - [2024-03-16T11:58:52.767+0500] {dag.py:3834} INFO - Setting next_dagrun for example_short_circuit_operator to 2024-03-15 00:00:00+00:00, run_after=2024-03-16 00:00:00+00:00
[2024-03-16T11:58:52.867+0500] {processor.py:183} INFO - Processing /home/muhammadsami/Public/Projects/Airflow/DataPipelineswithApacheAirflow/.env/lib/python3.8/site-packages/airflow/example_dags/example_short_circuit_operator.py took 0.152 seconds
[2024-03-16T11:59:41.856+0500] {processor.py:161} INFO - Started process (PID=22288) to work on /home/muhammadsami/Public/Projects/Airflow/DataPipelineswithApacheAirflow/.env/lib/python3.8/site-packages/airflow/example_dags/example_short_circuit_operator.py
[2024-03-16T11:59:41.875+0500] {processor.py:830} INFO - Processing file /home/muhammadsami/Public/Projects/Airflow/DataPipelineswithApacheAirflow/.env/lib/python3.8/site-packages/airflow/example_dags/example_short_circuit_operator.py for tasks to queue
[2024-03-16T11:59:41.876+0500] {logging_mixin.py:188} INFO - [2024-03-16T11:59:41.876+0500] {dagbag.py:540} INFO - Filling up the DagBag from /home/muhammadsami/Public/Projects/Airflow/DataPipelineswithApacheAirflow/.env/lib/python3.8/site-packages/airflow/example_dags/example_short_circuit_operator.py
[2024-03-16T11:59:41.884+0500] {processor.py:840} INFO - DAG(s) 'example_short_circuit_operator' retrieved from /home/muhammadsami/Public/Projects/Airflow/DataPipelineswithApacheAirflow/.env/lib/python3.8/site-packages/airflow/example_dags/example_short_circuit_operator.py
[2024-03-16T11:59:41.901+0500] {logging_mixin.py:188} INFO - [2024-03-16T11:59:41.901+0500] {dag.py:3047} INFO - Sync 1 DAGs
[2024-03-16T11:59:41.923+0500] {logging_mixin.py:188} INFO - [2024-03-16T11:59:41.922+0500] {dag.py:3834} INFO - Setting next_dagrun for example_short_circuit_operator to 2024-03-15 00:00:00+00:00, run_after=2024-03-16 00:00:00+00:00
[2024-03-16T11:59:42.017+0500] {processor.py:183} INFO - Processing /home/muhammadsami/Public/Projects/Airflow/DataPipelineswithApacheAirflow/.env/lib/python3.8/site-packages/airflow/example_dags/example_short_circuit_operator.py took 0.164 seconds
[2024-03-16T12:00:36.022+0500] {processor.py:161} INFO - Started process (PID=22338) to work on /home/muhammadsami/Public/Projects/Airflow/DataPipelineswithApacheAirflow/.env/lib/python3.8/site-packages/airflow/example_dags/example_short_circuit_operator.py
[2024-03-16T12:00:36.040+0500] {processor.py:830} INFO - Processing file /home/muhammadsami/Public/Projects/Airflow/DataPipelineswithApacheAirflow/.env/lib/python3.8/site-packages/airflow/example_dags/example_short_circuit_operator.py for tasks to queue
[2024-03-16T12:00:36.041+0500] {logging_mixin.py:188} INFO - [2024-03-16T12:00:36.040+0500] {dagbag.py:540} INFO - Filling up the DagBag from /home/muhammadsami/Public/Projects/Airflow/DataPipelineswithApacheAirflow/.env/lib/python3.8/site-packages/airflow/example_dags/example_short_circuit_operator.py
[2024-03-16T12:00:36.047+0500] {processor.py:840} INFO - DAG(s) 'example_short_circuit_operator' retrieved from /home/muhammadsami/Public/Projects/Airflow/DataPipelineswithApacheAirflow/.env/lib/python3.8/site-packages/airflow/example_dags/example_short_circuit_operator.py
[2024-03-16T12:00:36.066+0500] {logging_mixin.py:188} INFO - [2024-03-16T12:00:36.066+0500] {dag.py:3047} INFO - Sync 1 DAGs
[2024-03-16T12:00:36.084+0500] {logging_mixin.py:188} INFO - [2024-03-16T12:00:36.084+0500] {dag.py:3834} INFO - Setting next_dagrun for example_short_circuit_operator to 2024-03-15 00:00:00+00:00, run_after=2024-03-16 00:00:00+00:00
[2024-03-16T12:00:36.188+0500] {processor.py:183} INFO - Processing /home/muhammadsami/Public/Projects/Airflow/DataPipelineswithApacheAirflow/.env/lib/python3.8/site-packages/airflow/example_dags/example_short_circuit_operator.py took 0.168 seconds
[2024-03-16T12:01:29.001+0500] {processor.py:161} INFO - Started process (PID=22389) to work on /home/muhammadsami/Public/Projects/Airflow/DataPipelineswithApacheAirflow/.env/lib/python3.8/site-packages/airflow/example_dags/example_short_circuit_operator.py
[2024-03-16T12:01:29.002+0500] {processor.py:830} INFO - Processing file /home/muhammadsami/Public/Projects/Airflow/DataPipelineswithApacheAirflow/.env/lib/python3.8/site-packages/airflow/example_dags/example_short_circuit_operator.py for tasks to queue
[2024-03-16T12:01:29.003+0500] {logging_mixin.py:188} INFO - [2024-03-16T12:01:29.003+0500] {dagbag.py:540} INFO - Filling up the DagBag from /home/muhammadsami/Public/Projects/Airflow/DataPipelineswithApacheAirflow/.env/lib/python3.8/site-packages/airflow/example_dags/example_short_circuit_operator.py
[2024-03-16T12:01:29.011+0500] {processor.py:840} INFO - DAG(s) 'example_short_circuit_operator' retrieved from /home/muhammadsami/Public/Projects/Airflow/DataPipelineswithApacheAirflow/.env/lib/python3.8/site-packages/airflow/example_dags/example_short_circuit_operator.py
[2024-03-16T12:01:29.030+0500] {logging_mixin.py:188} INFO - [2024-03-16T12:01:29.030+0500] {dag.py:3047} INFO - Sync 1 DAGs
[2024-03-16T12:01:29.047+0500] {logging_mixin.py:188} INFO - [2024-03-16T12:01:29.047+0500] {dag.py:3834} INFO - Setting next_dagrun for example_short_circuit_operator to 2024-03-15 00:00:00+00:00, run_after=2024-03-16 00:00:00+00:00
[2024-03-16T12:01:29.147+0500] {processor.py:183} INFO - Processing /home/muhammadsami/Public/Projects/Airflow/DataPipelineswithApacheAirflow/.env/lib/python3.8/site-packages/airflow/example_dags/example_short_circuit_operator.py took 0.149 seconds
