[2024-03-16T11:22:50.125+0500] {processor.py:161} INFO - Started process (PID=18184) to work on /home/muhammadsami/Public/Projects/Airflow/DataPipelineswithApacheAirflow/.env/lib/python3.8/site-packages/airflow/example_dags/example_task_group.py
[2024-03-16T11:22:50.126+0500] {processor.py:830} INFO - Processing file /home/muhammadsami/Public/Projects/Airflow/DataPipelineswithApacheAirflow/.env/lib/python3.8/site-packages/airflow/example_dags/example_task_group.py for tasks to queue
[2024-03-16T11:22:50.127+0500] {logging_mixin.py:188} INFO - [2024-03-16T11:22:50.127+0500] {dagbag.py:540} INFO - Filling up the DagBag from /home/muhammadsami/Public/Projects/Airflow/DataPipelineswithApacheAirflow/.env/lib/python3.8/site-packages/airflow/example_dags/example_task_group.py
[2024-03-16T11:22:50.135+0500] {processor.py:840} INFO - DAG(s) 'example_task_group' retrieved from /home/muhammadsami/Public/Projects/Airflow/DataPipelineswithApacheAirflow/.env/lib/python3.8/site-packages/airflow/example_dags/example_task_group.py
[2024-03-16T11:22:50.444+0500] {logging_mixin.py:188} INFO - [2024-03-16T11:22:50.443+0500] {override.py:1769} INFO - Created Permission View: can edit on DAG:example_task_group
[2024-03-16T11:22:50.576+0500] {logging_mixin.py:188} INFO - [2024-03-16T11:22:50.575+0500] {override.py:1769} INFO - Created Permission View: can delete on DAG:example_task_group
[2024-03-16T11:22:50.683+0500] {logging_mixin.py:188} INFO - [2024-03-16T11:22:50.682+0500] {override.py:1769} INFO - Created Permission View: can read on DAG:example_task_group
[2024-03-16T11:22:50.683+0500] {logging_mixin.py:188} INFO - [2024-03-16T11:22:50.683+0500] {dag.py:3047} INFO - Sync 1 DAGs
[2024-03-16T11:22:50.776+0500] {logging_mixin.py:188} INFO - [2024-03-16T11:22:50.776+0500] {dag.py:3069} INFO - Creating ORM DAG for example_task_group
[2024-03-16T11:22:50.783+0500] {logging_mixin.py:188} INFO - [2024-03-16T11:22:50.783+0500] {dag.py:3834} INFO - Setting next_dagrun for example_task_group to 2024-03-15 00:00:00+00:00, run_after=2024-03-16 00:00:00+00:00
[2024-03-16T11:22:50.945+0500] {processor.py:183} INFO - Processing /home/muhammadsami/Public/Projects/Airflow/DataPipelineswithApacheAirflow/.env/lib/python3.8/site-packages/airflow/example_dags/example_task_group.py took 0.822 seconds
[2024-03-16T11:24:08.605+0500] {processor.py:161} INFO - Started process (PID=18460) to work on /home/muhammadsami/Public/Projects/Airflow/DataPipelineswithApacheAirflow/.env/lib/python3.8/site-packages/airflow/example_dags/example_task_group.py
[2024-03-16T11:24:08.607+0500] {processor.py:830} INFO - Processing file /home/muhammadsami/Public/Projects/Airflow/DataPipelineswithApacheAirflow/.env/lib/python3.8/site-packages/airflow/example_dags/example_task_group.py for tasks to queue
[2024-03-16T11:24:08.608+0500] {logging_mixin.py:188} INFO - [2024-03-16T11:24:08.607+0500] {dagbag.py:540} INFO - Filling up the DagBag from /home/muhammadsami/Public/Projects/Airflow/DataPipelineswithApacheAirflow/.env/lib/python3.8/site-packages/airflow/example_dags/example_task_group.py
[2024-03-16T11:24:08.614+0500] {processor.py:840} INFO - DAG(s) 'example_task_group' retrieved from /home/muhammadsami/Public/Projects/Airflow/DataPipelineswithApacheAirflow/.env/lib/python3.8/site-packages/airflow/example_dags/example_task_group.py
[2024-03-16T11:24:08.627+0500] {logging_mixin.py:188} INFO - [2024-03-16T11:24:08.627+0500] {dag.py:3047} INFO - Sync 1 DAGs
[2024-03-16T11:24:08.645+0500] {logging_mixin.py:188} INFO - [2024-03-16T11:24:08.644+0500] {dag.py:3834} INFO - Setting next_dagrun for example_task_group to 2024-03-15 00:00:00+00:00, run_after=2024-03-16 00:00:00+00:00
[2024-03-16T11:24:08.819+0500] {processor.py:183} INFO - Processing /home/muhammadsami/Public/Projects/Airflow/DataPipelineswithApacheAirflow/.env/lib/python3.8/site-packages/airflow/example_dags/example_task_group.py took 0.216 seconds
[2024-03-16T11:25:05.248+0500] {processor.py:161} INFO - Started process (PID=18597) to work on /home/muhammadsami/Public/Projects/Airflow/DataPipelineswithApacheAirflow/.env/lib/python3.8/site-packages/airflow/example_dags/example_task_group.py
[2024-03-16T11:25:05.266+0500] {processor.py:830} INFO - Processing file /home/muhammadsami/Public/Projects/Airflow/DataPipelineswithApacheAirflow/.env/lib/python3.8/site-packages/airflow/example_dags/example_task_group.py for tasks to queue
[2024-03-16T11:25:05.266+0500] {logging_mixin.py:188} INFO - [2024-03-16T11:25:05.266+0500] {dagbag.py:540} INFO - Filling up the DagBag from /home/muhammadsami/Public/Projects/Airflow/DataPipelineswithApacheAirflow/.env/lib/python3.8/site-packages/airflow/example_dags/example_task_group.py
[2024-03-16T11:25:05.273+0500] {processor.py:840} INFO - DAG(s) 'example_task_group' retrieved from /home/muhammadsami/Public/Projects/Airflow/DataPipelineswithApacheAirflow/.env/lib/python3.8/site-packages/airflow/example_dags/example_task_group.py
[2024-03-16T11:25:05.288+0500] {logging_mixin.py:188} INFO - [2024-03-16T11:25:05.288+0500] {dag.py:3047} INFO - Sync 1 DAGs
[2024-03-16T11:25:05.305+0500] {logging_mixin.py:188} INFO - [2024-03-16T11:25:05.305+0500] {dag.py:3834} INFO - Setting next_dagrun for example_task_group to 2024-03-15 00:00:00+00:00, run_after=2024-03-16 00:00:00+00:00
[2024-03-16T11:25:05.432+0500] {processor.py:183} INFO - Processing /home/muhammadsami/Public/Projects/Airflow/DataPipelineswithApacheAirflow/.env/lib/python3.8/site-packages/airflow/example_dags/example_task_group.py took 0.187 seconds
[2024-03-16T11:25:57.249+0500] {processor.py:161} INFO - Started process (PID=18658) to work on /home/muhammadsami/Public/Projects/Airflow/DataPipelineswithApacheAirflow/.env/lib/python3.8/site-packages/airflow/example_dags/example_task_group.py
[2024-03-16T11:25:57.251+0500] {processor.py:830} INFO - Processing file /home/muhammadsami/Public/Projects/Airflow/DataPipelineswithApacheAirflow/.env/lib/python3.8/site-packages/airflow/example_dags/example_task_group.py for tasks to queue
[2024-03-16T11:25:57.252+0500] {logging_mixin.py:188} INFO - [2024-03-16T11:25:57.251+0500] {dagbag.py:540} INFO - Filling up the DagBag from /home/muhammadsami/Public/Projects/Airflow/DataPipelineswithApacheAirflow/.env/lib/python3.8/site-packages/airflow/example_dags/example_task_group.py
[2024-03-16T11:25:57.260+0500] {processor.py:840} INFO - DAG(s) 'example_task_group' retrieved from /home/muhammadsami/Public/Projects/Airflow/DataPipelineswithApacheAirflow/.env/lib/python3.8/site-packages/airflow/example_dags/example_task_group.py
[2024-03-16T11:25:57.274+0500] {logging_mixin.py:188} INFO - [2024-03-16T11:25:57.273+0500] {dag.py:3047} INFO - Sync 1 DAGs
[2024-03-16T11:25:57.291+0500] {logging_mixin.py:188} INFO - [2024-03-16T11:25:57.290+0500] {dag.py:3834} INFO - Setting next_dagrun for example_task_group to 2024-03-15 00:00:00+00:00, run_after=2024-03-16 00:00:00+00:00
[2024-03-16T11:25:57.386+0500] {processor.py:183} INFO - Processing /home/muhammadsami/Public/Projects/Airflow/DataPipelineswithApacheAirflow/.env/lib/python3.8/site-packages/airflow/example_dags/example_task_group.py took 0.140 seconds
[2024-03-16T11:27:02.233+0500] {processor.py:161} INFO - Started process (PID=18755) to work on /home/muhammadsami/Public/Projects/Airflow/DataPipelineswithApacheAirflow/.env/lib/python3.8/site-packages/airflow/example_dags/example_task_group.py
[2024-03-16T11:27:02.235+0500] {processor.py:830} INFO - Processing file /home/muhammadsami/Public/Projects/Airflow/DataPipelineswithApacheAirflow/.env/lib/python3.8/site-packages/airflow/example_dags/example_task_group.py for tasks to queue
[2024-03-16T11:27:02.236+0500] {logging_mixin.py:188} INFO - [2024-03-16T11:27:02.235+0500] {dagbag.py:540} INFO - Filling up the DagBag from /home/muhammadsami/Public/Projects/Airflow/DataPipelineswithApacheAirflow/.env/lib/python3.8/site-packages/airflow/example_dags/example_task_group.py
[2024-03-16T11:27:02.244+0500] {processor.py:840} INFO - DAG(s) 'example_task_group' retrieved from /home/muhammadsami/Public/Projects/Airflow/DataPipelineswithApacheAirflow/.env/lib/python3.8/site-packages/airflow/example_dags/example_task_group.py
[2024-03-16T11:27:02.258+0500] {logging_mixin.py:188} INFO - [2024-03-16T11:27:02.258+0500] {dag.py:3047} INFO - Sync 1 DAGs
[2024-03-16T11:27:02.275+0500] {logging_mixin.py:188} INFO - [2024-03-16T11:27:02.275+0500] {dag.py:3834} INFO - Setting next_dagrun for example_task_group to 2024-03-15 00:00:00+00:00, run_after=2024-03-16 00:00:00+00:00
[2024-03-16T11:27:02.388+0500] {processor.py:183} INFO - Processing /home/muhammadsami/Public/Projects/Airflow/DataPipelineswithApacheAirflow/.env/lib/python3.8/site-packages/airflow/example_dags/example_task_group.py took 0.158 seconds
[2024-03-16T11:27:50.841+0500] {processor.py:161} INFO - Started process (PID=18805) to work on /home/muhammadsami/Public/Projects/Airflow/DataPipelineswithApacheAirflow/.env/lib/python3.8/site-packages/airflow/example_dags/example_task_group.py
[2024-03-16T11:27:50.842+0500] {processor.py:830} INFO - Processing file /home/muhammadsami/Public/Projects/Airflow/DataPipelineswithApacheAirflow/.env/lib/python3.8/site-packages/airflow/example_dags/example_task_group.py for tasks to queue
[2024-03-16T11:27:50.843+0500] {logging_mixin.py:188} INFO - [2024-03-16T11:27:50.843+0500] {dagbag.py:540} INFO - Filling up the DagBag from /home/muhammadsami/Public/Projects/Airflow/DataPipelineswithApacheAirflow/.env/lib/python3.8/site-packages/airflow/example_dags/example_task_group.py
[2024-03-16T11:27:50.852+0500] {processor.py:840} INFO - DAG(s) 'example_task_group' retrieved from /home/muhammadsami/Public/Projects/Airflow/DataPipelineswithApacheAirflow/.env/lib/python3.8/site-packages/airflow/example_dags/example_task_group.py
[2024-03-16T11:27:50.867+0500] {logging_mixin.py:188} INFO - [2024-03-16T11:27:50.867+0500] {dag.py:3047} INFO - Sync 1 DAGs
[2024-03-16T11:27:50.884+0500] {logging_mixin.py:188} INFO - [2024-03-16T11:27:50.884+0500] {dag.py:3834} INFO - Setting next_dagrun for example_task_group to 2024-03-15 00:00:00+00:00, run_after=2024-03-16 00:00:00+00:00
[2024-03-16T11:27:50.986+0500] {processor.py:183} INFO - Processing /home/muhammadsami/Public/Projects/Airflow/DataPipelineswithApacheAirflow/.env/lib/python3.8/site-packages/airflow/example_dags/example_task_group.py took 0.148 seconds
[2024-03-16T11:28:39.702+0500] {processor.py:161} INFO - Started process (PID=18851) to work on /home/muhammadsami/Public/Projects/Airflow/DataPipelineswithApacheAirflow/.env/lib/python3.8/site-packages/airflow/example_dags/example_task_group.py
[2024-03-16T11:28:39.703+0500] {processor.py:830} INFO - Processing file /home/muhammadsami/Public/Projects/Airflow/DataPipelineswithApacheAirflow/.env/lib/python3.8/site-packages/airflow/example_dags/example_task_group.py for tasks to queue
[2024-03-16T11:28:39.704+0500] {logging_mixin.py:188} INFO - [2024-03-16T11:28:39.704+0500] {dagbag.py:540} INFO - Filling up the DagBag from /home/muhammadsami/Public/Projects/Airflow/DataPipelineswithApacheAirflow/.env/lib/python3.8/site-packages/airflow/example_dags/example_task_group.py
[2024-03-16T11:28:39.714+0500] {processor.py:840} INFO - DAG(s) 'example_task_group' retrieved from /home/muhammadsami/Public/Projects/Airflow/DataPipelineswithApacheAirflow/.env/lib/python3.8/site-packages/airflow/example_dags/example_task_group.py
[2024-03-16T11:28:39.732+0500] {logging_mixin.py:188} INFO - [2024-03-16T11:28:39.732+0500] {dag.py:3047} INFO - Sync 1 DAGs
[2024-03-16T11:28:39.751+0500] {logging_mixin.py:188} INFO - [2024-03-16T11:28:39.750+0500] {dag.py:3834} INFO - Setting next_dagrun for example_task_group to 2024-03-15 00:00:00+00:00, run_after=2024-03-16 00:00:00+00:00
[2024-03-16T11:28:39.882+0500] {processor.py:183} INFO - Processing /home/muhammadsami/Public/Projects/Airflow/DataPipelineswithApacheAirflow/.env/lib/python3.8/site-packages/airflow/example_dags/example_task_group.py took 0.183 seconds
[2024-03-16T11:29:30.612+0500] {processor.py:161} INFO - Started process (PID=18921) to work on /home/muhammadsami/Public/Projects/Airflow/DataPipelineswithApacheAirflow/.env/lib/python3.8/site-packages/airflow/example_dags/example_task_group.py
[2024-03-16T11:29:30.613+0500] {processor.py:830} INFO - Processing file /home/muhammadsami/Public/Projects/Airflow/DataPipelineswithApacheAirflow/.env/lib/python3.8/site-packages/airflow/example_dags/example_task_group.py for tasks to queue
[2024-03-16T11:29:30.614+0500] {logging_mixin.py:188} INFO - [2024-03-16T11:29:30.614+0500] {dagbag.py:540} INFO - Filling up the DagBag from /home/muhammadsami/Public/Projects/Airflow/DataPipelineswithApacheAirflow/.env/lib/python3.8/site-packages/airflow/example_dags/example_task_group.py
[2024-03-16T11:29:30.621+0500] {processor.py:840} INFO - DAG(s) 'example_task_group' retrieved from /home/muhammadsami/Public/Projects/Airflow/DataPipelineswithApacheAirflow/.env/lib/python3.8/site-packages/airflow/example_dags/example_task_group.py
[2024-03-16T11:29:30.634+0500] {logging_mixin.py:188} INFO - [2024-03-16T11:29:30.634+0500] {dag.py:3047} INFO - Sync 1 DAGs
[2024-03-16T11:29:30.655+0500] {logging_mixin.py:188} INFO - [2024-03-16T11:29:30.654+0500] {dag.py:3834} INFO - Setting next_dagrun for example_task_group to 2024-03-15 00:00:00+00:00, run_after=2024-03-16 00:00:00+00:00
[2024-03-16T11:29:30.758+0500] {processor.py:183} INFO - Processing /home/muhammadsami/Public/Projects/Airflow/DataPipelineswithApacheAirflow/.env/lib/python3.8/site-packages/airflow/example_dags/example_task_group.py took 0.148 seconds
[2024-03-16T11:30:21.891+0500] {processor.py:161} INFO - Started process (PID=18985) to work on /home/muhammadsami/Public/Projects/Airflow/DataPipelineswithApacheAirflow/.env/lib/python3.8/site-packages/airflow/example_dags/example_task_group.py
[2024-03-16T11:30:21.893+0500] {processor.py:830} INFO - Processing file /home/muhammadsami/Public/Projects/Airflow/DataPipelineswithApacheAirflow/.env/lib/python3.8/site-packages/airflow/example_dags/example_task_group.py for tasks to queue
[2024-03-16T11:30:21.894+0500] {logging_mixin.py:188} INFO - [2024-03-16T11:30:21.893+0500] {dagbag.py:540} INFO - Filling up the DagBag from /home/muhammadsami/Public/Projects/Airflow/DataPipelineswithApacheAirflow/.env/lib/python3.8/site-packages/airflow/example_dags/example_task_group.py
[2024-03-16T11:30:21.903+0500] {processor.py:840} INFO - DAG(s) 'example_task_group' retrieved from /home/muhammadsami/Public/Projects/Airflow/DataPipelineswithApacheAirflow/.env/lib/python3.8/site-packages/airflow/example_dags/example_task_group.py
[2024-03-16T11:30:21.925+0500] {logging_mixin.py:188} INFO - [2024-03-16T11:30:21.925+0500] {dag.py:3047} INFO - Sync 1 DAGs
[2024-03-16T11:30:21.961+0500] {logging_mixin.py:188} INFO - [2024-03-16T11:30:21.961+0500] {dag.py:3834} INFO - Setting next_dagrun for example_task_group to 2024-03-15 00:00:00+00:00, run_after=2024-03-16 00:00:00+00:00
[2024-03-16T11:30:22.072+0500] {processor.py:183} INFO - Processing /home/muhammadsami/Public/Projects/Airflow/DataPipelineswithApacheAirflow/.env/lib/python3.8/site-packages/airflow/example_dags/example_task_group.py took 0.183 seconds
[2024-03-16T11:39:03.050+0500] {processor.py:161} INFO - Started process (PID=19625) to work on /home/muhammadsami/Public/Projects/Airflow/DataPipelineswithApacheAirflow/.env/lib/python3.8/site-packages/airflow/example_dags/example_task_group.py
[2024-03-16T11:39:03.051+0500] {processor.py:830} INFO - Processing file /home/muhammadsami/Public/Projects/Airflow/DataPipelineswithApacheAirflow/.env/lib/python3.8/site-packages/airflow/example_dags/example_task_group.py for tasks to queue
[2024-03-16T11:39:03.052+0500] {logging_mixin.py:188} INFO - [2024-03-16T11:39:03.051+0500] {dagbag.py:540} INFO - Filling up the DagBag from /home/muhammadsami/Public/Projects/Airflow/DataPipelineswithApacheAirflow/.env/lib/python3.8/site-packages/airflow/example_dags/example_task_group.py
[2024-03-16T11:39:03.062+0500] {processor.py:840} INFO - DAG(s) 'example_task_group' retrieved from /home/muhammadsami/Public/Projects/Airflow/DataPipelineswithApacheAirflow/.env/lib/python3.8/site-packages/airflow/example_dags/example_task_group.py
[2024-03-16T11:39:03.077+0500] {logging_mixin.py:188} INFO - [2024-03-16T11:39:03.077+0500] {dag.py:3047} INFO - Sync 1 DAGs
[2024-03-16T11:39:03.097+0500] {logging_mixin.py:188} INFO - [2024-03-16T11:39:03.097+0500] {dag.py:3834} INFO - Setting next_dagrun for example_task_group to 2024-03-15 00:00:00+00:00, run_after=2024-03-16 00:00:00+00:00
[2024-03-16T11:39:03.205+0500] {processor.py:183} INFO - Processing /home/muhammadsami/Public/Projects/Airflow/DataPipelineswithApacheAirflow/.env/lib/python3.8/site-packages/airflow/example_dags/example_task_group.py took 0.158 seconds
[2024-03-16T11:40:10.150+0500] {processor.py:161} INFO - Started process (PID=19939) to work on /home/muhammadsami/Public/Projects/Airflow/DataPipelineswithApacheAirflow/.env/lib/python3.8/site-packages/airflow/example_dags/example_task_group.py
[2024-03-16T11:40:10.165+0500] {processor.py:830} INFO - Processing file /home/muhammadsami/Public/Projects/Airflow/DataPipelineswithApacheAirflow/.env/lib/python3.8/site-packages/airflow/example_dags/example_task_group.py for tasks to queue
[2024-03-16T11:40:10.166+0500] {logging_mixin.py:188} INFO - [2024-03-16T11:40:10.166+0500] {dagbag.py:540} INFO - Filling up the DagBag from /home/muhammadsami/Public/Projects/Airflow/DataPipelineswithApacheAirflow/.env/lib/python3.8/site-packages/airflow/example_dags/example_task_group.py
[2024-03-16T11:40:10.172+0500] {processor.py:840} INFO - DAG(s) 'example_task_group' retrieved from /home/muhammadsami/Public/Projects/Airflow/DataPipelineswithApacheAirflow/.env/lib/python3.8/site-packages/airflow/example_dags/example_task_group.py
[2024-03-16T11:40:10.187+0500] {logging_mixin.py:188} INFO - [2024-03-16T11:40:10.187+0500] {dag.py:3047} INFO - Sync 1 DAGs
[2024-03-16T11:40:10.205+0500] {logging_mixin.py:188} INFO - [2024-03-16T11:40:10.205+0500] {dag.py:3834} INFO - Setting next_dagrun for example_task_group to 2024-03-15 00:00:00+00:00, run_after=2024-03-16 00:00:00+00:00
[2024-03-16T11:40:10.393+0500] {processor.py:183} INFO - Processing /home/muhammadsami/Public/Projects/Airflow/DataPipelineswithApacheAirflow/.env/lib/python3.8/site-packages/airflow/example_dags/example_task_group.py took 0.246 seconds
[2024-03-16T11:41:28.537+0500] {processor.py:161} INFO - Started process (PID=20189) to work on /home/muhammadsami/Public/Projects/Airflow/DataPipelineswithApacheAirflow/.env/lib/python3.8/site-packages/airflow/example_dags/example_task_group.py
[2024-03-16T11:41:28.538+0500] {processor.py:830} INFO - Processing file /home/muhammadsami/Public/Projects/Airflow/DataPipelineswithApacheAirflow/.env/lib/python3.8/site-packages/airflow/example_dags/example_task_group.py for tasks to queue
[2024-03-16T11:41:28.539+0500] {logging_mixin.py:188} INFO - [2024-03-16T11:41:28.539+0500] {dagbag.py:540} INFO - Filling up the DagBag from /home/muhammadsami/Public/Projects/Airflow/DataPipelineswithApacheAirflow/.env/lib/python3.8/site-packages/airflow/example_dags/example_task_group.py
[2024-03-16T11:41:28.545+0500] {processor.py:840} INFO - DAG(s) 'example_task_group' retrieved from /home/muhammadsami/Public/Projects/Airflow/DataPipelineswithApacheAirflow/.env/lib/python3.8/site-packages/airflow/example_dags/example_task_group.py
[2024-03-16T11:41:28.559+0500] {logging_mixin.py:188} INFO - [2024-03-16T11:41:28.559+0500] {dag.py:3047} INFO - Sync 1 DAGs
[2024-03-16T11:41:28.576+0500] {logging_mixin.py:188} INFO - [2024-03-16T11:41:28.576+0500] {dag.py:3834} INFO - Setting next_dagrun for example_task_group to 2024-03-15 00:00:00+00:00, run_after=2024-03-16 00:00:00+00:00
[2024-03-16T11:41:28.672+0500] {processor.py:183} INFO - Processing /home/muhammadsami/Public/Projects/Airflow/DataPipelineswithApacheAirflow/.env/lib/python3.8/site-packages/airflow/example_dags/example_task_group.py took 0.138 seconds
[2024-03-16T11:42:24.039+0500] {processor.py:161} INFO - Started process (PID=20252) to work on /home/muhammadsami/Public/Projects/Airflow/DataPipelineswithApacheAirflow/.env/lib/python3.8/site-packages/airflow/example_dags/example_task_group.py
[2024-03-16T11:42:24.040+0500] {processor.py:830} INFO - Processing file /home/muhammadsami/Public/Projects/Airflow/DataPipelineswithApacheAirflow/.env/lib/python3.8/site-packages/airflow/example_dags/example_task_group.py for tasks to queue
[2024-03-16T11:42:24.041+0500] {logging_mixin.py:188} INFO - [2024-03-16T11:42:24.041+0500] {dagbag.py:540} INFO - Filling up the DagBag from /home/muhammadsami/Public/Projects/Airflow/DataPipelineswithApacheAirflow/.env/lib/python3.8/site-packages/airflow/example_dags/example_task_group.py
[2024-03-16T11:42:24.049+0500] {processor.py:840} INFO - DAG(s) 'example_task_group' retrieved from /home/muhammadsami/Public/Projects/Airflow/DataPipelineswithApacheAirflow/.env/lib/python3.8/site-packages/airflow/example_dags/example_task_group.py
[2024-03-16T11:42:24.063+0500] {logging_mixin.py:188} INFO - [2024-03-16T11:42:24.062+0500] {dag.py:3047} INFO - Sync 1 DAGs
[2024-03-16T11:42:24.080+0500] {logging_mixin.py:188} INFO - [2024-03-16T11:42:24.080+0500] {dag.py:3834} INFO - Setting next_dagrun for example_task_group to 2024-03-15 00:00:00+00:00, run_after=2024-03-16 00:00:00+00:00
[2024-03-16T11:42:24.175+0500] {processor.py:183} INFO - Processing /home/muhammadsami/Public/Projects/Airflow/DataPipelineswithApacheAirflow/.env/lib/python3.8/site-packages/airflow/example_dags/example_task_group.py took 0.139 seconds
[2024-03-16T11:43:16.720+0500] {processor.py:161} INFO - Started process (PID=20310) to work on /home/muhammadsami/Public/Projects/Airflow/DataPipelineswithApacheAirflow/.env/lib/python3.8/site-packages/airflow/example_dags/example_task_group.py
[2024-03-16T11:43:16.721+0500] {processor.py:830} INFO - Processing file /home/muhammadsami/Public/Projects/Airflow/DataPipelineswithApacheAirflow/.env/lib/python3.8/site-packages/airflow/example_dags/example_task_group.py for tasks to queue
[2024-03-16T11:43:16.722+0500] {logging_mixin.py:188} INFO - [2024-03-16T11:43:16.722+0500] {dagbag.py:540} INFO - Filling up the DagBag from /home/muhammadsami/Public/Projects/Airflow/DataPipelineswithApacheAirflow/.env/lib/python3.8/site-packages/airflow/example_dags/example_task_group.py
[2024-03-16T11:43:16.729+0500] {processor.py:840} INFO - DAG(s) 'example_task_group' retrieved from /home/muhammadsami/Public/Projects/Airflow/DataPipelineswithApacheAirflow/.env/lib/python3.8/site-packages/airflow/example_dags/example_task_group.py
[2024-03-16T11:43:16.744+0500] {logging_mixin.py:188} INFO - [2024-03-16T11:43:16.744+0500] {dag.py:3047} INFO - Sync 1 DAGs
[2024-03-16T11:43:16.762+0500] {logging_mixin.py:188} INFO - [2024-03-16T11:43:16.761+0500] {dag.py:3834} INFO - Setting next_dagrun for example_task_group to 2024-03-15 00:00:00+00:00, run_after=2024-03-16 00:00:00+00:00
[2024-03-16T11:43:16.866+0500] {processor.py:183} INFO - Processing /home/muhammadsami/Public/Projects/Airflow/DataPipelineswithApacheAirflow/.env/lib/python3.8/site-packages/airflow/example_dags/example_task_group.py took 0.149 seconds
[2024-03-16T11:44:09.105+0500] {processor.py:161} INFO - Started process (PID=20387) to work on /home/muhammadsami/Public/Projects/Airflow/DataPipelineswithApacheAirflow/.env/lib/python3.8/site-packages/airflow/example_dags/example_task_group.py
[2024-03-16T11:44:09.113+0500] {processor.py:830} INFO - Processing file /home/muhammadsami/Public/Projects/Airflow/DataPipelineswithApacheAirflow/.env/lib/python3.8/site-packages/airflow/example_dags/example_task_group.py for tasks to queue
[2024-03-16T11:44:09.114+0500] {logging_mixin.py:188} INFO - [2024-03-16T11:44:09.114+0500] {dagbag.py:540} INFO - Filling up the DagBag from /home/muhammadsami/Public/Projects/Airflow/DataPipelineswithApacheAirflow/.env/lib/python3.8/site-packages/airflow/example_dags/example_task_group.py
[2024-03-16T11:44:09.121+0500] {processor.py:840} INFO - DAG(s) 'example_task_group' retrieved from /home/muhammadsami/Public/Projects/Airflow/DataPipelineswithApacheAirflow/.env/lib/python3.8/site-packages/airflow/example_dags/example_task_group.py
[2024-03-16T11:44:09.134+0500] {logging_mixin.py:188} INFO - [2024-03-16T11:44:09.134+0500] {dag.py:3047} INFO - Sync 1 DAGs
[2024-03-16T11:44:09.152+0500] {logging_mixin.py:188} INFO - [2024-03-16T11:44:09.151+0500] {dag.py:3834} INFO - Setting next_dagrun for example_task_group to 2024-03-15 00:00:00+00:00, run_after=2024-03-16 00:00:00+00:00
[2024-03-16T11:44:09.243+0500] {processor.py:183} INFO - Processing /home/muhammadsami/Public/Projects/Airflow/DataPipelineswithApacheAirflow/.env/lib/python3.8/site-packages/airflow/example_dags/example_task_group.py took 0.141 seconds
[2024-03-16T11:45:11.765+0500] {processor.py:161} INFO - Started process (PID=20746) to work on /home/muhammadsami/Public/Projects/Airflow/DataPipelineswithApacheAirflow/.env/lib/python3.8/site-packages/airflow/example_dags/example_task_group.py
[2024-03-16T11:45:11.766+0500] {processor.py:830} INFO - Processing file /home/muhammadsami/Public/Projects/Airflow/DataPipelineswithApacheAirflow/.env/lib/python3.8/site-packages/airflow/example_dags/example_task_group.py for tasks to queue
[2024-03-16T11:45:11.767+0500] {logging_mixin.py:188} INFO - [2024-03-16T11:45:11.767+0500] {dagbag.py:540} INFO - Filling up the DagBag from /home/muhammadsami/Public/Projects/Airflow/DataPipelineswithApacheAirflow/.env/lib/python3.8/site-packages/airflow/example_dags/example_task_group.py
[2024-03-16T11:45:11.774+0500] {processor.py:840} INFO - DAG(s) 'example_task_group' retrieved from /home/muhammadsami/Public/Projects/Airflow/DataPipelineswithApacheAirflow/.env/lib/python3.8/site-packages/airflow/example_dags/example_task_group.py
[2024-03-16T11:45:11.788+0500] {logging_mixin.py:188} INFO - [2024-03-16T11:45:11.788+0500] {dag.py:3047} INFO - Sync 1 DAGs
[2024-03-16T11:45:11.806+0500] {logging_mixin.py:188} INFO - [2024-03-16T11:45:11.805+0500] {dag.py:3834} INFO - Setting next_dagrun for example_task_group to 2024-03-15 00:00:00+00:00, run_after=2024-03-16 00:00:00+00:00
[2024-03-16T11:45:11.910+0500] {processor.py:183} INFO - Processing /home/muhammadsami/Public/Projects/Airflow/DataPipelineswithApacheAirflow/.env/lib/python3.8/site-packages/airflow/example_dags/example_task_group.py took 0.148 seconds
[2024-03-16T11:46:15.246+0500] {processor.py:161} INFO - Started process (PID=20864) to work on /home/muhammadsami/Public/Projects/Airflow/DataPipelineswithApacheAirflow/.env/lib/python3.8/site-packages/airflow/example_dags/example_task_group.py
[2024-03-16T11:46:15.248+0500] {processor.py:830} INFO - Processing file /home/muhammadsami/Public/Projects/Airflow/DataPipelineswithApacheAirflow/.env/lib/python3.8/site-packages/airflow/example_dags/example_task_group.py for tasks to queue
[2024-03-16T11:46:15.249+0500] {logging_mixin.py:188} INFO - [2024-03-16T11:46:15.248+0500] {dagbag.py:540} INFO - Filling up the DagBag from /home/muhammadsami/Public/Projects/Airflow/DataPipelineswithApacheAirflow/.env/lib/python3.8/site-packages/airflow/example_dags/example_task_group.py
[2024-03-16T11:46:15.258+0500] {processor.py:840} INFO - DAG(s) 'example_task_group' retrieved from /home/muhammadsami/Public/Projects/Airflow/DataPipelineswithApacheAirflow/.env/lib/python3.8/site-packages/airflow/example_dags/example_task_group.py
[2024-03-16T11:46:15.273+0500] {logging_mixin.py:188} INFO - [2024-03-16T11:46:15.272+0500] {dag.py:3047} INFO - Sync 1 DAGs
[2024-03-16T11:46:15.290+0500] {logging_mixin.py:188} INFO - [2024-03-16T11:46:15.290+0500] {dag.py:3834} INFO - Setting next_dagrun for example_task_group to 2024-03-15 00:00:00+00:00, run_after=2024-03-16 00:00:00+00:00
[2024-03-16T11:46:15.394+0500] {processor.py:183} INFO - Processing /home/muhammadsami/Public/Projects/Airflow/DataPipelineswithApacheAirflow/.env/lib/python3.8/site-packages/airflow/example_dags/example_task_group.py took 0.151 seconds
[2024-03-16T11:47:06.817+0500] {processor.py:161} INFO - Started process (PID=20942) to work on /home/muhammadsami/Public/Projects/Airflow/DataPipelineswithApacheAirflow/.env/lib/python3.8/site-packages/airflow/example_dags/example_task_group.py
[2024-03-16T11:47:06.818+0500] {processor.py:830} INFO - Processing file /home/muhammadsami/Public/Projects/Airflow/DataPipelineswithApacheAirflow/.env/lib/python3.8/site-packages/airflow/example_dags/example_task_group.py for tasks to queue
[2024-03-16T11:47:06.819+0500] {logging_mixin.py:188} INFO - [2024-03-16T11:47:06.819+0500] {dagbag.py:540} INFO - Filling up the DagBag from /home/muhammadsami/Public/Projects/Airflow/DataPipelineswithApacheAirflow/.env/lib/python3.8/site-packages/airflow/example_dags/example_task_group.py
[2024-03-16T11:47:06.828+0500] {processor.py:840} INFO - DAG(s) 'example_task_group' retrieved from /home/muhammadsami/Public/Projects/Airflow/DataPipelineswithApacheAirflow/.env/lib/python3.8/site-packages/airflow/example_dags/example_task_group.py
[2024-03-16T11:47:06.842+0500] {logging_mixin.py:188} INFO - [2024-03-16T11:47:06.842+0500] {dag.py:3047} INFO - Sync 1 DAGs
[2024-03-16T11:47:06.859+0500] {logging_mixin.py:188} INFO - [2024-03-16T11:47:06.858+0500] {dag.py:3834} INFO - Setting next_dagrun for example_task_group to 2024-03-15 00:00:00+00:00, run_after=2024-03-16 00:00:00+00:00
[2024-03-16T11:47:06.954+0500] {processor.py:183} INFO - Processing /home/muhammadsami/Public/Projects/Airflow/DataPipelineswithApacheAirflow/.env/lib/python3.8/site-packages/airflow/example_dags/example_task_group.py took 0.139 seconds
[2024-03-16T11:47:56.836+0500] {processor.py:161} INFO - Started process (PID=20995) to work on /home/muhammadsami/Public/Projects/Airflow/DataPipelineswithApacheAirflow/.env/lib/python3.8/site-packages/airflow/example_dags/example_task_group.py
[2024-03-16T11:47:56.838+0500] {processor.py:830} INFO - Processing file /home/muhammadsami/Public/Projects/Airflow/DataPipelineswithApacheAirflow/.env/lib/python3.8/site-packages/airflow/example_dags/example_task_group.py for tasks to queue
[2024-03-16T11:47:56.839+0500] {logging_mixin.py:188} INFO - [2024-03-16T11:47:56.838+0500] {dagbag.py:540} INFO - Filling up the DagBag from /home/muhammadsami/Public/Projects/Airflow/DataPipelineswithApacheAirflow/.env/lib/python3.8/site-packages/airflow/example_dags/example_task_group.py
[2024-03-16T11:47:56.848+0500] {processor.py:840} INFO - DAG(s) 'example_task_group' retrieved from /home/muhammadsami/Public/Projects/Airflow/DataPipelineswithApacheAirflow/.env/lib/python3.8/site-packages/airflow/example_dags/example_task_group.py
[2024-03-16T11:47:56.863+0500] {logging_mixin.py:188} INFO - [2024-03-16T11:47:56.863+0500] {dag.py:3047} INFO - Sync 1 DAGs
[2024-03-16T11:47:56.881+0500] {logging_mixin.py:188} INFO - [2024-03-16T11:47:56.880+0500] {dag.py:3834} INFO - Setting next_dagrun for example_task_group to 2024-03-15 00:00:00+00:00, run_after=2024-03-16 00:00:00+00:00
[2024-03-16T11:47:56.980+0500] {processor.py:183} INFO - Processing /home/muhammadsami/Public/Projects/Airflow/DataPipelineswithApacheAirflow/.env/lib/python3.8/site-packages/airflow/example_dags/example_task_group.py took 0.147 seconds
[2024-03-16T11:48:44.252+0500] {processor.py:161} INFO - Started process (PID=21070) to work on /home/muhammadsami/Public/Projects/Airflow/DataPipelineswithApacheAirflow/.env/lib/python3.8/site-packages/airflow/example_dags/example_task_group.py
[2024-03-16T11:48:44.253+0500] {processor.py:830} INFO - Processing file /home/muhammadsami/Public/Projects/Airflow/DataPipelineswithApacheAirflow/.env/lib/python3.8/site-packages/airflow/example_dags/example_task_group.py for tasks to queue
[2024-03-16T11:48:44.254+0500] {logging_mixin.py:188} INFO - [2024-03-16T11:48:44.253+0500] {dagbag.py:540} INFO - Filling up the DagBag from /home/muhammadsami/Public/Projects/Airflow/DataPipelineswithApacheAirflow/.env/lib/python3.8/site-packages/airflow/example_dags/example_task_group.py
[2024-03-16T11:48:44.263+0500] {processor.py:840} INFO - DAG(s) 'example_task_group' retrieved from /home/muhammadsami/Public/Projects/Airflow/DataPipelineswithApacheAirflow/.env/lib/python3.8/site-packages/airflow/example_dags/example_task_group.py
[2024-03-16T11:48:44.278+0500] {logging_mixin.py:188} INFO - [2024-03-16T11:48:44.278+0500] {dag.py:3047} INFO - Sync 1 DAGs
[2024-03-16T11:48:44.297+0500] {logging_mixin.py:188} INFO - [2024-03-16T11:48:44.297+0500] {dag.py:3834} INFO - Setting next_dagrun for example_task_group to 2024-03-15 00:00:00+00:00, run_after=2024-03-16 00:00:00+00:00
[2024-03-16T11:48:44.399+0500] {processor.py:183} INFO - Processing /home/muhammadsami/Public/Projects/Airflow/DataPipelineswithApacheAirflow/.env/lib/python3.8/site-packages/airflow/example_dags/example_task_group.py took 0.150 seconds
[2024-03-16T11:49:32.480+0500] {processor.py:161} INFO - Started process (PID=21115) to work on /home/muhammadsami/Public/Projects/Airflow/DataPipelineswithApacheAirflow/.env/lib/python3.8/site-packages/airflow/example_dags/example_task_group.py
[2024-03-16T11:49:32.490+0500] {processor.py:830} INFO - Processing file /home/muhammadsami/Public/Projects/Airflow/DataPipelineswithApacheAirflow/.env/lib/python3.8/site-packages/airflow/example_dags/example_task_group.py for tasks to queue
[2024-03-16T11:49:32.491+0500] {logging_mixin.py:188} INFO - [2024-03-16T11:49:32.490+0500] {dagbag.py:540} INFO - Filling up the DagBag from /home/muhammadsami/Public/Projects/Airflow/DataPipelineswithApacheAirflow/.env/lib/python3.8/site-packages/airflow/example_dags/example_task_group.py
[2024-03-16T11:49:32.497+0500] {processor.py:840} INFO - DAG(s) 'example_task_group' retrieved from /home/muhammadsami/Public/Projects/Airflow/DataPipelineswithApacheAirflow/.env/lib/python3.8/site-packages/airflow/example_dags/example_task_group.py
[2024-03-16T11:49:32.511+0500] {logging_mixin.py:188} INFO - [2024-03-16T11:49:32.510+0500] {dag.py:3047} INFO - Sync 1 DAGs
[2024-03-16T11:49:32.531+0500] {logging_mixin.py:188} INFO - [2024-03-16T11:49:32.530+0500] {dag.py:3834} INFO - Setting next_dagrun for example_task_group to 2024-03-15 00:00:00+00:00, run_after=2024-03-16 00:00:00+00:00
[2024-03-16T11:49:32.626+0500] {processor.py:183} INFO - Processing /home/muhammadsami/Public/Projects/Airflow/DataPipelineswithApacheAirflow/.env/lib/python3.8/site-packages/airflow/example_dags/example_task_group.py took 0.148 seconds
[2024-03-16T11:50:22.114+0500] {processor.py:161} INFO - Started process (PID=21162) to work on /home/muhammadsami/Public/Projects/Airflow/DataPipelineswithApacheAirflow/.env/lib/python3.8/site-packages/airflow/example_dags/example_task_group.py
[2024-03-16T11:50:22.116+0500] {processor.py:830} INFO - Processing file /home/muhammadsami/Public/Projects/Airflow/DataPipelineswithApacheAirflow/.env/lib/python3.8/site-packages/airflow/example_dags/example_task_group.py for tasks to queue
[2024-03-16T11:50:22.117+0500] {logging_mixin.py:188} INFO - [2024-03-16T11:50:22.116+0500] {dagbag.py:540} INFO - Filling up the DagBag from /home/muhammadsami/Public/Projects/Airflow/DataPipelineswithApacheAirflow/.env/lib/python3.8/site-packages/airflow/example_dags/example_task_group.py
[2024-03-16T11:50:22.124+0500] {processor.py:840} INFO - DAG(s) 'example_task_group' retrieved from /home/muhammadsami/Public/Projects/Airflow/DataPipelineswithApacheAirflow/.env/lib/python3.8/site-packages/airflow/example_dags/example_task_group.py
[2024-03-16T11:50:22.141+0500] {logging_mixin.py:188} INFO - [2024-03-16T11:50:22.141+0500] {dag.py:3047} INFO - Sync 1 DAGs
[2024-03-16T11:50:22.162+0500] {logging_mixin.py:188} INFO - [2024-03-16T11:50:22.162+0500] {dag.py:3834} INFO - Setting next_dagrun for example_task_group to 2024-03-15 00:00:00+00:00, run_after=2024-03-16 00:00:00+00:00
[2024-03-16T11:50:22.264+0500] {processor.py:183} INFO - Processing /home/muhammadsami/Public/Projects/Airflow/DataPipelineswithApacheAirflow/.env/lib/python3.8/site-packages/airflow/example_dags/example_task_group.py took 0.153 seconds
[2024-03-16T11:51:13.413+0500] {processor.py:161} INFO - Started process (PID=21248) to work on /home/muhammadsami/Public/Projects/Airflow/DataPipelineswithApacheAirflow/.env/lib/python3.8/site-packages/airflow/example_dags/example_task_group.py
[2024-03-16T11:51:13.418+0500] {processor.py:830} INFO - Processing file /home/muhammadsami/Public/Projects/Airflow/DataPipelineswithApacheAirflow/.env/lib/python3.8/site-packages/airflow/example_dags/example_task_group.py for tasks to queue
[2024-03-16T11:51:13.419+0500] {logging_mixin.py:188} INFO - [2024-03-16T11:51:13.419+0500] {dagbag.py:540} INFO - Filling up the DagBag from /home/muhammadsami/Public/Projects/Airflow/DataPipelineswithApacheAirflow/.env/lib/python3.8/site-packages/airflow/example_dags/example_task_group.py
[2024-03-16T11:51:13.427+0500] {processor.py:840} INFO - DAG(s) 'example_task_group' retrieved from /home/muhammadsami/Public/Projects/Airflow/DataPipelineswithApacheAirflow/.env/lib/python3.8/site-packages/airflow/example_dags/example_task_group.py
[2024-03-16T11:51:13.445+0500] {logging_mixin.py:188} INFO - [2024-03-16T11:51:13.445+0500] {dag.py:3047} INFO - Sync 1 DAGs
[2024-03-16T11:51:13.463+0500] {logging_mixin.py:188} INFO - [2024-03-16T11:51:13.462+0500] {dag.py:3834} INFO - Setting next_dagrun for example_task_group to 2024-03-15 00:00:00+00:00, run_after=2024-03-16 00:00:00+00:00
[2024-03-16T11:51:13.562+0500] {processor.py:183} INFO - Processing /home/muhammadsami/Public/Projects/Airflow/DataPipelineswithApacheAirflow/.env/lib/python3.8/site-packages/airflow/example_dags/example_task_group.py took 0.152 seconds
[2024-03-16T11:52:06.090+0500] {processor.py:161} INFO - Started process (PID=21426) to work on /home/muhammadsami/Public/Projects/Airflow/DataPipelineswithApacheAirflow/.env/lib/python3.8/site-packages/airflow/example_dags/example_task_group.py
[2024-03-16T11:52:06.094+0500] {processor.py:830} INFO - Processing file /home/muhammadsami/Public/Projects/Airflow/DataPipelineswithApacheAirflow/.env/lib/python3.8/site-packages/airflow/example_dags/example_task_group.py for tasks to queue
[2024-03-16T11:52:06.095+0500] {logging_mixin.py:188} INFO - [2024-03-16T11:52:06.094+0500] {dagbag.py:540} INFO - Filling up the DagBag from /home/muhammadsami/Public/Projects/Airflow/DataPipelineswithApacheAirflow/.env/lib/python3.8/site-packages/airflow/example_dags/example_task_group.py
[2024-03-16T11:52:06.102+0500] {processor.py:840} INFO - DAG(s) 'example_task_group' retrieved from /home/muhammadsami/Public/Projects/Airflow/DataPipelineswithApacheAirflow/.env/lib/python3.8/site-packages/airflow/example_dags/example_task_group.py
[2024-03-16T11:52:06.116+0500] {logging_mixin.py:188} INFO - [2024-03-16T11:52:06.115+0500] {dag.py:3047} INFO - Sync 1 DAGs
[2024-03-16T11:52:06.132+0500] {logging_mixin.py:188} INFO - [2024-03-16T11:52:06.132+0500] {dag.py:3834} INFO - Setting next_dagrun for example_task_group to 2024-03-15 00:00:00+00:00, run_after=2024-03-16 00:00:00+00:00
[2024-03-16T11:52:06.223+0500] {processor.py:183} INFO - Processing /home/muhammadsami/Public/Projects/Airflow/DataPipelineswithApacheAirflow/.env/lib/python3.8/site-packages/airflow/example_dags/example_task_group.py took 0.135 seconds
[2024-03-16T11:52:57.685+0500] {processor.py:161} INFO - Started process (PID=21510) to work on /home/muhammadsami/Public/Projects/Airflow/DataPipelineswithApacheAirflow/.env/lib/python3.8/site-packages/airflow/example_dags/example_task_group.py
[2024-03-16T11:52:57.697+0500] {processor.py:830} INFO - Processing file /home/muhammadsami/Public/Projects/Airflow/DataPipelineswithApacheAirflow/.env/lib/python3.8/site-packages/airflow/example_dags/example_task_group.py for tasks to queue
[2024-03-16T11:52:57.698+0500] {logging_mixin.py:188} INFO - [2024-03-16T11:52:57.698+0500] {dagbag.py:540} INFO - Filling up the DagBag from /home/muhammadsami/Public/Projects/Airflow/DataPipelineswithApacheAirflow/.env/lib/python3.8/site-packages/airflow/example_dags/example_task_group.py
[2024-03-16T11:52:57.704+0500] {processor.py:840} INFO - DAG(s) 'example_task_group' retrieved from /home/muhammadsami/Public/Projects/Airflow/DataPipelineswithApacheAirflow/.env/lib/python3.8/site-packages/airflow/example_dags/example_task_group.py
[2024-03-16T11:52:57.718+0500] {logging_mixin.py:188} INFO - [2024-03-16T11:52:57.718+0500] {dag.py:3047} INFO - Sync 1 DAGs
[2024-03-16T11:52:57.735+0500] {logging_mixin.py:188} INFO - [2024-03-16T11:52:57.735+0500] {dag.py:3834} INFO - Setting next_dagrun for example_task_group to 2024-03-15 00:00:00+00:00, run_after=2024-03-16 00:00:00+00:00
[2024-03-16T11:52:57.834+0500] {processor.py:183} INFO - Processing /home/muhammadsami/Public/Projects/Airflow/DataPipelineswithApacheAirflow/.env/lib/python3.8/site-packages/airflow/example_dags/example_task_group.py took 0.152 seconds
[2024-03-16T11:53:50.124+0500] {processor.py:161} INFO - Started process (PID=21632) to work on /home/muhammadsami/Public/Projects/Airflow/DataPipelineswithApacheAirflow/.env/lib/python3.8/site-packages/airflow/example_dags/example_task_group.py
[2024-03-16T11:53:50.136+0500] {processor.py:830} INFO - Processing file /home/muhammadsami/Public/Projects/Airflow/DataPipelineswithApacheAirflow/.env/lib/python3.8/site-packages/airflow/example_dags/example_task_group.py for tasks to queue
[2024-03-16T11:53:50.137+0500] {logging_mixin.py:188} INFO - [2024-03-16T11:53:50.137+0500] {dagbag.py:540} INFO - Filling up the DagBag from /home/muhammadsami/Public/Projects/Airflow/DataPipelineswithApacheAirflow/.env/lib/python3.8/site-packages/airflow/example_dags/example_task_group.py
[2024-03-16T11:53:50.145+0500] {processor.py:840} INFO - DAG(s) 'example_task_group' retrieved from /home/muhammadsami/Public/Projects/Airflow/DataPipelineswithApacheAirflow/.env/lib/python3.8/site-packages/airflow/example_dags/example_task_group.py
[2024-03-16T11:53:50.160+0500] {logging_mixin.py:188} INFO - [2024-03-16T11:53:50.160+0500] {dag.py:3047} INFO - Sync 1 DAGs
[2024-03-16T11:53:50.180+0500] {logging_mixin.py:188} INFO - [2024-03-16T11:53:50.179+0500] {dag.py:3834} INFO - Setting next_dagrun for example_task_group to 2024-03-15 00:00:00+00:00, run_after=2024-03-16 00:00:00+00:00
[2024-03-16T11:53:50.278+0500] {processor.py:183} INFO - Processing /home/muhammadsami/Public/Projects/Airflow/DataPipelineswithApacheAirflow/.env/lib/python3.8/site-packages/airflow/example_dags/example_task_group.py took 0.157 seconds
[2024-03-16T11:54:40.999+0500] {processor.py:161} INFO - Started process (PID=21721) to work on /home/muhammadsami/Public/Projects/Airflow/DataPipelineswithApacheAirflow/.env/lib/python3.8/site-packages/airflow/example_dags/example_task_group.py
[2024-03-16T11:54:41.012+0500] {processor.py:830} INFO - Processing file /home/muhammadsami/Public/Projects/Airflow/DataPipelineswithApacheAirflow/.env/lib/python3.8/site-packages/airflow/example_dags/example_task_group.py for tasks to queue
[2024-03-16T11:54:41.013+0500] {logging_mixin.py:188} INFO - [2024-03-16T11:54:41.012+0500] {dagbag.py:540} INFO - Filling up the DagBag from /home/muhammadsami/Public/Projects/Airflow/DataPipelineswithApacheAirflow/.env/lib/python3.8/site-packages/airflow/example_dags/example_task_group.py
[2024-03-16T11:54:41.019+0500] {processor.py:840} INFO - DAG(s) 'example_task_group' retrieved from /home/muhammadsami/Public/Projects/Airflow/DataPipelineswithApacheAirflow/.env/lib/python3.8/site-packages/airflow/example_dags/example_task_group.py
[2024-03-16T11:54:41.036+0500] {logging_mixin.py:188} INFO - [2024-03-16T11:54:41.036+0500] {dag.py:3047} INFO - Sync 1 DAGs
[2024-03-16T11:54:41.058+0500] {logging_mixin.py:188} INFO - [2024-03-16T11:54:41.057+0500] {dag.py:3834} INFO - Setting next_dagrun for example_task_group to 2024-03-15 00:00:00+00:00, run_after=2024-03-16 00:00:00+00:00
[2024-03-16T11:54:41.172+0500] {processor.py:183} INFO - Processing /home/muhammadsami/Public/Projects/Airflow/DataPipelineswithApacheAirflow/.env/lib/python3.8/site-packages/airflow/example_dags/example_task_group.py took 0.177 seconds
[2024-03-16T11:55:29.948+0500] {processor.py:161} INFO - Started process (PID=21882) to work on /home/muhammadsami/Public/Projects/Airflow/DataPipelineswithApacheAirflow/.env/lib/python3.8/site-packages/airflow/example_dags/example_task_group.py
[2024-03-16T11:55:29.964+0500] {processor.py:830} INFO - Processing file /home/muhammadsami/Public/Projects/Airflow/DataPipelineswithApacheAirflow/.env/lib/python3.8/site-packages/airflow/example_dags/example_task_group.py for tasks to queue
[2024-03-16T11:55:29.965+0500] {logging_mixin.py:188} INFO - [2024-03-16T11:55:29.965+0500] {dagbag.py:540} INFO - Filling up the DagBag from /home/muhammadsami/Public/Projects/Airflow/DataPipelineswithApacheAirflow/.env/lib/python3.8/site-packages/airflow/example_dags/example_task_group.py
[2024-03-16T11:55:29.972+0500] {processor.py:840} INFO - DAG(s) 'example_task_group' retrieved from /home/muhammadsami/Public/Projects/Airflow/DataPipelineswithApacheAirflow/.env/lib/python3.8/site-packages/airflow/example_dags/example_task_group.py
[2024-03-16T11:55:29.989+0500] {logging_mixin.py:188} INFO - [2024-03-16T11:55:29.988+0500] {dag.py:3047} INFO - Sync 1 DAGs
[2024-03-16T11:55:30.007+0500] {logging_mixin.py:188} INFO - [2024-03-16T11:55:30.007+0500] {dag.py:3834} INFO - Setting next_dagrun for example_task_group to 2024-03-15 00:00:00+00:00, run_after=2024-03-16 00:00:00+00:00
[2024-03-16T11:55:30.101+0500] {processor.py:183} INFO - Processing /home/muhammadsami/Public/Projects/Airflow/DataPipelineswithApacheAirflow/.env/lib/python3.8/site-packages/airflow/example_dags/example_task_group.py took 0.158 seconds
[2024-03-16T11:56:21.903+0500] {processor.py:161} INFO - Started process (PID=21940) to work on /home/muhammadsami/Public/Projects/Airflow/DataPipelineswithApacheAirflow/.env/lib/python3.8/site-packages/airflow/example_dags/example_task_group.py
[2024-03-16T11:56:21.914+0500] {processor.py:830} INFO - Processing file /home/muhammadsami/Public/Projects/Airflow/DataPipelineswithApacheAirflow/.env/lib/python3.8/site-packages/airflow/example_dags/example_task_group.py for tasks to queue
[2024-03-16T11:56:21.916+0500] {logging_mixin.py:188} INFO - [2024-03-16T11:56:21.915+0500] {dagbag.py:540} INFO - Filling up the DagBag from /home/muhammadsami/Public/Projects/Airflow/DataPipelineswithApacheAirflow/.env/lib/python3.8/site-packages/airflow/example_dags/example_task_group.py
[2024-03-16T11:56:21.923+0500] {processor.py:840} INFO - DAG(s) 'example_task_group' retrieved from /home/muhammadsami/Public/Projects/Airflow/DataPipelineswithApacheAirflow/.env/lib/python3.8/site-packages/airflow/example_dags/example_task_group.py
[2024-03-16T11:56:21.939+0500] {logging_mixin.py:188} INFO - [2024-03-16T11:56:21.939+0500] {dag.py:3047} INFO - Sync 1 DAGs
[2024-03-16T11:56:21.960+0500] {logging_mixin.py:188} INFO - [2024-03-16T11:56:21.960+0500] {dag.py:3834} INFO - Setting next_dagrun for example_task_group to 2024-03-15 00:00:00+00:00, run_after=2024-03-16 00:00:00+00:00
[2024-03-16T11:56:22.066+0500] {processor.py:183} INFO - Processing /home/muhammadsami/Public/Projects/Airflow/DataPipelineswithApacheAirflow/.env/lib/python3.8/site-packages/airflow/example_dags/example_task_group.py took 0.166 seconds
[2024-03-16T11:57:12.651+0500] {processor.py:161} INFO - Started process (PID=21994) to work on /home/muhammadsami/Public/Projects/Airflow/DataPipelineswithApacheAirflow/.env/lib/python3.8/site-packages/airflow/example_dags/example_task_group.py
[2024-03-16T11:57:12.656+0500] {processor.py:830} INFO - Processing file /home/muhammadsami/Public/Projects/Airflow/DataPipelineswithApacheAirflow/.env/lib/python3.8/site-packages/airflow/example_dags/example_task_group.py for tasks to queue
[2024-03-16T11:57:12.657+0500] {logging_mixin.py:188} INFO - [2024-03-16T11:57:12.657+0500] {dagbag.py:540} INFO - Filling up the DagBag from /home/muhammadsami/Public/Projects/Airflow/DataPipelineswithApacheAirflow/.env/lib/python3.8/site-packages/airflow/example_dags/example_task_group.py
[2024-03-16T11:57:12.664+0500] {processor.py:840} INFO - DAG(s) 'example_task_group' retrieved from /home/muhammadsami/Public/Projects/Airflow/DataPipelineswithApacheAirflow/.env/lib/python3.8/site-packages/airflow/example_dags/example_task_group.py
[2024-03-16T11:57:12.681+0500] {logging_mixin.py:188} INFO - [2024-03-16T11:57:12.681+0500] {dag.py:3047} INFO - Sync 1 DAGs
[2024-03-16T11:57:12.699+0500] {logging_mixin.py:188} INFO - [2024-03-16T11:57:12.699+0500] {dag.py:3834} INFO - Setting next_dagrun for example_task_group to 2024-03-15 00:00:00+00:00, run_after=2024-03-16 00:00:00+00:00
[2024-03-16T11:57:12.809+0500] {processor.py:183} INFO - Processing /home/muhammadsami/Public/Projects/Airflow/DataPipelineswithApacheAirflow/.env/lib/python3.8/site-packages/airflow/example_dags/example_task_group.py took 0.160 seconds
[2024-03-16T11:58:07.228+0500] {processor.py:161} INFO - Started process (PID=22045) to work on /home/muhammadsami/Public/Projects/Airflow/DataPipelineswithApacheAirflow/.env/lib/python3.8/site-packages/airflow/example_dags/example_task_group.py
[2024-03-16T11:58:07.230+0500] {processor.py:830} INFO - Processing file /home/muhammadsami/Public/Projects/Airflow/DataPipelineswithApacheAirflow/.env/lib/python3.8/site-packages/airflow/example_dags/example_task_group.py for tasks to queue
[2024-03-16T11:58:07.231+0500] {logging_mixin.py:188} INFO - [2024-03-16T11:58:07.230+0500] {dagbag.py:540} INFO - Filling up the DagBag from /home/muhammadsami/Public/Projects/Airflow/DataPipelineswithApacheAirflow/.env/lib/python3.8/site-packages/airflow/example_dags/example_task_group.py
[2024-03-16T11:58:07.239+0500] {processor.py:840} INFO - DAG(s) 'example_task_group' retrieved from /home/muhammadsami/Public/Projects/Airflow/DataPipelineswithApacheAirflow/.env/lib/python3.8/site-packages/airflow/example_dags/example_task_group.py
[2024-03-16T11:58:07.252+0500] {logging_mixin.py:188} INFO - [2024-03-16T11:58:07.252+0500] {dag.py:3047} INFO - Sync 1 DAGs
[2024-03-16T11:58:07.269+0500] {logging_mixin.py:188} INFO - [2024-03-16T11:58:07.269+0500] {dag.py:3834} INFO - Setting next_dagrun for example_task_group to 2024-03-15 00:00:00+00:00, run_after=2024-03-16 00:00:00+00:00
[2024-03-16T11:58:07.374+0500] {processor.py:183} INFO - Processing /home/muhammadsami/Public/Projects/Airflow/DataPipelineswithApacheAirflow/.env/lib/python3.8/site-packages/airflow/example_dags/example_task_group.py took 0.148 seconds
[2024-03-16T11:58:56.209+0500] {processor.py:161} INFO - Started process (PID=22146) to work on /home/muhammadsami/Public/Projects/Airflow/DataPipelineswithApacheAirflow/.env/lib/python3.8/site-packages/airflow/example_dags/example_task_group.py
[2024-03-16T11:58:56.226+0500] {processor.py:830} INFO - Processing file /home/muhammadsami/Public/Projects/Airflow/DataPipelineswithApacheAirflow/.env/lib/python3.8/site-packages/airflow/example_dags/example_task_group.py for tasks to queue
[2024-03-16T11:58:56.227+0500] {logging_mixin.py:188} INFO - [2024-03-16T11:58:56.226+0500] {dagbag.py:540} INFO - Filling up the DagBag from /home/muhammadsami/Public/Projects/Airflow/DataPipelineswithApacheAirflow/.env/lib/python3.8/site-packages/airflow/example_dags/example_task_group.py
[2024-03-16T11:58:56.233+0500] {processor.py:840} INFO - DAG(s) 'example_task_group' retrieved from /home/muhammadsami/Public/Projects/Airflow/DataPipelineswithApacheAirflow/.env/lib/python3.8/site-packages/airflow/example_dags/example_task_group.py
[2024-03-16T11:58:56.247+0500] {logging_mixin.py:188} INFO - [2024-03-16T11:58:56.246+0500] {dag.py:3047} INFO - Sync 1 DAGs
[2024-03-16T11:58:56.264+0500] {logging_mixin.py:188} INFO - [2024-03-16T11:58:56.263+0500] {dag.py:3834} INFO - Setting next_dagrun for example_task_group to 2024-03-15 00:00:00+00:00, run_after=2024-03-16 00:00:00+00:00
[2024-03-16T11:58:56.365+0500] {processor.py:183} INFO - Processing /home/muhammadsami/Public/Projects/Airflow/DataPipelineswithApacheAirflow/.env/lib/python3.8/site-packages/airflow/example_dags/example_task_group.py took 0.159 seconds
[2024-03-16T11:59:45.695+0500] {processor.py:161} INFO - Started process (PID=22291) to work on /home/muhammadsami/Public/Projects/Airflow/DataPipelineswithApacheAirflow/.env/lib/python3.8/site-packages/airflow/example_dags/example_task_group.py
[2024-03-16T11:59:45.712+0500] {processor.py:830} INFO - Processing file /home/muhammadsami/Public/Projects/Airflow/DataPipelineswithApacheAirflow/.env/lib/python3.8/site-packages/airflow/example_dags/example_task_group.py for tasks to queue
[2024-03-16T11:59:45.713+0500] {logging_mixin.py:188} INFO - [2024-03-16T11:59:45.713+0500] {dagbag.py:540} INFO - Filling up the DagBag from /home/muhammadsami/Public/Projects/Airflow/DataPipelineswithApacheAirflow/.env/lib/python3.8/site-packages/airflow/example_dags/example_task_group.py
[2024-03-16T11:59:45.723+0500] {processor.py:840} INFO - DAG(s) 'example_task_group' retrieved from /home/muhammadsami/Public/Projects/Airflow/DataPipelineswithApacheAirflow/.env/lib/python3.8/site-packages/airflow/example_dags/example_task_group.py
[2024-03-16T11:59:45.746+0500] {logging_mixin.py:188} INFO - [2024-03-16T11:59:45.746+0500] {dag.py:3047} INFO - Sync 1 DAGs
[2024-03-16T11:59:45.770+0500] {logging_mixin.py:188} INFO - [2024-03-16T11:59:45.770+0500] {dag.py:3834} INFO - Setting next_dagrun for example_task_group to 2024-03-15 00:00:00+00:00, run_after=2024-03-16 00:00:00+00:00
[2024-03-16T11:59:45.863+0500] {processor.py:183} INFO - Processing /home/muhammadsami/Public/Projects/Airflow/DataPipelineswithApacheAirflow/.env/lib/python3.8/site-packages/airflow/example_dags/example_task_group.py took 0.172 seconds
[2024-03-16T12:00:39.050+0500] {processor.py:161} INFO - Started process (PID=22341) to work on /home/muhammadsami/Public/Projects/Airflow/DataPipelineswithApacheAirflow/.env/lib/python3.8/site-packages/airflow/example_dags/example_task_group.py
[2024-03-16T12:00:39.051+0500] {processor.py:830} INFO - Processing file /home/muhammadsami/Public/Projects/Airflow/DataPipelineswithApacheAirflow/.env/lib/python3.8/site-packages/airflow/example_dags/example_task_group.py for tasks to queue
[2024-03-16T12:00:39.053+0500] {logging_mixin.py:188} INFO - [2024-03-16T12:00:39.052+0500] {dagbag.py:540} INFO - Filling up the DagBag from /home/muhammadsami/Public/Projects/Airflow/DataPipelineswithApacheAirflow/.env/lib/python3.8/site-packages/airflow/example_dags/example_task_group.py
[2024-03-16T12:00:39.061+0500] {processor.py:840} INFO - DAG(s) 'example_task_group' retrieved from /home/muhammadsami/Public/Projects/Airflow/DataPipelineswithApacheAirflow/.env/lib/python3.8/site-packages/airflow/example_dags/example_task_group.py
[2024-03-16T12:00:39.078+0500] {logging_mixin.py:188} INFO - [2024-03-16T12:00:39.077+0500] {dag.py:3047} INFO - Sync 1 DAGs
[2024-03-16T12:00:39.098+0500] {logging_mixin.py:188} INFO - [2024-03-16T12:00:39.098+0500] {dag.py:3834} INFO - Setting next_dagrun for example_task_group to 2024-03-15 00:00:00+00:00, run_after=2024-03-16 00:00:00+00:00
[2024-03-16T12:00:39.201+0500] {processor.py:183} INFO - Processing /home/muhammadsami/Public/Projects/Airflow/DataPipelineswithApacheAirflow/.env/lib/python3.8/site-packages/airflow/example_dags/example_task_group.py took 0.154 seconds
[2024-03-16T12:01:31.912+0500] {processor.py:161} INFO - Started process (PID=22392) to work on /home/muhammadsami/Public/Projects/Airflow/DataPipelineswithApacheAirflow/.env/lib/python3.8/site-packages/airflow/example_dags/example_task_group.py
[2024-03-16T12:01:31.913+0500] {processor.py:830} INFO - Processing file /home/muhammadsami/Public/Projects/Airflow/DataPipelineswithApacheAirflow/.env/lib/python3.8/site-packages/airflow/example_dags/example_task_group.py for tasks to queue
[2024-03-16T12:01:31.915+0500] {logging_mixin.py:188} INFO - [2024-03-16T12:01:31.914+0500] {dagbag.py:540} INFO - Filling up the DagBag from /home/muhammadsami/Public/Projects/Airflow/DataPipelineswithApacheAirflow/.env/lib/python3.8/site-packages/airflow/example_dags/example_task_group.py
[2024-03-16T12:01:31.924+0500] {processor.py:840} INFO - DAG(s) 'example_task_group' retrieved from /home/muhammadsami/Public/Projects/Airflow/DataPipelineswithApacheAirflow/.env/lib/python3.8/site-packages/airflow/example_dags/example_task_group.py
[2024-03-16T12:01:31.938+0500] {logging_mixin.py:188} INFO - [2024-03-16T12:01:31.938+0500] {dag.py:3047} INFO - Sync 1 DAGs
[2024-03-16T12:01:31.955+0500] {logging_mixin.py:188} INFO - [2024-03-16T12:01:31.955+0500] {dag.py:3834} INFO - Setting next_dagrun for example_task_group to 2024-03-15 00:00:00+00:00, run_after=2024-03-16 00:00:00+00:00
[2024-03-16T12:01:32.069+0500] {processor.py:183} INFO - Processing /home/muhammadsami/Public/Projects/Airflow/DataPipelineswithApacheAirflow/.env/lib/python3.8/site-packages/airflow/example_dags/example_task_group.py took 0.159 seconds
