[2024-03-16T11:21:29.813+0500] {processor.py:161} INFO - Started process (PID=17724) to work on /home/muhammadsami/Public/Projects/Airflow/DataPipelineswithApacheAirflow/.env/lib/python3.8/site-packages/airflow/example_dags/example_xcom.py
[2024-03-16T11:21:29.814+0500] {processor.py:830} INFO - Processing file /home/muhammadsami/Public/Projects/Airflow/DataPipelineswithApacheAirflow/.env/lib/python3.8/site-packages/airflow/example_dags/example_xcom.py for tasks to queue
[2024-03-16T11:21:29.815+0500] {logging_mixin.py:188} INFO - [2024-03-16T11:21:29.814+0500] {dagbag.py:540} INFO - Filling up the DagBag from /home/muhammadsami/Public/Projects/Airflow/DataPipelineswithApacheAirflow/.env/lib/python3.8/site-packages/airflow/example_dags/example_xcom.py
[2024-03-16T11:21:29.831+0500] {processor.py:840} INFO - DAG(s) 'example_xcom' retrieved from /home/muhammadsami/Public/Projects/Airflow/DataPipelineswithApacheAirflow/.env/lib/python3.8/site-packages/airflow/example_dags/example_xcom.py
[2024-03-16T11:21:34.254+0500] {logging_mixin.py:188} INFO - [2024-03-16T11:21:34.253+0500] {override.py:1769} INFO - Created Permission View: can edit on DAG:example_xcom
[2024-03-16T11:21:34.345+0500] {logging_mixin.py:188} INFO - [2024-03-16T11:21:34.344+0500] {override.py:1769} INFO - Created Permission View: can delete on DAG:example_xcom
[2024-03-16T11:21:34.435+0500] {logging_mixin.py:188} INFO - [2024-03-16T11:21:34.435+0500] {override.py:1769} INFO - Created Permission View: can read on DAG:example_xcom
[2024-03-16T11:21:34.436+0500] {logging_mixin.py:188} INFO - [2024-03-16T11:21:34.435+0500] {dag.py:3047} INFO - Sync 1 DAGs
[2024-03-16T11:21:34.444+0500] {logging_mixin.py:188} INFO - [2024-03-16T11:21:34.444+0500] {dag.py:3069} INFO - Creating ORM DAG for example_xcom
[2024-03-16T11:21:34.452+0500] {logging_mixin.py:188} INFO - [2024-03-16T11:21:34.452+0500] {dag.py:3834} INFO - Setting next_dagrun for example_xcom to 2021-01-01 00:00:00+00:00, run_after=2021-01-01 00:00:00+00:00
[2024-03-16T11:21:34.567+0500] {processor.py:183} INFO - Processing /home/muhammadsami/Public/Projects/Airflow/DataPipelineswithApacheAirflow/.env/lib/python3.8/site-packages/airflow/example_dags/example_xcom.py took 4.757 seconds
[2024-03-16T11:23:39.294+0500] {processor.py:161} INFO - Started process (PID=18433) to work on /home/muhammadsami/Public/Projects/Airflow/DataPipelineswithApacheAirflow/.env/lib/python3.8/site-packages/airflow/example_dags/example_xcom.py
[2024-03-16T11:23:39.296+0500] {processor.py:830} INFO - Processing file /home/muhammadsami/Public/Projects/Airflow/DataPipelineswithApacheAirflow/.env/lib/python3.8/site-packages/airflow/example_dags/example_xcom.py for tasks to queue
[2024-03-16T11:23:39.297+0500] {logging_mixin.py:188} INFO - [2024-03-16T11:23:39.297+0500] {dagbag.py:540} INFO - Filling up the DagBag from /home/muhammadsami/Public/Projects/Airflow/DataPipelineswithApacheAirflow/.env/lib/python3.8/site-packages/airflow/example_dags/example_xcom.py
[2024-03-16T11:23:39.305+0500] {processor.py:840} INFO - DAG(s) 'example_xcom' retrieved from /home/muhammadsami/Public/Projects/Airflow/DataPipelineswithApacheAirflow/.env/lib/python3.8/site-packages/airflow/example_dags/example_xcom.py
[2024-03-16T11:23:39.321+0500] {logging_mixin.py:188} INFO - [2024-03-16T11:23:39.321+0500] {dag.py:3047} INFO - Sync 1 DAGs
[2024-03-16T11:23:39.337+0500] {logging_mixin.py:188} INFO - [2024-03-16T11:23:39.337+0500] {dag.py:3834} INFO - Setting next_dagrun for example_xcom to 2021-01-01 00:00:00+00:00, run_after=2021-01-01 00:00:00+00:00
[2024-03-16T11:23:39.442+0500] {processor.py:183} INFO - Processing /home/muhammadsami/Public/Projects/Airflow/DataPipelineswithApacheAirflow/.env/lib/python3.8/site-packages/airflow/example_dags/example_xcom.py took 0.150 seconds
[2024-03-16T11:24:18.960+0500] {processor.py:161} INFO - Started process (PID=18471) to work on /home/muhammadsami/Public/Projects/Airflow/DataPipelineswithApacheAirflow/.env/lib/python3.8/site-packages/airflow/example_dags/example_xcom.py
[2024-03-16T11:24:18.961+0500] {processor.py:830} INFO - Processing file /home/muhammadsami/Public/Projects/Airflow/DataPipelineswithApacheAirflow/.env/lib/python3.8/site-packages/airflow/example_dags/example_xcom.py for tasks to queue
[2024-03-16T11:24:18.962+0500] {logging_mixin.py:188} INFO - [2024-03-16T11:24:18.962+0500] {dagbag.py:540} INFO - Filling up the DagBag from /home/muhammadsami/Public/Projects/Airflow/DataPipelineswithApacheAirflow/.env/lib/python3.8/site-packages/airflow/example_dags/example_xcom.py
[2024-03-16T11:24:18.971+0500] {processor.py:840} INFO - DAG(s) 'example_xcom' retrieved from /home/muhammadsami/Public/Projects/Airflow/DataPipelineswithApacheAirflow/.env/lib/python3.8/site-packages/airflow/example_dags/example_xcom.py
[2024-03-16T11:24:18.987+0500] {logging_mixin.py:188} INFO - [2024-03-16T11:24:18.987+0500] {dag.py:3047} INFO - Sync 1 DAGs
[2024-03-16T11:24:19.112+0500] {logging_mixin.py:188} INFO - [2024-03-16T11:24:19.112+0500] {dag.py:3834} INFO - Setting next_dagrun for example_xcom to 2021-01-01 00:00:00+00:00, run_after=2021-01-01 00:00:00+00:00
[2024-03-16T11:24:19.211+0500] {processor.py:183} INFO - Processing /home/muhammadsami/Public/Projects/Airflow/DataPipelineswithApacheAirflow/.env/lib/python3.8/site-packages/airflow/example_dags/example_xcom.py took 0.254 seconds
[2024-03-16T11:25:12.912+0500] {processor.py:161} INFO - Started process (PID=18607) to work on /home/muhammadsami/Public/Projects/Airflow/DataPipelineswithApacheAirflow/.env/lib/python3.8/site-packages/airflow/example_dags/example_xcom.py
[2024-03-16T11:25:12.913+0500] {processor.py:830} INFO - Processing file /home/muhammadsami/Public/Projects/Airflow/DataPipelineswithApacheAirflow/.env/lib/python3.8/site-packages/airflow/example_dags/example_xcom.py for tasks to queue
[2024-03-16T11:25:12.914+0500] {logging_mixin.py:188} INFO - [2024-03-16T11:25:12.914+0500] {dagbag.py:540} INFO - Filling up the DagBag from /home/muhammadsami/Public/Projects/Airflow/DataPipelineswithApacheAirflow/.env/lib/python3.8/site-packages/airflow/example_dags/example_xcom.py
[2024-03-16T11:25:12.922+0500] {processor.py:840} INFO - DAG(s) 'example_xcom' retrieved from /home/muhammadsami/Public/Projects/Airflow/DataPipelineswithApacheAirflow/.env/lib/python3.8/site-packages/airflow/example_dags/example_xcom.py
[2024-03-16T11:25:12.936+0500] {logging_mixin.py:188} INFO - [2024-03-16T11:25:12.936+0500] {dag.py:3047} INFO - Sync 1 DAGs
[2024-03-16T11:25:12.953+0500] {logging_mixin.py:188} INFO - [2024-03-16T11:25:12.952+0500] {dag.py:3834} INFO - Setting next_dagrun for example_xcom to 2021-01-01 00:00:00+00:00, run_after=2021-01-01 00:00:00+00:00
[2024-03-16T11:25:13.040+0500] {processor.py:183} INFO - Processing /home/muhammadsami/Public/Projects/Airflow/DataPipelineswithApacheAirflow/.env/lib/python3.8/site-packages/airflow/example_dags/example_xcom.py took 0.131 seconds
[2024-03-16T11:26:02.343+0500] {processor.py:161} INFO - Started process (PID=18663) to work on /home/muhammadsami/Public/Projects/Airflow/DataPipelineswithApacheAirflow/.env/lib/python3.8/site-packages/airflow/example_dags/example_xcom.py
[2024-03-16T11:26:02.345+0500] {processor.py:830} INFO - Processing file /home/muhammadsami/Public/Projects/Airflow/DataPipelineswithApacheAirflow/.env/lib/python3.8/site-packages/airflow/example_dags/example_xcom.py for tasks to queue
[2024-03-16T11:26:02.345+0500] {logging_mixin.py:188} INFO - [2024-03-16T11:26:02.345+0500] {dagbag.py:540} INFO - Filling up the DagBag from /home/muhammadsami/Public/Projects/Airflow/DataPipelineswithApacheAirflow/.env/lib/python3.8/site-packages/airflow/example_dags/example_xcom.py
[2024-03-16T11:26:02.354+0500] {processor.py:840} INFO - DAG(s) 'example_xcom' retrieved from /home/muhammadsami/Public/Projects/Airflow/DataPipelineswithApacheAirflow/.env/lib/python3.8/site-packages/airflow/example_dags/example_xcom.py
[2024-03-16T11:26:02.368+0500] {logging_mixin.py:188} INFO - [2024-03-16T11:26:02.368+0500] {dag.py:3047} INFO - Sync 1 DAGs
[2024-03-16T11:26:02.385+0500] {logging_mixin.py:188} INFO - [2024-03-16T11:26:02.385+0500] {dag.py:3834} INFO - Setting next_dagrun for example_xcom to 2021-01-01 00:00:00+00:00, run_after=2021-01-01 00:00:00+00:00
[2024-03-16T11:26:02.490+0500] {processor.py:183} INFO - Processing /home/muhammadsami/Public/Projects/Airflow/DataPipelineswithApacheAirflow/.env/lib/python3.8/site-packages/airflow/example_dags/example_xcom.py took 0.149 seconds
[2024-03-16T11:26:54.589+0500] {processor.py:161} INFO - Started process (PID=18747) to work on /home/muhammadsami/Public/Projects/Airflow/DataPipelineswithApacheAirflow/.env/lib/python3.8/site-packages/airflow/example_dags/example_xcom.py
[2024-03-16T11:26:54.591+0500] {processor.py:830} INFO - Processing file /home/muhammadsami/Public/Projects/Airflow/DataPipelineswithApacheAirflow/.env/lib/python3.8/site-packages/airflow/example_dags/example_xcom.py for tasks to queue
[2024-03-16T11:26:54.592+0500] {logging_mixin.py:188} INFO - [2024-03-16T11:26:54.591+0500] {dagbag.py:540} INFO - Filling up the DagBag from /home/muhammadsami/Public/Projects/Airflow/DataPipelineswithApacheAirflow/.env/lib/python3.8/site-packages/airflow/example_dags/example_xcom.py
[2024-03-16T11:26:54.599+0500] {processor.py:840} INFO - DAG(s) 'example_xcom' retrieved from /home/muhammadsami/Public/Projects/Airflow/DataPipelineswithApacheAirflow/.env/lib/python3.8/site-packages/airflow/example_dags/example_xcom.py
[2024-03-16T11:26:54.616+0500] {logging_mixin.py:188} INFO - [2024-03-16T11:26:54.616+0500] {dag.py:3047} INFO - Sync 1 DAGs
[2024-03-16T11:26:54.634+0500] {logging_mixin.py:188} INFO - [2024-03-16T11:26:54.633+0500] {dag.py:3834} INFO - Setting next_dagrun for example_xcom to 2021-01-01 00:00:00+00:00, run_after=2021-01-01 00:00:00+00:00
[2024-03-16T11:26:54.742+0500] {processor.py:183} INFO - Processing /home/muhammadsami/Public/Projects/Airflow/DataPipelineswithApacheAirflow/.env/lib/python3.8/site-packages/airflow/example_dags/example_xcom.py took 0.156 seconds
[2024-03-16T11:27:41.961+0500] {processor.py:161} INFO - Started process (PID=18796) to work on /home/muhammadsami/Public/Projects/Airflow/DataPipelineswithApacheAirflow/.env/lib/python3.8/site-packages/airflow/example_dags/example_xcom.py
[2024-03-16T11:27:41.963+0500] {processor.py:830} INFO - Processing file /home/muhammadsami/Public/Projects/Airflow/DataPipelineswithApacheAirflow/.env/lib/python3.8/site-packages/airflow/example_dags/example_xcom.py for tasks to queue
[2024-03-16T11:27:41.964+0500] {logging_mixin.py:188} INFO - [2024-03-16T11:27:41.963+0500] {dagbag.py:540} INFO - Filling up the DagBag from /home/muhammadsami/Public/Projects/Airflow/DataPipelineswithApacheAirflow/.env/lib/python3.8/site-packages/airflow/example_dags/example_xcom.py
[2024-03-16T11:27:41.971+0500] {processor.py:840} INFO - DAG(s) 'example_xcom' retrieved from /home/muhammadsami/Public/Projects/Airflow/DataPipelineswithApacheAirflow/.env/lib/python3.8/site-packages/airflow/example_dags/example_xcom.py
[2024-03-16T11:27:41.985+0500] {logging_mixin.py:188} INFO - [2024-03-16T11:27:41.984+0500] {dag.py:3047} INFO - Sync 1 DAGs
[2024-03-16T11:27:42.002+0500] {logging_mixin.py:188} INFO - [2024-03-16T11:27:42.002+0500] {dag.py:3834} INFO - Setting next_dagrun for example_xcom to 2021-01-01 00:00:00+00:00, run_after=2021-01-01 00:00:00+00:00
[2024-03-16T11:27:42.113+0500] {processor.py:183} INFO - Processing /home/muhammadsami/Public/Projects/Airflow/DataPipelineswithApacheAirflow/.env/lib/python3.8/site-packages/airflow/example_dags/example_xcom.py took 0.154 seconds
[2024-03-16T11:28:28.429+0500] {processor.py:161} INFO - Started process (PID=18840) to work on /home/muhammadsami/Public/Projects/Airflow/DataPipelineswithApacheAirflow/.env/lib/python3.8/site-packages/airflow/example_dags/example_xcom.py
[2024-03-16T11:28:28.447+0500] {processor.py:830} INFO - Processing file /home/muhammadsami/Public/Projects/Airflow/DataPipelineswithApacheAirflow/.env/lib/python3.8/site-packages/airflow/example_dags/example_xcom.py for tasks to queue
[2024-03-16T11:28:28.448+0500] {logging_mixin.py:188} INFO - [2024-03-16T11:28:28.448+0500] {dagbag.py:540} INFO - Filling up the DagBag from /home/muhammadsami/Public/Projects/Airflow/DataPipelineswithApacheAirflow/.env/lib/python3.8/site-packages/airflow/example_dags/example_xcom.py
[2024-03-16T11:28:28.454+0500] {processor.py:840} INFO - DAG(s) 'example_xcom' retrieved from /home/muhammadsami/Public/Projects/Airflow/DataPipelineswithApacheAirflow/.env/lib/python3.8/site-packages/airflow/example_dags/example_xcom.py
[2024-03-16T11:28:28.470+0500] {logging_mixin.py:188} INFO - [2024-03-16T11:28:28.470+0500] {dag.py:3047} INFO - Sync 1 DAGs
[2024-03-16T11:28:28.487+0500] {logging_mixin.py:188} INFO - [2024-03-16T11:28:28.486+0500] {dag.py:3834} INFO - Setting next_dagrun for example_xcom to 2021-01-01 00:00:00+00:00, run_after=2021-01-01 00:00:00+00:00
[2024-03-16T11:28:28.609+0500] {processor.py:183} INFO - Processing /home/muhammadsami/Public/Projects/Airflow/DataPipelineswithApacheAirflow/.env/lib/python3.8/site-packages/airflow/example_dags/example_xcom.py took 0.183 seconds
[2024-03-16T11:29:17.605+0500] {processor.py:161} INFO - Started process (PID=18909) to work on /home/muhammadsami/Public/Projects/Airflow/DataPipelineswithApacheAirflow/.env/lib/python3.8/site-packages/airflow/example_dags/example_xcom.py
[2024-03-16T11:29:17.622+0500] {processor.py:830} INFO - Processing file /home/muhammadsami/Public/Projects/Airflow/DataPipelineswithApacheAirflow/.env/lib/python3.8/site-packages/airflow/example_dags/example_xcom.py for tasks to queue
[2024-03-16T11:29:17.623+0500] {logging_mixin.py:188} INFO - [2024-03-16T11:29:17.622+0500] {dagbag.py:540} INFO - Filling up the DagBag from /home/muhammadsami/Public/Projects/Airflow/DataPipelineswithApacheAirflow/.env/lib/python3.8/site-packages/airflow/example_dags/example_xcom.py
[2024-03-16T11:29:17.629+0500] {processor.py:840} INFO - DAG(s) 'example_xcom' retrieved from /home/muhammadsami/Public/Projects/Airflow/DataPipelineswithApacheAirflow/.env/lib/python3.8/site-packages/airflow/example_dags/example_xcom.py
[2024-03-16T11:29:17.643+0500] {logging_mixin.py:188} INFO - [2024-03-16T11:29:17.642+0500] {dag.py:3047} INFO - Sync 1 DAGs
[2024-03-16T11:29:17.659+0500] {logging_mixin.py:188} INFO - [2024-03-16T11:29:17.659+0500] {dag.py:3834} INFO - Setting next_dagrun for example_xcom to 2021-01-01 00:00:00+00:00, run_after=2021-01-01 00:00:00+00:00
[2024-03-16T11:29:17.741+0500] {processor.py:183} INFO - Processing /home/muhammadsami/Public/Projects/Airflow/DataPipelineswithApacheAirflow/.env/lib/python3.8/site-packages/airflow/example_dags/example_xcom.py took 0.140 seconds
[2024-03-16T11:30:10.107+0500] {processor.py:161} INFO - Started process (PID=18966) to work on /home/muhammadsami/Public/Projects/Airflow/DataPipelineswithApacheAirflow/.env/lib/python3.8/site-packages/airflow/example_dags/example_xcom.py
[2024-03-16T11:30:10.115+0500] {processor.py:830} INFO - Processing file /home/muhammadsami/Public/Projects/Airflow/DataPipelineswithApacheAirflow/.env/lib/python3.8/site-packages/airflow/example_dags/example_xcom.py for tasks to queue
[2024-03-16T11:30:10.116+0500] {logging_mixin.py:188} INFO - [2024-03-16T11:30:10.115+0500] {dagbag.py:540} INFO - Filling up the DagBag from /home/muhammadsami/Public/Projects/Airflow/DataPipelineswithApacheAirflow/.env/lib/python3.8/site-packages/airflow/example_dags/example_xcom.py
[2024-03-16T11:30:10.122+0500] {processor.py:840} INFO - DAG(s) 'example_xcom' retrieved from /home/muhammadsami/Public/Projects/Airflow/DataPipelineswithApacheAirflow/.env/lib/python3.8/site-packages/airflow/example_dags/example_xcom.py
[2024-03-16T11:30:10.136+0500] {logging_mixin.py:188} INFO - [2024-03-16T11:30:10.136+0500] {dag.py:3047} INFO - Sync 1 DAGs
[2024-03-16T11:30:10.152+0500] {logging_mixin.py:188} INFO - [2024-03-16T11:30:10.152+0500] {dag.py:3834} INFO - Setting next_dagrun for example_xcom to 2021-01-01 00:00:00+00:00, run_after=2021-01-01 00:00:00+00:00
[2024-03-16T11:30:10.242+0500] {processor.py:183} INFO - Processing /home/muhammadsami/Public/Projects/Airflow/DataPipelineswithApacheAirflow/.env/lib/python3.8/site-packages/airflow/example_dags/example_xcom.py took 0.137 seconds
[2024-03-16T11:38:22.970+0500] {processor.py:161} INFO - Started process (PID=19272) to work on /home/muhammadsami/Public/Projects/Airflow/DataPipelineswithApacheAirflow/.env/lib/python3.8/site-packages/airflow/example_dags/example_xcom.py
[2024-03-16T11:38:22.995+0500] {processor.py:830} INFO - Processing file /home/muhammadsami/Public/Projects/Airflow/DataPipelineswithApacheAirflow/.env/lib/python3.8/site-packages/airflow/example_dags/example_xcom.py for tasks to queue
[2024-03-16T11:38:22.996+0500] {logging_mixin.py:188} INFO - [2024-03-16T11:38:22.996+0500] {dagbag.py:540} INFO - Filling up the DagBag from /home/muhammadsami/Public/Projects/Airflow/DataPipelineswithApacheAirflow/.env/lib/python3.8/site-packages/airflow/example_dags/example_xcom.py
[2024-03-16T11:38:23.007+0500] {processor.py:840} INFO - DAG(s) 'example_xcom' retrieved from /home/muhammadsami/Public/Projects/Airflow/DataPipelineswithApacheAirflow/.env/lib/python3.8/site-packages/airflow/example_dags/example_xcom.py
[2024-03-16T11:38:23.031+0500] {logging_mixin.py:188} INFO - [2024-03-16T11:38:23.031+0500] {dag.py:3047} INFO - Sync 1 DAGs
[2024-03-16T11:38:23.055+0500] {logging_mixin.py:188} INFO - [2024-03-16T11:38:23.054+0500] {dag.py:3834} INFO - Setting next_dagrun for example_xcom to 2021-01-01 00:00:00+00:00, run_after=2021-01-01 00:00:00+00:00
[2024-03-16T11:38:23.146+0500] {processor.py:183} INFO - Processing /home/muhammadsami/Public/Projects/Airflow/DataPipelineswithApacheAirflow/.env/lib/python3.8/site-packages/airflow/example_dags/example_xcom.py took 0.181 seconds
[2024-03-16T11:39:29.229+0500] {processor.py:161} INFO - Started process (PID=19690) to work on /home/muhammadsami/Public/Projects/Airflow/DataPipelineswithApacheAirflow/.env/lib/python3.8/site-packages/airflow/example_dags/example_xcom.py
[2024-03-16T11:39:29.230+0500] {processor.py:830} INFO - Processing file /home/muhammadsami/Public/Projects/Airflow/DataPipelineswithApacheAirflow/.env/lib/python3.8/site-packages/airflow/example_dags/example_xcom.py for tasks to queue
[2024-03-16T11:39:29.231+0500] {logging_mixin.py:188} INFO - [2024-03-16T11:39:29.231+0500] {dagbag.py:540} INFO - Filling up the DagBag from /home/muhammadsami/Public/Projects/Airflow/DataPipelineswithApacheAirflow/.env/lib/python3.8/site-packages/airflow/example_dags/example_xcom.py
[2024-03-16T11:39:29.239+0500] {processor.py:840} INFO - DAG(s) 'example_xcom' retrieved from /home/muhammadsami/Public/Projects/Airflow/DataPipelineswithApacheAirflow/.env/lib/python3.8/site-packages/airflow/example_dags/example_xcom.py
[2024-03-16T11:39:29.252+0500] {logging_mixin.py:188} INFO - [2024-03-16T11:39:29.252+0500] {dag.py:3047} INFO - Sync 1 DAGs
[2024-03-16T11:39:29.269+0500] {logging_mixin.py:188} INFO - [2024-03-16T11:39:29.269+0500] {dag.py:3834} INFO - Setting next_dagrun for example_xcom to 2021-01-01 00:00:00+00:00, run_after=2021-01-01 00:00:00+00:00
[2024-03-16T11:39:29.372+0500] {processor.py:183} INFO - Processing /home/muhammadsami/Public/Projects/Airflow/DataPipelineswithApacheAirflow/.env/lib/python3.8/site-packages/airflow/example_dags/example_xcom.py took 0.146 seconds
[2024-03-16T11:40:04.008+0500] {processor.py:161} INFO - Started process (PID=19914) to work on /home/muhammadsami/Public/Projects/Airflow/DataPipelineswithApacheAirflow/.env/lib/python3.8/site-packages/airflow/example_dags/example_xcom.py
[2024-03-16T11:40:04.020+0500] {processor.py:830} INFO - Processing file /home/muhammadsami/Public/Projects/Airflow/DataPipelineswithApacheAirflow/.env/lib/python3.8/site-packages/airflow/example_dags/example_xcom.py for tasks to queue
[2024-03-16T11:40:04.021+0500] {logging_mixin.py:188} INFO - [2024-03-16T11:40:04.021+0500] {dagbag.py:540} INFO - Filling up the DagBag from /home/muhammadsami/Public/Projects/Airflow/DataPipelineswithApacheAirflow/.env/lib/python3.8/site-packages/airflow/example_dags/example_xcom.py
[2024-03-16T11:40:04.028+0500] {processor.py:840} INFO - DAG(s) 'example_xcom' retrieved from /home/muhammadsami/Public/Projects/Airflow/DataPipelineswithApacheAirflow/.env/lib/python3.8/site-packages/airflow/example_dags/example_xcom.py
[2024-03-16T11:40:04.041+0500] {logging_mixin.py:188} INFO - [2024-03-16T11:40:04.041+0500] {dag.py:3047} INFO - Sync 1 DAGs
[2024-03-16T11:40:04.058+0500] {logging_mixin.py:188} INFO - [2024-03-16T11:40:04.057+0500] {dag.py:3834} INFO - Setting next_dagrun for example_xcom to 2021-01-01 00:00:00+00:00, run_after=2021-01-01 00:00:00+00:00
[2024-03-16T11:40:04.230+0500] {processor.py:183} INFO - Processing /home/muhammadsami/Public/Projects/Airflow/DataPipelineswithApacheAirflow/.env/lib/python3.8/site-packages/airflow/example_dags/example_xcom.py took 0.225 seconds
[2024-03-16T11:40:37.468+0500] {processor.py:161} INFO - Started process (PID=19964) to work on /home/muhammadsami/Public/Projects/Airflow/DataPipelineswithApacheAirflow/.env/lib/python3.8/site-packages/airflow/example_dags/example_xcom.py
[2024-03-16T11:40:37.470+0500] {processor.py:830} INFO - Processing file /home/muhammadsami/Public/Projects/Airflow/DataPipelineswithApacheAirflow/.env/lib/python3.8/site-packages/airflow/example_dags/example_xcom.py for tasks to queue
[2024-03-16T11:40:37.471+0500] {logging_mixin.py:188} INFO - [2024-03-16T11:40:37.470+0500] {dagbag.py:540} INFO - Filling up the DagBag from /home/muhammadsami/Public/Projects/Airflow/DataPipelineswithApacheAirflow/.env/lib/python3.8/site-packages/airflow/example_dags/example_xcom.py
[2024-03-16T11:40:37.478+0500] {processor.py:840} INFO - DAG(s) 'example_xcom' retrieved from /home/muhammadsami/Public/Projects/Airflow/DataPipelineswithApacheAirflow/.env/lib/python3.8/site-packages/airflow/example_dags/example_xcom.py
[2024-03-16T11:40:37.577+0500] {logging_mixin.py:188} INFO - [2024-03-16T11:40:37.576+0500] {dag.py:3047} INFO - Sync 1 DAGs
[2024-03-16T11:40:37.592+0500] {logging_mixin.py:188} INFO - [2024-03-16T11:40:37.592+0500] {dag.py:3834} INFO - Setting next_dagrun for example_xcom to 2021-01-01 00:00:00+00:00, run_after=2021-01-01 00:00:00+00:00
[2024-03-16T11:40:37.690+0500] {processor.py:183} INFO - Processing /home/muhammadsami/Public/Projects/Airflow/DataPipelineswithApacheAirflow/.env/lib/python3.8/site-packages/airflow/example_dags/example_xcom.py took 0.224 seconds
[2024-03-16T11:41:16.015+0500] {processor.py:161} INFO - Started process (PID=20177) to work on /home/muhammadsami/Public/Projects/Airflow/DataPipelineswithApacheAirflow/.env/lib/python3.8/site-packages/airflow/example_dags/example_xcom.py
[2024-03-16T11:41:16.029+0500] {processor.py:830} INFO - Processing file /home/muhammadsami/Public/Projects/Airflow/DataPipelineswithApacheAirflow/.env/lib/python3.8/site-packages/airflow/example_dags/example_xcom.py for tasks to queue
[2024-03-16T11:41:16.031+0500] {logging_mixin.py:188} INFO - [2024-03-16T11:41:16.030+0500] {dagbag.py:540} INFO - Filling up the DagBag from /home/muhammadsami/Public/Projects/Airflow/DataPipelineswithApacheAirflow/.env/lib/python3.8/site-packages/airflow/example_dags/example_xcom.py
[2024-03-16T11:41:16.040+0500] {processor.py:840} INFO - DAG(s) 'example_xcom' retrieved from /home/muhammadsami/Public/Projects/Airflow/DataPipelineswithApacheAirflow/.env/lib/python3.8/site-packages/airflow/example_dags/example_xcom.py
[2024-03-16T11:41:16.055+0500] {logging_mixin.py:188} INFO - [2024-03-16T11:41:16.055+0500] {dag.py:3047} INFO - Sync 1 DAGs
[2024-03-16T11:41:16.080+0500] {logging_mixin.py:188} INFO - [2024-03-16T11:41:16.080+0500] {dag.py:3834} INFO - Setting next_dagrun for example_xcom to 2021-01-01 00:00:00+00:00, run_after=2021-01-01 00:00:00+00:00
[2024-03-16T11:41:16.171+0500] {processor.py:183} INFO - Processing /home/muhammadsami/Public/Projects/Airflow/DataPipelineswithApacheAirflow/.env/lib/python3.8/site-packages/airflow/example_dags/example_xcom.py took 0.167 seconds
[2024-03-16T11:41:54.539+0500] {processor.py:161} INFO - Started process (PID=20219) to work on /home/muhammadsami/Public/Projects/Airflow/DataPipelineswithApacheAirflow/.env/lib/python3.8/site-packages/airflow/example_dags/example_xcom.py
[2024-03-16T11:41:54.541+0500] {processor.py:830} INFO - Processing file /home/muhammadsami/Public/Projects/Airflow/DataPipelineswithApacheAirflow/.env/lib/python3.8/site-packages/airflow/example_dags/example_xcom.py for tasks to queue
[2024-03-16T11:41:54.542+0500] {logging_mixin.py:188} INFO - [2024-03-16T11:41:54.541+0500] {dagbag.py:540} INFO - Filling up the DagBag from /home/muhammadsami/Public/Projects/Airflow/DataPipelineswithApacheAirflow/.env/lib/python3.8/site-packages/airflow/example_dags/example_xcom.py
[2024-03-16T11:41:54.549+0500] {processor.py:840} INFO - DAG(s) 'example_xcom' retrieved from /home/muhammadsami/Public/Projects/Airflow/DataPipelineswithApacheAirflow/.env/lib/python3.8/site-packages/airflow/example_dags/example_xcom.py
[2024-03-16T11:41:54.563+0500] {logging_mixin.py:188} INFO - [2024-03-16T11:41:54.563+0500] {dag.py:3047} INFO - Sync 1 DAGs
[2024-03-16T11:41:54.581+0500] {logging_mixin.py:188} INFO - [2024-03-16T11:41:54.581+0500] {dag.py:3834} INFO - Setting next_dagrun for example_xcom to 2021-01-01 00:00:00+00:00, run_after=2021-01-01 00:00:00+00:00
[2024-03-16T11:41:54.730+0500] {processor.py:183} INFO - Processing /home/muhammadsami/Public/Projects/Airflow/DataPipelineswithApacheAirflow/.env/lib/python3.8/site-packages/airflow/example_dags/example_xcom.py took 0.193 seconds
[2024-03-16T11:42:46.089+0500] {processor.py:161} INFO - Started process (PID=20276) to work on /home/muhammadsami/Public/Projects/Airflow/DataPipelineswithApacheAirflow/.env/lib/python3.8/site-packages/airflow/example_dags/example_xcom.py
[2024-03-16T11:42:46.090+0500] {processor.py:830} INFO - Processing file /home/muhammadsami/Public/Projects/Airflow/DataPipelineswithApacheAirflow/.env/lib/python3.8/site-packages/airflow/example_dags/example_xcom.py for tasks to queue
[2024-03-16T11:42:46.092+0500] {logging_mixin.py:188} INFO - [2024-03-16T11:42:46.091+0500] {dagbag.py:540} INFO - Filling up the DagBag from /home/muhammadsami/Public/Projects/Airflow/DataPipelineswithApacheAirflow/.env/lib/python3.8/site-packages/airflow/example_dags/example_xcom.py
[2024-03-16T11:42:46.102+0500] {processor.py:840} INFO - DAG(s) 'example_xcom' retrieved from /home/muhammadsami/Public/Projects/Airflow/DataPipelineswithApacheAirflow/.env/lib/python3.8/site-packages/airflow/example_dags/example_xcom.py
[2024-03-16T11:42:46.121+0500] {logging_mixin.py:188} INFO - [2024-03-16T11:42:46.121+0500] {dag.py:3047} INFO - Sync 1 DAGs
[2024-03-16T11:42:46.143+0500] {logging_mixin.py:188} INFO - [2024-03-16T11:42:46.143+0500] {dag.py:3834} INFO - Setting next_dagrun for example_xcom to 2021-01-01 00:00:00+00:00, run_after=2021-01-01 00:00:00+00:00
[2024-03-16T11:42:46.246+0500] {processor.py:183} INFO - Processing /home/muhammadsami/Public/Projects/Airflow/DataPipelineswithApacheAirflow/.env/lib/python3.8/site-packages/airflow/example_dags/example_xcom.py took 0.161 seconds
[2024-03-16T11:43:33.529+0500] {processor.py:161} INFO - Started process (PID=20353) to work on /home/muhammadsami/Public/Projects/Airflow/DataPipelineswithApacheAirflow/.env/lib/python3.8/site-packages/airflow/example_dags/example_xcom.py
[2024-03-16T11:43:33.530+0500] {processor.py:830} INFO - Processing file /home/muhammadsami/Public/Projects/Airflow/DataPipelineswithApacheAirflow/.env/lib/python3.8/site-packages/airflow/example_dags/example_xcom.py for tasks to queue
[2024-03-16T11:43:33.531+0500] {logging_mixin.py:188} INFO - [2024-03-16T11:43:33.531+0500] {dagbag.py:540} INFO - Filling up the DagBag from /home/muhammadsami/Public/Projects/Airflow/DataPipelineswithApacheAirflow/.env/lib/python3.8/site-packages/airflow/example_dags/example_xcom.py
[2024-03-16T11:43:33.540+0500] {processor.py:840} INFO - DAG(s) 'example_xcom' retrieved from /home/muhammadsami/Public/Projects/Airflow/DataPipelineswithApacheAirflow/.env/lib/python3.8/site-packages/airflow/example_dags/example_xcom.py
[2024-03-16T11:43:33.554+0500] {logging_mixin.py:188} INFO - [2024-03-16T11:43:33.554+0500] {dag.py:3047} INFO - Sync 1 DAGs
[2024-03-16T11:43:33.571+0500] {logging_mixin.py:188} INFO - [2024-03-16T11:43:33.571+0500] {dag.py:3834} INFO - Setting next_dagrun for example_xcom to 2021-01-01 00:00:00+00:00, run_after=2021-01-01 00:00:00+00:00
[2024-03-16T11:43:33.676+0500] {processor.py:183} INFO - Processing /home/muhammadsami/Public/Projects/Airflow/DataPipelineswithApacheAirflow/.env/lib/python3.8/site-packages/airflow/example_dags/example_xcom.py took 0.150 seconds
[2024-03-16T11:44:22.312+0500] {processor.py:161} INFO - Started process (PID=20400) to work on /home/muhammadsami/Public/Projects/Airflow/DataPipelineswithApacheAirflow/.env/lib/python3.8/site-packages/airflow/example_dags/example_xcom.py
[2024-03-16T11:44:22.314+0500] {processor.py:830} INFO - Processing file /home/muhammadsami/Public/Projects/Airflow/DataPipelineswithApacheAirflow/.env/lib/python3.8/site-packages/airflow/example_dags/example_xcom.py for tasks to queue
[2024-03-16T11:44:22.315+0500] {logging_mixin.py:188} INFO - [2024-03-16T11:44:22.314+0500] {dagbag.py:540} INFO - Filling up the DagBag from /home/muhammadsami/Public/Projects/Airflow/DataPipelineswithApacheAirflow/.env/lib/python3.8/site-packages/airflow/example_dags/example_xcom.py
[2024-03-16T11:44:22.324+0500] {processor.py:840} INFO - DAG(s) 'example_xcom' retrieved from /home/muhammadsami/Public/Projects/Airflow/DataPipelineswithApacheAirflow/.env/lib/python3.8/site-packages/airflow/example_dags/example_xcom.py
[2024-03-16T11:44:22.341+0500] {logging_mixin.py:188} INFO - [2024-03-16T11:44:22.340+0500] {dag.py:3047} INFO - Sync 1 DAGs
[2024-03-16T11:44:22.357+0500] {logging_mixin.py:188} INFO - [2024-03-16T11:44:22.357+0500] {dag.py:3834} INFO - Setting next_dagrun for example_xcom to 2021-01-01 00:00:00+00:00, run_after=2021-01-01 00:00:00+00:00
[2024-03-16T11:44:22.448+0500] {processor.py:183} INFO - Processing /home/muhammadsami/Public/Projects/Airflow/DataPipelineswithApacheAirflow/.env/lib/python3.8/site-packages/airflow/example_dags/example_xcom.py took 0.138 seconds
[2024-03-16T11:45:25.754+0500] {processor.py:161} INFO - Started process (PID=20811) to work on /home/muhammadsami/Public/Projects/Airflow/DataPipelineswithApacheAirflow/.env/lib/python3.8/site-packages/airflow/example_dags/example_xcom.py
[2024-03-16T11:45:25.756+0500] {processor.py:830} INFO - Processing file /home/muhammadsami/Public/Projects/Airflow/DataPipelineswithApacheAirflow/.env/lib/python3.8/site-packages/airflow/example_dags/example_xcom.py for tasks to queue
[2024-03-16T11:45:25.757+0500] {logging_mixin.py:188} INFO - [2024-03-16T11:45:25.756+0500] {dagbag.py:540} INFO - Filling up the DagBag from /home/muhammadsami/Public/Projects/Airflow/DataPipelineswithApacheAirflow/.env/lib/python3.8/site-packages/airflow/example_dags/example_xcom.py
[2024-03-16T11:45:25.767+0500] {processor.py:840} INFO - DAG(s) 'example_xcom' retrieved from /home/muhammadsami/Public/Projects/Airflow/DataPipelineswithApacheAirflow/.env/lib/python3.8/site-packages/airflow/example_dags/example_xcom.py
[2024-03-16T11:45:25.783+0500] {logging_mixin.py:188} INFO - [2024-03-16T11:45:25.783+0500] {dag.py:3047} INFO - Sync 1 DAGs
[2024-03-16T11:45:25.806+0500] {logging_mixin.py:188} INFO - [2024-03-16T11:45:25.806+0500] {dag.py:3834} INFO - Setting next_dagrun for example_xcom to 2021-01-01 00:00:00+00:00, run_after=2021-01-01 00:00:00+00:00
[2024-03-16T11:45:25.919+0500] {processor.py:183} INFO - Processing /home/muhammadsami/Public/Projects/Airflow/DataPipelineswithApacheAirflow/.env/lib/python3.8/site-packages/airflow/example_dags/example_xcom.py took 0.168 seconds
[2024-03-16T11:46:02.223+0500] {processor.py:161} INFO - Started process (PID=20850) to work on /home/muhammadsami/Public/Projects/Airflow/DataPipelineswithApacheAirflow/.env/lib/python3.8/site-packages/airflow/example_dags/example_xcom.py
[2024-03-16T11:46:02.225+0500] {processor.py:830} INFO - Processing file /home/muhammadsami/Public/Projects/Airflow/DataPipelineswithApacheAirflow/.env/lib/python3.8/site-packages/airflow/example_dags/example_xcom.py for tasks to queue
[2024-03-16T11:46:02.226+0500] {logging_mixin.py:188} INFO - [2024-03-16T11:46:02.225+0500] {dagbag.py:540} INFO - Filling up the DagBag from /home/muhammadsami/Public/Projects/Airflow/DataPipelineswithApacheAirflow/.env/lib/python3.8/site-packages/airflow/example_dags/example_xcom.py
[2024-03-16T11:46:02.234+0500] {processor.py:840} INFO - DAG(s) 'example_xcom' retrieved from /home/muhammadsami/Public/Projects/Airflow/DataPipelineswithApacheAirflow/.env/lib/python3.8/site-packages/airflow/example_dags/example_xcom.py
[2024-03-16T11:46:02.252+0500] {logging_mixin.py:188} INFO - [2024-03-16T11:46:02.252+0500] {dag.py:3047} INFO - Sync 1 DAGs
[2024-03-16T11:46:02.276+0500] {logging_mixin.py:188} INFO - [2024-03-16T11:46:02.275+0500] {dag.py:3834} INFO - Setting next_dagrun for example_xcom to 2021-01-01 00:00:00+00:00, run_after=2021-01-01 00:00:00+00:00
[2024-03-16T11:46:02.386+0500] {processor.py:183} INFO - Processing /home/muhammadsami/Public/Projects/Airflow/DataPipelineswithApacheAirflow/.env/lib/python3.8/site-packages/airflow/example_dags/example_xcom.py took 0.168 seconds
[2024-03-16T11:46:54.177+0500] {processor.py:161} INFO - Started process (PID=20906) to work on /home/muhammadsami/Public/Projects/Airflow/DataPipelineswithApacheAirflow/.env/lib/python3.8/site-packages/airflow/example_dags/example_xcom.py
[2024-03-16T11:46:54.192+0500] {processor.py:830} INFO - Processing file /home/muhammadsami/Public/Projects/Airflow/DataPipelineswithApacheAirflow/.env/lib/python3.8/site-packages/airflow/example_dags/example_xcom.py for tasks to queue
[2024-03-16T11:46:54.193+0500] {logging_mixin.py:188} INFO - [2024-03-16T11:46:54.193+0500] {dagbag.py:540} INFO - Filling up the DagBag from /home/muhammadsami/Public/Projects/Airflow/DataPipelineswithApacheAirflow/.env/lib/python3.8/site-packages/airflow/example_dags/example_xcom.py
[2024-03-16T11:46:54.199+0500] {processor.py:840} INFO - DAG(s) 'example_xcom' retrieved from /home/muhammadsami/Public/Projects/Airflow/DataPipelineswithApacheAirflow/.env/lib/python3.8/site-packages/airflow/example_dags/example_xcom.py
[2024-03-16T11:46:54.213+0500] {logging_mixin.py:188} INFO - [2024-03-16T11:46:54.213+0500] {dag.py:3047} INFO - Sync 1 DAGs
[2024-03-16T11:46:54.231+0500] {logging_mixin.py:188} INFO - [2024-03-16T11:46:54.231+0500] {dag.py:3834} INFO - Setting next_dagrun for example_xcom to 2021-01-01 00:00:00+00:00, run_after=2021-01-01 00:00:00+00:00
[2024-03-16T11:46:54.324+0500] {processor.py:183} INFO - Processing /home/muhammadsami/Public/Projects/Airflow/DataPipelineswithApacheAirflow/.env/lib/python3.8/site-packages/airflow/example_dags/example_xcom.py took 0.150 seconds
[2024-03-16T11:47:44.748+0500] {processor.py:161} INFO - Started process (PID=20982) to work on /home/muhammadsami/Public/Projects/Airflow/DataPipelineswithApacheAirflow/.env/lib/python3.8/site-packages/airflow/example_dags/example_xcom.py
[2024-03-16T11:47:44.754+0500] {processor.py:830} INFO - Processing file /home/muhammadsami/Public/Projects/Airflow/DataPipelineswithApacheAirflow/.env/lib/python3.8/site-packages/airflow/example_dags/example_xcom.py for tasks to queue
[2024-03-16T11:47:44.755+0500] {logging_mixin.py:188} INFO - [2024-03-16T11:47:44.755+0500] {dagbag.py:540} INFO - Filling up the DagBag from /home/muhammadsami/Public/Projects/Airflow/DataPipelineswithApacheAirflow/.env/lib/python3.8/site-packages/airflow/example_dags/example_xcom.py
[2024-03-16T11:47:44.762+0500] {processor.py:840} INFO - DAG(s) 'example_xcom' retrieved from /home/muhammadsami/Public/Projects/Airflow/DataPipelineswithApacheAirflow/.env/lib/python3.8/site-packages/airflow/example_dags/example_xcom.py
[2024-03-16T11:47:44.779+0500] {logging_mixin.py:188} INFO - [2024-03-16T11:47:44.778+0500] {dag.py:3047} INFO - Sync 1 DAGs
[2024-03-16T11:47:44.796+0500] {logging_mixin.py:188} INFO - [2024-03-16T11:47:44.796+0500] {dag.py:3834} INFO - Setting next_dagrun for example_xcom to 2021-01-01 00:00:00+00:00, run_after=2021-01-01 00:00:00+00:00
[2024-03-16T11:47:44.879+0500] {processor.py:183} INFO - Processing /home/muhammadsami/Public/Projects/Airflow/DataPipelineswithApacheAirflow/.env/lib/python3.8/site-packages/airflow/example_dags/example_xcom.py took 0.134 seconds
[2024-03-16T11:48:31.504+0500] {processor.py:161} INFO - Started process (PID=21059) to work on /home/muhammadsami/Public/Projects/Airflow/DataPipelineswithApacheAirflow/.env/lib/python3.8/site-packages/airflow/example_dags/example_xcom.py
[2024-03-16T11:48:31.506+0500] {processor.py:830} INFO - Processing file /home/muhammadsami/Public/Projects/Airflow/DataPipelineswithApacheAirflow/.env/lib/python3.8/site-packages/airflow/example_dags/example_xcom.py for tasks to queue
[2024-03-16T11:48:31.507+0500] {logging_mixin.py:188} INFO - [2024-03-16T11:48:31.506+0500] {dagbag.py:540} INFO - Filling up the DagBag from /home/muhammadsami/Public/Projects/Airflow/DataPipelineswithApacheAirflow/.env/lib/python3.8/site-packages/airflow/example_dags/example_xcom.py
[2024-03-16T11:48:31.515+0500] {processor.py:840} INFO - DAG(s) 'example_xcom' retrieved from /home/muhammadsami/Public/Projects/Airflow/DataPipelineswithApacheAirflow/.env/lib/python3.8/site-packages/airflow/example_dags/example_xcom.py
[2024-03-16T11:48:31.531+0500] {logging_mixin.py:188} INFO - [2024-03-16T11:48:31.531+0500] {dag.py:3047} INFO - Sync 1 DAGs
[2024-03-16T11:48:31.552+0500] {logging_mixin.py:188} INFO - [2024-03-16T11:48:31.552+0500] {dag.py:3834} INFO - Setting next_dagrun for example_xcom to 2021-01-01 00:00:00+00:00, run_after=2021-01-01 00:00:00+00:00
[2024-03-16T11:48:31.655+0500] {processor.py:183} INFO - Processing /home/muhammadsami/Public/Projects/Airflow/DataPipelineswithApacheAirflow/.env/lib/python3.8/site-packages/airflow/example_dags/example_xcom.py took 0.154 seconds
[2024-03-16T11:49:20.564+0500] {processor.py:161} INFO - Started process (PID=21104) to work on /home/muhammadsami/Public/Projects/Airflow/DataPipelineswithApacheAirflow/.env/lib/python3.8/site-packages/airflow/example_dags/example_xcom.py
[2024-03-16T11:49:20.565+0500] {processor.py:830} INFO - Processing file /home/muhammadsami/Public/Projects/Airflow/DataPipelineswithApacheAirflow/.env/lib/python3.8/site-packages/airflow/example_dags/example_xcom.py for tasks to queue
[2024-03-16T11:49:20.566+0500] {logging_mixin.py:188} INFO - [2024-03-16T11:49:20.566+0500] {dagbag.py:540} INFO - Filling up the DagBag from /home/muhammadsami/Public/Projects/Airflow/DataPipelineswithApacheAirflow/.env/lib/python3.8/site-packages/airflow/example_dags/example_xcom.py
[2024-03-16T11:49:20.577+0500] {processor.py:840} INFO - DAG(s) 'example_xcom' retrieved from /home/muhammadsami/Public/Projects/Airflow/DataPipelineswithApacheAirflow/.env/lib/python3.8/site-packages/airflow/example_dags/example_xcom.py
[2024-03-16T11:49:20.590+0500] {logging_mixin.py:188} INFO - [2024-03-16T11:49:20.590+0500] {dag.py:3047} INFO - Sync 1 DAGs
[2024-03-16T11:49:20.607+0500] {logging_mixin.py:188} INFO - [2024-03-16T11:49:20.607+0500] {dag.py:3834} INFO - Setting next_dagrun for example_xcom to 2021-01-01 00:00:00+00:00, run_after=2021-01-01 00:00:00+00:00
[2024-03-16T11:49:20.705+0500] {processor.py:183} INFO - Processing /home/muhammadsami/Public/Projects/Airflow/DataPipelineswithApacheAirflow/.env/lib/python3.8/site-packages/airflow/example_dags/example_xcom.py took 0.144 seconds
[2024-03-16T11:50:09.125+0500] {processor.py:161} INFO - Started process (PID=21147) to work on /home/muhammadsami/Public/Projects/Airflow/DataPipelineswithApacheAirflow/.env/lib/python3.8/site-packages/airflow/example_dags/example_xcom.py
[2024-03-16T11:50:09.143+0500] {processor.py:830} INFO - Processing file /home/muhammadsami/Public/Projects/Airflow/DataPipelineswithApacheAirflow/.env/lib/python3.8/site-packages/airflow/example_dags/example_xcom.py for tasks to queue
[2024-03-16T11:50:09.144+0500] {logging_mixin.py:188} INFO - [2024-03-16T11:50:09.143+0500] {dagbag.py:540} INFO - Filling up the DagBag from /home/muhammadsami/Public/Projects/Airflow/DataPipelineswithApacheAirflow/.env/lib/python3.8/site-packages/airflow/example_dags/example_xcom.py
[2024-03-16T11:50:09.150+0500] {processor.py:840} INFO - DAG(s) 'example_xcom' retrieved from /home/muhammadsami/Public/Projects/Airflow/DataPipelineswithApacheAirflow/.env/lib/python3.8/site-packages/airflow/example_dags/example_xcom.py
[2024-03-16T11:50:09.164+0500] {logging_mixin.py:188} INFO - [2024-03-16T11:50:09.163+0500] {dag.py:3047} INFO - Sync 1 DAGs
[2024-03-16T11:50:09.181+0500] {logging_mixin.py:188} INFO - [2024-03-16T11:50:09.181+0500] {dag.py:3834} INFO - Setting next_dagrun for example_xcom to 2021-01-01 00:00:00+00:00, run_after=2021-01-01 00:00:00+00:00
[2024-03-16T11:50:09.268+0500] {processor.py:183} INFO - Processing /home/muhammadsami/Public/Projects/Airflow/DataPipelineswithApacheAirflow/.env/lib/python3.8/site-packages/airflow/example_dags/example_xcom.py took 0.145 seconds
[2024-03-16T11:50:59.568+0500] {processor.py:161} INFO - Started process (PID=21229) to work on /home/muhammadsami/Public/Projects/Airflow/DataPipelineswithApacheAirflow/.env/lib/python3.8/site-packages/airflow/example_dags/example_xcom.py
[2024-03-16T11:50:59.570+0500] {processor.py:830} INFO - Processing file /home/muhammadsami/Public/Projects/Airflow/DataPipelineswithApacheAirflow/.env/lib/python3.8/site-packages/airflow/example_dags/example_xcom.py for tasks to queue
[2024-03-16T11:50:59.571+0500] {logging_mixin.py:188} INFO - [2024-03-16T11:50:59.570+0500] {dagbag.py:540} INFO - Filling up the DagBag from /home/muhammadsami/Public/Projects/Airflow/DataPipelineswithApacheAirflow/.env/lib/python3.8/site-packages/airflow/example_dags/example_xcom.py
[2024-03-16T11:50:59.579+0500] {processor.py:840} INFO - DAG(s) 'example_xcom' retrieved from /home/muhammadsami/Public/Projects/Airflow/DataPipelineswithApacheAirflow/.env/lib/python3.8/site-packages/airflow/example_dags/example_xcom.py
[2024-03-16T11:50:59.593+0500] {logging_mixin.py:188} INFO - [2024-03-16T11:50:59.592+0500] {dag.py:3047} INFO - Sync 1 DAGs
[2024-03-16T11:50:59.610+0500] {logging_mixin.py:188} INFO - [2024-03-16T11:50:59.610+0500] {dag.py:3834} INFO - Setting next_dagrun for example_xcom to 2021-01-01 00:00:00+00:00, run_after=2021-01-01 00:00:00+00:00
[2024-03-16T11:50:59.708+0500] {processor.py:183} INFO - Processing /home/muhammadsami/Public/Projects/Airflow/DataPipelineswithApacheAirflow/.env/lib/python3.8/site-packages/airflow/example_dags/example_xcom.py took 0.142 seconds
[2024-03-16T11:51:53.554+0500] {processor.py:161} INFO - Started process (PID=21335) to work on /home/muhammadsami/Public/Projects/Airflow/DataPipelineswithApacheAirflow/.env/lib/python3.8/site-packages/airflow/example_dags/example_xcom.py
[2024-03-16T11:51:53.569+0500] {processor.py:830} INFO - Processing file /home/muhammadsami/Public/Projects/Airflow/DataPipelineswithApacheAirflow/.env/lib/python3.8/site-packages/airflow/example_dags/example_xcom.py for tasks to queue
[2024-03-16T11:51:53.570+0500] {logging_mixin.py:188} INFO - [2024-03-16T11:51:53.569+0500] {dagbag.py:540} INFO - Filling up the DagBag from /home/muhammadsami/Public/Projects/Airflow/DataPipelineswithApacheAirflow/.env/lib/python3.8/site-packages/airflow/example_dags/example_xcom.py
[2024-03-16T11:51:53.576+0500] {processor.py:840} INFO - DAG(s) 'example_xcom' retrieved from /home/muhammadsami/Public/Projects/Airflow/DataPipelineswithApacheAirflow/.env/lib/python3.8/site-packages/airflow/example_dags/example_xcom.py
[2024-03-16T11:51:53.590+0500] {logging_mixin.py:188} INFO - [2024-03-16T11:51:53.589+0500] {dag.py:3047} INFO - Sync 1 DAGs
[2024-03-16T11:51:53.608+0500] {logging_mixin.py:188} INFO - [2024-03-16T11:51:53.607+0500] {dag.py:3834} INFO - Setting next_dagrun for example_xcom to 2021-01-01 00:00:00+00:00, run_after=2021-01-01 00:00:00+00:00
[2024-03-16T11:51:53.747+0500] {processor.py:183} INFO - Processing /home/muhammadsami/Public/Projects/Airflow/DataPipelineswithApacheAirflow/.env/lib/python3.8/site-packages/airflow/example_dags/example_xcom.py took 0.196 seconds
[2024-03-16T11:52:44.936+0500] {processor.py:161} INFO - Started process (PID=21495) to work on /home/muhammadsami/Public/Projects/Airflow/DataPipelineswithApacheAirflow/.env/lib/python3.8/site-packages/airflow/example_dags/example_xcom.py
[2024-03-16T11:52:44.949+0500] {processor.py:830} INFO - Processing file /home/muhammadsami/Public/Projects/Airflow/DataPipelineswithApacheAirflow/.env/lib/python3.8/site-packages/airflow/example_dags/example_xcom.py for tasks to queue
[2024-03-16T11:52:44.950+0500] {logging_mixin.py:188} INFO - [2024-03-16T11:52:44.950+0500] {dagbag.py:540} INFO - Filling up the DagBag from /home/muhammadsami/Public/Projects/Airflow/DataPipelineswithApacheAirflow/.env/lib/python3.8/site-packages/airflow/example_dags/example_xcom.py
[2024-03-16T11:52:44.957+0500] {processor.py:840} INFO - DAG(s) 'example_xcom' retrieved from /home/muhammadsami/Public/Projects/Airflow/DataPipelineswithApacheAirflow/.env/lib/python3.8/site-packages/airflow/example_dags/example_xcom.py
[2024-03-16T11:52:44.970+0500] {logging_mixin.py:188} INFO - [2024-03-16T11:52:44.970+0500] {dag.py:3047} INFO - Sync 1 DAGs
[2024-03-16T11:52:44.987+0500] {logging_mixin.py:188} INFO - [2024-03-16T11:52:44.987+0500] {dag.py:3834} INFO - Setting next_dagrun for example_xcom to 2021-01-01 00:00:00+00:00, run_after=2021-01-01 00:00:00+00:00
[2024-03-16T11:52:45.078+0500] {processor.py:183} INFO - Processing /home/muhammadsami/Public/Projects/Airflow/DataPipelineswithApacheAirflow/.env/lib/python3.8/site-packages/airflow/example_dags/example_xcom.py took 0.145 seconds
[2024-03-16T11:53:38.327+0500] {processor.py:161} INFO - Started process (PID=21591) to work on /home/muhammadsami/Public/Projects/Airflow/DataPipelineswithApacheAirflow/.env/lib/python3.8/site-packages/airflow/example_dags/example_xcom.py
[2024-03-16T11:53:38.328+0500] {processor.py:830} INFO - Processing file /home/muhammadsami/Public/Projects/Airflow/DataPipelineswithApacheAirflow/.env/lib/python3.8/site-packages/airflow/example_dags/example_xcom.py for tasks to queue
[2024-03-16T11:53:38.329+0500] {logging_mixin.py:188} INFO - [2024-03-16T11:53:38.329+0500] {dagbag.py:540} INFO - Filling up the DagBag from /home/muhammadsami/Public/Projects/Airflow/DataPipelineswithApacheAirflow/.env/lib/python3.8/site-packages/airflow/example_dags/example_xcom.py
[2024-03-16T11:53:38.336+0500] {processor.py:840} INFO - DAG(s) 'example_xcom' retrieved from /home/muhammadsami/Public/Projects/Airflow/DataPipelineswithApacheAirflow/.env/lib/python3.8/site-packages/airflow/example_dags/example_xcom.py
[2024-03-16T11:53:38.352+0500] {logging_mixin.py:188} INFO - [2024-03-16T11:53:38.351+0500] {dag.py:3047} INFO - Sync 1 DAGs
[2024-03-16T11:53:38.370+0500] {logging_mixin.py:188} INFO - [2024-03-16T11:53:38.370+0500] {dag.py:3834} INFO - Setting next_dagrun for example_xcom to 2021-01-01 00:00:00+00:00, run_after=2021-01-01 00:00:00+00:00
[2024-03-16T11:53:38.472+0500] {processor.py:183} INFO - Processing /home/muhammadsami/Public/Projects/Airflow/DataPipelineswithApacheAirflow/.env/lib/python3.8/site-packages/airflow/example_dags/example_xcom.py took 0.148 seconds
[2024-03-16T11:54:27.653+0500] {processor.py:161} INFO - Started process (PID=21686) to work on /home/muhammadsami/Public/Projects/Airflow/DataPipelineswithApacheAirflow/.env/lib/python3.8/site-packages/airflow/example_dags/example_xcom.py
[2024-03-16T11:54:27.655+0500] {processor.py:830} INFO - Processing file /home/muhammadsami/Public/Projects/Airflow/DataPipelineswithApacheAirflow/.env/lib/python3.8/site-packages/airflow/example_dags/example_xcom.py for tasks to queue
[2024-03-16T11:54:27.655+0500] {logging_mixin.py:188} INFO - [2024-03-16T11:54:27.655+0500] {dagbag.py:540} INFO - Filling up the DagBag from /home/muhammadsami/Public/Projects/Airflow/DataPipelineswithApacheAirflow/.env/lib/python3.8/site-packages/airflow/example_dags/example_xcom.py
[2024-03-16T11:54:27.668+0500] {processor.py:840} INFO - DAG(s) 'example_xcom' retrieved from /home/muhammadsami/Public/Projects/Airflow/DataPipelineswithApacheAirflow/.env/lib/python3.8/site-packages/airflow/example_dags/example_xcom.py
[2024-03-16T11:54:27.688+0500] {logging_mixin.py:188} INFO - [2024-03-16T11:54:27.688+0500] {dag.py:3047} INFO - Sync 1 DAGs
[2024-03-16T11:54:27.714+0500] {logging_mixin.py:188} INFO - [2024-03-16T11:54:27.714+0500] {dag.py:3834} INFO - Setting next_dagrun for example_xcom to 2021-01-01 00:00:00+00:00, run_after=2021-01-01 00:00:00+00:00
[2024-03-16T11:54:27.816+0500] {processor.py:183} INFO - Processing /home/muhammadsami/Public/Projects/Airflow/DataPipelineswithApacheAirflow/.env/lib/python3.8/site-packages/airflow/example_dags/example_xcom.py took 0.167 seconds
[2024-03-16T11:55:17.886+0500] {processor.py:161} INFO - Started process (PID=21840) to work on /home/muhammadsami/Public/Projects/Airflow/DataPipelineswithApacheAirflow/.env/lib/python3.8/site-packages/airflow/example_dags/example_xcom.py
[2024-03-16T11:55:17.888+0500] {processor.py:830} INFO - Processing file /home/muhammadsami/Public/Projects/Airflow/DataPipelineswithApacheAirflow/.env/lib/python3.8/site-packages/airflow/example_dags/example_xcom.py for tasks to queue
[2024-03-16T11:55:17.889+0500] {logging_mixin.py:188} INFO - [2024-03-16T11:55:17.888+0500] {dagbag.py:540} INFO - Filling up the DagBag from /home/muhammadsami/Public/Projects/Airflow/DataPipelineswithApacheAirflow/.env/lib/python3.8/site-packages/airflow/example_dags/example_xcom.py
[2024-03-16T11:55:17.900+0500] {processor.py:840} INFO - DAG(s) 'example_xcom' retrieved from /home/muhammadsami/Public/Projects/Airflow/DataPipelineswithApacheAirflow/.env/lib/python3.8/site-packages/airflow/example_dags/example_xcom.py
[2024-03-16T11:55:17.931+0500] {logging_mixin.py:188} INFO - [2024-03-16T11:55:17.931+0500] {dag.py:3047} INFO - Sync 1 DAGs
[2024-03-16T11:55:17.984+0500] {logging_mixin.py:188} INFO - [2024-03-16T11:55:17.983+0500] {dag.py:3834} INFO - Setting next_dagrun for example_xcom to 2021-01-01 00:00:00+00:00, run_after=2021-01-01 00:00:00+00:00
[2024-03-16T11:55:18.144+0500] {processor.py:183} INFO - Processing /home/muhammadsami/Public/Projects/Airflow/DataPipelineswithApacheAirflow/.env/lib/python3.8/site-packages/airflow/example_dags/example_xcom.py took 0.260 seconds
[2024-03-16T11:56:09.831+0500] {processor.py:161} INFO - Started process (PID=21929) to work on /home/muhammadsami/Public/Projects/Airflow/DataPipelineswithApacheAirflow/.env/lib/python3.8/site-packages/airflow/example_dags/example_xcom.py
[2024-03-16T11:56:09.845+0500] {processor.py:830} INFO - Processing file /home/muhammadsami/Public/Projects/Airflow/DataPipelineswithApacheAirflow/.env/lib/python3.8/site-packages/airflow/example_dags/example_xcom.py for tasks to queue
[2024-03-16T11:56:09.846+0500] {logging_mixin.py:188} INFO - [2024-03-16T11:56:09.846+0500] {dagbag.py:540} INFO - Filling up the DagBag from /home/muhammadsami/Public/Projects/Airflow/DataPipelineswithApacheAirflow/.env/lib/python3.8/site-packages/airflow/example_dags/example_xcom.py
[2024-03-16T11:56:09.854+0500] {processor.py:840} INFO - DAG(s) 'example_xcom' retrieved from /home/muhammadsami/Public/Projects/Airflow/DataPipelineswithApacheAirflow/.env/lib/python3.8/site-packages/airflow/example_dags/example_xcom.py
[2024-03-16T11:56:09.869+0500] {logging_mixin.py:188} INFO - [2024-03-16T11:56:09.869+0500] {dag.py:3047} INFO - Sync 1 DAGs
[2024-03-16T11:56:09.887+0500] {logging_mixin.py:188} INFO - [2024-03-16T11:56:09.887+0500] {dag.py:3834} INFO - Setting next_dagrun for example_xcom to 2021-01-01 00:00:00+00:00, run_after=2021-01-01 00:00:00+00:00
[2024-03-16T11:56:09.977+0500] {processor.py:183} INFO - Processing /home/muhammadsami/Public/Projects/Airflow/DataPipelineswithApacheAirflow/.env/lib/python3.8/site-packages/airflow/example_dags/example_xcom.py took 0.149 seconds
[2024-03-16T11:56:58.634+0500] {processor.py:161} INFO - Started process (PID=21979) to work on /home/muhammadsami/Public/Projects/Airflow/DataPipelineswithApacheAirflow/.env/lib/python3.8/site-packages/airflow/example_dags/example_xcom.py
[2024-03-16T11:56:58.636+0500] {processor.py:830} INFO - Processing file /home/muhammadsami/Public/Projects/Airflow/DataPipelineswithApacheAirflow/.env/lib/python3.8/site-packages/airflow/example_dags/example_xcom.py for tasks to queue
[2024-03-16T11:56:58.637+0500] {logging_mixin.py:188} INFO - [2024-03-16T11:56:58.636+0500] {dagbag.py:540} INFO - Filling up the DagBag from /home/muhammadsami/Public/Projects/Airflow/DataPipelineswithApacheAirflow/.env/lib/python3.8/site-packages/airflow/example_dags/example_xcom.py
[2024-03-16T11:56:58.646+0500] {processor.py:840} INFO - DAG(s) 'example_xcom' retrieved from /home/muhammadsami/Public/Projects/Airflow/DataPipelineswithApacheAirflow/.env/lib/python3.8/site-packages/airflow/example_dags/example_xcom.py
[2024-03-16T11:56:58.661+0500] {logging_mixin.py:188} INFO - [2024-03-16T11:56:58.661+0500] {dag.py:3047} INFO - Sync 1 DAGs
[2024-03-16T11:56:58.680+0500] {logging_mixin.py:188} INFO - [2024-03-16T11:56:58.680+0500] {dag.py:3834} INFO - Setting next_dagrun for example_xcom to 2021-01-01 00:00:00+00:00, run_after=2021-01-01 00:00:00+00:00
[2024-03-16T11:56:58.790+0500] {processor.py:183} INFO - Processing /home/muhammadsami/Public/Projects/Airflow/DataPipelineswithApacheAirflow/.env/lib/python3.8/site-packages/airflow/example_dags/example_xcom.py took 0.159 seconds
[2024-03-16T11:57:54.552+0500] {processor.py:161} INFO - Started process (PID=22033) to work on /home/muhammadsami/Public/Projects/Airflow/DataPipelineswithApacheAirflow/.env/lib/python3.8/site-packages/airflow/example_dags/example_xcom.py
[2024-03-16T11:57:54.553+0500] {processor.py:830} INFO - Processing file /home/muhammadsami/Public/Projects/Airflow/DataPipelineswithApacheAirflow/.env/lib/python3.8/site-packages/airflow/example_dags/example_xcom.py for tasks to queue
[2024-03-16T11:57:54.554+0500] {logging_mixin.py:188} INFO - [2024-03-16T11:57:54.554+0500] {dagbag.py:540} INFO - Filling up the DagBag from /home/muhammadsami/Public/Projects/Airflow/DataPipelineswithApacheAirflow/.env/lib/python3.8/site-packages/airflow/example_dags/example_xcom.py
[2024-03-16T11:57:54.562+0500] {processor.py:840} INFO - DAG(s) 'example_xcom' retrieved from /home/muhammadsami/Public/Projects/Airflow/DataPipelineswithApacheAirflow/.env/lib/python3.8/site-packages/airflow/example_dags/example_xcom.py
[2024-03-16T11:57:54.579+0500] {logging_mixin.py:188} INFO - [2024-03-16T11:57:54.579+0500] {dag.py:3047} INFO - Sync 1 DAGs
[2024-03-16T11:57:54.603+0500] {logging_mixin.py:188} INFO - [2024-03-16T11:57:54.603+0500] {dag.py:3834} INFO - Setting next_dagrun for example_xcom to 2021-01-01 00:00:00+00:00, run_after=2021-01-01 00:00:00+00:00
[2024-03-16T11:57:54.696+0500] {processor.py:183} INFO - Processing /home/muhammadsami/Public/Projects/Airflow/DataPipelineswithApacheAirflow/.env/lib/python3.8/site-packages/airflow/example_dags/example_xcom.py took 0.147 seconds
[2024-03-16T11:58:44.146+0500] {processor.py:161} INFO - Started process (PID=22134) to work on /home/muhammadsami/Public/Projects/Airflow/DataPipelineswithApacheAirflow/.env/lib/python3.8/site-packages/airflow/example_dags/example_xcom.py
[2024-03-16T11:58:44.163+0500] {processor.py:830} INFO - Processing file /home/muhammadsami/Public/Projects/Airflow/DataPipelineswithApacheAirflow/.env/lib/python3.8/site-packages/airflow/example_dags/example_xcom.py for tasks to queue
[2024-03-16T11:58:44.164+0500] {logging_mixin.py:188} INFO - [2024-03-16T11:58:44.163+0500] {dagbag.py:540} INFO - Filling up the DagBag from /home/muhammadsami/Public/Projects/Airflow/DataPipelineswithApacheAirflow/.env/lib/python3.8/site-packages/airflow/example_dags/example_xcom.py
[2024-03-16T11:58:44.174+0500] {processor.py:840} INFO - DAG(s) 'example_xcom' retrieved from /home/muhammadsami/Public/Projects/Airflow/DataPipelineswithApacheAirflow/.env/lib/python3.8/site-packages/airflow/example_dags/example_xcom.py
[2024-03-16T11:58:44.191+0500] {logging_mixin.py:188} INFO - [2024-03-16T11:58:44.191+0500] {dag.py:3047} INFO - Sync 1 DAGs
[2024-03-16T11:58:44.212+0500] {logging_mixin.py:188} INFO - [2024-03-16T11:58:44.212+0500] {dag.py:3834} INFO - Setting next_dagrun for example_xcom to 2021-01-01 00:00:00+00:00, run_after=2021-01-01 00:00:00+00:00
[2024-03-16T11:58:44.305+0500] {processor.py:183} INFO - Processing /home/muhammadsami/Public/Projects/Airflow/DataPipelineswithApacheAirflow/.env/lib/python3.8/site-packages/airflow/example_dags/example_xcom.py took 0.161 seconds
[2024-03-16T11:59:32.187+0500] {processor.py:161} INFO - Started process (PID=22248) to work on /home/muhammadsami/Public/Projects/Airflow/DataPipelineswithApacheAirflow/.env/lib/python3.8/site-packages/airflow/example_dags/example_xcom.py
[2024-03-16T11:59:32.340+0500] {processor.py:830} INFO - Processing file /home/muhammadsami/Public/Projects/Airflow/DataPipelineswithApacheAirflow/.env/lib/python3.8/site-packages/airflow/example_dags/example_xcom.py for tasks to queue
[2024-03-16T11:59:32.342+0500] {logging_mixin.py:188} INFO - [2024-03-16T11:59:32.341+0500] {dagbag.py:540} INFO - Filling up the DagBag from /home/muhammadsami/Public/Projects/Airflow/DataPipelineswithApacheAirflow/.env/lib/python3.8/site-packages/airflow/example_dags/example_xcom.py
[2024-03-16T11:59:32.535+0500] {processor.py:840} INFO - DAG(s) 'example_xcom' retrieved from /home/muhammadsami/Public/Projects/Airflow/DataPipelineswithApacheAirflow/.env/lib/python3.8/site-packages/airflow/example_dags/example_xcom.py
[2024-03-16T11:59:32.568+0500] {logging_mixin.py:188} INFO - [2024-03-16T11:59:32.567+0500] {dag.py:3047} INFO - Sync 1 DAGs
[2024-03-16T11:59:32.608+0500] {logging_mixin.py:188} INFO - [2024-03-16T11:59:32.607+0500] {dag.py:3834} INFO - Setting next_dagrun for example_xcom to 2021-01-01 00:00:00+00:00, run_after=2021-01-01 00:00:00+00:00
[2024-03-16T11:59:32.875+0500] {processor.py:183} INFO - Processing /home/muhammadsami/Public/Projects/Airflow/DataPipelineswithApacheAirflow/.env/lib/python3.8/site-packages/airflow/example_dags/example_xcom.py took 0.693 seconds
[2024-03-16T12:00:25.143+0500] {processor.py:161} INFO - Started process (PID=22329) to work on /home/muhammadsami/Public/Projects/Airflow/DataPipelineswithApacheAirflow/.env/lib/python3.8/site-packages/airflow/example_dags/example_xcom.py
[2024-03-16T12:00:25.155+0500] {processor.py:830} INFO - Processing file /home/muhammadsami/Public/Projects/Airflow/DataPipelineswithApacheAirflow/.env/lib/python3.8/site-packages/airflow/example_dags/example_xcom.py for tasks to queue
[2024-03-16T12:00:25.156+0500] {logging_mixin.py:188} INFO - [2024-03-16T12:00:25.156+0500] {dagbag.py:540} INFO - Filling up the DagBag from /home/muhammadsami/Public/Projects/Airflow/DataPipelineswithApacheAirflow/.env/lib/python3.8/site-packages/airflow/example_dags/example_xcom.py
[2024-03-16T12:00:25.162+0500] {processor.py:840} INFO - DAG(s) 'example_xcom' retrieved from /home/muhammadsami/Public/Projects/Airflow/DataPipelineswithApacheAirflow/.env/lib/python3.8/site-packages/airflow/example_dags/example_xcom.py
[2024-03-16T12:00:25.176+0500] {logging_mixin.py:188} INFO - [2024-03-16T12:00:25.176+0500] {dag.py:3047} INFO - Sync 1 DAGs
[2024-03-16T12:00:25.193+0500] {logging_mixin.py:188} INFO - [2024-03-16T12:00:25.193+0500] {dag.py:3834} INFO - Setting next_dagrun for example_xcom to 2021-01-01 00:00:00+00:00, run_after=2021-01-01 00:00:00+00:00
[2024-03-16T12:00:25.283+0500] {processor.py:183} INFO - Processing /home/muhammadsami/Public/Projects/Airflow/DataPipelineswithApacheAirflow/.env/lib/python3.8/site-packages/airflow/example_dags/example_xcom.py took 0.142 seconds
[2024-03-16T12:01:20.001+0500] {processor.py:161} INFO - Started process (PID=22381) to work on /home/muhammadsami/Public/Projects/Airflow/DataPipelineswithApacheAirflow/.env/lib/python3.8/site-packages/airflow/example_dags/example_xcom.py
[2024-03-16T12:01:20.013+0500] {processor.py:830} INFO - Processing file /home/muhammadsami/Public/Projects/Airflow/DataPipelineswithApacheAirflow/.env/lib/python3.8/site-packages/airflow/example_dags/example_xcom.py for tasks to queue
[2024-03-16T12:01:20.014+0500] {logging_mixin.py:188} INFO - [2024-03-16T12:01:20.013+0500] {dagbag.py:540} INFO - Filling up the DagBag from /home/muhammadsami/Public/Projects/Airflow/DataPipelineswithApacheAirflow/.env/lib/python3.8/site-packages/airflow/example_dags/example_xcom.py
[2024-03-16T12:01:20.020+0500] {processor.py:840} INFO - DAG(s) 'example_xcom' retrieved from /home/muhammadsami/Public/Projects/Airflow/DataPipelineswithApacheAirflow/.env/lib/python3.8/site-packages/airflow/example_dags/example_xcom.py
[2024-03-16T12:01:20.034+0500] {logging_mixin.py:188} INFO - [2024-03-16T12:01:20.033+0500] {dag.py:3047} INFO - Sync 1 DAGs
[2024-03-16T12:01:20.050+0500] {logging_mixin.py:188} INFO - [2024-03-16T12:01:20.050+0500] {dag.py:3834} INFO - Setting next_dagrun for example_xcom to 2021-01-01 00:00:00+00:00, run_after=2021-01-01 00:00:00+00:00
[2024-03-16T12:01:20.148+0500] {processor.py:183} INFO - Processing /home/muhammadsami/Public/Projects/Airflow/DataPipelineswithApacheAirflow/.env/lib/python3.8/site-packages/airflow/example_dags/example_xcom.py took 0.150 seconds
