[2024-03-16T11:22:45.153+0500] {processor.py:161} INFO - Started process (PID=18142) to work on /home/muhammadsami/Public/Projects/Airflow/DataPipelineswithApacheAirflow/.env/lib/python3.8/site-packages/airflow/example_dags/example_skip_dag.py
[2024-03-16T11:22:45.154+0500] {processor.py:830} INFO - Processing file /home/muhammadsami/Public/Projects/Airflow/DataPipelineswithApacheAirflow/.env/lib/python3.8/site-packages/airflow/example_dags/example_skip_dag.py for tasks to queue
[2024-03-16T11:22:45.154+0500] {logging_mixin.py:188} INFO - [2024-03-16T11:22:45.154+0500] {dagbag.py:540} INFO - Filling up the DagBag from /home/muhammadsami/Public/Projects/Airflow/DataPipelineswithApacheAirflow/.env/lib/python3.8/site-packages/airflow/example_dags/example_skip_dag.py
[2024-03-16T11:22:45.161+0500] {processor.py:840} INFO - DAG(s) 'example_skip_dag' retrieved from /home/muhammadsami/Public/Projects/Airflow/DataPipelineswithApacheAirflow/.env/lib/python3.8/site-packages/airflow/example_dags/example_skip_dag.py
[2024-03-16T11:22:45.544+0500] {logging_mixin.py:188} INFO - [2024-03-16T11:22:45.543+0500] {override.py:1769} INFO - Created Permission View: can edit on DAG:example_skip_dag
[2024-03-16T11:22:45.840+0500] {logging_mixin.py:188} INFO - [2024-03-16T11:22:45.839+0500] {override.py:1769} INFO - Created Permission View: can delete on DAG:example_skip_dag
[2024-03-16T11:22:45.930+0500] {logging_mixin.py:188} INFO - [2024-03-16T11:22:45.930+0500] {override.py:1769} INFO - Created Permission View: can read on DAG:example_skip_dag
[2024-03-16T11:22:45.931+0500] {logging_mixin.py:188} INFO - [2024-03-16T11:22:45.931+0500] {dag.py:3047} INFO - Sync 1 DAGs
[2024-03-16T11:22:46.045+0500] {logging_mixin.py:188} INFO - [2024-03-16T11:22:46.045+0500] {dag.py:3069} INFO - Creating ORM DAG for example_skip_dag
[2024-03-16T11:22:46.053+0500] {logging_mixin.py:188} INFO - [2024-03-16T11:22:46.053+0500] {dag.py:3834} INFO - Setting next_dagrun for example_skip_dag to 2024-03-15 00:00:00+00:00, run_after=2024-03-16 00:00:00+00:00
[2024-03-16T11:22:46.209+0500] {processor.py:183} INFO - Processing /home/muhammadsami/Public/Projects/Airflow/DataPipelineswithApacheAirflow/.env/lib/python3.8/site-packages/airflow/example_dags/example_skip_dag.py took 1.058 seconds
[2024-03-16T11:24:06.280+0500] {processor.py:161} INFO - Started process (PID=18458) to work on /home/muhammadsami/Public/Projects/Airflow/DataPipelineswithApacheAirflow/.env/lib/python3.8/site-packages/airflow/example_dags/example_skip_dag.py
[2024-03-16T11:24:06.282+0500] {processor.py:830} INFO - Processing file /home/muhammadsami/Public/Projects/Airflow/DataPipelineswithApacheAirflow/.env/lib/python3.8/site-packages/airflow/example_dags/example_skip_dag.py for tasks to queue
[2024-03-16T11:24:06.283+0500] {logging_mixin.py:188} INFO - [2024-03-16T11:24:06.283+0500] {dagbag.py:540} INFO - Filling up the DagBag from /home/muhammadsami/Public/Projects/Airflow/DataPipelineswithApacheAirflow/.env/lib/python3.8/site-packages/airflow/example_dags/example_skip_dag.py
[2024-03-16T11:24:06.290+0500] {processor.py:840} INFO - DAG(s) 'example_skip_dag' retrieved from /home/muhammadsami/Public/Projects/Airflow/DataPipelineswithApacheAirflow/.env/lib/python3.8/site-packages/airflow/example_dags/example_skip_dag.py
[2024-03-16T11:24:06.304+0500] {logging_mixin.py:188} INFO - [2024-03-16T11:24:06.304+0500] {dag.py:3047} INFO - Sync 1 DAGs
[2024-03-16T11:24:06.320+0500] {logging_mixin.py:188} INFO - [2024-03-16T11:24:06.320+0500] {dag.py:3834} INFO - Setting next_dagrun for example_skip_dag to 2024-03-15 00:00:00+00:00, run_after=2024-03-16 00:00:00+00:00
[2024-03-16T11:24:06.495+0500] {processor.py:183} INFO - Processing /home/muhammadsami/Public/Projects/Airflow/DataPipelineswithApacheAirflow/.env/lib/python3.8/site-packages/airflow/example_dags/example_skip_dag.py took 0.218 seconds
[2024-03-16T11:25:02.860+0500] {processor.py:161} INFO - Started process (PID=18595) to work on /home/muhammadsami/Public/Projects/Airflow/DataPipelineswithApacheAirflow/.env/lib/python3.8/site-packages/airflow/example_dags/example_skip_dag.py
[2024-03-16T11:25:02.879+0500] {processor.py:830} INFO - Processing file /home/muhammadsami/Public/Projects/Airflow/DataPipelineswithApacheAirflow/.env/lib/python3.8/site-packages/airflow/example_dags/example_skip_dag.py for tasks to queue
[2024-03-16T11:25:02.881+0500] {logging_mixin.py:188} INFO - [2024-03-16T11:25:02.880+0500] {dagbag.py:540} INFO - Filling up the DagBag from /home/muhammadsami/Public/Projects/Airflow/DataPipelineswithApacheAirflow/.env/lib/python3.8/site-packages/airflow/example_dags/example_skip_dag.py
[2024-03-16T11:25:02.890+0500] {processor.py:840} INFO - DAG(s) 'example_skip_dag' retrieved from /home/muhammadsami/Public/Projects/Airflow/DataPipelineswithApacheAirflow/.env/lib/python3.8/site-packages/airflow/example_dags/example_skip_dag.py
[2024-03-16T11:25:02.928+0500] {logging_mixin.py:188} INFO - [2024-03-16T11:25:02.928+0500] {dag.py:3047} INFO - Sync 1 DAGs
[2024-03-16T11:25:02.959+0500] {logging_mixin.py:188} INFO - [2024-03-16T11:25:02.958+0500] {dag.py:3834} INFO - Setting next_dagrun for example_skip_dag to 2024-03-15 00:00:00+00:00, run_after=2024-03-16 00:00:00+00:00
[2024-03-16T11:25:03.092+0500] {processor.py:183} INFO - Processing /home/muhammadsami/Public/Projects/Airflow/DataPipelineswithApacheAirflow/.env/lib/python3.8/site-packages/airflow/example_dags/example_skip_dag.py took 0.236 seconds
[2024-03-16T11:25:54.750+0500] {processor.py:161} INFO - Started process (PID=18656) to work on /home/muhammadsami/Public/Projects/Airflow/DataPipelineswithApacheAirflow/.env/lib/python3.8/site-packages/airflow/example_dags/example_skip_dag.py
[2024-03-16T11:25:54.767+0500] {processor.py:830} INFO - Processing file /home/muhammadsami/Public/Projects/Airflow/DataPipelineswithApacheAirflow/.env/lib/python3.8/site-packages/airflow/example_dags/example_skip_dag.py for tasks to queue
[2024-03-16T11:25:54.768+0500] {logging_mixin.py:188} INFO - [2024-03-16T11:25:54.767+0500] {dagbag.py:540} INFO - Filling up the DagBag from /home/muhammadsami/Public/Projects/Airflow/DataPipelineswithApacheAirflow/.env/lib/python3.8/site-packages/airflow/example_dags/example_skip_dag.py
[2024-03-16T11:25:54.774+0500] {processor.py:840} INFO - DAG(s) 'example_skip_dag' retrieved from /home/muhammadsami/Public/Projects/Airflow/DataPipelineswithApacheAirflow/.env/lib/python3.8/site-packages/airflow/example_dags/example_skip_dag.py
[2024-03-16T11:25:54.787+0500] {logging_mixin.py:188} INFO - [2024-03-16T11:25:54.787+0500] {dag.py:3047} INFO - Sync 1 DAGs
[2024-03-16T11:25:54.804+0500] {logging_mixin.py:188} INFO - [2024-03-16T11:25:54.804+0500] {dag.py:3834} INFO - Setting next_dagrun for example_skip_dag to 2024-03-15 00:00:00+00:00, run_after=2024-03-16 00:00:00+00:00
[2024-03-16T11:25:54.934+0500] {processor.py:183} INFO - Processing /home/muhammadsami/Public/Projects/Airflow/DataPipelineswithApacheAirflow/.env/lib/python3.8/site-packages/airflow/example_dags/example_skip_dag.py took 0.187 seconds
[2024-03-16T11:26:46.157+0500] {processor.py:161} INFO - Started process (PID=18737) to work on /home/muhammadsami/Public/Projects/Airflow/DataPipelineswithApacheAirflow/.env/lib/python3.8/site-packages/airflow/example_dags/example_skip_dag.py
[2024-03-16T11:26:46.171+0500] {processor.py:830} INFO - Processing file /home/muhammadsami/Public/Projects/Airflow/DataPipelineswithApacheAirflow/.env/lib/python3.8/site-packages/airflow/example_dags/example_skip_dag.py for tasks to queue
[2024-03-16T11:26:46.172+0500] {logging_mixin.py:188} INFO - [2024-03-16T11:26:46.171+0500] {dagbag.py:540} INFO - Filling up the DagBag from /home/muhammadsami/Public/Projects/Airflow/DataPipelineswithApacheAirflow/.env/lib/python3.8/site-packages/airflow/example_dags/example_skip_dag.py
[2024-03-16T11:26:46.178+0500] {processor.py:840} INFO - DAG(s) 'example_skip_dag' retrieved from /home/muhammadsami/Public/Projects/Airflow/DataPipelineswithApacheAirflow/.env/lib/python3.8/site-packages/airflow/example_dags/example_skip_dag.py
[2024-03-16T11:26:46.194+0500] {logging_mixin.py:188} INFO - [2024-03-16T11:26:46.194+0500] {dag.py:3047} INFO - Sync 1 DAGs
[2024-03-16T11:26:46.213+0500] {logging_mixin.py:188} INFO - [2024-03-16T11:26:46.213+0500] {dag.py:3834} INFO - Setting next_dagrun for example_skip_dag to 2024-03-15 00:00:00+00:00, run_after=2024-03-16 00:00:00+00:00
[2024-03-16T11:26:46.307+0500] {processor.py:183} INFO - Processing /home/muhammadsami/Public/Projects/Airflow/DataPipelineswithApacheAirflow/.env/lib/python3.8/site-packages/airflow/example_dags/example_skip_dag.py took 0.153 seconds
[2024-03-16T11:27:35.049+0500] {processor.py:161} INFO - Started process (PID=18789) to work on /home/muhammadsami/Public/Projects/Airflow/DataPipelineswithApacheAirflow/.env/lib/python3.8/site-packages/airflow/example_dags/example_skip_dag.py
[2024-03-16T11:27:35.050+0500] {processor.py:830} INFO - Processing file /home/muhammadsami/Public/Projects/Airflow/DataPipelineswithApacheAirflow/.env/lib/python3.8/site-packages/airflow/example_dags/example_skip_dag.py for tasks to queue
[2024-03-16T11:27:35.051+0500] {logging_mixin.py:188} INFO - [2024-03-16T11:27:35.051+0500] {dagbag.py:540} INFO - Filling up the DagBag from /home/muhammadsami/Public/Projects/Airflow/DataPipelineswithApacheAirflow/.env/lib/python3.8/site-packages/airflow/example_dags/example_skip_dag.py
[2024-03-16T11:27:35.059+0500] {processor.py:840} INFO - DAG(s) 'example_skip_dag' retrieved from /home/muhammadsami/Public/Projects/Airflow/DataPipelineswithApacheAirflow/.env/lib/python3.8/site-packages/airflow/example_dags/example_skip_dag.py
[2024-03-16T11:27:35.073+0500] {logging_mixin.py:188} INFO - [2024-03-16T11:27:35.073+0500] {dag.py:3047} INFO - Sync 1 DAGs
[2024-03-16T11:27:35.091+0500] {logging_mixin.py:188} INFO - [2024-03-16T11:27:35.090+0500] {dag.py:3834} INFO - Setting next_dagrun for example_skip_dag to 2024-03-15 00:00:00+00:00, run_after=2024-03-16 00:00:00+00:00
[2024-03-16T11:27:35.194+0500] {processor.py:183} INFO - Processing /home/muhammadsami/Public/Projects/Airflow/DataPipelineswithApacheAirflow/.env/lib/python3.8/site-packages/airflow/example_dags/example_skip_dag.py took 0.148 seconds
[2024-03-16T11:28:37.204+0500] {processor.py:161} INFO - Started process (PID=18849) to work on /home/muhammadsami/Public/Projects/Airflow/DataPipelineswithApacheAirflow/.env/lib/python3.8/site-packages/airflow/example_dags/example_skip_dag.py
[2024-03-16T11:28:37.224+0500] {processor.py:830} INFO - Processing file /home/muhammadsami/Public/Projects/Airflow/DataPipelineswithApacheAirflow/.env/lib/python3.8/site-packages/airflow/example_dags/example_skip_dag.py for tasks to queue
[2024-03-16T11:28:37.225+0500] {logging_mixin.py:188} INFO - [2024-03-16T11:28:37.224+0500] {dagbag.py:540} INFO - Filling up the DagBag from /home/muhammadsami/Public/Projects/Airflow/DataPipelineswithApacheAirflow/.env/lib/python3.8/site-packages/airflow/example_dags/example_skip_dag.py
[2024-03-16T11:28:37.230+0500] {processor.py:840} INFO - DAG(s) 'example_skip_dag' retrieved from /home/muhammadsami/Public/Projects/Airflow/DataPipelineswithApacheAirflow/.env/lib/python3.8/site-packages/airflow/example_dags/example_skip_dag.py
[2024-03-16T11:28:37.244+0500] {logging_mixin.py:188} INFO - [2024-03-16T11:28:37.244+0500] {dag.py:3047} INFO - Sync 1 DAGs
[2024-03-16T11:28:37.261+0500] {logging_mixin.py:188} INFO - [2024-03-16T11:28:37.261+0500] {dag.py:3834} INFO - Setting next_dagrun for example_skip_dag to 2024-03-15 00:00:00+00:00, run_after=2024-03-16 00:00:00+00:00
[2024-03-16T11:28:37.374+0500] {processor.py:183} INFO - Processing /home/muhammadsami/Public/Projects/Airflow/DataPipelineswithApacheAirflow/.env/lib/python3.8/site-packages/airflow/example_dags/example_skip_dag.py took 0.172 seconds
[2024-03-16T11:29:28.022+0500] {processor.py:161} INFO - Started process (PID=18919) to work on /home/muhammadsami/Public/Projects/Airflow/DataPipelineswithApacheAirflow/.env/lib/python3.8/site-packages/airflow/example_dags/example_skip_dag.py
[2024-03-16T11:29:28.023+0500] {processor.py:830} INFO - Processing file /home/muhammadsami/Public/Projects/Airflow/DataPipelineswithApacheAirflow/.env/lib/python3.8/site-packages/airflow/example_dags/example_skip_dag.py for tasks to queue
[2024-03-16T11:29:28.024+0500] {logging_mixin.py:188} INFO - [2024-03-16T11:29:28.023+0500] {dagbag.py:540} INFO - Filling up the DagBag from /home/muhammadsami/Public/Projects/Airflow/DataPipelineswithApacheAirflow/.env/lib/python3.8/site-packages/airflow/example_dags/example_skip_dag.py
[2024-03-16T11:29:28.029+0500] {processor.py:840} INFO - DAG(s) 'example_skip_dag' retrieved from /home/muhammadsami/Public/Projects/Airflow/DataPipelineswithApacheAirflow/.env/lib/python3.8/site-packages/airflow/example_dags/example_skip_dag.py
[2024-03-16T11:29:28.043+0500] {logging_mixin.py:188} INFO - [2024-03-16T11:29:28.043+0500] {dag.py:3047} INFO - Sync 1 DAGs
[2024-03-16T11:29:28.062+0500] {logging_mixin.py:188} INFO - [2024-03-16T11:29:28.062+0500] {dag.py:3834} INFO - Setting next_dagrun for example_skip_dag to 2024-03-15 00:00:00+00:00, run_after=2024-03-16 00:00:00+00:00
[2024-03-16T11:29:28.170+0500] {processor.py:183} INFO - Processing /home/muhammadsami/Public/Projects/Airflow/DataPipelineswithApacheAirflow/.env/lib/python3.8/site-packages/airflow/example_dags/example_skip_dag.py took 0.151 seconds
[2024-03-16T11:30:20.082+0500] {processor.py:161} INFO - Started process (PID=18979) to work on /home/muhammadsami/Public/Projects/Airflow/DataPipelineswithApacheAirflow/.env/lib/python3.8/site-packages/airflow/example_dags/example_skip_dag.py
[2024-03-16T11:30:20.092+0500] {processor.py:830} INFO - Processing file /home/muhammadsami/Public/Projects/Airflow/DataPipelineswithApacheAirflow/.env/lib/python3.8/site-packages/airflow/example_dags/example_skip_dag.py for tasks to queue
[2024-03-16T11:30:20.093+0500] {logging_mixin.py:188} INFO - [2024-03-16T11:30:20.092+0500] {dagbag.py:540} INFO - Filling up the DagBag from /home/muhammadsami/Public/Projects/Airflow/DataPipelineswithApacheAirflow/.env/lib/python3.8/site-packages/airflow/example_dags/example_skip_dag.py
[2024-03-16T11:30:20.099+0500] {processor.py:840} INFO - DAG(s) 'example_skip_dag' retrieved from /home/muhammadsami/Public/Projects/Airflow/DataPipelineswithApacheAirflow/.env/lib/python3.8/site-packages/airflow/example_dags/example_skip_dag.py
[2024-03-16T11:30:20.113+0500] {logging_mixin.py:188} INFO - [2024-03-16T11:30:20.112+0500] {dag.py:3047} INFO - Sync 1 DAGs
[2024-03-16T11:30:20.131+0500] {logging_mixin.py:188} INFO - [2024-03-16T11:30:20.131+0500] {dag.py:3834} INFO - Setting next_dagrun for example_skip_dag to 2024-03-15 00:00:00+00:00, run_after=2024-03-16 00:00:00+00:00
[2024-03-16T11:30:20.227+0500] {processor.py:183} INFO - Processing /home/muhammadsami/Public/Projects/Airflow/DataPipelineswithApacheAirflow/.env/lib/python3.8/site-packages/airflow/example_dags/example_skip_dag.py took 0.148 seconds
[2024-03-16T11:38:57.276+0500] {processor.py:161} INFO - Started process (PID=19586) to work on /home/muhammadsami/Public/Projects/Airflow/DataPipelineswithApacheAirflow/.env/lib/python3.8/site-packages/airflow/example_dags/example_skip_dag.py
[2024-03-16T11:38:57.291+0500] {processor.py:830} INFO - Processing file /home/muhammadsami/Public/Projects/Airflow/DataPipelineswithApacheAirflow/.env/lib/python3.8/site-packages/airflow/example_dags/example_skip_dag.py for tasks to queue
[2024-03-16T11:38:57.292+0500] {logging_mixin.py:188} INFO - [2024-03-16T11:38:57.291+0500] {dagbag.py:540} INFO - Filling up the DagBag from /home/muhammadsami/Public/Projects/Airflow/DataPipelineswithApacheAirflow/.env/lib/python3.8/site-packages/airflow/example_dags/example_skip_dag.py
[2024-03-16T11:38:57.305+0500] {processor.py:840} INFO - DAG(s) 'example_skip_dag' retrieved from /home/muhammadsami/Public/Projects/Airflow/DataPipelineswithApacheAirflow/.env/lib/python3.8/site-packages/airflow/example_dags/example_skip_dag.py
[2024-03-16T11:38:57.487+0500] {logging_mixin.py:188} INFO - [2024-03-16T11:38:57.486+0500] {dag.py:3047} INFO - Sync 1 DAGs
[2024-03-16T11:39:00.090+0500] {logging_mixin.py:188} INFO - [2024-03-16T11:39:00.090+0500] {dag.py:3834} INFO - Setting next_dagrun for example_skip_dag to 2024-03-15 00:00:00+00:00, run_after=2024-03-16 00:00:00+00:00
[2024-03-16T11:39:00.349+0500] {processor.py:183} INFO - Processing /home/muhammadsami/Public/Projects/Airflow/DataPipelineswithApacheAirflow/.env/lib/python3.8/site-packages/airflow/example_dags/example_skip_dag.py took 3.079 seconds
[2024-03-16T11:40:07.552+0500] {processor.py:161} INFO - Started process (PID=19937) to work on /home/muhammadsami/Public/Projects/Airflow/DataPipelineswithApacheAirflow/.env/lib/python3.8/site-packages/airflow/example_dags/example_skip_dag.py
[2024-03-16T11:40:07.553+0500] {processor.py:830} INFO - Processing file /home/muhammadsami/Public/Projects/Airflow/DataPipelineswithApacheAirflow/.env/lib/python3.8/site-packages/airflow/example_dags/example_skip_dag.py for tasks to queue
[2024-03-16T11:40:07.554+0500] {logging_mixin.py:188} INFO - [2024-03-16T11:40:07.554+0500] {dagbag.py:540} INFO - Filling up the DagBag from /home/muhammadsami/Public/Projects/Airflow/DataPipelineswithApacheAirflow/.env/lib/python3.8/site-packages/airflow/example_dags/example_skip_dag.py
[2024-03-16T11:40:07.561+0500] {processor.py:840} INFO - DAG(s) 'example_skip_dag' retrieved from /home/muhammadsami/Public/Projects/Airflow/DataPipelineswithApacheAirflow/.env/lib/python3.8/site-packages/airflow/example_dags/example_skip_dag.py
[2024-03-16T11:40:07.574+0500] {logging_mixin.py:188} INFO - [2024-03-16T11:40:07.574+0500] {dag.py:3047} INFO - Sync 1 DAGs
[2024-03-16T11:40:07.591+0500] {logging_mixin.py:188} INFO - [2024-03-16T11:40:07.591+0500] {dag.py:3834} INFO - Setting next_dagrun for example_skip_dag to 2024-03-15 00:00:00+00:00, run_after=2024-03-16 00:00:00+00:00
[2024-03-16T11:40:07.787+0500] {processor.py:183} INFO - Processing /home/muhammadsami/Public/Projects/Airflow/DataPipelineswithApacheAirflow/.env/lib/python3.8/site-packages/airflow/example_dags/example_skip_dag.py took 0.237 seconds
[2024-03-16T11:41:26.145+0500] {processor.py:161} INFO - Started process (PID=20186) to work on /home/muhammadsami/Public/Projects/Airflow/DataPipelineswithApacheAirflow/.env/lib/python3.8/site-packages/airflow/example_dags/example_skip_dag.py
[2024-03-16T11:41:26.146+0500] {processor.py:830} INFO - Processing file /home/muhammadsami/Public/Projects/Airflow/DataPipelineswithApacheAirflow/.env/lib/python3.8/site-packages/airflow/example_dags/example_skip_dag.py for tasks to queue
[2024-03-16T11:41:26.147+0500] {logging_mixin.py:188} INFO - [2024-03-16T11:41:26.147+0500] {dagbag.py:540} INFO - Filling up the DagBag from /home/muhammadsami/Public/Projects/Airflow/DataPipelineswithApacheAirflow/.env/lib/python3.8/site-packages/airflow/example_dags/example_skip_dag.py
[2024-03-16T11:41:26.155+0500] {processor.py:840} INFO - DAG(s) 'example_skip_dag' retrieved from /home/muhammadsami/Public/Projects/Airflow/DataPipelineswithApacheAirflow/.env/lib/python3.8/site-packages/airflow/example_dags/example_skip_dag.py
[2024-03-16T11:41:26.169+0500] {logging_mixin.py:188} INFO - [2024-03-16T11:41:26.169+0500] {dag.py:3047} INFO - Sync 1 DAGs
[2024-03-16T11:41:26.186+0500] {logging_mixin.py:188} INFO - [2024-03-16T11:41:26.186+0500] {dag.py:3834} INFO - Setting next_dagrun for example_skip_dag to 2024-03-15 00:00:00+00:00, run_after=2024-03-16 00:00:00+00:00
[2024-03-16T11:41:26.294+0500] {processor.py:183} INFO - Processing /home/muhammadsami/Public/Projects/Airflow/DataPipelineswithApacheAirflow/.env/lib/python3.8/site-packages/airflow/example_dags/example_skip_dag.py took 0.152 seconds
[2024-03-16T11:42:21.963+0500] {processor.py:161} INFO - Started process (PID=20250) to work on /home/muhammadsami/Public/Projects/Airflow/DataPipelineswithApacheAirflow/.env/lib/python3.8/site-packages/airflow/example_dags/example_skip_dag.py
[2024-03-16T11:42:21.982+0500] {processor.py:830} INFO - Processing file /home/muhammadsami/Public/Projects/Airflow/DataPipelineswithApacheAirflow/.env/lib/python3.8/site-packages/airflow/example_dags/example_skip_dag.py for tasks to queue
[2024-03-16T11:42:21.983+0500] {logging_mixin.py:188} INFO - [2024-03-16T11:42:21.983+0500] {dagbag.py:540} INFO - Filling up the DagBag from /home/muhammadsami/Public/Projects/Airflow/DataPipelineswithApacheAirflow/.env/lib/python3.8/site-packages/airflow/example_dags/example_skip_dag.py
[2024-03-16T11:42:21.989+0500] {processor.py:840} INFO - DAG(s) 'example_skip_dag' retrieved from /home/muhammadsami/Public/Projects/Airflow/DataPipelineswithApacheAirflow/.env/lib/python3.8/site-packages/airflow/example_dags/example_skip_dag.py
[2024-03-16T11:42:22.003+0500] {logging_mixin.py:188} INFO - [2024-03-16T11:42:22.002+0500] {dag.py:3047} INFO - Sync 1 DAGs
[2024-03-16T11:42:22.020+0500] {logging_mixin.py:188} INFO - [2024-03-16T11:42:22.020+0500] {dag.py:3834} INFO - Setting next_dagrun for example_skip_dag to 2024-03-15 00:00:00+00:00, run_after=2024-03-16 00:00:00+00:00
[2024-03-16T11:42:22.211+0500] {processor.py:183} INFO - Processing /home/muhammadsami/Public/Projects/Airflow/DataPipelineswithApacheAirflow/.env/lib/python3.8/site-packages/airflow/example_dags/example_skip_dag.py took 0.251 seconds
[2024-03-16T11:43:15.028+0500] {processor.py:161} INFO - Started process (PID=20308) to work on /home/muhammadsami/Public/Projects/Airflow/DataPipelineswithApacheAirflow/.env/lib/python3.8/site-packages/airflow/example_dags/example_skip_dag.py
[2024-03-16T11:43:15.029+0500] {processor.py:830} INFO - Processing file /home/muhammadsami/Public/Projects/Airflow/DataPipelineswithApacheAirflow/.env/lib/python3.8/site-packages/airflow/example_dags/example_skip_dag.py for tasks to queue
[2024-03-16T11:43:15.030+0500] {logging_mixin.py:188} INFO - [2024-03-16T11:43:15.030+0500] {dagbag.py:540} INFO - Filling up the DagBag from /home/muhammadsami/Public/Projects/Airflow/DataPipelineswithApacheAirflow/.env/lib/python3.8/site-packages/airflow/example_dags/example_skip_dag.py
[2024-03-16T11:43:15.038+0500] {processor.py:840} INFO - DAG(s) 'example_skip_dag' retrieved from /home/muhammadsami/Public/Projects/Airflow/DataPipelineswithApacheAirflow/.env/lib/python3.8/site-packages/airflow/example_dags/example_skip_dag.py
[2024-03-16T11:43:15.053+0500] {logging_mixin.py:188} INFO - [2024-03-16T11:43:15.052+0500] {dag.py:3047} INFO - Sync 1 DAGs
[2024-03-16T11:43:15.069+0500] {logging_mixin.py:188} INFO - [2024-03-16T11:43:15.069+0500] {dag.py:3834} INFO - Setting next_dagrun for example_skip_dag to 2024-03-15 00:00:00+00:00, run_after=2024-03-16 00:00:00+00:00
[2024-03-16T11:43:15.175+0500] {processor.py:183} INFO - Processing /home/muhammadsami/Public/Projects/Airflow/DataPipelineswithApacheAirflow/.env/lib/python3.8/site-packages/airflow/example_dags/example_skip_dag.py took 0.149 seconds
[2024-03-16T11:44:06.601+0500] {processor.py:161} INFO - Started process (PID=20385) to work on /home/muhammadsami/Public/Projects/Airflow/DataPipelineswithApacheAirflow/.env/lib/python3.8/site-packages/airflow/example_dags/example_skip_dag.py
[2024-03-16T11:44:06.613+0500] {processor.py:830} INFO - Processing file /home/muhammadsami/Public/Projects/Airflow/DataPipelineswithApacheAirflow/.env/lib/python3.8/site-packages/airflow/example_dags/example_skip_dag.py for tasks to queue
[2024-03-16T11:44:06.614+0500] {logging_mixin.py:188} INFO - [2024-03-16T11:44:06.614+0500] {dagbag.py:540} INFO - Filling up the DagBag from /home/muhammadsami/Public/Projects/Airflow/DataPipelineswithApacheAirflow/.env/lib/python3.8/site-packages/airflow/example_dags/example_skip_dag.py
[2024-03-16T11:44:06.620+0500] {processor.py:840} INFO - DAG(s) 'example_skip_dag' retrieved from /home/muhammadsami/Public/Projects/Airflow/DataPipelineswithApacheAirflow/.env/lib/python3.8/site-packages/airflow/example_dags/example_skip_dag.py
[2024-03-16T11:44:06.634+0500] {logging_mixin.py:188} INFO - [2024-03-16T11:44:06.634+0500] {dag.py:3047} INFO - Sync 1 DAGs
[2024-03-16T11:44:06.651+0500] {logging_mixin.py:188} INFO - [2024-03-16T11:44:06.651+0500] {dag.py:3834} INFO - Setting next_dagrun for example_skip_dag to 2024-03-15 00:00:00+00:00, run_after=2024-03-16 00:00:00+00:00
[2024-03-16T11:44:06.752+0500] {processor.py:183} INFO - Processing /home/muhammadsami/Public/Projects/Airflow/DataPipelineswithApacheAirflow/.env/lib/python3.8/site-packages/airflow/example_dags/example_skip_dag.py took 0.153 seconds
[2024-03-16T11:45:09.532+0500] {processor.py:161} INFO - Started process (PID=20730) to work on /home/muhammadsami/Public/Projects/Airflow/DataPipelineswithApacheAirflow/.env/lib/python3.8/site-packages/airflow/example_dags/example_skip_dag.py
[2024-03-16T11:45:09.533+0500] {processor.py:830} INFO - Processing file /home/muhammadsami/Public/Projects/Airflow/DataPipelineswithApacheAirflow/.env/lib/python3.8/site-packages/airflow/example_dags/example_skip_dag.py for tasks to queue
[2024-03-16T11:45:09.534+0500] {logging_mixin.py:188} INFO - [2024-03-16T11:45:09.534+0500] {dagbag.py:540} INFO - Filling up the DagBag from /home/muhammadsami/Public/Projects/Airflow/DataPipelineswithApacheAirflow/.env/lib/python3.8/site-packages/airflow/example_dags/example_skip_dag.py
[2024-03-16T11:45:09.540+0500] {processor.py:840} INFO - DAG(s) 'example_skip_dag' retrieved from /home/muhammadsami/Public/Projects/Airflow/DataPipelineswithApacheAirflow/.env/lib/python3.8/site-packages/airflow/example_dags/example_skip_dag.py
[2024-03-16T11:45:09.554+0500] {logging_mixin.py:188} INFO - [2024-03-16T11:45:09.554+0500] {dag.py:3047} INFO - Sync 1 DAGs
[2024-03-16T11:45:09.572+0500] {logging_mixin.py:188} INFO - [2024-03-16T11:45:09.572+0500] {dag.py:3834} INFO - Setting next_dagrun for example_skip_dag to 2024-03-15 00:00:00+00:00, run_after=2024-03-16 00:00:00+00:00
[2024-03-16T11:45:09.674+0500] {processor.py:183} INFO - Processing /home/muhammadsami/Public/Projects/Airflow/DataPipelineswithApacheAirflow/.env/lib/python3.8/site-packages/airflow/example_dags/example_skip_dag.py took 0.145 seconds
[2024-03-16T11:46:12.645+0500] {processor.py:161} INFO - Started process (PID=20862) to work on /home/muhammadsami/Public/Projects/Airflow/DataPipelineswithApacheAirflow/.env/lib/python3.8/site-packages/airflow/example_dags/example_skip_dag.py
[2024-03-16T11:46:12.646+0500] {processor.py:830} INFO - Processing file /home/muhammadsami/Public/Projects/Airflow/DataPipelineswithApacheAirflow/.env/lib/python3.8/site-packages/airflow/example_dags/example_skip_dag.py for tasks to queue
[2024-03-16T11:46:12.647+0500] {logging_mixin.py:188} INFO - [2024-03-16T11:46:12.647+0500] {dagbag.py:540} INFO - Filling up the DagBag from /home/muhammadsami/Public/Projects/Airflow/DataPipelineswithApacheAirflow/.env/lib/python3.8/site-packages/airflow/example_dags/example_skip_dag.py
[2024-03-16T11:46:12.655+0500] {processor.py:840} INFO - DAG(s) 'example_skip_dag' retrieved from /home/muhammadsami/Public/Projects/Airflow/DataPipelineswithApacheAirflow/.env/lib/python3.8/site-packages/airflow/example_dags/example_skip_dag.py
[2024-03-16T11:46:12.669+0500] {logging_mixin.py:188} INFO - [2024-03-16T11:46:12.669+0500] {dag.py:3047} INFO - Sync 1 DAGs
[2024-03-16T11:46:12.689+0500] {logging_mixin.py:188} INFO - [2024-03-16T11:46:12.689+0500] {dag.py:3834} INFO - Setting next_dagrun for example_skip_dag to 2024-03-15 00:00:00+00:00, run_after=2024-03-16 00:00:00+00:00
[2024-03-16T11:46:12.786+0500] {processor.py:183} INFO - Processing /home/muhammadsami/Public/Projects/Airflow/DataPipelineswithApacheAirflow/.env/lib/python3.8/site-packages/airflow/example_dags/example_skip_dag.py took 0.144 seconds
[2024-03-16T11:47:04.132+0500] {processor.py:161} INFO - Started process (PID=20915) to work on /home/muhammadsami/Public/Projects/Airflow/DataPipelineswithApacheAirflow/.env/lib/python3.8/site-packages/airflow/example_dags/example_skip_dag.py
[2024-03-16T11:47:04.148+0500] {processor.py:830} INFO - Processing file /home/muhammadsami/Public/Projects/Airflow/DataPipelineswithApacheAirflow/.env/lib/python3.8/site-packages/airflow/example_dags/example_skip_dag.py for tasks to queue
[2024-03-16T11:47:04.149+0500] {logging_mixin.py:188} INFO - [2024-03-16T11:47:04.148+0500] {dagbag.py:540} INFO - Filling up the DagBag from /home/muhammadsami/Public/Projects/Airflow/DataPipelineswithApacheAirflow/.env/lib/python3.8/site-packages/airflow/example_dags/example_skip_dag.py
[2024-03-16T11:47:04.155+0500] {processor.py:840} INFO - DAG(s) 'example_skip_dag' retrieved from /home/muhammadsami/Public/Projects/Airflow/DataPipelineswithApacheAirflow/.env/lib/python3.8/site-packages/airflow/example_dags/example_skip_dag.py
[2024-03-16T11:47:04.168+0500] {logging_mixin.py:188} INFO - [2024-03-16T11:47:04.168+0500] {dag.py:3047} INFO - Sync 1 DAGs
[2024-03-16T11:47:04.188+0500] {logging_mixin.py:188} INFO - [2024-03-16T11:47:04.188+0500] {dag.py:3834} INFO - Setting next_dagrun for example_skip_dag to 2024-03-15 00:00:00+00:00, run_after=2024-03-16 00:00:00+00:00
[2024-03-16T11:47:04.357+0500] {processor.py:183} INFO - Processing /home/muhammadsami/Public/Projects/Airflow/DataPipelineswithApacheAirflow/.env/lib/python3.8/site-packages/airflow/example_dags/example_skip_dag.py took 0.227 seconds
[2024-03-16T11:47:54.332+0500] {processor.py:161} INFO - Started process (PID=20993) to work on /home/muhammadsami/Public/Projects/Airflow/DataPipelineswithApacheAirflow/.env/lib/python3.8/site-packages/airflow/example_dags/example_skip_dag.py
[2024-03-16T11:47:54.355+0500] {processor.py:830} INFO - Processing file /home/muhammadsami/Public/Projects/Airflow/DataPipelineswithApacheAirflow/.env/lib/python3.8/site-packages/airflow/example_dags/example_skip_dag.py for tasks to queue
[2024-03-16T11:47:54.356+0500] {logging_mixin.py:188} INFO - [2024-03-16T11:47:54.356+0500] {dagbag.py:540} INFO - Filling up the DagBag from /home/muhammadsami/Public/Projects/Airflow/DataPipelineswithApacheAirflow/.env/lib/python3.8/site-packages/airflow/example_dags/example_skip_dag.py
[2024-03-16T11:47:54.362+0500] {processor.py:840} INFO - DAG(s) 'example_skip_dag' retrieved from /home/muhammadsami/Public/Projects/Airflow/DataPipelineswithApacheAirflow/.env/lib/python3.8/site-packages/airflow/example_dags/example_skip_dag.py
[2024-03-16T11:47:54.376+0500] {logging_mixin.py:188} INFO - [2024-03-16T11:47:54.375+0500] {dag.py:3047} INFO - Sync 1 DAGs
[2024-03-16T11:47:54.394+0500] {logging_mixin.py:188} INFO - [2024-03-16T11:47:54.394+0500] {dag.py:3834} INFO - Setting next_dagrun for example_skip_dag to 2024-03-15 00:00:00+00:00, run_after=2024-03-16 00:00:00+00:00
[2024-03-16T11:47:54.488+0500] {processor.py:183} INFO - Processing /home/muhammadsami/Public/Projects/Airflow/DataPipelineswithApacheAirflow/.env/lib/python3.8/site-packages/airflow/example_dags/example_skip_dag.py took 0.159 seconds
[2024-03-16T11:48:41.755+0500] {processor.py:161} INFO - Started process (PID=21068) to work on /home/muhammadsami/Public/Projects/Airflow/DataPipelineswithApacheAirflow/.env/lib/python3.8/site-packages/airflow/example_dags/example_skip_dag.py
[2024-03-16T11:48:41.756+0500] {processor.py:830} INFO - Processing file /home/muhammadsami/Public/Projects/Airflow/DataPipelineswithApacheAirflow/.env/lib/python3.8/site-packages/airflow/example_dags/example_skip_dag.py for tasks to queue
[2024-03-16T11:48:41.757+0500] {logging_mixin.py:188} INFO - [2024-03-16T11:48:41.756+0500] {dagbag.py:540} INFO - Filling up the DagBag from /home/muhammadsami/Public/Projects/Airflow/DataPipelineswithApacheAirflow/.env/lib/python3.8/site-packages/airflow/example_dags/example_skip_dag.py
[2024-03-16T11:48:41.764+0500] {processor.py:840} INFO - DAG(s) 'example_skip_dag' retrieved from /home/muhammadsami/Public/Projects/Airflow/DataPipelineswithApacheAirflow/.env/lib/python3.8/site-packages/airflow/example_dags/example_skip_dag.py
[2024-03-16T11:48:41.778+0500] {logging_mixin.py:188} INFO - [2024-03-16T11:48:41.778+0500] {dag.py:3047} INFO - Sync 1 DAGs
[2024-03-16T11:48:41.796+0500] {logging_mixin.py:188} INFO - [2024-03-16T11:48:41.796+0500] {dag.py:3834} INFO - Setting next_dagrun for example_skip_dag to 2024-03-15 00:00:00+00:00, run_after=2024-03-16 00:00:00+00:00
[2024-03-16T11:48:41.916+0500] {processor.py:183} INFO - Processing /home/muhammadsami/Public/Projects/Airflow/DataPipelineswithApacheAirflow/.env/lib/python3.8/site-packages/airflow/example_dags/example_skip_dag.py took 0.164 seconds
[2024-03-16T11:49:29.989+0500] {processor.py:161} INFO - Started process (PID=21113) to work on /home/muhammadsami/Public/Projects/Airflow/DataPipelineswithApacheAirflow/.env/lib/python3.8/site-packages/airflow/example_dags/example_skip_dag.py
[2024-03-16T11:49:29.990+0500] {processor.py:830} INFO - Processing file /home/muhammadsami/Public/Projects/Airflow/DataPipelineswithApacheAirflow/.env/lib/python3.8/site-packages/airflow/example_dags/example_skip_dag.py for tasks to queue
[2024-03-16T11:49:29.991+0500] {logging_mixin.py:188} INFO - [2024-03-16T11:49:29.991+0500] {dagbag.py:540} INFO - Filling up the DagBag from /home/muhammadsami/Public/Projects/Airflow/DataPipelineswithApacheAirflow/.env/lib/python3.8/site-packages/airflow/example_dags/example_skip_dag.py
[2024-03-16T11:49:29.999+0500] {processor.py:840} INFO - DAG(s) 'example_skip_dag' retrieved from /home/muhammadsami/Public/Projects/Airflow/DataPipelineswithApacheAirflow/.env/lib/python3.8/site-packages/airflow/example_dags/example_skip_dag.py
[2024-03-16T11:49:30.013+0500] {logging_mixin.py:188} INFO - [2024-03-16T11:49:30.012+0500] {dag.py:3047} INFO - Sync 1 DAGs
[2024-03-16T11:49:30.030+0500] {logging_mixin.py:188} INFO - [2024-03-16T11:49:30.030+0500] {dag.py:3834} INFO - Setting next_dagrun for example_skip_dag to 2024-03-15 00:00:00+00:00, run_after=2024-03-16 00:00:00+00:00
[2024-03-16T11:49:30.126+0500] {processor.py:183} INFO - Processing /home/muhammadsami/Public/Projects/Airflow/DataPipelineswithApacheAirflow/.env/lib/python3.8/site-packages/airflow/example_dags/example_skip_dag.py took 0.139 seconds
[2024-03-16T11:50:19.528+0500] {processor.py:161} INFO - Started process (PID=21159) to work on /home/muhammadsami/Public/Projects/Airflow/DataPipelineswithApacheAirflow/.env/lib/python3.8/site-packages/airflow/example_dags/example_skip_dag.py
[2024-03-16T11:50:19.529+0500] {processor.py:830} INFO - Processing file /home/muhammadsami/Public/Projects/Airflow/DataPipelineswithApacheAirflow/.env/lib/python3.8/site-packages/airflow/example_dags/example_skip_dag.py for tasks to queue
[2024-03-16T11:50:19.530+0500] {logging_mixin.py:188} INFO - [2024-03-16T11:50:19.530+0500] {dagbag.py:540} INFO - Filling up the DagBag from /home/muhammadsami/Public/Projects/Airflow/DataPipelineswithApacheAirflow/.env/lib/python3.8/site-packages/airflow/example_dags/example_skip_dag.py
[2024-03-16T11:50:19.538+0500] {processor.py:840} INFO - DAG(s) 'example_skip_dag' retrieved from /home/muhammadsami/Public/Projects/Airflow/DataPipelineswithApacheAirflow/.env/lib/python3.8/site-packages/airflow/example_dags/example_skip_dag.py
[2024-03-16T11:50:19.553+0500] {logging_mixin.py:188} INFO - [2024-03-16T11:50:19.552+0500] {dag.py:3047} INFO - Sync 1 DAGs
[2024-03-16T11:50:19.571+0500] {logging_mixin.py:188} INFO - [2024-03-16T11:50:19.571+0500] {dag.py:3834} INFO - Setting next_dagrun for example_skip_dag to 2024-03-15 00:00:00+00:00, run_after=2024-03-16 00:00:00+00:00
[2024-03-16T11:50:19.671+0500] {processor.py:183} INFO - Processing /home/muhammadsami/Public/Projects/Airflow/DataPipelineswithApacheAirflow/.env/lib/python3.8/site-packages/airflow/example_dags/example_skip_dag.py took 0.145 seconds
[2024-03-16T11:51:10.787+0500] {processor.py:161} INFO - Started process (PID=21246) to work on /home/muhammadsami/Public/Projects/Airflow/DataPipelineswithApacheAirflow/.env/lib/python3.8/site-packages/airflow/example_dags/example_skip_dag.py
[2024-03-16T11:51:10.802+0500] {processor.py:830} INFO - Processing file /home/muhammadsami/Public/Projects/Airflow/DataPipelineswithApacheAirflow/.env/lib/python3.8/site-packages/airflow/example_dags/example_skip_dag.py for tasks to queue
[2024-03-16T11:51:10.803+0500] {logging_mixin.py:188} INFO - [2024-03-16T11:51:10.802+0500] {dagbag.py:540} INFO - Filling up the DagBag from /home/muhammadsami/Public/Projects/Airflow/DataPipelineswithApacheAirflow/.env/lib/python3.8/site-packages/airflow/example_dags/example_skip_dag.py
[2024-03-16T11:51:10.810+0500] {processor.py:840} INFO - DAG(s) 'example_skip_dag' retrieved from /home/muhammadsami/Public/Projects/Airflow/DataPipelineswithApacheAirflow/.env/lib/python3.8/site-packages/airflow/example_dags/example_skip_dag.py
[2024-03-16T11:51:10.827+0500] {logging_mixin.py:188} INFO - [2024-03-16T11:51:10.827+0500] {dag.py:3047} INFO - Sync 1 DAGs
[2024-03-16T11:51:10.849+0500] {logging_mixin.py:188} INFO - [2024-03-16T11:51:10.849+0500] {dag.py:3834} INFO - Setting next_dagrun for example_skip_dag to 2024-03-15 00:00:00+00:00, run_after=2024-03-16 00:00:00+00:00
[2024-03-16T11:51:10.950+0500] {processor.py:183} INFO - Processing /home/muhammadsami/Public/Projects/Airflow/DataPipelineswithApacheAirflow/.env/lib/python3.8/site-packages/airflow/example_dags/example_skip_dag.py took 0.165 seconds
[2024-03-16T11:52:03.967+0500] {processor.py:161} INFO - Started process (PID=21423) to work on /home/muhammadsami/Public/Projects/Airflow/DataPipelineswithApacheAirflow/.env/lib/python3.8/site-packages/airflow/example_dags/example_skip_dag.py
[2024-03-16T11:52:03.981+0500] {processor.py:830} INFO - Processing file /home/muhammadsami/Public/Projects/Airflow/DataPipelineswithApacheAirflow/.env/lib/python3.8/site-packages/airflow/example_dags/example_skip_dag.py for tasks to queue
[2024-03-16T11:52:03.982+0500] {logging_mixin.py:188} INFO - [2024-03-16T11:52:03.981+0500] {dagbag.py:540} INFO - Filling up the DagBag from /home/muhammadsami/Public/Projects/Airflow/DataPipelineswithApacheAirflow/.env/lib/python3.8/site-packages/airflow/example_dags/example_skip_dag.py
[2024-03-16T11:52:03.988+0500] {processor.py:840} INFO - DAG(s) 'example_skip_dag' retrieved from /home/muhammadsami/Public/Projects/Airflow/DataPipelineswithApacheAirflow/.env/lib/python3.8/site-packages/airflow/example_dags/example_skip_dag.py
[2024-03-16T11:52:04.001+0500] {logging_mixin.py:188} INFO - [2024-03-16T11:52:04.001+0500] {dag.py:3047} INFO - Sync 1 DAGs
[2024-03-16T11:52:04.018+0500] {logging_mixin.py:188} INFO - [2024-03-16T11:52:04.018+0500] {dag.py:3834} INFO - Setting next_dagrun for example_skip_dag to 2024-03-15 00:00:00+00:00, run_after=2024-03-16 00:00:00+00:00
[2024-03-16T11:52:04.110+0500] {processor.py:183} INFO - Processing /home/muhammadsami/Public/Projects/Airflow/DataPipelineswithApacheAirflow/.env/lib/python3.8/site-packages/airflow/example_dags/example_skip_dag.py took 0.145 seconds
[2024-03-16T11:52:56.079+0500] {processor.py:161} INFO - Started process (PID=21508) to work on /home/muhammadsami/Public/Projects/Airflow/DataPipelineswithApacheAirflow/.env/lib/python3.8/site-packages/airflow/example_dags/example_skip_dag.py
[2024-03-16T11:52:56.096+0500] {processor.py:830} INFO - Processing file /home/muhammadsami/Public/Projects/Airflow/DataPipelineswithApacheAirflow/.env/lib/python3.8/site-packages/airflow/example_dags/example_skip_dag.py for tasks to queue
[2024-03-16T11:52:56.097+0500] {logging_mixin.py:188} INFO - [2024-03-16T11:52:56.097+0500] {dagbag.py:540} INFO - Filling up the DagBag from /home/muhammadsami/Public/Projects/Airflow/DataPipelineswithApacheAirflow/.env/lib/python3.8/site-packages/airflow/example_dags/example_skip_dag.py
[2024-03-16T11:52:56.110+0500] {processor.py:840} INFO - DAG(s) 'example_skip_dag' retrieved from /home/muhammadsami/Public/Projects/Airflow/DataPipelineswithApacheAirflow/.env/lib/python3.8/site-packages/airflow/example_dags/example_skip_dag.py
[2024-03-16T11:52:56.133+0500] {logging_mixin.py:188} INFO - [2024-03-16T11:52:56.133+0500] {dag.py:3047} INFO - Sync 1 DAGs
[2024-03-16T11:52:56.168+0500] {logging_mixin.py:188} INFO - [2024-03-16T11:52:56.167+0500] {dag.py:3834} INFO - Setting next_dagrun for example_skip_dag to 2024-03-15 00:00:00+00:00, run_after=2024-03-16 00:00:00+00:00
[2024-03-16T11:52:56.270+0500] {processor.py:183} INFO - Processing /home/muhammadsami/Public/Projects/Airflow/DataPipelineswithApacheAirflow/.env/lib/python3.8/site-packages/airflow/example_dags/example_skip_dag.py took 0.195 seconds
[2024-03-16T11:53:47.631+0500] {processor.py:161} INFO - Started process (PID=21628) to work on /home/muhammadsami/Public/Projects/Airflow/DataPipelineswithApacheAirflow/.env/lib/python3.8/site-packages/airflow/example_dags/example_skip_dag.py
[2024-03-16T11:53:47.641+0500] {processor.py:830} INFO - Processing file /home/muhammadsami/Public/Projects/Airflow/DataPipelineswithApacheAirflow/.env/lib/python3.8/site-packages/airflow/example_dags/example_skip_dag.py for tasks to queue
[2024-03-16T11:53:47.641+0500] {logging_mixin.py:188} INFO - [2024-03-16T11:53:47.641+0500] {dagbag.py:540} INFO - Filling up the DagBag from /home/muhammadsami/Public/Projects/Airflow/DataPipelineswithApacheAirflow/.env/lib/python3.8/site-packages/airflow/example_dags/example_skip_dag.py
[2024-03-16T11:53:47.648+0500] {processor.py:840} INFO - DAG(s) 'example_skip_dag' retrieved from /home/muhammadsami/Public/Projects/Airflow/DataPipelineswithApacheAirflow/.env/lib/python3.8/site-packages/airflow/example_dags/example_skip_dag.py
[2024-03-16T11:53:47.663+0500] {logging_mixin.py:188} INFO - [2024-03-16T11:53:47.663+0500] {dag.py:3047} INFO - Sync 1 DAGs
[2024-03-16T11:53:47.684+0500] {logging_mixin.py:188} INFO - [2024-03-16T11:53:47.684+0500] {dag.py:3834} INFO - Setting next_dagrun for example_skip_dag to 2024-03-15 00:00:00+00:00, run_after=2024-03-16 00:00:00+00:00
[2024-03-16T11:53:47.783+0500] {processor.py:183} INFO - Processing /home/muhammadsami/Public/Projects/Airflow/DataPipelineswithApacheAirflow/.env/lib/python3.8/site-packages/airflow/example_dags/example_skip_dag.py took 0.155 seconds
[2024-03-16T11:54:38.550+0500] {processor.py:161} INFO - Started process (PID=21709) to work on /home/muhammadsami/Public/Projects/Airflow/DataPipelineswithApacheAirflow/.env/lib/python3.8/site-packages/airflow/example_dags/example_skip_dag.py
[2024-03-16T11:54:38.552+0500] {processor.py:830} INFO - Processing file /home/muhammadsami/Public/Projects/Airflow/DataPipelineswithApacheAirflow/.env/lib/python3.8/site-packages/airflow/example_dags/example_skip_dag.py for tasks to queue
[2024-03-16T11:54:38.553+0500] {logging_mixin.py:188} INFO - [2024-03-16T11:54:38.553+0500] {dagbag.py:540} INFO - Filling up the DagBag from /home/muhammadsami/Public/Projects/Airflow/DataPipelineswithApacheAirflow/.env/lib/python3.8/site-packages/airflow/example_dags/example_skip_dag.py
[2024-03-16T11:54:38.565+0500] {processor.py:840} INFO - DAG(s) 'example_skip_dag' retrieved from /home/muhammadsami/Public/Projects/Airflow/DataPipelineswithApacheAirflow/.env/lib/python3.8/site-packages/airflow/example_dags/example_skip_dag.py
[2024-03-16T11:54:38.588+0500] {logging_mixin.py:188} INFO - [2024-03-16T11:54:38.587+0500] {dag.py:3047} INFO - Sync 1 DAGs
[2024-03-16T11:54:38.621+0500] {logging_mixin.py:188} INFO - [2024-03-16T11:54:38.621+0500] {dag.py:3834} INFO - Setting next_dagrun for example_skip_dag to 2024-03-15 00:00:00+00:00, run_after=2024-03-16 00:00:00+00:00
[2024-03-16T11:54:38.747+0500] {processor.py:183} INFO - Processing /home/muhammadsami/Public/Projects/Airflow/DataPipelineswithApacheAirflow/.env/lib/python3.8/site-packages/airflow/example_dags/example_skip_dag.py took 0.200 seconds
[2024-03-16T11:55:27.445+0500] {processor.py:161} INFO - Started process (PID=21880) to work on /home/muhammadsami/Public/Projects/Airflow/DataPipelineswithApacheAirflow/.env/lib/python3.8/site-packages/airflow/example_dags/example_skip_dag.py
[2024-03-16T11:55:27.446+0500] {processor.py:830} INFO - Processing file /home/muhammadsami/Public/Projects/Airflow/DataPipelineswithApacheAirflow/.env/lib/python3.8/site-packages/airflow/example_dags/example_skip_dag.py for tasks to queue
[2024-03-16T11:55:27.447+0500] {logging_mixin.py:188} INFO - [2024-03-16T11:55:27.447+0500] {dagbag.py:540} INFO - Filling up the DagBag from /home/muhammadsami/Public/Projects/Airflow/DataPipelineswithApacheAirflow/.env/lib/python3.8/site-packages/airflow/example_dags/example_skip_dag.py
[2024-03-16T11:55:27.454+0500] {processor.py:840} INFO - DAG(s) 'example_skip_dag' retrieved from /home/muhammadsami/Public/Projects/Airflow/DataPipelineswithApacheAirflow/.env/lib/python3.8/site-packages/airflow/example_dags/example_skip_dag.py
[2024-03-16T11:55:27.470+0500] {logging_mixin.py:188} INFO - [2024-03-16T11:55:27.470+0500] {dag.py:3047} INFO - Sync 1 DAGs
[2024-03-16T11:55:27.490+0500] {logging_mixin.py:188} INFO - [2024-03-16T11:55:27.490+0500] {dag.py:3834} INFO - Setting next_dagrun for example_skip_dag to 2024-03-15 00:00:00+00:00, run_after=2024-03-16 00:00:00+00:00
[2024-03-16T11:55:27.590+0500] {processor.py:183} INFO - Processing /home/muhammadsami/Public/Projects/Airflow/DataPipelineswithApacheAirflow/.env/lib/python3.8/site-packages/airflow/example_dags/example_skip_dag.py took 0.149 seconds
[2024-03-16T11:56:19.404+0500] {processor.py:161} INFO - Started process (PID=21938) to work on /home/muhammadsami/Public/Projects/Airflow/DataPipelineswithApacheAirflow/.env/lib/python3.8/site-packages/airflow/example_dags/example_skip_dag.py
[2024-03-16T11:56:19.405+0500] {processor.py:830} INFO - Processing file /home/muhammadsami/Public/Projects/Airflow/DataPipelineswithApacheAirflow/.env/lib/python3.8/site-packages/airflow/example_dags/example_skip_dag.py for tasks to queue
[2024-03-16T11:56:19.406+0500] {logging_mixin.py:188} INFO - [2024-03-16T11:56:19.406+0500] {dagbag.py:540} INFO - Filling up the DagBag from /home/muhammadsami/Public/Projects/Airflow/DataPipelineswithApacheAirflow/.env/lib/python3.8/site-packages/airflow/example_dags/example_skip_dag.py
[2024-03-16T11:56:19.415+0500] {processor.py:840} INFO - DAG(s) 'example_skip_dag' retrieved from /home/muhammadsami/Public/Projects/Airflow/DataPipelineswithApacheAirflow/.env/lib/python3.8/site-packages/airflow/example_dags/example_skip_dag.py
[2024-03-16T11:56:19.430+0500] {logging_mixin.py:188} INFO - [2024-03-16T11:56:19.430+0500] {dag.py:3047} INFO - Sync 1 DAGs
[2024-03-16T11:56:19.451+0500] {logging_mixin.py:188} INFO - [2024-03-16T11:56:19.451+0500] {dag.py:3834} INFO - Setting next_dagrun for example_skip_dag to 2024-03-15 00:00:00+00:00, run_after=2024-03-16 00:00:00+00:00
[2024-03-16T11:56:19.556+0500] {processor.py:183} INFO - Processing /home/muhammadsami/Public/Projects/Airflow/DataPipelineswithApacheAirflow/.env/lib/python3.8/site-packages/airflow/example_dags/example_skip_dag.py took 0.155 seconds
[2024-03-16T11:57:10.051+0500] {processor.py:161} INFO - Started process (PID=21991) to work on /home/muhammadsami/Public/Projects/Airflow/DataPipelineswithApacheAirflow/.env/lib/python3.8/site-packages/airflow/example_dags/example_skip_dag.py
[2024-03-16T11:57:10.055+0500] {processor.py:830} INFO - Processing file /home/muhammadsami/Public/Projects/Airflow/DataPipelineswithApacheAirflow/.env/lib/python3.8/site-packages/airflow/example_dags/example_skip_dag.py for tasks to queue
[2024-03-16T11:57:10.056+0500] {logging_mixin.py:188} INFO - [2024-03-16T11:57:10.056+0500] {dagbag.py:540} INFO - Filling up the DagBag from /home/muhammadsami/Public/Projects/Airflow/DataPipelineswithApacheAirflow/.env/lib/python3.8/site-packages/airflow/example_dags/example_skip_dag.py
[2024-03-16T11:57:10.065+0500] {processor.py:840} INFO - DAG(s) 'example_skip_dag' retrieved from /home/muhammadsami/Public/Projects/Airflow/DataPipelineswithApacheAirflow/.env/lib/python3.8/site-packages/airflow/example_dags/example_skip_dag.py
[2024-03-16T11:57:10.085+0500] {logging_mixin.py:188} INFO - [2024-03-16T11:57:10.084+0500] {dag.py:3047} INFO - Sync 1 DAGs
[2024-03-16T11:57:10.109+0500] {logging_mixin.py:188} INFO - [2024-03-16T11:57:10.109+0500] {dag.py:3834} INFO - Setting next_dagrun for example_skip_dag to 2024-03-15 00:00:00+00:00, run_after=2024-03-16 00:00:00+00:00
[2024-03-16T11:57:10.215+0500] {processor.py:183} INFO - Processing /home/muhammadsami/Public/Projects/Airflow/DataPipelineswithApacheAirflow/.env/lib/python3.8/site-packages/airflow/example_dags/example_skip_dag.py took 0.168 seconds
[2024-03-16T11:58:04.991+0500] {processor.py:161} INFO - Started process (PID=22042) to work on /home/muhammadsami/Public/Projects/Airflow/DataPipelineswithApacheAirflow/.env/lib/python3.8/site-packages/airflow/example_dags/example_skip_dag.py
[2024-03-16T11:58:04.992+0500] {processor.py:830} INFO - Processing file /home/muhammadsami/Public/Projects/Airflow/DataPipelineswithApacheAirflow/.env/lib/python3.8/site-packages/airflow/example_dags/example_skip_dag.py for tasks to queue
[2024-03-16T11:58:04.993+0500] {logging_mixin.py:188} INFO - [2024-03-16T11:58:04.993+0500] {dagbag.py:540} INFO - Filling up the DagBag from /home/muhammadsami/Public/Projects/Airflow/DataPipelineswithApacheAirflow/.env/lib/python3.8/site-packages/airflow/example_dags/example_skip_dag.py
[2024-03-16T11:58:05.000+0500] {processor.py:840} INFO - DAG(s) 'example_skip_dag' retrieved from /home/muhammadsami/Public/Projects/Airflow/DataPipelineswithApacheAirflow/.env/lib/python3.8/site-packages/airflow/example_dags/example_skip_dag.py
[2024-03-16T11:58:05.015+0500] {logging_mixin.py:188} INFO - [2024-03-16T11:58:05.015+0500] {dag.py:3047} INFO - Sync 1 DAGs
[2024-03-16T11:58:05.033+0500] {logging_mixin.py:188} INFO - [2024-03-16T11:58:05.032+0500] {dag.py:3834} INFO - Setting next_dagrun for example_skip_dag to 2024-03-15 00:00:00+00:00, run_after=2024-03-16 00:00:00+00:00
[2024-03-16T11:58:05.138+0500] {processor.py:183} INFO - Processing /home/muhammadsami/Public/Projects/Airflow/DataPipelineswithApacheAirflow/.env/lib/python3.8/site-packages/airflow/example_dags/example_skip_dag.py took 0.149 seconds
[2024-03-16T11:58:53.965+0500] {processor.py:161} INFO - Started process (PID=22144) to work on /home/muhammadsami/Public/Projects/Airflow/DataPipelineswithApacheAirflow/.env/lib/python3.8/site-packages/airflow/example_dags/example_skip_dag.py
[2024-03-16T11:58:53.966+0500] {processor.py:830} INFO - Processing file /home/muhammadsami/Public/Projects/Airflow/DataPipelineswithApacheAirflow/.env/lib/python3.8/site-packages/airflow/example_dags/example_skip_dag.py for tasks to queue
[2024-03-16T11:58:53.967+0500] {logging_mixin.py:188} INFO - [2024-03-16T11:58:53.967+0500] {dagbag.py:540} INFO - Filling up the DagBag from /home/muhammadsami/Public/Projects/Airflow/DataPipelineswithApacheAirflow/.env/lib/python3.8/site-packages/airflow/example_dags/example_skip_dag.py
[2024-03-16T11:58:53.973+0500] {processor.py:840} INFO - DAG(s) 'example_skip_dag' retrieved from /home/muhammadsami/Public/Projects/Airflow/DataPipelineswithApacheAirflow/.env/lib/python3.8/site-packages/airflow/example_dags/example_skip_dag.py
[2024-03-16T11:58:53.990+0500] {logging_mixin.py:188} INFO - [2024-03-16T11:58:53.990+0500] {dag.py:3047} INFO - Sync 1 DAGs
[2024-03-16T11:58:54.007+0500] {logging_mixin.py:188} INFO - [2024-03-16T11:58:54.007+0500] {dag.py:3834} INFO - Setting next_dagrun for example_skip_dag to 2024-03-15 00:00:00+00:00, run_after=2024-03-16 00:00:00+00:00
[2024-03-16T11:58:54.129+0500] {processor.py:183} INFO - Processing /home/muhammadsami/Public/Projects/Airflow/DataPipelineswithApacheAirflow/.env/lib/python3.8/site-packages/airflow/example_dags/example_skip_dag.py took 0.167 seconds
[2024-03-16T11:59:43.105+0500] {processor.py:161} INFO - Started process (PID=22289) to work on /home/muhammadsami/Public/Projects/Airflow/DataPipelineswithApacheAirflow/.env/lib/python3.8/site-packages/airflow/example_dags/example_skip_dag.py
[2024-03-16T11:59:43.107+0500] {processor.py:830} INFO - Processing file /home/muhammadsami/Public/Projects/Airflow/DataPipelineswithApacheAirflow/.env/lib/python3.8/site-packages/airflow/example_dags/example_skip_dag.py for tasks to queue
[2024-03-16T11:59:43.108+0500] {logging_mixin.py:188} INFO - [2024-03-16T11:59:43.107+0500] {dagbag.py:540} INFO - Filling up the DagBag from /home/muhammadsami/Public/Projects/Airflow/DataPipelineswithApacheAirflow/.env/lib/python3.8/site-packages/airflow/example_dags/example_skip_dag.py
[2024-03-16T11:59:43.115+0500] {processor.py:840} INFO - DAG(s) 'example_skip_dag' retrieved from /home/muhammadsami/Public/Projects/Airflow/DataPipelineswithApacheAirflow/.env/lib/python3.8/site-packages/airflow/example_dags/example_skip_dag.py
[2024-03-16T11:59:43.131+0500] {logging_mixin.py:188} INFO - [2024-03-16T11:59:43.130+0500] {dag.py:3047} INFO - Sync 1 DAGs
[2024-03-16T11:59:43.150+0500] {logging_mixin.py:188} INFO - [2024-03-16T11:59:43.150+0500] {dag.py:3834} INFO - Setting next_dagrun for example_skip_dag to 2024-03-15 00:00:00+00:00, run_after=2024-03-16 00:00:00+00:00
[2024-03-16T11:59:43.274+0500] {processor.py:183} INFO - Processing /home/muhammadsami/Public/Projects/Airflow/DataPipelineswithApacheAirflow/.env/lib/python3.8/site-packages/airflow/example_dags/example_skip_dag.py took 0.171 seconds
[2024-03-16T12:00:36.817+0500] {processor.py:161} INFO - Started process (PID=22339) to work on /home/muhammadsami/Public/Projects/Airflow/DataPipelineswithApacheAirflow/.env/lib/python3.8/site-packages/airflow/example_dags/example_skip_dag.py
[2024-03-16T12:00:36.819+0500] {processor.py:830} INFO - Processing file /home/muhammadsami/Public/Projects/Airflow/DataPipelineswithApacheAirflow/.env/lib/python3.8/site-packages/airflow/example_dags/example_skip_dag.py for tasks to queue
[2024-03-16T12:00:36.820+0500] {logging_mixin.py:188} INFO - [2024-03-16T12:00:36.819+0500] {dagbag.py:540} INFO - Filling up the DagBag from /home/muhammadsami/Public/Projects/Airflow/DataPipelineswithApacheAirflow/.env/lib/python3.8/site-packages/airflow/example_dags/example_skip_dag.py
[2024-03-16T12:00:36.828+0500] {processor.py:840} INFO - DAG(s) 'example_skip_dag' retrieved from /home/muhammadsami/Public/Projects/Airflow/DataPipelineswithApacheAirflow/.env/lib/python3.8/site-packages/airflow/example_dags/example_skip_dag.py
[2024-03-16T12:00:36.843+0500] {logging_mixin.py:188} INFO - [2024-03-16T12:00:36.842+0500] {dag.py:3047} INFO - Sync 1 DAGs
[2024-03-16T12:00:36.861+0500] {logging_mixin.py:188} INFO - [2024-03-16T12:00:36.861+0500] {dag.py:3834} INFO - Setting next_dagrun for example_skip_dag to 2024-03-15 00:00:00+00:00, run_after=2024-03-16 00:00:00+00:00
[2024-03-16T12:00:36.972+0500] {processor.py:183} INFO - Processing /home/muhammadsami/Public/Projects/Airflow/DataPipelineswithApacheAirflow/.env/lib/python3.8/site-packages/airflow/example_dags/example_skip_dag.py took 0.158 seconds
[2024-03-16T12:01:29.328+0500] {processor.py:161} INFO - Started process (PID=22390) to work on /home/muhammadsami/Public/Projects/Airflow/DataPipelineswithApacheAirflow/.env/lib/python3.8/site-packages/airflow/example_dags/example_skip_dag.py
[2024-03-16T12:01:29.329+0500] {processor.py:830} INFO - Processing file /home/muhammadsami/Public/Projects/Airflow/DataPipelineswithApacheAirflow/.env/lib/python3.8/site-packages/airflow/example_dags/example_skip_dag.py for tasks to queue
[2024-03-16T12:01:29.330+0500] {logging_mixin.py:188} INFO - [2024-03-16T12:01:29.330+0500] {dagbag.py:540} INFO - Filling up the DagBag from /home/muhammadsami/Public/Projects/Airflow/DataPipelineswithApacheAirflow/.env/lib/python3.8/site-packages/airflow/example_dags/example_skip_dag.py
[2024-03-16T12:01:29.338+0500] {processor.py:840} INFO - DAG(s) 'example_skip_dag' retrieved from /home/muhammadsami/Public/Projects/Airflow/DataPipelineswithApacheAirflow/.env/lib/python3.8/site-packages/airflow/example_dags/example_skip_dag.py
[2024-03-16T12:01:29.351+0500] {logging_mixin.py:188} INFO - [2024-03-16T12:01:29.351+0500] {dag.py:3047} INFO - Sync 1 DAGs
[2024-03-16T12:01:29.368+0500] {logging_mixin.py:188} INFO - [2024-03-16T12:01:29.368+0500] {dag.py:3834} INFO - Setting next_dagrun for example_skip_dag to 2024-03-15 00:00:00+00:00, run_after=2024-03-16 00:00:00+00:00
[2024-03-16T12:01:29.478+0500] {processor.py:183} INFO - Processing /home/muhammadsami/Public/Projects/Airflow/DataPipelineswithApacheAirflow/.env/lib/python3.8/site-packages/airflow/example_dags/example_skip_dag.py took 0.153 seconds
