[2024-03-16T11:23:09.179+0500] {processor.py:161} INFO - Started process (PID=18301) to work on /home/muhammadsami/Public/Projects/Airflow/DataPipelineswithApacheAirflow/.env/lib/python3.8/site-packages/airflow/example_dags/example_branch_datetime_operator.py
[2024-03-16T11:23:09.180+0500] {processor.py:830} INFO - Processing file /home/muhammadsami/Public/Projects/Airflow/DataPipelineswithApacheAirflow/.env/lib/python3.8/site-packages/airflow/example_dags/example_branch_datetime_operator.py for tasks to queue
[2024-03-16T11:23:09.181+0500] {logging_mixin.py:188} INFO - [2024-03-16T11:23:09.181+0500] {dagbag.py:540} INFO - Filling up the DagBag from /home/muhammadsami/Public/Projects/Airflow/DataPipelineswithApacheAirflow/.env/lib/python3.8/site-packages/airflow/example_dags/example_branch_datetime_operator.py
[2024-03-16T11:23:09.190+0500] {processor.py:840} INFO - DAG(s) 'example_branch_datetime_operator', 'example_branch_datetime_operator_2', 'example_branch_datetime_operator_3' retrieved from /home/muhammadsami/Public/Projects/Airflow/DataPipelineswithApacheAirflow/.env/lib/python3.8/site-packages/airflow/example_dags/example_branch_datetime_operator.py
[2024-03-16T11:23:09.603+0500] {logging_mixin.py:188} INFO - [2024-03-16T11:23:09.602+0500] {override.py:1769} INFO - Created Permission View: can edit on DAG:example_branch_datetime_operator
[2024-03-16T11:23:09.693+0500] {logging_mixin.py:188} INFO - [2024-03-16T11:23:09.693+0500] {override.py:1769} INFO - Created Permission View: can delete on DAG:example_branch_datetime_operator
[2024-03-16T11:23:09.784+0500] {logging_mixin.py:188} INFO - [2024-03-16T11:23:09.783+0500] {override.py:1769} INFO - Created Permission View: can read on DAG:example_branch_datetime_operator
[2024-03-16T11:23:10.043+0500] {logging_mixin.py:188} INFO - [2024-03-16T11:23:10.041+0500] {override.py:1769} INFO - Created Permission View: can edit on DAG:example_branch_datetime_operator_2
[2024-03-16T11:23:10.140+0500] {logging_mixin.py:188} INFO - [2024-03-16T11:23:10.138+0500] {override.py:1769} INFO - Created Permission View: can delete on DAG:example_branch_datetime_operator_2
[2024-03-16T11:23:10.238+0500] {logging_mixin.py:188} INFO - [2024-03-16T11:23:10.237+0500] {override.py:1769} INFO - Created Permission View: can read on DAG:example_branch_datetime_operator_2
[2024-03-16T11:23:10.477+0500] {logging_mixin.py:188} INFO - [2024-03-16T11:23:10.477+0500] {override.py:1769} INFO - Created Permission View: can edit on DAG:example_branch_datetime_operator_3
[2024-03-16T11:23:10.568+0500] {logging_mixin.py:188} INFO - [2024-03-16T11:23:10.567+0500] {override.py:1769} INFO - Created Permission View: can delete on DAG:example_branch_datetime_operator_3
[2024-03-16T11:23:10.674+0500] {logging_mixin.py:188} INFO - [2024-03-16T11:23:10.673+0500] {override.py:1769} INFO - Created Permission View: can read on DAG:example_branch_datetime_operator_3
[2024-03-16T11:23:10.675+0500] {logging_mixin.py:188} INFO - [2024-03-16T11:23:10.675+0500] {dag.py:3047} INFO - Sync 3 DAGs
[2024-03-16T11:23:10.686+0500] {logging_mixin.py:188} INFO - [2024-03-16T11:23:10.686+0500] {dag.py:3069} INFO - Creating ORM DAG for example_branch_datetime_operator
[2024-03-16T11:23:10.687+0500] {logging_mixin.py:188} INFO - [2024-03-16T11:23:10.686+0500] {dag.py:3069} INFO - Creating ORM DAG for example_branch_datetime_operator_3
[2024-03-16T11:23:10.687+0500] {logging_mixin.py:188} INFO - [2024-03-16T11:23:10.687+0500] {dag.py:3069} INFO - Creating ORM DAG for example_branch_datetime_operator_2
[2024-03-16T11:23:10.699+0500] {logging_mixin.py:188} INFO - [2024-03-16T11:23:10.698+0500] {dag.py:3834} INFO - Setting next_dagrun for example_branch_datetime_operator to 2024-03-15 00:00:00+00:00, run_after=2024-03-16 00:00:00+00:00
[2024-03-16T11:23:10.700+0500] {logging_mixin.py:188} INFO - [2024-03-16T11:23:10.700+0500] {dag.py:3834} INFO - Setting next_dagrun for example_branch_datetime_operator_2 to 2024-03-15 00:00:00+00:00, run_after=2024-03-16 00:00:00+00:00
[2024-03-16T11:23:10.702+0500] {logging_mixin.py:188} INFO - [2024-03-16T11:23:10.702+0500] {dag.py:3834} INFO - Setting next_dagrun for example_branch_datetime_operator_3 to 2024-03-15 00:00:00+00:00, run_after=2024-03-16 00:00:00+00:00
[2024-03-16T11:23:10.854+0500] {processor.py:183} INFO - Processing /home/muhammadsami/Public/Projects/Airflow/DataPipelineswithApacheAirflow/.env/lib/python3.8/site-packages/airflow/example_dags/example_branch_datetime_operator.py took 1.677 seconds
[2024-03-16T11:24:29.401+0500] {processor.py:161} INFO - Started process (PID=18554) to work on /home/muhammadsami/Public/Projects/Airflow/DataPipelineswithApacheAirflow/.env/lib/python3.8/site-packages/airflow/example_dags/example_branch_datetime_operator.py
[2024-03-16T11:24:29.403+0500] {processor.py:830} INFO - Processing file /home/muhammadsami/Public/Projects/Airflow/DataPipelineswithApacheAirflow/.env/lib/python3.8/site-packages/airflow/example_dags/example_branch_datetime_operator.py for tasks to queue
[2024-03-16T11:24:29.403+0500] {logging_mixin.py:188} INFO - [2024-03-16T11:24:29.403+0500] {dagbag.py:540} INFO - Filling up the DagBag from /home/muhammadsami/Public/Projects/Airflow/DataPipelineswithApacheAirflow/.env/lib/python3.8/site-packages/airflow/example_dags/example_branch_datetime_operator.py
[2024-03-16T11:24:29.413+0500] {processor.py:840} INFO - DAG(s) 'example_branch_datetime_operator_2', 'example_branch_datetime_operator', 'example_branch_datetime_operator_3' retrieved from /home/muhammadsami/Public/Projects/Airflow/DataPipelineswithApacheAirflow/.env/lib/python3.8/site-packages/airflow/example_dags/example_branch_datetime_operator.py
[2024-03-16T11:24:29.431+0500] {logging_mixin.py:188} INFO - [2024-03-16T11:24:29.431+0500] {dag.py:3047} INFO - Sync 3 DAGs
[2024-03-16T11:24:29.535+0500] {logging_mixin.py:188} INFO - [2024-03-16T11:24:29.535+0500] {dag.py:3834} INFO - Setting next_dagrun for example_branch_datetime_operator to 2024-03-15 00:00:00+00:00, run_after=2024-03-16 00:00:00+00:00
[2024-03-16T11:24:29.539+0500] {logging_mixin.py:188} INFO - [2024-03-16T11:24:29.539+0500] {dag.py:3834} INFO - Setting next_dagrun for example_branch_datetime_operator_2 to 2024-03-15 00:00:00+00:00, run_after=2024-03-16 00:00:00+00:00
[2024-03-16T11:24:29.541+0500] {logging_mixin.py:188} INFO - [2024-03-16T11:24:29.541+0500] {dag.py:3834} INFO - Setting next_dagrun for example_branch_datetime_operator_3 to 2024-03-15 00:00:00+00:00, run_after=2024-03-16 00:00:00+00:00
[2024-03-16T11:24:29.632+0500] {processor.py:183} INFO - Processing /home/muhammadsami/Public/Projects/Airflow/DataPipelineswithApacheAirflow/.env/lib/python3.8/site-packages/airflow/example_dags/example_branch_datetime_operator.py took 0.234 seconds
[2024-03-16T11:25:25.354+0500] {processor.py:161} INFO - Started process (PID=18621) to work on /home/muhammadsami/Public/Projects/Airflow/DataPipelineswithApacheAirflow/.env/lib/python3.8/site-packages/airflow/example_dags/example_branch_datetime_operator.py
[2024-03-16T11:25:25.356+0500] {processor.py:830} INFO - Processing file /home/muhammadsami/Public/Projects/Airflow/DataPipelineswithApacheAirflow/.env/lib/python3.8/site-packages/airflow/example_dags/example_branch_datetime_operator.py for tasks to queue
[2024-03-16T11:25:25.357+0500] {logging_mixin.py:188} INFO - [2024-03-16T11:25:25.356+0500] {dagbag.py:540} INFO - Filling up the DagBag from /home/muhammadsami/Public/Projects/Airflow/DataPipelineswithApacheAirflow/.env/lib/python3.8/site-packages/airflow/example_dags/example_branch_datetime_operator.py
[2024-03-16T11:25:25.365+0500] {processor.py:840} INFO - DAG(s) 'example_branch_datetime_operator_3', 'example_branch_datetime_operator', 'example_branch_datetime_operator_2' retrieved from /home/muhammadsami/Public/Projects/Airflow/DataPipelineswithApacheAirflow/.env/lib/python3.8/site-packages/airflow/example_dags/example_branch_datetime_operator.py
[2024-03-16T11:25:25.384+0500] {logging_mixin.py:188} INFO - [2024-03-16T11:25:25.383+0500] {dag.py:3047} INFO - Sync 3 DAGs
[2024-03-16T11:25:25.402+0500] {logging_mixin.py:188} INFO - [2024-03-16T11:25:25.402+0500] {dag.py:3834} INFO - Setting next_dagrun for example_branch_datetime_operator to 2024-03-15 00:00:00+00:00, run_after=2024-03-16 00:00:00+00:00
[2024-03-16T11:25:25.406+0500] {logging_mixin.py:188} INFO - [2024-03-16T11:25:25.406+0500] {dag.py:3834} INFO - Setting next_dagrun for example_branch_datetime_operator_2 to 2024-03-15 00:00:00+00:00, run_after=2024-03-16 00:00:00+00:00
[2024-03-16T11:25:25.408+0500] {logging_mixin.py:188} INFO - [2024-03-16T11:25:25.408+0500] {dag.py:3834} INFO - Setting next_dagrun for example_branch_datetime_operator_3 to 2024-03-15 00:00:00+00:00, run_after=2024-03-16 00:00:00+00:00
[2024-03-16T11:25:25.509+0500] {processor.py:183} INFO - Processing /home/muhammadsami/Public/Projects/Airflow/DataPipelineswithApacheAirflow/.env/lib/python3.8/site-packages/airflow/example_dags/example_branch_datetime_operator.py took 0.157 seconds
[2024-03-16T11:26:19.550+0500] {processor.py:161} INFO - Started process (PID=18683) to work on /home/muhammadsami/Public/Projects/Airflow/DataPipelineswithApacheAirflow/.env/lib/python3.8/site-packages/airflow/example_dags/example_branch_datetime_operator.py
[2024-03-16T11:26:19.561+0500] {processor.py:830} INFO - Processing file /home/muhammadsami/Public/Projects/Airflow/DataPipelineswithApacheAirflow/.env/lib/python3.8/site-packages/airflow/example_dags/example_branch_datetime_operator.py for tasks to queue
[2024-03-16T11:26:19.562+0500] {logging_mixin.py:188} INFO - [2024-03-16T11:26:19.562+0500] {dagbag.py:540} INFO - Filling up the DagBag from /home/muhammadsami/Public/Projects/Airflow/DataPipelineswithApacheAirflow/.env/lib/python3.8/site-packages/airflow/example_dags/example_branch_datetime_operator.py
[2024-03-16T11:26:19.574+0500] {processor.py:840} INFO - DAG(s) 'example_branch_datetime_operator', 'example_branch_datetime_operator_3', 'example_branch_datetime_operator_2' retrieved from /home/muhammadsami/Public/Projects/Airflow/DataPipelineswithApacheAirflow/.env/lib/python3.8/site-packages/airflow/example_dags/example_branch_datetime_operator.py
[2024-03-16T11:26:19.595+0500] {logging_mixin.py:188} INFO - [2024-03-16T11:26:19.595+0500] {dag.py:3047} INFO - Sync 3 DAGs
[2024-03-16T11:26:19.613+0500] {logging_mixin.py:188} INFO - [2024-03-16T11:26:19.613+0500] {dag.py:3834} INFO - Setting next_dagrun for example_branch_datetime_operator to 2024-03-15 00:00:00+00:00, run_after=2024-03-16 00:00:00+00:00
[2024-03-16T11:26:19.617+0500] {logging_mixin.py:188} INFO - [2024-03-16T11:26:19.617+0500] {dag.py:3834} INFO - Setting next_dagrun for example_branch_datetime_operator_2 to 2024-03-15 00:00:00+00:00, run_after=2024-03-16 00:00:00+00:00
[2024-03-16T11:26:19.619+0500] {logging_mixin.py:188} INFO - [2024-03-16T11:26:19.619+0500] {dag.py:3834} INFO - Setting next_dagrun for example_branch_datetime_operator_3 to 2024-03-15 00:00:00+00:00, run_after=2024-03-16 00:00:00+00:00
[2024-03-16T11:26:19.750+0500] {processor.py:183} INFO - Processing /home/muhammadsami/Public/Projects/Airflow/DataPipelineswithApacheAirflow/.env/lib/python3.8/site-packages/airflow/example_dags/example_branch_datetime_operator.py took 0.202 seconds
[2024-03-16T11:27:12.446+0500] {processor.py:161} INFO - Started process (PID=18764) to work on /home/muhammadsami/Public/Projects/Airflow/DataPipelineswithApacheAirflow/.env/lib/python3.8/site-packages/airflow/example_dags/example_branch_datetime_operator.py
[2024-03-16T11:27:12.447+0500] {processor.py:830} INFO - Processing file /home/muhammadsami/Public/Projects/Airflow/DataPipelineswithApacheAirflow/.env/lib/python3.8/site-packages/airflow/example_dags/example_branch_datetime_operator.py for tasks to queue
[2024-03-16T11:27:12.448+0500] {logging_mixin.py:188} INFO - [2024-03-16T11:27:12.447+0500] {dagbag.py:540} INFO - Filling up the DagBag from /home/muhammadsami/Public/Projects/Airflow/DataPipelineswithApacheAirflow/.env/lib/python3.8/site-packages/airflow/example_dags/example_branch_datetime_operator.py
[2024-03-16T11:27:12.457+0500] {processor.py:840} INFO - DAG(s) 'example_branch_datetime_operator_3', 'example_branch_datetime_operator', 'example_branch_datetime_operator_2' retrieved from /home/muhammadsami/Public/Projects/Airflow/DataPipelineswithApacheAirflow/.env/lib/python3.8/site-packages/airflow/example_dags/example_branch_datetime_operator.py
[2024-03-16T11:27:12.479+0500] {logging_mixin.py:188} INFO - [2024-03-16T11:27:12.479+0500] {dag.py:3047} INFO - Sync 3 DAGs
[2024-03-16T11:27:12.498+0500] {logging_mixin.py:188} INFO - [2024-03-16T11:27:12.497+0500] {dag.py:3834} INFO - Setting next_dagrun for example_branch_datetime_operator to 2024-03-15 00:00:00+00:00, run_after=2024-03-16 00:00:00+00:00
[2024-03-16T11:27:12.502+0500] {logging_mixin.py:188} INFO - [2024-03-16T11:27:12.502+0500] {dag.py:3834} INFO - Setting next_dagrun for example_branch_datetime_operator_2 to 2024-03-15 00:00:00+00:00, run_after=2024-03-16 00:00:00+00:00
[2024-03-16T11:27:12.504+0500] {logging_mixin.py:188} INFO - [2024-03-16T11:27:12.504+0500] {dag.py:3834} INFO - Setting next_dagrun for example_branch_datetime_operator_3 to 2024-03-15 00:00:00+00:00, run_after=2024-03-16 00:00:00+00:00
[2024-03-16T11:27:12.607+0500] {processor.py:183} INFO - Processing /home/muhammadsami/Public/Projects/Airflow/DataPipelineswithApacheAirflow/.env/lib/python3.8/site-packages/airflow/example_dags/example_branch_datetime_operator.py took 0.164 seconds
[2024-03-16T11:28:21.182+0500] {processor.py:161} INFO - Started process (PID=18833) to work on /home/muhammadsami/Public/Projects/Airflow/DataPipelineswithApacheAirflow/.env/lib/python3.8/site-packages/airflow/example_dags/example_branch_datetime_operator.py
[2024-03-16T11:28:21.186+0500] {processor.py:830} INFO - Processing file /home/muhammadsami/Public/Projects/Airflow/DataPipelineswithApacheAirflow/.env/lib/python3.8/site-packages/airflow/example_dags/example_branch_datetime_operator.py for tasks to queue
[2024-03-16T11:28:21.187+0500] {logging_mixin.py:188} INFO - [2024-03-16T11:28:21.187+0500] {dagbag.py:540} INFO - Filling up the DagBag from /home/muhammadsami/Public/Projects/Airflow/DataPipelineswithApacheAirflow/.env/lib/python3.8/site-packages/airflow/example_dags/example_branch_datetime_operator.py
[2024-03-16T11:28:21.196+0500] {processor.py:840} INFO - DAG(s) 'example_branch_datetime_operator_2', 'example_branch_datetime_operator', 'example_branch_datetime_operator_3' retrieved from /home/muhammadsami/Public/Projects/Airflow/DataPipelineswithApacheAirflow/.env/lib/python3.8/site-packages/airflow/example_dags/example_branch_datetime_operator.py
[2024-03-16T11:28:21.216+0500] {logging_mixin.py:188} INFO - [2024-03-16T11:28:21.216+0500] {dag.py:3047} INFO - Sync 3 DAGs
[2024-03-16T11:28:21.234+0500] {logging_mixin.py:188} INFO - [2024-03-16T11:28:21.234+0500] {dag.py:3834} INFO - Setting next_dagrun for example_branch_datetime_operator to 2024-03-15 00:00:00+00:00, run_after=2024-03-16 00:00:00+00:00
[2024-03-16T11:28:21.238+0500] {logging_mixin.py:188} INFO - [2024-03-16T11:28:21.238+0500] {dag.py:3834} INFO - Setting next_dagrun for example_branch_datetime_operator_2 to 2024-03-15 00:00:00+00:00, run_after=2024-03-16 00:00:00+00:00
[2024-03-16T11:28:21.240+0500] {logging_mixin.py:188} INFO - [2024-03-16T11:28:21.240+0500] {dag.py:3834} INFO - Setting next_dagrun for example_branch_datetime_operator_3 to 2024-03-15 00:00:00+00:00, run_after=2024-03-16 00:00:00+00:00
[2024-03-16T11:28:21.330+0500] {processor.py:183} INFO - Processing /home/muhammadsami/Public/Projects/Airflow/DataPipelineswithApacheAirflow/.env/lib/python3.8/site-packages/airflow/example_dags/example_branch_datetime_operator.py took 0.150 seconds
[2024-03-16T11:29:11.022+0500] {processor.py:161} INFO - Started process (PID=18902) to work on /home/muhammadsami/Public/Projects/Airflow/DataPipelineswithApacheAirflow/.env/lib/python3.8/site-packages/airflow/example_dags/example_branch_datetime_operator.py
[2024-03-16T11:29:11.039+0500] {processor.py:830} INFO - Processing file /home/muhammadsami/Public/Projects/Airflow/DataPipelineswithApacheAirflow/.env/lib/python3.8/site-packages/airflow/example_dags/example_branch_datetime_operator.py for tasks to queue
[2024-03-16T11:29:11.040+0500] {logging_mixin.py:188} INFO - [2024-03-16T11:29:11.039+0500] {dagbag.py:540} INFO - Filling up the DagBag from /home/muhammadsami/Public/Projects/Airflow/DataPipelineswithApacheAirflow/.env/lib/python3.8/site-packages/airflow/example_dags/example_branch_datetime_operator.py
[2024-03-16T11:29:11.048+0500] {processor.py:840} INFO - DAG(s) 'example_branch_datetime_operator_3', 'example_branch_datetime_operator', 'example_branch_datetime_operator_2' retrieved from /home/muhammadsami/Public/Projects/Airflow/DataPipelineswithApacheAirflow/.env/lib/python3.8/site-packages/airflow/example_dags/example_branch_datetime_operator.py
[2024-03-16T11:29:11.066+0500] {logging_mixin.py:188} INFO - [2024-03-16T11:29:11.066+0500] {dag.py:3047} INFO - Sync 3 DAGs
[2024-03-16T11:29:11.090+0500] {logging_mixin.py:188} INFO - [2024-03-16T11:29:11.089+0500] {dag.py:3834} INFO - Setting next_dagrun for example_branch_datetime_operator to 2024-03-15 00:00:00+00:00, run_after=2024-03-16 00:00:00+00:00
[2024-03-16T11:29:11.095+0500] {logging_mixin.py:188} INFO - [2024-03-16T11:29:11.094+0500] {dag.py:3834} INFO - Setting next_dagrun for example_branch_datetime_operator_2 to 2024-03-15 00:00:00+00:00, run_after=2024-03-16 00:00:00+00:00
[2024-03-16T11:29:11.097+0500] {logging_mixin.py:188} INFO - [2024-03-16T11:29:11.097+0500] {dag.py:3834} INFO - Setting next_dagrun for example_branch_datetime_operator_3 to 2024-03-15 00:00:00+00:00, run_after=2024-03-16 00:00:00+00:00
[2024-03-16T11:29:11.345+0500] {processor.py:183} INFO - Processing /home/muhammadsami/Public/Projects/Airflow/DataPipelineswithApacheAirflow/.env/lib/python3.8/site-packages/airflow/example_dags/example_branch_datetime_operator.py took 0.326 seconds
[2024-03-16T11:30:02.161+0500] {processor.py:161} INFO - Started process (PID=18959) to work on /home/muhammadsami/Public/Projects/Airflow/DataPipelineswithApacheAirflow/.env/lib/python3.8/site-packages/airflow/example_dags/example_branch_datetime_operator.py
[2024-03-16T11:30:02.163+0500] {processor.py:830} INFO - Processing file /home/muhammadsami/Public/Projects/Airflow/DataPipelineswithApacheAirflow/.env/lib/python3.8/site-packages/airflow/example_dags/example_branch_datetime_operator.py for tasks to queue
[2024-03-16T11:30:02.163+0500] {logging_mixin.py:188} INFO - [2024-03-16T11:30:02.163+0500] {dagbag.py:540} INFO - Filling up the DagBag from /home/muhammadsami/Public/Projects/Airflow/DataPipelineswithApacheAirflow/.env/lib/python3.8/site-packages/airflow/example_dags/example_branch_datetime_operator.py
[2024-03-16T11:30:02.172+0500] {processor.py:840} INFO - DAG(s) 'example_branch_datetime_operator_3', 'example_branch_datetime_operator', 'example_branch_datetime_operator_2' retrieved from /home/muhammadsami/Public/Projects/Airflow/DataPipelineswithApacheAirflow/.env/lib/python3.8/site-packages/airflow/example_dags/example_branch_datetime_operator.py
[2024-03-16T11:30:02.190+0500] {logging_mixin.py:188} INFO - [2024-03-16T11:30:02.190+0500] {dag.py:3047} INFO - Sync 3 DAGs
[2024-03-16T11:30:02.209+0500] {logging_mixin.py:188} INFO - [2024-03-16T11:30:02.208+0500] {dag.py:3834} INFO - Setting next_dagrun for example_branch_datetime_operator to 2024-03-15 00:00:00+00:00, run_after=2024-03-16 00:00:00+00:00
[2024-03-16T11:30:02.213+0500] {logging_mixin.py:188} INFO - [2024-03-16T11:30:02.212+0500] {dag.py:3834} INFO - Setting next_dagrun for example_branch_datetime_operator_2 to 2024-03-15 00:00:00+00:00, run_after=2024-03-16 00:00:00+00:00
[2024-03-16T11:30:02.215+0500] {logging_mixin.py:188} INFO - [2024-03-16T11:30:02.214+0500] {dag.py:3834} INFO - Setting next_dagrun for example_branch_datetime_operator_3 to 2024-03-15 00:00:00+00:00, run_after=2024-03-16 00:00:00+00:00
[2024-03-16T11:30:02.314+0500] {processor.py:183} INFO - Processing /home/muhammadsami/Public/Projects/Airflow/DataPipelineswithApacheAirflow/.env/lib/python3.8/site-packages/airflow/example_dags/example_branch_datetime_operator.py took 0.155 seconds
[2024-03-16T11:30:54.858+0500] {processor.py:161} INFO - Started process (PID=19041) to work on /home/muhammadsami/Public/Projects/Airflow/DataPipelineswithApacheAirflow/.env/lib/python3.8/site-packages/airflow/example_dags/example_branch_datetime_operator.py
[2024-03-16T11:30:54.860+0500] {processor.py:830} INFO - Processing file /home/muhammadsami/Public/Projects/Airflow/DataPipelineswithApacheAirflow/.env/lib/python3.8/site-packages/airflow/example_dags/example_branch_datetime_operator.py for tasks to queue
[2024-03-16T11:30:54.861+0500] {logging_mixin.py:188} INFO - [2024-03-16T11:30:54.861+0500] {dagbag.py:540} INFO - Filling up the DagBag from /home/muhammadsami/Public/Projects/Airflow/DataPipelineswithApacheAirflow/.env/lib/python3.8/site-packages/airflow/example_dags/example_branch_datetime_operator.py
[2024-03-16T11:30:54.872+0500] {processor.py:840} INFO - DAG(s) 'example_branch_datetime_operator_2', 'example_branch_datetime_operator_3', 'example_branch_datetime_operator' retrieved from /home/muhammadsami/Public/Projects/Airflow/DataPipelineswithApacheAirflow/.env/lib/python3.8/site-packages/airflow/example_dags/example_branch_datetime_operator.py
[2024-03-16T11:30:54.891+0500] {logging_mixin.py:188} INFO - [2024-03-16T11:30:54.891+0500] {dag.py:3047} INFO - Sync 3 DAGs
[2024-03-16T11:30:54.909+0500] {logging_mixin.py:188} INFO - [2024-03-16T11:30:54.909+0500] {dag.py:3834} INFO - Setting next_dagrun for example_branch_datetime_operator to 2024-03-15 00:00:00+00:00, run_after=2024-03-16 00:00:00+00:00
[2024-03-16T11:30:54.915+0500] {logging_mixin.py:188} INFO - [2024-03-16T11:30:54.914+0500] {dag.py:3834} INFO - Setting next_dagrun for example_branch_datetime_operator_2 to 2024-03-15 00:00:00+00:00, run_after=2024-03-16 00:00:00+00:00
[2024-03-16T11:30:54.917+0500] {logging_mixin.py:188} INFO - [2024-03-16T11:30:54.916+0500] {dag.py:3834} INFO - Setting next_dagrun for example_branch_datetime_operator_3 to 2024-03-15 00:00:00+00:00, run_after=2024-03-16 00:00:00+00:00
[2024-03-16T11:30:55.013+0500] {processor.py:183} INFO - Processing /home/muhammadsami/Public/Projects/Airflow/DataPipelineswithApacheAirflow/.env/lib/python3.8/site-packages/airflow/example_dags/example_branch_datetime_operator.py took 0.157 seconds
[2024-03-16T11:39:12.474+0500] {processor.py:161} INFO - Started process (PID=19675) to work on /home/muhammadsami/Public/Projects/Airflow/DataPipelineswithApacheAirflow/.env/lib/python3.8/site-packages/airflow/example_dags/example_branch_datetime_operator.py
[2024-03-16T11:39:12.476+0500] {processor.py:830} INFO - Processing file /home/muhammadsami/Public/Projects/Airflow/DataPipelineswithApacheAirflow/.env/lib/python3.8/site-packages/airflow/example_dags/example_branch_datetime_operator.py for tasks to queue
[2024-03-16T11:39:12.477+0500] {logging_mixin.py:188} INFO - [2024-03-16T11:39:12.477+0500] {dagbag.py:540} INFO - Filling up the DagBag from /home/muhammadsami/Public/Projects/Airflow/DataPipelineswithApacheAirflow/.env/lib/python3.8/site-packages/airflow/example_dags/example_branch_datetime_operator.py
[2024-03-16T11:39:12.488+0500] {processor.py:840} INFO - DAG(s) 'example_branch_datetime_operator_3', 'example_branch_datetime_operator_2', 'example_branch_datetime_operator' retrieved from /home/muhammadsami/Public/Projects/Airflow/DataPipelineswithApacheAirflow/.env/lib/python3.8/site-packages/airflow/example_dags/example_branch_datetime_operator.py
[2024-03-16T11:39:12.510+0500] {logging_mixin.py:188} INFO - [2024-03-16T11:39:12.509+0500] {dag.py:3047} INFO - Sync 3 DAGs
[2024-03-16T11:39:12.527+0500] {logging_mixin.py:188} INFO - [2024-03-16T11:39:12.527+0500] {dag.py:3834} INFO - Setting next_dagrun for example_branch_datetime_operator to 2024-03-15 00:00:00+00:00, run_after=2024-03-16 00:00:00+00:00
[2024-03-16T11:39:12.531+0500] {logging_mixin.py:188} INFO - [2024-03-16T11:39:12.531+0500] {dag.py:3834} INFO - Setting next_dagrun for example_branch_datetime_operator_2 to 2024-03-15 00:00:00+00:00, run_after=2024-03-16 00:00:00+00:00
[2024-03-16T11:39:12.533+0500] {logging_mixin.py:188} INFO - [2024-03-16T11:39:12.533+0500] {dag.py:3834} INFO - Setting next_dagrun for example_branch_datetime_operator_3 to 2024-03-15 00:00:00+00:00, run_after=2024-03-16 00:00:00+00:00
[2024-03-16T11:39:12.731+0500] {processor.py:183} INFO - Processing /home/muhammadsami/Public/Projects/Airflow/DataPipelineswithApacheAirflow/.env/lib/python3.8/site-packages/airflow/example_dags/example_branch_datetime_operator.py took 0.259 seconds
[2024-03-16T11:40:21.005+0500] {processor.py:161} INFO - Started process (PID=19950) to work on /home/muhammadsami/Public/Projects/Airflow/DataPipelineswithApacheAirflow/.env/lib/python3.8/site-packages/airflow/example_dags/example_branch_datetime_operator.py
[2024-03-16T11:40:21.007+0500] {processor.py:830} INFO - Processing file /home/muhammadsami/Public/Projects/Airflow/DataPipelineswithApacheAirflow/.env/lib/python3.8/site-packages/airflow/example_dags/example_branch_datetime_operator.py for tasks to queue
[2024-03-16T11:40:21.008+0500] {logging_mixin.py:188} INFO - [2024-03-16T11:40:21.007+0500] {dagbag.py:540} INFO - Filling up the DagBag from /home/muhammadsami/Public/Projects/Airflow/DataPipelineswithApacheAirflow/.env/lib/python3.8/site-packages/airflow/example_dags/example_branch_datetime_operator.py
[2024-03-16T11:40:21.018+0500] {processor.py:840} INFO - DAG(s) 'example_branch_datetime_operator_3', 'example_branch_datetime_operator', 'example_branch_datetime_operator_2' retrieved from /home/muhammadsami/Public/Projects/Airflow/DataPipelineswithApacheAirflow/.env/lib/python3.8/site-packages/airflow/example_dags/example_branch_datetime_operator.py
[2024-03-16T11:40:21.036+0500] {logging_mixin.py:188} INFO - [2024-03-16T11:40:21.036+0500] {dag.py:3047} INFO - Sync 3 DAGs
[2024-03-16T11:40:21.139+0500] {logging_mixin.py:188} INFO - [2024-03-16T11:40:21.139+0500] {dag.py:3834} INFO - Setting next_dagrun for example_branch_datetime_operator to 2024-03-15 00:00:00+00:00, run_after=2024-03-16 00:00:00+00:00
[2024-03-16T11:40:21.143+0500] {logging_mixin.py:188} INFO - [2024-03-16T11:40:21.143+0500] {dag.py:3834} INFO - Setting next_dagrun for example_branch_datetime_operator_2 to 2024-03-15 00:00:00+00:00, run_after=2024-03-16 00:00:00+00:00
[2024-03-16T11:40:21.145+0500] {logging_mixin.py:188} INFO - [2024-03-16T11:40:21.145+0500] {dag.py:3834} INFO - Setting next_dagrun for example_branch_datetime_operator_3 to 2024-03-15 00:00:00+00:00, run_after=2024-03-16 00:00:00+00:00
[2024-03-16T11:40:21.247+0500] {processor.py:183} INFO - Processing /home/muhammadsami/Public/Projects/Airflow/DataPipelineswithApacheAirflow/.env/lib/python3.8/site-packages/airflow/example_dags/example_branch_datetime_operator.py took 0.244 seconds
[2024-03-16T11:41:38.954+0500] {processor.py:161} INFO - Started process (PID=20199) to work on /home/muhammadsami/Public/Projects/Airflow/DataPipelineswithApacheAirflow/.env/lib/python3.8/site-packages/airflow/example_dags/example_branch_datetime_operator.py
[2024-03-16T11:41:38.956+0500] {processor.py:830} INFO - Processing file /home/muhammadsami/Public/Projects/Airflow/DataPipelineswithApacheAirflow/.env/lib/python3.8/site-packages/airflow/example_dags/example_branch_datetime_operator.py for tasks to queue
[2024-03-16T11:41:38.956+0500] {logging_mixin.py:188} INFO - [2024-03-16T11:41:38.956+0500] {dagbag.py:540} INFO - Filling up the DagBag from /home/muhammadsami/Public/Projects/Airflow/DataPipelineswithApacheAirflow/.env/lib/python3.8/site-packages/airflow/example_dags/example_branch_datetime_operator.py
[2024-03-16T11:41:38.966+0500] {processor.py:840} INFO - DAG(s) 'example_branch_datetime_operator_3', 'example_branch_datetime_operator', 'example_branch_datetime_operator_2' retrieved from /home/muhammadsami/Public/Projects/Airflow/DataPipelineswithApacheAirflow/.env/lib/python3.8/site-packages/airflow/example_dags/example_branch_datetime_operator.py
[2024-03-16T11:41:38.985+0500] {logging_mixin.py:188} INFO - [2024-03-16T11:41:38.985+0500] {dag.py:3047} INFO - Sync 3 DAGs
[2024-03-16T11:41:39.005+0500] {logging_mixin.py:188} INFO - [2024-03-16T11:41:39.005+0500] {dag.py:3834} INFO - Setting next_dagrun for example_branch_datetime_operator to 2024-03-15 00:00:00+00:00, run_after=2024-03-16 00:00:00+00:00
[2024-03-16T11:41:39.010+0500] {logging_mixin.py:188} INFO - [2024-03-16T11:41:39.010+0500] {dag.py:3834} INFO - Setting next_dagrun for example_branch_datetime_operator_2 to 2024-03-15 00:00:00+00:00, run_after=2024-03-16 00:00:00+00:00
[2024-03-16T11:41:39.013+0500] {logging_mixin.py:188} INFO - [2024-03-16T11:41:39.012+0500] {dag.py:3834} INFO - Setting next_dagrun for example_branch_datetime_operator_3 to 2024-03-15 00:00:00+00:00, run_after=2024-03-16 00:00:00+00:00
[2024-03-16T11:41:39.104+0500] {processor.py:183} INFO - Processing /home/muhammadsami/Public/Projects/Airflow/DataPipelineswithApacheAirflow/.env/lib/python3.8/site-packages/airflow/example_dags/example_branch_datetime_operator.py took 0.152 seconds
[2024-03-16T11:42:33.336+0500] {processor.py:161} INFO - Started process (PID=20262) to work on /home/muhammadsami/Public/Projects/Airflow/DataPipelineswithApacheAirflow/.env/lib/python3.8/site-packages/airflow/example_dags/example_branch_datetime_operator.py
[2024-03-16T11:42:33.337+0500] {processor.py:830} INFO - Processing file /home/muhammadsami/Public/Projects/Airflow/DataPipelineswithApacheAirflow/.env/lib/python3.8/site-packages/airflow/example_dags/example_branch_datetime_operator.py for tasks to queue
[2024-03-16T11:42:33.339+0500] {logging_mixin.py:188} INFO - [2024-03-16T11:42:33.338+0500] {dagbag.py:540} INFO - Filling up the DagBag from /home/muhammadsami/Public/Projects/Airflow/DataPipelineswithApacheAirflow/.env/lib/python3.8/site-packages/airflow/example_dags/example_branch_datetime_operator.py
[2024-03-16T11:42:33.347+0500] {processor.py:840} INFO - DAG(s) 'example_branch_datetime_operator', 'example_branch_datetime_operator_2', 'example_branch_datetime_operator_3' retrieved from /home/muhammadsami/Public/Projects/Airflow/DataPipelineswithApacheAirflow/.env/lib/python3.8/site-packages/airflow/example_dags/example_branch_datetime_operator.py
[2024-03-16T11:42:33.366+0500] {logging_mixin.py:188} INFO - [2024-03-16T11:42:33.366+0500] {dag.py:3047} INFO - Sync 3 DAGs
[2024-03-16T11:42:33.386+0500] {logging_mixin.py:188} INFO - [2024-03-16T11:42:33.386+0500] {dag.py:3834} INFO - Setting next_dagrun for example_branch_datetime_operator to 2024-03-15 00:00:00+00:00, run_after=2024-03-16 00:00:00+00:00
[2024-03-16T11:42:33.390+0500] {logging_mixin.py:188} INFO - [2024-03-16T11:42:33.390+0500] {dag.py:3834} INFO - Setting next_dagrun for example_branch_datetime_operator_2 to 2024-03-15 00:00:00+00:00, run_after=2024-03-16 00:00:00+00:00
[2024-03-16T11:42:33.394+0500] {logging_mixin.py:188} INFO - [2024-03-16T11:42:33.393+0500] {dag.py:3834} INFO - Setting next_dagrun for example_branch_datetime_operator_3 to 2024-03-15 00:00:00+00:00, run_after=2024-03-16 00:00:00+00:00
[2024-03-16T11:42:33.487+0500] {processor.py:183} INFO - Processing /home/muhammadsami/Public/Projects/Airflow/DataPipelineswithApacheAirflow/.env/lib/python3.8/site-packages/airflow/example_dags/example_branch_datetime_operator.py took 0.153 seconds
[2024-03-16T11:43:26.941+0500] {processor.py:161} INFO - Started process (PID=20347) to work on /home/muhammadsami/Public/Projects/Airflow/DataPipelineswithApacheAirflow/.env/lib/python3.8/site-packages/airflow/example_dags/example_branch_datetime_operator.py
[2024-03-16T11:43:26.942+0500] {processor.py:830} INFO - Processing file /home/muhammadsami/Public/Projects/Airflow/DataPipelineswithApacheAirflow/.env/lib/python3.8/site-packages/airflow/example_dags/example_branch_datetime_operator.py for tasks to queue
[2024-03-16T11:43:26.943+0500] {logging_mixin.py:188} INFO - [2024-03-16T11:43:26.943+0500] {dagbag.py:540} INFO - Filling up the DagBag from /home/muhammadsami/Public/Projects/Airflow/DataPipelineswithApacheAirflow/.env/lib/python3.8/site-packages/airflow/example_dags/example_branch_datetime_operator.py
[2024-03-16T11:43:26.951+0500] {processor.py:840} INFO - DAG(s) 'example_branch_datetime_operator_2', 'example_branch_datetime_operator', 'example_branch_datetime_operator_3' retrieved from /home/muhammadsami/Public/Projects/Airflow/DataPipelineswithApacheAirflow/.env/lib/python3.8/site-packages/airflow/example_dags/example_branch_datetime_operator.py
[2024-03-16T11:43:26.970+0500] {logging_mixin.py:188} INFO - [2024-03-16T11:43:26.970+0500] {dag.py:3047} INFO - Sync 3 DAGs
[2024-03-16T11:43:26.988+0500] {logging_mixin.py:188} INFO - [2024-03-16T11:43:26.988+0500] {dag.py:3834} INFO - Setting next_dagrun for example_branch_datetime_operator to 2024-03-15 00:00:00+00:00, run_after=2024-03-16 00:00:00+00:00
[2024-03-16T11:43:26.992+0500] {logging_mixin.py:188} INFO - [2024-03-16T11:43:26.992+0500] {dag.py:3834} INFO - Setting next_dagrun for example_branch_datetime_operator_2 to 2024-03-15 00:00:00+00:00, run_after=2024-03-16 00:00:00+00:00
[2024-03-16T11:43:26.994+0500] {logging_mixin.py:188} INFO - [2024-03-16T11:43:26.994+0500] {dag.py:3834} INFO - Setting next_dagrun for example_branch_datetime_operator_3 to 2024-03-15 00:00:00+00:00, run_after=2024-03-16 00:00:00+00:00
[2024-03-16T11:43:27.093+0500] {processor.py:183} INFO - Processing /home/muhammadsami/Public/Projects/Airflow/DataPipelineswithApacheAirflow/.env/lib/python3.8/site-packages/airflow/example_dags/example_branch_datetime_operator.py took 0.155 seconds
[2024-03-16T11:44:39.862+0500] {processor.py:161} INFO - Started process (PID=20455) to work on /home/muhammadsami/Public/Projects/Airflow/DataPipelineswithApacheAirflow/.env/lib/python3.8/site-packages/airflow/example_dags/example_branch_datetime_operator.py
[2024-03-16T11:44:39.869+0500] {processor.py:830} INFO - Processing file /home/muhammadsami/Public/Projects/Airflow/DataPipelineswithApacheAirflow/.env/lib/python3.8/site-packages/airflow/example_dags/example_branch_datetime_operator.py for tasks to queue
[2024-03-16T11:44:39.870+0500] {logging_mixin.py:188} INFO - [2024-03-16T11:44:39.869+0500] {dagbag.py:540} INFO - Filling up the DagBag from /home/muhammadsami/Public/Projects/Airflow/DataPipelineswithApacheAirflow/.env/lib/python3.8/site-packages/airflow/example_dags/example_branch_datetime_operator.py
[2024-03-16T11:44:39.880+0500] {processor.py:840} INFO - DAG(s) 'example_branch_datetime_operator_2', 'example_branch_datetime_operator', 'example_branch_datetime_operator_3' retrieved from /home/muhammadsami/Public/Projects/Airflow/DataPipelineswithApacheAirflow/.env/lib/python3.8/site-packages/airflow/example_dags/example_branch_datetime_operator.py
[2024-03-16T11:44:39.897+0500] {logging_mixin.py:188} INFO - [2024-03-16T11:44:39.897+0500] {dag.py:3047} INFO - Sync 3 DAGs
[2024-03-16T11:44:39.922+0500] {logging_mixin.py:188} INFO - [2024-03-16T11:44:39.922+0500] {dag.py:3834} INFO - Setting next_dagrun for example_branch_datetime_operator to 2024-03-15 00:00:00+00:00, run_after=2024-03-16 00:00:00+00:00
[2024-03-16T11:44:39.927+0500] {logging_mixin.py:188} INFO - [2024-03-16T11:44:39.926+0500] {dag.py:3834} INFO - Setting next_dagrun for example_branch_datetime_operator_2 to 2024-03-15 00:00:00+00:00, run_after=2024-03-16 00:00:00+00:00
[2024-03-16T11:44:39.929+0500] {logging_mixin.py:188} INFO - [2024-03-16T11:44:39.929+0500] {dag.py:3834} INFO - Setting next_dagrun for example_branch_datetime_operator_3 to 2024-03-15 00:00:00+00:00, run_after=2024-03-16 00:00:00+00:00
[2024-03-16T11:44:40.017+0500] {processor.py:183} INFO - Processing /home/muhammadsami/Public/Projects/Airflow/DataPipelineswithApacheAirflow/.env/lib/python3.8/site-packages/airflow/example_dags/example_branch_datetime_operator.py took 0.158 seconds
[2024-03-16T11:45:51.701+0500] {processor.py:161} INFO - Started process (PID=20836) to work on /home/muhammadsami/Public/Projects/Airflow/DataPipelineswithApacheAirflow/.env/lib/python3.8/site-packages/airflow/example_dags/example_branch_datetime_operator.py
[2024-03-16T11:45:51.710+0500] {processor.py:830} INFO - Processing file /home/muhammadsami/Public/Projects/Airflow/DataPipelineswithApacheAirflow/.env/lib/python3.8/site-packages/airflow/example_dags/example_branch_datetime_operator.py for tasks to queue
[2024-03-16T11:45:51.712+0500] {logging_mixin.py:188} INFO - [2024-03-16T11:45:51.711+0500] {dagbag.py:540} INFO - Filling up the DagBag from /home/muhammadsami/Public/Projects/Airflow/DataPipelineswithApacheAirflow/.env/lib/python3.8/site-packages/airflow/example_dags/example_branch_datetime_operator.py
[2024-03-16T11:45:51.732+0500] {processor.py:840} INFO - DAG(s) 'example_branch_datetime_operator_3', 'example_branch_datetime_operator_2', 'example_branch_datetime_operator' retrieved from /home/muhammadsami/Public/Projects/Airflow/DataPipelineswithApacheAirflow/.env/lib/python3.8/site-packages/airflow/example_dags/example_branch_datetime_operator.py
[2024-03-16T11:45:51.779+0500] {logging_mixin.py:188} INFO - [2024-03-16T11:45:51.778+0500] {dag.py:3047} INFO - Sync 3 DAGs
[2024-03-16T11:45:51.828+0500] {logging_mixin.py:188} INFO - [2024-03-16T11:45:51.827+0500] {dag.py:3834} INFO - Setting next_dagrun for example_branch_datetime_operator to 2024-03-15 00:00:00+00:00, run_after=2024-03-16 00:00:00+00:00
[2024-03-16T11:45:51.836+0500] {logging_mixin.py:188} INFO - [2024-03-16T11:45:51.836+0500] {dag.py:3834} INFO - Setting next_dagrun for example_branch_datetime_operator_2 to 2024-03-15 00:00:00+00:00, run_after=2024-03-16 00:00:00+00:00
[2024-03-16T11:45:51.843+0500] {logging_mixin.py:188} INFO - [2024-03-16T11:45:51.843+0500] {dag.py:3834} INFO - Setting next_dagrun for example_branch_datetime_operator_3 to 2024-03-15 00:00:00+00:00, run_after=2024-03-16 00:00:00+00:00
[2024-03-16T11:45:51.947+0500] {processor.py:183} INFO - Processing /home/muhammadsami/Public/Projects/Airflow/DataPipelineswithApacheAirflow/.env/lib/python3.8/site-packages/airflow/example_dags/example_branch_datetime_operator.py took 0.249 seconds
[2024-03-16T11:46:47.012+0500] {processor.py:161} INFO - Started process (PID=20899) to work on /home/muhammadsami/Public/Projects/Airflow/DataPipelineswithApacheAirflow/.env/lib/python3.8/site-packages/airflow/example_dags/example_branch_datetime_operator.py
[2024-03-16T11:46:47.022+0500] {processor.py:830} INFO - Processing file /home/muhammadsami/Public/Projects/Airflow/DataPipelineswithApacheAirflow/.env/lib/python3.8/site-packages/airflow/example_dags/example_branch_datetime_operator.py for tasks to queue
[2024-03-16T11:46:47.023+0500] {logging_mixin.py:188} INFO - [2024-03-16T11:46:47.023+0500] {dagbag.py:540} INFO - Filling up the DagBag from /home/muhammadsami/Public/Projects/Airflow/DataPipelineswithApacheAirflow/.env/lib/python3.8/site-packages/airflow/example_dags/example_branch_datetime_operator.py
[2024-03-16T11:46:47.032+0500] {processor.py:840} INFO - DAG(s) 'example_branch_datetime_operator_2', 'example_branch_datetime_operator', 'example_branch_datetime_operator_3' retrieved from /home/muhammadsami/Public/Projects/Airflow/DataPipelineswithApacheAirflow/.env/lib/python3.8/site-packages/airflow/example_dags/example_branch_datetime_operator.py
[2024-03-16T11:46:47.050+0500] {logging_mixin.py:188} INFO - [2024-03-16T11:46:47.050+0500] {dag.py:3047} INFO - Sync 3 DAGs
[2024-03-16T11:46:47.068+0500] {logging_mixin.py:188} INFO - [2024-03-16T11:46:47.068+0500] {dag.py:3834} INFO - Setting next_dagrun for example_branch_datetime_operator to 2024-03-15 00:00:00+00:00, run_after=2024-03-16 00:00:00+00:00
[2024-03-16T11:46:47.072+0500] {logging_mixin.py:188} INFO - [2024-03-16T11:46:47.072+0500] {dag.py:3834} INFO - Setting next_dagrun for example_branch_datetime_operator_2 to 2024-03-15 00:00:00+00:00, run_after=2024-03-16 00:00:00+00:00
[2024-03-16T11:46:47.074+0500] {logging_mixin.py:188} INFO - [2024-03-16T11:46:47.074+0500] {dag.py:3834} INFO - Setting next_dagrun for example_branch_datetime_operator_3 to 2024-03-15 00:00:00+00:00, run_after=2024-03-16 00:00:00+00:00
[2024-03-16T11:46:47.164+0500] {processor.py:183} INFO - Processing /home/muhammadsami/Public/Projects/Airflow/DataPipelineswithApacheAirflow/.env/lib/python3.8/site-packages/airflow/example_dags/example_branch_datetime_operator.py took 0.155 seconds
[2024-03-16T11:47:36.828+0500] {processor.py:161} INFO - Started process (PID=20975) to work on /home/muhammadsami/Public/Projects/Airflow/DataPipelineswithApacheAirflow/.env/lib/python3.8/site-packages/airflow/example_dags/example_branch_datetime_operator.py
[2024-03-16T11:47:36.842+0500] {processor.py:830} INFO - Processing file /home/muhammadsami/Public/Projects/Airflow/DataPipelineswithApacheAirflow/.env/lib/python3.8/site-packages/airflow/example_dags/example_branch_datetime_operator.py for tasks to queue
[2024-03-16T11:47:36.843+0500] {logging_mixin.py:188} INFO - [2024-03-16T11:47:36.843+0500] {dagbag.py:540} INFO - Filling up the DagBag from /home/muhammadsami/Public/Projects/Airflow/DataPipelineswithApacheAirflow/.env/lib/python3.8/site-packages/airflow/example_dags/example_branch_datetime_operator.py
[2024-03-16T11:47:36.851+0500] {processor.py:840} INFO - DAG(s) 'example_branch_datetime_operator_2', 'example_branch_datetime_operator_3', 'example_branch_datetime_operator' retrieved from /home/muhammadsami/Public/Projects/Airflow/DataPipelineswithApacheAirflow/.env/lib/python3.8/site-packages/airflow/example_dags/example_branch_datetime_operator.py
[2024-03-16T11:47:36.870+0500] {logging_mixin.py:188} INFO - [2024-03-16T11:47:36.870+0500] {dag.py:3047} INFO - Sync 3 DAGs
[2024-03-16T11:47:36.887+0500] {logging_mixin.py:188} INFO - [2024-03-16T11:47:36.887+0500] {dag.py:3834} INFO - Setting next_dagrun for example_branch_datetime_operator to 2024-03-15 00:00:00+00:00, run_after=2024-03-16 00:00:00+00:00
[2024-03-16T11:47:36.893+0500] {logging_mixin.py:188} INFO - [2024-03-16T11:47:36.893+0500] {dag.py:3834} INFO - Setting next_dagrun for example_branch_datetime_operator_2 to 2024-03-15 00:00:00+00:00, run_after=2024-03-16 00:00:00+00:00
[2024-03-16T11:47:36.895+0500] {logging_mixin.py:188} INFO - [2024-03-16T11:47:36.895+0500] {dag.py:3834} INFO - Setting next_dagrun for example_branch_datetime_operator_3 to 2024-03-15 00:00:00+00:00, run_after=2024-03-16 00:00:00+00:00
[2024-03-16T11:47:37.000+0500] {processor.py:183} INFO - Processing /home/muhammadsami/Public/Projects/Airflow/DataPipelineswithApacheAirflow/.env/lib/python3.8/site-packages/airflow/example_dags/example_branch_datetime_operator.py took 0.175 seconds
[2024-03-16T11:48:24.748+0500] {processor.py:161} INFO - Started process (PID=21053) to work on /home/muhammadsami/Public/Projects/Airflow/DataPipelineswithApacheAirflow/.env/lib/python3.8/site-packages/airflow/example_dags/example_branch_datetime_operator.py
[2024-03-16T11:48:24.750+0500] {processor.py:830} INFO - Processing file /home/muhammadsami/Public/Projects/Airflow/DataPipelineswithApacheAirflow/.env/lib/python3.8/site-packages/airflow/example_dags/example_branch_datetime_operator.py for tasks to queue
[2024-03-16T11:48:24.751+0500] {logging_mixin.py:188} INFO - [2024-03-16T11:48:24.750+0500] {dagbag.py:540} INFO - Filling up the DagBag from /home/muhammadsami/Public/Projects/Airflow/DataPipelineswithApacheAirflow/.env/lib/python3.8/site-packages/airflow/example_dags/example_branch_datetime_operator.py
[2024-03-16T11:48:24.763+0500] {processor.py:840} INFO - DAG(s) 'example_branch_datetime_operator', 'example_branch_datetime_operator_2', 'example_branch_datetime_operator_3' retrieved from /home/muhammadsami/Public/Projects/Airflow/DataPipelineswithApacheAirflow/.env/lib/python3.8/site-packages/airflow/example_dags/example_branch_datetime_operator.py
[2024-03-16T11:48:24.789+0500] {logging_mixin.py:188} INFO - [2024-03-16T11:48:24.789+0500] {dag.py:3047} INFO - Sync 3 DAGs
[2024-03-16T11:48:24.815+0500] {logging_mixin.py:188} INFO - [2024-03-16T11:48:24.815+0500] {dag.py:3834} INFO - Setting next_dagrun for example_branch_datetime_operator to 2024-03-15 00:00:00+00:00, run_after=2024-03-16 00:00:00+00:00
[2024-03-16T11:48:24.821+0500] {logging_mixin.py:188} INFO - [2024-03-16T11:48:24.821+0500] {dag.py:3834} INFO - Setting next_dagrun for example_branch_datetime_operator_2 to 2024-03-15 00:00:00+00:00, run_after=2024-03-16 00:00:00+00:00
[2024-03-16T11:48:24.824+0500] {logging_mixin.py:188} INFO - [2024-03-16T11:48:24.824+0500] {dag.py:3834} INFO - Setting next_dagrun for example_branch_datetime_operator_3 to 2024-03-15 00:00:00+00:00, run_after=2024-03-16 00:00:00+00:00
[2024-03-16T11:48:24.917+0500] {processor.py:183} INFO - Processing /home/muhammadsami/Public/Projects/Airflow/DataPipelineswithApacheAirflow/.env/lib/python3.8/site-packages/airflow/example_dags/example_branch_datetime_operator.py took 0.171 seconds
[2024-03-16T11:49:37.537+0500] {processor.py:161} INFO - Started process (PID=21119) to work on /home/muhammadsami/Public/Projects/Airflow/DataPipelineswithApacheAirflow/.env/lib/python3.8/site-packages/airflow/example_dags/example_branch_datetime_operator.py
[2024-03-16T11:49:37.545+0500] {processor.py:830} INFO - Processing file /home/muhammadsami/Public/Projects/Airflow/DataPipelineswithApacheAirflow/.env/lib/python3.8/site-packages/airflow/example_dags/example_branch_datetime_operator.py for tasks to queue
[2024-03-16T11:49:37.546+0500] {logging_mixin.py:188} INFO - [2024-03-16T11:49:37.546+0500] {dagbag.py:540} INFO - Filling up the DagBag from /home/muhammadsami/Public/Projects/Airflow/DataPipelineswithApacheAirflow/.env/lib/python3.8/site-packages/airflow/example_dags/example_branch_datetime_operator.py
[2024-03-16T11:49:37.557+0500] {processor.py:840} INFO - DAG(s) 'example_branch_datetime_operator', 'example_branch_datetime_operator_3', 'example_branch_datetime_operator_2' retrieved from /home/muhammadsami/Public/Projects/Airflow/DataPipelineswithApacheAirflow/.env/lib/python3.8/site-packages/airflow/example_dags/example_branch_datetime_operator.py
[2024-03-16T11:49:37.579+0500] {logging_mixin.py:188} INFO - [2024-03-16T11:49:37.579+0500] {dag.py:3047} INFO - Sync 3 DAGs
[2024-03-16T11:49:37.598+0500] {logging_mixin.py:188} INFO - [2024-03-16T11:49:37.597+0500] {dag.py:3834} INFO - Setting next_dagrun for example_branch_datetime_operator to 2024-03-15 00:00:00+00:00, run_after=2024-03-16 00:00:00+00:00
[2024-03-16T11:49:37.602+0500] {logging_mixin.py:188} INFO - [2024-03-16T11:49:37.602+0500] {dag.py:3834} INFO - Setting next_dagrun for example_branch_datetime_operator_2 to 2024-03-15 00:00:00+00:00, run_after=2024-03-16 00:00:00+00:00
[2024-03-16T11:49:37.604+0500] {logging_mixin.py:188} INFO - [2024-03-16T11:49:37.604+0500] {dag.py:3834} INFO - Setting next_dagrun for example_branch_datetime_operator_3 to 2024-03-15 00:00:00+00:00, run_after=2024-03-16 00:00:00+00:00
[2024-03-16T11:49:37.696+0500] {processor.py:183} INFO - Processing /home/muhammadsami/Public/Projects/Airflow/DataPipelineswithApacheAirflow/.env/lib/python3.8/site-packages/airflow/example_dags/example_branch_datetime_operator.py took 0.162 seconds
[2024-03-16T11:50:27.886+0500] {processor.py:161} INFO - Started process (PID=21168) to work on /home/muhammadsami/Public/Projects/Airflow/DataPipelineswithApacheAirflow/.env/lib/python3.8/site-packages/airflow/example_dags/example_branch_datetime_operator.py
[2024-03-16T11:50:27.909+0500] {processor.py:830} INFO - Processing file /home/muhammadsami/Public/Projects/Airflow/DataPipelineswithApacheAirflow/.env/lib/python3.8/site-packages/airflow/example_dags/example_branch_datetime_operator.py for tasks to queue
[2024-03-16T11:50:27.910+0500] {logging_mixin.py:188} INFO - [2024-03-16T11:50:27.910+0500] {dagbag.py:540} INFO - Filling up the DagBag from /home/muhammadsami/Public/Projects/Airflow/DataPipelineswithApacheAirflow/.env/lib/python3.8/site-packages/airflow/example_dags/example_branch_datetime_operator.py
[2024-03-16T11:50:27.918+0500] {processor.py:840} INFO - DAG(s) 'example_branch_datetime_operator_2', 'example_branch_datetime_operator_3', 'example_branch_datetime_operator' retrieved from /home/muhammadsami/Public/Projects/Airflow/DataPipelineswithApacheAirflow/.env/lib/python3.8/site-packages/airflow/example_dags/example_branch_datetime_operator.py
[2024-03-16T11:50:27.944+0500] {logging_mixin.py:188} INFO - [2024-03-16T11:50:27.944+0500] {dag.py:3047} INFO - Sync 3 DAGs
[2024-03-16T11:50:27.962+0500] {logging_mixin.py:188} INFO - [2024-03-16T11:50:27.962+0500] {dag.py:3834} INFO - Setting next_dagrun for example_branch_datetime_operator to 2024-03-15 00:00:00+00:00, run_after=2024-03-16 00:00:00+00:00
[2024-03-16T11:50:27.966+0500] {logging_mixin.py:188} INFO - [2024-03-16T11:50:27.966+0500] {dag.py:3834} INFO - Setting next_dagrun for example_branch_datetime_operator_2 to 2024-03-15 00:00:00+00:00, run_after=2024-03-16 00:00:00+00:00
[2024-03-16T11:50:27.968+0500] {logging_mixin.py:188} INFO - [2024-03-16T11:50:27.968+0500] {dag.py:3834} INFO - Setting next_dagrun for example_branch_datetime_operator_3 to 2024-03-15 00:00:00+00:00, run_after=2024-03-16 00:00:00+00:00
[2024-03-16T11:50:28.079+0500] {processor.py:183} INFO - Processing /home/muhammadsami/Public/Projects/Airflow/DataPipelineswithApacheAirflow/.env/lib/python3.8/site-packages/airflow/example_dags/example_branch_datetime_operator.py took 0.194 seconds
[2024-03-16T11:51:20.410+0500] {processor.py:161} INFO - Started process (PID=21267) to work on /home/muhammadsami/Public/Projects/Airflow/DataPipelineswithApacheAirflow/.env/lib/python3.8/site-packages/airflow/example_dags/example_branch_datetime_operator.py
[2024-03-16T11:51:20.422+0500] {processor.py:830} INFO - Processing file /home/muhammadsami/Public/Projects/Airflow/DataPipelineswithApacheAirflow/.env/lib/python3.8/site-packages/airflow/example_dags/example_branch_datetime_operator.py for tasks to queue
[2024-03-16T11:51:20.423+0500] {logging_mixin.py:188} INFO - [2024-03-16T11:51:20.422+0500] {dagbag.py:540} INFO - Filling up the DagBag from /home/muhammadsami/Public/Projects/Airflow/DataPipelineswithApacheAirflow/.env/lib/python3.8/site-packages/airflow/example_dags/example_branch_datetime_operator.py
[2024-03-16T11:51:20.432+0500] {processor.py:840} INFO - DAG(s) 'example_branch_datetime_operator', 'example_branch_datetime_operator_3', 'example_branch_datetime_operator_2' retrieved from /home/muhammadsami/Public/Projects/Airflow/DataPipelineswithApacheAirflow/.env/lib/python3.8/site-packages/airflow/example_dags/example_branch_datetime_operator.py
[2024-03-16T11:51:20.451+0500] {logging_mixin.py:188} INFO - [2024-03-16T11:51:20.450+0500] {dag.py:3047} INFO - Sync 3 DAGs
[2024-03-16T11:51:20.469+0500] {logging_mixin.py:188} INFO - [2024-03-16T11:51:20.469+0500] {dag.py:3834} INFO - Setting next_dagrun for example_branch_datetime_operator to 2024-03-15 00:00:00+00:00, run_after=2024-03-16 00:00:00+00:00
[2024-03-16T11:51:20.473+0500] {logging_mixin.py:188} INFO - [2024-03-16T11:51:20.473+0500] {dag.py:3834} INFO - Setting next_dagrun for example_branch_datetime_operator_2 to 2024-03-15 00:00:00+00:00, run_after=2024-03-16 00:00:00+00:00
[2024-03-16T11:51:20.475+0500] {logging_mixin.py:188} INFO - [2024-03-16T11:51:20.475+0500] {dag.py:3834} INFO - Setting next_dagrun for example_branch_datetime_operator_3 to 2024-03-15 00:00:00+00:00, run_after=2024-03-16 00:00:00+00:00
[2024-03-16T11:51:20.566+0500] {processor.py:183} INFO - Processing /home/muhammadsami/Public/Projects/Airflow/DataPipelineswithApacheAirflow/.env/lib/python3.8/site-packages/airflow/example_dags/example_branch_datetime_operator.py took 0.159 seconds
[2024-03-16T11:52:12.970+0500] {processor.py:161} INFO - Started process (PID=21446) to work on /home/muhammadsami/Public/Projects/Airflow/DataPipelineswithApacheAirflow/.env/lib/python3.8/site-packages/airflow/example_dags/example_branch_datetime_operator.py
[2024-03-16T11:52:12.971+0500] {processor.py:830} INFO - Processing file /home/muhammadsami/Public/Projects/Airflow/DataPipelineswithApacheAirflow/.env/lib/python3.8/site-packages/airflow/example_dags/example_branch_datetime_operator.py for tasks to queue
[2024-03-16T11:52:12.973+0500] {logging_mixin.py:188} INFO - [2024-03-16T11:52:12.972+0500] {dagbag.py:540} INFO - Filling up the DagBag from /home/muhammadsami/Public/Projects/Airflow/DataPipelineswithApacheAirflow/.env/lib/python3.8/site-packages/airflow/example_dags/example_branch_datetime_operator.py
[2024-03-16T11:52:12.985+0500] {processor.py:840} INFO - DAG(s) 'example_branch_datetime_operator_2', 'example_branch_datetime_operator_3', 'example_branch_datetime_operator' retrieved from /home/muhammadsami/Public/Projects/Airflow/DataPipelineswithApacheAirflow/.env/lib/python3.8/site-packages/airflow/example_dags/example_branch_datetime_operator.py
[2024-03-16T11:52:13.012+0500] {logging_mixin.py:188} INFO - [2024-03-16T11:52:13.012+0500] {dag.py:3047} INFO - Sync 3 DAGs
[2024-03-16T11:52:13.040+0500] {logging_mixin.py:188} INFO - [2024-03-16T11:52:13.040+0500] {dag.py:3834} INFO - Setting next_dagrun for example_branch_datetime_operator to 2024-03-15 00:00:00+00:00, run_after=2024-03-16 00:00:00+00:00
[2024-03-16T11:52:13.049+0500] {logging_mixin.py:188} INFO - [2024-03-16T11:52:13.049+0500] {dag.py:3834} INFO - Setting next_dagrun for example_branch_datetime_operator_2 to 2024-03-15 00:00:00+00:00, run_after=2024-03-16 00:00:00+00:00
[2024-03-16T11:52:13.053+0500] {logging_mixin.py:188} INFO - [2024-03-16T11:52:13.053+0500] {dag.py:3834} INFO - Setting next_dagrun for example_branch_datetime_operator_3 to 2024-03-15 00:00:00+00:00, run_after=2024-03-16 00:00:00+00:00
[2024-03-16T11:52:13.166+0500] {processor.py:183} INFO - Processing /home/muhammadsami/Public/Projects/Airflow/DataPipelineswithApacheAirflow/.env/lib/python3.8/site-packages/airflow/example_dags/example_branch_datetime_operator.py took 0.200 seconds
[2024-03-16T11:53:05.341+0500] {processor.py:161} INFO - Started process (PID=21519) to work on /home/muhammadsami/Public/Projects/Airflow/DataPipelineswithApacheAirflow/.env/lib/python3.8/site-packages/airflow/example_dags/example_branch_datetime_operator.py
[2024-03-16T11:53:05.359+0500] {processor.py:830} INFO - Processing file /home/muhammadsami/Public/Projects/Airflow/DataPipelineswithApacheAirflow/.env/lib/python3.8/site-packages/airflow/example_dags/example_branch_datetime_operator.py for tasks to queue
[2024-03-16T11:53:05.360+0500] {logging_mixin.py:188} INFO - [2024-03-16T11:53:05.359+0500] {dagbag.py:540} INFO - Filling up the DagBag from /home/muhammadsami/Public/Projects/Airflow/DataPipelineswithApacheAirflow/.env/lib/python3.8/site-packages/airflow/example_dags/example_branch_datetime_operator.py
[2024-03-16T11:53:05.368+0500] {processor.py:840} INFO - DAG(s) 'example_branch_datetime_operator_3', 'example_branch_datetime_operator', 'example_branch_datetime_operator_2' retrieved from /home/muhammadsami/Public/Projects/Airflow/DataPipelineswithApacheAirflow/.env/lib/python3.8/site-packages/airflow/example_dags/example_branch_datetime_operator.py
[2024-03-16T11:53:05.389+0500] {logging_mixin.py:188} INFO - [2024-03-16T11:53:05.389+0500] {dag.py:3047} INFO - Sync 3 DAGs
[2024-03-16T11:53:05.409+0500] {logging_mixin.py:188} INFO - [2024-03-16T11:53:05.408+0500] {dag.py:3834} INFO - Setting next_dagrun for example_branch_datetime_operator to 2024-03-15 00:00:00+00:00, run_after=2024-03-16 00:00:00+00:00
[2024-03-16T11:53:05.413+0500] {logging_mixin.py:188} INFO - [2024-03-16T11:53:05.413+0500] {dag.py:3834} INFO - Setting next_dagrun for example_branch_datetime_operator_2 to 2024-03-15 00:00:00+00:00, run_after=2024-03-16 00:00:00+00:00
[2024-03-16T11:53:05.415+0500] {logging_mixin.py:188} INFO - [2024-03-16T11:53:05.415+0500] {dag.py:3834} INFO - Setting next_dagrun for example_branch_datetime_operator_3 to 2024-03-15 00:00:00+00:00, run_after=2024-03-16 00:00:00+00:00
[2024-03-16T11:53:05.505+0500] {processor.py:183} INFO - Processing /home/muhammadsami/Public/Projects/Airflow/DataPipelineswithApacheAirflow/.env/lib/python3.8/site-packages/airflow/example_dags/example_branch_datetime_operator.py took 0.167 seconds
[2024-03-16T11:53:57.781+0500] {processor.py:161} INFO - Started process (PID=21639) to work on /home/muhammadsami/Public/Projects/Airflow/DataPipelineswithApacheAirflow/.env/lib/python3.8/site-packages/airflow/example_dags/example_branch_datetime_operator.py
[2024-03-16T11:53:57.783+0500] {processor.py:830} INFO - Processing file /home/muhammadsami/Public/Projects/Airflow/DataPipelineswithApacheAirflow/.env/lib/python3.8/site-packages/airflow/example_dags/example_branch_datetime_operator.py for tasks to queue
[2024-03-16T11:53:57.783+0500] {logging_mixin.py:188} INFO - [2024-03-16T11:53:57.783+0500] {dagbag.py:540} INFO - Filling up the DagBag from /home/muhammadsami/Public/Projects/Airflow/DataPipelineswithApacheAirflow/.env/lib/python3.8/site-packages/airflow/example_dags/example_branch_datetime_operator.py
[2024-03-16T11:53:57.793+0500] {processor.py:840} INFO - DAG(s) 'example_branch_datetime_operator', 'example_branch_datetime_operator_2', 'example_branch_datetime_operator_3' retrieved from /home/muhammadsami/Public/Projects/Airflow/DataPipelineswithApacheAirflow/.env/lib/python3.8/site-packages/airflow/example_dags/example_branch_datetime_operator.py
[2024-03-16T11:53:57.811+0500] {logging_mixin.py:188} INFO - [2024-03-16T11:53:57.811+0500] {dag.py:3047} INFO - Sync 3 DAGs
[2024-03-16T11:53:57.829+0500] {logging_mixin.py:188} INFO - [2024-03-16T11:53:57.829+0500] {dag.py:3834} INFO - Setting next_dagrun for example_branch_datetime_operator to 2024-03-15 00:00:00+00:00, run_after=2024-03-16 00:00:00+00:00
[2024-03-16T11:53:57.833+0500] {logging_mixin.py:188} INFO - [2024-03-16T11:53:57.833+0500] {dag.py:3834} INFO - Setting next_dagrun for example_branch_datetime_operator_2 to 2024-03-15 00:00:00+00:00, run_after=2024-03-16 00:00:00+00:00
[2024-03-16T11:53:57.835+0500] {logging_mixin.py:188} INFO - [2024-03-16T11:53:57.835+0500] {dag.py:3834} INFO - Setting next_dagrun for example_branch_datetime_operator_3 to 2024-03-15 00:00:00+00:00, run_after=2024-03-16 00:00:00+00:00
[2024-03-16T11:53:57.925+0500] {processor.py:183} INFO - Processing /home/muhammadsami/Public/Projects/Airflow/DataPipelineswithApacheAirflow/.env/lib/python3.8/site-packages/airflow/example_dags/example_branch_datetime_operator.py took 0.146 seconds
[2024-03-16T11:55:11.760+0500] {processor.py:161} INFO - Started process (PID=21822) to work on /home/muhammadsami/Public/Projects/Airflow/DataPipelineswithApacheAirflow/.env/lib/python3.8/site-packages/airflow/example_dags/example_branch_datetime_operator.py
[2024-03-16T11:55:11.762+0500] {processor.py:830} INFO - Processing file /home/muhammadsami/Public/Projects/Airflow/DataPipelineswithApacheAirflow/.env/lib/python3.8/site-packages/airflow/example_dags/example_branch_datetime_operator.py for tasks to queue
[2024-03-16T11:55:11.764+0500] {logging_mixin.py:188} INFO - [2024-03-16T11:55:11.763+0500] {dagbag.py:540} INFO - Filling up the DagBag from /home/muhammadsami/Public/Projects/Airflow/DataPipelineswithApacheAirflow/.env/lib/python3.8/site-packages/airflow/example_dags/example_branch_datetime_operator.py
[2024-03-16T11:55:11.778+0500] {processor.py:840} INFO - DAG(s) 'example_branch_datetime_operator_3', 'example_branch_datetime_operator_2', 'example_branch_datetime_operator' retrieved from /home/muhammadsami/Public/Projects/Airflow/DataPipelineswithApacheAirflow/.env/lib/python3.8/site-packages/airflow/example_dags/example_branch_datetime_operator.py
[2024-03-16T11:55:11.807+0500] {logging_mixin.py:188} INFO - [2024-03-16T11:55:11.806+0500] {dag.py:3047} INFO - Sync 3 DAGs
[2024-03-16T11:55:11.832+0500] {logging_mixin.py:188} INFO - [2024-03-16T11:55:11.832+0500] {dag.py:3834} INFO - Setting next_dagrun for example_branch_datetime_operator to 2024-03-15 00:00:00+00:00, run_after=2024-03-16 00:00:00+00:00
[2024-03-16T11:55:11.837+0500] {logging_mixin.py:188} INFO - [2024-03-16T11:55:11.837+0500] {dag.py:3834} INFO - Setting next_dagrun for example_branch_datetime_operator_2 to 2024-03-15 00:00:00+00:00, run_after=2024-03-16 00:00:00+00:00
[2024-03-16T11:55:11.840+0500] {logging_mixin.py:188} INFO - [2024-03-16T11:55:11.839+0500] {dag.py:3834} INFO - Setting next_dagrun for example_branch_datetime_operator_3 to 2024-03-15 00:00:00+00:00, run_after=2024-03-16 00:00:00+00:00
[2024-03-16T11:55:11.936+0500] {processor.py:183} INFO - Processing /home/muhammadsami/Public/Projects/Airflow/DataPipelineswithApacheAirflow/.env/lib/python3.8/site-packages/airflow/example_dags/example_branch_datetime_operator.py took 0.179 seconds
[2024-03-16T11:56:03.955+0500] {processor.py:161} INFO - Started process (PID=21922) to work on /home/muhammadsami/Public/Projects/Airflow/DataPipelineswithApacheAirflow/.env/lib/python3.8/site-packages/airflow/example_dags/example_branch_datetime_operator.py
[2024-03-16T11:56:03.978+0500] {processor.py:830} INFO - Processing file /home/muhammadsami/Public/Projects/Airflow/DataPipelineswithApacheAirflow/.env/lib/python3.8/site-packages/airflow/example_dags/example_branch_datetime_operator.py for tasks to queue
[2024-03-16T11:56:03.979+0500] {logging_mixin.py:188} INFO - [2024-03-16T11:56:03.979+0500] {dagbag.py:540} INFO - Filling up the DagBag from /home/muhammadsami/Public/Projects/Airflow/DataPipelineswithApacheAirflow/.env/lib/python3.8/site-packages/airflow/example_dags/example_branch_datetime_operator.py
[2024-03-16T11:56:03.989+0500] {processor.py:840} INFO - DAG(s) 'example_branch_datetime_operator_2', 'example_branch_datetime_operator_3', 'example_branch_datetime_operator' retrieved from /home/muhammadsami/Public/Projects/Airflow/DataPipelineswithApacheAirflow/.env/lib/python3.8/site-packages/airflow/example_dags/example_branch_datetime_operator.py
[2024-03-16T11:56:04.016+0500] {logging_mixin.py:188} INFO - [2024-03-16T11:56:04.015+0500] {dag.py:3047} INFO - Sync 3 DAGs
[2024-03-16T11:56:04.038+0500] {logging_mixin.py:188} INFO - [2024-03-16T11:56:04.038+0500] {dag.py:3834} INFO - Setting next_dagrun for example_branch_datetime_operator to 2024-03-15 00:00:00+00:00, run_after=2024-03-16 00:00:00+00:00
[2024-03-16T11:56:04.043+0500] {logging_mixin.py:188} INFO - [2024-03-16T11:56:04.042+0500] {dag.py:3834} INFO - Setting next_dagrun for example_branch_datetime_operator_2 to 2024-03-15 00:00:00+00:00, run_after=2024-03-16 00:00:00+00:00
[2024-03-16T11:56:04.045+0500] {logging_mixin.py:188} INFO - [2024-03-16T11:56:04.045+0500] {dag.py:3834} INFO - Setting next_dagrun for example_branch_datetime_operator_3 to 2024-03-15 00:00:00+00:00, run_after=2024-03-16 00:00:00+00:00
[2024-03-16T11:56:04.342+0500] {processor.py:183} INFO - Processing /home/muhammadsami/Public/Projects/Airflow/DataPipelineswithApacheAirflow/.env/lib/python3.8/site-packages/airflow/example_dags/example_branch_datetime_operator.py took 0.389 seconds
[2024-03-16T11:57:18.991+0500] {processor.py:161} INFO - Started process (PID=21999) to work on /home/muhammadsami/Public/Projects/Airflow/DataPipelineswithApacheAirflow/.env/lib/python3.8/site-packages/airflow/example_dags/example_branch_datetime_operator.py
[2024-03-16T11:57:18.993+0500] {processor.py:830} INFO - Processing file /home/muhammadsami/Public/Projects/Airflow/DataPipelineswithApacheAirflow/.env/lib/python3.8/site-packages/airflow/example_dags/example_branch_datetime_operator.py for tasks to queue
[2024-03-16T11:57:18.994+0500] {logging_mixin.py:188} INFO - [2024-03-16T11:57:18.994+0500] {dagbag.py:540} INFO - Filling up the DagBag from /home/muhammadsami/Public/Projects/Airflow/DataPipelineswithApacheAirflow/.env/lib/python3.8/site-packages/airflow/example_dags/example_branch_datetime_operator.py
[2024-03-16T11:57:19.004+0500] {processor.py:840} INFO - DAG(s) 'example_branch_datetime_operator_2', 'example_branch_datetime_operator_3', 'example_branch_datetime_operator' retrieved from /home/muhammadsami/Public/Projects/Airflow/DataPipelineswithApacheAirflow/.env/lib/python3.8/site-packages/airflow/example_dags/example_branch_datetime_operator.py
[2024-03-16T11:57:19.022+0500] {logging_mixin.py:188} INFO - [2024-03-16T11:57:19.022+0500] {dag.py:3047} INFO - Sync 3 DAGs
[2024-03-16T11:57:19.040+0500] {logging_mixin.py:188} INFO - [2024-03-16T11:57:19.040+0500] {dag.py:3834} INFO - Setting next_dagrun for example_branch_datetime_operator to 2024-03-15 00:00:00+00:00, run_after=2024-03-16 00:00:00+00:00
[2024-03-16T11:57:19.044+0500] {logging_mixin.py:188} INFO - [2024-03-16T11:57:19.044+0500] {dag.py:3834} INFO - Setting next_dagrun for example_branch_datetime_operator_2 to 2024-03-15 00:00:00+00:00, run_after=2024-03-16 00:00:00+00:00
[2024-03-16T11:57:19.046+0500] {logging_mixin.py:188} INFO - [2024-03-16T11:57:19.046+0500] {dag.py:3834} INFO - Setting next_dagrun for example_branch_datetime_operator_3 to 2024-03-15 00:00:00+00:00, run_after=2024-03-16 00:00:00+00:00
[2024-03-16T11:57:19.146+0500] {processor.py:183} INFO - Processing /home/muhammadsami/Public/Projects/Airflow/DataPipelineswithApacheAirflow/.env/lib/python3.8/site-packages/airflow/example_dags/example_branch_datetime_operator.py took 0.157 seconds
[2024-03-16T11:58:13.028+0500] {processor.py:161} INFO - Started process (PID=22075) to work on /home/muhammadsami/Public/Projects/Airflow/DataPipelineswithApacheAirflow/.env/lib/python3.8/site-packages/airflow/example_dags/example_branch_datetime_operator.py
[2024-03-16T11:58:13.054+0500] {processor.py:830} INFO - Processing file /home/muhammadsami/Public/Projects/Airflow/DataPipelineswithApacheAirflow/.env/lib/python3.8/site-packages/airflow/example_dags/example_branch_datetime_operator.py for tasks to queue
[2024-03-16T11:58:13.055+0500] {logging_mixin.py:188} INFO - [2024-03-16T11:58:13.055+0500] {dagbag.py:540} INFO - Filling up the DagBag from /home/muhammadsami/Public/Projects/Airflow/DataPipelineswithApacheAirflow/.env/lib/python3.8/site-packages/airflow/example_dags/example_branch_datetime_operator.py
[2024-03-16T11:58:13.064+0500] {processor.py:840} INFO - DAG(s) 'example_branch_datetime_operator_2', 'example_branch_datetime_operator_3', 'example_branch_datetime_operator' retrieved from /home/muhammadsami/Public/Projects/Airflow/DataPipelineswithApacheAirflow/.env/lib/python3.8/site-packages/airflow/example_dags/example_branch_datetime_operator.py
[2024-03-16T11:58:13.083+0500] {logging_mixin.py:188} INFO - [2024-03-16T11:58:13.083+0500] {dag.py:3047} INFO - Sync 3 DAGs
[2024-03-16T11:58:13.100+0500] {logging_mixin.py:188} INFO - [2024-03-16T11:58:13.100+0500] {dag.py:3834} INFO - Setting next_dagrun for example_branch_datetime_operator to 2024-03-15 00:00:00+00:00, run_after=2024-03-16 00:00:00+00:00
[2024-03-16T11:58:13.106+0500] {logging_mixin.py:188} INFO - [2024-03-16T11:58:13.106+0500] {dag.py:3834} INFO - Setting next_dagrun for example_branch_datetime_operator_2 to 2024-03-15 00:00:00+00:00, run_after=2024-03-16 00:00:00+00:00
[2024-03-16T11:58:13.108+0500] {logging_mixin.py:188} INFO - [2024-03-16T11:58:13.108+0500] {dag.py:3834} INFO - Setting next_dagrun for example_branch_datetime_operator_3 to 2024-03-15 00:00:00+00:00, run_after=2024-03-16 00:00:00+00:00
[2024-03-16T11:58:13.253+0500] {processor.py:183} INFO - Processing /home/muhammadsami/Public/Projects/Airflow/DataPipelineswithApacheAirflow/.env/lib/python3.8/site-packages/airflow/example_dags/example_branch_datetime_operator.py took 0.228 seconds
[2024-03-16T11:59:25.825+0500] {processor.py:161} INFO - Started process (PID=22209) to work on /home/muhammadsami/Public/Projects/Airflow/DataPipelineswithApacheAirflow/.env/lib/python3.8/site-packages/airflow/example_dags/example_branch_datetime_operator.py
[2024-03-16T11:59:25.844+0500] {processor.py:830} INFO - Processing file /home/muhammadsami/Public/Projects/Airflow/DataPipelineswithApacheAirflow/.env/lib/python3.8/site-packages/airflow/example_dags/example_branch_datetime_operator.py for tasks to queue
[2024-03-16T11:59:25.845+0500] {logging_mixin.py:188} INFO - [2024-03-16T11:59:25.845+0500] {dagbag.py:540} INFO - Filling up the DagBag from /home/muhammadsami/Public/Projects/Airflow/DataPipelineswithApacheAirflow/.env/lib/python3.8/site-packages/airflow/example_dags/example_branch_datetime_operator.py
[2024-03-16T11:59:25.853+0500] {processor.py:840} INFO - DAG(s) 'example_branch_datetime_operator', 'example_branch_datetime_operator_3', 'example_branch_datetime_operator_2' retrieved from /home/muhammadsami/Public/Projects/Airflow/DataPipelineswithApacheAirflow/.env/lib/python3.8/site-packages/airflow/example_dags/example_branch_datetime_operator.py
[2024-03-16T11:59:25.872+0500] {logging_mixin.py:188} INFO - [2024-03-16T11:59:25.872+0500] {dag.py:3047} INFO - Sync 3 DAGs
[2024-03-16T11:59:25.890+0500] {logging_mixin.py:188} INFO - [2024-03-16T11:59:25.890+0500] {dag.py:3834} INFO - Setting next_dagrun for example_branch_datetime_operator to 2024-03-15 00:00:00+00:00, run_after=2024-03-16 00:00:00+00:00
[2024-03-16T11:59:25.894+0500] {logging_mixin.py:188} INFO - [2024-03-16T11:59:25.894+0500] {dag.py:3834} INFO - Setting next_dagrun for example_branch_datetime_operator_2 to 2024-03-15 00:00:00+00:00, run_after=2024-03-16 00:00:00+00:00
[2024-03-16T11:59:25.896+0500] {logging_mixin.py:188} INFO - [2024-03-16T11:59:25.896+0500] {dag.py:3834} INFO - Setting next_dagrun for example_branch_datetime_operator_3 to 2024-03-15 00:00:00+00:00, run_after=2024-03-16 00:00:00+00:00
[2024-03-16T11:59:25.986+0500] {processor.py:183} INFO - Processing /home/muhammadsami/Public/Projects/Airflow/DataPipelineswithApacheAirflow/.env/lib/python3.8/site-packages/airflow/example_dags/example_branch_datetime_operator.py took 0.163 seconds
[2024-03-16T12:00:18.764+0500] {processor.py:161} INFO - Started process (PID=22324) to work on /home/muhammadsami/Public/Projects/Airflow/DataPipelineswithApacheAirflow/.env/lib/python3.8/site-packages/airflow/example_dags/example_branch_datetime_operator.py
[2024-03-16T12:00:18.765+0500] {processor.py:830} INFO - Processing file /home/muhammadsami/Public/Projects/Airflow/DataPipelineswithApacheAirflow/.env/lib/python3.8/site-packages/airflow/example_dags/example_branch_datetime_operator.py for tasks to queue
[2024-03-16T12:00:18.766+0500] {logging_mixin.py:188} INFO - [2024-03-16T12:00:18.766+0500] {dagbag.py:540} INFO - Filling up the DagBag from /home/muhammadsami/Public/Projects/Airflow/DataPipelineswithApacheAirflow/.env/lib/python3.8/site-packages/airflow/example_dags/example_branch_datetime_operator.py
[2024-03-16T12:00:18.778+0500] {processor.py:840} INFO - DAG(s) 'example_branch_datetime_operator_2', 'example_branch_datetime_operator', 'example_branch_datetime_operator_3' retrieved from /home/muhammadsami/Public/Projects/Airflow/DataPipelineswithApacheAirflow/.env/lib/python3.8/site-packages/airflow/example_dags/example_branch_datetime_operator.py
[2024-03-16T12:00:18.796+0500] {logging_mixin.py:188} INFO - [2024-03-16T12:00:18.796+0500] {dag.py:3047} INFO - Sync 3 DAGs
[2024-03-16T12:00:18.817+0500] {logging_mixin.py:188} INFO - [2024-03-16T12:00:18.817+0500] {dag.py:3834} INFO - Setting next_dagrun for example_branch_datetime_operator to 2024-03-15 00:00:00+00:00, run_after=2024-03-16 00:00:00+00:00
[2024-03-16T12:00:18.823+0500] {logging_mixin.py:188} INFO - [2024-03-16T12:00:18.823+0500] {dag.py:3834} INFO - Setting next_dagrun for example_branch_datetime_operator_2 to 2024-03-15 00:00:00+00:00, run_after=2024-03-16 00:00:00+00:00
[2024-03-16T12:00:18.825+0500] {logging_mixin.py:188} INFO - [2024-03-16T12:00:18.825+0500] {dag.py:3834} INFO - Setting next_dagrun for example_branch_datetime_operator_3 to 2024-03-15 00:00:00+00:00, run_after=2024-03-16 00:00:00+00:00
[2024-03-16T12:00:18.914+0500] {processor.py:183} INFO - Processing /home/muhammadsami/Public/Projects/Airflow/DataPipelineswithApacheAirflow/.env/lib/python3.8/site-packages/airflow/example_dags/example_branch_datetime_operator.py took 0.153 seconds
[2024-03-16T12:01:13.397+0500] {processor.py:161} INFO - Started process (PID=22374) to work on /home/muhammadsami/Public/Projects/Airflow/DataPipelineswithApacheAirflow/.env/lib/python3.8/site-packages/airflow/example_dags/example_branch_datetime_operator.py
[2024-03-16T12:01:13.415+0500] {processor.py:830} INFO - Processing file /home/muhammadsami/Public/Projects/Airflow/DataPipelineswithApacheAirflow/.env/lib/python3.8/site-packages/airflow/example_dags/example_branch_datetime_operator.py for tasks to queue
[2024-03-16T12:01:13.416+0500] {logging_mixin.py:188} INFO - [2024-03-16T12:01:13.415+0500] {dagbag.py:540} INFO - Filling up the DagBag from /home/muhammadsami/Public/Projects/Airflow/DataPipelineswithApacheAirflow/.env/lib/python3.8/site-packages/airflow/example_dags/example_branch_datetime_operator.py
[2024-03-16T12:01:13.429+0500] {processor.py:840} INFO - DAG(s) 'example_branch_datetime_operator_3', 'example_branch_datetime_operator', 'example_branch_datetime_operator_2' retrieved from /home/muhammadsami/Public/Projects/Airflow/DataPipelineswithApacheAirflow/.env/lib/python3.8/site-packages/airflow/example_dags/example_branch_datetime_operator.py
[2024-03-16T12:01:13.475+0500] {logging_mixin.py:188} INFO - [2024-03-16T12:01:13.475+0500] {dag.py:3047} INFO - Sync 3 DAGs
[2024-03-16T12:01:13.510+0500] {logging_mixin.py:188} INFO - [2024-03-16T12:01:13.509+0500] {dag.py:3834} INFO - Setting next_dagrun for example_branch_datetime_operator to 2024-03-15 00:00:00+00:00, run_after=2024-03-16 00:00:00+00:00
[2024-03-16T12:01:13.514+0500] {logging_mixin.py:188} INFO - [2024-03-16T12:01:13.514+0500] {dag.py:3834} INFO - Setting next_dagrun for example_branch_datetime_operator_2 to 2024-03-15 00:00:00+00:00, run_after=2024-03-16 00:00:00+00:00
[2024-03-16T12:01:13.517+0500] {logging_mixin.py:188} INFO - [2024-03-16T12:01:13.516+0500] {dag.py:3834} INFO - Setting next_dagrun for example_branch_datetime_operator_3 to 2024-03-15 00:00:00+00:00, run_after=2024-03-16 00:00:00+00:00
[2024-03-16T12:01:13.616+0500] {processor.py:183} INFO - Processing /home/muhammadsami/Public/Projects/Airflow/DataPipelineswithApacheAirflow/.env/lib/python3.8/site-packages/airflow/example_dags/example_branch_datetime_operator.py took 0.221 seconds
