[2024-03-16T11:21:43.220+0500] {processor.py:161} INFO - Started process (PID=17810) to work on /home/muhammadsami/Public/Projects/Airflow/DataPipelineswithApacheAirflow/.env/lib/python3.8/site-packages/airflow/example_dags/example_xcomargs.py
[2024-03-16T11:21:43.221+0500] {processor.py:830} INFO - Processing file /home/muhammadsami/Public/Projects/Airflow/DataPipelineswithApacheAirflow/.env/lib/python3.8/site-packages/airflow/example_dags/example_xcomargs.py for tasks to queue
[2024-03-16T11:21:43.222+0500] {logging_mixin.py:188} INFO - [2024-03-16T11:21:43.222+0500] {dagbag.py:540} INFO - Filling up the DagBag from /home/muhammadsami/Public/Projects/Airflow/DataPipelineswithApacheAirflow/.env/lib/python3.8/site-packages/airflow/example_dags/example_xcomargs.py
[2024-03-16T11:21:43.235+0500] {processor.py:840} INFO - DAG(s) 'example_xcom_args_with_operators', 'example_xcom_args' retrieved from /home/muhammadsami/Public/Projects/Airflow/DataPipelineswithApacheAirflow/.env/lib/python3.8/site-packages/airflow/example_dags/example_xcomargs.py
[2024-03-16T11:21:43.578+0500] {logging_mixin.py:188} INFO - [2024-03-16T11:21:43.577+0500] {override.py:1769} INFO - Created Permission View: can edit on DAG:example_xcom_args_with_operators
[2024-03-16T11:21:43.709+0500] {logging_mixin.py:188} INFO - [2024-03-16T11:21:43.709+0500] {override.py:1769} INFO - Created Permission View: can delete on DAG:example_xcom_args_with_operators
[2024-03-16T11:21:43.817+0500] {logging_mixin.py:188} INFO - [2024-03-16T11:21:43.816+0500] {override.py:1769} INFO - Created Permission View: can read on DAG:example_xcom_args_with_operators
[2024-03-16T11:21:44.039+0500] {logging_mixin.py:188} INFO - [2024-03-16T11:21:44.039+0500] {override.py:1769} INFO - Created Permission View: can edit on DAG:example_xcom_args
[2024-03-16T11:21:44.138+0500] {logging_mixin.py:188} INFO - [2024-03-16T11:21:44.138+0500] {override.py:1769} INFO - Created Permission View: can delete on DAG:example_xcom_args
[2024-03-16T11:21:44.237+0500] {logging_mixin.py:188} INFO - [2024-03-16T11:21:44.237+0500] {override.py:1769} INFO - Created Permission View: can read on DAG:example_xcom_args
[2024-03-16T11:21:44.238+0500] {logging_mixin.py:188} INFO - [2024-03-16T11:21:44.238+0500] {dag.py:3047} INFO - Sync 2 DAGs
[2024-03-16T11:21:44.247+0500] {logging_mixin.py:188} INFO - [2024-03-16T11:21:44.247+0500] {dag.py:3069} INFO - Creating ORM DAG for example_xcom_args_with_operators
[2024-03-16T11:21:44.247+0500] {logging_mixin.py:188} INFO - [2024-03-16T11:21:44.247+0500] {dag.py:3069} INFO - Creating ORM DAG for example_xcom_args
[2024-03-16T11:21:44.248+0500] {logging_mixin.py:188} INFO - [2024-03-16T11:21:44.248+0500] {dag.py:3834} INFO - Setting next_dagrun for example_xcom_args to None, run_after=None
[2024-03-16T11:21:44.249+0500] {logging_mixin.py:188} INFO - [2024-03-16T11:21:44.249+0500] {dag.py:3834} INFO - Setting next_dagrun for example_xcom_args_with_operators to None, run_after=None
[2024-03-16T11:21:44.388+0500] {processor.py:183} INFO - Processing /home/muhammadsami/Public/Projects/Airflow/DataPipelineswithApacheAirflow/.env/lib/python3.8/site-packages/airflow/example_dags/example_xcomargs.py took 1.171 seconds
[2024-03-16T11:23:40.541+0500] {processor.py:161} INFO - Started process (PID=18434) to work on /home/muhammadsami/Public/Projects/Airflow/DataPipelineswithApacheAirflow/.env/lib/python3.8/site-packages/airflow/example_dags/example_xcomargs.py
[2024-03-16T11:23:40.546+0500] {processor.py:830} INFO - Processing file /home/muhammadsami/Public/Projects/Airflow/DataPipelineswithApacheAirflow/.env/lib/python3.8/site-packages/airflow/example_dags/example_xcomargs.py for tasks to queue
[2024-03-16T11:23:40.547+0500] {logging_mixin.py:188} INFO - [2024-03-16T11:23:40.547+0500] {dagbag.py:540} INFO - Filling up the DagBag from /home/muhammadsami/Public/Projects/Airflow/DataPipelineswithApacheAirflow/.env/lib/python3.8/site-packages/airflow/example_dags/example_xcomargs.py
[2024-03-16T11:23:40.554+0500] {processor.py:840} INFO - DAG(s) 'example_xcom_args', 'example_xcom_args_with_operators' retrieved from /home/muhammadsami/Public/Projects/Airflow/DataPipelineswithApacheAirflow/.env/lib/python3.8/site-packages/airflow/example_dags/example_xcomargs.py
[2024-03-16T11:23:40.569+0500] {logging_mixin.py:188} INFO - [2024-03-16T11:23:40.569+0500] {dag.py:3047} INFO - Sync 2 DAGs
[2024-03-16T11:23:40.579+0500] {logging_mixin.py:188} INFO - [2024-03-16T11:23:40.578+0500] {dag.py:3834} INFO - Setting next_dagrun for example_xcom_args to None, run_after=None
[2024-03-16T11:23:40.582+0500] {logging_mixin.py:188} INFO - [2024-03-16T11:23:40.581+0500] {dag.py:3834} INFO - Setting next_dagrun for example_xcom_args_with_operators to None, run_after=None
[2024-03-16T11:23:40.678+0500] {processor.py:183} INFO - Processing /home/muhammadsami/Public/Projects/Airflow/DataPipelineswithApacheAirflow/.env/lib/python3.8/site-packages/airflow/example_dags/example_xcomargs.py took 0.140 seconds
[2024-03-16T11:24:20.309+0500] {processor.py:161} INFO - Started process (PID=18472) to work on /home/muhammadsami/Public/Projects/Airflow/DataPipelineswithApacheAirflow/.env/lib/python3.8/site-packages/airflow/example_dags/example_xcomargs.py
[2024-03-16T11:24:20.311+0500] {processor.py:830} INFO - Processing file /home/muhammadsami/Public/Projects/Airflow/DataPipelineswithApacheAirflow/.env/lib/python3.8/site-packages/airflow/example_dags/example_xcomargs.py for tasks to queue
[2024-03-16T11:24:20.312+0500] {logging_mixin.py:188} INFO - [2024-03-16T11:24:20.311+0500] {dagbag.py:540} INFO - Filling up the DagBag from /home/muhammadsami/Public/Projects/Airflow/DataPipelineswithApacheAirflow/.env/lib/python3.8/site-packages/airflow/example_dags/example_xcomargs.py
[2024-03-16T11:24:20.321+0500] {processor.py:840} INFO - DAG(s) 'example_xcom_args', 'example_xcom_args_with_operators' retrieved from /home/muhammadsami/Public/Projects/Airflow/DataPipelineswithApacheAirflow/.env/lib/python3.8/site-packages/airflow/example_dags/example_xcomargs.py
[2024-03-16T11:24:20.341+0500] {logging_mixin.py:188} INFO - [2024-03-16T11:24:20.341+0500] {dag.py:3047} INFO - Sync 2 DAGs
[2024-03-16T11:24:20.453+0500] {logging_mixin.py:188} INFO - [2024-03-16T11:24:20.453+0500] {dag.py:3834} INFO - Setting next_dagrun for example_xcom_args to None, run_after=None
[2024-03-16T11:24:20.456+0500] {logging_mixin.py:188} INFO - [2024-03-16T11:24:20.456+0500] {dag.py:3834} INFO - Setting next_dagrun for example_xcom_args_with_operators to None, run_after=None
[2024-03-16T11:24:20.559+0500] {processor.py:183} INFO - Processing /home/muhammadsami/Public/Projects/Airflow/DataPipelineswithApacheAirflow/.env/lib/python3.8/site-packages/airflow/example_dags/example_xcomargs.py took 0.253 seconds
[2024-03-16T11:25:14.161+0500] {processor.py:161} INFO - Started process (PID=18609) to work on /home/muhammadsami/Public/Projects/Airflow/DataPipelineswithApacheAirflow/.env/lib/python3.8/site-packages/airflow/example_dags/example_xcomargs.py
[2024-03-16T11:25:14.176+0500] {processor.py:830} INFO - Processing file /home/muhammadsami/Public/Projects/Airflow/DataPipelineswithApacheAirflow/.env/lib/python3.8/site-packages/airflow/example_dags/example_xcomargs.py for tasks to queue
[2024-03-16T11:25:14.177+0500] {logging_mixin.py:188} INFO - [2024-03-16T11:25:14.177+0500] {dagbag.py:540} INFO - Filling up the DagBag from /home/muhammadsami/Public/Projects/Airflow/DataPipelineswithApacheAirflow/.env/lib/python3.8/site-packages/airflow/example_dags/example_xcomargs.py
[2024-03-16T11:25:14.184+0500] {processor.py:840} INFO - DAG(s) 'example_xcom_args_with_operators', 'example_xcom_args' retrieved from /home/muhammadsami/Public/Projects/Airflow/DataPipelineswithApacheAirflow/.env/lib/python3.8/site-packages/airflow/example_dags/example_xcomargs.py
[2024-03-16T11:25:14.201+0500] {logging_mixin.py:188} INFO - [2024-03-16T11:25:14.201+0500] {dag.py:3047} INFO - Sync 2 DAGs
[2024-03-16T11:25:14.211+0500] {logging_mixin.py:188} INFO - [2024-03-16T11:25:14.211+0500] {dag.py:3834} INFO - Setting next_dagrun for example_xcom_args to None, run_after=None
[2024-03-16T11:25:14.214+0500] {logging_mixin.py:188} INFO - [2024-03-16T11:25:14.213+0500] {dag.py:3834} INFO - Setting next_dagrun for example_xcom_args_with_operators to None, run_after=None
[2024-03-16T11:25:14.336+0500] {processor.py:183} INFO - Processing /home/muhammadsami/Public/Projects/Airflow/DataPipelineswithApacheAirflow/.env/lib/python3.8/site-packages/airflow/example_dags/example_xcomargs.py took 0.178 seconds
[2024-03-16T11:26:03.679+0500] {processor.py:161} INFO - Started process (PID=18665) to work on /home/muhammadsami/Public/Projects/Airflow/DataPipelineswithApacheAirflow/.env/lib/python3.8/site-packages/airflow/example_dags/example_xcomargs.py
[2024-03-16T11:26:03.681+0500] {processor.py:830} INFO - Processing file /home/muhammadsami/Public/Projects/Airflow/DataPipelineswithApacheAirflow/.env/lib/python3.8/site-packages/airflow/example_dags/example_xcomargs.py for tasks to queue
[2024-03-16T11:26:03.682+0500] {logging_mixin.py:188} INFO - [2024-03-16T11:26:03.681+0500] {dagbag.py:540} INFO - Filling up the DagBag from /home/muhammadsami/Public/Projects/Airflow/DataPipelineswithApacheAirflow/.env/lib/python3.8/site-packages/airflow/example_dags/example_xcomargs.py
[2024-03-16T11:26:03.693+0500] {processor.py:840} INFO - DAG(s) 'example_xcom_args_with_operators', 'example_xcom_args' retrieved from /home/muhammadsami/Public/Projects/Airflow/DataPipelineswithApacheAirflow/.env/lib/python3.8/site-packages/airflow/example_dags/example_xcomargs.py
[2024-03-16T11:26:03.717+0500] {logging_mixin.py:188} INFO - [2024-03-16T11:26:03.717+0500] {dag.py:3047} INFO - Sync 2 DAGs
[2024-03-16T11:26:03.732+0500] {logging_mixin.py:188} INFO - [2024-03-16T11:26:03.731+0500] {dag.py:3834} INFO - Setting next_dagrun for example_xcom_args to None, run_after=None
[2024-03-16T11:26:03.735+0500] {logging_mixin.py:188} INFO - [2024-03-16T11:26:03.735+0500] {dag.py:3834} INFO - Setting next_dagrun for example_xcom_args_with_operators to None, run_after=None
[2024-03-16T11:26:03.874+0500] {processor.py:183} INFO - Processing /home/muhammadsami/Public/Projects/Airflow/DataPipelineswithApacheAirflow/.env/lib/python3.8/site-packages/airflow/example_dags/example_xcomargs.py took 0.199 seconds
[2024-03-16T11:26:55.348+0500] {processor.py:161} INFO - Started process (PID=18748) to work on /home/muhammadsami/Public/Projects/Airflow/DataPipelineswithApacheAirflow/.env/lib/python3.8/site-packages/airflow/example_dags/example_xcomargs.py
[2024-03-16T11:26:55.350+0500] {processor.py:830} INFO - Processing file /home/muhammadsami/Public/Projects/Airflow/DataPipelineswithApacheAirflow/.env/lib/python3.8/site-packages/airflow/example_dags/example_xcomargs.py for tasks to queue
[2024-03-16T11:26:55.351+0500] {logging_mixin.py:188} INFO - [2024-03-16T11:26:55.350+0500] {dagbag.py:540} INFO - Filling up the DagBag from /home/muhammadsami/Public/Projects/Airflow/DataPipelineswithApacheAirflow/.env/lib/python3.8/site-packages/airflow/example_dags/example_xcomargs.py
[2024-03-16T11:26:55.359+0500] {processor.py:840} INFO - DAG(s) 'example_xcom_args', 'example_xcom_args_with_operators' retrieved from /home/muhammadsami/Public/Projects/Airflow/DataPipelineswithApacheAirflow/.env/lib/python3.8/site-packages/airflow/example_dags/example_xcomargs.py
[2024-03-16T11:26:55.375+0500] {logging_mixin.py:188} INFO - [2024-03-16T11:26:55.375+0500] {dag.py:3047} INFO - Sync 2 DAGs
[2024-03-16T11:26:55.385+0500] {logging_mixin.py:188} INFO - [2024-03-16T11:26:55.385+0500] {dag.py:3834} INFO - Setting next_dagrun for example_xcom_args to None, run_after=None
[2024-03-16T11:26:55.388+0500] {logging_mixin.py:188} INFO - [2024-03-16T11:26:55.388+0500] {dag.py:3834} INFO - Setting next_dagrun for example_xcom_args_with_operators to None, run_after=None
[2024-03-16T11:26:55.468+0500] {processor.py:183} INFO - Processing /home/muhammadsami/Public/Projects/Airflow/DataPipelineswithApacheAirflow/.env/lib/python3.8/site-packages/airflow/example_dags/example_xcomargs.py took 0.122 seconds
[2024-03-16T11:27:43.138+0500] {processor.py:161} INFO - Started process (PID=18797) to work on /home/muhammadsami/Public/Projects/Airflow/DataPipelineswithApacheAirflow/.env/lib/python3.8/site-packages/airflow/example_dags/example_xcomargs.py
[2024-03-16T11:27:43.154+0500] {processor.py:830} INFO - Processing file /home/muhammadsami/Public/Projects/Airflow/DataPipelineswithApacheAirflow/.env/lib/python3.8/site-packages/airflow/example_dags/example_xcomargs.py for tasks to queue
[2024-03-16T11:27:43.155+0500] {logging_mixin.py:188} INFO - [2024-03-16T11:27:43.155+0500] {dagbag.py:540} INFO - Filling up the DagBag from /home/muhammadsami/Public/Projects/Airflow/DataPipelineswithApacheAirflow/.env/lib/python3.8/site-packages/airflow/example_dags/example_xcomargs.py
[2024-03-16T11:27:43.162+0500] {processor.py:840} INFO - DAG(s) 'example_xcom_args_with_operators', 'example_xcom_args' retrieved from /home/muhammadsami/Public/Projects/Airflow/DataPipelineswithApacheAirflow/.env/lib/python3.8/site-packages/airflow/example_dags/example_xcomargs.py
[2024-03-16T11:27:43.177+0500] {logging_mixin.py:188} INFO - [2024-03-16T11:27:43.177+0500] {dag.py:3047} INFO - Sync 2 DAGs
[2024-03-16T11:27:43.187+0500] {logging_mixin.py:188} INFO - [2024-03-16T11:27:43.187+0500] {dag.py:3834} INFO - Setting next_dagrun for example_xcom_args to None, run_after=None
[2024-03-16T11:27:43.190+0500] {logging_mixin.py:188} INFO - [2024-03-16T11:27:43.190+0500] {dag.py:3834} INFO - Setting next_dagrun for example_xcom_args_with_operators to None, run_after=None
[2024-03-16T11:27:43.283+0500] {processor.py:183} INFO - Processing /home/muhammadsami/Public/Projects/Airflow/DataPipelineswithApacheAirflow/.env/lib/python3.8/site-packages/airflow/example_dags/example_xcomargs.py took 0.148 seconds
[2024-03-16T11:28:29.677+0500] {processor.py:161} INFO - Started process (PID=18841) to work on /home/muhammadsami/Public/Projects/Airflow/DataPipelineswithApacheAirflow/.env/lib/python3.8/site-packages/airflow/example_dags/example_xcomargs.py
[2024-03-16T11:28:29.678+0500] {processor.py:830} INFO - Processing file /home/muhammadsami/Public/Projects/Airflow/DataPipelineswithApacheAirflow/.env/lib/python3.8/site-packages/airflow/example_dags/example_xcomargs.py for tasks to queue
[2024-03-16T11:28:29.679+0500] {logging_mixin.py:188} INFO - [2024-03-16T11:28:29.679+0500] {dagbag.py:540} INFO - Filling up the DagBag from /home/muhammadsami/Public/Projects/Airflow/DataPipelineswithApacheAirflow/.env/lib/python3.8/site-packages/airflow/example_dags/example_xcomargs.py
[2024-03-16T11:28:29.687+0500] {processor.py:840} INFO - DAG(s) 'example_xcom_args', 'example_xcom_args_with_operators' retrieved from /home/muhammadsami/Public/Projects/Airflow/DataPipelineswithApacheAirflow/.env/lib/python3.8/site-packages/airflow/example_dags/example_xcomargs.py
[2024-03-16T11:28:29.703+0500] {logging_mixin.py:188} INFO - [2024-03-16T11:28:29.702+0500] {dag.py:3047} INFO - Sync 2 DAGs
[2024-03-16T11:28:29.713+0500] {logging_mixin.py:188} INFO - [2024-03-16T11:28:29.712+0500] {dag.py:3834} INFO - Setting next_dagrun for example_xcom_args to None, run_after=None
[2024-03-16T11:28:29.716+0500] {logging_mixin.py:188} INFO - [2024-03-16T11:28:29.715+0500] {dag.py:3834} INFO - Setting next_dagrun for example_xcom_args_with_operators to None, run_after=None
[2024-03-16T11:28:29.810+0500] {processor.py:183} INFO - Processing /home/muhammadsami/Public/Projects/Airflow/DataPipelineswithApacheAirflow/.env/lib/python3.8/site-packages/airflow/example_dags/example_xcomargs.py took 0.137 seconds
[2024-03-16T11:29:18.947+0500] {processor.py:161} INFO - Started process (PID=18910) to work on /home/muhammadsami/Public/Projects/Airflow/DataPipelineswithApacheAirflow/.env/lib/python3.8/site-packages/airflow/example_dags/example_xcomargs.py
[2024-03-16T11:29:18.965+0500] {processor.py:830} INFO - Processing file /home/muhammadsami/Public/Projects/Airflow/DataPipelineswithApacheAirflow/.env/lib/python3.8/site-packages/airflow/example_dags/example_xcomargs.py for tasks to queue
[2024-03-16T11:29:18.966+0500] {logging_mixin.py:188} INFO - [2024-03-16T11:29:18.966+0500] {dagbag.py:540} INFO - Filling up the DagBag from /home/muhammadsami/Public/Projects/Airflow/DataPipelineswithApacheAirflow/.env/lib/python3.8/site-packages/airflow/example_dags/example_xcomargs.py
[2024-03-16T11:29:18.973+0500] {processor.py:840} INFO - DAG(s) 'example_xcom_args', 'example_xcom_args_with_operators' retrieved from /home/muhammadsami/Public/Projects/Airflow/DataPipelineswithApacheAirflow/.env/lib/python3.8/site-packages/airflow/example_dags/example_xcomargs.py
[2024-03-16T11:29:18.989+0500] {logging_mixin.py:188} INFO - [2024-03-16T11:29:18.989+0500] {dag.py:3047} INFO - Sync 2 DAGs
[2024-03-16T11:29:18.998+0500] {logging_mixin.py:188} INFO - [2024-03-16T11:29:18.998+0500] {dag.py:3834} INFO - Setting next_dagrun for example_xcom_args to None, run_after=None
[2024-03-16T11:29:19.001+0500] {logging_mixin.py:188} INFO - [2024-03-16T11:29:19.001+0500] {dag.py:3834} INFO - Setting next_dagrun for example_xcom_args_with_operators to None, run_after=None
[2024-03-16T11:29:19.086+0500] {processor.py:183} INFO - Processing /home/muhammadsami/Public/Projects/Airflow/DataPipelineswithApacheAirflow/.env/lib/python3.8/site-packages/airflow/example_dags/example_xcomargs.py took 0.142 seconds
[2024-03-16T11:30:11.457+0500] {processor.py:161} INFO - Started process (PID=18967) to work on /home/muhammadsami/Public/Projects/Airflow/DataPipelineswithApacheAirflow/.env/lib/python3.8/site-packages/airflow/example_dags/example_xcomargs.py
[2024-03-16T11:30:11.461+0500] {processor.py:830} INFO - Processing file /home/muhammadsami/Public/Projects/Airflow/DataPipelineswithApacheAirflow/.env/lib/python3.8/site-packages/airflow/example_dags/example_xcomargs.py for tasks to queue
[2024-03-16T11:30:11.462+0500] {logging_mixin.py:188} INFO - [2024-03-16T11:30:11.462+0500] {dagbag.py:540} INFO - Filling up the DagBag from /home/muhammadsami/Public/Projects/Airflow/DataPipelineswithApacheAirflow/.env/lib/python3.8/site-packages/airflow/example_dags/example_xcomargs.py
[2024-03-16T11:30:11.471+0500] {processor.py:840} INFO - DAG(s) 'example_xcom_args', 'example_xcom_args_with_operators' retrieved from /home/muhammadsami/Public/Projects/Airflow/DataPipelineswithApacheAirflow/.env/lib/python3.8/site-packages/airflow/example_dags/example_xcomargs.py
[2024-03-16T11:30:11.487+0500] {logging_mixin.py:188} INFO - [2024-03-16T11:30:11.486+0500] {dag.py:3047} INFO - Sync 2 DAGs
[2024-03-16T11:30:11.496+0500] {logging_mixin.py:188} INFO - [2024-03-16T11:30:11.496+0500] {dag.py:3834} INFO - Setting next_dagrun for example_xcom_args to None, run_after=None
[2024-03-16T11:30:11.499+0500] {logging_mixin.py:188} INFO - [2024-03-16T11:30:11.499+0500] {dag.py:3834} INFO - Setting next_dagrun for example_xcom_args_with_operators to None, run_after=None
[2024-03-16T11:30:11.587+0500] {processor.py:183} INFO - Processing /home/muhammadsami/Public/Projects/Airflow/DataPipelineswithApacheAirflow/.env/lib/python3.8/site-packages/airflow/example_dags/example_xcomargs.py took 0.133 seconds
[2024-03-16T11:38:24.216+0500] {processor.py:161} INFO - Started process (PID=19297) to work on /home/muhammadsami/Public/Projects/Airflow/DataPipelineswithApacheAirflow/.env/lib/python3.8/site-packages/airflow/example_dags/example_xcomargs.py
[2024-03-16T11:38:24.228+0500] {processor.py:830} INFO - Processing file /home/muhammadsami/Public/Projects/Airflow/DataPipelineswithApacheAirflow/.env/lib/python3.8/site-packages/airflow/example_dags/example_xcomargs.py for tasks to queue
[2024-03-16T11:38:24.229+0500] {logging_mixin.py:188} INFO - [2024-03-16T11:38:24.229+0500] {dagbag.py:540} INFO - Filling up the DagBag from /home/muhammadsami/Public/Projects/Airflow/DataPipelineswithApacheAirflow/.env/lib/python3.8/site-packages/airflow/example_dags/example_xcomargs.py
[2024-03-16T11:38:24.238+0500] {processor.py:840} INFO - DAG(s) 'example_xcom_args_with_operators', 'example_xcom_args' retrieved from /home/muhammadsami/Public/Projects/Airflow/DataPipelineswithApacheAirflow/.env/lib/python3.8/site-packages/airflow/example_dags/example_xcomargs.py
[2024-03-16T11:38:24.260+0500] {logging_mixin.py:188} INFO - [2024-03-16T11:38:24.259+0500] {dag.py:3047} INFO - Sync 2 DAGs
[2024-03-16T11:38:24.269+0500] {logging_mixin.py:188} INFO - [2024-03-16T11:38:24.269+0500] {dag.py:3834} INFO - Setting next_dagrun for example_xcom_args to None, run_after=None
[2024-03-16T11:38:24.272+0500] {logging_mixin.py:188} INFO - [2024-03-16T11:38:24.271+0500] {dag.py:3834} INFO - Setting next_dagrun for example_xcom_args_with_operators to None, run_after=None
[2024-03-16T11:38:24.362+0500] {processor.py:183} INFO - Processing /home/muhammadsami/Public/Projects/Airflow/DataPipelineswithApacheAirflow/.env/lib/python3.8/site-packages/airflow/example_dags/example_xcomargs.py took 0.148 seconds
[2024-03-16T11:39:30.477+0500] {processor.py:161} INFO - Started process (PID=19691) to work on /home/muhammadsami/Public/Projects/Airflow/DataPipelineswithApacheAirflow/.env/lib/python3.8/site-packages/airflow/example_dags/example_xcomargs.py
[2024-03-16T11:39:30.500+0500] {processor.py:830} INFO - Processing file /home/muhammadsami/Public/Projects/Airflow/DataPipelineswithApacheAirflow/.env/lib/python3.8/site-packages/airflow/example_dags/example_xcomargs.py for tasks to queue
[2024-03-16T11:39:30.501+0500] {logging_mixin.py:188} INFO - [2024-03-16T11:39:30.500+0500] {dagbag.py:540} INFO - Filling up the DagBag from /home/muhammadsami/Public/Projects/Airflow/DataPipelineswithApacheAirflow/.env/lib/python3.8/site-packages/airflow/example_dags/example_xcomargs.py
[2024-03-16T11:39:30.507+0500] {processor.py:840} INFO - DAG(s) 'example_xcom_args_with_operators', 'example_xcom_args' retrieved from /home/muhammadsami/Public/Projects/Airflow/DataPipelineswithApacheAirflow/.env/lib/python3.8/site-packages/airflow/example_dags/example_xcomargs.py
[2024-03-16T11:39:30.524+0500] {logging_mixin.py:188} INFO - [2024-03-16T11:39:30.524+0500] {dag.py:3047} INFO - Sync 2 DAGs
[2024-03-16T11:39:30.534+0500] {logging_mixin.py:188} INFO - [2024-03-16T11:39:30.534+0500] {dag.py:3834} INFO - Setting next_dagrun for example_xcom_args to None, run_after=None
[2024-03-16T11:39:30.537+0500] {logging_mixin.py:188} INFO - [2024-03-16T11:39:30.537+0500] {dag.py:3834} INFO - Setting next_dagrun for example_xcom_args_with_operators to None, run_after=None
[2024-03-16T11:39:30.628+0500] {processor.py:183} INFO - Processing /home/muhammadsami/Public/Projects/Airflow/DataPipelineswithApacheAirflow/.env/lib/python3.8/site-packages/airflow/example_dags/example_xcomargs.py took 0.154 seconds
[2024-03-16T11:40:05.360+0500] {processor.py:161} INFO - Started process (PID=19934) to work on /home/muhammadsami/Public/Projects/Airflow/DataPipelineswithApacheAirflow/.env/lib/python3.8/site-packages/airflow/example_dags/example_xcomargs.py
[2024-03-16T11:40:05.361+0500] {processor.py:830} INFO - Processing file /home/muhammadsami/Public/Projects/Airflow/DataPipelineswithApacheAirflow/.env/lib/python3.8/site-packages/airflow/example_dags/example_xcomargs.py for tasks to queue
[2024-03-16T11:40:05.362+0500] {logging_mixin.py:188} INFO - [2024-03-16T11:40:05.362+0500] {dagbag.py:540} INFO - Filling up the DagBag from /home/muhammadsami/Public/Projects/Airflow/DataPipelineswithApacheAirflow/.env/lib/python3.8/site-packages/airflow/example_dags/example_xcomargs.py
[2024-03-16T11:40:05.370+0500] {processor.py:840} INFO - DAG(s) 'example_xcom_args', 'example_xcom_args_with_operators' retrieved from /home/muhammadsami/Public/Projects/Airflow/DataPipelineswithApacheAirflow/.env/lib/python3.8/site-packages/airflow/example_dags/example_xcomargs.py
[2024-03-16T11:40:05.392+0500] {logging_mixin.py:188} INFO - [2024-03-16T11:40:05.392+0500] {dag.py:3047} INFO - Sync 2 DAGs
[2024-03-16T11:40:05.406+0500] {logging_mixin.py:188} INFO - [2024-03-16T11:40:05.405+0500] {dag.py:3834} INFO - Setting next_dagrun for example_xcom_args to None, run_after=None
[2024-03-16T11:40:05.410+0500] {logging_mixin.py:188} INFO - [2024-03-16T11:40:05.410+0500] {dag.py:3834} INFO - Setting next_dagrun for example_xcom_args_with_operators to None, run_after=None
[2024-03-16T11:40:05.511+0500] {processor.py:183} INFO - Processing /home/muhammadsami/Public/Projects/Airflow/DataPipelineswithApacheAirflow/.env/lib/python3.8/site-packages/airflow/example_dags/example_xcomargs.py took 0.154 seconds
[2024-03-16T11:40:38.323+0500] {processor.py:161} INFO - Started process (PID=19966) to work on /home/muhammadsami/Public/Projects/Airflow/DataPipelineswithApacheAirflow/.env/lib/python3.8/site-packages/airflow/example_dags/example_xcomargs.py
[2024-03-16T11:40:38.325+0500] {processor.py:830} INFO - Processing file /home/muhammadsami/Public/Projects/Airflow/DataPipelineswithApacheAirflow/.env/lib/python3.8/site-packages/airflow/example_dags/example_xcomargs.py for tasks to queue
[2024-03-16T11:40:38.326+0500] {logging_mixin.py:188} INFO - [2024-03-16T11:40:38.326+0500] {dagbag.py:540} INFO - Filling up the DagBag from /home/muhammadsami/Public/Projects/Airflow/DataPipelineswithApacheAirflow/.env/lib/python3.8/site-packages/airflow/example_dags/example_xcomargs.py
[2024-03-16T11:40:38.336+0500] {processor.py:840} INFO - DAG(s) 'example_xcom_args', 'example_xcom_args_with_operators' retrieved from /home/muhammadsami/Public/Projects/Airflow/DataPipelineswithApacheAirflow/.env/lib/python3.8/site-packages/airflow/example_dags/example_xcomargs.py
[2024-03-16T11:40:38.437+0500] {logging_mixin.py:188} INFO - [2024-03-16T11:40:38.437+0500] {dag.py:3047} INFO - Sync 2 DAGs
[2024-03-16T11:40:38.445+0500] {logging_mixin.py:188} INFO - [2024-03-16T11:40:38.445+0500] {dag.py:3834} INFO - Setting next_dagrun for example_xcom_args to None, run_after=None
[2024-03-16T11:40:38.448+0500] {logging_mixin.py:188} INFO - [2024-03-16T11:40:38.448+0500] {dag.py:3834} INFO - Setting next_dagrun for example_xcom_args_with_operators to None, run_after=None
[2024-03-16T11:40:38.539+0500] {processor.py:183} INFO - Processing /home/muhammadsami/Public/Projects/Airflow/DataPipelineswithApacheAirflow/.env/lib/python3.8/site-packages/airflow/example_dags/example_xcomargs.py took 0.221 seconds
[2024-03-16T11:41:16.659+0500] {processor.py:161} INFO - Started process (PID=20178) to work on /home/muhammadsami/Public/Projects/Airflow/DataPipelineswithApacheAirflow/.env/lib/python3.8/site-packages/airflow/example_dags/example_xcomargs.py
[2024-03-16T11:41:16.660+0500] {processor.py:830} INFO - Processing file /home/muhammadsami/Public/Projects/Airflow/DataPipelineswithApacheAirflow/.env/lib/python3.8/site-packages/airflow/example_dags/example_xcomargs.py for tasks to queue
[2024-03-16T11:41:16.661+0500] {logging_mixin.py:188} INFO - [2024-03-16T11:41:16.661+0500] {dagbag.py:540} INFO - Filling up the DagBag from /home/muhammadsami/Public/Projects/Airflow/DataPipelineswithApacheAirflow/.env/lib/python3.8/site-packages/airflow/example_dags/example_xcomargs.py
[2024-03-16T11:41:16.680+0500] {processor.py:840} INFO - DAG(s) 'example_xcom_args', 'example_xcom_args_with_operators' retrieved from /home/muhammadsami/Public/Projects/Airflow/DataPipelineswithApacheAirflow/.env/lib/python3.8/site-packages/airflow/example_dags/example_xcomargs.py
[2024-03-16T11:41:16.713+0500] {logging_mixin.py:188} INFO - [2024-03-16T11:41:16.712+0500] {dag.py:3047} INFO - Sync 2 DAGs
[2024-03-16T11:41:16.742+0500] {logging_mixin.py:188} INFO - [2024-03-16T11:41:16.742+0500] {dag.py:3834} INFO - Setting next_dagrun for example_xcom_args to None, run_after=None
[2024-03-16T11:41:16.756+0500] {logging_mixin.py:188} INFO - [2024-03-16T11:41:16.756+0500] {dag.py:3834} INFO - Setting next_dagrun for example_xcom_args_with_operators to None, run_after=None
[2024-03-16T11:41:16.877+0500] {processor.py:183} INFO - Processing /home/muhammadsami/Public/Projects/Airflow/DataPipelineswithApacheAirflow/.env/lib/python3.8/site-packages/airflow/example_dags/example_xcomargs.py took 0.221 seconds
[2024-03-16T11:41:55.787+0500] {processor.py:161} INFO - Started process (PID=20220) to work on /home/muhammadsami/Public/Projects/Airflow/DataPipelineswithApacheAirflow/.env/lib/python3.8/site-packages/airflow/example_dags/example_xcomargs.py
[2024-03-16T11:41:55.788+0500] {processor.py:830} INFO - Processing file /home/muhammadsami/Public/Projects/Airflow/DataPipelineswithApacheAirflow/.env/lib/python3.8/site-packages/airflow/example_dags/example_xcomargs.py for tasks to queue
[2024-03-16T11:41:55.789+0500] {logging_mixin.py:188} INFO - [2024-03-16T11:41:55.789+0500] {dagbag.py:540} INFO - Filling up the DagBag from /home/muhammadsami/Public/Projects/Airflow/DataPipelineswithApacheAirflow/.env/lib/python3.8/site-packages/airflow/example_dags/example_xcomargs.py
[2024-03-16T11:41:55.798+0500] {processor.py:840} INFO - DAG(s) 'example_xcom_args_with_operators', 'example_xcom_args' retrieved from /home/muhammadsami/Public/Projects/Airflow/DataPipelineswithApacheAirflow/.env/lib/python3.8/site-packages/airflow/example_dags/example_xcomargs.py
[2024-03-16T11:41:55.816+0500] {logging_mixin.py:188} INFO - [2024-03-16T11:41:55.815+0500] {dag.py:3047} INFO - Sync 2 DAGs
[2024-03-16T11:41:55.826+0500] {logging_mixin.py:188} INFO - [2024-03-16T11:41:55.826+0500] {dag.py:3834} INFO - Setting next_dagrun for example_xcom_args to None, run_after=None
[2024-03-16T11:41:55.829+0500] {logging_mixin.py:188} INFO - [2024-03-16T11:41:55.829+0500] {dag.py:3834} INFO - Setting next_dagrun for example_xcom_args_with_operators to None, run_after=None
[2024-03-16T11:41:55.921+0500] {processor.py:183} INFO - Processing /home/muhammadsami/Public/Projects/Airflow/DataPipelineswithApacheAirflow/.env/lib/python3.8/site-packages/airflow/example_dags/example_xcomargs.py took 0.137 seconds
[2024-03-16T11:42:47.342+0500] {processor.py:161} INFO - Started process (PID=20277) to work on /home/muhammadsami/Public/Projects/Airflow/DataPipelineswithApacheAirflow/.env/lib/python3.8/site-packages/airflow/example_dags/example_xcomargs.py
[2024-03-16T11:42:47.343+0500] {processor.py:830} INFO - Processing file /home/muhammadsami/Public/Projects/Airflow/DataPipelineswithApacheAirflow/.env/lib/python3.8/site-packages/airflow/example_dags/example_xcomargs.py for tasks to queue
[2024-03-16T11:42:47.345+0500] {logging_mixin.py:188} INFO - [2024-03-16T11:42:47.344+0500] {dagbag.py:540} INFO - Filling up the DagBag from /home/muhammadsami/Public/Projects/Airflow/DataPipelineswithApacheAirflow/.env/lib/python3.8/site-packages/airflow/example_dags/example_xcomargs.py
[2024-03-16T11:42:47.354+0500] {processor.py:840} INFO - DAG(s) 'example_xcom_args_with_operators', 'example_xcom_args' retrieved from /home/muhammadsami/Public/Projects/Airflow/DataPipelineswithApacheAirflow/.env/lib/python3.8/site-packages/airflow/example_dags/example_xcomargs.py
[2024-03-16T11:42:47.376+0500] {logging_mixin.py:188} INFO - [2024-03-16T11:42:47.375+0500] {dag.py:3047} INFO - Sync 2 DAGs
[2024-03-16T11:42:47.387+0500] {logging_mixin.py:188} INFO - [2024-03-16T11:42:47.387+0500] {dag.py:3834} INFO - Setting next_dagrun for example_xcom_args to None, run_after=None
[2024-03-16T11:42:47.393+0500] {logging_mixin.py:188} INFO - [2024-03-16T11:42:47.392+0500] {dag.py:3834} INFO - Setting next_dagrun for example_xcom_args_with_operators to None, run_after=None
[2024-03-16T11:42:47.520+0500] {processor.py:183} INFO - Processing /home/muhammadsami/Public/Projects/Airflow/DataPipelineswithApacheAirflow/.env/lib/python3.8/site-packages/airflow/example_dags/example_xcomargs.py took 0.183 seconds
[2024-03-16T11:43:34.864+0500] {processor.py:161} INFO - Started process (PID=20354) to work on /home/muhammadsami/Public/Projects/Airflow/DataPipelineswithApacheAirflow/.env/lib/python3.8/site-packages/airflow/example_dags/example_xcomargs.py
[2024-03-16T11:43:34.870+0500] {processor.py:830} INFO - Processing file /home/muhammadsami/Public/Projects/Airflow/DataPipelineswithApacheAirflow/.env/lib/python3.8/site-packages/airflow/example_dags/example_xcomargs.py for tasks to queue
[2024-03-16T11:43:34.871+0500] {logging_mixin.py:188} INFO - [2024-03-16T11:43:34.871+0500] {dagbag.py:540} INFO - Filling up the DagBag from /home/muhammadsami/Public/Projects/Airflow/DataPipelineswithApacheAirflow/.env/lib/python3.8/site-packages/airflow/example_dags/example_xcomargs.py
[2024-03-16T11:43:34.879+0500] {processor.py:840} INFO - DAG(s) 'example_xcom_args_with_operators', 'example_xcom_args' retrieved from /home/muhammadsami/Public/Projects/Airflow/DataPipelineswithApacheAirflow/.env/lib/python3.8/site-packages/airflow/example_dags/example_xcomargs.py
[2024-03-16T11:43:34.894+0500] {logging_mixin.py:188} INFO - [2024-03-16T11:43:34.894+0500] {dag.py:3047} INFO - Sync 2 DAGs
[2024-03-16T11:43:34.904+0500] {logging_mixin.py:188} INFO - [2024-03-16T11:43:34.903+0500] {dag.py:3834} INFO - Setting next_dagrun for example_xcom_args to None, run_after=None
[2024-03-16T11:43:34.907+0500] {logging_mixin.py:188} INFO - [2024-03-16T11:43:34.906+0500] {dag.py:3834} INFO - Setting next_dagrun for example_xcom_args_with_operators to None, run_after=None
[2024-03-16T11:43:35.013+0500] {processor.py:183} INFO - Processing /home/muhammadsami/Public/Projects/Airflow/DataPipelineswithApacheAirflow/.env/lib/python3.8/site-packages/airflow/example_dags/example_xcomargs.py took 0.151 seconds
[2024-03-16T11:44:23.564+0500] {processor.py:161} INFO - Started process (PID=20401) to work on /home/muhammadsami/Public/Projects/Airflow/DataPipelineswithApacheAirflow/.env/lib/python3.8/site-packages/airflow/example_dags/example_xcomargs.py
[2024-03-16T11:44:23.565+0500] {processor.py:830} INFO - Processing file /home/muhammadsami/Public/Projects/Airflow/DataPipelineswithApacheAirflow/.env/lib/python3.8/site-packages/airflow/example_dags/example_xcomargs.py for tasks to queue
[2024-03-16T11:44:23.566+0500] {logging_mixin.py:188} INFO - [2024-03-16T11:44:23.566+0500] {dagbag.py:540} INFO - Filling up the DagBag from /home/muhammadsami/Public/Projects/Airflow/DataPipelineswithApacheAirflow/.env/lib/python3.8/site-packages/airflow/example_dags/example_xcomargs.py
[2024-03-16T11:44:23.575+0500] {processor.py:840} INFO - DAG(s) 'example_xcom_args_with_operators', 'example_xcom_args' retrieved from /home/muhammadsami/Public/Projects/Airflow/DataPipelineswithApacheAirflow/.env/lib/python3.8/site-packages/airflow/example_dags/example_xcomargs.py
[2024-03-16T11:44:23.590+0500] {logging_mixin.py:188} INFO - [2024-03-16T11:44:23.590+0500] {dag.py:3047} INFO - Sync 2 DAGs
[2024-03-16T11:44:23.600+0500] {logging_mixin.py:188} INFO - [2024-03-16T11:44:23.600+0500] {dag.py:3834} INFO - Setting next_dagrun for example_xcom_args to None, run_after=None
[2024-03-16T11:44:23.603+0500] {logging_mixin.py:188} INFO - [2024-03-16T11:44:23.603+0500] {dag.py:3834} INFO - Setting next_dagrun for example_xcom_args_with_operators to None, run_after=None
[2024-03-16T11:44:23.686+0500] {processor.py:183} INFO - Processing /home/muhammadsami/Public/Projects/Airflow/DataPipelineswithApacheAirflow/.env/lib/python3.8/site-packages/airflow/example_dags/example_xcomargs.py took 0.125 seconds
[2024-03-16T11:45:26.271+0500] {processor.py:161} INFO - Started process (PID=20812) to work on /home/muhammadsami/Public/Projects/Airflow/DataPipelineswithApacheAirflow/.env/lib/python3.8/site-packages/airflow/example_dags/example_xcomargs.py
[2024-03-16T11:45:26.272+0500] {processor.py:830} INFO - Processing file /home/muhammadsami/Public/Projects/Airflow/DataPipelineswithApacheAirflow/.env/lib/python3.8/site-packages/airflow/example_dags/example_xcomargs.py for tasks to queue
[2024-03-16T11:45:26.273+0500] {logging_mixin.py:188} INFO - [2024-03-16T11:45:26.273+0500] {dagbag.py:540} INFO - Filling up the DagBag from /home/muhammadsami/Public/Projects/Airflow/DataPipelineswithApacheAirflow/.env/lib/python3.8/site-packages/airflow/example_dags/example_xcomargs.py
[2024-03-16T11:45:26.281+0500] {processor.py:840} INFO - DAG(s) 'example_xcom_args', 'example_xcom_args_with_operators' retrieved from /home/muhammadsami/Public/Projects/Airflow/DataPipelineswithApacheAirflow/.env/lib/python3.8/site-packages/airflow/example_dags/example_xcomargs.py
[2024-03-16T11:45:26.296+0500] {logging_mixin.py:188} INFO - [2024-03-16T11:45:26.296+0500] {dag.py:3047} INFO - Sync 2 DAGs
[2024-03-16T11:45:26.306+0500] {logging_mixin.py:188} INFO - [2024-03-16T11:45:26.306+0500] {dag.py:3834} INFO - Setting next_dagrun for example_xcom_args to None, run_after=None
[2024-03-16T11:45:26.309+0500] {logging_mixin.py:188} INFO - [2024-03-16T11:45:26.309+0500] {dag.py:3834} INFO - Setting next_dagrun for example_xcom_args_with_operators to None, run_after=None
[2024-03-16T11:45:26.406+0500] {processor.py:183} INFO - Processing /home/muhammadsami/Public/Projects/Airflow/DataPipelineswithApacheAirflow/.env/lib/python3.8/site-packages/airflow/example_dags/example_xcomargs.py took 0.137 seconds
[2024-03-16T11:46:03.555+0500] {processor.py:161} INFO - Started process (PID=20851) to work on /home/muhammadsami/Public/Projects/Airflow/DataPipelineswithApacheAirflow/.env/lib/python3.8/site-packages/airflow/example_dags/example_xcomargs.py
[2024-03-16T11:46:03.571+0500] {processor.py:830} INFO - Processing file /home/muhammadsami/Public/Projects/Airflow/DataPipelineswithApacheAirflow/.env/lib/python3.8/site-packages/airflow/example_dags/example_xcomargs.py for tasks to queue
[2024-03-16T11:46:03.572+0500] {logging_mixin.py:188} INFO - [2024-03-16T11:46:03.572+0500] {dagbag.py:540} INFO - Filling up the DagBag from /home/muhammadsami/Public/Projects/Airflow/DataPipelineswithApacheAirflow/.env/lib/python3.8/site-packages/airflow/example_dags/example_xcomargs.py
[2024-03-16T11:46:03.580+0500] {processor.py:840} INFO - DAG(s) 'example_xcom_args', 'example_xcom_args_with_operators' retrieved from /home/muhammadsami/Public/Projects/Airflow/DataPipelineswithApacheAirflow/.env/lib/python3.8/site-packages/airflow/example_dags/example_xcomargs.py
[2024-03-16T11:46:03.595+0500] {logging_mixin.py:188} INFO - [2024-03-16T11:46:03.595+0500] {dag.py:3047} INFO - Sync 2 DAGs
[2024-03-16T11:46:03.605+0500] {logging_mixin.py:188} INFO - [2024-03-16T11:46:03.605+0500] {dag.py:3834} INFO - Setting next_dagrun for example_xcom_args to None, run_after=None
[2024-03-16T11:46:03.608+0500] {logging_mixin.py:188} INFO - [2024-03-16T11:46:03.608+0500] {dag.py:3834} INFO - Setting next_dagrun for example_xcom_args_with_operators to None, run_after=None
[2024-03-16T11:46:03.688+0500] {processor.py:183} INFO - Processing /home/muhammadsami/Public/Projects/Airflow/DataPipelineswithApacheAirflow/.env/lib/python3.8/site-packages/airflow/example_dags/example_xcomargs.py took 0.136 seconds
[2024-03-16T11:46:54.983+0500] {processor.py:161} INFO - Started process (PID=20907) to work on /home/muhammadsami/Public/Projects/Airflow/DataPipelineswithApacheAirflow/.env/lib/python3.8/site-packages/airflow/example_dags/example_xcomargs.py
[2024-03-16T11:46:55.000+0500] {processor.py:830} INFO - Processing file /home/muhammadsami/Public/Projects/Airflow/DataPipelineswithApacheAirflow/.env/lib/python3.8/site-packages/airflow/example_dags/example_xcomargs.py for tasks to queue
[2024-03-16T11:46:55.001+0500] {logging_mixin.py:188} INFO - [2024-03-16T11:46:55.001+0500] {dagbag.py:540} INFO - Filling up the DagBag from /home/muhammadsami/Public/Projects/Airflow/DataPipelineswithApacheAirflow/.env/lib/python3.8/site-packages/airflow/example_dags/example_xcomargs.py
[2024-03-16T11:46:55.008+0500] {processor.py:840} INFO - DAG(s) 'example_xcom_args', 'example_xcom_args_with_operators' retrieved from /home/muhammadsami/Public/Projects/Airflow/DataPipelineswithApacheAirflow/.env/lib/python3.8/site-packages/airflow/example_dags/example_xcomargs.py
[2024-03-16T11:46:55.026+0500] {logging_mixin.py:188} INFO - [2024-03-16T11:46:55.025+0500] {dag.py:3047} INFO - Sync 2 DAGs
[2024-03-16T11:46:55.035+0500] {logging_mixin.py:188} INFO - [2024-03-16T11:46:55.035+0500] {dag.py:3834} INFO - Setting next_dagrun for example_xcom_args to None, run_after=None
[2024-03-16T11:46:55.038+0500] {logging_mixin.py:188} INFO - [2024-03-16T11:46:55.038+0500] {dag.py:3834} INFO - Setting next_dagrun for example_xcom_args_with_operators to None, run_after=None
[2024-03-16T11:46:55.141+0500] {processor.py:183} INFO - Processing /home/muhammadsami/Public/Projects/Airflow/DataPipelineswithApacheAirflow/.env/lib/python3.8/site-packages/airflow/example_dags/example_xcomargs.py took 0.161 seconds
[2024-03-16T11:47:45.996+0500] {processor.py:161} INFO - Started process (PID=20983) to work on /home/muhammadsami/Public/Projects/Airflow/DataPipelineswithApacheAirflow/.env/lib/python3.8/site-packages/airflow/example_dags/example_xcomargs.py
[2024-03-16T11:47:46.008+0500] {processor.py:830} INFO - Processing file /home/muhammadsami/Public/Projects/Airflow/DataPipelineswithApacheAirflow/.env/lib/python3.8/site-packages/airflow/example_dags/example_xcomargs.py for tasks to queue
[2024-03-16T11:47:46.009+0500] {logging_mixin.py:188} INFO - [2024-03-16T11:47:46.008+0500] {dagbag.py:540} INFO - Filling up the DagBag from /home/muhammadsami/Public/Projects/Airflow/DataPipelineswithApacheAirflow/.env/lib/python3.8/site-packages/airflow/example_dags/example_xcomargs.py
[2024-03-16T11:47:46.016+0500] {processor.py:840} INFO - DAG(s) 'example_xcom_args_with_operators', 'example_xcom_args' retrieved from /home/muhammadsami/Public/Projects/Airflow/DataPipelineswithApacheAirflow/.env/lib/python3.8/site-packages/airflow/example_dags/example_xcomargs.py
[2024-03-16T11:47:46.031+0500] {logging_mixin.py:188} INFO - [2024-03-16T11:47:46.031+0500] {dag.py:3047} INFO - Sync 2 DAGs
[2024-03-16T11:47:46.044+0500] {logging_mixin.py:188} INFO - [2024-03-16T11:47:46.043+0500] {dag.py:3834} INFO - Setting next_dagrun for example_xcom_args to None, run_after=None
[2024-03-16T11:47:46.049+0500] {logging_mixin.py:188} INFO - [2024-03-16T11:47:46.049+0500] {dag.py:3834} INFO - Setting next_dagrun for example_xcom_args_with_operators to None, run_after=None
[2024-03-16T11:47:46.141+0500] {processor.py:183} INFO - Processing /home/muhammadsami/Public/Projects/Airflow/DataPipelineswithApacheAirflow/.env/lib/python3.8/site-packages/airflow/example_dags/example_xcomargs.py took 0.147 seconds
[2024-03-16T11:48:32.752+0500] {processor.py:161} INFO - Started process (PID=21060) to work on /home/muhammadsami/Public/Projects/Airflow/DataPipelineswithApacheAirflow/.env/lib/python3.8/site-packages/airflow/example_dags/example_xcomargs.py
[2024-03-16T11:48:32.753+0500] {processor.py:830} INFO - Processing file /home/muhammadsami/Public/Projects/Airflow/DataPipelineswithApacheAirflow/.env/lib/python3.8/site-packages/airflow/example_dags/example_xcomargs.py for tasks to queue
[2024-03-16T11:48:32.754+0500] {logging_mixin.py:188} INFO - [2024-03-16T11:48:32.754+0500] {dagbag.py:540} INFO - Filling up the DagBag from /home/muhammadsami/Public/Projects/Airflow/DataPipelineswithApacheAirflow/.env/lib/python3.8/site-packages/airflow/example_dags/example_xcomargs.py
[2024-03-16T11:48:32.762+0500] {processor.py:840} INFO - DAG(s) 'example_xcom_args', 'example_xcom_args_with_operators' retrieved from /home/muhammadsami/Public/Projects/Airflow/DataPipelineswithApacheAirflow/.env/lib/python3.8/site-packages/airflow/example_dags/example_xcomargs.py
[2024-03-16T11:48:32.778+0500] {logging_mixin.py:188} INFO - [2024-03-16T11:48:32.778+0500] {dag.py:3047} INFO - Sync 2 DAGs
[2024-03-16T11:48:32.788+0500] {logging_mixin.py:188} INFO - [2024-03-16T11:48:32.788+0500] {dag.py:3834} INFO - Setting next_dagrun for example_xcom_args to None, run_after=None
[2024-03-16T11:48:32.791+0500] {logging_mixin.py:188} INFO - [2024-03-16T11:48:32.791+0500] {dag.py:3834} INFO - Setting next_dagrun for example_xcom_args_with_operators to None, run_after=None
[2024-03-16T11:48:32.883+0500] {processor.py:183} INFO - Processing /home/muhammadsami/Public/Projects/Airflow/DataPipelineswithApacheAirflow/.env/lib/python3.8/site-packages/airflow/example_dags/example_xcomargs.py took 0.134 seconds
[2024-03-16T11:49:21.037+0500] {processor.py:161} INFO - Started process (PID=21105) to work on /home/muhammadsami/Public/Projects/Airflow/DataPipelineswithApacheAirflow/.env/lib/python3.8/site-packages/airflow/example_dags/example_xcomargs.py
[2024-03-16T11:49:21.039+0500] {processor.py:830} INFO - Processing file /home/muhammadsami/Public/Projects/Airflow/DataPipelineswithApacheAirflow/.env/lib/python3.8/site-packages/airflow/example_dags/example_xcomargs.py for tasks to queue
[2024-03-16T11:49:21.040+0500] {logging_mixin.py:188} INFO - [2024-03-16T11:49:21.040+0500] {dagbag.py:540} INFO - Filling up the DagBag from /home/muhammadsami/Public/Projects/Airflow/DataPipelineswithApacheAirflow/.env/lib/python3.8/site-packages/airflow/example_dags/example_xcomargs.py
[2024-03-16T11:49:21.050+0500] {processor.py:840} INFO - DAG(s) 'example_xcom_args_with_operators', 'example_xcom_args' retrieved from /home/muhammadsami/Public/Projects/Airflow/DataPipelineswithApacheAirflow/.env/lib/python3.8/site-packages/airflow/example_dags/example_xcomargs.py
[2024-03-16T11:49:21.069+0500] {logging_mixin.py:188} INFO - [2024-03-16T11:49:21.069+0500] {dag.py:3047} INFO - Sync 2 DAGs
[2024-03-16T11:49:21.081+0500] {logging_mixin.py:188} INFO - [2024-03-16T11:49:21.080+0500] {dag.py:3834} INFO - Setting next_dagrun for example_xcom_args to None, run_after=None
[2024-03-16T11:49:21.086+0500] {logging_mixin.py:188} INFO - [2024-03-16T11:49:21.086+0500] {dag.py:3834} INFO - Setting next_dagrun for example_xcom_args_with_operators to None, run_after=None
[2024-03-16T11:49:21.185+0500] {processor.py:183} INFO - Processing /home/muhammadsami/Public/Projects/Airflow/DataPipelineswithApacheAirflow/.env/lib/python3.8/site-packages/airflow/example_dags/example_xcomargs.py took 0.150 seconds
[2024-03-16T11:50:10.456+0500] {processor.py:161} INFO - Started process (PID=21149) to work on /home/muhammadsami/Public/Projects/Airflow/DataPipelineswithApacheAirflow/.env/lib/python3.8/site-packages/airflow/example_dags/example_xcomargs.py
[2024-03-16T11:50:10.457+0500] {processor.py:830} INFO - Processing file /home/muhammadsami/Public/Projects/Airflow/DataPipelineswithApacheAirflow/.env/lib/python3.8/site-packages/airflow/example_dags/example_xcomargs.py for tasks to queue
[2024-03-16T11:50:10.458+0500] {logging_mixin.py:188} INFO - [2024-03-16T11:50:10.458+0500] {dagbag.py:540} INFO - Filling up the DagBag from /home/muhammadsami/Public/Projects/Airflow/DataPipelineswithApacheAirflow/.env/lib/python3.8/site-packages/airflow/example_dags/example_xcomargs.py
[2024-03-16T11:50:10.466+0500] {processor.py:840} INFO - DAG(s) 'example_xcom_args', 'example_xcom_args_with_operators' retrieved from /home/muhammadsami/Public/Projects/Airflow/DataPipelineswithApacheAirflow/.env/lib/python3.8/site-packages/airflow/example_dags/example_xcomargs.py
[2024-03-16T11:50:10.482+0500] {logging_mixin.py:188} INFO - [2024-03-16T11:50:10.481+0500] {dag.py:3047} INFO - Sync 2 DAGs
[2024-03-16T11:50:10.491+0500] {logging_mixin.py:188} INFO - [2024-03-16T11:50:10.491+0500] {dag.py:3834} INFO - Setting next_dagrun for example_xcom_args to None, run_after=None
[2024-03-16T11:50:10.494+0500] {logging_mixin.py:188} INFO - [2024-03-16T11:50:10.494+0500] {dag.py:3834} INFO - Setting next_dagrun for example_xcom_args_with_operators to None, run_after=None
[2024-03-16T11:50:10.583+0500] {processor.py:183} INFO - Processing /home/muhammadsami/Public/Projects/Airflow/DataPipelineswithApacheAirflow/.env/lib/python3.8/site-packages/airflow/example_dags/example_xcomargs.py took 0.129 seconds
[2024-03-16T11:51:00.817+0500] {processor.py:161} INFO - Started process (PID=21230) to work on /home/muhammadsami/Public/Projects/Airflow/DataPipelineswithApacheAirflow/.env/lib/python3.8/site-packages/airflow/example_dags/example_xcomargs.py
[2024-03-16T11:51:00.819+0500] {processor.py:830} INFO - Processing file /home/muhammadsami/Public/Projects/Airflow/DataPipelineswithApacheAirflow/.env/lib/python3.8/site-packages/airflow/example_dags/example_xcomargs.py for tasks to queue
[2024-03-16T11:51:00.820+0500] {logging_mixin.py:188} INFO - [2024-03-16T11:51:00.819+0500] {dagbag.py:540} INFO - Filling up the DagBag from /home/muhammadsami/Public/Projects/Airflow/DataPipelineswithApacheAirflow/.env/lib/python3.8/site-packages/airflow/example_dags/example_xcomargs.py
[2024-03-16T11:51:00.829+0500] {processor.py:840} INFO - DAG(s) 'example_xcom_args_with_operators', 'example_xcom_args' retrieved from /home/muhammadsami/Public/Projects/Airflow/DataPipelineswithApacheAirflow/.env/lib/python3.8/site-packages/airflow/example_dags/example_xcomargs.py
[2024-03-16T11:51:00.845+0500] {logging_mixin.py:188} INFO - [2024-03-16T11:51:00.845+0500] {dag.py:3047} INFO - Sync 2 DAGs
[2024-03-16T11:51:00.855+0500] {logging_mixin.py:188} INFO - [2024-03-16T11:51:00.855+0500] {dag.py:3834} INFO - Setting next_dagrun for example_xcom_args to None, run_after=None
[2024-03-16T11:51:00.858+0500] {logging_mixin.py:188} INFO - [2024-03-16T11:51:00.858+0500] {dag.py:3834} INFO - Setting next_dagrun for example_xcom_args_with_operators to None, run_after=None
[2024-03-16T11:51:00.955+0500] {processor.py:183} INFO - Processing /home/muhammadsami/Public/Projects/Airflow/DataPipelineswithApacheAirflow/.env/lib/python3.8/site-packages/airflow/example_dags/example_xcomargs.py took 0.140 seconds
[2024-03-16T11:51:54.796+0500] {processor.py:161} INFO - Started process (PID=21336) to work on /home/muhammadsami/Public/Projects/Airflow/DataPipelineswithApacheAirflow/.env/lib/python3.8/site-packages/airflow/example_dags/example_xcomargs.py
[2024-03-16T11:51:54.812+0500] {processor.py:830} INFO - Processing file /home/muhammadsami/Public/Projects/Airflow/DataPipelineswithApacheAirflow/.env/lib/python3.8/site-packages/airflow/example_dags/example_xcomargs.py for tasks to queue
[2024-03-16T11:51:54.813+0500] {logging_mixin.py:188} INFO - [2024-03-16T11:51:54.813+0500] {dagbag.py:540} INFO - Filling up the DagBag from /home/muhammadsami/Public/Projects/Airflow/DataPipelineswithApacheAirflow/.env/lib/python3.8/site-packages/airflow/example_dags/example_xcomargs.py
[2024-03-16T11:51:54.821+0500] {processor.py:840} INFO - DAG(s) 'example_xcom_args_with_operators', 'example_xcom_args' retrieved from /home/muhammadsami/Public/Projects/Airflow/DataPipelineswithApacheAirflow/.env/lib/python3.8/site-packages/airflow/example_dags/example_xcomargs.py
[2024-03-16T11:51:54.837+0500] {logging_mixin.py:188} INFO - [2024-03-16T11:51:54.837+0500] {dag.py:3047} INFO - Sync 2 DAGs
[2024-03-16T11:51:54.848+0500] {logging_mixin.py:188} INFO - [2024-03-16T11:51:54.847+0500] {dag.py:3834} INFO - Setting next_dagrun for example_xcom_args to None, run_after=None
[2024-03-16T11:51:54.851+0500] {logging_mixin.py:188} INFO - [2024-03-16T11:51:54.851+0500] {dag.py:3834} INFO - Setting next_dagrun for example_xcom_args_with_operators to None, run_after=None
[2024-03-16T11:51:54.939+0500] {processor.py:183} INFO - Processing /home/muhammadsami/Public/Projects/Airflow/DataPipelineswithApacheAirflow/.env/lib/python3.8/site-packages/airflow/example_dags/example_xcomargs.py took 0.146 seconds
[2024-03-16T11:52:46.181+0500] {processor.py:161} INFO - Started process (PID=21496) to work on /home/muhammadsami/Public/Projects/Airflow/DataPipelineswithApacheAirflow/.env/lib/python3.8/site-packages/airflow/example_dags/example_xcomargs.py
[2024-03-16T11:52:46.193+0500] {processor.py:830} INFO - Processing file /home/muhammadsami/Public/Projects/Airflow/DataPipelineswithApacheAirflow/.env/lib/python3.8/site-packages/airflow/example_dags/example_xcomargs.py for tasks to queue
[2024-03-16T11:52:46.194+0500] {logging_mixin.py:188} INFO - [2024-03-16T11:52:46.194+0500] {dagbag.py:540} INFO - Filling up the DagBag from /home/muhammadsami/Public/Projects/Airflow/DataPipelineswithApacheAirflow/.env/lib/python3.8/site-packages/airflow/example_dags/example_xcomargs.py
[2024-03-16T11:52:46.201+0500] {processor.py:840} INFO - DAG(s) 'example_xcom_args', 'example_xcom_args_with_operators' retrieved from /home/muhammadsami/Public/Projects/Airflow/DataPipelineswithApacheAirflow/.env/lib/python3.8/site-packages/airflow/example_dags/example_xcomargs.py
[2024-03-16T11:52:46.216+0500] {logging_mixin.py:188} INFO - [2024-03-16T11:52:46.216+0500] {dag.py:3047} INFO - Sync 2 DAGs
[2024-03-16T11:52:46.226+0500] {logging_mixin.py:188} INFO - [2024-03-16T11:52:46.226+0500] {dag.py:3834} INFO - Setting next_dagrun for example_xcom_args to None, run_after=None
[2024-03-16T11:52:46.229+0500] {logging_mixin.py:188} INFO - [2024-03-16T11:52:46.229+0500] {dag.py:3834} INFO - Setting next_dagrun for example_xcom_args_with_operators to None, run_after=None
[2024-03-16T11:52:46.341+0500] {processor.py:183} INFO - Processing /home/muhammadsami/Public/Projects/Airflow/DataPipelineswithApacheAirflow/.env/lib/python3.8/site-packages/airflow/example_dags/example_xcomargs.py took 0.163 seconds
[2024-03-16T11:53:38.688+0500] {processor.py:161} INFO - Started process (PID=21592) to work on /home/muhammadsami/Public/Projects/Airflow/DataPipelineswithApacheAirflow/.env/lib/python3.8/site-packages/airflow/example_dags/example_xcomargs.py
[2024-03-16T11:53:38.690+0500] {processor.py:830} INFO - Processing file /home/muhammadsami/Public/Projects/Airflow/DataPipelineswithApacheAirflow/.env/lib/python3.8/site-packages/airflow/example_dags/example_xcomargs.py for tasks to queue
[2024-03-16T11:53:38.691+0500] {logging_mixin.py:188} INFO - [2024-03-16T11:53:38.690+0500] {dagbag.py:540} INFO - Filling up the DagBag from /home/muhammadsami/Public/Projects/Airflow/DataPipelineswithApacheAirflow/.env/lib/python3.8/site-packages/airflow/example_dags/example_xcomargs.py
[2024-03-16T11:53:38.698+0500] {processor.py:840} INFO - DAG(s) 'example_xcom_args', 'example_xcom_args_with_operators' retrieved from /home/muhammadsami/Public/Projects/Airflow/DataPipelineswithApacheAirflow/.env/lib/python3.8/site-packages/airflow/example_dags/example_xcomargs.py
[2024-03-16T11:53:38.714+0500] {logging_mixin.py:188} INFO - [2024-03-16T11:53:38.714+0500] {dag.py:3047} INFO - Sync 2 DAGs
[2024-03-16T11:53:38.724+0500] {logging_mixin.py:188} INFO - [2024-03-16T11:53:38.723+0500] {dag.py:3834} INFO - Setting next_dagrun for example_xcom_args to None, run_after=None
[2024-03-16T11:53:38.727+0500] {logging_mixin.py:188} INFO - [2024-03-16T11:53:38.727+0500] {dag.py:3834} INFO - Setting next_dagrun for example_xcom_args_with_operators to None, run_after=None
[2024-03-16T11:53:38.828+0500] {processor.py:183} INFO - Processing /home/muhammadsami/Public/Projects/Airflow/DataPipelineswithApacheAirflow/.env/lib/python3.8/site-packages/airflow/example_dags/example_xcomargs.py took 0.142 seconds
[2024-03-16T11:54:28.150+0500] {processor.py:161} INFO - Started process (PID=21687) to work on /home/muhammadsami/Public/Projects/Airflow/DataPipelineswithApacheAirflow/.env/lib/python3.8/site-packages/airflow/example_dags/example_xcomargs.py
[2024-03-16T11:54:28.164+0500] {processor.py:830} INFO - Processing file /home/muhammadsami/Public/Projects/Airflow/DataPipelineswithApacheAirflow/.env/lib/python3.8/site-packages/airflow/example_dags/example_xcomargs.py for tasks to queue
[2024-03-16T11:54:28.166+0500] {logging_mixin.py:188} INFO - [2024-03-16T11:54:28.165+0500] {dagbag.py:540} INFO - Filling up the DagBag from /home/muhammadsami/Public/Projects/Airflow/DataPipelineswithApacheAirflow/.env/lib/python3.8/site-packages/airflow/example_dags/example_xcomargs.py
[2024-03-16T11:54:28.173+0500] {processor.py:840} INFO - DAG(s) 'example_xcom_args', 'example_xcom_args_with_operators' retrieved from /home/muhammadsami/Public/Projects/Airflow/DataPipelineswithApacheAirflow/.env/lib/python3.8/site-packages/airflow/example_dags/example_xcomargs.py
[2024-03-16T11:54:28.192+0500] {logging_mixin.py:188} INFO - [2024-03-16T11:54:28.192+0500] {dag.py:3047} INFO - Sync 2 DAGs
[2024-03-16T11:54:28.205+0500] {logging_mixin.py:188} INFO - [2024-03-16T11:54:28.205+0500] {dag.py:3834} INFO - Setting next_dagrun for example_xcom_args to None, run_after=None
[2024-03-16T11:54:28.208+0500] {logging_mixin.py:188} INFO - [2024-03-16T11:54:28.208+0500] {dag.py:3834} INFO - Setting next_dagrun for example_xcom_args_with_operators to None, run_after=None
[2024-03-16T11:54:28.304+0500] {processor.py:183} INFO - Processing /home/muhammadsami/Public/Projects/Airflow/DataPipelineswithApacheAirflow/.env/lib/python3.8/site-packages/airflow/example_dags/example_xcomargs.py took 0.158 seconds
[2024-03-16T11:55:19.240+0500] {processor.py:161} INFO - Started process (PID=21851) to work on /home/muhammadsami/Public/Projects/Airflow/DataPipelineswithApacheAirflow/.env/lib/python3.8/site-packages/airflow/example_dags/example_xcomargs.py
[2024-03-16T11:55:19.242+0500] {processor.py:830} INFO - Processing file /home/muhammadsami/Public/Projects/Airflow/DataPipelineswithApacheAirflow/.env/lib/python3.8/site-packages/airflow/example_dags/example_xcomargs.py for tasks to queue
[2024-03-16T11:55:19.243+0500] {logging_mixin.py:188} INFO - [2024-03-16T11:55:19.242+0500] {dagbag.py:540} INFO - Filling up the DagBag from /home/muhammadsami/Public/Projects/Airflow/DataPipelineswithApacheAirflow/.env/lib/python3.8/site-packages/airflow/example_dags/example_xcomargs.py
[2024-03-16T11:55:19.255+0500] {processor.py:840} INFO - DAG(s) 'example_xcom_args', 'example_xcom_args_with_operators' retrieved from /home/muhammadsami/Public/Projects/Airflow/DataPipelineswithApacheAirflow/.env/lib/python3.8/site-packages/airflow/example_dags/example_xcomargs.py
[2024-03-16T11:55:19.276+0500] {logging_mixin.py:188} INFO - [2024-03-16T11:55:19.276+0500] {dag.py:3047} INFO - Sync 2 DAGs
[2024-03-16T11:55:19.289+0500] {logging_mixin.py:188} INFO - [2024-03-16T11:55:19.289+0500] {dag.py:3834} INFO - Setting next_dagrun for example_xcom_args to None, run_after=None
[2024-03-16T11:55:19.293+0500] {logging_mixin.py:188} INFO - [2024-03-16T11:55:19.293+0500] {dag.py:3834} INFO - Setting next_dagrun for example_xcom_args_with_operators to None, run_after=None
[2024-03-16T11:55:19.403+0500] {processor.py:183} INFO - Processing /home/muhammadsami/Public/Projects/Airflow/DataPipelineswithApacheAirflow/.env/lib/python3.8/site-packages/airflow/example_dags/example_xcomargs.py took 0.165 seconds
[2024-03-16T11:56:11.084+0500] {processor.py:161} INFO - Started process (PID=21930) to work on /home/muhammadsami/Public/Projects/Airflow/DataPipelineswithApacheAirflow/.env/lib/python3.8/site-packages/airflow/example_dags/example_xcomargs.py
[2024-03-16T11:56:11.086+0500] {processor.py:830} INFO - Processing file /home/muhammadsami/Public/Projects/Airflow/DataPipelineswithApacheAirflow/.env/lib/python3.8/site-packages/airflow/example_dags/example_xcomargs.py for tasks to queue
[2024-03-16T11:56:11.087+0500] {logging_mixin.py:188} INFO - [2024-03-16T11:56:11.087+0500] {dagbag.py:540} INFO - Filling up the DagBag from /home/muhammadsami/Public/Projects/Airflow/DataPipelineswithApacheAirflow/.env/lib/python3.8/site-packages/airflow/example_dags/example_xcomargs.py
[2024-03-16T11:56:11.094+0500] {processor.py:840} INFO - DAG(s) 'example_xcom_args_with_operators', 'example_xcom_args' retrieved from /home/muhammadsami/Public/Projects/Airflow/DataPipelineswithApacheAirflow/.env/lib/python3.8/site-packages/airflow/example_dags/example_xcomargs.py
[2024-03-16T11:56:11.111+0500] {logging_mixin.py:188} INFO - [2024-03-16T11:56:11.111+0500] {dag.py:3047} INFO - Sync 2 DAGs
[2024-03-16T11:56:11.123+0500] {logging_mixin.py:188} INFO - [2024-03-16T11:56:11.123+0500] {dag.py:3834} INFO - Setting next_dagrun for example_xcom_args to None, run_after=None
[2024-03-16T11:56:11.126+0500] {logging_mixin.py:188} INFO - [2024-03-16T11:56:11.126+0500] {dag.py:3834} INFO - Setting next_dagrun for example_xcom_args_with_operators to None, run_after=None
[2024-03-16T11:56:11.217+0500] {processor.py:183} INFO - Processing /home/muhammadsami/Public/Projects/Airflow/DataPipelineswithApacheAirflow/.env/lib/python3.8/site-packages/airflow/example_dags/example_xcomargs.py took 0.135 seconds
[2024-03-16T11:56:59.878+0500] {processor.py:161} INFO - Started process (PID=21980) to work on /home/muhammadsami/Public/Projects/Airflow/DataPipelineswithApacheAirflow/.env/lib/python3.8/site-packages/airflow/example_dags/example_xcomargs.py
[2024-03-16T11:56:59.879+0500] {processor.py:830} INFO - Processing file /home/muhammadsami/Public/Projects/Airflow/DataPipelineswithApacheAirflow/.env/lib/python3.8/site-packages/airflow/example_dags/example_xcomargs.py for tasks to queue
[2024-03-16T11:56:59.880+0500] {logging_mixin.py:188} INFO - [2024-03-16T11:56:59.879+0500] {dagbag.py:540} INFO - Filling up the DagBag from /home/muhammadsami/Public/Projects/Airflow/DataPipelineswithApacheAirflow/.env/lib/python3.8/site-packages/airflow/example_dags/example_xcomargs.py
[2024-03-16T11:56:59.891+0500] {processor.py:840} INFO - DAG(s) 'example_xcom_args', 'example_xcom_args_with_operators' retrieved from /home/muhammadsami/Public/Projects/Airflow/DataPipelineswithApacheAirflow/.env/lib/python3.8/site-packages/airflow/example_dags/example_xcomargs.py
[2024-03-16T11:56:59.909+0500] {logging_mixin.py:188} INFO - [2024-03-16T11:56:59.909+0500] {dag.py:3047} INFO - Sync 2 DAGs
[2024-03-16T11:56:59.921+0500] {logging_mixin.py:188} INFO - [2024-03-16T11:56:59.920+0500] {dag.py:3834} INFO - Setting next_dagrun for example_xcom_args to None, run_after=None
[2024-03-16T11:56:59.924+0500] {logging_mixin.py:188} INFO - [2024-03-16T11:56:59.924+0500] {dag.py:3834} INFO - Setting next_dagrun for example_xcom_args_with_operators to None, run_after=None
[2024-03-16T11:57:00.027+0500] {processor.py:183} INFO - Processing /home/muhammadsami/Public/Projects/Airflow/DataPipelineswithApacheAirflow/.env/lib/python3.8/site-packages/airflow/example_dags/example_xcomargs.py took 0.151 seconds
[2024-03-16T11:57:54.909+0500] {processor.py:161} INFO - Started process (PID=22034) to work on /home/muhammadsami/Public/Projects/Airflow/DataPipelineswithApacheAirflow/.env/lib/python3.8/site-packages/airflow/example_dags/example_xcomargs.py
[2024-03-16T11:57:54.911+0500] {processor.py:830} INFO - Processing file /home/muhammadsami/Public/Projects/Airflow/DataPipelineswithApacheAirflow/.env/lib/python3.8/site-packages/airflow/example_dags/example_xcomargs.py for tasks to queue
[2024-03-16T11:57:54.912+0500] {logging_mixin.py:188} INFO - [2024-03-16T11:57:54.911+0500] {dagbag.py:540} INFO - Filling up the DagBag from /home/muhammadsami/Public/Projects/Airflow/DataPipelineswithApacheAirflow/.env/lib/python3.8/site-packages/airflow/example_dags/example_xcomargs.py
[2024-03-16T11:57:54.921+0500] {processor.py:840} INFO - DAG(s) 'example_xcom_args_with_operators', 'example_xcom_args' retrieved from /home/muhammadsami/Public/Projects/Airflow/DataPipelineswithApacheAirflow/.env/lib/python3.8/site-packages/airflow/example_dags/example_xcomargs.py
[2024-03-16T11:57:54.936+0500] {logging_mixin.py:188} INFO - [2024-03-16T11:57:54.936+0500] {dag.py:3047} INFO - Sync 2 DAGs
[2024-03-16T11:57:54.946+0500] {logging_mixin.py:188} INFO - [2024-03-16T11:57:54.946+0500] {dag.py:3834} INFO - Setting next_dagrun for example_xcom_args to None, run_after=None
[2024-03-16T11:57:54.950+0500] {logging_mixin.py:188} INFO - [2024-03-16T11:57:54.949+0500] {dag.py:3834} INFO - Setting next_dagrun for example_xcom_args_with_operators to None, run_after=None
[2024-03-16T11:57:55.049+0500] {processor.py:183} INFO - Processing /home/muhammadsami/Public/Projects/Airflow/DataPipelineswithApacheAirflow/.env/lib/python3.8/site-packages/airflow/example_dags/example_xcomargs.py took 0.142 seconds
[2024-03-16T11:58:45.401+0500] {processor.py:161} INFO - Started process (PID=22136) to work on /home/muhammadsami/Public/Projects/Airflow/DataPipelineswithApacheAirflow/.env/lib/python3.8/site-packages/airflow/example_dags/example_xcomargs.py
[2024-03-16T11:58:45.402+0500] {processor.py:830} INFO - Processing file /home/muhammadsami/Public/Projects/Airflow/DataPipelineswithApacheAirflow/.env/lib/python3.8/site-packages/airflow/example_dags/example_xcomargs.py for tasks to queue
[2024-03-16T11:58:45.403+0500] {logging_mixin.py:188} INFO - [2024-03-16T11:58:45.402+0500] {dagbag.py:540} INFO - Filling up the DagBag from /home/muhammadsami/Public/Projects/Airflow/DataPipelineswithApacheAirflow/.env/lib/python3.8/site-packages/airflow/example_dags/example_xcomargs.py
[2024-03-16T11:58:45.412+0500] {processor.py:840} INFO - DAG(s) 'example_xcom_args_with_operators', 'example_xcom_args' retrieved from /home/muhammadsami/Public/Projects/Airflow/DataPipelineswithApacheAirflow/.env/lib/python3.8/site-packages/airflow/example_dags/example_xcomargs.py
[2024-03-16T11:58:45.427+0500] {logging_mixin.py:188} INFO - [2024-03-16T11:58:45.427+0500] {dag.py:3047} INFO - Sync 2 DAGs
[2024-03-16T11:58:45.437+0500] {logging_mixin.py:188} INFO - [2024-03-16T11:58:45.436+0500] {dag.py:3834} INFO - Setting next_dagrun for example_xcom_args to None, run_after=None
[2024-03-16T11:58:45.440+0500] {logging_mixin.py:188} INFO - [2024-03-16T11:58:45.439+0500] {dag.py:3834} INFO - Setting next_dagrun for example_xcom_args_with_operators to None, run_after=None
[2024-03-16T11:58:45.553+0500] {processor.py:183} INFO - Processing /home/muhammadsami/Public/Projects/Airflow/DataPipelineswithApacheAirflow/.env/lib/python3.8/site-packages/airflow/example_dags/example_xcomargs.py took 0.154 seconds
[2024-03-16T11:59:33.912+0500] {processor.py:161} INFO - Started process (PID=22256) to work on /home/muhammadsami/Public/Projects/Airflow/DataPipelineswithApacheAirflow/.env/lib/python3.8/site-packages/airflow/example_dags/example_xcomargs.py
[2024-03-16T11:59:33.925+0500] {processor.py:830} INFO - Processing file /home/muhammadsami/Public/Projects/Airflow/DataPipelineswithApacheAirflow/.env/lib/python3.8/site-packages/airflow/example_dags/example_xcomargs.py for tasks to queue
[2024-03-16T11:59:33.926+0500] {logging_mixin.py:188} INFO - [2024-03-16T11:59:33.925+0500] {dagbag.py:540} INFO - Filling up the DagBag from /home/muhammadsami/Public/Projects/Airflow/DataPipelineswithApacheAirflow/.env/lib/python3.8/site-packages/airflow/example_dags/example_xcomargs.py
[2024-03-16T11:59:33.933+0500] {processor.py:840} INFO - DAG(s) 'example_xcom_args_with_operators', 'example_xcom_args' retrieved from /home/muhammadsami/Public/Projects/Airflow/DataPipelineswithApacheAirflow/.env/lib/python3.8/site-packages/airflow/example_dags/example_xcomargs.py
[2024-03-16T11:59:33.949+0500] {logging_mixin.py:188} INFO - [2024-03-16T11:59:33.949+0500] {dag.py:3047} INFO - Sync 2 DAGs
[2024-03-16T11:59:33.960+0500] {logging_mixin.py:188} INFO - [2024-03-16T11:59:33.959+0500] {dag.py:3834} INFO - Setting next_dagrun for example_xcom_args to None, run_after=None
[2024-03-16T11:59:33.963+0500] {logging_mixin.py:188} INFO - [2024-03-16T11:59:33.963+0500] {dag.py:3834} INFO - Setting next_dagrun for example_xcom_args_with_operators to None, run_after=None
[2024-03-16T11:59:34.055+0500] {processor.py:183} INFO - Processing /home/muhammadsami/Public/Projects/Airflow/DataPipelineswithApacheAirflow/.env/lib/python3.8/site-packages/airflow/example_dags/example_xcomargs.py took 0.145 seconds
[2024-03-16T12:00:26.390+0500] {processor.py:161} INFO - Started process (PID=22330) to work on /home/muhammadsami/Public/Projects/Airflow/DataPipelineswithApacheAirflow/.env/lib/python3.8/site-packages/airflow/example_dags/example_xcomargs.py
[2024-03-16T12:00:26.391+0500] {processor.py:830} INFO - Processing file /home/muhammadsami/Public/Projects/Airflow/DataPipelineswithApacheAirflow/.env/lib/python3.8/site-packages/airflow/example_dags/example_xcomargs.py for tasks to queue
[2024-03-16T12:00:26.392+0500] {logging_mixin.py:188} INFO - [2024-03-16T12:00:26.392+0500] {dagbag.py:540} INFO - Filling up the DagBag from /home/muhammadsami/Public/Projects/Airflow/DataPipelineswithApacheAirflow/.env/lib/python3.8/site-packages/airflow/example_dags/example_xcomargs.py
[2024-03-16T12:00:26.400+0500] {processor.py:840} INFO - DAG(s) 'example_xcom_args_with_operators', 'example_xcom_args' retrieved from /home/muhammadsami/Public/Projects/Airflow/DataPipelineswithApacheAirflow/.env/lib/python3.8/site-packages/airflow/example_dags/example_xcomargs.py
[2024-03-16T12:00:26.415+0500] {logging_mixin.py:188} INFO - [2024-03-16T12:00:26.415+0500] {dag.py:3047} INFO - Sync 2 DAGs
[2024-03-16T12:00:26.425+0500] {logging_mixin.py:188} INFO - [2024-03-16T12:00:26.425+0500] {dag.py:3834} INFO - Setting next_dagrun for example_xcom_args to None, run_after=None
[2024-03-16T12:00:26.429+0500] {logging_mixin.py:188} INFO - [2024-03-16T12:00:26.429+0500] {dag.py:3834} INFO - Setting next_dagrun for example_xcom_args_with_operators to None, run_after=None
[2024-03-16T12:00:26.528+0500] {processor.py:183} INFO - Processing /home/muhammadsami/Public/Projects/Airflow/DataPipelineswithApacheAirflow/.env/lib/python3.8/site-packages/airflow/example_dags/example_xcomargs.py took 0.140 seconds
[2024-03-16T12:01:21.249+0500] {processor.py:161} INFO - Started process (PID=22382) to work on /home/muhammadsami/Public/Projects/Airflow/DataPipelineswithApacheAirflow/.env/lib/python3.8/site-packages/airflow/example_dags/example_xcomargs.py
[2024-03-16T12:01:21.250+0500] {processor.py:830} INFO - Processing file /home/muhammadsami/Public/Projects/Airflow/DataPipelineswithApacheAirflow/.env/lib/python3.8/site-packages/airflow/example_dags/example_xcomargs.py for tasks to queue
[2024-03-16T12:01:21.251+0500] {logging_mixin.py:188} INFO - [2024-03-16T12:01:21.251+0500] {dagbag.py:540} INFO - Filling up the DagBag from /home/muhammadsami/Public/Projects/Airflow/DataPipelineswithApacheAirflow/.env/lib/python3.8/site-packages/airflow/example_dags/example_xcomargs.py
[2024-03-16T12:01:21.262+0500] {processor.py:840} INFO - DAG(s) 'example_xcom_args', 'example_xcom_args_with_operators' retrieved from /home/muhammadsami/Public/Projects/Airflow/DataPipelineswithApacheAirflow/.env/lib/python3.8/site-packages/airflow/example_dags/example_xcomargs.py
[2024-03-16T12:01:21.277+0500] {logging_mixin.py:188} INFO - [2024-03-16T12:01:21.277+0500] {dag.py:3047} INFO - Sync 2 DAGs
[2024-03-16T12:01:21.287+0500] {logging_mixin.py:188} INFO - [2024-03-16T12:01:21.287+0500] {dag.py:3834} INFO - Setting next_dagrun for example_xcom_args to None, run_after=None
[2024-03-16T12:01:21.290+0500] {logging_mixin.py:188} INFO - [2024-03-16T12:01:21.290+0500] {dag.py:3834} INFO - Setting next_dagrun for example_xcom_args_with_operators to None, run_after=None
[2024-03-16T12:01:21.394+0500] {processor.py:183} INFO - Processing /home/muhammadsami/Public/Projects/Airflow/DataPipelineswithApacheAirflow/.env/lib/python3.8/site-packages/airflow/example_dags/example_xcomargs.py took 0.147 seconds
