[2024-03-16T11:22:28.383+0500] {processor.py:161} INFO - Started process (PID=18060) to work on /home/muhammadsami/Public/Projects/Airflow/DataPipelineswithApacheAirflow/.env/lib/python3.8/site-packages/airflow/example_dags/example_subdag_operator.py
[2024-03-16T11:22:28.384+0500] {processor.py:830} INFO - Processing file /home/muhammadsami/Public/Projects/Airflow/DataPipelineswithApacheAirflow/.env/lib/python3.8/site-packages/airflow/example_dags/example_subdag_operator.py for tasks to queue
[2024-03-16T11:22:28.385+0500] {logging_mixin.py:188} INFO - [2024-03-16T11:22:28.385+0500] {dagbag.py:540} INFO - Filling up the DagBag from /home/muhammadsami/Public/Projects/Airflow/DataPipelineswithApacheAirflow/.env/lib/python3.8/site-packages/airflow/example_dags/example_subdag_operator.py
[2024-03-16T11:22:28.407+0500] {processor.py:840} INFO - DAG(s) 'example_subdag_operator.section-1', 'example_subdag_operator.section-2', 'example_subdag_operator' retrieved from /home/muhammadsami/Public/Projects/Airflow/DataPipelineswithApacheAirflow/.env/lib/python3.8/site-packages/airflow/example_dags/example_subdag_operator.py
[2024-03-16T11:22:28.736+0500] {logging_mixin.py:188} INFO - [2024-03-16T11:22:28.735+0500] {override.py:1769} INFO - Created Permission View: can edit on DAG:example_subdag_operator
[2024-03-16T11:22:28.834+0500] {logging_mixin.py:188} INFO - [2024-03-16T11:22:28.834+0500] {override.py:1769} INFO - Created Permission View: can delete on DAG:example_subdag_operator
[2024-03-16T11:22:28.925+0500] {logging_mixin.py:188} INFO - [2024-03-16T11:22:28.925+0500] {override.py:1769} INFO - Created Permission View: can read on DAG:example_subdag_operator
[2024-03-16T11:22:28.925+0500] {logging_mixin.py:188} INFO - [2024-03-16T11:22:28.925+0500] {dag.py:3047} INFO - Sync 3 DAGs
[2024-03-16T11:22:29.018+0500] {logging_mixin.py:188} INFO - [2024-03-16T11:22:29.018+0500] {dag.py:3069} INFO - Creating ORM DAG for example_subdag_operator.section-1
[2024-03-16T11:22:29.019+0500] {logging_mixin.py:188} INFO - [2024-03-16T11:22:29.019+0500] {dag.py:3069} INFO - Creating ORM DAG for example_subdag_operator.section-2
[2024-03-16T11:22:29.019+0500] {logging_mixin.py:188} INFO - [2024-03-16T11:22:29.019+0500] {dag.py:3069} INFO - Creating ORM DAG for example_subdag_operator
[2024-03-16T11:22:29.027+0500] {logging_mixin.py:188} INFO - [2024-03-16T11:22:29.027+0500] {dag.py:3834} INFO - Setting next_dagrun for example_subdag_operator to 2022-01-01 00:00:00+00:00, run_after=2022-01-01 00:00:00+00:00
[2024-03-16T11:22:29.028+0500] {logging_mixin.py:188} INFO - [2024-03-16T11:22:29.027+0500] {dag.py:3834} INFO - Setting next_dagrun for example_subdag_operator.section-1 to None, run_after=None
[2024-03-16T11:22:29.028+0500] {logging_mixin.py:188} INFO - [2024-03-16T11:22:29.028+0500] {dag.py:3834} INFO - Setting next_dagrun for example_subdag_operator.section-2 to None, run_after=None
[2024-03-16T11:22:29.034+0500] {logging_mixin.py:188} INFO - [2024-03-16T11:22:29.034+0500] {dag.py:3047} INFO - Sync 2 DAGs
[2024-03-16T11:22:29.038+0500] {logging_mixin.py:188} INFO - [2024-03-16T11:22:29.038+0500] {dag.py:3834} INFO - Setting next_dagrun for example_subdag_operator.section-1 to None, run_after=None
[2024-03-16T11:22:29.041+0500] {logging_mixin.py:188} INFO - [2024-03-16T11:22:29.041+0500] {dag.py:3834} INFO - Setting next_dagrun for example_subdag_operator.section-2 to None, run_after=None
[2024-03-16T11:22:29.476+0500] {processor.py:183} INFO - Processing /home/muhammadsami/Public/Projects/Airflow/DataPipelineswithApacheAirflow/.env/lib/python3.8/site-packages/airflow/example_dags/example_subdag_operator.py took 1.096 seconds
[2024-03-16T11:23:58.343+0500] {processor.py:161} INFO - Started process (PID=18450) to work on /home/muhammadsami/Public/Projects/Airflow/DataPipelineswithApacheAirflow/.env/lib/python3.8/site-packages/airflow/example_dags/example_subdag_operator.py
[2024-03-16T11:23:58.359+0500] {processor.py:830} INFO - Processing file /home/muhammadsami/Public/Projects/Airflow/DataPipelineswithApacheAirflow/.env/lib/python3.8/site-packages/airflow/example_dags/example_subdag_operator.py for tasks to queue
[2024-03-16T11:23:58.360+0500] {logging_mixin.py:188} INFO - [2024-03-16T11:23:58.359+0500] {dagbag.py:540} INFO - Filling up the DagBag from /home/muhammadsami/Public/Projects/Airflow/DataPipelineswithApacheAirflow/.env/lib/python3.8/site-packages/airflow/example_dags/example_subdag_operator.py
[2024-03-16T11:23:58.376+0500] {processor.py:840} INFO - DAG(s) 'example_subdag_operator.section-1', 'example_subdag_operator.section-2', 'example_subdag_operator' retrieved from /home/muhammadsami/Public/Projects/Airflow/DataPipelineswithApacheAirflow/.env/lib/python3.8/site-packages/airflow/example_dags/example_subdag_operator.py
[2024-03-16T11:23:58.388+0500] {logging_mixin.py:188} INFO - [2024-03-16T11:23:58.388+0500] {dag.py:3047} INFO - Sync 3 DAGs
[2024-03-16T11:23:58.403+0500] {logging_mixin.py:188} INFO - [2024-03-16T11:23:58.403+0500] {dag.py:3834} INFO - Setting next_dagrun for example_subdag_operator to 2022-01-01 00:00:00+00:00, run_after=2022-01-01 00:00:00+00:00
[2024-03-16T11:23:58.406+0500] {logging_mixin.py:188} INFO - [2024-03-16T11:23:58.406+0500] {dag.py:3834} INFO - Setting next_dagrun for example_subdag_operator.section-1 to None, run_after=None
[2024-03-16T11:23:58.407+0500] {logging_mixin.py:188} INFO - [2024-03-16T11:23:58.407+0500] {dag.py:3834} INFO - Setting next_dagrun for example_subdag_operator.section-2 to None, run_after=None
[2024-03-16T11:23:58.413+0500] {logging_mixin.py:188} INFO - [2024-03-16T11:23:58.413+0500] {dag.py:3047} INFO - Sync 2 DAGs
[2024-03-16T11:23:58.416+0500] {logging_mixin.py:188} INFO - [2024-03-16T11:23:58.416+0500] {dag.py:3834} INFO - Setting next_dagrun for example_subdag_operator.section-1 to None, run_after=None
[2024-03-16T11:23:58.417+0500] {logging_mixin.py:188} INFO - [2024-03-16T11:23:58.417+0500] {dag.py:3834} INFO - Setting next_dagrun for example_subdag_operator.section-2 to None, run_after=None
[2024-03-16T11:23:58.508+0500] {processor.py:183} INFO - Processing /home/muhammadsami/Public/Projects/Airflow/DataPipelineswithApacheAirflow/.env/lib/python3.8/site-packages/airflow/example_dags/example_subdag_operator.py took 0.167 seconds
[2024-03-16T11:24:54.587+0500] {processor.py:161} INFO - Started process (PID=18579) to work on /home/muhammadsami/Public/Projects/Airflow/DataPipelineswithApacheAirflow/.env/lib/python3.8/site-packages/airflow/example_dags/example_subdag_operator.py
[2024-03-16T11:24:54.588+0500] {processor.py:830} INFO - Processing file /home/muhammadsami/Public/Projects/Airflow/DataPipelineswithApacheAirflow/.env/lib/python3.8/site-packages/airflow/example_dags/example_subdag_operator.py for tasks to queue
[2024-03-16T11:24:54.589+0500] {logging_mixin.py:188} INFO - [2024-03-16T11:24:54.589+0500] {dagbag.py:540} INFO - Filling up the DagBag from /home/muhammadsami/Public/Projects/Airflow/DataPipelineswithApacheAirflow/.env/lib/python3.8/site-packages/airflow/example_dags/example_subdag_operator.py
[2024-03-16T11:24:54.607+0500] {processor.py:840} INFO - DAG(s) 'example_subdag_operator.section-1', 'example_subdag_operator.section-2', 'example_subdag_operator' retrieved from /home/muhammadsami/Public/Projects/Airflow/DataPipelineswithApacheAirflow/.env/lib/python3.8/site-packages/airflow/example_dags/example_subdag_operator.py
[2024-03-16T11:24:54.621+0500] {logging_mixin.py:188} INFO - [2024-03-16T11:24:54.621+0500] {dag.py:3047} INFO - Sync 3 DAGs
[2024-03-16T11:24:54.637+0500] {logging_mixin.py:188} INFO - [2024-03-16T11:24:54.637+0500] {dag.py:3834} INFO - Setting next_dagrun for example_subdag_operator to 2022-01-01 00:00:00+00:00, run_after=2022-01-01 00:00:00+00:00
[2024-03-16T11:24:54.640+0500] {logging_mixin.py:188} INFO - [2024-03-16T11:24:54.640+0500] {dag.py:3834} INFO - Setting next_dagrun for example_subdag_operator.section-1 to None, run_after=None
[2024-03-16T11:24:54.641+0500] {logging_mixin.py:188} INFO - [2024-03-16T11:24:54.641+0500] {dag.py:3834} INFO - Setting next_dagrun for example_subdag_operator.section-2 to None, run_after=None
[2024-03-16T11:24:54.646+0500] {logging_mixin.py:188} INFO - [2024-03-16T11:24:54.646+0500] {dag.py:3047} INFO - Sync 2 DAGs
[2024-03-16T11:24:54.650+0500] {logging_mixin.py:188} INFO - [2024-03-16T11:24:54.650+0500] {dag.py:3834} INFO - Setting next_dagrun for example_subdag_operator.section-1 to None, run_after=None
[2024-03-16T11:24:54.651+0500] {logging_mixin.py:188} INFO - [2024-03-16T11:24:54.651+0500] {dag.py:3834} INFO - Setting next_dagrun for example_subdag_operator.section-2 to None, run_after=None
[2024-03-16T11:24:54.747+0500] {processor.py:183} INFO - Processing /home/muhammadsami/Public/Projects/Airflow/DataPipelineswithApacheAirflow/.env/lib/python3.8/site-packages/airflow/example_dags/example_subdag_operator.py took 0.163 seconds
[2024-03-16T11:25:45.980+0500] {processor.py:161} INFO - Started process (PID=18648) to work on /home/muhammadsami/Public/Projects/Airflow/DataPipelineswithApacheAirflow/.env/lib/python3.8/site-packages/airflow/example_dags/example_subdag_operator.py
[2024-03-16T11:25:45.995+0500] {processor.py:830} INFO - Processing file /home/muhammadsami/Public/Projects/Airflow/DataPipelineswithApacheAirflow/.env/lib/python3.8/site-packages/airflow/example_dags/example_subdag_operator.py for tasks to queue
[2024-03-16T11:25:45.996+0500] {logging_mixin.py:188} INFO - [2024-03-16T11:25:45.996+0500] {dagbag.py:540} INFO - Filling up the DagBag from /home/muhammadsami/Public/Projects/Airflow/DataPipelineswithApacheAirflow/.env/lib/python3.8/site-packages/airflow/example_dags/example_subdag_operator.py
[2024-03-16T11:25:46.016+0500] {processor.py:840} INFO - DAG(s) 'example_subdag_operator.section-1', 'example_subdag_operator.section-2', 'example_subdag_operator' retrieved from /home/muhammadsami/Public/Projects/Airflow/DataPipelineswithApacheAirflow/.env/lib/python3.8/site-packages/airflow/example_dags/example_subdag_operator.py
[2024-03-16T11:25:46.037+0500] {logging_mixin.py:188} INFO - [2024-03-16T11:25:46.037+0500] {dag.py:3047} INFO - Sync 3 DAGs
[2024-03-16T11:25:46.057+0500] {logging_mixin.py:188} INFO - [2024-03-16T11:25:46.056+0500] {dag.py:3834} INFO - Setting next_dagrun for example_subdag_operator to 2022-01-01 00:00:00+00:00, run_after=2022-01-01 00:00:00+00:00
[2024-03-16T11:25:46.060+0500] {logging_mixin.py:188} INFO - [2024-03-16T11:25:46.059+0500] {dag.py:3834} INFO - Setting next_dagrun for example_subdag_operator.section-1 to None, run_after=None
[2024-03-16T11:25:46.061+0500] {logging_mixin.py:188} INFO - [2024-03-16T11:25:46.060+0500] {dag.py:3834} INFO - Setting next_dagrun for example_subdag_operator.section-2 to None, run_after=None
[2024-03-16T11:25:46.066+0500] {logging_mixin.py:188} INFO - [2024-03-16T11:25:46.065+0500] {dag.py:3047} INFO - Sync 2 DAGs
[2024-03-16T11:25:46.070+0500] {logging_mixin.py:188} INFO - [2024-03-16T11:25:46.070+0500] {dag.py:3834} INFO - Setting next_dagrun for example_subdag_operator.section-1 to None, run_after=None
[2024-03-16T11:25:46.070+0500] {logging_mixin.py:188} INFO - [2024-03-16T11:25:46.070+0500] {dag.py:3834} INFO - Setting next_dagrun for example_subdag_operator.section-2 to None, run_after=None
[2024-03-16T11:25:46.182+0500] {processor.py:183} INFO - Processing /home/muhammadsami/Public/Projects/Airflow/DataPipelineswithApacheAirflow/.env/lib/python3.8/site-packages/airflow/example_dags/example_subdag_operator.py took 0.205 seconds
[2024-03-16T11:26:36.227+0500] {processor.py:161} INFO - Started process (PID=18726) to work on /home/muhammadsami/Public/Projects/Airflow/DataPipelineswithApacheAirflow/.env/lib/python3.8/site-packages/airflow/example_dags/example_subdag_operator.py
[2024-03-16T11:26:36.252+0500] {processor.py:830} INFO - Processing file /home/muhammadsami/Public/Projects/Airflow/DataPipelineswithApacheAirflow/.env/lib/python3.8/site-packages/airflow/example_dags/example_subdag_operator.py for tasks to queue
[2024-03-16T11:26:36.253+0500] {logging_mixin.py:188} INFO - [2024-03-16T11:26:36.253+0500] {dagbag.py:540} INFO - Filling up the DagBag from /home/muhammadsami/Public/Projects/Airflow/DataPipelineswithApacheAirflow/.env/lib/python3.8/site-packages/airflow/example_dags/example_subdag_operator.py
[2024-03-16T11:26:36.273+0500] {processor.py:840} INFO - DAG(s) 'example_subdag_operator.section-1', 'example_subdag_operator.section-2', 'example_subdag_operator' retrieved from /home/muhammadsami/Public/Projects/Airflow/DataPipelineswithApacheAirflow/.env/lib/python3.8/site-packages/airflow/example_dags/example_subdag_operator.py
[2024-03-16T11:26:36.288+0500] {logging_mixin.py:188} INFO - [2024-03-16T11:26:36.288+0500] {dag.py:3047} INFO - Sync 3 DAGs
[2024-03-16T11:26:36.307+0500] {logging_mixin.py:188} INFO - [2024-03-16T11:26:36.307+0500] {dag.py:3834} INFO - Setting next_dagrun for example_subdag_operator to 2022-01-01 00:00:00+00:00, run_after=2022-01-01 00:00:00+00:00
[2024-03-16T11:26:36.310+0500] {logging_mixin.py:188} INFO - [2024-03-16T11:26:36.310+0500] {dag.py:3834} INFO - Setting next_dagrun for example_subdag_operator.section-1 to None, run_after=None
[2024-03-16T11:26:36.312+0500] {logging_mixin.py:188} INFO - [2024-03-16T11:26:36.311+0500] {dag.py:3834} INFO - Setting next_dagrun for example_subdag_operator.section-2 to None, run_after=None
[2024-03-16T11:26:36.318+0500] {logging_mixin.py:188} INFO - [2024-03-16T11:26:36.318+0500] {dag.py:3047} INFO - Sync 2 DAGs
[2024-03-16T11:26:36.323+0500] {logging_mixin.py:188} INFO - [2024-03-16T11:26:36.323+0500] {dag.py:3834} INFO - Setting next_dagrun for example_subdag_operator.section-1 to None, run_after=None
[2024-03-16T11:26:36.324+0500] {logging_mixin.py:188} INFO - [2024-03-16T11:26:36.324+0500] {dag.py:3834} INFO - Setting next_dagrun for example_subdag_operator.section-2 to None, run_after=None
[2024-03-16T11:26:36.540+0500] {processor.py:183} INFO - Processing /home/muhammadsami/Public/Projects/Airflow/DataPipelineswithApacheAirflow/.env/lib/python3.8/site-packages/airflow/example_dags/example_subdag_operator.py took 0.315 seconds
[2024-03-16T11:27:28.450+0500] {processor.py:161} INFO - Started process (PID=18779) to work on /home/muhammadsami/Public/Projects/Airflow/DataPipelineswithApacheAirflow/.env/lib/python3.8/site-packages/airflow/example_dags/example_subdag_operator.py
[2024-03-16T11:27:28.452+0500] {processor.py:830} INFO - Processing file /home/muhammadsami/Public/Projects/Airflow/DataPipelineswithApacheAirflow/.env/lib/python3.8/site-packages/airflow/example_dags/example_subdag_operator.py for tasks to queue
[2024-03-16T11:27:28.453+0500] {logging_mixin.py:188} INFO - [2024-03-16T11:27:28.452+0500] {dagbag.py:540} INFO - Filling up the DagBag from /home/muhammadsami/Public/Projects/Airflow/DataPipelineswithApacheAirflow/.env/lib/python3.8/site-packages/airflow/example_dags/example_subdag_operator.py
[2024-03-16T11:27:28.472+0500] {processor.py:840} INFO - DAG(s) 'example_subdag_operator.section-1', 'example_subdag_operator.section-2', 'example_subdag_operator' retrieved from /home/muhammadsami/Public/Projects/Airflow/DataPipelineswithApacheAirflow/.env/lib/python3.8/site-packages/airflow/example_dags/example_subdag_operator.py
[2024-03-16T11:27:28.486+0500] {logging_mixin.py:188} INFO - [2024-03-16T11:27:28.486+0500] {dag.py:3047} INFO - Sync 3 DAGs
[2024-03-16T11:27:28.503+0500] {logging_mixin.py:188} INFO - [2024-03-16T11:27:28.503+0500] {dag.py:3834} INFO - Setting next_dagrun for example_subdag_operator to 2022-01-01 00:00:00+00:00, run_after=2022-01-01 00:00:00+00:00
[2024-03-16T11:27:28.506+0500] {logging_mixin.py:188} INFO - [2024-03-16T11:27:28.506+0500] {dag.py:3834} INFO - Setting next_dagrun for example_subdag_operator.section-1 to None, run_after=None
[2024-03-16T11:27:28.507+0500] {logging_mixin.py:188} INFO - [2024-03-16T11:27:28.507+0500] {dag.py:3834} INFO - Setting next_dagrun for example_subdag_operator.section-2 to None, run_after=None
[2024-03-16T11:27:28.513+0500] {logging_mixin.py:188} INFO - [2024-03-16T11:27:28.512+0500] {dag.py:3047} INFO - Sync 2 DAGs
[2024-03-16T11:27:28.516+0500] {logging_mixin.py:188} INFO - [2024-03-16T11:27:28.516+0500] {dag.py:3834} INFO - Setting next_dagrun for example_subdag_operator.section-1 to None, run_after=None
[2024-03-16T11:27:28.517+0500] {logging_mixin.py:188} INFO - [2024-03-16T11:27:28.516+0500] {dag.py:3834} INFO - Setting next_dagrun for example_subdag_operator.section-2 to None, run_after=None
[2024-03-16T11:27:28.613+0500] {processor.py:183} INFO - Processing /home/muhammadsami/Public/Projects/Airflow/DataPipelineswithApacheAirflow/.env/lib/python3.8/site-packages/airflow/example_dags/example_subdag_operator.py took 0.165 seconds
[2024-03-16T11:28:13.952+0500] {processor.py:161} INFO - Started process (PID=18826) to work on /home/muhammadsami/Public/Projects/Airflow/DataPipelineswithApacheAirflow/.env/lib/python3.8/site-packages/airflow/example_dags/example_subdag_operator.py
[2024-03-16T11:28:13.953+0500] {processor.py:830} INFO - Processing file /home/muhammadsami/Public/Projects/Airflow/DataPipelineswithApacheAirflow/.env/lib/python3.8/site-packages/airflow/example_dags/example_subdag_operator.py for tasks to queue
[2024-03-16T11:28:13.954+0500] {logging_mixin.py:188} INFO - [2024-03-16T11:28:13.954+0500] {dagbag.py:540} INFO - Filling up the DagBag from /home/muhammadsami/Public/Projects/Airflow/DataPipelineswithApacheAirflow/.env/lib/python3.8/site-packages/airflow/example_dags/example_subdag_operator.py
[2024-03-16T11:28:13.973+0500] {processor.py:840} INFO - DAG(s) 'example_subdag_operator.section-1', 'example_subdag_operator.section-2', 'example_subdag_operator' retrieved from /home/muhammadsami/Public/Projects/Airflow/DataPipelineswithApacheAirflow/.env/lib/python3.8/site-packages/airflow/example_dags/example_subdag_operator.py
[2024-03-16T11:28:13.986+0500] {logging_mixin.py:188} INFO - [2024-03-16T11:28:13.985+0500] {dag.py:3047} INFO - Sync 3 DAGs
[2024-03-16T11:28:14.002+0500] {logging_mixin.py:188} INFO - [2024-03-16T11:28:14.001+0500] {dag.py:3834} INFO - Setting next_dagrun for example_subdag_operator to 2022-01-01 00:00:00+00:00, run_after=2022-01-01 00:00:00+00:00
[2024-03-16T11:28:14.005+0500] {logging_mixin.py:188} INFO - [2024-03-16T11:28:14.004+0500] {dag.py:3834} INFO - Setting next_dagrun for example_subdag_operator.section-1 to None, run_after=None
[2024-03-16T11:28:14.006+0500] {logging_mixin.py:188} INFO - [2024-03-16T11:28:14.005+0500] {dag.py:3834} INFO - Setting next_dagrun for example_subdag_operator.section-2 to None, run_after=None
[2024-03-16T11:28:14.011+0500] {logging_mixin.py:188} INFO - [2024-03-16T11:28:14.011+0500] {dag.py:3047} INFO - Sync 2 DAGs
[2024-03-16T11:28:14.014+0500] {logging_mixin.py:188} INFO - [2024-03-16T11:28:14.014+0500] {dag.py:3834} INFO - Setting next_dagrun for example_subdag_operator.section-1 to None, run_after=None
[2024-03-16T11:28:14.015+0500] {logging_mixin.py:188} INFO - [2024-03-16T11:28:14.015+0500] {dag.py:3834} INFO - Setting next_dagrun for example_subdag_operator.section-2 to None, run_after=None
[2024-03-16T11:28:14.108+0500] {processor.py:183} INFO - Processing /home/muhammadsami/Public/Projects/Airflow/DataPipelineswithApacheAirflow/.env/lib/python3.8/site-packages/airflow/example_dags/example_subdag_operator.py took 0.159 seconds
[2024-03-16T11:29:01.754+0500] {processor.py:161} INFO - Started process (PID=18893) to work on /home/muhammadsami/Public/Projects/Airflow/DataPipelineswithApacheAirflow/.env/lib/python3.8/site-packages/airflow/example_dags/example_subdag_operator.py
[2024-03-16T11:29:01.770+0500] {processor.py:830} INFO - Processing file /home/muhammadsami/Public/Projects/Airflow/DataPipelineswithApacheAirflow/.env/lib/python3.8/site-packages/airflow/example_dags/example_subdag_operator.py for tasks to queue
[2024-03-16T11:29:01.771+0500] {logging_mixin.py:188} INFO - [2024-03-16T11:29:01.770+0500] {dagbag.py:540} INFO - Filling up the DagBag from /home/muhammadsami/Public/Projects/Airflow/DataPipelineswithApacheAirflow/.env/lib/python3.8/site-packages/airflow/example_dags/example_subdag_operator.py
[2024-03-16T11:29:01.791+0500] {processor.py:840} INFO - DAG(s) 'example_subdag_operator.section-1', 'example_subdag_operator.section-2', 'example_subdag_operator' retrieved from /home/muhammadsami/Public/Projects/Airflow/DataPipelineswithApacheAirflow/.env/lib/python3.8/site-packages/airflow/example_dags/example_subdag_operator.py
[2024-03-16T11:29:01.804+0500] {logging_mixin.py:188} INFO - [2024-03-16T11:29:01.803+0500] {dag.py:3047} INFO - Sync 3 DAGs
[2024-03-16T11:29:01.820+0500] {logging_mixin.py:188} INFO - [2024-03-16T11:29:01.819+0500] {dag.py:3834} INFO - Setting next_dagrun for example_subdag_operator to 2022-01-01 00:00:00+00:00, run_after=2022-01-01 00:00:00+00:00
[2024-03-16T11:29:01.822+0500] {logging_mixin.py:188} INFO - [2024-03-16T11:29:01.822+0500] {dag.py:3834} INFO - Setting next_dagrun for example_subdag_operator.section-1 to None, run_after=None
[2024-03-16T11:29:01.823+0500] {logging_mixin.py:188} INFO - [2024-03-16T11:29:01.823+0500] {dag.py:3834} INFO - Setting next_dagrun for example_subdag_operator.section-2 to None, run_after=None
[2024-03-16T11:29:01.828+0500] {logging_mixin.py:188} INFO - [2024-03-16T11:29:01.828+0500] {dag.py:3047} INFO - Sync 2 DAGs
[2024-03-16T11:29:01.832+0500] {logging_mixin.py:188} INFO - [2024-03-16T11:29:01.832+0500] {dag.py:3834} INFO - Setting next_dagrun for example_subdag_operator.section-1 to None, run_after=None
[2024-03-16T11:29:01.832+0500] {logging_mixin.py:188} INFO - [2024-03-16T11:29:01.832+0500] {dag.py:3834} INFO - Setting next_dagrun for example_subdag_operator.section-2 to None, run_after=None
[2024-03-16T11:29:01.914+0500] {processor.py:183} INFO - Processing /home/muhammadsami/Public/Projects/Airflow/DataPipelineswithApacheAirflow/.env/lib/python3.8/site-packages/airflow/example_dags/example_subdag_operator.py took 0.162 seconds
[2024-03-16T11:29:51.748+0500] {processor.py:161} INFO - Started process (PID=18946) to work on /home/muhammadsami/Public/Projects/Airflow/DataPipelineswithApacheAirflow/.env/lib/python3.8/site-packages/airflow/example_dags/example_subdag_operator.py
[2024-03-16T11:29:51.750+0500] {processor.py:830} INFO - Processing file /home/muhammadsami/Public/Projects/Airflow/DataPipelineswithApacheAirflow/.env/lib/python3.8/site-packages/airflow/example_dags/example_subdag_operator.py for tasks to queue
[2024-03-16T11:29:51.751+0500] {logging_mixin.py:188} INFO - [2024-03-16T11:29:51.751+0500] {dagbag.py:540} INFO - Filling up the DagBag from /home/muhammadsami/Public/Projects/Airflow/DataPipelineswithApacheAirflow/.env/lib/python3.8/site-packages/airflow/example_dags/example_subdag_operator.py
[2024-03-16T11:29:51.771+0500] {processor.py:840} INFO - DAG(s) 'example_subdag_operator.section-1', 'example_subdag_operator.section-2', 'example_subdag_operator' retrieved from /home/muhammadsami/Public/Projects/Airflow/DataPipelineswithApacheAirflow/.env/lib/python3.8/site-packages/airflow/example_dags/example_subdag_operator.py
[2024-03-16T11:29:51.784+0500] {logging_mixin.py:188} INFO - [2024-03-16T11:29:51.784+0500] {dag.py:3047} INFO - Sync 3 DAGs
[2024-03-16T11:29:51.801+0500] {logging_mixin.py:188} INFO - [2024-03-16T11:29:51.801+0500] {dag.py:3834} INFO - Setting next_dagrun for example_subdag_operator to 2022-01-01 00:00:00+00:00, run_after=2022-01-01 00:00:00+00:00
[2024-03-16T11:29:51.804+0500] {logging_mixin.py:188} INFO - [2024-03-16T11:29:51.804+0500] {dag.py:3834} INFO - Setting next_dagrun for example_subdag_operator.section-1 to None, run_after=None
[2024-03-16T11:29:51.805+0500] {logging_mixin.py:188} INFO - [2024-03-16T11:29:51.805+0500] {dag.py:3834} INFO - Setting next_dagrun for example_subdag_operator.section-2 to None, run_after=None
[2024-03-16T11:29:51.810+0500] {logging_mixin.py:188} INFO - [2024-03-16T11:29:51.809+0500] {dag.py:3047} INFO - Sync 2 DAGs
[2024-03-16T11:29:51.813+0500] {logging_mixin.py:188} INFO - [2024-03-16T11:29:51.813+0500] {dag.py:3834} INFO - Setting next_dagrun for example_subdag_operator.section-1 to None, run_after=None
[2024-03-16T11:29:51.814+0500] {logging_mixin.py:188} INFO - [2024-03-16T11:29:51.814+0500] {dag.py:3834} INFO - Setting next_dagrun for example_subdag_operator.section-2 to None, run_after=None
[2024-03-16T11:29:51.907+0500] {processor.py:183} INFO - Processing /home/muhammadsami/Public/Projects/Airflow/DataPipelineswithApacheAirflow/.env/lib/python3.8/site-packages/airflow/example_dags/example_subdag_operator.py took 0.161 seconds
[2024-03-16T11:30:44.225+0500] {processor.py:161} INFO - Started process (PID=19009) to work on /home/muhammadsami/Public/Projects/Airflow/DataPipelineswithApacheAirflow/.env/lib/python3.8/site-packages/airflow/example_dags/example_subdag_operator.py
[2024-03-16T11:30:44.237+0500] {processor.py:830} INFO - Processing file /home/muhammadsami/Public/Projects/Airflow/DataPipelineswithApacheAirflow/.env/lib/python3.8/site-packages/airflow/example_dags/example_subdag_operator.py for tasks to queue
[2024-03-16T11:30:44.238+0500] {logging_mixin.py:188} INFO - [2024-03-16T11:30:44.238+0500] {dagbag.py:540} INFO - Filling up the DagBag from /home/muhammadsami/Public/Projects/Airflow/DataPipelineswithApacheAirflow/.env/lib/python3.8/site-packages/airflow/example_dags/example_subdag_operator.py
[2024-03-16T11:30:44.255+0500] {processor.py:840} INFO - DAG(s) 'example_subdag_operator.section-1', 'example_subdag_operator.section-2', 'example_subdag_operator' retrieved from /home/muhammadsami/Public/Projects/Airflow/DataPipelineswithApacheAirflow/.env/lib/python3.8/site-packages/airflow/example_dags/example_subdag_operator.py
[2024-03-16T11:30:44.268+0500] {logging_mixin.py:188} INFO - [2024-03-16T11:30:44.268+0500] {dag.py:3047} INFO - Sync 3 DAGs
[2024-03-16T11:30:44.284+0500] {logging_mixin.py:188} INFO - [2024-03-16T11:30:44.284+0500] {dag.py:3834} INFO - Setting next_dagrun for example_subdag_operator to 2022-01-01 00:00:00+00:00, run_after=2022-01-01 00:00:00+00:00
[2024-03-16T11:30:44.287+0500] {logging_mixin.py:188} INFO - [2024-03-16T11:30:44.286+0500] {dag.py:3834} INFO - Setting next_dagrun for example_subdag_operator.section-1 to None, run_after=None
[2024-03-16T11:30:44.287+0500] {logging_mixin.py:188} INFO - [2024-03-16T11:30:44.287+0500] {dag.py:3834} INFO - Setting next_dagrun for example_subdag_operator.section-2 to None, run_after=None
[2024-03-16T11:30:44.294+0500] {logging_mixin.py:188} INFO - [2024-03-16T11:30:44.294+0500] {dag.py:3047} INFO - Sync 2 DAGs
[2024-03-16T11:30:44.297+0500] {logging_mixin.py:188} INFO - [2024-03-16T11:30:44.297+0500] {dag.py:3834} INFO - Setting next_dagrun for example_subdag_operator.section-1 to None, run_after=None
[2024-03-16T11:30:44.298+0500] {logging_mixin.py:188} INFO - [2024-03-16T11:30:44.297+0500] {dag.py:3834} INFO - Setting next_dagrun for example_subdag_operator.section-2 to None, run_after=None
[2024-03-16T11:30:44.384+0500] {processor.py:183} INFO - Processing /home/muhammadsami/Public/Projects/Airflow/DataPipelineswithApacheAirflow/.env/lib/python3.8/site-packages/airflow/example_dags/example_subdag_operator.py took 0.162 seconds
[2024-03-16T11:38:48.851+0500] {processor.py:161} INFO - Started process (PID=19505) to work on /home/muhammadsami/Public/Projects/Airflow/DataPipelineswithApacheAirflow/.env/lib/python3.8/site-packages/airflow/example_dags/example_subdag_operator.py
[2024-03-16T11:38:48.895+0500] {processor.py:830} INFO - Processing file /home/muhammadsami/Public/Projects/Airflow/DataPipelineswithApacheAirflow/.env/lib/python3.8/site-packages/airflow/example_dags/example_subdag_operator.py for tasks to queue
[2024-03-16T11:38:48.896+0500] {logging_mixin.py:188} INFO - [2024-03-16T11:38:48.895+0500] {dagbag.py:540} INFO - Filling up the DagBag from /home/muhammadsami/Public/Projects/Airflow/DataPipelineswithApacheAirflow/.env/lib/python3.8/site-packages/airflow/example_dags/example_subdag_operator.py
[2024-03-16T11:38:48.936+0500] {processor.py:840} INFO - DAG(s) 'example_subdag_operator.section-1', 'example_subdag_operator.section-2', 'example_subdag_operator' retrieved from /home/muhammadsami/Public/Projects/Airflow/DataPipelineswithApacheAirflow/.env/lib/python3.8/site-packages/airflow/example_dags/example_subdag_operator.py
[2024-03-16T11:38:48.966+0500] {logging_mixin.py:188} INFO - [2024-03-16T11:38:48.965+0500] {dag.py:3047} INFO - Sync 3 DAGs
[2024-03-16T11:38:49.023+0500] {logging_mixin.py:188} INFO - [2024-03-16T11:38:49.022+0500] {dag.py:3834} INFO - Setting next_dagrun for example_subdag_operator to 2022-01-01 00:00:00+00:00, run_after=2022-01-01 00:00:00+00:00
[2024-03-16T11:38:49.032+0500] {logging_mixin.py:188} INFO - [2024-03-16T11:38:49.031+0500] {dag.py:3834} INFO - Setting next_dagrun for example_subdag_operator.section-1 to None, run_after=None
[2024-03-16T11:38:49.037+0500] {logging_mixin.py:188} INFO - [2024-03-16T11:38:49.035+0500] {dag.py:3834} INFO - Setting next_dagrun for example_subdag_operator.section-2 to None, run_after=None
[2024-03-16T11:38:49.058+0500] {logging_mixin.py:188} INFO - [2024-03-16T11:38:49.057+0500] {dag.py:3047} INFO - Sync 2 DAGs
[2024-03-16T11:38:49.092+0500] {logging_mixin.py:188} INFO - [2024-03-16T11:38:49.091+0500] {dag.py:3834} INFO - Setting next_dagrun for example_subdag_operator.section-1 to None, run_after=None
[2024-03-16T11:38:49.092+0500] {logging_mixin.py:188} INFO - [2024-03-16T11:38:49.092+0500] {dag.py:3834} INFO - Setting next_dagrun for example_subdag_operator.section-2 to None, run_after=None
[2024-03-16T11:38:49.390+0500] {processor.py:183} INFO - Processing /home/muhammadsami/Public/Projects/Airflow/DataPipelineswithApacheAirflow/.env/lib/python3.8/site-packages/airflow/example_dags/example_subdag_operator.py took 0.544 seconds
[2024-03-16T11:39:50.456+0500] {processor.py:161} INFO - Started process (PID=19817) to work on /home/muhammadsami/Public/Projects/Airflow/DataPipelineswithApacheAirflow/.env/lib/python3.8/site-packages/airflow/example_dags/example_subdag_operator.py
[2024-03-16T11:39:50.469+0500] {processor.py:830} INFO - Processing file /home/muhammadsami/Public/Projects/Airflow/DataPipelineswithApacheAirflow/.env/lib/python3.8/site-packages/airflow/example_dags/example_subdag_operator.py for tasks to queue
[2024-03-16T11:39:50.470+0500] {logging_mixin.py:188} INFO - [2024-03-16T11:39:50.469+0500] {dagbag.py:540} INFO - Filling up the DagBag from /home/muhammadsami/Public/Projects/Airflow/DataPipelineswithApacheAirflow/.env/lib/python3.8/site-packages/airflow/example_dags/example_subdag_operator.py
[2024-03-16T11:39:50.488+0500] {processor.py:840} INFO - DAG(s) 'example_subdag_operator.section-1', 'example_subdag_operator.section-2', 'example_subdag_operator' retrieved from /home/muhammadsami/Public/Projects/Airflow/DataPipelineswithApacheAirflow/.env/lib/python3.8/site-packages/airflow/example_dags/example_subdag_operator.py
[2024-03-16T11:39:50.503+0500] {logging_mixin.py:188} INFO - [2024-03-16T11:39:50.503+0500] {dag.py:3047} INFO - Sync 3 DAGs
[2024-03-16T11:39:50.520+0500] {logging_mixin.py:188} INFO - [2024-03-16T11:39:50.520+0500] {dag.py:3834} INFO - Setting next_dagrun for example_subdag_operator to 2022-01-01 00:00:00+00:00, run_after=2022-01-01 00:00:00+00:00
[2024-03-16T11:39:50.523+0500] {logging_mixin.py:188} INFO - [2024-03-16T11:39:50.523+0500] {dag.py:3834} INFO - Setting next_dagrun for example_subdag_operator.section-1 to None, run_after=None
[2024-03-16T11:39:50.524+0500] {logging_mixin.py:188} INFO - [2024-03-16T11:39:50.524+0500] {dag.py:3834} INFO - Setting next_dagrun for example_subdag_operator.section-2 to None, run_after=None
[2024-03-16T11:39:50.532+0500] {logging_mixin.py:188} INFO - [2024-03-16T11:39:50.532+0500] {dag.py:3047} INFO - Sync 2 DAGs
[2024-03-16T11:39:50.536+0500] {logging_mixin.py:188} INFO - [2024-03-16T11:39:50.536+0500] {dag.py:3834} INFO - Setting next_dagrun for example_subdag_operator.section-1 to None, run_after=None
[2024-03-16T11:39:50.536+0500] {logging_mixin.py:188} INFO - [2024-03-16T11:39:50.536+0500] {dag.py:3834} INFO - Setting next_dagrun for example_subdag_operator.section-2 to None, run_after=None
[2024-03-16T11:39:50.617+0500] {processor.py:183} INFO - Processing /home/muhammadsami/Public/Projects/Airflow/DataPipelineswithApacheAirflow/.env/lib/python3.8/site-packages/airflow/example_dags/example_subdag_operator.py took 0.164 seconds
[2024-03-16T11:41:03.526+0500] {processor.py:161} INFO - Started process (PID=20095) to work on /home/muhammadsami/Public/Projects/Airflow/DataPipelineswithApacheAirflow/.env/lib/python3.8/site-packages/airflow/example_dags/example_subdag_operator.py
[2024-03-16T11:41:03.566+0500] {processor.py:830} INFO - Processing file /home/muhammadsami/Public/Projects/Airflow/DataPipelineswithApacheAirflow/.env/lib/python3.8/site-packages/airflow/example_dags/example_subdag_operator.py for tasks to queue
[2024-03-16T11:41:03.566+0500] {logging_mixin.py:188} INFO - [2024-03-16T11:41:03.566+0500] {dagbag.py:540} INFO - Filling up the DagBag from /home/muhammadsami/Public/Projects/Airflow/DataPipelineswithApacheAirflow/.env/lib/python3.8/site-packages/airflow/example_dags/example_subdag_operator.py
[2024-03-16T11:41:03.750+0500] {processor.py:840} INFO - DAG(s) 'example_subdag_operator.section-1', 'example_subdag_operator.section-2', 'example_subdag_operator' retrieved from /home/muhammadsami/Public/Projects/Airflow/DataPipelineswithApacheAirflow/.env/lib/python3.8/site-packages/airflow/example_dags/example_subdag_operator.py
[2024-03-16T11:41:03.973+0500] {logging_mixin.py:188} INFO - [2024-03-16T11:41:03.972+0500] {dag.py:3047} INFO - Sync 3 DAGs
[2024-03-16T11:41:04.920+0500] {logging_mixin.py:188} INFO - [2024-03-16T11:41:04.920+0500] {dag.py:3834} INFO - Setting next_dagrun for example_subdag_operator to 2022-01-01 00:00:00+00:00, run_after=2022-01-01 00:00:00+00:00
[2024-03-16T11:41:05.554+0500] {logging_mixin.py:188} INFO - [2024-03-16T11:41:05.554+0500] {dag.py:3834} INFO - Setting next_dagrun for example_subdag_operator.section-1 to None, run_after=None
[2024-03-16T11:41:05.555+0500] {logging_mixin.py:188} INFO - [2024-03-16T11:41:05.555+0500] {dag.py:3834} INFO - Setting next_dagrun for example_subdag_operator.section-2 to None, run_after=None
[2024-03-16T11:41:05.562+0500] {logging_mixin.py:188} INFO - [2024-03-16T11:41:05.562+0500] {dag.py:3047} INFO - Sync 2 DAGs
[2024-03-16T11:41:05.567+0500] {logging_mixin.py:188} INFO - [2024-03-16T11:41:05.566+0500] {dag.py:3834} INFO - Setting next_dagrun for example_subdag_operator.section-1 to None, run_after=None
[2024-03-16T11:41:05.567+0500] {logging_mixin.py:188} INFO - [2024-03-16T11:41:05.567+0500] {dag.py:3834} INFO - Setting next_dagrun for example_subdag_operator.section-2 to None, run_after=None
[2024-03-16T11:41:06.230+0500] {processor.py:183} INFO - Processing /home/muhammadsami/Public/Projects/Airflow/DataPipelineswithApacheAirflow/.env/lib/python3.8/site-packages/airflow/example_dags/example_subdag_operator.py took 2.706 seconds
[2024-03-16T11:42:12.450+0500] {processor.py:161} INFO - Started process (PID=20235) to work on /home/muhammadsami/Public/Projects/Airflow/DataPipelineswithApacheAirflow/.env/lib/python3.8/site-packages/airflow/example_dags/example_subdag_operator.py
[2024-03-16T11:42:12.452+0500] {processor.py:830} INFO - Processing file /home/muhammadsami/Public/Projects/Airflow/DataPipelineswithApacheAirflow/.env/lib/python3.8/site-packages/airflow/example_dags/example_subdag_operator.py for tasks to queue
[2024-03-16T11:42:12.453+0500] {logging_mixin.py:188} INFO - [2024-03-16T11:42:12.452+0500] {dagbag.py:540} INFO - Filling up the DagBag from /home/muhammadsami/Public/Projects/Airflow/DataPipelineswithApacheAirflow/.env/lib/python3.8/site-packages/airflow/example_dags/example_subdag_operator.py
[2024-03-16T11:42:12.470+0500] {processor.py:840} INFO - DAG(s) 'example_subdag_operator.section-1', 'example_subdag_operator.section-2', 'example_subdag_operator' retrieved from /home/muhammadsami/Public/Projects/Airflow/DataPipelineswithApacheAirflow/.env/lib/python3.8/site-packages/airflow/example_dags/example_subdag_operator.py
[2024-03-16T11:42:12.483+0500] {logging_mixin.py:188} INFO - [2024-03-16T11:42:12.483+0500] {dag.py:3047} INFO - Sync 3 DAGs
[2024-03-16T11:42:12.499+0500] {logging_mixin.py:188} INFO - [2024-03-16T11:42:12.499+0500] {dag.py:3834} INFO - Setting next_dagrun for example_subdag_operator to 2022-01-01 00:00:00+00:00, run_after=2022-01-01 00:00:00+00:00
[2024-03-16T11:42:12.502+0500] {logging_mixin.py:188} INFO - [2024-03-16T11:42:12.502+0500] {dag.py:3834} INFO - Setting next_dagrun for example_subdag_operator.section-1 to None, run_after=None
[2024-03-16T11:42:12.503+0500] {logging_mixin.py:188} INFO - [2024-03-16T11:42:12.503+0500] {dag.py:3834} INFO - Setting next_dagrun for example_subdag_operator.section-2 to None, run_after=None
[2024-03-16T11:42:12.508+0500] {logging_mixin.py:188} INFO - [2024-03-16T11:42:12.508+0500] {dag.py:3047} INFO - Sync 2 DAGs
[2024-03-16T11:42:12.511+0500] {logging_mixin.py:188} INFO - [2024-03-16T11:42:12.511+0500] {dag.py:3834} INFO - Setting next_dagrun for example_subdag_operator.section-1 to None, run_after=None
[2024-03-16T11:42:12.512+0500] {logging_mixin.py:188} INFO - [2024-03-16T11:42:12.511+0500] {dag.py:3834} INFO - Setting next_dagrun for example_subdag_operator.section-2 to None, run_after=None
[2024-03-16T11:42:12.610+0500] {processor.py:183} INFO - Processing /home/muhammadsami/Public/Projects/Airflow/DataPipelineswithApacheAirflow/.env/lib/python3.8/site-packages/airflow/example_dags/example_subdag_operator.py took 0.163 seconds
[2024-03-16T11:43:03.169+0500] {processor.py:161} INFO - Started process (PID=20295) to work on /home/muhammadsami/Public/Projects/Airflow/DataPipelineswithApacheAirflow/.env/lib/python3.8/site-packages/airflow/example_dags/example_subdag_operator.py
[2024-03-16T11:43:03.170+0500] {processor.py:830} INFO - Processing file /home/muhammadsami/Public/Projects/Airflow/DataPipelineswithApacheAirflow/.env/lib/python3.8/site-packages/airflow/example_dags/example_subdag_operator.py for tasks to queue
[2024-03-16T11:43:03.171+0500] {logging_mixin.py:188} INFO - [2024-03-16T11:43:03.171+0500] {dagbag.py:540} INFO - Filling up the DagBag from /home/muhammadsami/Public/Projects/Airflow/DataPipelineswithApacheAirflow/.env/lib/python3.8/site-packages/airflow/example_dags/example_subdag_operator.py
[2024-03-16T11:43:03.190+0500] {processor.py:840} INFO - DAG(s) 'example_subdag_operator.section-1', 'example_subdag_operator.section-2', 'example_subdag_operator' retrieved from /home/muhammadsami/Public/Projects/Airflow/DataPipelineswithApacheAirflow/.env/lib/python3.8/site-packages/airflow/example_dags/example_subdag_operator.py
[2024-03-16T11:43:03.203+0500] {logging_mixin.py:188} INFO - [2024-03-16T11:43:03.202+0500] {dag.py:3047} INFO - Sync 3 DAGs
[2024-03-16T11:43:03.220+0500] {logging_mixin.py:188} INFO - [2024-03-16T11:43:03.220+0500] {dag.py:3834} INFO - Setting next_dagrun for example_subdag_operator to 2022-01-01 00:00:00+00:00, run_after=2022-01-01 00:00:00+00:00
[2024-03-16T11:43:03.223+0500] {logging_mixin.py:188} INFO - [2024-03-16T11:43:03.223+0500] {dag.py:3834} INFO - Setting next_dagrun for example_subdag_operator.section-1 to None, run_after=None
[2024-03-16T11:43:03.224+0500] {logging_mixin.py:188} INFO - [2024-03-16T11:43:03.224+0500] {dag.py:3834} INFO - Setting next_dagrun for example_subdag_operator.section-2 to None, run_after=None
[2024-03-16T11:43:03.229+0500] {logging_mixin.py:188} INFO - [2024-03-16T11:43:03.229+0500] {dag.py:3047} INFO - Sync 2 DAGs
[2024-03-16T11:43:03.232+0500] {logging_mixin.py:188} INFO - [2024-03-16T11:43:03.232+0500] {dag.py:3834} INFO - Setting next_dagrun for example_subdag_operator.section-1 to None, run_after=None
[2024-03-16T11:43:03.233+0500] {logging_mixin.py:188} INFO - [2024-03-16T11:43:03.233+0500] {dag.py:3834} INFO - Setting next_dagrun for example_subdag_operator.section-2 to None, run_after=None
[2024-03-16T11:43:03.304+0500] {processor.py:183} INFO - Processing /home/muhammadsami/Public/Projects/Airflow/DataPipelineswithApacheAirflow/.env/lib/python3.8/site-packages/airflow/example_dags/example_subdag_operator.py took 0.137 seconds
[2024-03-16T11:43:58.753+0500] {processor.py:161} INFO - Started process (PID=20378) to work on /home/muhammadsami/Public/Projects/Airflow/DataPipelineswithApacheAirflow/.env/lib/python3.8/site-packages/airflow/example_dags/example_subdag_operator.py
[2024-03-16T11:43:58.754+0500] {processor.py:830} INFO - Processing file /home/muhammadsami/Public/Projects/Airflow/DataPipelineswithApacheAirflow/.env/lib/python3.8/site-packages/airflow/example_dags/example_subdag_operator.py for tasks to queue
[2024-03-16T11:43:58.755+0500] {logging_mixin.py:188} INFO - [2024-03-16T11:43:58.755+0500] {dagbag.py:540} INFO - Filling up the DagBag from /home/muhammadsami/Public/Projects/Airflow/DataPipelineswithApacheAirflow/.env/lib/python3.8/site-packages/airflow/example_dags/example_subdag_operator.py
[2024-03-16T11:43:58.775+0500] {processor.py:840} INFO - DAG(s) 'example_subdag_operator.section-1', 'example_subdag_operator.section-2', 'example_subdag_operator' retrieved from /home/muhammadsami/Public/Projects/Airflow/DataPipelineswithApacheAirflow/.env/lib/python3.8/site-packages/airflow/example_dags/example_subdag_operator.py
[2024-03-16T11:43:58.789+0500] {logging_mixin.py:188} INFO - [2024-03-16T11:43:58.789+0500] {dag.py:3047} INFO - Sync 3 DAGs
[2024-03-16T11:43:58.807+0500] {logging_mixin.py:188} INFO - [2024-03-16T11:43:58.807+0500] {dag.py:3834} INFO - Setting next_dagrun for example_subdag_operator to 2022-01-01 00:00:00+00:00, run_after=2022-01-01 00:00:00+00:00
[2024-03-16T11:43:58.810+0500] {logging_mixin.py:188} INFO - [2024-03-16T11:43:58.810+0500] {dag.py:3834} INFO - Setting next_dagrun for example_subdag_operator.section-1 to None, run_after=None
[2024-03-16T11:43:58.811+0500] {logging_mixin.py:188} INFO - [2024-03-16T11:43:58.811+0500] {dag.py:3834} INFO - Setting next_dagrun for example_subdag_operator.section-2 to None, run_after=None
[2024-03-16T11:43:58.817+0500] {logging_mixin.py:188} INFO - [2024-03-16T11:43:58.817+0500] {dag.py:3047} INFO - Sync 2 DAGs
[2024-03-16T11:43:58.821+0500] {logging_mixin.py:188} INFO - [2024-03-16T11:43:58.821+0500] {dag.py:3834} INFO - Setting next_dagrun for example_subdag_operator.section-1 to None, run_after=None
[2024-03-16T11:43:58.821+0500] {logging_mixin.py:188} INFO - [2024-03-16T11:43:58.821+0500] {dag.py:3834} INFO - Setting next_dagrun for example_subdag_operator.section-2 to None, run_after=None
[2024-03-16T11:43:58.925+0500] {processor.py:183} INFO - Processing /home/muhammadsami/Public/Projects/Airflow/DataPipelineswithApacheAirflow/.env/lib/python3.8/site-packages/airflow/example_dags/example_subdag_operator.py took 0.174 seconds
[2024-03-16T11:44:48.121+0500] {processor.py:161} INFO - Started process (PID=20463) to work on /home/muhammadsami/Public/Projects/Airflow/DataPipelineswithApacheAirflow/.env/lib/python3.8/site-packages/airflow/example_dags/example_subdag_operator.py
[2024-03-16T11:44:48.123+0500] {processor.py:830} INFO - Processing file /home/muhammadsami/Public/Projects/Airflow/DataPipelineswithApacheAirflow/.env/lib/python3.8/site-packages/airflow/example_dags/example_subdag_operator.py for tasks to queue
[2024-03-16T11:44:48.124+0500] {logging_mixin.py:188} INFO - [2024-03-16T11:44:48.124+0500] {dagbag.py:540} INFO - Filling up the DagBag from /home/muhammadsami/Public/Projects/Airflow/DataPipelineswithApacheAirflow/.env/lib/python3.8/site-packages/airflow/example_dags/example_subdag_operator.py
[2024-03-16T11:44:48.142+0500] {processor.py:840} INFO - DAG(s) 'example_subdag_operator.section-1', 'example_subdag_operator.section-2', 'example_subdag_operator' retrieved from /home/muhammadsami/Public/Projects/Airflow/DataPipelineswithApacheAirflow/.env/lib/python3.8/site-packages/airflow/example_dags/example_subdag_operator.py
[2024-03-16T11:44:48.154+0500] {logging_mixin.py:188} INFO - [2024-03-16T11:44:48.154+0500] {dag.py:3047} INFO - Sync 3 DAGs
[2024-03-16T11:44:48.171+0500] {logging_mixin.py:188} INFO - [2024-03-16T11:44:48.170+0500] {dag.py:3834} INFO - Setting next_dagrun for example_subdag_operator to 2022-01-01 00:00:00+00:00, run_after=2022-01-01 00:00:00+00:00
[2024-03-16T11:44:48.174+0500] {logging_mixin.py:188} INFO - [2024-03-16T11:44:48.174+0500] {dag.py:3834} INFO - Setting next_dagrun for example_subdag_operator.section-1 to None, run_after=None
[2024-03-16T11:44:48.175+0500] {logging_mixin.py:188} INFO - [2024-03-16T11:44:48.175+0500] {dag.py:3834} INFO - Setting next_dagrun for example_subdag_operator.section-2 to None, run_after=None
[2024-03-16T11:44:48.180+0500] {logging_mixin.py:188} INFO - [2024-03-16T11:44:48.180+0500] {dag.py:3047} INFO - Sync 2 DAGs
[2024-03-16T11:44:48.184+0500] {logging_mixin.py:188} INFO - [2024-03-16T11:44:48.184+0500] {dag.py:3834} INFO - Setting next_dagrun for example_subdag_operator.section-1 to None, run_after=None
[2024-03-16T11:44:48.184+0500] {logging_mixin.py:188} INFO - [2024-03-16T11:44:48.184+0500] {dag.py:3834} INFO - Setting next_dagrun for example_subdag_operator.section-2 to None, run_after=None
[2024-03-16T11:44:48.265+0500] {processor.py:183} INFO - Processing /home/muhammadsami/Public/Projects/Airflow/DataPipelineswithApacheAirflow/.env/lib/python3.8/site-packages/airflow/example_dags/example_subdag_operator.py took 0.147 seconds
[2024-03-16T11:45:45.278+0500] {processor.py:161} INFO - Started process (PID=20831) to work on /home/muhammadsami/Public/Projects/Airflow/DataPipelineswithApacheAirflow/.env/lib/python3.8/site-packages/airflow/example_dags/example_subdag_operator.py
[2024-03-16T11:45:45.279+0500] {processor.py:830} INFO - Processing file /home/muhammadsami/Public/Projects/Airflow/DataPipelineswithApacheAirflow/.env/lib/python3.8/site-packages/airflow/example_dags/example_subdag_operator.py for tasks to queue
[2024-03-16T11:45:45.280+0500] {logging_mixin.py:188} INFO - [2024-03-16T11:45:45.280+0500] {dagbag.py:540} INFO - Filling up the DagBag from /home/muhammadsami/Public/Projects/Airflow/DataPipelineswithApacheAirflow/.env/lib/python3.8/site-packages/airflow/example_dags/example_subdag_operator.py
[2024-03-16T11:45:45.299+0500] {processor.py:840} INFO - DAG(s) 'example_subdag_operator.section-1', 'example_subdag_operator.section-2', 'example_subdag_operator' retrieved from /home/muhammadsami/Public/Projects/Airflow/DataPipelineswithApacheAirflow/.env/lib/python3.8/site-packages/airflow/example_dags/example_subdag_operator.py
[2024-03-16T11:45:45.313+0500] {logging_mixin.py:188} INFO - [2024-03-16T11:45:45.312+0500] {dag.py:3047} INFO - Sync 3 DAGs
[2024-03-16T11:45:45.329+0500] {logging_mixin.py:188} INFO - [2024-03-16T11:45:45.329+0500] {dag.py:3834} INFO - Setting next_dagrun for example_subdag_operator to 2022-01-01 00:00:00+00:00, run_after=2022-01-01 00:00:00+00:00
[2024-03-16T11:45:45.332+0500] {logging_mixin.py:188} INFO - [2024-03-16T11:45:45.332+0500] {dag.py:3834} INFO - Setting next_dagrun for example_subdag_operator.section-1 to None, run_after=None
[2024-03-16T11:45:45.333+0500] {logging_mixin.py:188} INFO - [2024-03-16T11:45:45.333+0500] {dag.py:3834} INFO - Setting next_dagrun for example_subdag_operator.section-2 to None, run_after=None
[2024-03-16T11:45:45.338+0500] {logging_mixin.py:188} INFO - [2024-03-16T11:45:45.338+0500] {dag.py:3047} INFO - Sync 2 DAGs
[2024-03-16T11:45:45.342+0500] {logging_mixin.py:188} INFO - [2024-03-16T11:45:45.342+0500] {dag.py:3834} INFO - Setting next_dagrun for example_subdag_operator.section-1 to None, run_after=None
[2024-03-16T11:45:45.342+0500] {logging_mixin.py:188} INFO - [2024-03-16T11:45:45.342+0500] {dag.py:3834} INFO - Setting next_dagrun for example_subdag_operator.section-2 to None, run_after=None
[2024-03-16T11:45:45.429+0500] {processor.py:183} INFO - Processing /home/muhammadsami/Public/Projects/Airflow/DataPipelineswithApacheAirflow/.env/lib/python3.8/site-packages/airflow/example_dags/example_subdag_operator.py took 0.154 seconds
[2024-03-16T11:46:40.694+0500] {processor.py:161} INFO - Started process (PID=20891) to work on /home/muhammadsami/Public/Projects/Airflow/DataPipelineswithApacheAirflow/.env/lib/python3.8/site-packages/airflow/example_dags/example_subdag_operator.py
[2024-03-16T11:46:40.700+0500] {processor.py:830} INFO - Processing file /home/muhammadsami/Public/Projects/Airflow/DataPipelineswithApacheAirflow/.env/lib/python3.8/site-packages/airflow/example_dags/example_subdag_operator.py for tasks to queue
[2024-03-16T11:46:40.701+0500] {logging_mixin.py:188} INFO - [2024-03-16T11:46:40.700+0500] {dagbag.py:540} INFO - Filling up the DagBag from /home/muhammadsami/Public/Projects/Airflow/DataPipelineswithApacheAirflow/.env/lib/python3.8/site-packages/airflow/example_dags/example_subdag_operator.py
[2024-03-16T11:46:40.717+0500] {processor.py:840} INFO - DAG(s) 'example_subdag_operator.section-1', 'example_subdag_operator.section-2', 'example_subdag_operator' retrieved from /home/muhammadsami/Public/Projects/Airflow/DataPipelineswithApacheAirflow/.env/lib/python3.8/site-packages/airflow/example_dags/example_subdag_operator.py
[2024-03-16T11:46:40.730+0500] {logging_mixin.py:188} INFO - [2024-03-16T11:46:40.730+0500] {dag.py:3047} INFO - Sync 3 DAGs
[2024-03-16T11:46:40.752+0500] {logging_mixin.py:188} INFO - [2024-03-16T11:46:40.751+0500] {dag.py:3834} INFO - Setting next_dagrun for example_subdag_operator to 2022-01-01 00:00:00+00:00, run_after=2022-01-01 00:00:00+00:00
[2024-03-16T11:46:40.756+0500] {logging_mixin.py:188} INFO - [2024-03-16T11:46:40.756+0500] {dag.py:3834} INFO - Setting next_dagrun for example_subdag_operator.section-1 to None, run_after=None
[2024-03-16T11:46:40.757+0500] {logging_mixin.py:188} INFO - [2024-03-16T11:46:40.757+0500] {dag.py:3834} INFO - Setting next_dagrun for example_subdag_operator.section-2 to None, run_after=None
[2024-03-16T11:46:40.764+0500] {logging_mixin.py:188} INFO - [2024-03-16T11:46:40.763+0500] {dag.py:3047} INFO - Sync 2 DAGs
[2024-03-16T11:46:40.769+0500] {logging_mixin.py:188} INFO - [2024-03-16T11:46:40.768+0500] {dag.py:3834} INFO - Setting next_dagrun for example_subdag_operator.section-1 to None, run_after=None
[2024-03-16T11:46:40.769+0500] {logging_mixin.py:188} INFO - [2024-03-16T11:46:40.769+0500] {dag.py:3834} INFO - Setting next_dagrun for example_subdag_operator.section-2 to None, run_after=None
[2024-03-16T11:46:40.866+0500] {processor.py:183} INFO - Processing /home/muhammadsami/Public/Projects/Airflow/DataPipelineswithApacheAirflow/.env/lib/python3.8/site-packages/airflow/example_dags/example_subdag_operator.py took 0.175 seconds
[2024-03-16T11:47:31.345+0500] {processor.py:161} INFO - Started process (PID=20969) to work on /home/muhammadsami/Public/Projects/Airflow/DataPipelineswithApacheAirflow/.env/lib/python3.8/site-packages/airflow/example_dags/example_subdag_operator.py
[2024-03-16T11:47:31.346+0500] {processor.py:830} INFO - Processing file /home/muhammadsami/Public/Projects/Airflow/DataPipelineswithApacheAirflow/.env/lib/python3.8/site-packages/airflow/example_dags/example_subdag_operator.py for tasks to queue
[2024-03-16T11:47:31.347+0500] {logging_mixin.py:188} INFO - [2024-03-16T11:47:31.347+0500] {dagbag.py:540} INFO - Filling up the DagBag from /home/muhammadsami/Public/Projects/Airflow/DataPipelineswithApacheAirflow/.env/lib/python3.8/site-packages/airflow/example_dags/example_subdag_operator.py
[2024-03-16T11:47:31.368+0500] {processor.py:840} INFO - DAG(s) 'example_subdag_operator.section-1', 'example_subdag_operator.section-2', 'example_subdag_operator' retrieved from /home/muhammadsami/Public/Projects/Airflow/DataPipelineswithApacheAirflow/.env/lib/python3.8/site-packages/airflow/example_dags/example_subdag_operator.py
[2024-03-16T11:47:31.381+0500] {logging_mixin.py:188} INFO - [2024-03-16T11:47:31.381+0500] {dag.py:3047} INFO - Sync 3 DAGs
[2024-03-16T11:47:31.399+0500] {logging_mixin.py:188} INFO - [2024-03-16T11:47:31.399+0500] {dag.py:3834} INFO - Setting next_dagrun for example_subdag_operator to 2022-01-01 00:00:00+00:00, run_after=2022-01-01 00:00:00+00:00
[2024-03-16T11:47:31.402+0500] {logging_mixin.py:188} INFO - [2024-03-16T11:47:31.402+0500] {dag.py:3834} INFO - Setting next_dagrun for example_subdag_operator.section-1 to None, run_after=None
[2024-03-16T11:47:31.403+0500] {logging_mixin.py:188} INFO - [2024-03-16T11:47:31.403+0500] {dag.py:3834} INFO - Setting next_dagrun for example_subdag_operator.section-2 to None, run_after=None
[2024-03-16T11:47:31.410+0500] {logging_mixin.py:188} INFO - [2024-03-16T11:47:31.410+0500] {dag.py:3047} INFO - Sync 2 DAGs
[2024-03-16T11:47:31.414+0500] {logging_mixin.py:188} INFO - [2024-03-16T11:47:31.414+0500] {dag.py:3834} INFO - Setting next_dagrun for example_subdag_operator.section-1 to None, run_after=None
[2024-03-16T11:47:31.414+0500] {logging_mixin.py:188} INFO - [2024-03-16T11:47:31.414+0500] {dag.py:3834} INFO - Setting next_dagrun for example_subdag_operator.section-2 to None, run_after=None
[2024-03-16T11:47:31.503+0500] {processor.py:183} INFO - Processing /home/muhammadsami/Public/Projects/Airflow/DataPipelineswithApacheAirflow/.env/lib/python3.8/site-packages/airflow/example_dags/example_subdag_operator.py took 0.161 seconds
[2024-03-16T11:48:21.245+0500] {processor.py:161} INFO - Started process (PID=21019) to work on /home/muhammadsami/Public/Projects/Airflow/DataPipelineswithApacheAirflow/.env/lib/python3.8/site-packages/airflow/example_dags/example_subdag_operator.py
[2024-03-16T11:48:21.247+0500] {processor.py:830} INFO - Processing file /home/muhammadsami/Public/Projects/Airflow/DataPipelineswithApacheAirflow/.env/lib/python3.8/site-packages/airflow/example_dags/example_subdag_operator.py for tasks to queue
[2024-03-16T11:48:21.248+0500] {logging_mixin.py:188} INFO - [2024-03-16T11:48:21.247+0500] {dagbag.py:540} INFO - Filling up the DagBag from /home/muhammadsami/Public/Projects/Airflow/DataPipelineswithApacheAirflow/.env/lib/python3.8/site-packages/airflow/example_dags/example_subdag_operator.py
[2024-03-16T11:48:21.267+0500] {processor.py:840} INFO - DAG(s) 'example_subdag_operator.section-1', 'example_subdag_operator.section-2', 'example_subdag_operator' retrieved from /home/muhammadsami/Public/Projects/Airflow/DataPipelineswithApacheAirflow/.env/lib/python3.8/site-packages/airflow/example_dags/example_subdag_operator.py
[2024-03-16T11:48:21.280+0500] {logging_mixin.py:188} INFO - [2024-03-16T11:48:21.280+0500] {dag.py:3047} INFO - Sync 3 DAGs
[2024-03-16T11:48:21.296+0500] {logging_mixin.py:188} INFO - [2024-03-16T11:48:21.296+0500] {dag.py:3834} INFO - Setting next_dagrun for example_subdag_operator to 2022-01-01 00:00:00+00:00, run_after=2022-01-01 00:00:00+00:00
[2024-03-16T11:48:21.299+0500] {logging_mixin.py:188} INFO - [2024-03-16T11:48:21.299+0500] {dag.py:3834} INFO - Setting next_dagrun for example_subdag_operator.section-1 to None, run_after=None
[2024-03-16T11:48:21.300+0500] {logging_mixin.py:188} INFO - [2024-03-16T11:48:21.300+0500] {dag.py:3834} INFO - Setting next_dagrun for example_subdag_operator.section-2 to None, run_after=None
[2024-03-16T11:48:21.305+0500] {logging_mixin.py:188} INFO - [2024-03-16T11:48:21.305+0500] {dag.py:3047} INFO - Sync 2 DAGs
[2024-03-16T11:48:21.309+0500] {logging_mixin.py:188} INFO - [2024-03-16T11:48:21.309+0500] {dag.py:3834} INFO - Setting next_dagrun for example_subdag_operator.section-1 to None, run_after=None
[2024-03-16T11:48:21.309+0500] {logging_mixin.py:188} INFO - [2024-03-16T11:48:21.309+0500] {dag.py:3834} INFO - Setting next_dagrun for example_subdag_operator.section-2 to None, run_after=None
[2024-03-16T11:48:21.414+0500] {processor.py:183} INFO - Processing /home/muhammadsami/Public/Projects/Airflow/DataPipelineswithApacheAirflow/.env/lib/python3.8/site-packages/airflow/example_dags/example_subdag_operator.py took 0.171 seconds
[2024-03-16T11:49:07.507+0500] {processor.py:161} INFO - Started process (PID=21091) to work on /home/muhammadsami/Public/Projects/Airflow/DataPipelineswithApacheAirflow/.env/lib/python3.8/site-packages/airflow/example_dags/example_subdag_operator.py
[2024-03-16T11:49:07.516+0500] {processor.py:830} INFO - Processing file /home/muhammadsami/Public/Projects/Airflow/DataPipelineswithApacheAirflow/.env/lib/python3.8/site-packages/airflow/example_dags/example_subdag_operator.py for tasks to queue
[2024-03-16T11:49:07.517+0500] {logging_mixin.py:188} INFO - [2024-03-16T11:49:07.517+0500] {dagbag.py:540} INFO - Filling up the DagBag from /home/muhammadsami/Public/Projects/Airflow/DataPipelineswithApacheAirflow/.env/lib/python3.8/site-packages/airflow/example_dags/example_subdag_operator.py
[2024-03-16T11:49:07.538+0500] {processor.py:840} INFO - DAG(s) 'example_subdag_operator.section-1', 'example_subdag_operator.section-2', 'example_subdag_operator' retrieved from /home/muhammadsami/Public/Projects/Airflow/DataPipelineswithApacheAirflow/.env/lib/python3.8/site-packages/airflow/example_dags/example_subdag_operator.py
[2024-03-16T11:49:07.555+0500] {logging_mixin.py:188} INFO - [2024-03-16T11:49:07.555+0500] {dag.py:3047} INFO - Sync 3 DAGs
[2024-03-16T11:49:07.576+0500] {logging_mixin.py:188} INFO - [2024-03-16T11:49:07.576+0500] {dag.py:3834} INFO - Setting next_dagrun for example_subdag_operator to 2022-01-01 00:00:00+00:00, run_after=2022-01-01 00:00:00+00:00
[2024-03-16T11:49:07.579+0500] {logging_mixin.py:188} INFO - [2024-03-16T11:49:07.579+0500] {dag.py:3834} INFO - Setting next_dagrun for example_subdag_operator.section-1 to None, run_after=None
[2024-03-16T11:49:07.580+0500] {logging_mixin.py:188} INFO - [2024-03-16T11:49:07.580+0500] {dag.py:3834} INFO - Setting next_dagrun for example_subdag_operator.section-2 to None, run_after=None
[2024-03-16T11:49:07.585+0500] {logging_mixin.py:188} INFO - [2024-03-16T11:49:07.585+0500] {dag.py:3047} INFO - Sync 2 DAGs
[2024-03-16T11:49:07.589+0500] {logging_mixin.py:188} INFO - [2024-03-16T11:49:07.589+0500] {dag.py:3834} INFO - Setting next_dagrun for example_subdag_operator.section-1 to None, run_after=None
[2024-03-16T11:49:07.590+0500] {logging_mixin.py:188} INFO - [2024-03-16T11:49:07.590+0500] {dag.py:3834} INFO - Setting next_dagrun for example_subdag_operator.section-2 to None, run_after=None
[2024-03-16T11:49:07.677+0500] {processor.py:183} INFO - Processing /home/muhammadsami/Public/Projects/Airflow/DataPipelineswithApacheAirflow/.env/lib/python3.8/site-packages/airflow/example_dags/example_subdag_operator.py took 0.172 seconds
[2024-03-16T11:49:56.135+0500] {processor.py:161} INFO - Started process (PID=21136) to work on /home/muhammadsami/Public/Projects/Airflow/DataPipelineswithApacheAirflow/.env/lib/python3.8/site-packages/airflow/example_dags/example_subdag_operator.py
[2024-03-16T11:49:56.136+0500] {processor.py:830} INFO - Processing file /home/muhammadsami/Public/Projects/Airflow/DataPipelineswithApacheAirflow/.env/lib/python3.8/site-packages/airflow/example_dags/example_subdag_operator.py for tasks to queue
[2024-03-16T11:49:56.137+0500] {logging_mixin.py:188} INFO - [2024-03-16T11:49:56.137+0500] {dagbag.py:540} INFO - Filling up the DagBag from /home/muhammadsami/Public/Projects/Airflow/DataPipelineswithApacheAirflow/.env/lib/python3.8/site-packages/airflow/example_dags/example_subdag_operator.py
[2024-03-16T11:49:56.160+0500] {processor.py:840} INFO - DAG(s) 'example_subdag_operator.section-1', 'example_subdag_operator.section-2', 'example_subdag_operator' retrieved from /home/muhammadsami/Public/Projects/Airflow/DataPipelineswithApacheAirflow/.env/lib/python3.8/site-packages/airflow/example_dags/example_subdag_operator.py
[2024-03-16T11:49:56.174+0500] {logging_mixin.py:188} INFO - [2024-03-16T11:49:56.173+0500] {dag.py:3047} INFO - Sync 3 DAGs
[2024-03-16T11:49:56.190+0500] {logging_mixin.py:188} INFO - [2024-03-16T11:49:56.190+0500] {dag.py:3834} INFO - Setting next_dagrun for example_subdag_operator to 2022-01-01 00:00:00+00:00, run_after=2022-01-01 00:00:00+00:00
[2024-03-16T11:49:56.193+0500] {logging_mixin.py:188} INFO - [2024-03-16T11:49:56.193+0500] {dag.py:3834} INFO - Setting next_dagrun for example_subdag_operator.section-1 to None, run_after=None
[2024-03-16T11:49:56.194+0500] {logging_mixin.py:188} INFO - [2024-03-16T11:49:56.193+0500] {dag.py:3834} INFO - Setting next_dagrun for example_subdag_operator.section-2 to None, run_after=None
[2024-03-16T11:49:56.199+0500] {logging_mixin.py:188} INFO - [2024-03-16T11:49:56.198+0500] {dag.py:3047} INFO - Sync 2 DAGs
[2024-03-16T11:49:56.203+0500] {logging_mixin.py:188} INFO - [2024-03-16T11:49:56.203+0500] {dag.py:3834} INFO - Setting next_dagrun for example_subdag_operator.section-1 to None, run_after=None
[2024-03-16T11:49:56.204+0500] {logging_mixin.py:188} INFO - [2024-03-16T11:49:56.203+0500] {dag.py:3834} INFO - Setting next_dagrun for example_subdag_operator.section-2 to None, run_after=None
[2024-03-16T11:49:56.292+0500] {processor.py:183} INFO - Processing /home/muhammadsami/Public/Projects/Airflow/DataPipelineswithApacheAirflow/.env/lib/python3.8/site-packages/airflow/example_dags/example_subdag_operator.py took 0.160 seconds
[2024-03-16T11:50:46.912+0500] {processor.py:161} INFO - Started process (PID=21214) to work on /home/muhammadsami/Public/Projects/Airflow/DataPipelineswithApacheAirflow/.env/lib/python3.8/site-packages/airflow/example_dags/example_subdag_operator.py
[2024-03-16T11:50:46.920+0500] {processor.py:830} INFO - Processing file /home/muhammadsami/Public/Projects/Airflow/DataPipelineswithApacheAirflow/.env/lib/python3.8/site-packages/airflow/example_dags/example_subdag_operator.py for tasks to queue
[2024-03-16T11:50:46.921+0500] {logging_mixin.py:188} INFO - [2024-03-16T11:50:46.921+0500] {dagbag.py:540} INFO - Filling up the DagBag from /home/muhammadsami/Public/Projects/Airflow/DataPipelineswithApacheAirflow/.env/lib/python3.8/site-packages/airflow/example_dags/example_subdag_operator.py
[2024-03-16T11:50:46.938+0500] {processor.py:840} INFO - DAG(s) 'example_subdag_operator.section-1', 'example_subdag_operator.section-2', 'example_subdag_operator' retrieved from /home/muhammadsami/Public/Projects/Airflow/DataPipelineswithApacheAirflow/.env/lib/python3.8/site-packages/airflow/example_dags/example_subdag_operator.py
[2024-03-16T11:50:46.951+0500] {logging_mixin.py:188} INFO - [2024-03-16T11:50:46.951+0500] {dag.py:3047} INFO - Sync 3 DAGs
[2024-03-16T11:50:46.967+0500] {logging_mixin.py:188} INFO - [2024-03-16T11:50:46.967+0500] {dag.py:3834} INFO - Setting next_dagrun for example_subdag_operator to 2022-01-01 00:00:00+00:00, run_after=2022-01-01 00:00:00+00:00
[2024-03-16T11:50:46.970+0500] {logging_mixin.py:188} INFO - [2024-03-16T11:50:46.969+0500] {dag.py:3834} INFO - Setting next_dagrun for example_subdag_operator.section-1 to None, run_after=None
[2024-03-16T11:50:46.971+0500] {logging_mixin.py:188} INFO - [2024-03-16T11:50:46.970+0500] {dag.py:3834} INFO - Setting next_dagrun for example_subdag_operator.section-2 to None, run_after=None
[2024-03-16T11:50:46.976+0500] {logging_mixin.py:188} INFO - [2024-03-16T11:50:46.975+0500] {dag.py:3047} INFO - Sync 2 DAGs
[2024-03-16T11:50:46.979+0500] {logging_mixin.py:188} INFO - [2024-03-16T11:50:46.979+0500] {dag.py:3834} INFO - Setting next_dagrun for example_subdag_operator.section-1 to None, run_after=None
[2024-03-16T11:50:46.979+0500] {logging_mixin.py:188} INFO - [2024-03-16T11:50:46.979+0500] {dag.py:3834} INFO - Setting next_dagrun for example_subdag_operator.section-2 to None, run_after=None
[2024-03-16T11:50:47.057+0500] {processor.py:183} INFO - Processing /home/muhammadsami/Public/Projects/Airflow/DataPipelineswithApacheAirflow/.env/lib/python3.8/site-packages/airflow/example_dags/example_subdag_operator.py took 0.148 seconds
[2024-03-16T11:51:38.949+0500] {processor.py:161} INFO - Started process (PID=21318) to work on /home/muhammadsami/Public/Projects/Airflow/DataPipelineswithApacheAirflow/.env/lib/python3.8/site-packages/airflow/example_dags/example_subdag_operator.py
[2024-03-16T11:51:38.962+0500] {processor.py:830} INFO - Processing file /home/muhammadsami/Public/Projects/Airflow/DataPipelineswithApacheAirflow/.env/lib/python3.8/site-packages/airflow/example_dags/example_subdag_operator.py for tasks to queue
[2024-03-16T11:51:38.963+0500] {logging_mixin.py:188} INFO - [2024-03-16T11:51:38.963+0500] {dagbag.py:540} INFO - Filling up the DagBag from /home/muhammadsami/Public/Projects/Airflow/DataPipelineswithApacheAirflow/.env/lib/python3.8/site-packages/airflow/example_dags/example_subdag_operator.py
[2024-03-16T11:51:38.980+0500] {processor.py:840} INFO - DAG(s) 'example_subdag_operator.section-1', 'example_subdag_operator.section-2', 'example_subdag_operator' retrieved from /home/muhammadsami/Public/Projects/Airflow/DataPipelineswithApacheAirflow/.env/lib/python3.8/site-packages/airflow/example_dags/example_subdag_operator.py
[2024-03-16T11:51:38.993+0500] {logging_mixin.py:188} INFO - [2024-03-16T11:51:38.993+0500] {dag.py:3047} INFO - Sync 3 DAGs
[2024-03-16T11:51:39.009+0500] {logging_mixin.py:188} INFO - [2024-03-16T11:51:39.009+0500] {dag.py:3834} INFO - Setting next_dagrun for example_subdag_operator to 2022-01-01 00:00:00+00:00, run_after=2022-01-01 00:00:00+00:00
[2024-03-16T11:51:39.012+0500] {logging_mixin.py:188} INFO - [2024-03-16T11:51:39.012+0500] {dag.py:3834} INFO - Setting next_dagrun for example_subdag_operator.section-1 to None, run_after=None
[2024-03-16T11:51:39.013+0500] {logging_mixin.py:188} INFO - [2024-03-16T11:51:39.013+0500] {dag.py:3834} INFO - Setting next_dagrun for example_subdag_operator.section-2 to None, run_after=None
[2024-03-16T11:51:39.018+0500] {logging_mixin.py:188} INFO - [2024-03-16T11:51:39.018+0500] {dag.py:3047} INFO - Sync 2 DAGs
[2024-03-16T11:51:39.021+0500] {logging_mixin.py:188} INFO - [2024-03-16T11:51:39.021+0500] {dag.py:3834} INFO - Setting next_dagrun for example_subdag_operator.section-1 to None, run_after=None
[2024-03-16T11:51:39.022+0500] {logging_mixin.py:188} INFO - [2024-03-16T11:51:39.022+0500] {dag.py:3834} INFO - Setting next_dagrun for example_subdag_operator.section-2 to None, run_after=None
[2024-03-16T11:51:39.106+0500] {processor.py:183} INFO - Processing /home/muhammadsami/Public/Projects/Airflow/DataPipelineswithApacheAirflow/.env/lib/python3.8/site-packages/airflow/example_dags/example_subdag_operator.py took 0.160 seconds
[2024-03-16T11:52:32.088+0500] {processor.py:161} INFO - Started process (PID=21481) to work on /home/muhammadsami/Public/Projects/Airflow/DataPipelineswithApacheAirflow/.env/lib/python3.8/site-packages/airflow/example_dags/example_subdag_operator.py
[2024-03-16T11:52:32.106+0500] {processor.py:830} INFO - Processing file /home/muhammadsami/Public/Projects/Airflow/DataPipelineswithApacheAirflow/.env/lib/python3.8/site-packages/airflow/example_dags/example_subdag_operator.py for tasks to queue
[2024-03-16T11:52:32.107+0500] {logging_mixin.py:188} INFO - [2024-03-16T11:52:32.107+0500] {dagbag.py:540} INFO - Filling up the DagBag from /home/muhammadsami/Public/Projects/Airflow/DataPipelineswithApacheAirflow/.env/lib/python3.8/site-packages/airflow/example_dags/example_subdag_operator.py
[2024-03-16T11:52:32.132+0500] {processor.py:840} INFO - DAG(s) 'example_subdag_operator.section-1', 'example_subdag_operator.section-2', 'example_subdag_operator' retrieved from /home/muhammadsami/Public/Projects/Airflow/DataPipelineswithApacheAirflow/.env/lib/python3.8/site-packages/airflow/example_dags/example_subdag_operator.py
[2024-03-16T11:52:32.153+0500] {logging_mixin.py:188} INFO - [2024-03-16T11:52:32.153+0500] {dag.py:3047} INFO - Sync 3 DAGs
[2024-03-16T11:52:32.179+0500] {logging_mixin.py:188} INFO - [2024-03-16T11:52:32.179+0500] {dag.py:3834} INFO - Setting next_dagrun for example_subdag_operator to 2022-01-01 00:00:00+00:00, run_after=2022-01-01 00:00:00+00:00
[2024-03-16T11:52:32.184+0500] {logging_mixin.py:188} INFO - [2024-03-16T11:52:32.184+0500] {dag.py:3834} INFO - Setting next_dagrun for example_subdag_operator.section-1 to None, run_after=None
[2024-03-16T11:52:32.186+0500] {logging_mixin.py:188} INFO - [2024-03-16T11:52:32.186+0500] {dag.py:3834} INFO - Setting next_dagrun for example_subdag_operator.section-2 to None, run_after=None
[2024-03-16T11:52:32.193+0500] {logging_mixin.py:188} INFO - [2024-03-16T11:52:32.193+0500] {dag.py:3047} INFO - Sync 2 DAGs
[2024-03-16T11:52:32.197+0500] {logging_mixin.py:188} INFO - [2024-03-16T11:52:32.197+0500] {dag.py:3834} INFO - Setting next_dagrun for example_subdag_operator.section-1 to None, run_after=None
[2024-03-16T11:52:32.197+0500] {logging_mixin.py:188} INFO - [2024-03-16T11:52:32.197+0500] {dag.py:3834} INFO - Setting next_dagrun for example_subdag_operator.section-2 to None, run_after=None
[2024-03-16T11:52:32.280+0500] {processor.py:183} INFO - Processing /home/muhammadsami/Public/Projects/Airflow/DataPipelineswithApacheAirflow/.env/lib/python3.8/site-packages/airflow/example_dags/example_subdag_operator.py took 0.197 seconds
[2024-03-16T11:53:23.344+0500] {processor.py:161} INFO - Started process (PID=21542) to work on /home/muhammadsami/Public/Projects/Airflow/DataPipelineswithApacheAirflow/.env/lib/python3.8/site-packages/airflow/example_dags/example_subdag_operator.py
[2024-03-16T11:53:23.345+0500] {processor.py:830} INFO - Processing file /home/muhammadsami/Public/Projects/Airflow/DataPipelineswithApacheAirflow/.env/lib/python3.8/site-packages/airflow/example_dags/example_subdag_operator.py for tasks to queue
[2024-03-16T11:53:23.347+0500] {logging_mixin.py:188} INFO - [2024-03-16T11:53:23.346+0500] {dagbag.py:540} INFO - Filling up the DagBag from /home/muhammadsami/Public/Projects/Airflow/DataPipelineswithApacheAirflow/.env/lib/python3.8/site-packages/airflow/example_dags/example_subdag_operator.py
[2024-03-16T11:53:23.365+0500] {processor.py:840} INFO - DAG(s) 'example_subdag_operator.section-1', 'example_subdag_operator.section-2', 'example_subdag_operator' retrieved from /home/muhammadsami/Public/Projects/Airflow/DataPipelineswithApacheAirflow/.env/lib/python3.8/site-packages/airflow/example_dags/example_subdag_operator.py
[2024-03-16T11:53:23.378+0500] {logging_mixin.py:188} INFO - [2024-03-16T11:53:23.378+0500] {dag.py:3047} INFO - Sync 3 DAGs
[2024-03-16T11:53:23.395+0500] {logging_mixin.py:188} INFO - [2024-03-16T11:53:23.394+0500] {dag.py:3834} INFO - Setting next_dagrun for example_subdag_operator to 2022-01-01 00:00:00+00:00, run_after=2022-01-01 00:00:00+00:00
[2024-03-16T11:53:23.398+0500] {logging_mixin.py:188} INFO - [2024-03-16T11:53:23.397+0500] {dag.py:3834} INFO - Setting next_dagrun for example_subdag_operator.section-1 to None, run_after=None
[2024-03-16T11:53:23.399+0500] {logging_mixin.py:188} INFO - [2024-03-16T11:53:23.398+0500] {dag.py:3834} INFO - Setting next_dagrun for example_subdag_operator.section-2 to None, run_after=None
[2024-03-16T11:53:23.404+0500] {logging_mixin.py:188} INFO - [2024-03-16T11:53:23.404+0500] {dag.py:3047} INFO - Sync 2 DAGs
[2024-03-16T11:53:23.410+0500] {logging_mixin.py:188} INFO - [2024-03-16T11:53:23.409+0500] {dag.py:3834} INFO - Setting next_dagrun for example_subdag_operator.section-1 to None, run_after=None
[2024-03-16T11:53:23.410+0500] {logging_mixin.py:188} INFO - [2024-03-16T11:53:23.410+0500] {dag.py:3834} INFO - Setting next_dagrun for example_subdag_operator.section-2 to None, run_after=None
[2024-03-16T11:53:23.510+0500] {processor.py:183} INFO - Processing /home/muhammadsami/Public/Projects/Airflow/DataPipelineswithApacheAirflow/.env/lib/python3.8/site-packages/airflow/example_dags/example_subdag_operator.py took 0.168 seconds
[2024-03-16T11:54:14.921+0500] {processor.py:161} INFO - Started process (PID=21663) to work on /home/muhammadsami/Public/Projects/Airflow/DataPipelineswithApacheAirflow/.env/lib/python3.8/site-packages/airflow/example_dags/example_subdag_operator.py
[2024-03-16T11:54:14.931+0500] {processor.py:830} INFO - Processing file /home/muhammadsami/Public/Projects/Airflow/DataPipelineswithApacheAirflow/.env/lib/python3.8/site-packages/airflow/example_dags/example_subdag_operator.py for tasks to queue
[2024-03-16T11:54:14.932+0500] {logging_mixin.py:188} INFO - [2024-03-16T11:54:14.932+0500] {dagbag.py:540} INFO - Filling up the DagBag from /home/muhammadsami/Public/Projects/Airflow/DataPipelineswithApacheAirflow/.env/lib/python3.8/site-packages/airflow/example_dags/example_subdag_operator.py
[2024-03-16T11:54:14.949+0500] {processor.py:840} INFO - DAG(s) 'example_subdag_operator.section-1', 'example_subdag_operator.section-2', 'example_subdag_operator' retrieved from /home/muhammadsami/Public/Projects/Airflow/DataPipelineswithApacheAirflow/.env/lib/python3.8/site-packages/airflow/example_dags/example_subdag_operator.py
[2024-03-16T11:54:14.962+0500] {logging_mixin.py:188} INFO - [2024-03-16T11:54:14.961+0500] {dag.py:3047} INFO - Sync 3 DAGs
[2024-03-16T11:54:14.977+0500] {logging_mixin.py:188} INFO - [2024-03-16T11:54:14.977+0500] {dag.py:3834} INFO - Setting next_dagrun for example_subdag_operator to 2022-01-01 00:00:00+00:00, run_after=2022-01-01 00:00:00+00:00
[2024-03-16T11:54:14.980+0500] {logging_mixin.py:188} INFO - [2024-03-16T11:54:14.980+0500] {dag.py:3834} INFO - Setting next_dagrun for example_subdag_operator.section-1 to None, run_after=None
[2024-03-16T11:54:14.981+0500] {logging_mixin.py:188} INFO - [2024-03-16T11:54:14.981+0500] {dag.py:3834} INFO - Setting next_dagrun for example_subdag_operator.section-2 to None, run_after=None
[2024-03-16T11:54:14.986+0500] {logging_mixin.py:188} INFO - [2024-03-16T11:54:14.986+0500] {dag.py:3047} INFO - Sync 2 DAGs
[2024-03-16T11:54:14.990+0500] {logging_mixin.py:188} INFO - [2024-03-16T11:54:14.989+0500] {dag.py:3834} INFO - Setting next_dagrun for example_subdag_operator.section-1 to None, run_after=None
[2024-03-16T11:54:14.990+0500] {logging_mixin.py:188} INFO - [2024-03-16T11:54:14.990+0500] {dag.py:3834} INFO - Setting next_dagrun for example_subdag_operator.section-2 to None, run_after=None
[2024-03-16T11:54:15.079+0500] {processor.py:183} INFO - Processing /home/muhammadsami/Public/Projects/Airflow/DataPipelineswithApacheAirflow/.env/lib/python3.8/site-packages/airflow/example_dags/example_subdag_operator.py took 0.161 seconds
[2024-03-16T11:55:03.885+0500] {processor.py:161} INFO - Started process (PID=21813) to work on /home/muhammadsami/Public/Projects/Airflow/DataPipelineswithApacheAirflow/.env/lib/python3.8/site-packages/airflow/example_dags/example_subdag_operator.py
[2024-03-16T11:55:03.904+0500] {processor.py:830} INFO - Processing file /home/muhammadsami/Public/Projects/Airflow/DataPipelineswithApacheAirflow/.env/lib/python3.8/site-packages/airflow/example_dags/example_subdag_operator.py for tasks to queue
[2024-03-16T11:55:03.905+0500] {logging_mixin.py:188} INFO - [2024-03-16T11:55:03.904+0500] {dagbag.py:540} INFO - Filling up the DagBag from /home/muhammadsami/Public/Projects/Airflow/DataPipelineswithApacheAirflow/.env/lib/python3.8/site-packages/airflow/example_dags/example_subdag_operator.py
[2024-03-16T11:55:03.927+0500] {processor.py:840} INFO - DAG(s) 'example_subdag_operator.section-1', 'example_subdag_operator.section-2', 'example_subdag_operator' retrieved from /home/muhammadsami/Public/Projects/Airflow/DataPipelineswithApacheAirflow/.env/lib/python3.8/site-packages/airflow/example_dags/example_subdag_operator.py
[2024-03-16T11:55:03.942+0500] {logging_mixin.py:188} INFO - [2024-03-16T11:55:03.942+0500] {dag.py:3047} INFO - Sync 3 DAGs
[2024-03-16T11:55:03.962+0500] {logging_mixin.py:188} INFO - [2024-03-16T11:55:03.962+0500] {dag.py:3834} INFO - Setting next_dagrun for example_subdag_operator to 2022-01-01 00:00:00+00:00, run_after=2022-01-01 00:00:00+00:00
[2024-03-16T11:55:03.966+0500] {logging_mixin.py:188} INFO - [2024-03-16T11:55:03.966+0500] {dag.py:3834} INFO - Setting next_dagrun for example_subdag_operator.section-1 to None, run_after=None
[2024-03-16T11:55:03.967+0500] {logging_mixin.py:188} INFO - [2024-03-16T11:55:03.967+0500] {dag.py:3834} INFO - Setting next_dagrun for example_subdag_operator.section-2 to None, run_after=None
[2024-03-16T11:55:03.972+0500] {logging_mixin.py:188} INFO - [2024-03-16T11:55:03.972+0500] {dag.py:3047} INFO - Sync 2 DAGs
[2024-03-16T11:55:03.977+0500] {logging_mixin.py:188} INFO - [2024-03-16T11:55:03.976+0500] {dag.py:3834} INFO - Setting next_dagrun for example_subdag_operator.section-1 to None, run_after=None
[2024-03-16T11:55:03.977+0500] {logging_mixin.py:188} INFO - [2024-03-16T11:55:03.977+0500] {dag.py:3834} INFO - Setting next_dagrun for example_subdag_operator.section-2 to None, run_after=None
[2024-03-16T11:55:04.068+0500] {processor.py:183} INFO - Processing /home/muhammadsami/Public/Projects/Airflow/DataPipelineswithApacheAirflow/.env/lib/python3.8/site-packages/airflow/example_dags/example_subdag_operator.py took 0.185 seconds
[2024-03-16T11:55:56.150+0500] {processor.py:161} INFO - Started process (PID=21915) to work on /home/muhammadsami/Public/Projects/Airflow/DataPipelineswithApacheAirflow/.env/lib/python3.8/site-packages/airflow/example_dags/example_subdag_operator.py
[2024-03-16T11:55:56.165+0500] {processor.py:830} INFO - Processing file /home/muhammadsami/Public/Projects/Airflow/DataPipelineswithApacheAirflow/.env/lib/python3.8/site-packages/airflow/example_dags/example_subdag_operator.py for tasks to queue
[2024-03-16T11:55:56.166+0500] {logging_mixin.py:188} INFO - [2024-03-16T11:55:56.165+0500] {dagbag.py:540} INFO - Filling up the DagBag from /home/muhammadsami/Public/Projects/Airflow/DataPipelineswithApacheAirflow/.env/lib/python3.8/site-packages/airflow/example_dags/example_subdag_operator.py
[2024-03-16T11:55:56.185+0500] {processor.py:840} INFO - DAG(s) 'example_subdag_operator.section-1', 'example_subdag_operator.section-2', 'example_subdag_operator' retrieved from /home/muhammadsami/Public/Projects/Airflow/DataPipelineswithApacheAirflow/.env/lib/python3.8/site-packages/airflow/example_dags/example_subdag_operator.py
[2024-03-16T11:55:56.201+0500] {logging_mixin.py:188} INFO - [2024-03-16T11:55:56.201+0500] {dag.py:3047} INFO - Sync 3 DAGs
[2024-03-16T11:55:56.224+0500] {logging_mixin.py:188} INFO - [2024-03-16T11:55:56.224+0500] {dag.py:3834} INFO - Setting next_dagrun for example_subdag_operator to 2022-01-01 00:00:00+00:00, run_after=2022-01-01 00:00:00+00:00
[2024-03-16T11:55:56.229+0500] {logging_mixin.py:188} INFO - [2024-03-16T11:55:56.228+0500] {dag.py:3834} INFO - Setting next_dagrun for example_subdag_operator.section-1 to None, run_after=None
[2024-03-16T11:55:56.230+0500] {logging_mixin.py:188} INFO - [2024-03-16T11:55:56.230+0500] {dag.py:3834} INFO - Setting next_dagrun for example_subdag_operator.section-2 to None, run_after=None
[2024-03-16T11:55:56.237+0500] {logging_mixin.py:188} INFO - [2024-03-16T11:55:56.237+0500] {dag.py:3047} INFO - Sync 2 DAGs
[2024-03-16T11:55:56.241+0500] {logging_mixin.py:188} INFO - [2024-03-16T11:55:56.241+0500] {dag.py:3834} INFO - Setting next_dagrun for example_subdag_operator.section-1 to None, run_after=None
[2024-03-16T11:55:56.241+0500] {logging_mixin.py:188} INFO - [2024-03-16T11:55:56.241+0500] {dag.py:3834} INFO - Setting next_dagrun for example_subdag_operator.section-2 to None, run_after=None
[2024-03-16T11:55:56.420+0500] {processor.py:183} INFO - Processing /home/muhammadsami/Public/Projects/Airflow/DataPipelineswithApacheAirflow/.env/lib/python3.8/site-packages/airflow/example_dags/example_subdag_operator.py took 0.272 seconds
[2024-03-16T11:56:45.278+0500] {processor.py:161} INFO - Started process (PID=21964) to work on /home/muhammadsami/Public/Projects/Airflow/DataPipelineswithApacheAirflow/.env/lib/python3.8/site-packages/airflow/example_dags/example_subdag_operator.py
[2024-03-16T11:56:45.279+0500] {processor.py:830} INFO - Processing file /home/muhammadsami/Public/Projects/Airflow/DataPipelineswithApacheAirflow/.env/lib/python3.8/site-packages/airflow/example_dags/example_subdag_operator.py for tasks to queue
[2024-03-16T11:56:45.280+0500] {logging_mixin.py:188} INFO - [2024-03-16T11:56:45.280+0500] {dagbag.py:540} INFO - Filling up the DagBag from /home/muhammadsami/Public/Projects/Airflow/DataPipelineswithApacheAirflow/.env/lib/python3.8/site-packages/airflow/example_dags/example_subdag_operator.py
[2024-03-16T11:56:45.305+0500] {processor.py:840} INFO - DAG(s) 'example_subdag_operator.section-1', 'example_subdag_operator.section-2', 'example_subdag_operator' retrieved from /home/muhammadsami/Public/Projects/Airflow/DataPipelineswithApacheAirflow/.env/lib/python3.8/site-packages/airflow/example_dags/example_subdag_operator.py
[2024-03-16T11:56:45.322+0500] {logging_mixin.py:188} INFO - [2024-03-16T11:56:45.322+0500] {dag.py:3047} INFO - Sync 3 DAGs
[2024-03-16T11:56:45.344+0500] {logging_mixin.py:188} INFO - [2024-03-16T11:56:45.344+0500] {dag.py:3834} INFO - Setting next_dagrun for example_subdag_operator to 2022-01-01 00:00:00+00:00, run_after=2022-01-01 00:00:00+00:00
[2024-03-16T11:56:45.349+0500] {logging_mixin.py:188} INFO - [2024-03-16T11:56:45.349+0500] {dag.py:3834} INFO - Setting next_dagrun for example_subdag_operator.section-1 to None, run_after=None
[2024-03-16T11:56:45.351+0500] {logging_mixin.py:188} INFO - [2024-03-16T11:56:45.351+0500] {dag.py:3834} INFO - Setting next_dagrun for example_subdag_operator.section-2 to None, run_after=None
[2024-03-16T11:56:45.361+0500] {logging_mixin.py:188} INFO - [2024-03-16T11:56:45.360+0500] {dag.py:3047} INFO - Sync 2 DAGs
[2024-03-16T11:56:45.367+0500] {logging_mixin.py:188} INFO - [2024-03-16T11:56:45.366+0500] {dag.py:3834} INFO - Setting next_dagrun for example_subdag_operator.section-1 to None, run_after=None
[2024-03-16T11:56:45.367+0500] {logging_mixin.py:188} INFO - [2024-03-16T11:56:45.367+0500] {dag.py:3834} INFO - Setting next_dagrun for example_subdag_operator.section-2 to None, run_after=None
[2024-03-16T11:56:45.475+0500] {processor.py:183} INFO - Processing /home/muhammadsami/Public/Projects/Airflow/DataPipelineswithApacheAirflow/.env/lib/python3.8/site-packages/airflow/example_dags/example_subdag_operator.py took 0.201 seconds
[2024-03-16T11:57:37.545+0500] {processor.py:161} INFO - Started process (PID=22017) to work on /home/muhammadsami/Public/Projects/Airflow/DataPipelineswithApacheAirflow/.env/lib/python3.8/site-packages/airflow/example_dags/example_subdag_operator.py
[2024-03-16T11:57:37.563+0500] {processor.py:830} INFO - Processing file /home/muhammadsami/Public/Projects/Airflow/DataPipelineswithApacheAirflow/.env/lib/python3.8/site-packages/airflow/example_dags/example_subdag_operator.py for tasks to queue
[2024-03-16T11:57:37.564+0500] {logging_mixin.py:188} INFO - [2024-03-16T11:57:37.563+0500] {dagbag.py:540} INFO - Filling up the DagBag from /home/muhammadsami/Public/Projects/Airflow/DataPipelineswithApacheAirflow/.env/lib/python3.8/site-packages/airflow/example_dags/example_subdag_operator.py
[2024-03-16T11:57:37.588+0500] {processor.py:840} INFO - DAG(s) 'example_subdag_operator.section-1', 'example_subdag_operator.section-2', 'example_subdag_operator' retrieved from /home/muhammadsami/Public/Projects/Airflow/DataPipelineswithApacheAirflow/.env/lib/python3.8/site-packages/airflow/example_dags/example_subdag_operator.py
[2024-03-16T11:57:37.607+0500] {logging_mixin.py:188} INFO - [2024-03-16T11:57:37.606+0500] {dag.py:3047} INFO - Sync 3 DAGs
[2024-03-16T11:57:37.628+0500] {logging_mixin.py:188} INFO - [2024-03-16T11:57:37.628+0500] {dag.py:3834} INFO - Setting next_dagrun for example_subdag_operator to 2022-01-01 00:00:00+00:00, run_after=2022-01-01 00:00:00+00:00
[2024-03-16T11:57:37.633+0500] {logging_mixin.py:188} INFO - [2024-03-16T11:57:37.632+0500] {dag.py:3834} INFO - Setting next_dagrun for example_subdag_operator.section-1 to None, run_after=None
[2024-03-16T11:57:37.634+0500] {logging_mixin.py:188} INFO - [2024-03-16T11:57:37.634+0500] {dag.py:3834} INFO - Setting next_dagrun for example_subdag_operator.section-2 to None, run_after=None
[2024-03-16T11:57:37.642+0500] {logging_mixin.py:188} INFO - [2024-03-16T11:57:37.642+0500] {dag.py:3047} INFO - Sync 2 DAGs
[2024-03-16T11:57:37.648+0500] {logging_mixin.py:188} INFO - [2024-03-16T11:57:37.647+0500] {dag.py:3834} INFO - Setting next_dagrun for example_subdag_operator.section-1 to None, run_after=None
[2024-03-16T11:57:37.648+0500] {logging_mixin.py:188} INFO - [2024-03-16T11:57:37.648+0500] {dag.py:3834} INFO - Setting next_dagrun for example_subdag_operator.section-2 to None, run_after=None
[2024-03-16T11:57:37.735+0500] {processor.py:183} INFO - Processing /home/muhammadsami/Public/Projects/Airflow/DataPipelineswithApacheAirflow/.env/lib/python3.8/site-packages/airflow/example_dags/example_subdag_operator.py took 0.193 seconds
[2024-03-16T11:58:29.690+0500] {processor.py:161} INFO - Started process (PID=22119) to work on /home/muhammadsami/Public/Projects/Airflow/DataPipelineswithApacheAirflow/.env/lib/python3.8/site-packages/airflow/example_dags/example_subdag_operator.py
[2024-03-16T11:58:29.692+0500] {processor.py:830} INFO - Processing file /home/muhammadsami/Public/Projects/Airflow/DataPipelineswithApacheAirflow/.env/lib/python3.8/site-packages/airflow/example_dags/example_subdag_operator.py for tasks to queue
[2024-03-16T11:58:29.693+0500] {logging_mixin.py:188} INFO - [2024-03-16T11:58:29.692+0500] {dagbag.py:540} INFO - Filling up the DagBag from /home/muhammadsami/Public/Projects/Airflow/DataPipelineswithApacheAirflow/.env/lib/python3.8/site-packages/airflow/example_dags/example_subdag_operator.py
[2024-03-16T11:58:29.710+0500] {processor.py:840} INFO - DAG(s) 'example_subdag_operator.section-1', 'example_subdag_operator.section-2', 'example_subdag_operator' retrieved from /home/muhammadsami/Public/Projects/Airflow/DataPipelineswithApacheAirflow/.env/lib/python3.8/site-packages/airflow/example_dags/example_subdag_operator.py
[2024-03-16T11:58:29.723+0500] {logging_mixin.py:188} INFO - [2024-03-16T11:58:29.722+0500] {dag.py:3047} INFO - Sync 3 DAGs
[2024-03-16T11:58:29.739+0500] {logging_mixin.py:188} INFO - [2024-03-16T11:58:29.739+0500] {dag.py:3834} INFO - Setting next_dagrun for example_subdag_operator to 2022-01-01 00:00:00+00:00, run_after=2022-01-01 00:00:00+00:00
[2024-03-16T11:58:29.742+0500] {logging_mixin.py:188} INFO - [2024-03-16T11:58:29.742+0500] {dag.py:3834} INFO - Setting next_dagrun for example_subdag_operator.section-1 to None, run_after=None
[2024-03-16T11:58:29.743+0500] {logging_mixin.py:188} INFO - [2024-03-16T11:58:29.742+0500] {dag.py:3834} INFO - Setting next_dagrun for example_subdag_operator.section-2 to None, run_after=None
[2024-03-16T11:58:29.748+0500] {logging_mixin.py:188} INFO - [2024-03-16T11:58:29.747+0500] {dag.py:3047} INFO - Sync 2 DAGs
[2024-03-16T11:58:29.751+0500] {logging_mixin.py:188} INFO - [2024-03-16T11:58:29.751+0500] {dag.py:3834} INFO - Setting next_dagrun for example_subdag_operator.section-1 to None, run_after=None
[2024-03-16T11:58:29.751+0500] {logging_mixin.py:188} INFO - [2024-03-16T11:58:29.751+0500] {dag.py:3834} INFO - Setting next_dagrun for example_subdag_operator.section-2 to None, run_after=None
[2024-03-16T11:58:29.838+0500] {processor.py:183} INFO - Processing /home/muhammadsami/Public/Projects/Airflow/DataPipelineswithApacheAirflow/.env/lib/python3.8/site-packages/airflow/example_dags/example_subdag_operator.py took 0.150 seconds
[2024-03-16T11:59:17.788+0500] {processor.py:161} INFO - Started process (PID=22199) to work on /home/muhammadsami/Public/Projects/Airflow/DataPipelineswithApacheAirflow/.env/lib/python3.8/site-packages/airflow/example_dags/example_subdag_operator.py
[2024-03-16T11:59:17.800+0500] {processor.py:830} INFO - Processing file /home/muhammadsami/Public/Projects/Airflow/DataPipelineswithApacheAirflow/.env/lib/python3.8/site-packages/airflow/example_dags/example_subdag_operator.py for tasks to queue
[2024-03-16T11:59:17.802+0500] {logging_mixin.py:188} INFO - [2024-03-16T11:59:17.801+0500] {dagbag.py:540} INFO - Filling up the DagBag from /home/muhammadsami/Public/Projects/Airflow/DataPipelineswithApacheAirflow/.env/lib/python3.8/site-packages/airflow/example_dags/example_subdag_operator.py
[2024-03-16T11:59:17.830+0500] {processor.py:840} INFO - DAG(s) 'example_subdag_operator.section-1', 'example_subdag_operator.section-2', 'example_subdag_operator' retrieved from /home/muhammadsami/Public/Projects/Airflow/DataPipelineswithApacheAirflow/.env/lib/python3.8/site-packages/airflow/example_dags/example_subdag_operator.py
[2024-03-16T11:59:17.850+0500] {logging_mixin.py:188} INFO - [2024-03-16T11:59:17.850+0500] {dag.py:3047} INFO - Sync 3 DAGs
[2024-03-16T11:59:17.878+0500] {logging_mixin.py:188} INFO - [2024-03-16T11:59:17.878+0500] {dag.py:3834} INFO - Setting next_dagrun for example_subdag_operator to 2022-01-01 00:00:00+00:00, run_after=2022-01-01 00:00:00+00:00
[2024-03-16T11:59:17.884+0500] {logging_mixin.py:188} INFO - [2024-03-16T11:59:17.883+0500] {dag.py:3834} INFO - Setting next_dagrun for example_subdag_operator.section-1 to None, run_after=None
[2024-03-16T11:59:17.886+0500] {logging_mixin.py:188} INFO - [2024-03-16T11:59:17.886+0500] {dag.py:3834} INFO - Setting next_dagrun for example_subdag_operator.section-2 to None, run_after=None
[2024-03-16T11:59:17.894+0500] {logging_mixin.py:188} INFO - [2024-03-16T11:59:17.893+0500] {dag.py:3047} INFO - Sync 2 DAGs
[2024-03-16T11:59:17.897+0500] {logging_mixin.py:188} INFO - [2024-03-16T11:59:17.897+0500] {dag.py:3834} INFO - Setting next_dagrun for example_subdag_operator.section-1 to None, run_after=None
[2024-03-16T11:59:17.898+0500] {logging_mixin.py:188} INFO - [2024-03-16T11:59:17.897+0500] {dag.py:3834} INFO - Setting next_dagrun for example_subdag_operator.section-2 to None, run_after=None
[2024-03-16T11:59:17.990+0500] {processor.py:183} INFO - Processing /home/muhammadsami/Public/Projects/Airflow/DataPipelineswithApacheAirflow/.env/lib/python3.8/site-packages/airflow/example_dags/example_subdag_operator.py took 0.207 seconds
[2024-03-16T12:00:10.093+0500] {processor.py:161} INFO - Started process (PID=22314) to work on /home/muhammadsami/Public/Projects/Airflow/DataPipelineswithApacheAirflow/.env/lib/python3.8/site-packages/airflow/example_dags/example_subdag_operator.py
[2024-03-16T12:00:10.115+0500] {processor.py:830} INFO - Processing file /home/muhammadsami/Public/Projects/Airflow/DataPipelineswithApacheAirflow/.env/lib/python3.8/site-packages/airflow/example_dags/example_subdag_operator.py for tasks to queue
[2024-03-16T12:00:10.116+0500] {logging_mixin.py:188} INFO - [2024-03-16T12:00:10.116+0500] {dagbag.py:540} INFO - Filling up the DagBag from /home/muhammadsami/Public/Projects/Airflow/DataPipelineswithApacheAirflow/.env/lib/python3.8/site-packages/airflow/example_dags/example_subdag_operator.py
[2024-03-16T12:00:10.133+0500] {processor.py:840} INFO - DAG(s) 'example_subdag_operator.section-1', 'example_subdag_operator.section-2', 'example_subdag_operator' retrieved from /home/muhammadsami/Public/Projects/Airflow/DataPipelineswithApacheAirflow/.env/lib/python3.8/site-packages/airflow/example_dags/example_subdag_operator.py
[2024-03-16T12:00:10.147+0500] {logging_mixin.py:188} INFO - [2024-03-16T12:00:10.147+0500] {dag.py:3047} INFO - Sync 3 DAGs
[2024-03-16T12:00:10.163+0500] {logging_mixin.py:188} INFO - [2024-03-16T12:00:10.163+0500] {dag.py:3834} INFO - Setting next_dagrun for example_subdag_operator to 2022-01-01 00:00:00+00:00, run_after=2022-01-01 00:00:00+00:00
[2024-03-16T12:00:10.166+0500] {logging_mixin.py:188} INFO - [2024-03-16T12:00:10.166+0500] {dag.py:3834} INFO - Setting next_dagrun for example_subdag_operator.section-1 to None, run_after=None
[2024-03-16T12:00:10.167+0500] {logging_mixin.py:188} INFO - [2024-03-16T12:00:10.167+0500] {dag.py:3834} INFO - Setting next_dagrun for example_subdag_operator.section-2 to None, run_after=None
[2024-03-16T12:00:10.172+0500] {logging_mixin.py:188} INFO - [2024-03-16T12:00:10.172+0500] {dag.py:3047} INFO - Sync 2 DAGs
[2024-03-16T12:00:10.176+0500] {logging_mixin.py:188} INFO - [2024-03-16T12:00:10.176+0500] {dag.py:3834} INFO - Setting next_dagrun for example_subdag_operator.section-1 to None, run_after=None
[2024-03-16T12:00:10.176+0500] {logging_mixin.py:188} INFO - [2024-03-16T12:00:10.176+0500] {dag.py:3834} INFO - Setting next_dagrun for example_subdag_operator.section-2 to None, run_after=None
[2024-03-16T12:00:10.263+0500] {processor.py:183} INFO - Processing /home/muhammadsami/Public/Projects/Airflow/DataPipelineswithApacheAirflow/.env/lib/python3.8/site-packages/airflow/example_dags/example_subdag_operator.py took 0.173 seconds
[2024-03-16T12:01:04.506+0500] {processor.py:161} INFO - Started process (PID=22366) to work on /home/muhammadsami/Public/Projects/Airflow/DataPipelineswithApacheAirflow/.env/lib/python3.8/site-packages/airflow/example_dags/example_subdag_operator.py
[2024-03-16T12:01:04.507+0500] {processor.py:830} INFO - Processing file /home/muhammadsami/Public/Projects/Airflow/DataPipelineswithApacheAirflow/.env/lib/python3.8/site-packages/airflow/example_dags/example_subdag_operator.py for tasks to queue
[2024-03-16T12:01:04.509+0500] {logging_mixin.py:188} INFO - [2024-03-16T12:01:04.508+0500] {dagbag.py:540} INFO - Filling up the DagBag from /home/muhammadsami/Public/Projects/Airflow/DataPipelineswithApacheAirflow/.env/lib/python3.8/site-packages/airflow/example_dags/example_subdag_operator.py
[2024-03-16T12:01:04.529+0500] {processor.py:840} INFO - DAG(s) 'example_subdag_operator.section-1', 'example_subdag_operator.section-2', 'example_subdag_operator' retrieved from /home/muhammadsami/Public/Projects/Airflow/DataPipelineswithApacheAirflow/.env/lib/python3.8/site-packages/airflow/example_dags/example_subdag_operator.py
[2024-03-16T12:01:04.541+0500] {logging_mixin.py:188} INFO - [2024-03-16T12:01:04.541+0500] {dag.py:3047} INFO - Sync 3 DAGs
[2024-03-16T12:01:04.557+0500] {logging_mixin.py:188} INFO - [2024-03-16T12:01:04.557+0500] {dag.py:3834} INFO - Setting next_dagrun for example_subdag_operator to 2022-01-01 00:00:00+00:00, run_after=2022-01-01 00:00:00+00:00
[2024-03-16T12:01:04.560+0500] {logging_mixin.py:188} INFO - [2024-03-16T12:01:04.560+0500] {dag.py:3834} INFO - Setting next_dagrun for example_subdag_operator.section-1 to None, run_after=None
[2024-03-16T12:01:04.561+0500] {logging_mixin.py:188} INFO - [2024-03-16T12:01:04.561+0500] {dag.py:3834} INFO - Setting next_dagrun for example_subdag_operator.section-2 to None, run_after=None
[2024-03-16T12:01:04.566+0500] {logging_mixin.py:188} INFO - [2024-03-16T12:01:04.566+0500] {dag.py:3047} INFO - Sync 2 DAGs
[2024-03-16T12:01:04.569+0500] {logging_mixin.py:188} INFO - [2024-03-16T12:01:04.569+0500] {dag.py:3834} INFO - Setting next_dagrun for example_subdag_operator.section-1 to None, run_after=None
[2024-03-16T12:01:04.570+0500] {logging_mixin.py:188} INFO - [2024-03-16T12:01:04.570+0500] {dag.py:3834} INFO - Setting next_dagrun for example_subdag_operator.section-2 to None, run_after=None
[2024-03-16T12:01:04.658+0500] {processor.py:183} INFO - Processing /home/muhammadsami/Public/Projects/Airflow/DataPipelineswithApacheAirflow/.env/lib/python3.8/site-packages/airflow/example_dags/example_subdag_operator.py took 0.154 seconds
