[2024-03-16T11:23:26.976+0500] {processor.py:161} INFO - Started process (PID=18426) to work on /home/muhammadsami/Public/Projects/Airflow/DataPipelineswithApacheAirflow/.env/lib/python3.8/site-packages/airflow/example_dags/example_datasets.py
[2024-03-16T11:23:26.977+0500] {processor.py:830} INFO - Processing file /home/muhammadsami/Public/Projects/Airflow/DataPipelineswithApacheAirflow/.env/lib/python3.8/site-packages/airflow/example_dags/example_datasets.py for tasks to queue
[2024-03-16T11:23:26.978+0500] {logging_mixin.py:188} INFO - [2024-03-16T11:23:26.977+0500] {dagbag.py:540} INFO - Filling up the DagBag from /home/muhammadsami/Public/Projects/Airflow/DataPipelineswithApacheAirflow/.env/lib/python3.8/site-packages/airflow/example_dags/example_datasets.py
[2024-03-16T11:23:26.991+0500] {processor.py:840} INFO - DAG(s) 'dataset_consumes_1_never_scheduled', 'dataset_produces_1', 'dataset_consumes_1_and_2', 'dataset_produces_2', 'dataset_consumes_unknown_never_scheduled', 'dataset_consumes_1' retrieved from /home/muhammadsami/Public/Projects/Airflow/DataPipelineswithApacheAirflow/.env/lib/python3.8/site-packages/airflow/example_dags/example_datasets.py
[2024-03-16T11:23:27.417+0500] {logging_mixin.py:188} INFO - [2024-03-16T11:23:27.416+0500] {override.py:1769} INFO - Created Permission View: can edit on DAG:dataset_consumes_1_never_scheduled
[2024-03-16T11:23:27.515+0500] {logging_mixin.py:188} INFO - [2024-03-16T11:23:27.515+0500] {override.py:1769} INFO - Created Permission View: can delete on DAG:dataset_consumes_1_never_scheduled
[2024-03-16T11:23:27.615+0500] {logging_mixin.py:188} INFO - [2024-03-16T11:23:27.614+0500] {override.py:1769} INFO - Created Permission View: can read on DAG:dataset_consumes_1_never_scheduled
[2024-03-16T11:23:27.871+0500] {logging_mixin.py:188} INFO - [2024-03-16T11:23:27.870+0500] {override.py:1769} INFO - Created Permission View: can edit on DAG:dataset_produces_1
[2024-03-16T11:23:27.986+0500] {logging_mixin.py:188} INFO - [2024-03-16T11:23:27.985+0500] {override.py:1769} INFO - Created Permission View: can delete on DAG:dataset_produces_1
[2024-03-16T11:23:28.077+0500] {logging_mixin.py:188} INFO - [2024-03-16T11:23:28.076+0500] {override.py:1769} INFO - Created Permission View: can read on DAG:dataset_produces_1
[2024-03-16T11:23:28.316+0500] {logging_mixin.py:188} INFO - [2024-03-16T11:23:28.315+0500] {override.py:1769} INFO - Created Permission View: can edit on DAG:dataset_consumes_1_and_2
[2024-03-16T11:23:28.406+0500] {logging_mixin.py:188} INFO - [2024-03-16T11:23:28.406+0500] {override.py:1769} INFO - Created Permission View: can delete on DAG:dataset_consumes_1_and_2
[2024-03-16T11:23:28.489+0500] {logging_mixin.py:188} INFO - [2024-03-16T11:23:28.489+0500] {override.py:1769} INFO - Created Permission View: can read on DAG:dataset_consumes_1_and_2
[2024-03-16T11:23:28.728+0500] {logging_mixin.py:188} INFO - [2024-03-16T11:23:28.728+0500] {override.py:1769} INFO - Created Permission View: can edit on DAG:dataset_produces_2
[2024-03-16T11:23:28.827+0500] {logging_mixin.py:188} INFO - [2024-03-16T11:23:28.827+0500] {override.py:1769} INFO - Created Permission View: can delete on DAG:dataset_produces_2
[2024-03-16T11:23:28.926+0500] {logging_mixin.py:188} INFO - [2024-03-16T11:23:28.926+0500] {override.py:1769} INFO - Created Permission View: can read on DAG:dataset_produces_2
[2024-03-16T11:23:29.174+0500] {logging_mixin.py:188} INFO - [2024-03-16T11:23:29.173+0500] {override.py:1769} INFO - Created Permission View: can edit on DAG:dataset_consumes_unknown_never_scheduled
[2024-03-16T11:23:29.281+0500] {logging_mixin.py:188} INFO - [2024-03-16T11:23:29.281+0500] {override.py:1769} INFO - Created Permission View: can delete on DAG:dataset_consumes_unknown_never_scheduled
[2024-03-16T11:23:29.388+0500] {logging_mixin.py:188} INFO - [2024-03-16T11:23:29.388+0500] {override.py:1769} INFO - Created Permission View: can read on DAG:dataset_consumes_unknown_never_scheduled
[2024-03-16T11:23:29.636+0500] {logging_mixin.py:188} INFO - [2024-03-16T11:23:29.635+0500] {override.py:1769} INFO - Created Permission View: can edit on DAG:dataset_consumes_1
[2024-03-16T11:23:29.727+0500] {logging_mixin.py:188} INFO - [2024-03-16T11:23:29.726+0500] {override.py:1769} INFO - Created Permission View: can delete on DAG:dataset_consumes_1
[2024-03-16T11:23:29.817+0500] {logging_mixin.py:188} INFO - [2024-03-16T11:23:29.817+0500] {override.py:1769} INFO - Created Permission View: can read on DAG:dataset_consumes_1
[2024-03-16T11:23:29.818+0500] {logging_mixin.py:188} INFO - [2024-03-16T11:23:29.818+0500] {dag.py:3047} INFO - Sync 6 DAGs
[2024-03-16T11:23:29.826+0500] {logging_mixin.py:188} INFO - [2024-03-16T11:23:29.826+0500] {dag.py:3069} INFO - Creating ORM DAG for dataset_consumes_1_never_scheduled
[2024-03-16T11:23:29.826+0500] {logging_mixin.py:188} INFO - [2024-03-16T11:23:29.826+0500] {dag.py:3069} INFO - Creating ORM DAG for dataset_produces_1
[2024-03-16T11:23:29.827+0500] {logging_mixin.py:188} INFO - [2024-03-16T11:23:29.827+0500] {dag.py:3069} INFO - Creating ORM DAG for dataset_consumes_1
[2024-03-16T11:23:29.827+0500] {logging_mixin.py:188} INFO - [2024-03-16T11:23:29.827+0500] {dag.py:3069} INFO - Creating ORM DAG for dataset_produces_2
[2024-03-16T11:23:29.828+0500] {logging_mixin.py:188} INFO - [2024-03-16T11:23:29.828+0500] {dag.py:3069} INFO - Creating ORM DAG for dataset_consumes_1_and_2
[2024-03-16T11:23:29.828+0500] {logging_mixin.py:188} INFO - [2024-03-16T11:23:29.828+0500] {dag.py:3069} INFO - Creating ORM DAG for dataset_consumes_unknown_never_scheduled
[2024-03-16T11:23:29.835+0500] {logging_mixin.py:188} INFO - [2024-03-16T11:23:29.834+0500] {dag.py:3834} INFO - Setting next_dagrun for dataset_consumes_1 to None, run_after=None
[2024-03-16T11:23:29.835+0500] {logging_mixin.py:188} INFO - [2024-03-16T11:23:29.835+0500] {dag.py:3834} INFO - Setting next_dagrun for dataset_consumes_1_and_2 to None, run_after=None
[2024-03-16T11:23:29.836+0500] {logging_mixin.py:188} INFO - [2024-03-16T11:23:29.836+0500] {dag.py:3834} INFO - Setting next_dagrun for dataset_consumes_1_never_scheduled to None, run_after=None
[2024-03-16T11:23:29.836+0500] {logging_mixin.py:188} INFO - [2024-03-16T11:23:29.836+0500] {dag.py:3834} INFO - Setting next_dagrun for dataset_consumes_unknown_never_scheduled to None, run_after=None
[2024-03-16T11:23:29.838+0500] {logging_mixin.py:188} INFO - [2024-03-16T11:23:29.838+0500] {dag.py:3834} INFO - Setting next_dagrun for dataset_produces_1 to 2024-03-15 00:00:00+00:00, run_after=2024-03-16 00:00:00+00:00
[2024-03-16T11:23:29.838+0500] {logging_mixin.py:188} INFO - [2024-03-16T11:23:29.838+0500] {dag.py:3834} INFO - Setting next_dagrun for dataset_produces_2 to None, run_after=None
[2024-03-16T11:23:30.153+0500] {processor.py:183} INFO - Processing /home/muhammadsami/Public/Projects/Airflow/DataPipelineswithApacheAirflow/.env/lib/python3.8/site-packages/airflow/example_dags/example_datasets.py took 3.180 seconds
[2024-03-16T11:24:38.348+0500] {processor.py:161} INFO - Started process (PID=18563) to work on /home/muhammadsami/Public/Projects/Airflow/DataPipelineswithApacheAirflow/.env/lib/python3.8/site-packages/airflow/example_dags/example_datasets.py
[2024-03-16T11:24:38.359+0500] {processor.py:830} INFO - Processing file /home/muhammadsami/Public/Projects/Airflow/DataPipelineswithApacheAirflow/.env/lib/python3.8/site-packages/airflow/example_dags/example_datasets.py for tasks to queue
[2024-03-16T11:24:38.360+0500] {logging_mixin.py:188} INFO - [2024-03-16T11:24:38.359+0500] {dagbag.py:540} INFO - Filling up the DagBag from /home/muhammadsami/Public/Projects/Airflow/DataPipelineswithApacheAirflow/.env/lib/python3.8/site-packages/airflow/example_dags/example_datasets.py
[2024-03-16T11:24:38.368+0500] {processor.py:840} INFO - DAG(s) 'dataset_produces_1', 'dataset_consumes_1_never_scheduled', 'dataset_consumes_unknown_never_scheduled', 'dataset_consumes_1_and_2', 'dataset_consumes_1', 'dataset_produces_2' retrieved from /home/muhammadsami/Public/Projects/Airflow/DataPipelineswithApacheAirflow/.env/lib/python3.8/site-packages/airflow/example_dags/example_datasets.py
[2024-03-16T11:24:38.475+0500] {logging_mixin.py:188} INFO - [2024-03-16T11:24:38.475+0500] {dag.py:3047} INFO - Sync 6 DAGs
[2024-03-16T11:24:38.493+0500] {logging_mixin.py:188} INFO - [2024-03-16T11:24:38.493+0500] {dag.py:3834} INFO - Setting next_dagrun for dataset_consumes_1 to None, run_after=None
[2024-03-16T11:24:38.496+0500] {logging_mixin.py:188} INFO - [2024-03-16T11:24:38.496+0500] {dag.py:3834} INFO - Setting next_dagrun for dataset_consumes_1_and_2 to None, run_after=None
[2024-03-16T11:24:38.499+0500] {logging_mixin.py:188} INFO - [2024-03-16T11:24:38.498+0500] {dag.py:3834} INFO - Setting next_dagrun for dataset_consumes_1_never_scheduled to None, run_after=None
[2024-03-16T11:24:38.500+0500] {logging_mixin.py:188} INFO - [2024-03-16T11:24:38.500+0500] {dag.py:3834} INFO - Setting next_dagrun for dataset_consumes_unknown_never_scheduled to None, run_after=None
[2024-03-16T11:24:38.503+0500] {logging_mixin.py:188} INFO - [2024-03-16T11:24:38.503+0500] {dag.py:3834} INFO - Setting next_dagrun for dataset_produces_1 to 2024-03-15 00:00:00+00:00, run_after=2024-03-16 00:00:00+00:00
[2024-03-16T11:24:38.504+0500] {logging_mixin.py:188} INFO - [2024-03-16T11:24:38.504+0500] {dag.py:3834} INFO - Setting next_dagrun for dataset_produces_2 to None, run_after=None
[2024-03-16T11:24:38.602+0500] {processor.py:183} INFO - Processing /home/muhammadsami/Public/Projects/Airflow/DataPipelineswithApacheAirflow/.env/lib/python3.8/site-packages/airflow/example_dags/example_datasets.py took 0.257 seconds
[2024-03-16T11:25:32.483+0500] {processor.py:161} INFO - Started process (PID=18629) to work on /home/muhammadsami/Public/Projects/Airflow/DataPipelineswithApacheAirflow/.env/lib/python3.8/site-packages/airflow/example_dags/example_datasets.py
[2024-03-16T11:25:32.484+0500] {processor.py:830} INFO - Processing file /home/muhammadsami/Public/Projects/Airflow/DataPipelineswithApacheAirflow/.env/lib/python3.8/site-packages/airflow/example_dags/example_datasets.py for tasks to queue
[2024-03-16T11:25:32.485+0500] {logging_mixin.py:188} INFO - [2024-03-16T11:25:32.485+0500] {dagbag.py:540} INFO - Filling up the DagBag from /home/muhammadsami/Public/Projects/Airflow/DataPipelineswithApacheAirflow/.env/lib/python3.8/site-packages/airflow/example_dags/example_datasets.py
[2024-03-16T11:25:32.495+0500] {processor.py:840} INFO - DAG(s) 'dataset_consumes_1', 'dataset_consumes_unknown_never_scheduled', 'dataset_produces_2', 'dataset_produces_1', 'dataset_consumes_1_never_scheduled', 'dataset_consumes_1_and_2' retrieved from /home/muhammadsami/Public/Projects/Airflow/DataPipelineswithApacheAirflow/.env/lib/python3.8/site-packages/airflow/example_dags/example_datasets.py
[2024-03-16T11:25:32.521+0500] {logging_mixin.py:188} INFO - [2024-03-16T11:25:32.521+0500] {dag.py:3047} INFO - Sync 6 DAGs
[2024-03-16T11:25:32.540+0500] {logging_mixin.py:188} INFO - [2024-03-16T11:25:32.539+0500] {dag.py:3834} INFO - Setting next_dagrun for dataset_consumes_1 to None, run_after=None
[2024-03-16T11:25:32.543+0500] {logging_mixin.py:188} INFO - [2024-03-16T11:25:32.542+0500] {dag.py:3834} INFO - Setting next_dagrun for dataset_consumes_1_and_2 to None, run_after=None
[2024-03-16T11:25:32.544+0500] {logging_mixin.py:188} INFO - [2024-03-16T11:25:32.543+0500] {dag.py:3834} INFO - Setting next_dagrun for dataset_consumes_1_never_scheduled to None, run_after=None
[2024-03-16T11:25:32.544+0500] {logging_mixin.py:188} INFO - [2024-03-16T11:25:32.544+0500] {dag.py:3834} INFO - Setting next_dagrun for dataset_consumes_unknown_never_scheduled to None, run_after=None
[2024-03-16T11:25:32.547+0500] {logging_mixin.py:188} INFO - [2024-03-16T11:25:32.546+0500] {dag.py:3834} INFO - Setting next_dagrun for dataset_produces_1 to 2024-03-15 00:00:00+00:00, run_after=2024-03-16 00:00:00+00:00
[2024-03-16T11:25:32.547+0500] {logging_mixin.py:188} INFO - [2024-03-16T11:25:32.547+0500] {dag.py:3834} INFO - Setting next_dagrun for dataset_produces_2 to None, run_after=None
[2024-03-16T11:25:32.647+0500] {processor.py:183} INFO - Processing /home/muhammadsami/Public/Projects/Airflow/DataPipelineswithApacheAirflow/.env/lib/python3.8/site-packages/airflow/example_dags/example_datasets.py took 0.167 seconds
[2024-03-16T11:26:50.006+0500] {processor.py:161} INFO - Started process (PID=18743) to work on /home/muhammadsami/Public/Projects/Airflow/DataPipelineswithApacheAirflow/.env/lib/python3.8/site-packages/airflow/example_dags/example_datasets.py
[2024-03-16T11:26:50.015+0500] {processor.py:830} INFO - Processing file /home/muhammadsami/Public/Projects/Airflow/DataPipelineswithApacheAirflow/.env/lib/python3.8/site-packages/airflow/example_dags/example_datasets.py for tasks to queue
[2024-03-16T11:26:50.016+0500] {logging_mixin.py:188} INFO - [2024-03-16T11:26:50.015+0500] {dagbag.py:540} INFO - Filling up the DagBag from /home/muhammadsami/Public/Projects/Airflow/DataPipelineswithApacheAirflow/.env/lib/python3.8/site-packages/airflow/example_dags/example_datasets.py
[2024-03-16T11:26:50.024+0500] {processor.py:840} INFO - DAG(s) 'dataset_produces_2', 'dataset_consumes_1_and_2', 'dataset_consumes_unknown_never_scheduled', 'dataset_consumes_1_never_scheduled', 'dataset_produces_1', 'dataset_consumes_1' retrieved from /home/muhammadsami/Public/Projects/Airflow/DataPipelineswithApacheAirflow/.env/lib/python3.8/site-packages/airflow/example_dags/example_datasets.py
[2024-03-16T11:26:50.048+0500] {logging_mixin.py:188} INFO - [2024-03-16T11:26:50.047+0500] {dag.py:3047} INFO - Sync 6 DAGs
[2024-03-16T11:26:50.065+0500] {logging_mixin.py:188} INFO - [2024-03-16T11:26:50.065+0500] {dag.py:3834} INFO - Setting next_dagrun for dataset_consumes_1 to None, run_after=None
[2024-03-16T11:26:50.068+0500] {logging_mixin.py:188} INFO - [2024-03-16T11:26:50.067+0500] {dag.py:3834} INFO - Setting next_dagrun for dataset_consumes_1_and_2 to None, run_after=None
[2024-03-16T11:26:50.069+0500] {logging_mixin.py:188} INFO - [2024-03-16T11:26:50.069+0500] {dag.py:3834} INFO - Setting next_dagrun for dataset_consumes_1_never_scheduled to None, run_after=None
[2024-03-16T11:26:50.069+0500] {logging_mixin.py:188} INFO - [2024-03-16T11:26:50.069+0500] {dag.py:3834} INFO - Setting next_dagrun for dataset_consumes_unknown_never_scheduled to None, run_after=None
[2024-03-16T11:26:50.071+0500] {logging_mixin.py:188} INFO - [2024-03-16T11:26:50.071+0500] {dag.py:3834} INFO - Setting next_dagrun for dataset_produces_1 to 2024-03-15 00:00:00+00:00, run_after=2024-03-16 00:00:00+00:00
[2024-03-16T11:26:50.072+0500] {logging_mixin.py:188} INFO - [2024-03-16T11:26:50.072+0500] {dag.py:3834} INFO - Setting next_dagrun for dataset_produces_2 to None, run_after=None
[2024-03-16T11:26:50.181+0500] {processor.py:183} INFO - Processing /home/muhammadsami/Public/Projects/Airflow/DataPipelineswithApacheAirflow/.env/lib/python3.8/site-packages/airflow/example_dags/example_datasets.py took 0.177 seconds
[2024-03-16T11:28:00.355+0500] {processor.py:161} INFO - Started process (PID=18814) to work on /home/muhammadsami/Public/Projects/Airflow/DataPipelineswithApacheAirflow/.env/lib/python3.8/site-packages/airflow/example_dags/example_datasets.py
[2024-03-16T11:28:00.371+0500] {processor.py:830} INFO - Processing file /home/muhammadsami/Public/Projects/Airflow/DataPipelineswithApacheAirflow/.env/lib/python3.8/site-packages/airflow/example_dags/example_datasets.py for tasks to queue
[2024-03-16T11:28:00.372+0500] {logging_mixin.py:188} INFO - [2024-03-16T11:28:00.372+0500] {dagbag.py:540} INFO - Filling up the DagBag from /home/muhammadsami/Public/Projects/Airflow/DataPipelineswithApacheAirflow/.env/lib/python3.8/site-packages/airflow/example_dags/example_datasets.py
[2024-03-16T11:28:00.381+0500] {processor.py:840} INFO - DAG(s) 'dataset_consumes_1', 'dataset_produces_2', 'dataset_produces_1', 'dataset_consumes_unknown_never_scheduled', 'dataset_consumes_1_never_scheduled', 'dataset_consumes_1_and_2' retrieved from /home/muhammadsami/Public/Projects/Airflow/DataPipelineswithApacheAirflow/.env/lib/python3.8/site-packages/airflow/example_dags/example_datasets.py
[2024-03-16T11:28:00.405+0500] {logging_mixin.py:188} INFO - [2024-03-16T11:28:00.405+0500] {dag.py:3047} INFO - Sync 6 DAGs
[2024-03-16T11:28:00.423+0500] {logging_mixin.py:188} INFO - [2024-03-16T11:28:00.422+0500] {dag.py:3834} INFO - Setting next_dagrun for dataset_consumes_1 to None, run_after=None
[2024-03-16T11:28:00.425+0500] {logging_mixin.py:188} INFO - [2024-03-16T11:28:00.425+0500] {dag.py:3834} INFO - Setting next_dagrun for dataset_consumes_1_and_2 to None, run_after=None
[2024-03-16T11:28:00.426+0500] {logging_mixin.py:188} INFO - [2024-03-16T11:28:00.426+0500] {dag.py:3834} INFO - Setting next_dagrun for dataset_consumes_1_never_scheduled to None, run_after=None
[2024-03-16T11:28:00.427+0500] {logging_mixin.py:188} INFO - [2024-03-16T11:28:00.427+0500] {dag.py:3834} INFO - Setting next_dagrun for dataset_consumes_unknown_never_scheduled to None, run_after=None
[2024-03-16T11:28:00.430+0500] {logging_mixin.py:188} INFO - [2024-03-16T11:28:00.429+0500] {dag.py:3834} INFO - Setting next_dagrun for dataset_produces_1 to 2024-03-15 00:00:00+00:00, run_after=2024-03-16 00:00:00+00:00
[2024-03-16T11:28:00.431+0500] {logging_mixin.py:188} INFO - [2024-03-16T11:28:00.431+0500] {dag.py:3834} INFO - Setting next_dagrun for dataset_produces_2 to None, run_after=None
[2024-03-16T11:28:00.538+0500] {processor.py:183} INFO - Processing /home/muhammadsami/Public/Projects/Airflow/DataPipelineswithApacheAirflow/.env/lib/python3.8/site-packages/airflow/example_dags/example_datasets.py took 0.185 seconds
[2024-03-16T11:29:12.428+0500] {processor.py:161} INFO - Started process (PID=18905) to work on /home/muhammadsami/Public/Projects/Airflow/DataPipelineswithApacheAirflow/.env/lib/python3.8/site-packages/airflow/example_dags/example_datasets.py
[2024-03-16T11:29:12.451+0500] {processor.py:830} INFO - Processing file /home/muhammadsami/Public/Projects/Airflow/DataPipelineswithApacheAirflow/.env/lib/python3.8/site-packages/airflow/example_dags/example_datasets.py for tasks to queue
[2024-03-16T11:29:12.452+0500] {logging_mixin.py:188} INFO - [2024-03-16T11:29:12.452+0500] {dagbag.py:540} INFO - Filling up the DagBag from /home/muhammadsami/Public/Projects/Airflow/DataPipelineswithApacheAirflow/.env/lib/python3.8/site-packages/airflow/example_dags/example_datasets.py
[2024-03-16T11:29:12.463+0500] {processor.py:840} INFO - DAG(s) 'dataset_consumes_unknown_never_scheduled', 'dataset_consumes_1_never_scheduled', 'dataset_produces_2', 'dataset_consumes_1_and_2', 'dataset_produces_1', 'dataset_consumes_1' retrieved from /home/muhammadsami/Public/Projects/Airflow/DataPipelineswithApacheAirflow/.env/lib/python3.8/site-packages/airflow/example_dags/example_datasets.py
[2024-03-16T11:29:12.491+0500] {logging_mixin.py:188} INFO - [2024-03-16T11:29:12.491+0500] {dag.py:3047} INFO - Sync 6 DAGs
[2024-03-16T11:29:12.509+0500] {logging_mixin.py:188} INFO - [2024-03-16T11:29:12.508+0500] {dag.py:3834} INFO - Setting next_dagrun for dataset_consumes_1 to None, run_after=None
[2024-03-16T11:29:12.512+0500] {logging_mixin.py:188} INFO - [2024-03-16T11:29:12.511+0500] {dag.py:3834} INFO - Setting next_dagrun for dataset_consumes_1_and_2 to None, run_after=None
[2024-03-16T11:29:12.513+0500] {logging_mixin.py:188} INFO - [2024-03-16T11:29:12.512+0500] {dag.py:3834} INFO - Setting next_dagrun for dataset_consumes_1_never_scheduled to None, run_after=None
[2024-03-16T11:29:12.513+0500] {logging_mixin.py:188} INFO - [2024-03-16T11:29:12.513+0500] {dag.py:3834} INFO - Setting next_dagrun for dataset_consumes_unknown_never_scheduled to None, run_after=None
[2024-03-16T11:29:12.516+0500] {logging_mixin.py:188} INFO - [2024-03-16T11:29:12.516+0500] {dag.py:3834} INFO - Setting next_dagrun for dataset_produces_1 to 2024-03-15 00:00:00+00:00, run_after=2024-03-16 00:00:00+00:00
[2024-03-16T11:29:12.517+0500] {logging_mixin.py:188} INFO - [2024-03-16T11:29:12.517+0500] {dag.py:3834} INFO - Setting next_dagrun for dataset_produces_2 to None, run_after=None
[2024-03-16T11:29:12.628+0500] {processor.py:183} INFO - Processing /home/muhammadsami/Public/Projects/Airflow/DataPipelineswithApacheAirflow/.env/lib/python3.8/site-packages/airflow/example_dags/example_datasets.py took 0.203 seconds
[2024-03-16T11:30:30.110+0500] {processor.py:161} INFO - Started process (PID=18996) to work on /home/muhammadsami/Public/Projects/Airflow/DataPipelineswithApacheAirflow/.env/lib/python3.8/site-packages/airflow/example_dags/example_datasets.py
[2024-03-16T11:30:30.127+0500] {processor.py:830} INFO - Processing file /home/muhammadsami/Public/Projects/Airflow/DataPipelineswithApacheAirflow/.env/lib/python3.8/site-packages/airflow/example_dags/example_datasets.py for tasks to queue
[2024-03-16T11:30:30.128+0500] {logging_mixin.py:188} INFO - [2024-03-16T11:30:30.127+0500] {dagbag.py:540} INFO - Filling up the DagBag from /home/muhammadsami/Public/Projects/Airflow/DataPipelineswithApacheAirflow/.env/lib/python3.8/site-packages/airflow/example_dags/example_datasets.py
[2024-03-16T11:30:30.136+0500] {processor.py:840} INFO - DAG(s) 'dataset_consumes_unknown_never_scheduled', 'dataset_consumes_1_and_2', 'dataset_consumes_1', 'dataset_produces_1', 'dataset_consumes_1_never_scheduled', 'dataset_produces_2' retrieved from /home/muhammadsami/Public/Projects/Airflow/DataPipelineswithApacheAirflow/.env/lib/python3.8/site-packages/airflow/example_dags/example_datasets.py
[2024-03-16T11:30:30.167+0500] {logging_mixin.py:188} INFO - [2024-03-16T11:30:30.167+0500] {dag.py:3047} INFO - Sync 6 DAGs
[2024-03-16T11:30:30.187+0500] {logging_mixin.py:188} INFO - [2024-03-16T11:30:30.187+0500] {dag.py:3834} INFO - Setting next_dagrun for dataset_consumes_1 to None, run_after=None
[2024-03-16T11:30:30.190+0500] {logging_mixin.py:188} INFO - [2024-03-16T11:30:30.190+0500] {dag.py:3834} INFO - Setting next_dagrun for dataset_consumes_1_and_2 to None, run_after=None
[2024-03-16T11:30:30.191+0500] {logging_mixin.py:188} INFO - [2024-03-16T11:30:30.191+0500] {dag.py:3834} INFO - Setting next_dagrun for dataset_consumes_1_never_scheduled to None, run_after=None
[2024-03-16T11:30:30.192+0500] {logging_mixin.py:188} INFO - [2024-03-16T11:30:30.192+0500] {dag.py:3834} INFO - Setting next_dagrun for dataset_consumes_unknown_never_scheduled to None, run_after=None
[2024-03-16T11:30:30.194+0500] {logging_mixin.py:188} INFO - [2024-03-16T11:30:30.194+0500] {dag.py:3834} INFO - Setting next_dagrun for dataset_produces_1 to 2024-03-15 00:00:00+00:00, run_after=2024-03-16 00:00:00+00:00
[2024-03-16T11:30:30.195+0500] {logging_mixin.py:188} INFO - [2024-03-16T11:30:30.195+0500] {dag.py:3834} INFO - Setting next_dagrun for dataset_produces_2 to None, run_after=None
[2024-03-16T11:30:30.302+0500] {processor.py:183} INFO - Processing /home/muhammadsami/Public/Projects/Airflow/DataPipelineswithApacheAirflow/.env/lib/python3.8/site-packages/airflow/example_dags/example_datasets.py took 0.194 seconds
[2024-03-16T11:39:22.259+0500] {processor.py:161} INFO - Started process (PID=19683) to work on /home/muhammadsami/Public/Projects/Airflow/DataPipelineswithApacheAirflow/.env/lib/python3.8/site-packages/airflow/example_dags/example_datasets.py
[2024-03-16T11:39:22.267+0500] {processor.py:830} INFO - Processing file /home/muhammadsami/Public/Projects/Airflow/DataPipelineswithApacheAirflow/.env/lib/python3.8/site-packages/airflow/example_dags/example_datasets.py for tasks to queue
[2024-03-16T11:39:22.268+0500] {logging_mixin.py:188} INFO - [2024-03-16T11:39:22.267+0500] {dagbag.py:540} INFO - Filling up the DagBag from /home/muhammadsami/Public/Projects/Airflow/DataPipelineswithApacheAirflow/.env/lib/python3.8/site-packages/airflow/example_dags/example_datasets.py
[2024-03-16T11:39:22.277+0500] {processor.py:840} INFO - DAG(s) 'dataset_consumes_1_and_2', 'dataset_produces_1', 'dataset_consumes_1_never_scheduled', 'dataset_produces_2', 'dataset_consumes_unknown_never_scheduled', 'dataset_consumes_1' retrieved from /home/muhammadsami/Public/Projects/Airflow/DataPipelineswithApacheAirflow/.env/lib/python3.8/site-packages/airflow/example_dags/example_datasets.py
[2024-03-16T11:39:22.304+0500] {logging_mixin.py:188} INFO - [2024-03-16T11:39:22.304+0500] {dag.py:3047} INFO - Sync 6 DAGs
[2024-03-16T11:39:22.321+0500] {logging_mixin.py:188} INFO - [2024-03-16T11:39:22.321+0500] {dag.py:3834} INFO - Setting next_dagrun for dataset_consumes_1 to None, run_after=None
[2024-03-16T11:39:22.324+0500] {logging_mixin.py:188} INFO - [2024-03-16T11:39:22.324+0500] {dag.py:3834} INFO - Setting next_dagrun for dataset_consumes_1_and_2 to None, run_after=None
[2024-03-16T11:39:22.325+0500] {logging_mixin.py:188} INFO - [2024-03-16T11:39:22.325+0500] {dag.py:3834} INFO - Setting next_dagrun for dataset_consumes_1_never_scheduled to None, run_after=None
[2024-03-16T11:39:22.326+0500] {logging_mixin.py:188} INFO - [2024-03-16T11:39:22.326+0500] {dag.py:3834} INFO - Setting next_dagrun for dataset_consumes_unknown_never_scheduled to None, run_after=None
[2024-03-16T11:39:22.328+0500] {logging_mixin.py:188} INFO - [2024-03-16T11:39:22.328+0500] {dag.py:3834} INFO - Setting next_dagrun for dataset_produces_1 to 2024-03-15 00:00:00+00:00, run_after=2024-03-16 00:00:00+00:00
[2024-03-16T11:39:22.329+0500] {logging_mixin.py:188} INFO - [2024-03-16T11:39:22.329+0500] {dag.py:3834} INFO - Setting next_dagrun for dataset_produces_2 to None, run_after=None
[2024-03-16T11:39:22.477+0500] {processor.py:183} INFO - Processing /home/muhammadsami/Public/Projects/Airflow/DataPipelineswithApacheAirflow/.env/lib/python3.8/site-packages/airflow/example_dags/example_datasets.py took 0.221 seconds
[2024-03-16T11:40:29.320+0500] {processor.py:161} INFO - Started process (PID=19958) to work on /home/muhammadsami/Public/Projects/Airflow/DataPipelineswithApacheAirflow/.env/lib/python3.8/site-packages/airflow/example_dags/example_datasets.py
[2024-03-16T11:40:29.328+0500] {processor.py:830} INFO - Processing file /home/muhammadsami/Public/Projects/Airflow/DataPipelineswithApacheAirflow/.env/lib/python3.8/site-packages/airflow/example_dags/example_datasets.py for tasks to queue
[2024-03-16T11:40:29.329+0500] {logging_mixin.py:188} INFO - [2024-03-16T11:40:29.328+0500] {dagbag.py:540} INFO - Filling up the DagBag from /home/muhammadsami/Public/Projects/Airflow/DataPipelineswithApacheAirflow/.env/lib/python3.8/site-packages/airflow/example_dags/example_datasets.py
[2024-03-16T11:40:29.339+0500] {processor.py:840} INFO - DAG(s) 'dataset_consumes_1', 'dataset_produces_2', 'dataset_produces_1', 'dataset_consumes_1_never_scheduled', 'dataset_consumes_1_and_2', 'dataset_consumes_unknown_never_scheduled' retrieved from /home/muhammadsami/Public/Projects/Airflow/DataPipelineswithApacheAirflow/.env/lib/python3.8/site-packages/airflow/example_dags/example_datasets.py
[2024-03-16T11:40:29.467+0500] {logging_mixin.py:188} INFO - [2024-03-16T11:40:29.466+0500] {dag.py:3047} INFO - Sync 6 DAGs
[2024-03-16T11:40:29.486+0500] {logging_mixin.py:188} INFO - [2024-03-16T11:40:29.485+0500] {dag.py:3834} INFO - Setting next_dagrun for dataset_consumes_1 to None, run_after=None
[2024-03-16T11:40:29.490+0500] {logging_mixin.py:188} INFO - [2024-03-16T11:40:29.490+0500] {dag.py:3834} INFO - Setting next_dagrun for dataset_consumes_1_and_2 to None, run_after=None
[2024-03-16T11:40:29.491+0500] {logging_mixin.py:188} INFO - [2024-03-16T11:40:29.491+0500] {dag.py:3834} INFO - Setting next_dagrun for dataset_consumes_1_never_scheduled to None, run_after=None
[2024-03-16T11:40:29.493+0500] {logging_mixin.py:188} INFO - [2024-03-16T11:40:29.492+0500] {dag.py:3834} INFO - Setting next_dagrun for dataset_consumes_unknown_never_scheduled to None, run_after=None
[2024-03-16T11:40:29.495+0500] {logging_mixin.py:188} INFO - [2024-03-16T11:40:29.495+0500] {dag.py:3834} INFO - Setting next_dagrun for dataset_produces_1 to 2024-03-15 00:00:00+00:00, run_after=2024-03-16 00:00:00+00:00
[2024-03-16T11:40:29.497+0500] {logging_mixin.py:188} INFO - [2024-03-16T11:40:29.496+0500] {dag.py:3834} INFO - Setting next_dagrun for dataset_produces_2 to None, run_after=None
[2024-03-16T11:40:29.598+0500] {processor.py:183} INFO - Processing /home/muhammadsami/Public/Projects/Airflow/DataPipelineswithApacheAirflow/.env/lib/python3.8/site-packages/airflow/example_dags/example_datasets.py took 0.281 seconds
[2024-03-16T11:41:47.645+0500] {processor.py:161} INFO - Started process (PID=20208) to work on /home/muhammadsami/Public/Projects/Airflow/DataPipelineswithApacheAirflow/.env/lib/python3.8/site-packages/airflow/example_dags/example_datasets.py
[2024-03-16T11:41:47.647+0500] {processor.py:830} INFO - Processing file /home/muhammadsami/Public/Projects/Airflow/DataPipelineswithApacheAirflow/.env/lib/python3.8/site-packages/airflow/example_dags/example_datasets.py for tasks to queue
[2024-03-16T11:41:47.648+0500] {logging_mixin.py:188} INFO - [2024-03-16T11:41:47.647+0500] {dagbag.py:540} INFO - Filling up the DagBag from /home/muhammadsami/Public/Projects/Airflow/DataPipelineswithApacheAirflow/.env/lib/python3.8/site-packages/airflow/example_dags/example_datasets.py
[2024-03-16T11:41:47.658+0500] {processor.py:840} INFO - DAG(s) 'dataset_produces_1', 'dataset_consumes_1_and_2', 'dataset_consumes_unknown_never_scheduled', 'dataset_consumes_1', 'dataset_consumes_1_never_scheduled', 'dataset_produces_2' retrieved from /home/muhammadsami/Public/Projects/Airflow/DataPipelineswithApacheAirflow/.env/lib/python3.8/site-packages/airflow/example_dags/example_datasets.py
[2024-03-16T11:41:47.681+0500] {logging_mixin.py:188} INFO - [2024-03-16T11:41:47.681+0500] {dag.py:3047} INFO - Sync 6 DAGs
[2024-03-16T11:41:47.699+0500] {logging_mixin.py:188} INFO - [2024-03-16T11:41:47.698+0500] {dag.py:3834} INFO - Setting next_dagrun for dataset_consumes_1 to None, run_after=None
[2024-03-16T11:41:47.701+0500] {logging_mixin.py:188} INFO - [2024-03-16T11:41:47.701+0500] {dag.py:3834} INFO - Setting next_dagrun for dataset_consumes_1_and_2 to None, run_after=None
[2024-03-16T11:41:47.702+0500] {logging_mixin.py:188} INFO - [2024-03-16T11:41:47.702+0500] {dag.py:3834} INFO - Setting next_dagrun for dataset_consumes_1_never_scheduled to None, run_after=None
[2024-03-16T11:41:47.703+0500] {logging_mixin.py:188} INFO - [2024-03-16T11:41:47.703+0500] {dag.py:3834} INFO - Setting next_dagrun for dataset_consumes_unknown_never_scheduled to None, run_after=None
[2024-03-16T11:41:47.705+0500] {logging_mixin.py:188} INFO - [2024-03-16T11:41:47.705+0500] {dag.py:3834} INFO - Setting next_dagrun for dataset_produces_1 to 2024-03-15 00:00:00+00:00, run_after=2024-03-16 00:00:00+00:00
[2024-03-16T11:41:47.706+0500] {logging_mixin.py:188} INFO - [2024-03-16T11:41:47.706+0500] {dag.py:3834} INFO - Setting next_dagrun for dataset_produces_2 to None, run_after=None
[2024-03-16T11:41:47.818+0500] {processor.py:183} INFO - Processing /home/muhammadsami/Public/Projects/Airflow/DataPipelineswithApacheAirflow/.env/lib/python3.8/site-packages/airflow/example_dags/example_datasets.py took 0.175 seconds
[2024-03-16T11:42:42.701+0500] {processor.py:161} INFO - Started process (PID=20272) to work on /home/muhammadsami/Public/Projects/Airflow/DataPipelineswithApacheAirflow/.env/lib/python3.8/site-packages/airflow/example_dags/example_datasets.py
[2024-03-16T11:42:42.702+0500] {processor.py:830} INFO - Processing file /home/muhammadsami/Public/Projects/Airflow/DataPipelineswithApacheAirflow/.env/lib/python3.8/site-packages/airflow/example_dags/example_datasets.py for tasks to queue
[2024-03-16T11:42:42.703+0500] {logging_mixin.py:188} INFO - [2024-03-16T11:42:42.703+0500] {dagbag.py:540} INFO - Filling up the DagBag from /home/muhammadsami/Public/Projects/Airflow/DataPipelineswithApacheAirflow/.env/lib/python3.8/site-packages/airflow/example_dags/example_datasets.py
[2024-03-16T11:42:42.714+0500] {processor.py:840} INFO - DAG(s) 'dataset_consumes_1', 'dataset_consumes_unknown_never_scheduled', 'dataset_consumes_1_never_scheduled', 'dataset_produces_2', 'dataset_produces_1', 'dataset_consumes_1_and_2' retrieved from /home/muhammadsami/Public/Projects/Airflow/DataPipelineswithApacheAirflow/.env/lib/python3.8/site-packages/airflow/example_dags/example_datasets.py
[2024-03-16T11:42:42.741+0500] {logging_mixin.py:188} INFO - [2024-03-16T11:42:42.741+0500] {dag.py:3047} INFO - Sync 6 DAGs
[2024-03-16T11:42:42.760+0500] {logging_mixin.py:188} INFO - [2024-03-16T11:42:42.759+0500] {dag.py:3834} INFO - Setting next_dagrun for dataset_consumes_1 to None, run_after=None
[2024-03-16T11:42:42.762+0500] {logging_mixin.py:188} INFO - [2024-03-16T11:42:42.762+0500] {dag.py:3834} INFO - Setting next_dagrun for dataset_consumes_1_and_2 to None, run_after=None
[2024-03-16T11:42:42.763+0500] {logging_mixin.py:188} INFO - [2024-03-16T11:42:42.763+0500] {dag.py:3834} INFO - Setting next_dagrun for dataset_consumes_1_never_scheduled to None, run_after=None
[2024-03-16T11:42:42.764+0500] {logging_mixin.py:188} INFO - [2024-03-16T11:42:42.764+0500] {dag.py:3834} INFO - Setting next_dagrun for dataset_consumes_unknown_never_scheduled to None, run_after=None
[2024-03-16T11:42:42.766+0500] {logging_mixin.py:188} INFO - [2024-03-16T11:42:42.766+0500] {dag.py:3834} INFO - Setting next_dagrun for dataset_produces_1 to 2024-03-15 00:00:00+00:00, run_after=2024-03-16 00:00:00+00:00
[2024-03-16T11:42:42.767+0500] {logging_mixin.py:188} INFO - [2024-03-16T11:42:42.767+0500] {dag.py:3834} INFO - Setting next_dagrun for dataset_produces_2 to None, run_after=None
[2024-03-16T11:42:42.877+0500] {processor.py:183} INFO - Processing /home/muhammadsami/Public/Projects/Airflow/DataPipelineswithApacheAirflow/.env/lib/python3.8/site-packages/airflow/example_dags/example_datasets.py took 0.178 seconds
[2024-03-16T11:43:53.377+0500] {processor.py:161} INFO - Started process (PID=20372) to work on /home/muhammadsami/Public/Projects/Airflow/DataPipelineswithApacheAirflow/.env/lib/python3.8/site-packages/airflow/example_dags/example_datasets.py
[2024-03-16T11:43:53.389+0500] {processor.py:830} INFO - Processing file /home/muhammadsami/Public/Projects/Airflow/DataPipelineswithApacheAirflow/.env/lib/python3.8/site-packages/airflow/example_dags/example_datasets.py for tasks to queue
[2024-03-16T11:43:53.390+0500] {logging_mixin.py:188} INFO - [2024-03-16T11:43:53.389+0500] {dagbag.py:540} INFO - Filling up the DagBag from /home/muhammadsami/Public/Projects/Airflow/DataPipelineswithApacheAirflow/.env/lib/python3.8/site-packages/airflow/example_dags/example_datasets.py
[2024-03-16T11:43:53.400+0500] {processor.py:840} INFO - DAG(s) 'dataset_consumes_1', 'dataset_consumes_1_and_2', 'dataset_produces_2', 'dataset_consumes_1_never_scheduled', 'dataset_consumes_unknown_never_scheduled', 'dataset_produces_1' retrieved from /home/muhammadsami/Public/Projects/Airflow/DataPipelineswithApacheAirflow/.env/lib/python3.8/site-packages/airflow/example_dags/example_datasets.py
[2024-03-16T11:43:53.424+0500] {logging_mixin.py:188} INFO - [2024-03-16T11:43:53.424+0500] {dag.py:3047} INFO - Sync 6 DAGs
[2024-03-16T11:43:53.445+0500] {logging_mixin.py:188} INFO - [2024-03-16T11:43:53.445+0500] {dag.py:3834} INFO - Setting next_dagrun for dataset_consumes_1 to None, run_after=None
[2024-03-16T11:43:53.448+0500] {logging_mixin.py:188} INFO - [2024-03-16T11:43:53.448+0500] {dag.py:3834} INFO - Setting next_dagrun for dataset_consumes_1_and_2 to None, run_after=None
[2024-03-16T11:43:53.449+0500] {logging_mixin.py:188} INFO - [2024-03-16T11:43:53.449+0500] {dag.py:3834} INFO - Setting next_dagrun for dataset_consumes_1_never_scheduled to None, run_after=None
[2024-03-16T11:43:53.450+0500] {logging_mixin.py:188} INFO - [2024-03-16T11:43:53.450+0500] {dag.py:3834} INFO - Setting next_dagrun for dataset_consumes_unknown_never_scheduled to None, run_after=None
[2024-03-16T11:43:53.452+0500] {logging_mixin.py:188} INFO - [2024-03-16T11:43:53.452+0500] {dag.py:3834} INFO - Setting next_dagrun for dataset_produces_1 to 2024-03-15 00:00:00+00:00, run_after=2024-03-16 00:00:00+00:00
[2024-03-16T11:43:53.453+0500] {logging_mixin.py:188} INFO - [2024-03-16T11:43:53.453+0500] {dag.py:3834} INFO - Setting next_dagrun for dataset_produces_2 to None, run_after=None
[2024-03-16T11:43:53.547+0500] {processor.py:183} INFO - Processing /home/muhammadsami/Public/Projects/Airflow/DataPipelineswithApacheAirflow/.env/lib/python3.8/site-packages/airflow/example_dags/example_datasets.py took 0.172 seconds
[2024-03-16T11:45:20.916+0500] {processor.py:161} INFO - Started process (PID=20805) to work on /home/muhammadsami/Public/Projects/Airflow/DataPipelineswithApacheAirflow/.env/lib/python3.8/site-packages/airflow/example_dags/example_datasets.py
[2024-03-16T11:45:20.924+0500] {processor.py:830} INFO - Processing file /home/muhammadsami/Public/Projects/Airflow/DataPipelineswithApacheAirflow/.env/lib/python3.8/site-packages/airflow/example_dags/example_datasets.py for tasks to queue
[2024-03-16T11:45:20.928+0500] {logging_mixin.py:188} INFO - [2024-03-16T11:45:20.927+0500] {dagbag.py:540} INFO - Filling up the DagBag from /home/muhammadsami/Public/Projects/Airflow/DataPipelineswithApacheAirflow/.env/lib/python3.8/site-packages/airflow/example_dags/example_datasets.py
[2024-03-16T11:45:20.939+0500] {processor.py:840} INFO - DAG(s) 'dataset_produces_1', 'dataset_consumes_1_and_2', 'dataset_produces_2', 'dataset_consumes_1_never_scheduled', 'dataset_consumes_unknown_never_scheduled', 'dataset_consumes_1' retrieved from /home/muhammadsami/Public/Projects/Airflow/DataPipelineswithApacheAirflow/.env/lib/python3.8/site-packages/airflow/example_dags/example_datasets.py
[2024-03-16T11:45:20.974+0500] {logging_mixin.py:188} INFO - [2024-03-16T11:45:20.973+0500] {dag.py:3047} INFO - Sync 6 DAGs
[2024-03-16T11:45:21.008+0500] {logging_mixin.py:188} INFO - [2024-03-16T11:45:21.007+0500] {dag.py:3834} INFO - Setting next_dagrun for dataset_consumes_1 to None, run_after=None
[2024-03-16T11:45:21.015+0500] {logging_mixin.py:188} INFO - [2024-03-16T11:45:21.014+0500] {dag.py:3834} INFO - Setting next_dagrun for dataset_consumes_1_and_2 to None, run_after=None
[2024-03-16T11:45:21.017+0500] {logging_mixin.py:188} INFO - [2024-03-16T11:45:21.016+0500] {dag.py:3834} INFO - Setting next_dagrun for dataset_consumes_1_never_scheduled to None, run_after=None
[2024-03-16T11:45:21.018+0500] {logging_mixin.py:188} INFO - [2024-03-16T11:45:21.018+0500] {dag.py:3834} INFO - Setting next_dagrun for dataset_consumes_unknown_never_scheduled to None, run_after=None
[2024-03-16T11:45:21.021+0500] {logging_mixin.py:188} INFO - [2024-03-16T11:45:21.021+0500] {dag.py:3834} INFO - Setting next_dagrun for dataset_produces_1 to 2024-03-15 00:00:00+00:00, run_after=2024-03-16 00:00:00+00:00
[2024-03-16T11:45:21.022+0500] {logging_mixin.py:188} INFO - [2024-03-16T11:45:21.022+0500] {dag.py:3834} INFO - Setting next_dagrun for dataset_produces_2 to None, run_after=None
[2024-03-16T11:45:21.189+0500] {processor.py:183} INFO - Processing /home/muhammadsami/Public/Projects/Airflow/DataPipelineswithApacheAirflow/.env/lib/python3.8/site-packages/airflow/example_dags/example_datasets.py took 0.277 seconds
[2024-03-16T11:46:24.674+0500] {processor.py:161} INFO - Started process (PID=20874) to work on /home/muhammadsami/Public/Projects/Airflow/DataPipelineswithApacheAirflow/.env/lib/python3.8/site-packages/airflow/example_dags/example_datasets.py
[2024-03-16T11:46:24.675+0500] {processor.py:830} INFO - Processing file /home/muhammadsami/Public/Projects/Airflow/DataPipelineswithApacheAirflow/.env/lib/python3.8/site-packages/airflow/example_dags/example_datasets.py for tasks to queue
[2024-03-16T11:46:24.677+0500] {logging_mixin.py:188} INFO - [2024-03-16T11:46:24.676+0500] {dagbag.py:540} INFO - Filling up the DagBag from /home/muhammadsami/Public/Projects/Airflow/DataPipelineswithApacheAirflow/.env/lib/python3.8/site-packages/airflow/example_dags/example_datasets.py
[2024-03-16T11:46:24.688+0500] {processor.py:840} INFO - DAG(s) 'dataset_produces_2', 'dataset_consumes_1', 'dataset_consumes_unknown_never_scheduled', 'dataset_consumes_1_never_scheduled', 'dataset_consumes_1_and_2', 'dataset_produces_1' retrieved from /home/muhammadsami/Public/Projects/Airflow/DataPipelineswithApacheAirflow/.env/lib/python3.8/site-packages/airflow/example_dags/example_datasets.py
[2024-03-16T11:46:24.716+0500] {logging_mixin.py:188} INFO - [2024-03-16T11:46:24.716+0500] {dag.py:3047} INFO - Sync 6 DAGs
[2024-03-16T11:46:24.744+0500] {logging_mixin.py:188} INFO - [2024-03-16T11:46:24.743+0500] {dag.py:3834} INFO - Setting next_dagrun for dataset_consumes_1 to None, run_after=None
[2024-03-16T11:46:24.748+0500] {logging_mixin.py:188} INFO - [2024-03-16T11:46:24.748+0500] {dag.py:3834} INFO - Setting next_dagrun for dataset_consumes_1_and_2 to None, run_after=None
[2024-03-16T11:46:24.749+0500] {logging_mixin.py:188} INFO - [2024-03-16T11:46:24.749+0500] {dag.py:3834} INFO - Setting next_dagrun for dataset_consumes_1_never_scheduled to None, run_after=None
[2024-03-16T11:46:24.751+0500] {logging_mixin.py:188} INFO - [2024-03-16T11:46:24.751+0500] {dag.py:3834} INFO - Setting next_dagrun for dataset_consumes_unknown_never_scheduled to None, run_after=None
[2024-03-16T11:46:24.755+0500] {logging_mixin.py:188} INFO - [2024-03-16T11:46:24.755+0500] {dag.py:3834} INFO - Setting next_dagrun for dataset_produces_1 to 2024-03-15 00:00:00+00:00, run_after=2024-03-16 00:00:00+00:00
[2024-03-16T11:46:24.756+0500] {logging_mixin.py:188} INFO - [2024-03-16T11:46:24.756+0500] {dag.py:3834} INFO - Setting next_dagrun for dataset_produces_2 to None, run_after=None
[2024-03-16T11:46:24.854+0500] {processor.py:183} INFO - Processing /home/muhammadsami/Public/Projects/Airflow/DataPipelineswithApacheAirflow/.env/lib/python3.8/site-packages/airflow/example_dags/example_datasets.py took 0.183 seconds
[2024-03-16T11:47:40.336+0500] {processor.py:161} INFO - Started process (PID=20978) to work on /home/muhammadsami/Public/Projects/Airflow/DataPipelineswithApacheAirflow/.env/lib/python3.8/site-packages/airflow/example_dags/example_datasets.py
[2024-03-16T11:47:40.351+0500] {processor.py:830} INFO - Processing file /home/muhammadsami/Public/Projects/Airflow/DataPipelineswithApacheAirflow/.env/lib/python3.8/site-packages/airflow/example_dags/example_datasets.py for tasks to queue
[2024-03-16T11:47:40.352+0500] {logging_mixin.py:188} INFO - [2024-03-16T11:47:40.351+0500] {dagbag.py:540} INFO - Filling up the DagBag from /home/muhammadsami/Public/Projects/Airflow/DataPipelineswithApacheAirflow/.env/lib/python3.8/site-packages/airflow/example_dags/example_datasets.py
[2024-03-16T11:47:40.360+0500] {processor.py:840} INFO - DAG(s) 'dataset_consumes_1', 'dataset_produces_1', 'dataset_produces_2', 'dataset_consumes_1_and_2', 'dataset_consumes_unknown_never_scheduled', 'dataset_consumes_1_never_scheduled' retrieved from /home/muhammadsami/Public/Projects/Airflow/DataPipelineswithApacheAirflow/.env/lib/python3.8/site-packages/airflow/example_dags/example_datasets.py
[2024-03-16T11:47:40.384+0500] {logging_mixin.py:188} INFO - [2024-03-16T11:47:40.383+0500] {dag.py:3047} INFO - Sync 6 DAGs
[2024-03-16T11:47:40.403+0500] {logging_mixin.py:188} INFO - [2024-03-16T11:47:40.403+0500] {dag.py:3834} INFO - Setting next_dagrun for dataset_consumes_1 to None, run_after=None
[2024-03-16T11:47:40.406+0500] {logging_mixin.py:188} INFO - [2024-03-16T11:47:40.406+0500] {dag.py:3834} INFO - Setting next_dagrun for dataset_consumes_1_and_2 to None, run_after=None
[2024-03-16T11:47:40.407+0500] {logging_mixin.py:188} INFO - [2024-03-16T11:47:40.407+0500] {dag.py:3834} INFO - Setting next_dagrun for dataset_consumes_1_never_scheduled to None, run_after=None
[2024-03-16T11:47:40.408+0500] {logging_mixin.py:188} INFO - [2024-03-16T11:47:40.408+0500] {dag.py:3834} INFO - Setting next_dagrun for dataset_consumes_unknown_never_scheduled to None, run_after=None
[2024-03-16T11:47:40.410+0500] {logging_mixin.py:188} INFO - [2024-03-16T11:47:40.410+0500] {dag.py:3834} INFO - Setting next_dagrun for dataset_produces_1 to 2024-03-15 00:00:00+00:00, run_after=2024-03-16 00:00:00+00:00
[2024-03-16T11:47:40.411+0500] {logging_mixin.py:188} INFO - [2024-03-16T11:47:40.411+0500] {dag.py:3834} INFO - Setting next_dagrun for dataset_produces_2 to None, run_after=None
[2024-03-16T11:47:40.507+0500] {processor.py:183} INFO - Processing /home/muhammadsami/Public/Projects/Airflow/DataPipelineswithApacheAirflow/.env/lib/python3.8/site-packages/airflow/example_dags/example_datasets.py took 0.174 seconds
[2024-03-16T11:48:50.517+0500] {processor.py:161} INFO - Started process (PID=21075) to work on /home/muhammadsami/Public/Projects/Airflow/DataPipelineswithApacheAirflow/.env/lib/python3.8/site-packages/airflow/example_dags/example_datasets.py
[2024-03-16T11:48:50.519+0500] {processor.py:830} INFO - Processing file /home/muhammadsami/Public/Projects/Airflow/DataPipelineswithApacheAirflow/.env/lib/python3.8/site-packages/airflow/example_dags/example_datasets.py for tasks to queue
[2024-03-16T11:48:50.520+0500] {logging_mixin.py:188} INFO - [2024-03-16T11:48:50.519+0500] {dagbag.py:540} INFO - Filling up the DagBag from /home/muhammadsami/Public/Projects/Airflow/DataPipelineswithApacheAirflow/.env/lib/python3.8/site-packages/airflow/example_dags/example_datasets.py
[2024-03-16T11:48:50.530+0500] {processor.py:840} INFO - DAG(s) 'dataset_consumes_1_never_scheduled', 'dataset_consumes_unknown_never_scheduled', 'dataset_produces_2', 'dataset_consumes_1_and_2', 'dataset_consumes_1', 'dataset_produces_1' retrieved from /home/muhammadsami/Public/Projects/Airflow/DataPipelineswithApacheAirflow/.env/lib/python3.8/site-packages/airflow/example_dags/example_datasets.py
[2024-03-16T11:48:50.563+0500] {logging_mixin.py:188} INFO - [2024-03-16T11:48:50.562+0500] {dag.py:3047} INFO - Sync 6 DAGs
[2024-03-16T11:48:50.583+0500] {logging_mixin.py:188} INFO - [2024-03-16T11:48:50.583+0500] {dag.py:3834} INFO - Setting next_dagrun for dataset_consumes_1 to None, run_after=None
[2024-03-16T11:48:50.587+0500] {logging_mixin.py:188} INFO - [2024-03-16T11:48:50.586+0500] {dag.py:3834} INFO - Setting next_dagrun for dataset_consumes_1_and_2 to None, run_after=None
[2024-03-16T11:48:50.588+0500] {logging_mixin.py:188} INFO - [2024-03-16T11:48:50.587+0500] {dag.py:3834} INFO - Setting next_dagrun for dataset_consumes_1_never_scheduled to None, run_after=None
[2024-03-16T11:48:50.588+0500] {logging_mixin.py:188} INFO - [2024-03-16T11:48:50.588+0500] {dag.py:3834} INFO - Setting next_dagrun for dataset_consumes_unknown_never_scheduled to None, run_after=None
[2024-03-16T11:48:50.591+0500] {logging_mixin.py:188} INFO - [2024-03-16T11:48:50.590+0500] {dag.py:3834} INFO - Setting next_dagrun for dataset_produces_1 to 2024-03-15 00:00:00+00:00, run_after=2024-03-16 00:00:00+00:00
[2024-03-16T11:48:50.591+0500] {logging_mixin.py:188} INFO - [2024-03-16T11:48:50.591+0500] {dag.py:3834} INFO - Setting next_dagrun for dataset_produces_2 to None, run_after=None
[2024-03-16T11:48:50.691+0500] {processor.py:183} INFO - Processing /home/muhammadsami/Public/Projects/Airflow/DataPipelineswithApacheAirflow/.env/lib/python3.8/site-packages/airflow/example_dags/example_datasets.py took 0.177 seconds
[2024-03-16T11:50:03.940+0500] {processor.py:161} INFO - Started process (PID=21143) to work on /home/muhammadsami/Public/Projects/Airflow/DataPipelineswithApacheAirflow/.env/lib/python3.8/site-packages/airflow/example_dags/example_datasets.py
[2024-03-16T11:50:03.941+0500] {processor.py:830} INFO - Processing file /home/muhammadsami/Public/Projects/Airflow/DataPipelineswithApacheAirflow/.env/lib/python3.8/site-packages/airflow/example_dags/example_datasets.py for tasks to queue
[2024-03-16T11:50:03.942+0500] {logging_mixin.py:188} INFO - [2024-03-16T11:50:03.942+0500] {dagbag.py:540} INFO - Filling up the DagBag from /home/muhammadsami/Public/Projects/Airflow/DataPipelineswithApacheAirflow/.env/lib/python3.8/site-packages/airflow/example_dags/example_datasets.py
[2024-03-16T11:50:03.951+0500] {processor.py:840} INFO - DAG(s) 'dataset_produces_2', 'dataset_produces_1', 'dataset_consumes_1_never_scheduled', 'dataset_consumes_1', 'dataset_consumes_unknown_never_scheduled', 'dataset_consumes_1_and_2' retrieved from /home/muhammadsami/Public/Projects/Airflow/DataPipelineswithApacheAirflow/.env/lib/python3.8/site-packages/airflow/example_dags/example_datasets.py
[2024-03-16T11:50:03.975+0500] {logging_mixin.py:188} INFO - [2024-03-16T11:50:03.975+0500] {dag.py:3047} INFO - Sync 6 DAGs
[2024-03-16T11:50:03.996+0500] {logging_mixin.py:188} INFO - [2024-03-16T11:50:03.996+0500] {dag.py:3834} INFO - Setting next_dagrun for dataset_consumes_1 to None, run_after=None
[2024-03-16T11:50:03.999+0500] {logging_mixin.py:188} INFO - [2024-03-16T11:50:03.999+0500] {dag.py:3834} INFO - Setting next_dagrun for dataset_consumes_1_and_2 to None, run_after=None
[2024-03-16T11:50:04.001+0500] {logging_mixin.py:188} INFO - [2024-03-16T11:50:04.000+0500] {dag.py:3834} INFO - Setting next_dagrun for dataset_consumes_1_never_scheduled to None, run_after=None
[2024-03-16T11:50:04.001+0500] {logging_mixin.py:188} INFO - [2024-03-16T11:50:04.001+0500] {dag.py:3834} INFO - Setting next_dagrun for dataset_consumes_unknown_never_scheduled to None, run_after=None
[2024-03-16T11:50:04.004+0500] {logging_mixin.py:188} INFO - [2024-03-16T11:50:04.004+0500] {dag.py:3834} INFO - Setting next_dagrun for dataset_produces_1 to 2024-03-15 00:00:00+00:00, run_after=2024-03-16 00:00:00+00:00
[2024-03-16T11:50:04.005+0500] {logging_mixin.py:188} INFO - [2024-03-16T11:50:04.004+0500] {dag.py:3834} INFO - Setting next_dagrun for dataset_produces_2 to None, run_after=None
[2024-03-16T11:50:04.111+0500] {processor.py:183} INFO - Processing /home/muhammadsami/Public/Projects/Airflow/DataPipelineswithApacheAirflow/.env/lib/python3.8/site-packages/airflow/example_dags/example_datasets.py took 0.173 seconds
[2024-03-16T11:51:22.867+0500] {processor.py:161} INFO - Started process (PID=21280) to work on /home/muhammadsami/Public/Projects/Airflow/DataPipelineswithApacheAirflow/.env/lib/python3.8/site-packages/airflow/example_dags/example_datasets.py
[2024-03-16T11:51:22.879+0500] {processor.py:830} INFO - Processing file /home/muhammadsami/Public/Projects/Airflow/DataPipelineswithApacheAirflow/.env/lib/python3.8/site-packages/airflow/example_dags/example_datasets.py for tasks to queue
[2024-03-16T11:51:22.880+0500] {logging_mixin.py:188} INFO - [2024-03-16T11:51:22.879+0500] {dagbag.py:540} INFO - Filling up the DagBag from /home/muhammadsami/Public/Projects/Airflow/DataPipelineswithApacheAirflow/.env/lib/python3.8/site-packages/airflow/example_dags/example_datasets.py
[2024-03-16T11:51:22.888+0500] {processor.py:840} INFO - DAG(s) 'dataset_consumes_1_and_2', 'dataset_consumes_1_never_scheduled', 'dataset_consumes_1', 'dataset_produces_2', 'dataset_consumes_unknown_never_scheduled', 'dataset_produces_1' retrieved from /home/muhammadsami/Public/Projects/Airflow/DataPipelineswithApacheAirflow/.env/lib/python3.8/site-packages/airflow/example_dags/example_datasets.py
[2024-03-16T11:51:22.911+0500] {logging_mixin.py:188} INFO - [2024-03-16T11:51:22.911+0500] {dag.py:3047} INFO - Sync 6 DAGs
[2024-03-16T11:51:22.929+0500] {logging_mixin.py:188} INFO - [2024-03-16T11:51:22.929+0500] {dag.py:3834} INFO - Setting next_dagrun for dataset_consumes_1 to None, run_after=None
[2024-03-16T11:51:22.932+0500] {logging_mixin.py:188} INFO - [2024-03-16T11:51:22.932+0500] {dag.py:3834} INFO - Setting next_dagrun for dataset_consumes_1_and_2 to None, run_after=None
[2024-03-16T11:51:22.933+0500] {logging_mixin.py:188} INFO - [2024-03-16T11:51:22.933+0500] {dag.py:3834} INFO - Setting next_dagrun for dataset_consumes_1_never_scheduled to None, run_after=None
[2024-03-16T11:51:22.934+0500] {logging_mixin.py:188} INFO - [2024-03-16T11:51:22.934+0500] {dag.py:3834} INFO - Setting next_dagrun for dataset_consumes_unknown_never_scheduled to None, run_after=None
[2024-03-16T11:51:22.936+0500] {logging_mixin.py:188} INFO - [2024-03-16T11:51:22.935+0500] {dag.py:3834} INFO - Setting next_dagrun for dataset_produces_1 to 2024-03-15 00:00:00+00:00, run_after=2024-03-16 00:00:00+00:00
[2024-03-16T11:51:22.937+0500] {logging_mixin.py:188} INFO - [2024-03-16T11:51:22.936+0500] {dag.py:3834} INFO - Setting next_dagrun for dataset_produces_2 to None, run_after=None
[2024-03-16T11:51:23.050+0500] {processor.py:183} INFO - Processing /home/muhammadsami/Public/Projects/Airflow/DataPipelineswithApacheAirflow/.env/lib/python3.8/site-packages/airflow/example_dags/example_datasets.py took 0.185 seconds
[2024-03-16T11:52:40.225+0500] {processor.py:161} INFO - Started process (PID=21489) to work on /home/muhammadsami/Public/Projects/Airflow/DataPipelineswithApacheAirflow/.env/lib/python3.8/site-packages/airflow/example_dags/example_datasets.py
[2024-03-16T11:52:40.227+0500] {processor.py:830} INFO - Processing file /home/muhammadsami/Public/Projects/Airflow/DataPipelineswithApacheAirflow/.env/lib/python3.8/site-packages/airflow/example_dags/example_datasets.py for tasks to queue
[2024-03-16T11:52:40.227+0500] {logging_mixin.py:188} INFO - [2024-03-16T11:52:40.227+0500] {dagbag.py:540} INFO - Filling up the DagBag from /home/muhammadsami/Public/Projects/Airflow/DataPipelineswithApacheAirflow/.env/lib/python3.8/site-packages/airflow/example_dags/example_datasets.py
[2024-03-16T11:52:40.237+0500] {processor.py:840} INFO - DAG(s) 'dataset_consumes_unknown_never_scheduled', 'dataset_produces_1', 'dataset_consumes_1_never_scheduled', 'dataset_consumes_1', 'dataset_consumes_1_and_2', 'dataset_produces_2' retrieved from /home/muhammadsami/Public/Projects/Airflow/DataPipelineswithApacheAirflow/.env/lib/python3.8/site-packages/airflow/example_dags/example_datasets.py
[2024-03-16T11:52:40.260+0500] {logging_mixin.py:188} INFO - [2024-03-16T11:52:40.260+0500] {dag.py:3047} INFO - Sync 6 DAGs
[2024-03-16T11:52:40.278+0500] {logging_mixin.py:188} INFO - [2024-03-16T11:52:40.278+0500] {dag.py:3834} INFO - Setting next_dagrun for dataset_consumes_1 to None, run_after=None
[2024-03-16T11:52:40.281+0500] {logging_mixin.py:188} INFO - [2024-03-16T11:52:40.281+0500] {dag.py:3834} INFO - Setting next_dagrun for dataset_consumes_1_and_2 to None, run_after=None
[2024-03-16T11:52:40.282+0500] {logging_mixin.py:188} INFO - [2024-03-16T11:52:40.282+0500] {dag.py:3834} INFO - Setting next_dagrun for dataset_consumes_1_never_scheduled to None, run_after=None
[2024-03-16T11:52:40.283+0500] {logging_mixin.py:188} INFO - [2024-03-16T11:52:40.283+0500] {dag.py:3834} INFO - Setting next_dagrun for dataset_consumes_unknown_never_scheduled to None, run_after=None
[2024-03-16T11:52:40.285+0500] {logging_mixin.py:188} INFO - [2024-03-16T11:52:40.285+0500] {dag.py:3834} INFO - Setting next_dagrun for dataset_produces_1 to 2024-03-15 00:00:00+00:00, run_after=2024-03-16 00:00:00+00:00
[2024-03-16T11:52:40.286+0500] {logging_mixin.py:188} INFO - [2024-03-16T11:52:40.286+0500] {dag.py:3834} INFO - Setting next_dagrun for dataset_produces_2 to None, run_after=None
[2024-03-16T11:52:40.394+0500] {processor.py:183} INFO - Processing /home/muhammadsami/Public/Projects/Airflow/DataPipelineswithApacheAirflow/.env/lib/python3.8/site-packages/airflow/example_dags/example_datasets.py took 0.171 seconds
[2024-03-16T11:53:33.131+0500] {processor.py:161} INFO - Started process (PID=21586) to work on /home/muhammadsami/Public/Projects/Airflow/DataPipelineswithApacheAirflow/.env/lib/python3.8/site-packages/airflow/example_dags/example_datasets.py
[2024-03-16T11:53:33.132+0500] {processor.py:830} INFO - Processing file /home/muhammadsami/Public/Projects/Airflow/DataPipelineswithApacheAirflow/.env/lib/python3.8/site-packages/airflow/example_dags/example_datasets.py for tasks to queue
[2024-03-16T11:53:33.133+0500] {logging_mixin.py:188} INFO - [2024-03-16T11:53:33.133+0500] {dagbag.py:540} INFO - Filling up the DagBag from /home/muhammadsami/Public/Projects/Airflow/DataPipelineswithApacheAirflow/.env/lib/python3.8/site-packages/airflow/example_dags/example_datasets.py
[2024-03-16T11:53:33.144+0500] {processor.py:840} INFO - DAG(s) 'dataset_consumes_1_and_2', 'dataset_consumes_1_never_scheduled', 'dataset_consumes_unknown_never_scheduled', 'dataset_consumes_1', 'dataset_produces_2', 'dataset_produces_1' retrieved from /home/muhammadsami/Public/Projects/Airflow/DataPipelineswithApacheAirflow/.env/lib/python3.8/site-packages/airflow/example_dags/example_datasets.py
[2024-03-16T11:53:33.168+0500] {logging_mixin.py:188} INFO - [2024-03-16T11:53:33.168+0500] {dag.py:3047} INFO - Sync 6 DAGs
[2024-03-16T11:53:33.186+0500] {logging_mixin.py:188} INFO - [2024-03-16T11:53:33.186+0500] {dag.py:3834} INFO - Setting next_dagrun for dataset_consumes_1 to None, run_after=None
[2024-03-16T11:53:33.190+0500] {logging_mixin.py:188} INFO - [2024-03-16T11:53:33.190+0500] {dag.py:3834} INFO - Setting next_dagrun for dataset_consumes_1_and_2 to None, run_after=None
[2024-03-16T11:53:33.191+0500] {logging_mixin.py:188} INFO - [2024-03-16T11:53:33.191+0500] {dag.py:3834} INFO - Setting next_dagrun for dataset_consumes_1_never_scheduled to None, run_after=None
[2024-03-16T11:53:33.192+0500] {logging_mixin.py:188} INFO - [2024-03-16T11:53:33.192+0500] {dag.py:3834} INFO - Setting next_dagrun for dataset_consumes_unknown_never_scheduled to None, run_after=None
[2024-03-16T11:53:33.194+0500] {logging_mixin.py:188} INFO - [2024-03-16T11:53:33.194+0500] {dag.py:3834} INFO - Setting next_dagrun for dataset_produces_1 to 2024-03-15 00:00:00+00:00, run_after=2024-03-16 00:00:00+00:00
[2024-03-16T11:53:33.195+0500] {logging_mixin.py:188} INFO - [2024-03-16T11:53:33.195+0500] {dag.py:3834} INFO - Setting next_dagrun for dataset_produces_2 to None, run_after=None
[2024-03-16T11:53:33.326+0500] {processor.py:183} INFO - Processing /home/muhammadsami/Public/Projects/Airflow/DataPipelineswithApacheAirflow/.env/lib/python3.8/site-packages/airflow/example_dags/example_datasets.py took 0.197 seconds
[2024-03-16T11:54:47.834+0500] {processor.py:161} INFO - Started process (PID=21794) to work on /home/muhammadsami/Public/Projects/Airflow/DataPipelineswithApacheAirflow/.env/lib/python3.8/site-packages/airflow/example_dags/example_datasets.py
[2024-03-16T11:54:47.835+0500] {processor.py:830} INFO - Processing file /home/muhammadsami/Public/Projects/Airflow/DataPipelineswithApacheAirflow/.env/lib/python3.8/site-packages/airflow/example_dags/example_datasets.py for tasks to queue
[2024-03-16T11:54:47.836+0500] {logging_mixin.py:188} INFO - [2024-03-16T11:54:47.836+0500] {dagbag.py:540} INFO - Filling up the DagBag from /home/muhammadsami/Public/Projects/Airflow/DataPipelineswithApacheAirflow/.env/lib/python3.8/site-packages/airflow/example_dags/example_datasets.py
[2024-03-16T11:54:47.846+0500] {processor.py:840} INFO - DAG(s) 'dataset_consumes_1_and_2', 'dataset_consumes_1_never_scheduled', 'dataset_produces_1', 'dataset_consumes_unknown_never_scheduled', 'dataset_consumes_1', 'dataset_produces_2' retrieved from /home/muhammadsami/Public/Projects/Airflow/DataPipelineswithApacheAirflow/.env/lib/python3.8/site-packages/airflow/example_dags/example_datasets.py
[2024-03-16T11:54:47.873+0500] {logging_mixin.py:188} INFO - [2024-03-16T11:54:47.873+0500] {dag.py:3047} INFO - Sync 6 DAGs
[2024-03-16T11:54:47.896+0500] {logging_mixin.py:188} INFO - [2024-03-16T11:54:47.896+0500] {dag.py:3834} INFO - Setting next_dagrun for dataset_consumes_1 to None, run_after=None
[2024-03-16T11:54:47.901+0500] {logging_mixin.py:188} INFO - [2024-03-16T11:54:47.900+0500] {dag.py:3834} INFO - Setting next_dagrun for dataset_consumes_1_and_2 to None, run_after=None
[2024-03-16T11:54:47.902+0500] {logging_mixin.py:188} INFO - [2024-03-16T11:54:47.902+0500] {dag.py:3834} INFO - Setting next_dagrun for dataset_consumes_1_never_scheduled to None, run_after=None
[2024-03-16T11:54:47.904+0500] {logging_mixin.py:188} INFO - [2024-03-16T11:54:47.903+0500] {dag.py:3834} INFO - Setting next_dagrun for dataset_consumes_unknown_never_scheduled to None, run_after=None
[2024-03-16T11:54:47.906+0500] {logging_mixin.py:188} INFO - [2024-03-16T11:54:47.906+0500] {dag.py:3834} INFO - Setting next_dagrun for dataset_produces_1 to 2024-03-15 00:00:00+00:00, run_after=2024-03-16 00:00:00+00:00
[2024-03-16T11:54:47.907+0500] {logging_mixin.py:188} INFO - [2024-03-16T11:54:47.907+0500] {dag.py:3834} INFO - Setting next_dagrun for dataset_produces_2 to None, run_after=None
[2024-03-16T11:54:48.018+0500] {processor.py:183} INFO - Processing /home/muhammadsami/Public/Projects/Airflow/DataPipelineswithApacheAirflow/.env/lib/python3.8/site-packages/airflow/example_dags/example_datasets.py took 0.187 seconds
[2024-03-16T11:56:05.406+0500] {processor.py:161} INFO - Started process (PID=21923) to work on /home/muhammadsami/Public/Projects/Airflow/DataPipelineswithApacheAirflow/.env/lib/python3.8/site-packages/airflow/example_dags/example_datasets.py
[2024-03-16T11:56:05.421+0500] {processor.py:830} INFO - Processing file /home/muhammadsami/Public/Projects/Airflow/DataPipelineswithApacheAirflow/.env/lib/python3.8/site-packages/airflow/example_dags/example_datasets.py for tasks to queue
[2024-03-16T11:56:05.422+0500] {logging_mixin.py:188} INFO - [2024-03-16T11:56:05.422+0500] {dagbag.py:540} INFO - Filling up the DagBag from /home/muhammadsami/Public/Projects/Airflow/DataPipelineswithApacheAirflow/.env/lib/python3.8/site-packages/airflow/example_dags/example_datasets.py
[2024-03-16T11:56:05.433+0500] {processor.py:840} INFO - DAG(s) 'dataset_consumes_1', 'dataset_produces_2', 'dataset_consumes_unknown_never_scheduled', 'dataset_consumes_1_and_2', 'dataset_produces_1', 'dataset_consumes_1_never_scheduled' retrieved from /home/muhammadsami/Public/Projects/Airflow/DataPipelineswithApacheAirflow/.env/lib/python3.8/site-packages/airflow/example_dags/example_datasets.py
[2024-03-16T11:56:05.460+0500] {logging_mixin.py:188} INFO - [2024-03-16T11:56:05.459+0500] {dag.py:3047} INFO - Sync 6 DAGs
[2024-03-16T11:56:05.480+0500] {logging_mixin.py:188} INFO - [2024-03-16T11:56:05.480+0500] {dag.py:3834} INFO - Setting next_dagrun for dataset_consumes_1 to None, run_after=None
[2024-03-16T11:56:05.484+0500] {logging_mixin.py:188} INFO - [2024-03-16T11:56:05.484+0500] {dag.py:3834} INFO - Setting next_dagrun for dataset_consumes_1_and_2 to None, run_after=None
[2024-03-16T11:56:05.485+0500] {logging_mixin.py:188} INFO - [2024-03-16T11:56:05.485+0500] {dag.py:3834} INFO - Setting next_dagrun for dataset_consumes_1_never_scheduled to None, run_after=None
[2024-03-16T11:56:05.486+0500] {logging_mixin.py:188} INFO - [2024-03-16T11:56:05.486+0500] {dag.py:3834} INFO - Setting next_dagrun for dataset_consumes_unknown_never_scheduled to None, run_after=None
[2024-03-16T11:56:05.488+0500] {logging_mixin.py:188} INFO - [2024-03-16T11:56:05.488+0500] {dag.py:3834} INFO - Setting next_dagrun for dataset_produces_1 to 2024-03-15 00:00:00+00:00, run_after=2024-03-16 00:00:00+00:00
[2024-03-16T11:56:05.489+0500] {logging_mixin.py:188} INFO - [2024-03-16T11:56:05.489+0500] {dag.py:3834} INFO - Setting next_dagrun for dataset_produces_2 to None, run_after=None
[2024-03-16T11:56:05.593+0500] {processor.py:183} INFO - Processing /home/muhammadsami/Public/Projects/Airflow/DataPipelineswithApacheAirflow/.env/lib/python3.8/site-packages/airflow/example_dags/example_datasets.py took 0.189 seconds
[2024-03-16T11:57:21.470+0500] {processor.py:161} INFO - Started process (PID=22001) to work on /home/muhammadsami/Public/Projects/Airflow/DataPipelineswithApacheAirflow/.env/lib/python3.8/site-packages/airflow/example_dags/example_datasets.py
[2024-03-16T11:57:21.529+0500] {processor.py:830} INFO - Processing file /home/muhammadsami/Public/Projects/Airflow/DataPipelineswithApacheAirflow/.env/lib/python3.8/site-packages/airflow/example_dags/example_datasets.py for tasks to queue
[2024-03-16T11:57:21.530+0500] {logging_mixin.py:188} INFO - [2024-03-16T11:57:21.530+0500] {dagbag.py:540} INFO - Filling up the DagBag from /home/muhammadsami/Public/Projects/Airflow/DataPipelineswithApacheAirflow/.env/lib/python3.8/site-packages/airflow/example_dags/example_datasets.py
[2024-03-16T11:57:21.538+0500] {processor.py:840} INFO - DAG(s) 'dataset_consumes_1_and_2', 'dataset_produces_2', 'dataset_consumes_1_never_scheduled', 'dataset_consumes_1', 'dataset_produces_1', 'dataset_consumes_unknown_never_scheduled' retrieved from /home/muhammadsami/Public/Projects/Airflow/DataPipelineswithApacheAirflow/.env/lib/python3.8/site-packages/airflow/example_dags/example_datasets.py
[2024-03-16T11:57:21.562+0500] {logging_mixin.py:188} INFO - [2024-03-16T11:57:21.561+0500] {dag.py:3047} INFO - Sync 6 DAGs
[2024-03-16T11:57:21.579+0500] {logging_mixin.py:188} INFO - [2024-03-16T11:57:21.579+0500] {dag.py:3834} INFO - Setting next_dagrun for dataset_consumes_1 to None, run_after=None
[2024-03-16T11:57:21.582+0500] {logging_mixin.py:188} INFO - [2024-03-16T11:57:21.582+0500] {dag.py:3834} INFO - Setting next_dagrun for dataset_consumes_1_and_2 to None, run_after=None
[2024-03-16T11:57:21.583+0500] {logging_mixin.py:188} INFO - [2024-03-16T11:57:21.583+0500] {dag.py:3834} INFO - Setting next_dagrun for dataset_consumes_1_never_scheduled to None, run_after=None
[2024-03-16T11:57:21.584+0500] {logging_mixin.py:188} INFO - [2024-03-16T11:57:21.584+0500] {dag.py:3834} INFO - Setting next_dagrun for dataset_consumes_unknown_never_scheduled to None, run_after=None
[2024-03-16T11:57:21.586+0500] {logging_mixin.py:188} INFO - [2024-03-16T11:57:21.586+0500] {dag.py:3834} INFO - Setting next_dagrun for dataset_produces_1 to 2024-03-15 00:00:00+00:00, run_after=2024-03-16 00:00:00+00:00
[2024-03-16T11:57:21.587+0500] {logging_mixin.py:188} INFO - [2024-03-16T11:57:21.587+0500] {dag.py:3834} INFO - Setting next_dagrun for dataset_produces_2 to None, run_after=None
[2024-03-16T11:57:21.770+0500] {processor.py:183} INFO - Processing /home/muhammadsami/Public/Projects/Airflow/DataPipelineswithApacheAirflow/.env/lib/python3.8/site-packages/airflow/example_dags/example_datasets.py took 0.302 seconds
[2024-03-16T11:58:16.502+0500] {processor.py:161} INFO - Started process (PID=22078) to work on /home/muhammadsami/Public/Projects/Airflow/DataPipelineswithApacheAirflow/.env/lib/python3.8/site-packages/airflow/example_dags/example_datasets.py
[2024-03-16T11:58:16.503+0500] {processor.py:830} INFO - Processing file /home/muhammadsami/Public/Projects/Airflow/DataPipelineswithApacheAirflow/.env/lib/python3.8/site-packages/airflow/example_dags/example_datasets.py for tasks to queue
[2024-03-16T11:58:16.504+0500] {logging_mixin.py:188} INFO - [2024-03-16T11:58:16.503+0500] {dagbag.py:540} INFO - Filling up the DagBag from /home/muhammadsami/Public/Projects/Airflow/DataPipelineswithApacheAirflow/.env/lib/python3.8/site-packages/airflow/example_dags/example_datasets.py
[2024-03-16T11:58:16.514+0500] {processor.py:840} INFO - DAG(s) 'dataset_consumes_1', 'dataset_produces_2', 'dataset_produces_1', 'dataset_consumes_unknown_never_scheduled', 'dataset_consumes_1_and_2', 'dataset_consumes_1_never_scheduled' retrieved from /home/muhammadsami/Public/Projects/Airflow/DataPipelineswithApacheAirflow/.env/lib/python3.8/site-packages/airflow/example_dags/example_datasets.py
[2024-03-16T11:58:16.538+0500] {logging_mixin.py:188} INFO - [2024-03-16T11:58:16.537+0500] {dag.py:3047} INFO - Sync 6 DAGs
[2024-03-16T11:58:16.556+0500] {logging_mixin.py:188} INFO - [2024-03-16T11:58:16.555+0500] {dag.py:3834} INFO - Setting next_dagrun for dataset_consumes_1 to None, run_after=None
[2024-03-16T11:58:16.559+0500] {logging_mixin.py:188} INFO - [2024-03-16T11:58:16.558+0500] {dag.py:3834} INFO - Setting next_dagrun for dataset_consumes_1_and_2 to None, run_after=None
[2024-03-16T11:58:16.559+0500] {logging_mixin.py:188} INFO - [2024-03-16T11:58:16.559+0500] {dag.py:3834} INFO - Setting next_dagrun for dataset_consumes_1_never_scheduled to None, run_after=None
[2024-03-16T11:58:16.560+0500] {logging_mixin.py:188} INFO - [2024-03-16T11:58:16.560+0500] {dag.py:3834} INFO - Setting next_dagrun for dataset_consumes_unknown_never_scheduled to None, run_after=None
[2024-03-16T11:58:16.562+0500] {logging_mixin.py:188} INFO - [2024-03-16T11:58:16.562+0500] {dag.py:3834} INFO - Setting next_dagrun for dataset_produces_1 to 2024-03-15 00:00:00+00:00, run_after=2024-03-16 00:00:00+00:00
[2024-03-16T11:58:16.563+0500] {logging_mixin.py:188} INFO - [2024-03-16T11:58:16.563+0500] {dag.py:3834} INFO - Setting next_dagrun for dataset_produces_2 to None, run_after=None
[2024-03-16T11:58:16.679+0500] {processor.py:183} INFO - Processing /home/muhammadsami/Public/Projects/Airflow/DataPipelineswithApacheAirflow/.env/lib/python3.8/site-packages/airflow/example_dags/example_datasets.py took 0.180 seconds
[2024-03-16T11:59:28.029+0500] {processor.py:161} INFO - Started process (PID=22212) to work on /home/muhammadsami/Public/Projects/Airflow/DataPipelineswithApacheAirflow/.env/lib/python3.8/site-packages/airflow/example_dags/example_datasets.py
[2024-03-16T11:59:28.030+0500] {processor.py:830} INFO - Processing file /home/muhammadsami/Public/Projects/Airflow/DataPipelineswithApacheAirflow/.env/lib/python3.8/site-packages/airflow/example_dags/example_datasets.py for tasks to queue
[2024-03-16T11:59:28.031+0500] {logging_mixin.py:188} INFO - [2024-03-16T11:59:28.031+0500] {dagbag.py:540} INFO - Filling up the DagBag from /home/muhammadsami/Public/Projects/Airflow/DataPipelineswithApacheAirflow/.env/lib/python3.8/site-packages/airflow/example_dags/example_datasets.py
[2024-03-16T11:59:28.041+0500] {processor.py:840} INFO - DAG(s) 'dataset_produces_1', 'dataset_consumes_1', 'dataset_consumes_1_never_scheduled', 'dataset_consumes_1_and_2', 'dataset_consumes_unknown_never_scheduled', 'dataset_produces_2' retrieved from /home/muhammadsami/Public/Projects/Airflow/DataPipelineswithApacheAirflow/.env/lib/python3.8/site-packages/airflow/example_dags/example_datasets.py
[2024-03-16T11:59:28.068+0500] {logging_mixin.py:188} INFO - [2024-03-16T11:59:28.068+0500] {dag.py:3047} INFO - Sync 6 DAGs
[2024-03-16T11:59:28.089+0500] {logging_mixin.py:188} INFO - [2024-03-16T11:59:28.089+0500] {dag.py:3834} INFO - Setting next_dagrun for dataset_consumes_1 to None, run_after=None
[2024-03-16T11:59:28.092+0500] {logging_mixin.py:188} INFO - [2024-03-16T11:59:28.092+0500] {dag.py:3834} INFO - Setting next_dagrun for dataset_consumes_1_and_2 to None, run_after=None
[2024-03-16T11:59:28.093+0500] {logging_mixin.py:188} INFO - [2024-03-16T11:59:28.093+0500] {dag.py:3834} INFO - Setting next_dagrun for dataset_consumes_1_never_scheduled to None, run_after=None
[2024-03-16T11:59:28.094+0500] {logging_mixin.py:188} INFO - [2024-03-16T11:59:28.093+0500] {dag.py:3834} INFO - Setting next_dagrun for dataset_consumes_unknown_never_scheduled to None, run_after=None
[2024-03-16T11:59:28.096+0500] {logging_mixin.py:188} INFO - [2024-03-16T11:59:28.095+0500] {dag.py:3834} INFO - Setting next_dagrun for dataset_produces_1 to 2024-03-15 00:00:00+00:00, run_after=2024-03-16 00:00:00+00:00
[2024-03-16T11:59:28.096+0500] {logging_mixin.py:188} INFO - [2024-03-16T11:59:28.096+0500] {dag.py:3834} INFO - Setting next_dagrun for dataset_produces_2 to None, run_after=None
[2024-03-16T11:59:28.206+0500] {processor.py:183} INFO - Processing /home/muhammadsami/Public/Projects/Airflow/DataPipelineswithApacheAirflow/.env/lib/python3.8/site-packages/airflow/example_dags/example_datasets.py took 0.181 seconds
[2024-03-16T12:00:48.048+0500] {processor.py:161} INFO - Started process (PID=22351) to work on /home/muhammadsami/Public/Projects/Airflow/DataPipelineswithApacheAirflow/.env/lib/python3.8/site-packages/airflow/example_dags/example_datasets.py
[2024-03-16T12:00:48.057+0500] {processor.py:830} INFO - Processing file /home/muhammadsami/Public/Projects/Airflow/DataPipelineswithApacheAirflow/.env/lib/python3.8/site-packages/airflow/example_dags/example_datasets.py for tasks to queue
[2024-03-16T12:00:48.058+0500] {logging_mixin.py:188} INFO - [2024-03-16T12:00:48.057+0500] {dagbag.py:540} INFO - Filling up the DagBag from /home/muhammadsami/Public/Projects/Airflow/DataPipelineswithApacheAirflow/.env/lib/python3.8/site-packages/airflow/example_dags/example_datasets.py
[2024-03-16T12:00:48.066+0500] {processor.py:840} INFO - DAG(s) 'dataset_consumes_unknown_never_scheduled', 'dataset_consumes_1_and_2', 'dataset_produces_1', 'dataset_consumes_1', 'dataset_produces_2', 'dataset_consumes_1_never_scheduled' retrieved from /home/muhammadsami/Public/Projects/Airflow/DataPipelineswithApacheAirflow/.env/lib/python3.8/site-packages/airflow/example_dags/example_datasets.py
[2024-03-16T12:00:48.090+0500] {logging_mixin.py:188} INFO - [2024-03-16T12:00:48.090+0500] {dag.py:3047} INFO - Sync 6 DAGs
[2024-03-16T12:00:48.108+0500] {logging_mixin.py:188} INFO - [2024-03-16T12:00:48.107+0500] {dag.py:3834} INFO - Setting next_dagrun for dataset_consumes_1 to None, run_after=None
[2024-03-16T12:00:48.111+0500] {logging_mixin.py:188} INFO - [2024-03-16T12:00:48.110+0500] {dag.py:3834} INFO - Setting next_dagrun for dataset_consumes_1_and_2 to None, run_after=None
[2024-03-16T12:00:48.112+0500] {logging_mixin.py:188} INFO - [2024-03-16T12:00:48.111+0500] {dag.py:3834} INFO - Setting next_dagrun for dataset_consumes_1_never_scheduled to None, run_after=None
[2024-03-16T12:00:48.113+0500] {logging_mixin.py:188} INFO - [2024-03-16T12:00:48.112+0500] {dag.py:3834} INFO - Setting next_dagrun for dataset_consumes_unknown_never_scheduled to None, run_after=None
[2024-03-16T12:00:48.115+0500] {logging_mixin.py:188} INFO - [2024-03-16T12:00:48.115+0500] {dag.py:3834} INFO - Setting next_dagrun for dataset_produces_1 to 2024-03-15 00:00:00+00:00, run_after=2024-03-16 00:00:00+00:00
[2024-03-16T12:00:48.116+0500] {logging_mixin.py:188} INFO - [2024-03-16T12:00:48.115+0500] {dag.py:3834} INFO - Setting next_dagrun for dataset_produces_2 to None, run_after=None
[2024-03-16T12:00:48.229+0500] {processor.py:183} INFO - Processing /home/muhammadsami/Public/Projects/Airflow/DataPipelineswithApacheAirflow/.env/lib/python3.8/site-packages/airflow/example_dags/example_datasets.py took 0.183 seconds
[2024-03-16T12:01:42.250+0500] {processor.py:161} INFO - Started process (PID=22433) to work on /home/muhammadsami/Public/Projects/Airflow/DataPipelineswithApacheAirflow/.env/lib/python3.8/site-packages/airflow/example_dags/example_datasets.py
[2024-03-16T12:01:42.271+0500] {processor.py:830} INFO - Processing file /home/muhammadsami/Public/Projects/Airflow/DataPipelineswithApacheAirflow/.env/lib/python3.8/site-packages/airflow/example_dags/example_datasets.py for tasks to queue
[2024-03-16T12:01:42.272+0500] {logging_mixin.py:188} INFO - [2024-03-16T12:01:42.271+0500] {dagbag.py:540} INFO - Filling up the DagBag from /home/muhammadsami/Public/Projects/Airflow/DataPipelineswithApacheAirflow/.env/lib/python3.8/site-packages/airflow/example_dags/example_datasets.py
[2024-03-16T12:01:42.282+0500] {processor.py:840} INFO - DAG(s) 'dataset_produces_2', 'dataset_consumes_1_never_scheduled', 'dataset_produces_1', 'dataset_consumes_1', 'dataset_consumes_unknown_never_scheduled', 'dataset_consumes_1_and_2' retrieved from /home/muhammadsami/Public/Projects/Airflow/DataPipelineswithApacheAirflow/.env/lib/python3.8/site-packages/airflow/example_dags/example_datasets.py
[2024-03-16T12:01:42.311+0500] {logging_mixin.py:188} INFO - [2024-03-16T12:01:42.311+0500] {dag.py:3047} INFO - Sync 6 DAGs
[2024-03-16T12:01:42.331+0500] {logging_mixin.py:188} INFO - [2024-03-16T12:01:42.331+0500] {dag.py:3834} INFO - Setting next_dagrun for dataset_consumes_1 to None, run_after=None
[2024-03-16T12:01:42.334+0500] {logging_mixin.py:188} INFO - [2024-03-16T12:01:42.334+0500] {dag.py:3834} INFO - Setting next_dagrun for dataset_consumes_1_and_2 to None, run_after=None
[2024-03-16T12:01:42.336+0500] {logging_mixin.py:188} INFO - [2024-03-16T12:01:42.335+0500] {dag.py:3834} INFO - Setting next_dagrun for dataset_consumes_1_never_scheduled to None, run_after=None
[2024-03-16T12:01:42.337+0500] {logging_mixin.py:188} INFO - [2024-03-16T12:01:42.336+0500] {dag.py:3834} INFO - Setting next_dagrun for dataset_consumes_unknown_never_scheduled to None, run_after=None
[2024-03-16T12:01:42.339+0500] {logging_mixin.py:188} INFO - [2024-03-16T12:01:42.339+0500] {dag.py:3834} INFO - Setting next_dagrun for dataset_produces_1 to 2024-03-15 00:00:00+00:00, run_after=2024-03-16 00:00:00+00:00
[2024-03-16T12:01:42.341+0500] {logging_mixin.py:188} INFO - [2024-03-16T12:01:42.340+0500] {dag.py:3834} INFO - Setting next_dagrun for dataset_produces_2 to None, run_after=None
[2024-03-16T12:01:42.446+0500] {processor.py:183} INFO - Processing /home/muhammadsami/Public/Projects/Airflow/DataPipelineswithApacheAirflow/.env/lib/python3.8/site-packages/airflow/example_dags/example_datasets.py took 0.199 seconds
