[2024-03-16T11:22:15.506+0500] {processor.py:161} INFO - Started process (PID=17960) to work on /home/muhammadsami/Public/Projects/Airflow/DataPipelineswithApacheAirflow/.env/lib/python3.8/site-packages/airflow/example_dags/example_trigger_target_dag.py
[2024-03-16T11:22:15.508+0500] {processor.py:830} INFO - Processing file /home/muhammadsami/Public/Projects/Airflow/DataPipelineswithApacheAirflow/.env/lib/python3.8/site-packages/airflow/example_dags/example_trigger_target_dag.py for tasks to queue
[2024-03-16T11:22:15.509+0500] {logging_mixin.py:188} INFO - [2024-03-16T11:22:15.509+0500] {dagbag.py:540} INFO - Filling up the DagBag from /home/muhammadsami/Public/Projects/Airflow/DataPipelineswithApacheAirflow/.env/lib/python3.8/site-packages/airflow/example_dags/example_trigger_target_dag.py
[2024-03-16T11:22:15.522+0500] {processor.py:840} INFO - DAG(s) 'example_trigger_target_dag' retrieved from /home/muhammadsami/Public/Projects/Airflow/DataPipelineswithApacheAirflow/.env/lib/python3.8/site-packages/airflow/example_dags/example_trigger_target_dag.py
[2024-03-16T11:22:15.939+0500] {logging_mixin.py:188} INFO - [2024-03-16T11:22:15.938+0500] {override.py:1769} INFO - Created Permission View: can edit on DAG:example_trigger_target_dag
[2024-03-16T11:22:16.054+0500] {logging_mixin.py:188} INFO - [2024-03-16T11:22:16.053+0500] {override.py:1769} INFO - Created Permission View: can delete on DAG:example_trigger_target_dag
[2024-03-16T11:22:16.146+0500] {logging_mixin.py:188} INFO - [2024-03-16T11:22:16.144+0500] {override.py:1769} INFO - Created Permission View: can read on DAG:example_trigger_target_dag
[2024-03-16T11:22:16.148+0500] {logging_mixin.py:188} INFO - [2024-03-16T11:22:16.148+0500] {dag.py:3047} INFO - Sync 1 DAGs
[2024-03-16T11:22:16.173+0500] {logging_mixin.py:188} INFO - [2024-03-16T11:22:16.173+0500] {dag.py:3069} INFO - Creating ORM DAG for example_trigger_target_dag
[2024-03-16T11:22:16.174+0500] {logging_mixin.py:188} INFO - [2024-03-16T11:22:16.174+0500] {dag.py:3834} INFO - Setting next_dagrun for example_trigger_target_dag to None, run_after=None
[2024-03-16T11:22:16.490+0500] {processor.py:183} INFO - Processing /home/muhammadsami/Public/Projects/Airflow/DataPipelineswithApacheAirflow/.env/lib/python3.8/site-packages/airflow/example_dags/example_trigger_target_dag.py took 0.987 seconds
[2024-03-16T11:23:52.278+0500] {processor.py:161} INFO - Started process (PID=18445) to work on /home/muhammadsami/Public/Projects/Airflow/DataPipelineswithApacheAirflow/.env/lib/python3.8/site-packages/airflow/example_dags/example_trigger_target_dag.py
[2024-03-16T11:23:52.301+0500] {processor.py:830} INFO - Processing file /home/muhammadsami/Public/Projects/Airflow/DataPipelineswithApacheAirflow/.env/lib/python3.8/site-packages/airflow/example_dags/example_trigger_target_dag.py for tasks to queue
[2024-03-16T11:23:52.302+0500] {logging_mixin.py:188} INFO - [2024-03-16T11:23:52.301+0500] {dagbag.py:540} INFO - Filling up the DagBag from /home/muhammadsami/Public/Projects/Airflow/DataPipelineswithApacheAirflow/.env/lib/python3.8/site-packages/airflow/example_dags/example_trigger_target_dag.py
[2024-03-16T11:23:52.306+0500] {processor.py:840} INFO - DAG(s) 'example_trigger_target_dag' retrieved from /home/muhammadsami/Public/Projects/Airflow/DataPipelineswithApacheAirflow/.env/lib/python3.8/site-packages/airflow/example_dags/example_trigger_target_dag.py
[2024-03-16T11:23:52.319+0500] {logging_mixin.py:188} INFO - [2024-03-16T11:23:52.318+0500] {dag.py:3047} INFO - Sync 1 DAGs
[2024-03-16T11:23:52.328+0500] {logging_mixin.py:188} INFO - [2024-03-16T11:23:52.328+0500] {dag.py:3834} INFO - Setting next_dagrun for example_trigger_target_dag to None, run_after=None
[2024-03-16T11:23:52.472+0500] {processor.py:183} INFO - Processing /home/muhammadsami/Public/Projects/Airflow/DataPipelineswithApacheAirflow/.env/lib/python3.8/site-packages/airflow/example_dags/example_trigger_target_dag.py took 0.197 seconds
[2024-03-16T11:24:49.249+0500] {processor.py:161} INFO - Started process (PID=18572) to work on /home/muhammadsami/Public/Projects/Airflow/DataPipelineswithApacheAirflow/.env/lib/python3.8/site-packages/airflow/example_dags/example_trigger_target_dag.py
[2024-03-16T11:24:49.250+0500] {processor.py:830} INFO - Processing file /home/muhammadsami/Public/Projects/Airflow/DataPipelineswithApacheAirflow/.env/lib/python3.8/site-packages/airflow/example_dags/example_trigger_target_dag.py for tasks to queue
[2024-03-16T11:24:49.252+0500] {logging_mixin.py:188} INFO - [2024-03-16T11:24:49.251+0500] {dagbag.py:540} INFO - Filling up the DagBag from /home/muhammadsami/Public/Projects/Airflow/DataPipelineswithApacheAirflow/.env/lib/python3.8/site-packages/airflow/example_dags/example_trigger_target_dag.py
[2024-03-16T11:24:49.257+0500] {processor.py:840} INFO - DAG(s) 'example_trigger_target_dag' retrieved from /home/muhammadsami/Public/Projects/Airflow/DataPipelineswithApacheAirflow/.env/lib/python3.8/site-packages/airflow/example_dags/example_trigger_target_dag.py
[2024-03-16T11:24:49.272+0500] {logging_mixin.py:188} INFO - [2024-03-16T11:24:49.271+0500] {dag.py:3047} INFO - Sync 1 DAGs
[2024-03-16T11:24:49.282+0500] {logging_mixin.py:188} INFO - [2024-03-16T11:24:49.282+0500] {dag.py:3834} INFO - Setting next_dagrun for example_trigger_target_dag to None, run_after=None
[2024-03-16T11:24:49.427+0500] {processor.py:183} INFO - Processing /home/muhammadsami/Public/Projects/Airflow/DataPipelineswithApacheAirflow/.env/lib/python3.8/site-packages/airflow/example_dags/example_trigger_target_dag.py took 0.181 seconds
[2024-03-16T11:25:39.553+0500] {processor.py:161} INFO - Started process (PID=18637) to work on /home/muhammadsami/Public/Projects/Airflow/DataPipelineswithApacheAirflow/.env/lib/python3.8/site-packages/airflow/example_dags/example_trigger_target_dag.py
[2024-03-16T11:25:39.554+0500] {processor.py:830} INFO - Processing file /home/muhammadsami/Public/Projects/Airflow/DataPipelineswithApacheAirflow/.env/lib/python3.8/site-packages/airflow/example_dags/example_trigger_target_dag.py for tasks to queue
[2024-03-16T11:25:39.555+0500] {logging_mixin.py:188} INFO - [2024-03-16T11:25:39.554+0500] {dagbag.py:540} INFO - Filling up the DagBag from /home/muhammadsami/Public/Projects/Airflow/DataPipelineswithApacheAirflow/.env/lib/python3.8/site-packages/airflow/example_dags/example_trigger_target_dag.py
[2024-03-16T11:25:39.561+0500] {processor.py:840} INFO - DAG(s) 'example_trigger_target_dag' retrieved from /home/muhammadsami/Public/Projects/Airflow/DataPipelineswithApacheAirflow/.env/lib/python3.8/site-packages/airflow/example_dags/example_trigger_target_dag.py
[2024-03-16T11:25:39.574+0500] {logging_mixin.py:188} INFO - [2024-03-16T11:25:39.574+0500] {dag.py:3047} INFO - Sync 1 DAGs
[2024-03-16T11:25:39.585+0500] {logging_mixin.py:188} INFO - [2024-03-16T11:25:39.585+0500] {dag.py:3834} INFO - Setting next_dagrun for example_trigger_target_dag to None, run_after=None
[2024-03-16T11:25:39.684+0500] {processor.py:183} INFO - Processing /home/muhammadsami/Public/Projects/Airflow/DataPipelineswithApacheAirflow/.env/lib/python3.8/site-packages/airflow/example_dags/example_trigger_target_dag.py took 0.134 seconds
[2024-03-16T11:26:30.505+0500] {processor.py:161} INFO - Started process (PID=18721) to work on /home/muhammadsami/Public/Projects/Airflow/DataPipelineswithApacheAirflow/.env/lib/python3.8/site-packages/airflow/example_dags/example_trigger_target_dag.py
[2024-03-16T11:26:30.509+0500] {processor.py:830} INFO - Processing file /home/muhammadsami/Public/Projects/Airflow/DataPipelineswithApacheAirflow/.env/lib/python3.8/site-packages/airflow/example_dags/example_trigger_target_dag.py for tasks to queue
[2024-03-16T11:26:30.510+0500] {logging_mixin.py:188} INFO - [2024-03-16T11:26:30.510+0500] {dagbag.py:540} INFO - Filling up the DagBag from /home/muhammadsami/Public/Projects/Airflow/DataPipelineswithApacheAirflow/.env/lib/python3.8/site-packages/airflow/example_dags/example_trigger_target_dag.py
[2024-03-16T11:26:30.516+0500] {processor.py:840} INFO - DAG(s) 'example_trigger_target_dag' retrieved from /home/muhammadsami/Public/Projects/Airflow/DataPipelineswithApacheAirflow/.env/lib/python3.8/site-packages/airflow/example_dags/example_trigger_target_dag.py
[2024-03-16T11:26:30.535+0500] {logging_mixin.py:188} INFO - [2024-03-16T11:26:30.534+0500] {dag.py:3047} INFO - Sync 1 DAGs
[2024-03-16T11:26:30.554+0500] {logging_mixin.py:188} INFO - [2024-03-16T11:26:30.554+0500] {dag.py:3834} INFO - Setting next_dagrun for example_trigger_target_dag to None, run_after=None
[2024-03-16T11:26:30.662+0500] {processor.py:183} INFO - Processing /home/muhammadsami/Public/Projects/Airflow/DataPipelineswithApacheAirflow/.env/lib/python3.8/site-packages/airflow/example_dags/example_trigger_target_dag.py took 0.160 seconds
[2024-03-16T11:27:23.117+0500] {processor.py:161} INFO - Started process (PID=18774) to work on /home/muhammadsami/Public/Projects/Airflow/DataPipelineswithApacheAirflow/.env/lib/python3.8/site-packages/airflow/example_dags/example_trigger_target_dag.py
[2024-03-16T11:27:23.118+0500] {processor.py:830} INFO - Processing file /home/muhammadsami/Public/Projects/Airflow/DataPipelineswithApacheAirflow/.env/lib/python3.8/site-packages/airflow/example_dags/example_trigger_target_dag.py for tasks to queue
[2024-03-16T11:27:23.119+0500] {logging_mixin.py:188} INFO - [2024-03-16T11:27:23.119+0500] {dagbag.py:540} INFO - Filling up the DagBag from /home/muhammadsami/Public/Projects/Airflow/DataPipelineswithApacheAirflow/.env/lib/python3.8/site-packages/airflow/example_dags/example_trigger_target_dag.py
[2024-03-16T11:27:23.125+0500] {processor.py:840} INFO - DAG(s) 'example_trigger_target_dag' retrieved from /home/muhammadsami/Public/Projects/Airflow/DataPipelineswithApacheAirflow/.env/lib/python3.8/site-packages/airflow/example_dags/example_trigger_target_dag.py
[2024-03-16T11:27:23.139+0500] {logging_mixin.py:188} INFO - [2024-03-16T11:27:23.139+0500] {dag.py:3047} INFO - Sync 1 DAGs
[2024-03-16T11:27:23.149+0500] {logging_mixin.py:188} INFO - [2024-03-16T11:27:23.149+0500] {dag.py:3834} INFO - Setting next_dagrun for example_trigger_target_dag to None, run_after=None
[2024-03-16T11:27:23.250+0500] {processor.py:183} INFO - Processing /home/muhammadsami/Public/Projects/Airflow/DataPipelineswithApacheAirflow/.env/lib/python3.8/site-packages/airflow/example_dags/example_trigger_target_dag.py took 0.136 seconds
[2024-03-16T11:28:08.073+0500] {processor.py:161} INFO - Started process (PID=18821) to work on /home/muhammadsami/Public/Projects/Airflow/DataPipelineswithApacheAirflow/.env/lib/python3.8/site-packages/airflow/example_dags/example_trigger_target_dag.py
[2024-03-16T11:28:08.074+0500] {processor.py:830} INFO - Processing file /home/muhammadsami/Public/Projects/Airflow/DataPipelineswithApacheAirflow/.env/lib/python3.8/site-packages/airflow/example_dags/example_trigger_target_dag.py for tasks to queue
[2024-03-16T11:28:08.075+0500] {logging_mixin.py:188} INFO - [2024-03-16T11:28:08.075+0500] {dagbag.py:540} INFO - Filling up the DagBag from /home/muhammadsami/Public/Projects/Airflow/DataPipelineswithApacheAirflow/.env/lib/python3.8/site-packages/airflow/example_dags/example_trigger_target_dag.py
[2024-03-16T11:28:08.081+0500] {processor.py:840} INFO - DAG(s) 'example_trigger_target_dag' retrieved from /home/muhammadsami/Public/Projects/Airflow/DataPipelineswithApacheAirflow/.env/lib/python3.8/site-packages/airflow/example_dags/example_trigger_target_dag.py
[2024-03-16T11:28:08.094+0500] {logging_mixin.py:188} INFO - [2024-03-16T11:28:08.094+0500] {dag.py:3047} INFO - Sync 1 DAGs
[2024-03-16T11:28:08.104+0500] {logging_mixin.py:188} INFO - [2024-03-16T11:28:08.104+0500] {dag.py:3834} INFO - Setting next_dagrun for example_trigger_target_dag to None, run_after=None
[2024-03-16T11:28:08.204+0500] {processor.py:183} INFO - Processing /home/muhammadsami/Public/Projects/Airflow/DataPipelineswithApacheAirflow/.env/lib/python3.8/site-packages/airflow/example_dags/example_trigger_target_dag.py took 0.134 seconds
[2024-03-16T11:28:56.286+0500] {processor.py:161} INFO - Started process (PID=18885) to work on /home/muhammadsami/Public/Projects/Airflow/DataPipelineswithApacheAirflow/.env/lib/python3.8/site-packages/airflow/example_dags/example_trigger_target_dag.py
[2024-03-16T11:28:56.287+0500] {processor.py:830} INFO - Processing file /home/muhammadsami/Public/Projects/Airflow/DataPipelineswithApacheAirflow/.env/lib/python3.8/site-packages/airflow/example_dags/example_trigger_target_dag.py for tasks to queue
[2024-03-16T11:28:56.288+0500] {logging_mixin.py:188} INFO - [2024-03-16T11:28:56.288+0500] {dagbag.py:540} INFO - Filling up the DagBag from /home/muhammadsami/Public/Projects/Airflow/DataPipelineswithApacheAirflow/.env/lib/python3.8/site-packages/airflow/example_dags/example_trigger_target_dag.py
[2024-03-16T11:28:56.294+0500] {processor.py:840} INFO - DAG(s) 'example_trigger_target_dag' retrieved from /home/muhammadsami/Public/Projects/Airflow/DataPipelineswithApacheAirflow/.env/lib/python3.8/site-packages/airflow/example_dags/example_trigger_target_dag.py
[2024-03-16T11:28:56.307+0500] {logging_mixin.py:188} INFO - [2024-03-16T11:28:56.307+0500] {dag.py:3047} INFO - Sync 1 DAGs
[2024-03-16T11:28:56.317+0500] {logging_mixin.py:188} INFO - [2024-03-16T11:28:56.317+0500] {dag.py:3834} INFO - Setting next_dagrun for example_trigger_target_dag to None, run_after=None
[2024-03-16T11:28:56.420+0500] {processor.py:183} INFO - Processing /home/muhammadsami/Public/Projects/Airflow/DataPipelineswithApacheAirflow/.env/lib/python3.8/site-packages/airflow/example_dags/example_trigger_target_dag.py took 0.137 seconds
[2024-03-16T11:29:45.684+0500] {processor.py:161} INFO - Started process (PID=18940) to work on /home/muhammadsami/Public/Projects/Airflow/DataPipelineswithApacheAirflow/.env/lib/python3.8/site-packages/airflow/example_dags/example_trigger_target_dag.py
[2024-03-16T11:29:45.685+0500] {processor.py:830} INFO - Processing file /home/muhammadsami/Public/Projects/Airflow/DataPipelineswithApacheAirflow/.env/lib/python3.8/site-packages/airflow/example_dags/example_trigger_target_dag.py for tasks to queue
[2024-03-16T11:29:45.686+0500] {logging_mixin.py:188} INFO - [2024-03-16T11:29:45.686+0500] {dagbag.py:540} INFO - Filling up the DagBag from /home/muhammadsami/Public/Projects/Airflow/DataPipelineswithApacheAirflow/.env/lib/python3.8/site-packages/airflow/example_dags/example_trigger_target_dag.py
[2024-03-16T11:29:45.691+0500] {processor.py:840} INFO - DAG(s) 'example_trigger_target_dag' retrieved from /home/muhammadsami/Public/Projects/Airflow/DataPipelineswithApacheAirflow/.env/lib/python3.8/site-packages/airflow/example_dags/example_trigger_target_dag.py
[2024-03-16T11:29:45.703+0500] {logging_mixin.py:188} INFO - [2024-03-16T11:29:45.703+0500] {dag.py:3047} INFO - Sync 1 DAGs
[2024-03-16T11:29:45.713+0500] {logging_mixin.py:188} INFO - [2024-03-16T11:29:45.713+0500] {dag.py:3834} INFO - Setting next_dagrun for example_trigger_target_dag to None, run_after=None
[2024-03-16T11:29:45.819+0500] {processor.py:183} INFO - Processing /home/muhammadsami/Public/Projects/Airflow/DataPipelineswithApacheAirflow/.env/lib/python3.8/site-packages/airflow/example_dags/example_trigger_target_dag.py took 0.138 seconds
[2024-03-16T11:30:37.776+0500] {processor.py:161} INFO - Started process (PID=19003) to work on /home/muhammadsami/Public/Projects/Airflow/DataPipelineswithApacheAirflow/.env/lib/python3.8/site-packages/airflow/example_dags/example_trigger_target_dag.py
[2024-03-16T11:30:37.782+0500] {processor.py:830} INFO - Processing file /home/muhammadsami/Public/Projects/Airflow/DataPipelineswithApacheAirflow/.env/lib/python3.8/site-packages/airflow/example_dags/example_trigger_target_dag.py for tasks to queue
[2024-03-16T11:30:37.782+0500] {logging_mixin.py:188} INFO - [2024-03-16T11:30:37.782+0500] {dagbag.py:540} INFO - Filling up the DagBag from /home/muhammadsami/Public/Projects/Airflow/DataPipelineswithApacheAirflow/.env/lib/python3.8/site-packages/airflow/example_dags/example_trigger_target_dag.py
[2024-03-16T11:30:37.788+0500] {processor.py:840} INFO - DAG(s) 'example_trigger_target_dag' retrieved from /home/muhammadsami/Public/Projects/Airflow/DataPipelineswithApacheAirflow/.env/lib/python3.8/site-packages/airflow/example_dags/example_trigger_target_dag.py
[2024-03-16T11:30:37.801+0500] {logging_mixin.py:188} INFO - [2024-03-16T11:30:37.801+0500] {dag.py:3047} INFO - Sync 1 DAGs
[2024-03-16T11:30:37.811+0500] {logging_mixin.py:188} INFO - [2024-03-16T11:30:37.811+0500] {dag.py:3834} INFO - Setting next_dagrun for example_trigger_target_dag to None, run_after=None
[2024-03-16T11:30:37.900+0500] {processor.py:183} INFO - Processing /home/muhammadsami/Public/Projects/Airflow/DataPipelineswithApacheAirflow/.env/lib/python3.8/site-packages/airflow/example_dags/example_trigger_target_dag.py took 0.126 seconds
[2024-03-16T11:38:40.423+0500] {processor.py:161} INFO - Started process (PID=19464) to work on /home/muhammadsami/Public/Projects/Airflow/DataPipelineswithApacheAirflow/.env/lib/python3.8/site-packages/airflow/example_dags/example_trigger_target_dag.py
[2024-03-16T11:38:40.424+0500] {processor.py:830} INFO - Processing file /home/muhammadsami/Public/Projects/Airflow/DataPipelineswithApacheAirflow/.env/lib/python3.8/site-packages/airflow/example_dags/example_trigger_target_dag.py for tasks to queue
[2024-03-16T11:38:40.425+0500] {logging_mixin.py:188} INFO - [2024-03-16T11:38:40.425+0500] {dagbag.py:540} INFO - Filling up the DagBag from /home/muhammadsami/Public/Projects/Airflow/DataPipelineswithApacheAirflow/.env/lib/python3.8/site-packages/airflow/example_dags/example_trigger_target_dag.py
[2024-03-16T11:38:40.435+0500] {processor.py:840} INFO - DAG(s) 'example_trigger_target_dag' retrieved from /home/muhammadsami/Public/Projects/Airflow/DataPipelineswithApacheAirflow/.env/lib/python3.8/site-packages/airflow/example_dags/example_trigger_target_dag.py
[2024-03-16T11:38:40.456+0500] {logging_mixin.py:188} INFO - [2024-03-16T11:38:40.456+0500] {dag.py:3047} INFO - Sync 1 DAGs
[2024-03-16T11:38:40.468+0500] {logging_mixin.py:188} INFO - [2024-03-16T11:38:40.467+0500] {dag.py:3834} INFO - Setting next_dagrun for example_trigger_target_dag to None, run_after=None
[2024-03-16T11:38:40.560+0500] {processor.py:183} INFO - Processing /home/muhammadsami/Public/Projects/Airflow/DataPipelineswithApacheAirflow/.env/lib/python3.8/site-packages/airflow/example_dags/example_trigger_target_dag.py took 0.140 seconds
[2024-03-16T11:39:45.034+0500] {processor.py:161} INFO - Started process (PID=19812) to work on /home/muhammadsami/Public/Projects/Airflow/DataPipelineswithApacheAirflow/.env/lib/python3.8/site-packages/airflow/example_dags/example_trigger_target_dag.py
[2024-03-16T11:39:45.035+0500] {processor.py:830} INFO - Processing file /home/muhammadsami/Public/Projects/Airflow/DataPipelineswithApacheAirflow/.env/lib/python3.8/site-packages/airflow/example_dags/example_trigger_target_dag.py for tasks to queue
[2024-03-16T11:39:45.036+0500] {logging_mixin.py:188} INFO - [2024-03-16T11:39:45.036+0500] {dagbag.py:540} INFO - Filling up the DagBag from /home/muhammadsami/Public/Projects/Airflow/DataPipelineswithApacheAirflow/.env/lib/python3.8/site-packages/airflow/example_dags/example_trigger_target_dag.py
[2024-03-16T11:39:45.042+0500] {processor.py:840} INFO - DAG(s) 'example_trigger_target_dag' retrieved from /home/muhammadsami/Public/Projects/Airflow/DataPipelineswithApacheAirflow/.env/lib/python3.8/site-packages/airflow/example_dags/example_trigger_target_dag.py
[2024-03-16T11:39:45.055+0500] {logging_mixin.py:188} INFO - [2024-03-16T11:39:45.054+0500] {dag.py:3047} INFO - Sync 1 DAGs
[2024-03-16T11:39:45.065+0500] {logging_mixin.py:188} INFO - [2024-03-16T11:39:45.064+0500] {dag.py:3834} INFO - Setting next_dagrun for example_trigger_target_dag to None, run_after=None
[2024-03-16T11:39:45.157+0500] {processor.py:183} INFO - Processing /home/muhammadsami/Public/Projects/Airflow/DataPipelineswithApacheAirflow/.env/lib/python3.8/site-packages/airflow/example_dags/example_trigger_target_dag.py took 0.125 seconds
[2024-03-16T11:40:53.200+0500] {processor.py:161} INFO - Started process (PID=20014) to work on /home/muhammadsami/Public/Projects/Airflow/DataPipelineswithApacheAirflow/.env/lib/python3.8/site-packages/airflow/example_dags/example_trigger_target_dag.py
[2024-03-16T11:40:53.214+0500] {processor.py:830} INFO - Processing file /home/muhammadsami/Public/Projects/Airflow/DataPipelineswithApacheAirflow/.env/lib/python3.8/site-packages/airflow/example_dags/example_trigger_target_dag.py for tasks to queue
[2024-03-16T11:40:53.215+0500] {logging_mixin.py:188} INFO - [2024-03-16T11:40:53.214+0500] {dagbag.py:540} INFO - Filling up the DagBag from /home/muhammadsami/Public/Projects/Airflow/DataPipelineswithApacheAirflow/.env/lib/python3.8/site-packages/airflow/example_dags/example_trigger_target_dag.py
[2024-03-16T11:40:53.305+0500] {processor.py:840} INFO - DAG(s) 'example_trigger_target_dag' retrieved from /home/muhammadsami/Public/Projects/Airflow/DataPipelineswithApacheAirflow/.env/lib/python3.8/site-packages/airflow/example_dags/example_trigger_target_dag.py
[2024-03-16T11:40:53.314+0500] {logging_mixin.py:188} INFO - [2024-03-16T11:40:53.314+0500] {dag.py:3047} INFO - Sync 1 DAGs
[2024-03-16T11:40:53.322+0500] {logging_mixin.py:188} INFO - [2024-03-16T11:40:53.322+0500] {dag.py:3834} INFO - Setting next_dagrun for example_trigger_target_dag to None, run_after=None
[2024-03-16T11:40:53.409+0500] {processor.py:183} INFO - Processing /home/muhammadsami/Public/Projects/Airflow/DataPipelineswithApacheAirflow/.env/lib/python3.8/site-packages/airflow/example_dags/example_trigger_target_dag.py took 0.211 seconds
[2024-03-16T11:42:06.132+0500] {processor.py:161} INFO - Started process (PID=20230) to work on /home/muhammadsami/Public/Projects/Airflow/DataPipelineswithApacheAirflow/.env/lib/python3.8/site-packages/airflow/example_dags/example_trigger_target_dag.py
[2024-03-16T11:42:06.134+0500] {processor.py:830} INFO - Processing file /home/muhammadsami/Public/Projects/Airflow/DataPipelineswithApacheAirflow/.env/lib/python3.8/site-packages/airflow/example_dags/example_trigger_target_dag.py for tasks to queue
[2024-03-16T11:42:06.135+0500] {logging_mixin.py:188} INFO - [2024-03-16T11:42:06.135+0500] {dagbag.py:540} INFO - Filling up the DagBag from /home/muhammadsami/Public/Projects/Airflow/DataPipelineswithApacheAirflow/.env/lib/python3.8/site-packages/airflow/example_dags/example_trigger_target_dag.py
[2024-03-16T11:42:06.142+0500] {processor.py:840} INFO - DAG(s) 'example_trigger_target_dag' retrieved from /home/muhammadsami/Public/Projects/Airflow/DataPipelineswithApacheAirflow/.env/lib/python3.8/site-packages/airflow/example_dags/example_trigger_target_dag.py
[2024-03-16T11:42:06.164+0500] {logging_mixin.py:188} INFO - [2024-03-16T11:42:06.164+0500] {dag.py:3047} INFO - Sync 1 DAGs
[2024-03-16T11:42:06.178+0500] {logging_mixin.py:188} INFO - [2024-03-16T11:42:06.178+0500] {dag.py:3834} INFO - Setting next_dagrun for example_trigger_target_dag to None, run_after=None
[2024-03-16T11:42:06.284+0500] {processor.py:183} INFO - Processing /home/muhammadsami/Public/Projects/Airflow/DataPipelineswithApacheAirflow/.env/lib/python3.8/site-packages/airflow/example_dags/example_trigger_target_dag.py took 0.156 seconds
[2024-03-16T11:42:57.919+0500] {processor.py:161} INFO - Started process (PID=20290) to work on /home/muhammadsami/Public/Projects/Airflow/DataPipelineswithApacheAirflow/.env/lib/python3.8/site-packages/airflow/example_dags/example_trigger_target_dag.py
[2024-03-16T11:42:57.921+0500] {processor.py:830} INFO - Processing file /home/muhammadsami/Public/Projects/Airflow/DataPipelineswithApacheAirflow/.env/lib/python3.8/site-packages/airflow/example_dags/example_trigger_target_dag.py for tasks to queue
[2024-03-16T11:42:57.922+0500] {logging_mixin.py:188} INFO - [2024-03-16T11:42:57.921+0500] {dagbag.py:540} INFO - Filling up the DagBag from /home/muhammadsami/Public/Projects/Airflow/DataPipelineswithApacheAirflow/.env/lib/python3.8/site-packages/airflow/example_dags/example_trigger_target_dag.py
[2024-03-16T11:42:57.928+0500] {processor.py:840} INFO - DAG(s) 'example_trigger_target_dag' retrieved from /home/muhammadsami/Public/Projects/Airflow/DataPipelineswithApacheAirflow/.env/lib/python3.8/site-packages/airflow/example_dags/example_trigger_target_dag.py
[2024-03-16T11:42:57.942+0500] {logging_mixin.py:188} INFO - [2024-03-16T11:42:57.942+0500] {dag.py:3047} INFO - Sync 1 DAGs
[2024-03-16T11:42:57.953+0500] {logging_mixin.py:188} INFO - [2024-03-16T11:42:57.952+0500] {dag.py:3834} INFO - Setting next_dagrun for example_trigger_target_dag to None, run_after=None
[2024-03-16T11:42:58.049+0500] {processor.py:183} INFO - Processing /home/muhammadsami/Public/Projects/Airflow/DataPipelineswithApacheAirflow/.env/lib/python3.8/site-packages/airflow/example_dags/example_trigger_target_dag.py took 0.133 seconds
[2024-03-16T11:43:44.097+0500] {processor.py:161} INFO - Started process (PID=20364) to work on /home/muhammadsami/Public/Projects/Airflow/DataPipelineswithApacheAirflow/.env/lib/python3.8/site-packages/airflow/example_dags/example_trigger_target_dag.py
[2024-03-16T11:43:44.098+0500] {processor.py:830} INFO - Processing file /home/muhammadsami/Public/Projects/Airflow/DataPipelineswithApacheAirflow/.env/lib/python3.8/site-packages/airflow/example_dags/example_trigger_target_dag.py for tasks to queue
[2024-03-16T11:43:44.099+0500] {logging_mixin.py:188} INFO - [2024-03-16T11:43:44.099+0500] {dagbag.py:540} INFO - Filling up the DagBag from /home/muhammadsami/Public/Projects/Airflow/DataPipelineswithApacheAirflow/.env/lib/python3.8/site-packages/airflow/example_dags/example_trigger_target_dag.py
[2024-03-16T11:43:44.105+0500] {processor.py:840} INFO - DAG(s) 'example_trigger_target_dag' retrieved from /home/muhammadsami/Public/Projects/Airflow/DataPipelineswithApacheAirflow/.env/lib/python3.8/site-packages/airflow/example_dags/example_trigger_target_dag.py
[2024-03-16T11:43:44.118+0500] {logging_mixin.py:188} INFO - [2024-03-16T11:43:44.118+0500] {dag.py:3047} INFO - Sync 1 DAGs
[2024-03-16T11:43:44.128+0500] {logging_mixin.py:188} INFO - [2024-03-16T11:43:44.128+0500] {dag.py:3834} INFO - Setting next_dagrun for example_trigger_target_dag to None, run_after=None
[2024-03-16T11:43:44.231+0500] {processor.py:183} INFO - Processing /home/muhammadsami/Public/Projects/Airflow/DataPipelineswithApacheAirflow/.env/lib/python3.8/site-packages/airflow/example_dags/example_trigger_target_dag.py took 0.137 seconds
[2024-03-16T11:44:34.117+0500] {processor.py:161} INFO - Started process (PID=20449) to work on /home/muhammadsami/Public/Projects/Airflow/DataPipelineswithApacheAirflow/.env/lib/python3.8/site-packages/airflow/example_dags/example_trigger_target_dag.py
[2024-03-16T11:44:34.126+0500] {processor.py:830} INFO - Processing file /home/muhammadsami/Public/Projects/Airflow/DataPipelineswithApacheAirflow/.env/lib/python3.8/site-packages/airflow/example_dags/example_trigger_target_dag.py for tasks to queue
[2024-03-16T11:44:34.127+0500] {logging_mixin.py:188} INFO - [2024-03-16T11:44:34.126+0500] {dagbag.py:540} INFO - Filling up the DagBag from /home/muhammadsami/Public/Projects/Airflow/DataPipelineswithApacheAirflow/.env/lib/python3.8/site-packages/airflow/example_dags/example_trigger_target_dag.py
[2024-03-16T11:44:34.132+0500] {processor.py:840} INFO - DAG(s) 'example_trigger_target_dag' retrieved from /home/muhammadsami/Public/Projects/Airflow/DataPipelineswithApacheAirflow/.env/lib/python3.8/site-packages/airflow/example_dags/example_trigger_target_dag.py
[2024-03-16T11:44:34.144+0500] {logging_mixin.py:188} INFO - [2024-03-16T11:44:34.144+0500] {dag.py:3047} INFO - Sync 1 DAGs
[2024-03-16T11:44:34.153+0500] {logging_mixin.py:188} INFO - [2024-03-16T11:44:34.153+0500] {dag.py:3834} INFO - Setting next_dagrun for example_trigger_target_dag to None, run_after=None
[2024-03-16T11:44:34.511+0500] {processor.py:183} INFO - Processing /home/muhammadsami/Public/Projects/Airflow/DataPipelineswithApacheAirflow/.env/lib/python3.8/site-packages/airflow/example_dags/example_trigger_target_dag.py took 0.396 seconds
[2024-03-16T11:45:38.951+0500] {processor.py:161} INFO - Started process (PID=20826) to work on /home/muhammadsami/Public/Projects/Airflow/DataPipelineswithApacheAirflow/.env/lib/python3.8/site-packages/airflow/example_dags/example_trigger_target_dag.py
[2024-03-16T11:45:38.994+0500] {processor.py:830} INFO - Processing file /home/muhammadsami/Public/Projects/Airflow/DataPipelineswithApacheAirflow/.env/lib/python3.8/site-packages/airflow/example_dags/example_trigger_target_dag.py for tasks to queue
[2024-03-16T11:45:38.995+0500] {logging_mixin.py:188} INFO - [2024-03-16T11:45:38.994+0500] {dagbag.py:540} INFO - Filling up the DagBag from /home/muhammadsami/Public/Projects/Airflow/DataPipelineswithApacheAirflow/.env/lib/python3.8/site-packages/airflow/example_dags/example_trigger_target_dag.py
[2024-03-16T11:45:39.000+0500] {processor.py:840} INFO - DAG(s) 'example_trigger_target_dag' retrieved from /home/muhammadsami/Public/Projects/Airflow/DataPipelineswithApacheAirflow/.env/lib/python3.8/site-packages/airflow/example_dags/example_trigger_target_dag.py
[2024-03-16T11:45:39.013+0500] {logging_mixin.py:188} INFO - [2024-03-16T11:45:39.013+0500] {dag.py:3047} INFO - Sync 1 DAGs
[2024-03-16T11:45:39.023+0500] {logging_mixin.py:188} INFO - [2024-03-16T11:45:39.023+0500] {dag.py:3834} INFO - Setting next_dagrun for example_trigger_target_dag to None, run_after=None
[2024-03-16T11:45:39.117+0500] {processor.py:183} INFO - Processing /home/muhammadsami/Public/Projects/Airflow/DataPipelineswithApacheAirflow/.env/lib/python3.8/site-packages/airflow/example_dags/example_trigger_target_dag.py took 0.168 seconds
[2024-03-16T11:46:35.342+0500] {processor.py:161} INFO - Started process (PID=20886) to work on /home/muhammadsami/Public/Projects/Airflow/DataPipelineswithApacheAirflow/.env/lib/python3.8/site-packages/airflow/example_dags/example_trigger_target_dag.py
[2024-03-16T11:46:35.349+0500] {processor.py:830} INFO - Processing file /home/muhammadsami/Public/Projects/Airflow/DataPipelineswithApacheAirflow/.env/lib/python3.8/site-packages/airflow/example_dags/example_trigger_target_dag.py for tasks to queue
[2024-03-16T11:46:35.350+0500] {logging_mixin.py:188} INFO - [2024-03-16T11:46:35.350+0500] {dagbag.py:540} INFO - Filling up the DagBag from /home/muhammadsami/Public/Projects/Airflow/DataPipelineswithApacheAirflow/.env/lib/python3.8/site-packages/airflow/example_dags/example_trigger_target_dag.py
[2024-03-16T11:46:35.355+0500] {processor.py:840} INFO - DAG(s) 'example_trigger_target_dag' retrieved from /home/muhammadsami/Public/Projects/Airflow/DataPipelineswithApacheAirflow/.env/lib/python3.8/site-packages/airflow/example_dags/example_trigger_target_dag.py
[2024-03-16T11:46:35.367+0500] {logging_mixin.py:188} INFO - [2024-03-16T11:46:35.367+0500] {dag.py:3047} INFO - Sync 1 DAGs
[2024-03-16T11:46:35.377+0500] {logging_mixin.py:188} INFO - [2024-03-16T11:46:35.376+0500] {dag.py:3834} INFO - Setting next_dagrun for example_trigger_target_dag to None, run_after=None
[2024-03-16T11:46:35.464+0500] {processor.py:183} INFO - Processing /home/muhammadsami/Public/Projects/Airflow/DataPipelineswithApacheAirflow/.env/lib/python3.8/site-packages/airflow/example_dags/example_trigger_target_dag.py took 0.126 seconds
[2024-03-16T11:47:24.771+0500] {processor.py:161} INFO - Started process (PID=20964) to work on /home/muhammadsami/Public/Projects/Airflow/DataPipelineswithApacheAirflow/.env/lib/python3.8/site-packages/airflow/example_dags/example_trigger_target_dag.py
[2024-03-16T11:47:24.773+0500] {processor.py:830} INFO - Processing file /home/muhammadsami/Public/Projects/Airflow/DataPipelineswithApacheAirflow/.env/lib/python3.8/site-packages/airflow/example_dags/example_trigger_target_dag.py for tasks to queue
[2024-03-16T11:47:24.774+0500] {logging_mixin.py:188} INFO - [2024-03-16T11:47:24.773+0500] {dagbag.py:540} INFO - Filling up the DagBag from /home/muhammadsami/Public/Projects/Airflow/DataPipelineswithApacheAirflow/.env/lib/python3.8/site-packages/airflow/example_dags/example_trigger_target_dag.py
[2024-03-16T11:47:24.779+0500] {processor.py:840} INFO - DAG(s) 'example_trigger_target_dag' retrieved from /home/muhammadsami/Public/Projects/Airflow/DataPipelineswithApacheAirflow/.env/lib/python3.8/site-packages/airflow/example_dags/example_trigger_target_dag.py
[2024-03-16T11:47:24.794+0500] {logging_mixin.py:188} INFO - [2024-03-16T11:47:24.794+0500] {dag.py:3047} INFO - Sync 1 DAGs
[2024-03-16T11:47:24.810+0500] {logging_mixin.py:188} INFO - [2024-03-16T11:47:24.810+0500] {dag.py:3834} INFO - Setting next_dagrun for example_trigger_target_dag to None, run_after=None
[2024-03-16T11:47:24.911+0500] {processor.py:183} INFO - Processing /home/muhammadsami/Public/Projects/Airflow/DataPipelineswithApacheAirflow/.env/lib/python3.8/site-packages/airflow/example_dags/example_trigger_target_dag.py took 0.142 seconds
[2024-03-16T11:48:15.040+0500] {processor.py:161} INFO - Started process (PID=21013) to work on /home/muhammadsami/Public/Projects/Airflow/DataPipelineswithApacheAirflow/.env/lib/python3.8/site-packages/airflow/example_dags/example_trigger_target_dag.py
[2024-03-16T11:48:15.048+0500] {processor.py:830} INFO - Processing file /home/muhammadsami/Public/Projects/Airflow/DataPipelineswithApacheAirflow/.env/lib/python3.8/site-packages/airflow/example_dags/example_trigger_target_dag.py for tasks to queue
[2024-03-16T11:48:15.049+0500] {logging_mixin.py:188} INFO - [2024-03-16T11:48:15.048+0500] {dagbag.py:540} INFO - Filling up the DagBag from /home/muhammadsami/Public/Projects/Airflow/DataPipelineswithApacheAirflow/.env/lib/python3.8/site-packages/airflow/example_dags/example_trigger_target_dag.py
[2024-03-16T11:48:15.056+0500] {processor.py:840} INFO - DAG(s) 'example_trigger_target_dag' retrieved from /home/muhammadsami/Public/Projects/Airflow/DataPipelineswithApacheAirflow/.env/lib/python3.8/site-packages/airflow/example_dags/example_trigger_target_dag.py
[2024-03-16T11:48:15.072+0500] {logging_mixin.py:188} INFO - [2024-03-16T11:48:15.071+0500] {dag.py:3047} INFO - Sync 1 DAGs
[2024-03-16T11:48:15.082+0500] {logging_mixin.py:188} INFO - [2024-03-16T11:48:15.082+0500] {dag.py:3834} INFO - Setting next_dagrun for example_trigger_target_dag to None, run_after=None
[2024-03-16T11:48:15.176+0500] {processor.py:183} INFO - Processing /home/muhammadsami/Public/Projects/Airflow/DataPipelineswithApacheAirflow/.env/lib/python3.8/site-packages/airflow/example_dags/example_trigger_target_dag.py took 0.139 seconds
[2024-03-16T11:49:01.092+0500] {processor.py:161} INFO - Started process (PID=21085) to work on /home/muhammadsami/Public/Projects/Airflow/DataPipelineswithApacheAirflow/.env/lib/python3.8/site-packages/airflow/example_dags/example_trigger_target_dag.py
[2024-03-16T11:49:01.093+0500] {processor.py:830} INFO - Processing file /home/muhammadsami/Public/Projects/Airflow/DataPipelineswithApacheAirflow/.env/lib/python3.8/site-packages/airflow/example_dags/example_trigger_target_dag.py for tasks to queue
[2024-03-16T11:49:01.094+0500] {logging_mixin.py:188} INFO - [2024-03-16T11:49:01.093+0500] {dagbag.py:540} INFO - Filling up the DagBag from /home/muhammadsami/Public/Projects/Airflow/DataPipelineswithApacheAirflow/.env/lib/python3.8/site-packages/airflow/example_dags/example_trigger_target_dag.py
[2024-03-16T11:49:01.099+0500] {processor.py:840} INFO - DAG(s) 'example_trigger_target_dag' retrieved from /home/muhammadsami/Public/Projects/Airflow/DataPipelineswithApacheAirflow/.env/lib/python3.8/site-packages/airflow/example_dags/example_trigger_target_dag.py
[2024-03-16T11:49:01.112+0500] {logging_mixin.py:188} INFO - [2024-03-16T11:49:01.111+0500] {dag.py:3047} INFO - Sync 1 DAGs
[2024-03-16T11:49:01.121+0500] {logging_mixin.py:188} INFO - [2024-03-16T11:49:01.121+0500] {dag.py:3834} INFO - Setting next_dagrun for example_trigger_target_dag to None, run_after=None
[2024-03-16T11:49:01.217+0500] {processor.py:183} INFO - Processing /home/muhammadsami/Public/Projects/Airflow/DataPipelineswithApacheAirflow/.env/lib/python3.8/site-packages/airflow/example_dags/example_trigger_target_dag.py took 0.128 seconds
[2024-03-16T11:49:50.636+0500] {processor.py:161} INFO - Started process (PID=21131) to work on /home/muhammadsami/Public/Projects/Airflow/DataPipelineswithApacheAirflow/.env/lib/python3.8/site-packages/airflow/example_dags/example_trigger_target_dag.py
[2024-03-16T11:49:50.652+0500] {processor.py:830} INFO - Processing file /home/muhammadsami/Public/Projects/Airflow/DataPipelineswithApacheAirflow/.env/lib/python3.8/site-packages/airflow/example_dags/example_trigger_target_dag.py for tasks to queue
[2024-03-16T11:49:50.653+0500] {logging_mixin.py:188} INFO - [2024-03-16T11:49:50.653+0500] {dagbag.py:540} INFO - Filling up the DagBag from /home/muhammadsami/Public/Projects/Airflow/DataPipelineswithApacheAirflow/.env/lib/python3.8/site-packages/airflow/example_dags/example_trigger_target_dag.py
[2024-03-16T11:49:50.658+0500] {processor.py:840} INFO - DAG(s) 'example_trigger_target_dag' retrieved from /home/muhammadsami/Public/Projects/Airflow/DataPipelineswithApacheAirflow/.env/lib/python3.8/site-packages/airflow/example_dags/example_trigger_target_dag.py
[2024-03-16T11:49:50.670+0500] {logging_mixin.py:188} INFO - [2024-03-16T11:49:50.670+0500] {dag.py:3047} INFO - Sync 1 DAGs
[2024-03-16T11:49:50.680+0500] {logging_mixin.py:188} INFO - [2024-03-16T11:49:50.680+0500] {dag.py:3834} INFO - Setting next_dagrun for example_trigger_target_dag to None, run_after=None
[2024-03-16T11:49:50.773+0500] {processor.py:183} INFO - Processing /home/muhammadsami/Public/Projects/Airflow/DataPipelineswithApacheAirflow/.env/lib/python3.8/site-packages/airflow/example_dags/example_trigger_target_dag.py took 0.139 seconds
[2024-03-16T11:50:40.470+0500] {processor.py:161} INFO - Started process (PID=21181) to work on /home/muhammadsami/Public/Projects/Airflow/DataPipelineswithApacheAirflow/.env/lib/python3.8/site-packages/airflow/example_dags/example_trigger_target_dag.py
[2024-03-16T11:50:40.485+0500] {processor.py:830} INFO - Processing file /home/muhammadsami/Public/Projects/Airflow/DataPipelineswithApacheAirflow/.env/lib/python3.8/site-packages/airflow/example_dags/example_trigger_target_dag.py for tasks to queue
[2024-03-16T11:50:40.486+0500] {logging_mixin.py:188} INFO - [2024-03-16T11:50:40.486+0500] {dagbag.py:540} INFO - Filling up the DagBag from /home/muhammadsami/Public/Projects/Airflow/DataPipelineswithApacheAirflow/.env/lib/python3.8/site-packages/airflow/example_dags/example_trigger_target_dag.py
[2024-03-16T11:50:40.491+0500] {processor.py:840} INFO - DAG(s) 'example_trigger_target_dag' retrieved from /home/muhammadsami/Public/Projects/Airflow/DataPipelineswithApacheAirflow/.env/lib/python3.8/site-packages/airflow/example_dags/example_trigger_target_dag.py
[2024-03-16T11:50:40.504+0500] {logging_mixin.py:188} INFO - [2024-03-16T11:50:40.504+0500] {dag.py:3047} INFO - Sync 1 DAGs
[2024-03-16T11:50:40.514+0500] {logging_mixin.py:188} INFO - [2024-03-16T11:50:40.513+0500] {dag.py:3834} INFO - Setting next_dagrun for example_trigger_target_dag to None, run_after=None
[2024-03-16T11:50:40.603+0500] {processor.py:183} INFO - Processing /home/muhammadsami/Public/Projects/Airflow/DataPipelineswithApacheAirflow/.env/lib/python3.8/site-packages/airflow/example_dags/example_trigger_target_dag.py took 0.136 seconds
[2024-03-16T11:51:33.518+0500] {processor.py:161} INFO - Started process (PID=21310) to work on /home/muhammadsami/Public/Projects/Airflow/DataPipelineswithApacheAirflow/.env/lib/python3.8/site-packages/airflow/example_dags/example_trigger_target_dag.py
[2024-03-16T11:51:33.534+0500] {processor.py:830} INFO - Processing file /home/muhammadsami/Public/Projects/Airflow/DataPipelineswithApacheAirflow/.env/lib/python3.8/site-packages/airflow/example_dags/example_trigger_target_dag.py for tasks to queue
[2024-03-16T11:51:33.535+0500] {logging_mixin.py:188} INFO - [2024-03-16T11:51:33.535+0500] {dagbag.py:540} INFO - Filling up the DagBag from /home/muhammadsami/Public/Projects/Airflow/DataPipelineswithApacheAirflow/.env/lib/python3.8/site-packages/airflow/example_dags/example_trigger_target_dag.py
[2024-03-16T11:51:33.540+0500] {processor.py:840} INFO - DAG(s) 'example_trigger_target_dag' retrieved from /home/muhammadsami/Public/Projects/Airflow/DataPipelineswithApacheAirflow/.env/lib/python3.8/site-packages/airflow/example_dags/example_trigger_target_dag.py
[2024-03-16T11:51:33.554+0500] {logging_mixin.py:188} INFO - [2024-03-16T11:51:33.554+0500] {dag.py:3047} INFO - Sync 1 DAGs
[2024-03-16T11:51:33.569+0500] {logging_mixin.py:188} INFO - [2024-03-16T11:51:33.569+0500] {dag.py:3834} INFO - Setting next_dagrun for example_trigger_target_dag to None, run_after=None
[2024-03-16T11:51:33.729+0500] {processor.py:183} INFO - Processing /home/muhammadsami/Public/Projects/Airflow/DataPipelineswithApacheAirflow/.env/lib/python3.8/site-packages/airflow/example_dags/example_trigger_target_dag.py took 0.214 seconds
[2024-03-16T11:52:25.188+0500] {processor.py:161} INFO - Started process (PID=21476) to work on /home/muhammadsami/Public/Projects/Airflow/DataPipelineswithApacheAirflow/.env/lib/python3.8/site-packages/airflow/example_dags/example_trigger_target_dag.py
[2024-03-16T11:52:25.200+0500] {processor.py:830} INFO - Processing file /home/muhammadsami/Public/Projects/Airflow/DataPipelineswithApacheAirflow/.env/lib/python3.8/site-packages/airflow/example_dags/example_trigger_target_dag.py for tasks to queue
[2024-03-16T11:52:25.202+0500] {logging_mixin.py:188} INFO - [2024-03-16T11:52:25.201+0500] {dagbag.py:540} INFO - Filling up the DagBag from /home/muhammadsami/Public/Projects/Airflow/DataPipelineswithApacheAirflow/.env/lib/python3.8/site-packages/airflow/example_dags/example_trigger_target_dag.py
[2024-03-16T11:52:25.210+0500] {processor.py:840} INFO - DAG(s) 'example_trigger_target_dag' retrieved from /home/muhammadsami/Public/Projects/Airflow/DataPipelineswithApacheAirflow/.env/lib/python3.8/site-packages/airflow/example_dags/example_trigger_target_dag.py
[2024-03-16T11:52:25.231+0500] {logging_mixin.py:188} INFO - [2024-03-16T11:52:25.230+0500] {dag.py:3047} INFO - Sync 1 DAGs
[2024-03-16T11:52:25.248+0500] {logging_mixin.py:188} INFO - [2024-03-16T11:52:25.247+0500] {dag.py:3834} INFO - Setting next_dagrun for example_trigger_target_dag to None, run_after=None
[2024-03-16T11:52:25.357+0500] {processor.py:183} INFO - Processing /home/muhammadsami/Public/Projects/Airflow/DataPipelineswithApacheAirflow/.env/lib/python3.8/site-packages/airflow/example_dags/example_trigger_target_dag.py took 0.176 seconds
[2024-03-16T11:53:18.193+0500] {processor.py:161} INFO - Started process (PID=21533) to work on /home/muhammadsami/Public/Projects/Airflow/DataPipelineswithApacheAirflow/.env/lib/python3.8/site-packages/airflow/example_dags/example_trigger_target_dag.py
[2024-03-16T11:53:18.205+0500] {processor.py:830} INFO - Processing file /home/muhammadsami/Public/Projects/Airflow/DataPipelineswithApacheAirflow/.env/lib/python3.8/site-packages/airflow/example_dags/example_trigger_target_dag.py for tasks to queue
[2024-03-16T11:53:18.206+0500] {logging_mixin.py:188} INFO - [2024-03-16T11:53:18.206+0500] {dagbag.py:540} INFO - Filling up the DagBag from /home/muhammadsami/Public/Projects/Airflow/DataPipelineswithApacheAirflow/.env/lib/python3.8/site-packages/airflow/example_dags/example_trigger_target_dag.py
[2024-03-16T11:53:18.211+0500] {processor.py:840} INFO - DAG(s) 'example_trigger_target_dag' retrieved from /home/muhammadsami/Public/Projects/Airflow/DataPipelineswithApacheAirflow/.env/lib/python3.8/site-packages/airflow/example_dags/example_trigger_target_dag.py
[2024-03-16T11:53:18.223+0500] {logging_mixin.py:188} INFO - [2024-03-16T11:53:18.223+0500] {dag.py:3047} INFO - Sync 1 DAGs
[2024-03-16T11:53:18.235+0500] {logging_mixin.py:188} INFO - [2024-03-16T11:53:18.235+0500] {dag.py:3834} INFO - Setting next_dagrun for example_trigger_target_dag to None, run_after=None
[2024-03-16T11:53:18.356+0500] {processor.py:183} INFO - Processing /home/muhammadsami/Public/Projects/Airflow/DataPipelineswithApacheAirflow/.env/lib/python3.8/site-packages/airflow/example_dags/example_trigger_target_dag.py took 0.166 seconds
[2024-03-16T11:54:09.176+0500] {processor.py:161} INFO - Started process (PID=21654) to work on /home/muhammadsami/Public/Projects/Airflow/DataPipelineswithApacheAirflow/.env/lib/python3.8/site-packages/airflow/example_dags/example_trigger_target_dag.py
[2024-03-16T11:54:09.189+0500] {processor.py:830} INFO - Processing file /home/muhammadsami/Public/Projects/Airflow/DataPipelineswithApacheAirflow/.env/lib/python3.8/site-packages/airflow/example_dags/example_trigger_target_dag.py for tasks to queue
[2024-03-16T11:54:09.190+0500] {logging_mixin.py:188} INFO - [2024-03-16T11:54:09.189+0500] {dagbag.py:540} INFO - Filling up the DagBag from /home/muhammadsami/Public/Projects/Airflow/DataPipelineswithApacheAirflow/.env/lib/python3.8/site-packages/airflow/example_dags/example_trigger_target_dag.py
[2024-03-16T11:54:09.195+0500] {processor.py:840} INFO - DAG(s) 'example_trigger_target_dag' retrieved from /home/muhammadsami/Public/Projects/Airflow/DataPipelineswithApacheAirflow/.env/lib/python3.8/site-packages/airflow/example_dags/example_trigger_target_dag.py
[2024-03-16T11:54:09.207+0500] {logging_mixin.py:188} INFO - [2024-03-16T11:54:09.207+0500] {dag.py:3047} INFO - Sync 1 DAGs
[2024-03-16T11:54:09.217+0500] {logging_mixin.py:188} INFO - [2024-03-16T11:54:09.216+0500] {dag.py:3834} INFO - Setting next_dagrun for example_trigger_target_dag to None, run_after=None
[2024-03-16T11:54:09.320+0500] {processor.py:183} INFO - Processing /home/muhammadsami/Public/Projects/Airflow/DataPipelineswithApacheAirflow/.env/lib/python3.8/site-packages/airflow/example_dags/example_trigger_target_dag.py took 0.146 seconds
[2024-03-16T11:54:58.432+0500] {processor.py:161} INFO - Started process (PID=21808) to work on /home/muhammadsami/Public/Projects/Airflow/DataPipelineswithApacheAirflow/.env/lib/python3.8/site-packages/airflow/example_dags/example_trigger_target_dag.py
[2024-03-16T11:54:58.448+0500] {processor.py:830} INFO - Processing file /home/muhammadsami/Public/Projects/Airflow/DataPipelineswithApacheAirflow/.env/lib/python3.8/site-packages/airflow/example_dags/example_trigger_target_dag.py for tasks to queue
[2024-03-16T11:54:58.449+0500] {logging_mixin.py:188} INFO - [2024-03-16T11:54:58.448+0500] {dagbag.py:540} INFO - Filling up the DagBag from /home/muhammadsami/Public/Projects/Airflow/DataPipelineswithApacheAirflow/.env/lib/python3.8/site-packages/airflow/example_dags/example_trigger_target_dag.py
[2024-03-16T11:54:58.454+0500] {processor.py:840} INFO - DAG(s) 'example_trigger_target_dag' retrieved from /home/muhammadsami/Public/Projects/Airflow/DataPipelineswithApacheAirflow/.env/lib/python3.8/site-packages/airflow/example_dags/example_trigger_target_dag.py
[2024-03-16T11:54:58.469+0500] {logging_mixin.py:188} INFO - [2024-03-16T11:54:58.468+0500] {dag.py:3047} INFO - Sync 1 DAGs
[2024-03-16T11:54:58.481+0500] {logging_mixin.py:188} INFO - [2024-03-16T11:54:58.480+0500] {dag.py:3834} INFO - Setting next_dagrun for example_trigger_target_dag to None, run_after=None
[2024-03-16T11:54:58.570+0500] {processor.py:183} INFO - Processing /home/muhammadsami/Public/Projects/Airflow/DataPipelineswithApacheAirflow/.env/lib/python3.8/site-packages/airflow/example_dags/example_trigger_target_dag.py took 0.141 seconds
[2024-03-16T11:55:49.958+0500] {processor.py:161} INFO - Started process (PID=21909) to work on /home/muhammadsami/Public/Projects/Airflow/DataPipelineswithApacheAirflow/.env/lib/python3.8/site-packages/airflow/example_dags/example_trigger_target_dag.py
[2024-03-16T11:55:49.975+0500] {processor.py:830} INFO - Processing file /home/muhammadsami/Public/Projects/Airflow/DataPipelineswithApacheAirflow/.env/lib/python3.8/site-packages/airflow/example_dags/example_trigger_target_dag.py for tasks to queue
[2024-03-16T11:55:49.976+0500] {logging_mixin.py:188} INFO - [2024-03-16T11:55:49.975+0500] {dagbag.py:540} INFO - Filling up the DagBag from /home/muhammadsami/Public/Projects/Airflow/DataPipelineswithApacheAirflow/.env/lib/python3.8/site-packages/airflow/example_dags/example_trigger_target_dag.py
[2024-03-16T11:55:49.982+0500] {processor.py:840} INFO - DAG(s) 'example_trigger_target_dag' retrieved from /home/muhammadsami/Public/Projects/Airflow/DataPipelineswithApacheAirflow/.env/lib/python3.8/site-packages/airflow/example_dags/example_trigger_target_dag.py
[2024-03-16T11:55:49.995+0500] {logging_mixin.py:188} INFO - [2024-03-16T11:55:49.995+0500] {dag.py:3047} INFO - Sync 1 DAGs
[2024-03-16T11:55:50.006+0500] {logging_mixin.py:188} INFO - [2024-03-16T11:55:50.005+0500] {dag.py:3834} INFO - Setting next_dagrun for example_trigger_target_dag to None, run_after=None
[2024-03-16T11:55:50.099+0500] {processor.py:183} INFO - Processing /home/muhammadsami/Public/Projects/Airflow/DataPipelineswithApacheAirflow/.env/lib/python3.8/site-packages/airflow/example_dags/example_trigger_target_dag.py took 0.146 seconds
[2024-03-16T11:56:39.931+0500] {processor.py:161} INFO - Started process (PID=21959) to work on /home/muhammadsami/Public/Projects/Airflow/DataPipelineswithApacheAirflow/.env/lib/python3.8/site-packages/airflow/example_dags/example_trigger_target_dag.py
[2024-03-16T11:56:39.944+0500] {processor.py:830} INFO - Processing file /home/muhammadsami/Public/Projects/Airflow/DataPipelineswithApacheAirflow/.env/lib/python3.8/site-packages/airflow/example_dags/example_trigger_target_dag.py for tasks to queue
[2024-03-16T11:56:39.945+0500] {logging_mixin.py:188} INFO - [2024-03-16T11:56:39.945+0500] {dagbag.py:540} INFO - Filling up the DagBag from /home/muhammadsami/Public/Projects/Airflow/DataPipelineswithApacheAirflow/.env/lib/python3.8/site-packages/airflow/example_dags/example_trigger_target_dag.py
[2024-03-16T11:56:39.951+0500] {processor.py:840} INFO - DAG(s) 'example_trigger_target_dag' retrieved from /home/muhammadsami/Public/Projects/Airflow/DataPipelineswithApacheAirflow/.env/lib/python3.8/site-packages/airflow/example_dags/example_trigger_target_dag.py
[2024-03-16T11:56:39.967+0500] {logging_mixin.py:188} INFO - [2024-03-16T11:56:39.966+0500] {dag.py:3047} INFO - Sync 1 DAGs
[2024-03-16T11:56:39.977+0500] {logging_mixin.py:188} INFO - [2024-03-16T11:56:39.976+0500] {dag.py:3834} INFO - Setting next_dagrun for example_trigger_target_dag to None, run_after=None
[2024-03-16T11:56:40.073+0500] {processor.py:183} INFO - Processing /home/muhammadsami/Public/Projects/Airflow/DataPipelineswithApacheAirflow/.env/lib/python3.8/site-packages/airflow/example_dags/example_trigger_target_dag.py took 0.144 seconds
[2024-03-16T11:57:32.187+0500] {processor.py:161} INFO - Started process (PID=22012) to work on /home/muhammadsami/Public/Projects/Airflow/DataPipelineswithApacheAirflow/.env/lib/python3.8/site-packages/airflow/example_dags/example_trigger_target_dag.py
[2024-03-16T11:57:32.189+0500] {processor.py:830} INFO - Processing file /home/muhammadsami/Public/Projects/Airflow/DataPipelineswithApacheAirflow/.env/lib/python3.8/site-packages/airflow/example_dags/example_trigger_target_dag.py for tasks to queue
[2024-03-16T11:57:32.190+0500] {logging_mixin.py:188} INFO - [2024-03-16T11:57:32.189+0500] {dagbag.py:540} INFO - Filling up the DagBag from /home/muhammadsami/Public/Projects/Airflow/DataPipelineswithApacheAirflow/.env/lib/python3.8/site-packages/airflow/example_dags/example_trigger_target_dag.py
[2024-03-16T11:57:32.196+0500] {processor.py:840} INFO - DAG(s) 'example_trigger_target_dag' retrieved from /home/muhammadsami/Public/Projects/Airflow/DataPipelineswithApacheAirflow/.env/lib/python3.8/site-packages/airflow/example_dags/example_trigger_target_dag.py
[2024-03-16T11:57:32.214+0500] {logging_mixin.py:188} INFO - [2024-03-16T11:57:32.213+0500] {dag.py:3047} INFO - Sync 1 DAGs
[2024-03-16T11:57:32.229+0500] {logging_mixin.py:188} INFO - [2024-03-16T11:57:32.228+0500] {dag.py:3834} INFO - Setting next_dagrun for example_trigger_target_dag to None, run_after=None
[2024-03-16T11:57:32.327+0500] {processor.py:183} INFO - Processing /home/muhammadsami/Public/Projects/Airflow/DataPipelineswithApacheAirflow/.env/lib/python3.8/site-packages/airflow/example_dags/example_trigger_target_dag.py took 0.142 seconds
[2024-03-16T11:58:24.931+0500] {processor.py:161} INFO - Started process (PID=22114) to work on /home/muhammadsami/Public/Projects/Airflow/DataPipelineswithApacheAirflow/.env/lib/python3.8/site-packages/airflow/example_dags/example_trigger_target_dag.py
[2024-03-16T11:58:24.942+0500] {processor.py:830} INFO - Processing file /home/muhammadsami/Public/Projects/Airflow/DataPipelineswithApacheAirflow/.env/lib/python3.8/site-packages/airflow/example_dags/example_trigger_target_dag.py for tasks to queue
[2024-03-16T11:58:24.943+0500] {logging_mixin.py:188} INFO - [2024-03-16T11:58:24.943+0500] {dagbag.py:540} INFO - Filling up the DagBag from /home/muhammadsami/Public/Projects/Airflow/DataPipelineswithApacheAirflow/.env/lib/python3.8/site-packages/airflow/example_dags/example_trigger_target_dag.py
[2024-03-16T11:58:24.948+0500] {processor.py:840} INFO - DAG(s) 'example_trigger_target_dag' retrieved from /home/muhammadsami/Public/Projects/Airflow/DataPipelineswithApacheAirflow/.env/lib/python3.8/site-packages/airflow/example_dags/example_trigger_target_dag.py
[2024-03-16T11:58:24.961+0500] {logging_mixin.py:188} INFO - [2024-03-16T11:58:24.960+0500] {dag.py:3047} INFO - Sync 1 DAGs
[2024-03-16T11:58:24.970+0500] {logging_mixin.py:188} INFO - [2024-03-16T11:58:24.970+0500] {dag.py:3834} INFO - Setting next_dagrun for example_trigger_target_dag to None, run_after=None
[2024-03-16T11:58:25.069+0500] {processor.py:183} INFO - Processing /home/muhammadsami/Public/Projects/Airflow/DataPipelineswithApacheAirflow/.env/lib/python3.8/site-packages/airflow/example_dags/example_trigger_target_dag.py took 0.140 seconds
[2024-03-16T11:59:12.337+0500] {processor.py:161} INFO - Started process (PID=22172) to work on /home/muhammadsami/Public/Projects/Airflow/DataPipelineswithApacheAirflow/.env/lib/python3.8/site-packages/airflow/example_dags/example_trigger_target_dag.py
[2024-03-16T11:59:12.339+0500] {processor.py:830} INFO - Processing file /home/muhammadsami/Public/Projects/Airflow/DataPipelineswithApacheAirflow/.env/lib/python3.8/site-packages/airflow/example_dags/example_trigger_target_dag.py for tasks to queue
[2024-03-16T11:59:12.340+0500] {logging_mixin.py:188} INFO - [2024-03-16T11:59:12.339+0500] {dagbag.py:540} INFO - Filling up the DagBag from /home/muhammadsami/Public/Projects/Airflow/DataPipelineswithApacheAirflow/.env/lib/python3.8/site-packages/airflow/example_dags/example_trigger_target_dag.py
[2024-03-16T11:59:12.347+0500] {processor.py:840} INFO - DAG(s) 'example_trigger_target_dag' retrieved from /home/muhammadsami/Public/Projects/Airflow/DataPipelineswithApacheAirflow/.env/lib/python3.8/site-packages/airflow/example_dags/example_trigger_target_dag.py
[2024-03-16T11:59:12.360+0500] {logging_mixin.py:188} INFO - [2024-03-16T11:59:12.359+0500] {dag.py:3047} INFO - Sync 1 DAGs
[2024-03-16T11:59:12.370+0500] {logging_mixin.py:188} INFO - [2024-03-16T11:59:12.369+0500] {dag.py:3834} INFO - Setting next_dagrun for example_trigger_target_dag to None, run_after=None
[2024-03-16T11:59:12.477+0500] {processor.py:183} INFO - Processing /home/muhammadsami/Public/Projects/Airflow/DataPipelineswithApacheAirflow/.env/lib/python3.8/site-packages/airflow/example_dags/example_trigger_target_dag.py took 0.142 seconds
[2024-03-16T12:00:04.696+0500] {processor.py:161} INFO - Started process (PID=22308) to work on /home/muhammadsami/Public/Projects/Airflow/DataPipelineswithApacheAirflow/.env/lib/python3.8/site-packages/airflow/example_dags/example_trigger_target_dag.py
[2024-03-16T12:00:04.708+0500] {processor.py:830} INFO - Processing file /home/muhammadsami/Public/Projects/Airflow/DataPipelineswithApacheAirflow/.env/lib/python3.8/site-packages/airflow/example_dags/example_trigger_target_dag.py for tasks to queue
[2024-03-16T12:00:04.709+0500] {logging_mixin.py:188} INFO - [2024-03-16T12:00:04.709+0500] {dagbag.py:540} INFO - Filling up the DagBag from /home/muhammadsami/Public/Projects/Airflow/DataPipelineswithApacheAirflow/.env/lib/python3.8/site-packages/airflow/example_dags/example_trigger_target_dag.py
[2024-03-16T12:00:04.714+0500] {processor.py:840} INFO - DAG(s) 'example_trigger_target_dag' retrieved from /home/muhammadsami/Public/Projects/Airflow/DataPipelineswithApacheAirflow/.env/lib/python3.8/site-packages/airflow/example_dags/example_trigger_target_dag.py
[2024-03-16T12:00:04.726+0500] {logging_mixin.py:188} INFO - [2024-03-16T12:00:04.726+0500] {dag.py:3047} INFO - Sync 1 DAGs
[2024-03-16T12:00:04.736+0500] {logging_mixin.py:188} INFO - [2024-03-16T12:00:04.736+0500] {dag.py:3834} INFO - Setting next_dagrun for example_trigger_target_dag to None, run_after=None
[2024-03-16T12:00:04.826+0500] {processor.py:183} INFO - Processing /home/muhammadsami/Public/Projects/Airflow/DataPipelineswithApacheAirflow/.env/lib/python3.8/site-packages/airflow/example_dags/example_trigger_target_dag.py took 0.133 seconds
[2024-03-16T12:00:58.079+0500] {processor.py:161} INFO - Started process (PID=22361) to work on /home/muhammadsami/Public/Projects/Airflow/DataPipelineswithApacheAirflow/.env/lib/python3.8/site-packages/airflow/example_dags/example_trigger_target_dag.py
[2024-03-16T12:00:58.080+0500] {processor.py:830} INFO - Processing file /home/muhammadsami/Public/Projects/Airflow/DataPipelineswithApacheAirflow/.env/lib/python3.8/site-packages/airflow/example_dags/example_trigger_target_dag.py for tasks to queue
[2024-03-16T12:00:58.081+0500] {logging_mixin.py:188} INFO - [2024-03-16T12:00:58.081+0500] {dagbag.py:540} INFO - Filling up the DagBag from /home/muhammadsami/Public/Projects/Airflow/DataPipelineswithApacheAirflow/.env/lib/python3.8/site-packages/airflow/example_dags/example_trigger_target_dag.py
[2024-03-16T12:00:58.087+0500] {processor.py:840} INFO - DAG(s) 'example_trigger_target_dag' retrieved from /home/muhammadsami/Public/Projects/Airflow/DataPipelineswithApacheAirflow/.env/lib/python3.8/site-packages/airflow/example_dags/example_trigger_target_dag.py
[2024-03-16T12:00:58.100+0500] {logging_mixin.py:188} INFO - [2024-03-16T12:00:58.099+0500] {dag.py:3047} INFO - Sync 1 DAGs
[2024-03-16T12:00:58.109+0500] {logging_mixin.py:188} INFO - [2024-03-16T12:00:58.109+0500] {dag.py:3834} INFO - Setting next_dagrun for example_trigger_target_dag to None, run_after=None
[2024-03-16T12:00:58.207+0500] {processor.py:183} INFO - Processing /home/muhammadsami/Public/Projects/Airflow/DataPipelineswithApacheAirflow/.env/lib/python3.8/site-packages/airflow/example_dags/example_trigger_target_dag.py took 0.130 seconds
