[2024-03-16T11:23:34.686+0500] {processor.py:161} INFO - Started process (PID=18429) to work on /home/muhammadsami/Public/Projects/Airflow/DataPipelineswithApacheAirflow/.env/lib/python3.8/site-packages/airflow/example_dags/example_complex.py
[2024-03-16T11:23:34.688+0500] {processor.py:830} INFO - Processing file /home/muhammadsami/Public/Projects/Airflow/DataPipelineswithApacheAirflow/.env/lib/python3.8/site-packages/airflow/example_dags/example_complex.py for tasks to queue
[2024-03-16T11:23:34.689+0500] {logging_mixin.py:188} INFO - [2024-03-16T11:23:34.688+0500] {dagbag.py:540} INFO - Filling up the DagBag from /home/muhammadsami/Public/Projects/Airflow/DataPipelineswithApacheAirflow/.env/lib/python3.8/site-packages/airflow/example_dags/example_complex.py
[2024-03-16T11:23:34.699+0500] {processor.py:840} INFO - DAG(s) 'example_complex' retrieved from /home/muhammadsami/Public/Projects/Airflow/DataPipelineswithApacheAirflow/.env/lib/python3.8/site-packages/airflow/example_dags/example_complex.py
[2024-03-16T11:23:35.197+0500] {logging_mixin.py:188} INFO - [2024-03-16T11:23:35.197+0500] {override.py:1769} INFO - Created Permission View: can edit on DAG:example_complex
[2024-03-16T11:23:35.321+0500] {logging_mixin.py:188} INFO - [2024-03-16T11:23:35.321+0500] {override.py:1769} INFO - Created Permission View: can delete on DAG:example_complex
[2024-03-16T11:23:35.428+0500] {logging_mixin.py:188} INFO - [2024-03-16T11:23:35.428+0500] {override.py:1769} INFO - Created Permission View: can read on DAG:example_complex
[2024-03-16T11:23:35.428+0500] {logging_mixin.py:188} INFO - [2024-03-16T11:23:35.428+0500] {dag.py:3047} INFO - Sync 1 DAGs
[2024-03-16T11:23:35.437+0500] {logging_mixin.py:188} INFO - [2024-03-16T11:23:35.437+0500] {dag.py:3069} INFO - Creating ORM DAG for example_complex
[2024-03-16T11:23:35.437+0500] {logging_mixin.py:188} INFO - [2024-03-16T11:23:35.437+0500] {dag.py:3834} INFO - Setting next_dagrun for example_complex to None, run_after=None
[2024-03-16T11:23:35.591+0500] {processor.py:183} INFO - Processing /home/muhammadsami/Public/Projects/Airflow/DataPipelineswithApacheAirflow/.env/lib/python3.8/site-packages/airflow/example_dags/example_complex.py took 0.908 seconds
[2024-03-16T11:24:42.479+0500] {processor.py:161} INFO - Started process (PID=18566) to work on /home/muhammadsami/Public/Projects/Airflow/DataPipelineswithApacheAirflow/.env/lib/python3.8/site-packages/airflow/example_dags/example_complex.py
[2024-03-16T11:24:42.482+0500] {processor.py:830} INFO - Processing file /home/muhammadsami/Public/Projects/Airflow/DataPipelineswithApacheAirflow/.env/lib/python3.8/site-packages/airflow/example_dags/example_complex.py for tasks to queue
[2024-03-16T11:24:42.484+0500] {logging_mixin.py:188} INFO - [2024-03-16T11:24:42.483+0500] {dagbag.py:540} INFO - Filling up the DagBag from /home/muhammadsami/Public/Projects/Airflow/DataPipelineswithApacheAirflow/.env/lib/python3.8/site-packages/airflow/example_dags/example_complex.py
[2024-03-16T11:24:42.604+0500] {processor.py:840} INFO - DAG(s) 'example_complex' retrieved from /home/muhammadsami/Public/Projects/Airflow/DataPipelineswithApacheAirflow/.env/lib/python3.8/site-packages/airflow/example_dags/example_complex.py
[2024-03-16T11:24:42.622+0500] {logging_mixin.py:188} INFO - [2024-03-16T11:24:42.622+0500] {dag.py:3047} INFO - Sync 1 DAGs
[2024-03-16T11:24:42.630+0500] {logging_mixin.py:188} INFO - [2024-03-16T11:24:42.630+0500] {dag.py:3834} INFO - Setting next_dagrun for example_complex to None, run_after=None
[2024-03-16T11:24:42.753+0500] {processor.py:183} INFO - Processing /home/muhammadsami/Public/Projects/Airflow/DataPipelineswithApacheAirflow/.env/lib/python3.8/site-packages/airflow/example_dags/example_complex.py took 0.276 seconds
[2024-03-16T11:25:58.598+0500] {processor.py:161} INFO - Started process (PID=18659) to work on /home/muhammadsami/Public/Projects/Airflow/DataPipelineswithApacheAirflow/.env/lib/python3.8/site-packages/airflow/example_dags/example_complex.py
[2024-03-16T11:25:58.600+0500] {processor.py:830} INFO - Processing file /home/muhammadsami/Public/Projects/Airflow/DataPipelineswithApacheAirflow/.env/lib/python3.8/site-packages/airflow/example_dags/example_complex.py for tasks to queue
[2024-03-16T11:25:58.601+0500] {logging_mixin.py:188} INFO - [2024-03-16T11:25:58.600+0500] {dagbag.py:540} INFO - Filling up the DagBag from /home/muhammadsami/Public/Projects/Airflow/DataPipelineswithApacheAirflow/.env/lib/python3.8/site-packages/airflow/example_dags/example_complex.py
[2024-03-16T11:25:58.612+0500] {processor.py:840} INFO - DAG(s) 'example_complex' retrieved from /home/muhammadsami/Public/Projects/Airflow/DataPipelineswithApacheAirflow/.env/lib/python3.8/site-packages/airflow/example_dags/example_complex.py
[2024-03-16T11:25:58.633+0500] {logging_mixin.py:188} INFO - [2024-03-16T11:25:58.632+0500] {dag.py:3047} INFO - Sync 1 DAGs
[2024-03-16T11:25:58.642+0500] {logging_mixin.py:188} INFO - [2024-03-16T11:25:58.642+0500] {dag.py:3834} INFO - Setting next_dagrun for example_complex to None, run_after=None
[2024-03-16T11:25:58.761+0500] {processor.py:183} INFO - Processing /home/muhammadsami/Public/Projects/Airflow/DataPipelineswithApacheAirflow/.env/lib/python3.8/site-packages/airflow/example_dags/example_complex.py took 0.166 seconds
[2024-03-16T11:27:16.446+0500] {processor.py:161} INFO - Started process (PID=18768) to work on /home/muhammadsami/Public/Projects/Airflow/DataPipelineswithApacheAirflow/.env/lib/python3.8/site-packages/airflow/example_dags/example_complex.py
[2024-03-16T11:27:16.447+0500] {processor.py:830} INFO - Processing file /home/muhammadsami/Public/Projects/Airflow/DataPipelineswithApacheAirflow/.env/lib/python3.8/site-packages/airflow/example_dags/example_complex.py for tasks to queue
[2024-03-16T11:27:16.447+0500] {logging_mixin.py:188} INFO - [2024-03-16T11:27:16.447+0500] {dagbag.py:540} INFO - Filling up the DagBag from /home/muhammadsami/Public/Projects/Airflow/DataPipelineswithApacheAirflow/.env/lib/python3.8/site-packages/airflow/example_dags/example_complex.py
[2024-03-16T11:27:16.457+0500] {processor.py:840} INFO - DAG(s) 'example_complex' retrieved from /home/muhammadsami/Public/Projects/Airflow/DataPipelineswithApacheAirflow/.env/lib/python3.8/site-packages/airflow/example_dags/example_complex.py
[2024-03-16T11:27:16.478+0500] {logging_mixin.py:188} INFO - [2024-03-16T11:27:16.478+0500] {dag.py:3047} INFO - Sync 1 DAGs
[2024-03-16T11:27:16.488+0500] {logging_mixin.py:188} INFO - [2024-03-16T11:27:16.487+0500] {dag.py:3834} INFO - Setting next_dagrun for example_complex to None, run_after=None
[2024-03-16T11:27:16.577+0500] {processor.py:183} INFO - Processing /home/muhammadsami/Public/Projects/Airflow/DataPipelineswithApacheAirflow/.env/lib/python3.8/site-packages/airflow/example_dags/example_complex.py took 0.134 seconds
[2024-03-16T11:28:25.186+0500] {processor.py:161} INFO - Started process (PID=18837) to work on /home/muhammadsami/Public/Projects/Airflow/DataPipelineswithApacheAirflow/.env/lib/python3.8/site-packages/airflow/example_dags/example_complex.py
[2024-03-16T11:28:25.187+0500] {processor.py:830} INFO - Processing file /home/muhammadsami/Public/Projects/Airflow/DataPipelineswithApacheAirflow/.env/lib/python3.8/site-packages/airflow/example_dags/example_complex.py for tasks to queue
[2024-03-16T11:28:25.188+0500] {logging_mixin.py:188} INFO - [2024-03-16T11:28:25.188+0500] {dagbag.py:540} INFO - Filling up the DagBag from /home/muhammadsami/Public/Projects/Airflow/DataPipelineswithApacheAirflow/.env/lib/python3.8/site-packages/airflow/example_dags/example_complex.py
[2024-03-16T11:28:25.201+0500] {processor.py:840} INFO - DAG(s) 'example_complex' retrieved from /home/muhammadsami/Public/Projects/Airflow/DataPipelineswithApacheAirflow/.env/lib/python3.8/site-packages/airflow/example_dags/example_complex.py
[2024-03-16T11:28:25.222+0500] {logging_mixin.py:188} INFO - [2024-03-16T11:28:25.222+0500] {dag.py:3047} INFO - Sync 1 DAGs
[2024-03-16T11:28:25.232+0500] {logging_mixin.py:188} INFO - [2024-03-16T11:28:25.232+0500] {dag.py:3834} INFO - Setting next_dagrun for example_complex to None, run_after=None
[2024-03-16T11:28:25.332+0500] {processor.py:183} INFO - Processing /home/muhammadsami/Public/Projects/Airflow/DataPipelineswithApacheAirflow/.env/lib/python3.8/site-packages/airflow/example_dags/example_complex.py took 0.149 seconds
[2024-03-16T11:29:39.831+0500] {processor.py:161} INFO - Started process (PID=18934) to work on /home/muhammadsami/Public/Projects/Airflow/DataPipelineswithApacheAirflow/.env/lib/python3.8/site-packages/airflow/example_dags/example_complex.py
[2024-03-16T11:29:39.848+0500] {processor.py:830} INFO - Processing file /home/muhammadsami/Public/Projects/Airflow/DataPipelineswithApacheAirflow/.env/lib/python3.8/site-packages/airflow/example_dags/example_complex.py for tasks to queue
[2024-03-16T11:29:39.850+0500] {logging_mixin.py:188} INFO - [2024-03-16T11:29:39.849+0500] {dagbag.py:540} INFO - Filling up the DagBag from /home/muhammadsami/Public/Projects/Airflow/DataPipelineswithApacheAirflow/.env/lib/python3.8/site-packages/airflow/example_dags/example_complex.py
[2024-03-16T11:29:39.862+0500] {processor.py:840} INFO - DAG(s) 'example_complex' retrieved from /home/muhammadsami/Public/Projects/Airflow/DataPipelineswithApacheAirflow/.env/lib/python3.8/site-packages/airflow/example_dags/example_complex.py
[2024-03-16T11:29:39.888+0500] {logging_mixin.py:188} INFO - [2024-03-16T11:29:39.887+0500] {dag.py:3047} INFO - Sync 1 DAGs
[2024-03-16T11:29:39.901+0500] {logging_mixin.py:188} INFO - [2024-03-16T11:29:39.900+0500] {dag.py:3834} INFO - Setting next_dagrun for example_complex to None, run_after=None
[2024-03-16T11:29:40.001+0500] {processor.py:183} INFO - Processing /home/muhammadsami/Public/Projects/Airflow/DataPipelineswithApacheAirflow/.env/lib/python3.8/site-packages/airflow/example_dags/example_complex.py took 0.173 seconds
[2024-03-16T11:39:25.374+0500] {processor.py:161} INFO - Started process (PID=19687) to work on /home/muhammadsami/Public/Projects/Airflow/DataPipelineswithApacheAirflow/.env/lib/python3.8/site-packages/airflow/example_dags/example_complex.py
[2024-03-16T11:39:25.398+0500] {processor.py:830} INFO - Processing file /home/muhammadsami/Public/Projects/Airflow/DataPipelineswithApacheAirflow/.env/lib/python3.8/site-packages/airflow/example_dags/example_complex.py for tasks to queue
[2024-03-16T11:39:25.399+0500] {logging_mixin.py:188} INFO - [2024-03-16T11:39:25.399+0500] {dagbag.py:540} INFO - Filling up the DagBag from /home/muhammadsami/Public/Projects/Airflow/DataPipelineswithApacheAirflow/.env/lib/python3.8/site-packages/airflow/example_dags/example_complex.py
[2024-03-16T11:39:25.408+0500] {processor.py:840} INFO - DAG(s) 'example_complex' retrieved from /home/muhammadsami/Public/Projects/Airflow/DataPipelineswithApacheAirflow/.env/lib/python3.8/site-packages/airflow/example_dags/example_complex.py
[2024-03-16T11:39:25.433+0500] {logging_mixin.py:188} INFO - [2024-03-16T11:39:25.433+0500] {dag.py:3047} INFO - Sync 1 DAGs
[2024-03-16T11:39:25.446+0500] {logging_mixin.py:188} INFO - [2024-03-16T11:39:25.446+0500] {dag.py:3834} INFO - Setting next_dagrun for example_complex to None, run_after=None
[2024-03-16T11:39:25.539+0500] {processor.py:183} INFO - Processing /home/muhammadsami/Public/Projects/Airflow/DataPipelineswithApacheAirflow/.env/lib/python3.8/site-packages/airflow/example_dags/example_complex.py took 0.167 seconds
[2024-03-16T11:40:33.319+0500] {processor.py:161} INFO - Started process (PID=19961) to work on /home/muhammadsami/Public/Projects/Airflow/DataPipelineswithApacheAirflow/.env/lib/python3.8/site-packages/airflow/example_dags/example_complex.py
[2024-03-16T11:40:33.337+0500] {processor.py:830} INFO - Processing file /home/muhammadsami/Public/Projects/Airflow/DataPipelineswithApacheAirflow/.env/lib/python3.8/site-packages/airflow/example_dags/example_complex.py for tasks to queue
[2024-03-16T11:40:33.338+0500] {logging_mixin.py:188} INFO - [2024-03-16T11:40:33.338+0500] {dagbag.py:540} INFO - Filling up the DagBag from /home/muhammadsami/Public/Projects/Airflow/DataPipelineswithApacheAirflow/.env/lib/python3.8/site-packages/airflow/example_dags/example_complex.py
[2024-03-16T11:40:33.347+0500] {processor.py:840} INFO - DAG(s) 'example_complex' retrieved from /home/muhammadsami/Public/Projects/Airflow/DataPipelineswithApacheAirflow/.env/lib/python3.8/site-packages/airflow/example_dags/example_complex.py
[2024-03-16T11:40:33.451+0500] {logging_mixin.py:188} INFO - [2024-03-16T11:40:33.451+0500] {dag.py:3047} INFO - Sync 1 DAGs
[2024-03-16T11:40:33.459+0500] {logging_mixin.py:188} INFO - [2024-03-16T11:40:33.459+0500] {dag.py:3834} INFO - Setting next_dagrun for example_complex to None, run_after=None
[2024-03-16T11:40:33.550+0500] {processor.py:183} INFO - Processing /home/muhammadsami/Public/Projects/Airflow/DataPipelineswithApacheAirflow/.env/lib/python3.8/site-packages/airflow/example_dags/example_complex.py took 0.234 seconds
[2024-03-16T11:41:51.158+0500] {processor.py:161} INFO - Started process (PID=20211) to work on /home/muhammadsami/Public/Projects/Airflow/DataPipelineswithApacheAirflow/.env/lib/python3.8/site-packages/airflow/example_dags/example_complex.py
[2024-03-16T11:41:51.176+0500] {processor.py:830} INFO - Processing file /home/muhammadsami/Public/Projects/Airflow/DataPipelineswithApacheAirflow/.env/lib/python3.8/site-packages/airflow/example_dags/example_complex.py for tasks to queue
[2024-03-16T11:41:51.177+0500] {logging_mixin.py:188} INFO - [2024-03-16T11:41:51.176+0500] {dagbag.py:540} INFO - Filling up the DagBag from /home/muhammadsami/Public/Projects/Airflow/DataPipelineswithApacheAirflow/.env/lib/python3.8/site-packages/airflow/example_dags/example_complex.py
[2024-03-16T11:41:51.186+0500] {processor.py:840} INFO - DAG(s) 'example_complex' retrieved from /home/muhammadsami/Public/Projects/Airflow/DataPipelineswithApacheAirflow/.env/lib/python3.8/site-packages/airflow/example_dags/example_complex.py
[2024-03-16T11:41:51.207+0500] {logging_mixin.py:188} INFO - [2024-03-16T11:41:51.207+0500] {dag.py:3047} INFO - Sync 1 DAGs
[2024-03-16T11:41:51.217+0500] {logging_mixin.py:188} INFO - [2024-03-16T11:41:51.217+0500] {dag.py:3834} INFO - Setting next_dagrun for example_complex to None, run_after=None
[2024-03-16T11:41:51.308+0500] {processor.py:183} INFO - Processing /home/muhammadsami/Public/Projects/Airflow/DataPipelineswithApacheAirflow/.env/lib/python3.8/site-packages/airflow/example_dags/example_complex.py took 0.153 seconds
[2024-03-16T11:43:06.406+0500] {processor.py:161} INFO - Started process (PID=20299) to work on /home/muhammadsami/Public/Projects/Airflow/DataPipelineswithApacheAirflow/.env/lib/python3.8/site-packages/airflow/example_dags/example_complex.py
[2024-03-16T11:43:06.417+0500] {processor.py:830} INFO - Processing file /home/muhammadsami/Public/Projects/Airflow/DataPipelineswithApacheAirflow/.env/lib/python3.8/site-packages/airflow/example_dags/example_complex.py for tasks to queue
[2024-03-16T11:43:06.418+0500] {logging_mixin.py:188} INFO - [2024-03-16T11:43:06.417+0500] {dagbag.py:540} INFO - Filling up the DagBag from /home/muhammadsami/Public/Projects/Airflow/DataPipelineswithApacheAirflow/.env/lib/python3.8/site-packages/airflow/example_dags/example_complex.py
[2024-03-16T11:43:06.427+0500] {processor.py:840} INFO - DAG(s) 'example_complex' retrieved from /home/muhammadsami/Public/Projects/Airflow/DataPipelineswithApacheAirflow/.env/lib/python3.8/site-packages/airflow/example_dags/example_complex.py
[2024-03-16T11:43:06.448+0500] {logging_mixin.py:188} INFO - [2024-03-16T11:43:06.448+0500] {dag.py:3047} INFO - Sync 1 DAGs
[2024-03-16T11:43:06.458+0500] {logging_mixin.py:188} INFO - [2024-03-16T11:43:06.458+0500] {dag.py:3834} INFO - Setting next_dagrun for example_complex to None, run_after=None
[2024-03-16T11:43:06.550+0500] {processor.py:183} INFO - Processing /home/muhammadsami/Public/Projects/Airflow/DataPipelineswithApacheAirflow/.env/lib/python3.8/site-packages/airflow/example_dags/example_complex.py took 0.147 seconds
[2024-03-16T11:44:18.854+0500] {processor.py:161} INFO - Started process (PID=20397) to work on /home/muhammadsami/Public/Projects/Airflow/DataPipelineswithApacheAirflow/.env/lib/python3.8/site-packages/airflow/example_dags/example_complex.py
[2024-03-16T11:44:18.861+0500] {processor.py:830} INFO - Processing file /home/muhammadsami/Public/Projects/Airflow/DataPipelineswithApacheAirflow/.env/lib/python3.8/site-packages/airflow/example_dags/example_complex.py for tasks to queue
[2024-03-16T11:44:18.862+0500] {logging_mixin.py:188} INFO - [2024-03-16T11:44:18.861+0500] {dagbag.py:540} INFO - Filling up the DagBag from /home/muhammadsami/Public/Projects/Airflow/DataPipelineswithApacheAirflow/.env/lib/python3.8/site-packages/airflow/example_dags/example_complex.py
[2024-03-16T11:44:18.871+0500] {processor.py:840} INFO - DAG(s) 'example_complex' retrieved from /home/muhammadsami/Public/Projects/Airflow/DataPipelineswithApacheAirflow/.env/lib/python3.8/site-packages/airflow/example_dags/example_complex.py
[2024-03-16T11:44:18.892+0500] {logging_mixin.py:188} INFO - [2024-03-16T11:44:18.892+0500] {dag.py:3047} INFO - Sync 1 DAGs
[2024-03-16T11:44:18.902+0500] {logging_mixin.py:188} INFO - [2024-03-16T11:44:18.902+0500] {dag.py:3834} INFO - Setting next_dagrun for example_complex to None, run_after=None
[2024-03-16T11:44:18.993+0500] {processor.py:183} INFO - Processing /home/muhammadsami/Public/Projects/Airflow/DataPipelineswithApacheAirflow/.env/lib/python3.8/site-packages/airflow/example_dags/example_complex.py took 0.142 seconds
[2024-03-16T11:45:58.478+0500] {processor.py:161} INFO - Started process (PID=20846) to work on /home/muhammadsami/Public/Projects/Airflow/DataPipelineswithApacheAirflow/.env/lib/python3.8/site-packages/airflow/example_dags/example_complex.py
[2024-03-16T11:45:58.479+0500] {processor.py:830} INFO - Processing file /home/muhammadsami/Public/Projects/Airflow/DataPipelineswithApacheAirflow/.env/lib/python3.8/site-packages/airflow/example_dags/example_complex.py for tasks to queue
[2024-03-16T11:45:58.480+0500] {logging_mixin.py:188} INFO - [2024-03-16T11:45:58.480+0500] {dagbag.py:540} INFO - Filling up the DagBag from /home/muhammadsami/Public/Projects/Airflow/DataPipelineswithApacheAirflow/.env/lib/python3.8/site-packages/airflow/example_dags/example_complex.py
[2024-03-16T11:45:58.490+0500] {processor.py:840} INFO - DAG(s) 'example_complex' retrieved from /home/muhammadsami/Public/Projects/Airflow/DataPipelineswithApacheAirflow/.env/lib/python3.8/site-packages/airflow/example_dags/example_complex.py
[2024-03-16T11:45:58.511+0500] {logging_mixin.py:188} INFO - [2024-03-16T11:45:58.511+0500] {dag.py:3047} INFO - Sync 1 DAGs
[2024-03-16T11:45:58.523+0500] {logging_mixin.py:188} INFO - [2024-03-16T11:45:58.523+0500] {dag.py:3834} INFO - Setting next_dagrun for example_complex to None, run_after=None
[2024-03-16T11:45:58.616+0500] {processor.py:183} INFO - Processing /home/muhammadsami/Public/Projects/Airflow/DataPipelineswithApacheAirflow/.env/lib/python3.8/site-packages/airflow/example_dags/example_complex.py took 0.141 seconds
[2024-03-16T11:47:15.893+0500] {processor.py:161} INFO - Started process (PID=20954) to work on /home/muhammadsami/Public/Projects/Airflow/DataPipelineswithApacheAirflow/.env/lib/python3.8/site-packages/airflow/example_dags/example_complex.py
[2024-03-16T11:47:15.907+0500] {processor.py:830} INFO - Processing file /home/muhammadsami/Public/Projects/Airflow/DataPipelineswithApacheAirflow/.env/lib/python3.8/site-packages/airflow/example_dags/example_complex.py for tasks to queue
[2024-03-16T11:47:15.908+0500] {logging_mixin.py:188} INFO - [2024-03-16T11:47:15.907+0500] {dagbag.py:540} INFO - Filling up the DagBag from /home/muhammadsami/Public/Projects/Airflow/DataPipelineswithApacheAirflow/.env/lib/python3.8/site-packages/airflow/example_dags/example_complex.py
[2024-03-16T11:47:15.917+0500] {processor.py:840} INFO - DAG(s) 'example_complex' retrieved from /home/muhammadsami/Public/Projects/Airflow/DataPipelineswithApacheAirflow/.env/lib/python3.8/site-packages/airflow/example_dags/example_complex.py
[2024-03-16T11:47:15.943+0500] {logging_mixin.py:188} INFO - [2024-03-16T11:47:15.942+0500] {dag.py:3047} INFO - Sync 1 DAGs
[2024-03-16T11:47:15.954+0500] {logging_mixin.py:188} INFO - [2024-03-16T11:47:15.954+0500] {dag.py:3834} INFO - Setting next_dagrun for example_complex to None, run_after=None
[2024-03-16T11:47:16.035+0500] {processor.py:183} INFO - Processing /home/muhammadsami/Public/Projects/Airflow/DataPipelineswithApacheAirflow/.env/lib/python3.8/site-packages/airflow/example_dags/example_complex.py took 0.145 seconds
[2024-03-16T11:48:28.603+0500] {processor.py:161} INFO - Started process (PID=21056) to work on /home/muhammadsami/Public/Projects/Airflow/DataPipelineswithApacheAirflow/.env/lib/python3.8/site-packages/airflow/example_dags/example_complex.py
[2024-03-16T11:48:28.604+0500] {processor.py:830} INFO - Processing file /home/muhammadsami/Public/Projects/Airflow/DataPipelineswithApacheAirflow/.env/lib/python3.8/site-packages/airflow/example_dags/example_complex.py for tasks to queue
[2024-03-16T11:48:28.606+0500] {logging_mixin.py:188} INFO - [2024-03-16T11:48:28.605+0500] {dagbag.py:540} INFO - Filling up the DagBag from /home/muhammadsami/Public/Projects/Airflow/DataPipelineswithApacheAirflow/.env/lib/python3.8/site-packages/airflow/example_dags/example_complex.py
[2024-03-16T11:48:28.615+0500] {processor.py:840} INFO - DAG(s) 'example_complex' retrieved from /home/muhammadsami/Public/Projects/Airflow/DataPipelineswithApacheAirflow/.env/lib/python3.8/site-packages/airflow/example_dags/example_complex.py
[2024-03-16T11:48:28.637+0500] {logging_mixin.py:188} INFO - [2024-03-16T11:48:28.636+0500] {dag.py:3047} INFO - Sync 1 DAGs
[2024-03-16T11:48:28.650+0500] {logging_mixin.py:188} INFO - [2024-03-16T11:48:28.650+0500] {dag.py:3834} INFO - Setting next_dagrun for example_complex to None, run_after=None
[2024-03-16T11:48:28.752+0500] {processor.py:183} INFO - Processing /home/muhammadsami/Public/Projects/Airflow/DataPipelineswithApacheAirflow/.env/lib/python3.8/site-packages/airflow/example_dags/example_complex.py took 0.152 seconds
[2024-03-16T11:49:40.888+0500] {processor.py:161} INFO - Started process (PID=21122) to work on /home/muhammadsami/Public/Projects/Airflow/DataPipelineswithApacheAirflow/.env/lib/python3.8/site-packages/airflow/example_dags/example_complex.py
[2024-03-16T11:49:40.889+0500] {processor.py:830} INFO - Processing file /home/muhammadsami/Public/Projects/Airflow/DataPipelineswithApacheAirflow/.env/lib/python3.8/site-packages/airflow/example_dags/example_complex.py for tasks to queue
[2024-03-16T11:49:40.890+0500] {logging_mixin.py:188} INFO - [2024-03-16T11:49:40.890+0500] {dagbag.py:540} INFO - Filling up the DagBag from /home/muhammadsami/Public/Projects/Airflow/DataPipelineswithApacheAirflow/.env/lib/python3.8/site-packages/airflow/example_dags/example_complex.py
[2024-03-16T11:49:40.904+0500] {processor.py:840} INFO - DAG(s) 'example_complex' retrieved from /home/muhammadsami/Public/Projects/Airflow/DataPipelineswithApacheAirflow/.env/lib/python3.8/site-packages/airflow/example_dags/example_complex.py
[2024-03-16T11:49:40.930+0500] {logging_mixin.py:188} INFO - [2024-03-16T11:49:40.930+0500] {dag.py:3047} INFO - Sync 1 DAGs
[2024-03-16T11:49:40.946+0500] {logging_mixin.py:188} INFO - [2024-03-16T11:49:40.946+0500] {dag.py:3834} INFO - Setting next_dagrun for example_complex to None, run_after=None
[2024-03-16T11:49:41.059+0500] {processor.py:183} INFO - Processing /home/muhammadsami/Public/Projects/Airflow/DataPipelineswithApacheAirflow/.env/lib/python3.8/site-packages/airflow/example_dags/example_complex.py took 0.174 seconds
[2024-03-16T11:50:56.146+0500] {processor.py:161} INFO - Started process (PID=21226) to work on /home/muhammadsami/Public/Projects/Airflow/DataPipelineswithApacheAirflow/.env/lib/python3.8/site-packages/airflow/example_dags/example_complex.py
[2024-03-16T11:50:56.147+0500] {processor.py:830} INFO - Processing file /home/muhammadsami/Public/Projects/Airflow/DataPipelineswithApacheAirflow/.env/lib/python3.8/site-packages/airflow/example_dags/example_complex.py for tasks to queue
[2024-03-16T11:50:56.148+0500] {logging_mixin.py:188} INFO - [2024-03-16T11:50:56.147+0500] {dagbag.py:540} INFO - Filling up the DagBag from /home/muhammadsami/Public/Projects/Airflow/DataPipelineswithApacheAirflow/.env/lib/python3.8/site-packages/airflow/example_dags/example_complex.py
[2024-03-16T11:50:56.158+0500] {processor.py:840} INFO - DAG(s) 'example_complex' retrieved from /home/muhammadsami/Public/Projects/Airflow/DataPipelineswithApacheAirflow/.env/lib/python3.8/site-packages/airflow/example_dags/example_complex.py
[2024-03-16T11:50:56.179+0500] {logging_mixin.py:188} INFO - [2024-03-16T11:50:56.179+0500] {dag.py:3047} INFO - Sync 1 DAGs
[2024-03-16T11:50:56.188+0500] {logging_mixin.py:188} INFO - [2024-03-16T11:50:56.188+0500] {dag.py:3834} INFO - Setting next_dagrun for example_complex to None, run_after=None
[2024-03-16T11:50:56.286+0500] {processor.py:183} INFO - Processing /home/muhammadsami/Public/Projects/Airflow/DataPipelineswithApacheAirflow/.env/lib/python3.8/site-packages/airflow/example_dags/example_complex.py took 0.143 seconds
[2024-03-16T11:52:15.574+0500] {processor.py:161} INFO - Started process (PID=21449) to work on /home/muhammadsami/Public/Projects/Airflow/DataPipelineswithApacheAirflow/.env/lib/python3.8/site-packages/airflow/example_dags/example_complex.py
[2024-03-16T11:52:15.586+0500] {processor.py:830} INFO - Processing file /home/muhammadsami/Public/Projects/Airflow/DataPipelineswithApacheAirflow/.env/lib/python3.8/site-packages/airflow/example_dags/example_complex.py for tasks to queue
[2024-03-16T11:52:15.587+0500] {logging_mixin.py:188} INFO - [2024-03-16T11:52:15.587+0500] {dagbag.py:540} INFO - Filling up the DagBag from /home/muhammadsami/Public/Projects/Airflow/DataPipelineswithApacheAirflow/.env/lib/python3.8/site-packages/airflow/example_dags/example_complex.py
[2024-03-16T11:52:15.597+0500] {processor.py:840} INFO - DAG(s) 'example_complex' retrieved from /home/muhammadsami/Public/Projects/Airflow/DataPipelineswithApacheAirflow/.env/lib/python3.8/site-packages/airflow/example_dags/example_complex.py
[2024-03-16T11:52:15.619+0500] {logging_mixin.py:188} INFO - [2024-03-16T11:52:15.619+0500] {dag.py:3047} INFO - Sync 1 DAGs
[2024-03-16T11:52:15.629+0500] {logging_mixin.py:188} INFO - [2024-03-16T11:52:15.628+0500] {dag.py:3834} INFO - Setting next_dagrun for example_complex to None, run_after=None
[2024-03-16T11:52:15.719+0500] {processor.py:183} INFO - Processing /home/muhammadsami/Public/Projects/Airflow/DataPipelineswithApacheAirflow/.env/lib/python3.8/site-packages/airflow/example_dags/example_complex.py took 0.147 seconds
[2024-03-16T11:53:34.378+0500] {processor.py:161} INFO - Started process (PID=21587) to work on /home/muhammadsami/Public/Projects/Airflow/DataPipelineswithApacheAirflow/.env/lib/python3.8/site-packages/airflow/example_dags/example_complex.py
[2024-03-16T11:53:34.381+0500] {processor.py:830} INFO - Processing file /home/muhammadsami/Public/Projects/Airflow/DataPipelineswithApacheAirflow/.env/lib/python3.8/site-packages/airflow/example_dags/example_complex.py for tasks to queue
[2024-03-16T11:53:34.382+0500] {logging_mixin.py:188} INFO - [2024-03-16T11:53:34.382+0500] {dagbag.py:540} INFO - Filling up the DagBag from /home/muhammadsami/Public/Projects/Airflow/DataPipelineswithApacheAirflow/.env/lib/python3.8/site-packages/airflow/example_dags/example_complex.py
[2024-03-16T11:53:34.392+0500] {processor.py:840} INFO - DAG(s) 'example_complex' retrieved from /home/muhammadsami/Public/Projects/Airflow/DataPipelineswithApacheAirflow/.env/lib/python3.8/site-packages/airflow/example_dags/example_complex.py
[2024-03-16T11:53:34.416+0500] {logging_mixin.py:188} INFO - [2024-03-16T11:53:34.415+0500] {dag.py:3047} INFO - Sync 1 DAGs
[2024-03-16T11:53:34.427+0500] {logging_mixin.py:188} INFO - [2024-03-16T11:53:34.427+0500] {dag.py:3834} INFO - Setting next_dagrun for example_complex to None, run_after=None
[2024-03-16T11:53:34.525+0500] {processor.py:183} INFO - Processing /home/muhammadsami/Public/Projects/Airflow/DataPipelineswithApacheAirflow/.env/lib/python3.8/site-packages/airflow/example_dags/example_complex.py took 0.149 seconds
[2024-03-16T11:54:49.083+0500] {processor.py:161} INFO - Started process (PID=21795) to work on /home/muhammadsami/Public/Projects/Airflow/DataPipelineswithApacheAirflow/.env/lib/python3.8/site-packages/airflow/example_dags/example_complex.py
[2024-03-16T11:54:49.098+0500] {processor.py:830} INFO - Processing file /home/muhammadsami/Public/Projects/Airflow/DataPipelineswithApacheAirflow/.env/lib/python3.8/site-packages/airflow/example_dags/example_complex.py for tasks to queue
[2024-03-16T11:54:49.099+0500] {logging_mixin.py:188} INFO - [2024-03-16T11:54:49.099+0500] {dagbag.py:540} INFO - Filling up the DagBag from /home/muhammadsami/Public/Projects/Airflow/DataPipelineswithApacheAirflow/.env/lib/python3.8/site-packages/airflow/example_dags/example_complex.py
[2024-03-16T11:54:49.108+0500] {processor.py:840} INFO - DAG(s) 'example_complex' retrieved from /home/muhammadsami/Public/Projects/Airflow/DataPipelineswithApacheAirflow/.env/lib/python3.8/site-packages/airflow/example_dags/example_complex.py
[2024-03-16T11:54:49.132+0500] {logging_mixin.py:188} INFO - [2024-03-16T11:54:49.132+0500] {dag.py:3047} INFO - Sync 1 DAGs
[2024-03-16T11:54:49.142+0500] {logging_mixin.py:188} INFO - [2024-03-16T11:54:49.141+0500] {dag.py:3834} INFO - Setting next_dagrun for example_complex to None, run_after=None
[2024-03-16T11:54:49.238+0500] {processor.py:183} INFO - Processing /home/muhammadsami/Public/Projects/Airflow/DataPipelineswithApacheAirflow/.env/lib/python3.8/site-packages/airflow/example_dags/example_complex.py took 0.159 seconds
[2024-03-16T11:56:06.650+0500] {processor.py:161} INFO - Started process (PID=21924) to work on /home/muhammadsami/Public/Projects/Airflow/DataPipelineswithApacheAirflow/.env/lib/python3.8/site-packages/airflow/example_dags/example_complex.py
[2024-03-16T11:56:06.651+0500] {processor.py:830} INFO - Processing file /home/muhammadsami/Public/Projects/Airflow/DataPipelineswithApacheAirflow/.env/lib/python3.8/site-packages/airflow/example_dags/example_complex.py for tasks to queue
[2024-03-16T11:56:06.652+0500] {logging_mixin.py:188} INFO - [2024-03-16T11:56:06.652+0500] {dagbag.py:540} INFO - Filling up the DagBag from /home/muhammadsami/Public/Projects/Airflow/DataPipelineswithApacheAirflow/.env/lib/python3.8/site-packages/airflow/example_dags/example_complex.py
[2024-03-16T11:56:06.662+0500] {processor.py:840} INFO - DAG(s) 'example_complex' retrieved from /home/muhammadsami/Public/Projects/Airflow/DataPipelineswithApacheAirflow/.env/lib/python3.8/site-packages/airflow/example_dags/example_complex.py
[2024-03-16T11:56:06.687+0500] {logging_mixin.py:188} INFO - [2024-03-16T11:56:06.687+0500] {dag.py:3047} INFO - Sync 1 DAGs
[2024-03-16T11:56:06.699+0500] {logging_mixin.py:188} INFO - [2024-03-16T11:56:06.699+0500] {dag.py:3834} INFO - Setting next_dagrun for example_complex to None, run_after=None
[2024-03-16T11:56:06.795+0500] {processor.py:183} INFO - Processing /home/muhammadsami/Public/Projects/Airflow/DataPipelineswithApacheAirflow/.env/lib/python3.8/site-packages/airflow/example_dags/example_complex.py took 0.148 seconds
[2024-03-16T11:57:23.015+0500] {processor.py:161} INFO - Started process (PID=22002) to work on /home/muhammadsami/Public/Projects/Airflow/DataPipelineswithApacheAirflow/.env/lib/python3.8/site-packages/airflow/example_dags/example_complex.py
[2024-03-16T11:57:23.028+0500] {processor.py:830} INFO - Processing file /home/muhammadsami/Public/Projects/Airflow/DataPipelineswithApacheAirflow/.env/lib/python3.8/site-packages/airflow/example_dags/example_complex.py for tasks to queue
[2024-03-16T11:57:23.029+0500] {logging_mixin.py:188} INFO - [2024-03-16T11:57:23.028+0500] {dagbag.py:540} INFO - Filling up the DagBag from /home/muhammadsami/Public/Projects/Airflow/DataPipelineswithApacheAirflow/.env/lib/python3.8/site-packages/airflow/example_dags/example_complex.py
[2024-03-16T11:57:23.037+0500] {processor.py:840} INFO - DAG(s) 'example_complex' retrieved from /home/muhammadsami/Public/Projects/Airflow/DataPipelineswithApacheAirflow/.env/lib/python3.8/site-packages/airflow/example_dags/example_complex.py
[2024-03-16T11:57:23.059+0500] {logging_mixin.py:188} INFO - [2024-03-16T11:57:23.059+0500] {dag.py:3047} INFO - Sync 1 DAGs
[2024-03-16T11:57:23.070+0500] {logging_mixin.py:188} INFO - [2024-03-16T11:57:23.069+0500] {dag.py:3834} INFO - Setting next_dagrun for example_complex to None, run_after=None
[2024-03-16T11:57:23.165+0500] {processor.py:183} INFO - Processing /home/muhammadsami/Public/Projects/Airflow/DataPipelineswithApacheAirflow/.env/lib/python3.8/site-packages/airflow/example_dags/example_complex.py took 0.153 seconds
[2024-03-16T11:58:17.750+0500] {processor.py:161} INFO - Started process (PID=22079) to work on /home/muhammadsami/Public/Projects/Airflow/DataPipelineswithApacheAirflow/.env/lib/python3.8/site-packages/airflow/example_dags/example_complex.py
[2024-03-16T11:58:17.775+0500] {processor.py:830} INFO - Processing file /home/muhammadsami/Public/Projects/Airflow/DataPipelineswithApacheAirflow/.env/lib/python3.8/site-packages/airflow/example_dags/example_complex.py for tasks to queue
[2024-03-16T11:58:17.776+0500] {logging_mixin.py:188} INFO - [2024-03-16T11:58:17.776+0500] {dagbag.py:540} INFO - Filling up the DagBag from /home/muhammadsami/Public/Projects/Airflow/DataPipelineswithApacheAirflow/.env/lib/python3.8/site-packages/airflow/example_dags/example_complex.py
[2024-03-16T11:58:17.785+0500] {processor.py:840} INFO - DAG(s) 'example_complex' retrieved from /home/muhammadsami/Public/Projects/Airflow/DataPipelineswithApacheAirflow/.env/lib/python3.8/site-packages/airflow/example_dags/example_complex.py
[2024-03-16T11:58:17.808+0500] {logging_mixin.py:188} INFO - [2024-03-16T11:58:17.808+0500] {dag.py:3047} INFO - Sync 1 DAGs
[2024-03-16T11:58:17.818+0500] {logging_mixin.py:188} INFO - [2024-03-16T11:58:17.817+0500] {dag.py:3834} INFO - Setting next_dagrun for example_complex to None, run_after=None
[2024-03-16T11:58:17.909+0500] {processor.py:183} INFO - Processing /home/muhammadsami/Public/Projects/Airflow/DataPipelineswithApacheAirflow/.env/lib/python3.8/site-packages/airflow/example_dags/example_complex.py took 0.162 seconds
[2024-03-16T11:59:28.582+0500] {processor.py:161} INFO - Started process (PID=22213) to work on /home/muhammadsami/Public/Projects/Airflow/DataPipelineswithApacheAirflow/.env/lib/python3.8/site-packages/airflow/example_dags/example_complex.py
[2024-03-16T11:59:28.593+0500] {processor.py:830} INFO - Processing file /home/muhammadsami/Public/Projects/Airflow/DataPipelineswithApacheAirflow/.env/lib/python3.8/site-packages/airflow/example_dags/example_complex.py for tasks to queue
[2024-03-16T11:59:28.594+0500] {logging_mixin.py:188} INFO - [2024-03-16T11:59:28.594+0500] {dagbag.py:540} INFO - Filling up the DagBag from /home/muhammadsami/Public/Projects/Airflow/DataPipelineswithApacheAirflow/.env/lib/python3.8/site-packages/airflow/example_dags/example_complex.py
[2024-03-16T11:59:28.603+0500] {processor.py:840} INFO - DAG(s) 'example_complex' retrieved from /home/muhammadsami/Public/Projects/Airflow/DataPipelineswithApacheAirflow/.env/lib/python3.8/site-packages/airflow/example_dags/example_complex.py
[2024-03-16T11:59:28.624+0500] {logging_mixin.py:188} INFO - [2024-03-16T11:59:28.624+0500] {dag.py:3047} INFO - Sync 1 DAGs
[2024-03-16T11:59:28.634+0500] {logging_mixin.py:188} INFO - [2024-03-16T11:59:28.633+0500] {dag.py:3834} INFO - Setting next_dagrun for example_complex to None, run_after=None
[2024-03-16T11:59:28.729+0500] {processor.py:183} INFO - Processing /home/muhammadsami/Public/Projects/Airflow/DataPipelineswithApacheAirflow/.env/lib/python3.8/site-packages/airflow/example_dags/example_complex.py took 0.150 seconds
[2024-03-16T12:00:49.306+0500] {processor.py:161} INFO - Started process (PID=22352) to work on /home/muhammadsami/Public/Projects/Airflow/DataPipelineswithApacheAirflow/.env/lib/python3.8/site-packages/airflow/example_dags/example_complex.py
[2024-03-16T12:00:49.337+0500] {processor.py:830} INFO - Processing file /home/muhammadsami/Public/Projects/Airflow/DataPipelineswithApacheAirflow/.env/lib/python3.8/site-packages/airflow/example_dags/example_complex.py for tasks to queue
[2024-03-16T12:00:49.338+0500] {logging_mixin.py:188} INFO - [2024-03-16T12:00:49.338+0500] {dagbag.py:540} INFO - Filling up the DagBag from /home/muhammadsami/Public/Projects/Airflow/DataPipelineswithApacheAirflow/.env/lib/python3.8/site-packages/airflow/example_dags/example_complex.py
[2024-03-16T12:00:49.347+0500] {processor.py:840} INFO - DAG(s) 'example_complex' retrieved from /home/muhammadsami/Public/Projects/Airflow/DataPipelineswithApacheAirflow/.env/lib/python3.8/site-packages/airflow/example_dags/example_complex.py
[2024-03-16T12:00:49.368+0500] {logging_mixin.py:188} INFO - [2024-03-16T12:00:49.368+0500] {dag.py:3047} INFO - Sync 1 DAGs
[2024-03-16T12:00:49.378+0500] {logging_mixin.py:188} INFO - [2024-03-16T12:00:49.378+0500] {dag.py:3834} INFO - Setting next_dagrun for example_complex to None, run_after=None
[2024-03-16T12:00:49.490+0500] {processor.py:183} INFO - Processing /home/muhammadsami/Public/Projects/Airflow/DataPipelineswithApacheAirflow/.env/lib/python3.8/site-packages/airflow/example_dags/example_complex.py took 0.186 seconds
