[2024-03-16T11:23:19.542+0500] {processor.py:161} INFO - Started process (PID=18380) to work on /home/muhammadsami/Public/Projects/Airflow/DataPipelineswithApacheAirflow/.env/lib/python3.8/site-packages/airflow/example_dags/example_branch_operator_decorator.py
[2024-03-16T11:23:19.543+0500] {processor.py:830} INFO - Processing file /home/muhammadsami/Public/Projects/Airflow/DataPipelineswithApacheAirflow/.env/lib/python3.8/site-packages/airflow/example_dags/example_branch_operator_decorator.py for tasks to queue
[2024-03-16T11:23:19.544+0500] {logging_mixin.py:188} INFO - [2024-03-16T11:23:19.543+0500] {dagbag.py:540} INFO - Filling up the DagBag from /home/muhammadsami/Public/Projects/Airflow/DataPipelineswithApacheAirflow/.env/lib/python3.8/site-packages/airflow/example_dags/example_branch_operator_decorator.py
[2024-03-16T11:23:19.546+0500] {processor.py:842} WARNING - No viable dags retrieved from /home/muhammadsami/Public/Projects/Airflow/DataPipelineswithApacheAirflow/.env/lib/python3.8/site-packages/airflow/example_dags/example_branch_operator_decorator.py
[2024-03-16T11:23:19.554+0500] {processor.py:183} INFO - Processing /home/muhammadsami/Public/Projects/Airflow/DataPipelineswithApacheAirflow/.env/lib/python3.8/site-packages/airflow/example_dags/example_branch_operator_decorator.py took 0.014 seconds
[2024-03-16T11:24:33.402+0500] {processor.py:161} INFO - Started process (PID=18558) to work on /home/muhammadsami/Public/Projects/Airflow/DataPipelineswithApacheAirflow/.env/lib/python3.8/site-packages/airflow/example_dags/example_branch_operator_decorator.py
[2024-03-16T11:24:33.404+0500] {processor.py:830} INFO - Processing file /home/muhammadsami/Public/Projects/Airflow/DataPipelineswithApacheAirflow/.env/lib/python3.8/site-packages/airflow/example_dags/example_branch_operator_decorator.py for tasks to queue
[2024-03-16T11:24:33.404+0500] {logging_mixin.py:188} INFO - [2024-03-16T11:24:33.404+0500] {dagbag.py:540} INFO - Filling up the DagBag from /home/muhammadsami/Public/Projects/Airflow/DataPipelineswithApacheAirflow/.env/lib/python3.8/site-packages/airflow/example_dags/example_branch_operator_decorator.py
[2024-03-16T11:24:33.407+0500] {processor.py:842} WARNING - No viable dags retrieved from /home/muhammadsami/Public/Projects/Airflow/DataPipelineswithApacheAirflow/.env/lib/python3.8/site-packages/airflow/example_dags/example_branch_operator_decorator.py
[2024-03-16T11:24:33.416+0500] {processor.py:183} INFO - Processing /home/muhammadsami/Public/Projects/Airflow/DataPipelineswithApacheAirflow/.env/lib/python3.8/site-packages/airflow/example_dags/example_branch_operator_decorator.py took 0.016 seconds
[2024-03-16T11:25:29.555+0500] {processor.py:161} INFO - Started process (PID=18625) to work on /home/muhammadsami/Public/Projects/Airflow/DataPipelineswithApacheAirflow/.env/lib/python3.8/site-packages/airflow/example_dags/example_branch_operator_decorator.py
[2024-03-16T11:25:29.556+0500] {processor.py:830} INFO - Processing file /home/muhammadsami/Public/Projects/Airflow/DataPipelineswithApacheAirflow/.env/lib/python3.8/site-packages/airflow/example_dags/example_branch_operator_decorator.py for tasks to queue
[2024-03-16T11:25:29.557+0500] {logging_mixin.py:188} INFO - [2024-03-16T11:25:29.557+0500] {dagbag.py:540} INFO - Filling up the DagBag from /home/muhammadsami/Public/Projects/Airflow/DataPipelineswithApacheAirflow/.env/lib/python3.8/site-packages/airflow/example_dags/example_branch_operator_decorator.py
[2024-03-16T11:25:29.560+0500] {processor.py:842} WARNING - No viable dags retrieved from /home/muhammadsami/Public/Projects/Airflow/DataPipelineswithApacheAirflow/.env/lib/python3.8/site-packages/airflow/example_dags/example_branch_operator_decorator.py
[2024-03-16T11:25:29.568+0500] {processor.py:183} INFO - Processing /home/muhammadsami/Public/Projects/Airflow/DataPipelineswithApacheAirflow/.env/lib/python3.8/site-packages/airflow/example_dags/example_branch_operator_decorator.py took 0.016 seconds
[2024-03-16T11:26:23.552+0500] {processor.py:161} INFO - Started process (PID=18687) to work on /home/muhammadsami/Public/Projects/Airflow/DataPipelineswithApacheAirflow/.env/lib/python3.8/site-packages/airflow/example_dags/example_branch_operator_decorator.py
[2024-03-16T11:26:23.554+0500] {processor.py:830} INFO - Processing file /home/muhammadsami/Public/Projects/Airflow/DataPipelineswithApacheAirflow/.env/lib/python3.8/site-packages/airflow/example_dags/example_branch_operator_decorator.py for tasks to queue
[2024-03-16T11:26:23.555+0500] {logging_mixin.py:188} INFO - [2024-03-16T11:26:23.554+0500] {dagbag.py:540} INFO - Filling up the DagBag from /home/muhammadsami/Public/Projects/Airflow/DataPipelineswithApacheAirflow/.env/lib/python3.8/site-packages/airflow/example_dags/example_branch_operator_decorator.py
[2024-03-16T11:26:23.558+0500] {processor.py:842} WARNING - No viable dags retrieved from /home/muhammadsami/Public/Projects/Airflow/DataPipelineswithApacheAirflow/.env/lib/python3.8/site-packages/airflow/example_dags/example_branch_operator_decorator.py
[2024-03-16T11:26:23.567+0500] {processor.py:183} INFO - Processing /home/muhammadsami/Public/Projects/Airflow/DataPipelineswithApacheAirflow/.env/lib/python3.8/site-packages/airflow/example_dags/example_branch_operator_decorator.py took 0.017 seconds
[2024-03-16T11:27:37.545+0500] {processor.py:161} INFO - Started process (PID=18791) to work on /home/muhammadsami/Public/Projects/Airflow/DataPipelineswithApacheAirflow/.env/lib/python3.8/site-packages/airflow/example_dags/example_branch_operator_decorator.py
[2024-03-16T11:27:37.560+0500] {processor.py:830} INFO - Processing file /home/muhammadsami/Public/Projects/Airflow/DataPipelineswithApacheAirflow/.env/lib/python3.8/site-packages/airflow/example_dags/example_branch_operator_decorator.py for tasks to queue
[2024-03-16T11:27:37.561+0500] {logging_mixin.py:188} INFO - [2024-03-16T11:27:37.561+0500] {dagbag.py:540} INFO - Filling up the DagBag from /home/muhammadsami/Public/Projects/Airflow/DataPipelineswithApacheAirflow/.env/lib/python3.8/site-packages/airflow/example_dags/example_branch_operator_decorator.py
[2024-03-16T11:27:37.563+0500] {processor.py:842} WARNING - No viable dags retrieved from /home/muhammadsami/Public/Projects/Airflow/DataPipelineswithApacheAirflow/.env/lib/python3.8/site-packages/airflow/example_dags/example_branch_operator_decorator.py
[2024-03-16T11:27:37.572+0500] {processor.py:183} INFO - Processing /home/muhammadsami/Public/Projects/Airflow/DataPipelineswithApacheAirflow/.env/lib/python3.8/site-packages/airflow/example_dags/example_branch_operator_decorator.py took 0.029 seconds
[2024-03-16T11:28:47.614+0500] {processor.py:161} INFO - Started process (PID=18859) to work on /home/muhammadsami/Public/Projects/Airflow/DataPipelineswithApacheAirflow/.env/lib/python3.8/site-packages/airflow/example_dags/example_branch_operator_decorator.py
[2024-03-16T11:28:47.628+0500] {processor.py:830} INFO - Processing file /home/muhammadsami/Public/Projects/Airflow/DataPipelineswithApacheAirflow/.env/lib/python3.8/site-packages/airflow/example_dags/example_branch_operator_decorator.py for tasks to queue
[2024-03-16T11:28:47.629+0500] {logging_mixin.py:188} INFO - [2024-03-16T11:28:47.628+0500] {dagbag.py:540} INFO - Filling up the DagBag from /home/muhammadsami/Public/Projects/Airflow/DataPipelineswithApacheAirflow/.env/lib/python3.8/site-packages/airflow/example_dags/example_branch_operator_decorator.py
[2024-03-16T11:28:47.631+0500] {processor.py:842} WARNING - No viable dags retrieved from /home/muhammadsami/Public/Projects/Airflow/DataPipelineswithApacheAirflow/.env/lib/python3.8/site-packages/airflow/example_dags/example_branch_operator_decorator.py
[2024-03-16T11:28:47.639+0500] {processor.py:183} INFO - Processing /home/muhammadsami/Public/Projects/Airflow/DataPipelineswithApacheAirflow/.env/lib/python3.8/site-packages/airflow/example_dags/example_branch_operator_decorator.py took 0.028 seconds
[2024-03-16T11:30:04.654+0500] {processor.py:161} INFO - Started process (PID=18961) to work on /home/muhammadsami/Public/Projects/Airflow/DataPipelineswithApacheAirflow/.env/lib/python3.8/site-packages/airflow/example_dags/example_branch_operator_decorator.py
[2024-03-16T11:30:04.667+0500] {processor.py:830} INFO - Processing file /home/muhammadsami/Public/Projects/Airflow/DataPipelineswithApacheAirflow/.env/lib/python3.8/site-packages/airflow/example_dags/example_branch_operator_decorator.py for tasks to queue
[2024-03-16T11:30:04.668+0500] {logging_mixin.py:188} INFO - [2024-03-16T11:30:04.668+0500] {dagbag.py:540} INFO - Filling up the DagBag from /home/muhammadsami/Public/Projects/Airflow/DataPipelineswithApacheAirflow/.env/lib/python3.8/site-packages/airflow/example_dags/example_branch_operator_decorator.py
[2024-03-16T11:30:04.671+0500] {processor.py:842} WARNING - No viable dags retrieved from /home/muhammadsami/Public/Projects/Airflow/DataPipelineswithApacheAirflow/.env/lib/python3.8/site-packages/airflow/example_dags/example_branch_operator_decorator.py
[2024-03-16T11:30:04.679+0500] {processor.py:183} INFO - Processing /home/muhammadsami/Public/Projects/Airflow/DataPipelineswithApacheAirflow/.env/lib/python3.8/site-packages/airflow/example_dags/example_branch_operator_decorator.py took 0.028 seconds
[2024-03-16T11:39:17.633+0500] {processor.py:161} INFO - Started process (PID=19679) to work on /home/muhammadsami/Public/Projects/Airflow/DataPipelineswithApacheAirflow/.env/lib/python3.8/site-packages/airflow/example_dags/example_branch_operator_decorator.py
[2024-03-16T11:39:17.658+0500] {processor.py:830} INFO - Processing file /home/muhammadsami/Public/Projects/Airflow/DataPipelineswithApacheAirflow/.env/lib/python3.8/site-packages/airflow/example_dags/example_branch_operator_decorator.py for tasks to queue
[2024-03-16T11:39:17.659+0500] {logging_mixin.py:188} INFO - [2024-03-16T11:39:17.659+0500] {dagbag.py:540} INFO - Filling up the DagBag from /home/muhammadsami/Public/Projects/Airflow/DataPipelineswithApacheAirflow/.env/lib/python3.8/site-packages/airflow/example_dags/example_branch_operator_decorator.py
[2024-03-16T11:39:17.661+0500] {processor.py:842} WARNING - No viable dags retrieved from /home/muhammadsami/Public/Projects/Airflow/DataPipelineswithApacheAirflow/.env/lib/python3.8/site-packages/airflow/example_dags/example_branch_operator_decorator.py
[2024-03-16T11:39:17.669+0500] {processor.py:183} INFO - Processing /home/muhammadsami/Public/Projects/Airflow/DataPipelineswithApacheAirflow/.env/lib/python3.8/site-packages/airflow/example_dags/example_branch_operator_decorator.py took 0.038 seconds
[2024-03-16T11:40:25.033+0500] {processor.py:161} INFO - Started process (PID=19954) to work on /home/muhammadsami/Public/Projects/Airflow/DataPipelineswithApacheAirflow/.env/lib/python3.8/site-packages/airflow/example_dags/example_branch_operator_decorator.py
[2024-03-16T11:40:25.036+0500] {processor.py:830} INFO - Processing file /home/muhammadsami/Public/Projects/Airflow/DataPipelineswithApacheAirflow/.env/lib/python3.8/site-packages/airflow/example_dags/example_branch_operator_decorator.py for tasks to queue
[2024-03-16T11:40:25.038+0500] {logging_mixin.py:188} INFO - [2024-03-16T11:40:25.037+0500] {dagbag.py:540} INFO - Filling up the DagBag from /home/muhammadsami/Public/Projects/Airflow/DataPipelineswithApacheAirflow/.env/lib/python3.8/site-packages/airflow/example_dags/example_branch_operator_decorator.py
[2024-03-16T11:40:25.041+0500] {processor.py:842} WARNING - No viable dags retrieved from /home/muhammadsami/Public/Projects/Airflow/DataPipelineswithApacheAirflow/.env/lib/python3.8/site-packages/airflow/example_dags/example_branch_operator_decorator.py
[2024-03-16T11:40:25.051+0500] {processor.py:183} INFO - Processing /home/muhammadsami/Public/Projects/Airflow/DataPipelineswithApacheAirflow/.env/lib/python3.8/site-packages/airflow/example_dags/example_branch_operator_decorator.py took 0.021 seconds
[2024-03-16T11:41:42.953+0500] {processor.py:161} INFO - Started process (PID=20204) to work on /home/muhammadsami/Public/Projects/Airflow/DataPipelineswithApacheAirflow/.env/lib/python3.8/site-packages/airflow/example_dags/example_branch_operator_decorator.py
[2024-03-16T11:41:42.967+0500] {processor.py:830} INFO - Processing file /home/muhammadsami/Public/Projects/Airflow/DataPipelineswithApacheAirflow/.env/lib/python3.8/site-packages/airflow/example_dags/example_branch_operator_decorator.py for tasks to queue
[2024-03-16T11:41:42.968+0500] {logging_mixin.py:188} INFO - [2024-03-16T11:41:42.967+0500] {dagbag.py:540} INFO - Filling up the DagBag from /home/muhammadsami/Public/Projects/Airflow/DataPipelineswithApacheAirflow/.env/lib/python3.8/site-packages/airflow/example_dags/example_branch_operator_decorator.py
[2024-03-16T11:41:42.970+0500] {processor.py:842} WARNING - No viable dags retrieved from /home/muhammadsami/Public/Projects/Airflow/DataPipelineswithApacheAirflow/.env/lib/python3.8/site-packages/airflow/example_dags/example_branch_operator_decorator.py
[2024-03-16T11:41:42.978+0500] {processor.py:183} INFO - Processing /home/muhammadsami/Public/Projects/Airflow/DataPipelineswithApacheAirflow/.env/lib/python3.8/site-packages/airflow/example_dags/example_branch_operator_decorator.py took 0.028 seconds
[2024-03-16T11:42:37.637+0500] {processor.py:161} INFO - Started process (PID=20267) to work on /home/muhammadsami/Public/Projects/Airflow/DataPipelineswithApacheAirflow/.env/lib/python3.8/site-packages/airflow/example_dags/example_branch_operator_decorator.py
[2024-03-16T11:42:37.638+0500] {processor.py:830} INFO - Processing file /home/muhammadsami/Public/Projects/Airflow/DataPipelineswithApacheAirflow/.env/lib/python3.8/site-packages/airflow/example_dags/example_branch_operator_decorator.py for tasks to queue
[2024-03-16T11:42:37.639+0500] {logging_mixin.py:188} INFO - [2024-03-16T11:42:37.639+0500] {dagbag.py:540} INFO - Filling up the DagBag from /home/muhammadsami/Public/Projects/Airflow/DataPipelineswithApacheAirflow/.env/lib/python3.8/site-packages/airflow/example_dags/example_branch_operator_decorator.py
[2024-03-16T11:42:37.642+0500] {processor.py:842} WARNING - No viable dags retrieved from /home/muhammadsami/Public/Projects/Airflow/DataPipelineswithApacheAirflow/.env/lib/python3.8/site-packages/airflow/example_dags/example_branch_operator_decorator.py
[2024-03-16T11:42:37.653+0500] {processor.py:183} INFO - Processing /home/muhammadsami/Public/Projects/Airflow/DataPipelineswithApacheAirflow/.env/lib/python3.8/site-packages/airflow/example_dags/example_branch_operator_decorator.py took 0.019 seconds
[2024-03-16T11:43:31.926+0500] {processor.py:161} INFO - Started process (PID=20351) to work on /home/muhammadsami/Public/Projects/Airflow/DataPipelineswithApacheAirflow/.env/lib/python3.8/site-packages/airflow/example_dags/example_branch_operator_decorator.py
[2024-03-16T11:43:31.927+0500] {processor.py:830} INFO - Processing file /home/muhammadsami/Public/Projects/Airflow/DataPipelineswithApacheAirflow/.env/lib/python3.8/site-packages/airflow/example_dags/example_branch_operator_decorator.py for tasks to queue
[2024-03-16T11:43:31.928+0500] {logging_mixin.py:188} INFO - [2024-03-16T11:43:31.928+0500] {dagbag.py:540} INFO - Filling up the DagBag from /home/muhammadsami/Public/Projects/Airflow/DataPipelineswithApacheAirflow/.env/lib/python3.8/site-packages/airflow/example_dags/example_branch_operator_decorator.py
[2024-03-16T11:43:31.930+0500] {processor.py:842} WARNING - No viable dags retrieved from /home/muhammadsami/Public/Projects/Airflow/DataPipelineswithApacheAirflow/.env/lib/python3.8/site-packages/airflow/example_dags/example_branch_operator_decorator.py
[2024-03-16T11:43:31.940+0500] {processor.py:183} INFO - Processing /home/muhammadsami/Public/Projects/Airflow/DataPipelineswithApacheAirflow/.env/lib/python3.8/site-packages/airflow/example_dags/example_branch_operator_decorator.py took 0.017 seconds
[2024-03-16T11:44:44.640+0500] {processor.py:161} INFO - Started process (PID=20459) to work on /home/muhammadsami/Public/Projects/Airflow/DataPipelineswithApacheAirflow/.env/lib/python3.8/site-packages/airflow/example_dags/example_branch_operator_decorator.py
[2024-03-16T11:44:44.650+0500] {processor.py:830} INFO - Processing file /home/muhammadsami/Public/Projects/Airflow/DataPipelineswithApacheAirflow/.env/lib/python3.8/site-packages/airflow/example_dags/example_branch_operator_decorator.py for tasks to queue
[2024-03-16T11:44:44.651+0500] {logging_mixin.py:188} INFO - [2024-03-16T11:44:44.650+0500] {dagbag.py:540} INFO - Filling up the DagBag from /home/muhammadsami/Public/Projects/Airflow/DataPipelineswithApacheAirflow/.env/lib/python3.8/site-packages/airflow/example_dags/example_branch_operator_decorator.py
[2024-03-16T11:44:44.653+0500] {processor.py:842} WARNING - No viable dags retrieved from /home/muhammadsami/Public/Projects/Airflow/DataPipelineswithApacheAirflow/.env/lib/python3.8/site-packages/airflow/example_dags/example_branch_operator_decorator.py
[2024-03-16T11:44:44.663+0500] {processor.py:183} INFO - Processing /home/muhammadsami/Public/Projects/Airflow/DataPipelineswithApacheAirflow/.env/lib/python3.8/site-packages/airflow/example_dags/example_branch_operator_decorator.py took 0.025 seconds
[2024-03-16T11:45:56.777+0500] {processor.py:161} INFO - Started process (PID=20844) to work on /home/muhammadsami/Public/Projects/Airflow/DataPipelineswithApacheAirflow/.env/lib/python3.8/site-packages/airflow/example_dags/example_branch_operator_decorator.py
[2024-03-16T11:45:56.796+0500] {processor.py:830} INFO - Processing file /home/muhammadsami/Public/Projects/Airflow/DataPipelineswithApacheAirflow/.env/lib/python3.8/site-packages/airflow/example_dags/example_branch_operator_decorator.py for tasks to queue
[2024-03-16T11:45:56.797+0500] {logging_mixin.py:188} INFO - [2024-03-16T11:45:56.797+0500] {dagbag.py:540} INFO - Filling up the DagBag from /home/muhammadsami/Public/Projects/Airflow/DataPipelineswithApacheAirflow/.env/lib/python3.8/site-packages/airflow/example_dags/example_branch_operator_decorator.py
[2024-03-16T11:45:56.799+0500] {processor.py:842} WARNING - No viable dags retrieved from /home/muhammadsami/Public/Projects/Airflow/DataPipelineswithApacheAirflow/.env/lib/python3.8/site-packages/airflow/example_dags/example_branch_operator_decorator.py
[2024-03-16T11:45:56.808+0500] {processor.py:183} INFO - Processing /home/muhammadsami/Public/Projects/Airflow/DataPipelineswithApacheAirflow/.env/lib/python3.8/site-packages/airflow/example_dags/example_branch_operator_decorator.py took 0.033 seconds
[2024-03-16T11:46:50.983+0500] {processor.py:161} INFO - Started process (PID=20903) to work on /home/muhammadsami/Public/Projects/Airflow/DataPipelineswithApacheAirflow/.env/lib/python3.8/site-packages/airflow/example_dags/example_branch_operator_decorator.py
[2024-03-16T11:46:50.997+0500] {processor.py:830} INFO - Processing file /home/muhammadsami/Public/Projects/Airflow/DataPipelineswithApacheAirflow/.env/lib/python3.8/site-packages/airflow/example_dags/example_branch_operator_decorator.py for tasks to queue
[2024-03-16T11:46:50.998+0500] {logging_mixin.py:188} INFO - [2024-03-16T11:46:50.997+0500] {dagbag.py:540} INFO - Filling up the DagBag from /home/muhammadsami/Public/Projects/Airflow/DataPipelineswithApacheAirflow/.env/lib/python3.8/site-packages/airflow/example_dags/example_branch_operator_decorator.py
[2024-03-16T11:46:51.000+0500] {processor.py:842} WARNING - No viable dags retrieved from /home/muhammadsami/Public/Projects/Airflow/DataPipelineswithApacheAirflow/.env/lib/python3.8/site-packages/airflow/example_dags/example_branch_operator_decorator.py
[2024-03-16T11:46:51.008+0500] {processor.py:183} INFO - Processing /home/muhammadsami/Public/Projects/Airflow/DataPipelineswithApacheAirflow/.env/lib/python3.8/site-packages/airflow/example_dags/example_branch_operator_decorator.py took 0.028 seconds
[2024-03-16T11:48:06.872+0500] {processor.py:161} INFO - Started process (PID=21004) to work on /home/muhammadsami/Public/Projects/Airflow/DataPipelineswithApacheAirflow/.env/lib/python3.8/site-packages/airflow/example_dags/example_branch_operator_decorator.py
[2024-03-16T11:48:06.881+0500] {processor.py:830} INFO - Processing file /home/muhammadsami/Public/Projects/Airflow/DataPipelineswithApacheAirflow/.env/lib/python3.8/site-packages/airflow/example_dags/example_branch_operator_decorator.py for tasks to queue
[2024-03-16T11:48:06.882+0500] {logging_mixin.py:188} INFO - [2024-03-16T11:48:06.882+0500] {dagbag.py:540} INFO - Filling up the DagBag from /home/muhammadsami/Public/Projects/Airflow/DataPipelineswithApacheAirflow/.env/lib/python3.8/site-packages/airflow/example_dags/example_branch_operator_decorator.py
[2024-03-16T11:48:06.885+0500] {processor.py:842} WARNING - No viable dags retrieved from /home/muhammadsami/Public/Projects/Airflow/DataPipelineswithApacheAirflow/.env/lib/python3.8/site-packages/airflow/example_dags/example_branch_operator_decorator.py
[2024-03-16T11:48:06.893+0500] {processor.py:183} INFO - Processing /home/muhammadsami/Public/Projects/Airflow/DataPipelineswithApacheAirflow/.env/lib/python3.8/site-packages/airflow/example_dags/example_branch_operator_decorator.py took 0.023 seconds
[2024-03-16T11:49:16.837+0500] {processor.py:161} INFO - Started process (PID=21101) to work on /home/muhammadsami/Public/Projects/Airflow/DataPipelineswithApacheAirflow/.env/lib/python3.8/site-packages/airflow/example_dags/example_branch_operator_decorator.py
[2024-03-16T11:49:16.839+0500] {processor.py:830} INFO - Processing file /home/muhammadsami/Public/Projects/Airflow/DataPipelineswithApacheAirflow/.env/lib/python3.8/site-packages/airflow/example_dags/example_branch_operator_decorator.py for tasks to queue
[2024-03-16T11:49:16.840+0500] {logging_mixin.py:188} INFO - [2024-03-16T11:49:16.839+0500] {dagbag.py:540} INFO - Filling up the DagBag from /home/muhammadsami/Public/Projects/Airflow/DataPipelineswithApacheAirflow/.env/lib/python3.8/site-packages/airflow/example_dags/example_branch_operator_decorator.py
[2024-03-16T11:49:16.843+0500] {processor.py:842} WARNING - No viable dags retrieved from /home/muhammadsami/Public/Projects/Airflow/DataPipelineswithApacheAirflow/.env/lib/python3.8/site-packages/airflow/example_dags/example_branch_operator_decorator.py
[2024-03-16T11:49:16.853+0500] {processor.py:183} INFO - Processing /home/muhammadsami/Public/Projects/Airflow/DataPipelineswithApacheAirflow/.env/lib/python3.8/site-packages/airflow/example_dags/example_branch_operator_decorator.py took 0.018 seconds
[2024-03-16T11:50:31.227+0500] {processor.py:161} INFO - Started process (PID=21172) to work on /home/muhammadsami/Public/Projects/Airflow/DataPipelineswithApacheAirflow/.env/lib/python3.8/site-packages/airflow/example_dags/example_branch_operator_decorator.py
[2024-03-16T11:50:31.228+0500] {processor.py:830} INFO - Processing file /home/muhammadsami/Public/Projects/Airflow/DataPipelineswithApacheAirflow/.env/lib/python3.8/site-packages/airflow/example_dags/example_branch_operator_decorator.py for tasks to queue
[2024-03-16T11:50:31.229+0500] {logging_mixin.py:188} INFO - [2024-03-16T11:50:31.228+0500] {dagbag.py:540} INFO - Filling up the DagBag from /home/muhammadsami/Public/Projects/Airflow/DataPipelineswithApacheAirflow/.env/lib/python3.8/site-packages/airflow/example_dags/example_branch_operator_decorator.py
[2024-03-16T11:50:31.231+0500] {processor.py:842} WARNING - No viable dags retrieved from /home/muhammadsami/Public/Projects/Airflow/DataPipelineswithApacheAirflow/.env/lib/python3.8/site-packages/airflow/example_dags/example_branch_operator_decorator.py
[2024-03-16T11:50:31.240+0500] {processor.py:183} INFO - Processing /home/muhammadsami/Public/Projects/Airflow/DataPipelineswithApacheAirflow/.env/lib/python3.8/site-packages/airflow/example_dags/example_branch_operator_decorator.py took 0.016 seconds
[2024-03-16T11:51:49.232+0500] {processor.py:161} INFO - Started process (PID=21330) to work on /home/muhammadsami/Public/Projects/Airflow/DataPipelineswithApacheAirflow/.env/lib/python3.8/site-packages/airflow/example_dags/example_branch_operator_decorator.py
[2024-03-16T11:51:49.233+0500] {processor.py:830} INFO - Processing file /home/muhammadsami/Public/Projects/Airflow/DataPipelineswithApacheAirflow/.env/lib/python3.8/site-packages/airflow/example_dags/example_branch_operator_decorator.py for tasks to queue
[2024-03-16T11:51:49.234+0500] {logging_mixin.py:188} INFO - [2024-03-16T11:51:49.234+0500] {dagbag.py:540} INFO - Filling up the DagBag from /home/muhammadsami/Public/Projects/Airflow/DataPipelineswithApacheAirflow/.env/lib/python3.8/site-packages/airflow/example_dags/example_branch_operator_decorator.py
[2024-03-16T11:51:49.237+0500] {processor.py:842} WARNING - No viable dags retrieved from /home/muhammadsami/Public/Projects/Airflow/DataPipelineswithApacheAirflow/.env/lib/python3.8/site-packages/airflow/example_dags/example_branch_operator_decorator.py
[2024-03-16T11:51:49.247+0500] {processor.py:183} INFO - Processing /home/muhammadsami/Public/Projects/Airflow/DataPipelineswithApacheAirflow/.env/lib/python3.8/site-packages/airflow/example_dags/example_branch_operator_decorator.py took 0.017 seconds
[2024-03-16T11:53:07.737+0500] {processor.py:161} INFO - Started process (PID=21521) to work on /home/muhammadsami/Public/Projects/Airflow/DataPipelineswithApacheAirflow/.env/lib/python3.8/site-packages/airflow/example_dags/example_branch_operator_decorator.py
[2024-03-16T11:53:07.739+0500] {processor.py:830} INFO - Processing file /home/muhammadsami/Public/Projects/Airflow/DataPipelineswithApacheAirflow/.env/lib/python3.8/site-packages/airflow/example_dags/example_branch_operator_decorator.py for tasks to queue
[2024-03-16T11:53:07.740+0500] {logging_mixin.py:188} INFO - [2024-03-16T11:53:07.739+0500] {dagbag.py:540} INFO - Filling up the DagBag from /home/muhammadsami/Public/Projects/Airflow/DataPipelineswithApacheAirflow/.env/lib/python3.8/site-packages/airflow/example_dags/example_branch_operator_decorator.py
[2024-03-16T11:53:07.743+0500] {processor.py:842} WARNING - No viable dags retrieved from /home/muhammadsami/Public/Projects/Airflow/DataPipelineswithApacheAirflow/.env/lib/python3.8/site-packages/airflow/example_dags/example_branch_operator_decorator.py
[2024-03-16T11:53:07.753+0500] {processor.py:183} INFO - Processing /home/muhammadsami/Public/Projects/Airflow/DataPipelineswithApacheAirflow/.env/lib/python3.8/site-packages/airflow/example_dags/example_branch_operator_decorator.py took 0.018 seconds
[2024-03-16T11:54:22.919+0500] {processor.py:161} INFO - Started process (PID=21680) to work on /home/muhammadsami/Public/Projects/Airflow/DataPipelineswithApacheAirflow/.env/lib/python3.8/site-packages/airflow/example_dags/example_branch_operator_decorator.py
[2024-03-16T11:54:22.929+0500] {processor.py:830} INFO - Processing file /home/muhammadsami/Public/Projects/Airflow/DataPipelineswithApacheAirflow/.env/lib/python3.8/site-packages/airflow/example_dags/example_branch_operator_decorator.py for tasks to queue
[2024-03-16T11:54:22.931+0500] {logging_mixin.py:188} INFO - [2024-03-16T11:54:22.930+0500] {dagbag.py:540} INFO - Filling up the DagBag from /home/muhammadsami/Public/Projects/Airflow/DataPipelineswithApacheAirflow/.env/lib/python3.8/site-packages/airflow/example_dags/example_branch_operator_decorator.py
[2024-03-16T11:54:22.933+0500] {processor.py:842} WARNING - No viable dags retrieved from /home/muhammadsami/Public/Projects/Airflow/DataPipelineswithApacheAirflow/.env/lib/python3.8/site-packages/airflow/example_dags/example_branch_operator_decorator.py
[2024-03-16T11:54:22.942+0500] {processor.py:183} INFO - Processing /home/muhammadsami/Public/Projects/Airflow/DataPipelineswithApacheAirflow/.env/lib/python3.8/site-packages/airflow/example_dags/example_branch_operator_decorator.py took 0.026 seconds
[2024-03-16T11:55:37.872+0500] {processor.py:161} INFO - Started process (PID=21894) to work on /home/muhammadsami/Public/Projects/Airflow/DataPipelineswithApacheAirflow/.env/lib/python3.8/site-packages/airflow/example_dags/example_branch_operator_decorator.py
[2024-03-16T11:55:37.893+0500] {processor.py:830} INFO - Processing file /home/muhammadsami/Public/Projects/Airflow/DataPipelineswithApacheAirflow/.env/lib/python3.8/site-packages/airflow/example_dags/example_branch_operator_decorator.py for tasks to queue
[2024-03-16T11:55:37.894+0500] {logging_mixin.py:188} INFO - [2024-03-16T11:55:37.893+0500] {dagbag.py:540} INFO - Filling up the DagBag from /home/muhammadsami/Public/Projects/Airflow/DataPipelineswithApacheAirflow/.env/lib/python3.8/site-packages/airflow/example_dags/example_branch_operator_decorator.py
[2024-03-16T11:55:37.897+0500] {processor.py:842} WARNING - No viable dags retrieved from /home/muhammadsami/Public/Projects/Airflow/DataPipelineswithApacheAirflow/.env/lib/python3.8/site-packages/airflow/example_dags/example_branch_operator_decorator.py
[2024-03-16T11:55:37.907+0500] {processor.py:183} INFO - Processing /home/muhammadsami/Public/Projects/Airflow/DataPipelineswithApacheAirflow/.env/lib/python3.8/site-packages/airflow/example_dags/example_branch_operator_decorator.py took 0.037 seconds
[2024-03-16T11:56:29.644+0500] {processor.py:161} INFO - Started process (PID=21949) to work on /home/muhammadsami/Public/Projects/Airflow/DataPipelineswithApacheAirflow/.env/lib/python3.8/site-packages/airflow/example_dags/example_branch_operator_decorator.py
[2024-03-16T11:56:29.655+0500] {processor.py:830} INFO - Processing file /home/muhammadsami/Public/Projects/Airflow/DataPipelineswithApacheAirflow/.env/lib/python3.8/site-packages/airflow/example_dags/example_branch_operator_decorator.py for tasks to queue
[2024-03-16T11:56:29.656+0500] {logging_mixin.py:188} INFO - [2024-03-16T11:56:29.656+0500] {dagbag.py:540} INFO - Filling up the DagBag from /home/muhammadsami/Public/Projects/Airflow/DataPipelineswithApacheAirflow/.env/lib/python3.8/site-packages/airflow/example_dags/example_branch_operator_decorator.py
[2024-03-16T11:56:29.659+0500] {processor.py:842} WARNING - No viable dags retrieved from /home/muhammadsami/Public/Projects/Airflow/DataPipelineswithApacheAirflow/.env/lib/python3.8/site-packages/airflow/example_dags/example_branch_operator_decorator.py
[2024-03-16T11:56:29.672+0500] {processor.py:183} INFO - Processing /home/muhammadsami/Public/Projects/Airflow/DataPipelineswithApacheAirflow/.env/lib/python3.8/site-packages/airflow/example_dags/example_branch_operator_decorator.py took 0.030 seconds
[2024-03-16T11:57:47.061+0500] {processor.py:161} INFO - Started process (PID=22026) to work on /home/muhammadsami/Public/Projects/Airflow/DataPipelineswithApacheAirflow/.env/lib/python3.8/site-packages/airflow/example_dags/example_branch_operator_decorator.py
[2024-03-16T11:57:47.084+0500] {processor.py:830} INFO - Processing file /home/muhammadsami/Public/Projects/Airflow/DataPipelineswithApacheAirflow/.env/lib/python3.8/site-packages/airflow/example_dags/example_branch_operator_decorator.py for tasks to queue
[2024-03-16T11:57:47.085+0500] {logging_mixin.py:188} INFO - [2024-03-16T11:57:47.084+0500] {dagbag.py:540} INFO - Filling up the DagBag from /home/muhammadsami/Public/Projects/Airflow/DataPipelineswithApacheAirflow/.env/lib/python3.8/site-packages/airflow/example_dags/example_branch_operator_decorator.py
[2024-03-16T11:57:47.087+0500] {processor.py:842} WARNING - No viable dags retrieved from /home/muhammadsami/Public/Projects/Airflow/DataPipelineswithApacheAirflow/.env/lib/python3.8/site-packages/airflow/example_dags/example_branch_operator_decorator.py
[2024-03-16T11:57:47.095+0500] {processor.py:183} INFO - Processing /home/muhammadsami/Public/Projects/Airflow/DataPipelineswithApacheAirflow/.env/lib/python3.8/site-packages/airflow/example_dags/example_branch_operator_decorator.py took 0.037 seconds
[2024-03-16T11:58:38.777+0500] {processor.py:161} INFO - Started process (PID=22130) to work on /home/muhammadsami/Public/Projects/Airflow/DataPipelineswithApacheAirflow/.env/lib/python3.8/site-packages/airflow/example_dags/example_branch_operator_decorator.py
[2024-03-16T11:58:38.779+0500] {processor.py:830} INFO - Processing file /home/muhammadsami/Public/Projects/Airflow/DataPipelineswithApacheAirflow/.env/lib/python3.8/site-packages/airflow/example_dags/example_branch_operator_decorator.py for tasks to queue
[2024-03-16T11:58:38.780+0500] {logging_mixin.py:188} INFO - [2024-03-16T11:58:38.779+0500] {dagbag.py:540} INFO - Filling up the DagBag from /home/muhammadsami/Public/Projects/Airflow/DataPipelineswithApacheAirflow/.env/lib/python3.8/site-packages/airflow/example_dags/example_branch_operator_decorator.py
[2024-03-16T11:58:38.783+0500] {processor.py:842} WARNING - No viable dags retrieved from /home/muhammadsami/Public/Projects/Airflow/DataPipelineswithApacheAirflow/.env/lib/python3.8/site-packages/airflow/example_dags/example_branch_operator_decorator.py
[2024-03-16T11:58:38.793+0500] {processor.py:183} INFO - Processing /home/muhammadsami/Public/Projects/Airflow/DataPipelineswithApacheAirflow/.env/lib/python3.8/site-packages/airflow/example_dags/example_branch_operator_decorator.py took 0.018 seconds
[2024-03-16T11:59:53.280+0500] {processor.py:161} INFO - Started process (PID=22297) to work on /home/muhammadsami/Public/Projects/Airflow/DataPipelineswithApacheAirflow/.env/lib/python3.8/site-packages/airflow/example_dags/example_branch_operator_decorator.py
[2024-03-16T11:59:53.296+0500] {processor.py:830} INFO - Processing file /home/muhammadsami/Public/Projects/Airflow/DataPipelineswithApacheAirflow/.env/lib/python3.8/site-packages/airflow/example_dags/example_branch_operator_decorator.py for tasks to queue
[2024-03-16T11:59:53.297+0500] {logging_mixin.py:188} INFO - [2024-03-16T11:59:53.297+0500] {dagbag.py:540} INFO - Filling up the DagBag from /home/muhammadsami/Public/Projects/Airflow/DataPipelineswithApacheAirflow/.env/lib/python3.8/site-packages/airflow/example_dags/example_branch_operator_decorator.py
[2024-03-16T11:59:53.300+0500] {processor.py:842} WARNING - No viable dags retrieved from /home/muhammadsami/Public/Projects/Airflow/DataPipelineswithApacheAirflow/.env/lib/python3.8/site-packages/airflow/example_dags/example_branch_operator_decorator.py
[2024-03-16T11:59:53.311+0500] {processor.py:183} INFO - Processing /home/muhammadsami/Public/Projects/Airflow/DataPipelineswithApacheAirflow/.env/lib/python3.8/site-packages/airflow/example_dags/example_branch_operator_decorator.py took 0.033 seconds
[2024-03-16T12:00:47.126+0500] {processor.py:161} INFO - Started process (PID=22348) to work on /home/muhammadsami/Public/Projects/Airflow/DataPipelineswithApacheAirflow/.env/lib/python3.8/site-packages/airflow/example_dags/example_branch_operator_decorator.py
[2024-03-16T12:00:47.128+0500] {processor.py:830} INFO - Processing file /home/muhammadsami/Public/Projects/Airflow/DataPipelineswithApacheAirflow/.env/lib/python3.8/site-packages/airflow/example_dags/example_branch_operator_decorator.py for tasks to queue
[2024-03-16T12:00:47.129+0500] {logging_mixin.py:188} INFO - [2024-03-16T12:00:47.128+0500] {dagbag.py:540} INFO - Filling up the DagBag from /home/muhammadsami/Public/Projects/Airflow/DataPipelineswithApacheAirflow/.env/lib/python3.8/site-packages/airflow/example_dags/example_branch_operator_decorator.py
[2024-03-16T12:00:47.133+0500] {processor.py:842} WARNING - No viable dags retrieved from /home/muhammadsami/Public/Projects/Airflow/DataPipelineswithApacheAirflow/.env/lib/python3.8/site-packages/airflow/example_dags/example_branch_operator_decorator.py
[2024-03-16T12:00:47.143+0500] {processor.py:183} INFO - Processing /home/muhammadsami/Public/Projects/Airflow/DataPipelineswithApacheAirflow/.env/lib/python3.8/site-packages/airflow/example_dags/example_branch_operator_decorator.py took 0.019 seconds
[2024-03-16T12:01:39.751+0500] {processor.py:161} INFO - Started process (PID=22400) to work on /home/muhammadsami/Public/Projects/Airflow/DataPipelineswithApacheAirflow/.env/lib/python3.8/site-packages/airflow/example_dags/example_branch_operator_decorator.py
[2024-03-16T12:01:39.752+0500] {processor.py:830} INFO - Processing file /home/muhammadsami/Public/Projects/Airflow/DataPipelineswithApacheAirflow/.env/lib/python3.8/site-packages/airflow/example_dags/example_branch_operator_decorator.py for tasks to queue
[2024-03-16T12:01:39.753+0500] {logging_mixin.py:188} INFO - [2024-03-16T12:01:39.752+0500] {dagbag.py:540} INFO - Filling up the DagBag from /home/muhammadsami/Public/Projects/Airflow/DataPipelineswithApacheAirflow/.env/lib/python3.8/site-packages/airflow/example_dags/example_branch_operator_decorator.py
[2024-03-16T12:01:39.755+0500] {processor.py:842} WARNING - No viable dags retrieved from /home/muhammadsami/Public/Projects/Airflow/DataPipelineswithApacheAirflow/.env/lib/python3.8/site-packages/airflow/example_dags/example_branch_operator_decorator.py
[2024-03-16T12:01:39.767+0500] {processor.py:183} INFO - Processing /home/muhammadsami/Public/Projects/Airflow/DataPipelineswithApacheAirflow/.env/lib/python3.8/site-packages/airflow/example_dags/example_branch_operator_decorator.py took 0.019 seconds
