[2024-03-16T11:22:52.081+0500] {processor.py:161} INFO - Started process (PID=18185) to work on /home/muhammadsami/Public/Projects/Airflow/DataPipelineswithApacheAirflow/.env/lib/python3.8/site-packages/airflow/example_dags/example_params_ui_tutorial.py
[2024-03-16T11:22:52.082+0500] {processor.py:830} INFO - Processing file /home/muhammadsami/Public/Projects/Airflow/DataPipelineswithApacheAirflow/.env/lib/python3.8/site-packages/airflow/example_dags/example_params_ui_tutorial.py for tasks to queue
[2024-03-16T11:22:52.083+0500] {logging_mixin.py:188} INFO - [2024-03-16T11:22:52.082+0500] {dagbag.py:540} INFO - Filling up the DagBag from /home/muhammadsami/Public/Projects/Airflow/DataPipelineswithApacheAirflow/.env/lib/python3.8/site-packages/airflow/example_dags/example_params_ui_tutorial.py
[2024-03-16T11:22:52.096+0500] {processor.py:840} INFO - DAG(s) 'example_params_ui_tutorial' retrieved from /home/muhammadsami/Public/Projects/Airflow/DataPipelineswithApacheAirflow/.env/lib/python3.8/site-packages/airflow/example_dags/example_params_ui_tutorial.py
[2024-03-16T11:22:52.614+0500] {logging_mixin.py:188} INFO - [2024-03-16T11:22:52.613+0500] {override.py:1769} INFO - Created Permission View: can edit on DAG:example_params_ui_tutorial
[2024-03-16T11:22:52.845+0500] {logging_mixin.py:188} INFO - [2024-03-16T11:22:52.844+0500] {override.py:1769} INFO - Created Permission View: can delete on DAG:example_params_ui_tutorial
[2024-03-16T11:22:52.953+0500] {logging_mixin.py:188} INFO - [2024-03-16T11:22:52.952+0500] {override.py:1769} INFO - Created Permission View: can read on DAG:example_params_ui_tutorial
[2024-03-16T11:22:52.953+0500] {logging_mixin.py:188} INFO - [2024-03-16T11:22:52.953+0500] {dag.py:3047} INFO - Sync 1 DAGs
[2024-03-16T11:22:53.054+0500] {logging_mixin.py:188} INFO - [2024-03-16T11:22:53.054+0500] {dag.py:3069} INFO - Creating ORM DAG for example_params_ui_tutorial
[2024-03-16T11:22:53.055+0500] {logging_mixin.py:188} INFO - [2024-03-16T11:22:53.055+0500] {dag.py:3834} INFO - Setting next_dagrun for example_params_ui_tutorial to None, run_after=None
[2024-03-16T11:22:53.244+0500] {processor.py:183} INFO - Processing /home/muhammadsami/Public/Projects/Airflow/DataPipelineswithApacheAirflow/.env/lib/python3.8/site-packages/airflow/example_dags/example_params_ui_tutorial.py took 1.166 seconds
[2024-03-16T11:24:09.952+0500] {processor.py:161} INFO - Started process (PID=18461) to work on /home/muhammadsami/Public/Projects/Airflow/DataPipelineswithApacheAirflow/.env/lib/python3.8/site-packages/airflow/example_dags/example_params_ui_tutorial.py
[2024-03-16T11:24:09.953+0500] {processor.py:830} INFO - Processing file /home/muhammadsami/Public/Projects/Airflow/DataPipelineswithApacheAirflow/.env/lib/python3.8/site-packages/airflow/example_dags/example_params_ui_tutorial.py for tasks to queue
[2024-03-16T11:24:09.954+0500] {logging_mixin.py:188} INFO - [2024-03-16T11:24:09.954+0500] {dagbag.py:540} INFO - Filling up the DagBag from /home/muhammadsami/Public/Projects/Airflow/DataPipelineswithApacheAirflow/.env/lib/python3.8/site-packages/airflow/example_dags/example_params_ui_tutorial.py
[2024-03-16T11:24:09.964+0500] {processor.py:840} INFO - DAG(s) 'example_params_ui_tutorial' retrieved from /home/muhammadsami/Public/Projects/Airflow/DataPipelineswithApacheAirflow/.env/lib/python3.8/site-packages/airflow/example_dags/example_params_ui_tutorial.py
[2024-03-16T11:24:10.010+0500] {logging_mixin.py:188} INFO - [2024-03-16T11:24:10.010+0500] {dag.py:3047} INFO - Sync 1 DAGs
[2024-03-16T11:24:10.020+0500] {logging_mixin.py:188} INFO - [2024-03-16T11:24:10.020+0500] {dag.py:3834} INFO - Setting next_dagrun for example_params_ui_tutorial to None, run_after=None
[2024-03-16T11:24:10.236+0500] {processor.py:183} INFO - Processing /home/muhammadsami/Public/Projects/Airflow/DataPipelineswithApacheAirflow/.env/lib/python3.8/site-packages/airflow/example_dags/example_params_ui_tutorial.py took 0.287 seconds
[2024-03-16T11:25:06.572+0500] {processor.py:161} INFO - Started process (PID=18598) to work on /home/muhammadsami/Public/Projects/Airflow/DataPipelineswithApacheAirflow/.env/lib/python3.8/site-packages/airflow/example_dags/example_params_ui_tutorial.py
[2024-03-16T11:25:06.573+0500] {processor.py:830} INFO - Processing file /home/muhammadsami/Public/Projects/Airflow/DataPipelineswithApacheAirflow/.env/lib/python3.8/site-packages/airflow/example_dags/example_params_ui_tutorial.py for tasks to queue
[2024-03-16T11:25:06.574+0500] {logging_mixin.py:188} INFO - [2024-03-16T11:25:06.573+0500] {dagbag.py:540} INFO - Filling up the DagBag from /home/muhammadsami/Public/Projects/Airflow/DataPipelineswithApacheAirflow/.env/lib/python3.8/site-packages/airflow/example_dags/example_params_ui_tutorial.py
[2024-03-16T11:25:06.586+0500] {processor.py:840} INFO - DAG(s) 'example_params_ui_tutorial' retrieved from /home/muhammadsami/Public/Projects/Airflow/DataPipelineswithApacheAirflow/.env/lib/python3.8/site-packages/airflow/example_dags/example_params_ui_tutorial.py
[2024-03-16T11:25:06.629+0500] {logging_mixin.py:188} INFO - [2024-03-16T11:25:06.629+0500] {dag.py:3047} INFO - Sync 1 DAGs
[2024-03-16T11:25:06.639+0500] {logging_mixin.py:188} INFO - [2024-03-16T11:25:06.638+0500] {dag.py:3834} INFO - Setting next_dagrun for example_params_ui_tutorial to None, run_after=None
[2024-03-16T11:25:06.729+0500] {processor.py:183} INFO - Processing /home/muhammadsami/Public/Projects/Airflow/DataPipelineswithApacheAirflow/.env/lib/python3.8/site-packages/airflow/example_dags/example_params_ui_tutorial.py took 0.160 seconds
[2024-03-16T11:26:11.252+0500] {processor.py:161} INFO - Started process (PID=18675) to work on /home/muhammadsami/Public/Projects/Airflow/DataPipelineswithApacheAirflow/.env/lib/python3.8/site-packages/airflow/example_dags/example_params_ui_tutorial.py
[2024-03-16T11:26:11.253+0500] {processor.py:830} INFO - Processing file /home/muhammadsami/Public/Projects/Airflow/DataPipelineswithApacheAirflow/.env/lib/python3.8/site-packages/airflow/example_dags/example_params_ui_tutorial.py for tasks to queue
[2024-03-16T11:26:11.254+0500] {logging_mixin.py:188} INFO - [2024-03-16T11:26:11.254+0500] {dagbag.py:540} INFO - Filling up the DagBag from /home/muhammadsami/Public/Projects/Airflow/DataPipelineswithApacheAirflow/.env/lib/python3.8/site-packages/airflow/example_dags/example_params_ui_tutorial.py
[2024-03-16T11:26:11.267+0500] {processor.py:840} INFO - DAG(s) 'example_params_ui_tutorial' retrieved from /home/muhammadsami/Public/Projects/Airflow/DataPipelineswithApacheAirflow/.env/lib/python3.8/site-packages/airflow/example_dags/example_params_ui_tutorial.py
[2024-03-16T11:26:11.315+0500] {logging_mixin.py:188} INFO - [2024-03-16T11:26:11.315+0500] {dag.py:3047} INFO - Sync 1 DAGs
[2024-03-16T11:26:11.325+0500] {logging_mixin.py:188} INFO - [2024-03-16T11:26:11.325+0500] {dag.py:3834} INFO - Setting next_dagrun for example_params_ui_tutorial to None, run_after=None
[2024-03-16T11:26:11.425+0500] {processor.py:183} INFO - Processing /home/muhammadsami/Public/Projects/Airflow/DataPipelineswithApacheAirflow/.env/lib/python3.8/site-packages/airflow/example_dags/example_params_ui_tutorial.py took 0.175 seconds
[2024-03-16T11:27:03.481+0500] {processor.py:161} INFO - Started process (PID=18756) to work on /home/muhammadsami/Public/Projects/Airflow/DataPipelineswithApacheAirflow/.env/lib/python3.8/site-packages/airflow/example_dags/example_params_ui_tutorial.py
[2024-03-16T11:27:03.482+0500] {processor.py:830} INFO - Processing file /home/muhammadsami/Public/Projects/Airflow/DataPipelineswithApacheAirflow/.env/lib/python3.8/site-packages/airflow/example_dags/example_params_ui_tutorial.py for tasks to queue
[2024-03-16T11:27:03.483+0500] {logging_mixin.py:188} INFO - [2024-03-16T11:27:03.483+0500] {dagbag.py:540} INFO - Filling up the DagBag from /home/muhammadsami/Public/Projects/Airflow/DataPipelineswithApacheAirflow/.env/lib/python3.8/site-packages/airflow/example_dags/example_params_ui_tutorial.py
[2024-03-16T11:27:03.495+0500] {processor.py:840} INFO - DAG(s) 'example_params_ui_tutorial' retrieved from /home/muhammadsami/Public/Projects/Airflow/DataPipelineswithApacheAirflow/.env/lib/python3.8/site-packages/airflow/example_dags/example_params_ui_tutorial.py
[2024-03-16T11:27:03.541+0500] {logging_mixin.py:188} INFO - [2024-03-16T11:27:03.541+0500] {dag.py:3047} INFO - Sync 1 DAGs
[2024-03-16T11:27:03.551+0500] {logging_mixin.py:188} INFO - [2024-03-16T11:27:03.551+0500] {dag.py:3834} INFO - Setting next_dagrun for example_params_ui_tutorial to None, run_after=None
[2024-03-16T11:27:03.654+0500] {processor.py:183} INFO - Processing /home/muhammadsami/Public/Projects/Airflow/DataPipelineswithApacheAirflow/.env/lib/python3.8/site-packages/airflow/example_dags/example_params_ui_tutorial.py took 0.176 seconds
[2024-03-16T11:27:52.093+0500] {processor.py:161} INFO - Started process (PID=18806) to work on /home/muhammadsami/Public/Projects/Airflow/DataPipelineswithApacheAirflow/.env/lib/python3.8/site-packages/airflow/example_dags/example_params_ui_tutorial.py
[2024-03-16T11:27:52.095+0500] {processor.py:830} INFO - Processing file /home/muhammadsami/Public/Projects/Airflow/DataPipelineswithApacheAirflow/.env/lib/python3.8/site-packages/airflow/example_dags/example_params_ui_tutorial.py for tasks to queue
[2024-03-16T11:27:52.096+0500] {logging_mixin.py:188} INFO - [2024-03-16T11:27:52.096+0500] {dagbag.py:540} INFO - Filling up the DagBag from /home/muhammadsami/Public/Projects/Airflow/DataPipelineswithApacheAirflow/.env/lib/python3.8/site-packages/airflow/example_dags/example_params_ui_tutorial.py
[2024-03-16T11:27:52.112+0500] {processor.py:840} INFO - DAG(s) 'example_params_ui_tutorial' retrieved from /home/muhammadsami/Public/Projects/Airflow/DataPipelineswithApacheAirflow/.env/lib/python3.8/site-packages/airflow/example_dags/example_params_ui_tutorial.py
[2024-03-16T11:27:52.157+0500] {logging_mixin.py:188} INFO - [2024-03-16T11:27:52.157+0500] {dag.py:3047} INFO - Sync 1 DAGs
[2024-03-16T11:27:52.167+0500] {logging_mixin.py:188} INFO - [2024-03-16T11:27:52.166+0500] {dag.py:3834} INFO - Setting next_dagrun for example_params_ui_tutorial to None, run_after=None
[2024-03-16T11:27:52.261+0500] {processor.py:183} INFO - Processing /home/muhammadsami/Public/Projects/Airflow/DataPipelineswithApacheAirflow/.env/lib/python3.8/site-packages/airflow/example_dags/example_params_ui_tutorial.py took 0.170 seconds
[2024-03-16T11:28:40.948+0500] {processor.py:161} INFO - Started process (PID=18852) to work on /home/muhammadsami/Public/Projects/Airflow/DataPipelineswithApacheAirflow/.env/lib/python3.8/site-packages/airflow/example_dags/example_params_ui_tutorial.py
[2024-03-16T11:28:40.949+0500] {processor.py:830} INFO - Processing file /home/muhammadsami/Public/Projects/Airflow/DataPipelineswithApacheAirflow/.env/lib/python3.8/site-packages/airflow/example_dags/example_params_ui_tutorial.py for tasks to queue
[2024-03-16T11:28:40.950+0500] {logging_mixin.py:188} INFO - [2024-03-16T11:28:40.949+0500] {dagbag.py:540} INFO - Filling up the DagBag from /home/muhammadsami/Public/Projects/Airflow/DataPipelineswithApacheAirflow/.env/lib/python3.8/site-packages/airflow/example_dags/example_params_ui_tutorial.py
[2024-03-16T11:28:40.960+0500] {processor.py:840} INFO - DAG(s) 'example_params_ui_tutorial' retrieved from /home/muhammadsami/Public/Projects/Airflow/DataPipelineswithApacheAirflow/.env/lib/python3.8/site-packages/airflow/example_dags/example_params_ui_tutorial.py
[2024-03-16T11:28:41.003+0500] {logging_mixin.py:188} INFO - [2024-03-16T11:28:41.003+0500] {dag.py:3047} INFO - Sync 1 DAGs
[2024-03-16T11:28:41.014+0500] {logging_mixin.py:188} INFO - [2024-03-16T11:28:41.013+0500] {dag.py:3834} INFO - Setting next_dagrun for example_params_ui_tutorial to None, run_after=None
[2024-03-16T11:28:41.123+0500] {processor.py:183} INFO - Processing /home/muhammadsami/Public/Projects/Airflow/DataPipelineswithApacheAirflow/.env/lib/python3.8/site-packages/airflow/example_dags/example_params_ui_tutorial.py took 0.178 seconds
[2024-03-16T11:29:31.806+0500] {processor.py:161} INFO - Started process (PID=18925) to work on /home/muhammadsami/Public/Projects/Airflow/DataPipelineswithApacheAirflow/.env/lib/python3.8/site-packages/airflow/example_dags/example_params_ui_tutorial.py
[2024-03-16T11:29:31.808+0500] {processor.py:830} INFO - Processing file /home/muhammadsami/Public/Projects/Airflow/DataPipelineswithApacheAirflow/.env/lib/python3.8/site-packages/airflow/example_dags/example_params_ui_tutorial.py for tasks to queue
[2024-03-16T11:29:31.810+0500] {logging_mixin.py:188} INFO - [2024-03-16T11:29:31.809+0500] {dagbag.py:540} INFO - Filling up the DagBag from /home/muhammadsami/Public/Projects/Airflow/DataPipelineswithApacheAirflow/.env/lib/python3.8/site-packages/airflow/example_dags/example_params_ui_tutorial.py
[2024-03-16T11:29:31.851+0500] {processor.py:840} INFO - DAG(s) 'example_params_ui_tutorial' retrieved from /home/muhammadsami/Public/Projects/Airflow/DataPipelineswithApacheAirflow/.env/lib/python3.8/site-packages/airflow/example_dags/example_params_ui_tutorial.py
[2024-03-16T11:29:31.942+0500] {logging_mixin.py:188} INFO - [2024-03-16T11:29:31.942+0500] {dag.py:3047} INFO - Sync 1 DAGs
[2024-03-16T11:29:31.955+0500] {logging_mixin.py:188} INFO - [2024-03-16T11:29:31.955+0500] {dag.py:3834} INFO - Setting next_dagrun for example_params_ui_tutorial to None, run_after=None
[2024-03-16T11:29:32.061+0500] {processor.py:183} INFO - Processing /home/muhammadsami/Public/Projects/Airflow/DataPipelineswithApacheAirflow/.env/lib/python3.8/site-packages/airflow/example_dags/example_params_ui_tutorial.py took 0.259 seconds
[2024-03-16T11:30:23.138+0500] {processor.py:161} INFO - Started process (PID=18987) to work on /home/muhammadsami/Public/Projects/Airflow/DataPipelineswithApacheAirflow/.env/lib/python3.8/site-packages/airflow/example_dags/example_params_ui_tutorial.py
[2024-03-16T11:30:23.139+0500] {processor.py:830} INFO - Processing file /home/muhammadsami/Public/Projects/Airflow/DataPipelineswithApacheAirflow/.env/lib/python3.8/site-packages/airflow/example_dags/example_params_ui_tutorial.py for tasks to queue
[2024-03-16T11:30:23.140+0500] {logging_mixin.py:188} INFO - [2024-03-16T11:30:23.140+0500] {dagbag.py:540} INFO - Filling up the DagBag from /home/muhammadsami/Public/Projects/Airflow/DataPipelineswithApacheAirflow/.env/lib/python3.8/site-packages/airflow/example_dags/example_params_ui_tutorial.py
[2024-03-16T11:30:23.152+0500] {processor.py:840} INFO - DAG(s) 'example_params_ui_tutorial' retrieved from /home/muhammadsami/Public/Projects/Airflow/DataPipelineswithApacheAirflow/.env/lib/python3.8/site-packages/airflow/example_dags/example_params_ui_tutorial.py
[2024-03-16T11:30:23.198+0500] {logging_mixin.py:188} INFO - [2024-03-16T11:30:23.197+0500] {dag.py:3047} INFO - Sync 1 DAGs
[2024-03-16T11:30:23.207+0500] {logging_mixin.py:188} INFO - [2024-03-16T11:30:23.207+0500] {dag.py:3834} INFO - Setting next_dagrun for example_params_ui_tutorial to None, run_after=None
[2024-03-16T11:30:23.296+0500] {processor.py:183} INFO - Processing /home/muhammadsami/Public/Projects/Airflow/DataPipelineswithApacheAirflow/.env/lib/python3.8/site-packages/airflow/example_dags/example_params_ui_tutorial.py took 0.161 seconds
[2024-03-16T11:39:04.086+0500] {processor.py:161} INFO - Started process (PID=19626) to work on /home/muhammadsami/Public/Projects/Airflow/DataPipelineswithApacheAirflow/.env/lib/python3.8/site-packages/airflow/example_dags/example_params_ui_tutorial.py
[2024-03-16T11:39:04.087+0500] {processor.py:830} INFO - Processing file /home/muhammadsami/Public/Projects/Airflow/DataPipelineswithApacheAirflow/.env/lib/python3.8/site-packages/airflow/example_dags/example_params_ui_tutorial.py for tasks to queue
[2024-03-16T11:39:04.088+0500] {logging_mixin.py:188} INFO - [2024-03-16T11:39:04.088+0500] {dagbag.py:540} INFO - Filling up the DagBag from /home/muhammadsami/Public/Projects/Airflow/DataPipelineswithApacheAirflow/.env/lib/python3.8/site-packages/airflow/example_dags/example_params_ui_tutorial.py
[2024-03-16T11:39:04.099+0500] {processor.py:840} INFO - DAG(s) 'example_params_ui_tutorial' retrieved from /home/muhammadsami/Public/Projects/Airflow/DataPipelineswithApacheAirflow/.env/lib/python3.8/site-packages/airflow/example_dags/example_params_ui_tutorial.py
[2024-03-16T11:39:04.144+0500] {logging_mixin.py:188} INFO - [2024-03-16T11:39:04.144+0500] {dag.py:3047} INFO - Sync 1 DAGs
[2024-03-16T11:39:04.156+0500] {logging_mixin.py:188} INFO - [2024-03-16T11:39:04.155+0500] {dag.py:3834} INFO - Setting next_dagrun for example_params_ui_tutorial to None, run_after=None
[2024-03-16T11:39:04.257+0500] {processor.py:183} INFO - Processing /home/muhammadsami/Public/Projects/Airflow/DataPipelineswithApacheAirflow/.env/lib/python3.8/site-packages/airflow/example_dags/example_params_ui_tutorial.py took 0.174 seconds
[2024-03-16T11:40:11.501+0500] {processor.py:161} INFO - Started process (PID=19940) to work on /home/muhammadsami/Public/Projects/Airflow/DataPipelineswithApacheAirflow/.env/lib/python3.8/site-packages/airflow/example_dags/example_params_ui_tutorial.py
[2024-03-16T11:40:11.502+0500] {processor.py:830} INFO - Processing file /home/muhammadsami/Public/Projects/Airflow/DataPipelineswithApacheAirflow/.env/lib/python3.8/site-packages/airflow/example_dags/example_params_ui_tutorial.py for tasks to queue
[2024-03-16T11:40:11.503+0500] {logging_mixin.py:188} INFO - [2024-03-16T11:40:11.503+0500] {dagbag.py:540} INFO - Filling up the DagBag from /home/muhammadsami/Public/Projects/Airflow/DataPipelineswithApacheAirflow/.env/lib/python3.8/site-packages/airflow/example_dags/example_params_ui_tutorial.py
[2024-03-16T11:40:11.516+0500] {processor.py:840} INFO - DAG(s) 'example_params_ui_tutorial' retrieved from /home/muhammadsami/Public/Projects/Airflow/DataPipelineswithApacheAirflow/.env/lib/python3.8/site-packages/airflow/example_dags/example_params_ui_tutorial.py
[2024-03-16T11:40:11.569+0500] {logging_mixin.py:188} INFO - [2024-03-16T11:40:11.569+0500] {dag.py:3047} INFO - Sync 1 DAGs
[2024-03-16T11:40:11.581+0500] {logging_mixin.py:188} INFO - [2024-03-16T11:40:11.581+0500] {dag.py:3834} INFO - Setting next_dagrun for example_params_ui_tutorial to None, run_after=None
[2024-03-16T11:40:11.774+0500] {processor.py:183} INFO - Processing /home/muhammadsami/Public/Projects/Airflow/DataPipelineswithApacheAirflow/.env/lib/python3.8/site-packages/airflow/example_dags/example_params_ui_tutorial.py took 0.276 seconds
[2024-03-16T11:41:29.775+0500] {processor.py:161} INFO - Started process (PID=20190) to work on /home/muhammadsami/Public/Projects/Airflow/DataPipelineswithApacheAirflow/.env/lib/python3.8/site-packages/airflow/example_dags/example_params_ui_tutorial.py
[2024-03-16T11:41:29.776+0500] {processor.py:830} INFO - Processing file /home/muhammadsami/Public/Projects/Airflow/DataPipelineswithApacheAirflow/.env/lib/python3.8/site-packages/airflow/example_dags/example_params_ui_tutorial.py for tasks to queue
[2024-03-16T11:41:29.777+0500] {logging_mixin.py:188} INFO - [2024-03-16T11:41:29.777+0500] {dagbag.py:540} INFO - Filling up the DagBag from /home/muhammadsami/Public/Projects/Airflow/DataPipelineswithApacheAirflow/.env/lib/python3.8/site-packages/airflow/example_dags/example_params_ui_tutorial.py
[2024-03-16T11:41:29.788+0500] {processor.py:840} INFO - DAG(s) 'example_params_ui_tutorial' retrieved from /home/muhammadsami/Public/Projects/Airflow/DataPipelineswithApacheAirflow/.env/lib/python3.8/site-packages/airflow/example_dags/example_params_ui_tutorial.py
[2024-03-16T11:41:29.836+0500] {logging_mixin.py:188} INFO - [2024-03-16T11:41:29.836+0500] {dag.py:3047} INFO - Sync 1 DAGs
[2024-03-16T11:41:29.846+0500] {logging_mixin.py:188} INFO - [2024-03-16T11:41:29.846+0500] {dag.py:3834} INFO - Setting next_dagrun for example_params_ui_tutorial to None, run_after=None
[2024-03-16T11:41:29.949+0500] {processor.py:183} INFO - Processing /home/muhammadsami/Public/Projects/Airflow/DataPipelineswithApacheAirflow/.env/lib/python3.8/site-packages/airflow/example_dags/example_params_ui_tutorial.py took 0.176 seconds
[2024-03-16T11:42:24.377+0500] {processor.py:161} INFO - Started process (PID=20253) to work on /home/muhammadsami/Public/Projects/Airflow/DataPipelineswithApacheAirflow/.env/lib/python3.8/site-packages/airflow/example_dags/example_params_ui_tutorial.py
[2024-03-16T11:42:24.379+0500] {processor.py:830} INFO - Processing file /home/muhammadsami/Public/Projects/Airflow/DataPipelineswithApacheAirflow/.env/lib/python3.8/site-packages/airflow/example_dags/example_params_ui_tutorial.py for tasks to queue
[2024-03-16T11:42:24.380+0500] {logging_mixin.py:188} INFO - [2024-03-16T11:42:24.379+0500] {dagbag.py:540} INFO - Filling up the DagBag from /home/muhammadsami/Public/Projects/Airflow/DataPipelineswithApacheAirflow/.env/lib/python3.8/site-packages/airflow/example_dags/example_params_ui_tutorial.py
[2024-03-16T11:42:24.390+0500] {processor.py:840} INFO - DAG(s) 'example_params_ui_tutorial' retrieved from /home/muhammadsami/Public/Projects/Airflow/DataPipelineswithApacheAirflow/.env/lib/python3.8/site-packages/airflow/example_dags/example_params_ui_tutorial.py
[2024-03-16T11:42:24.434+0500] {logging_mixin.py:188} INFO - [2024-03-16T11:42:24.434+0500] {dag.py:3047} INFO - Sync 1 DAGs
[2024-03-16T11:42:24.443+0500] {logging_mixin.py:188} INFO - [2024-03-16T11:42:24.443+0500] {dag.py:3834} INFO - Setting next_dagrun for example_params_ui_tutorial to None, run_after=None
[2024-03-16T11:42:24.534+0500] {processor.py:183} INFO - Processing /home/muhammadsami/Public/Projects/Airflow/DataPipelineswithApacheAirflow/.env/lib/python3.8/site-packages/airflow/example_dags/example_params_ui_tutorial.py took 0.159 seconds
[2024-03-16T11:43:17.782+0500] {processor.py:161} INFO - Started process (PID=20311) to work on /home/muhammadsami/Public/Projects/Airflow/DataPipelineswithApacheAirflow/.env/lib/python3.8/site-packages/airflow/example_dags/example_params_ui_tutorial.py
[2024-03-16T11:43:17.783+0500] {processor.py:830} INFO - Processing file /home/muhammadsami/Public/Projects/Airflow/DataPipelineswithApacheAirflow/.env/lib/python3.8/site-packages/airflow/example_dags/example_params_ui_tutorial.py for tasks to queue
[2024-03-16T11:43:17.784+0500] {logging_mixin.py:188} INFO - [2024-03-16T11:43:17.784+0500] {dagbag.py:540} INFO - Filling up the DagBag from /home/muhammadsami/Public/Projects/Airflow/DataPipelineswithApacheAirflow/.env/lib/python3.8/site-packages/airflow/example_dags/example_params_ui_tutorial.py
[2024-03-16T11:43:17.795+0500] {processor.py:840} INFO - DAG(s) 'example_params_ui_tutorial' retrieved from /home/muhammadsami/Public/Projects/Airflow/DataPipelineswithApacheAirflow/.env/lib/python3.8/site-packages/airflow/example_dags/example_params_ui_tutorial.py
[2024-03-16T11:43:17.840+0500] {logging_mixin.py:188} INFO - [2024-03-16T11:43:17.839+0500] {dag.py:3047} INFO - Sync 1 DAGs
[2024-03-16T11:43:17.849+0500] {logging_mixin.py:188} INFO - [2024-03-16T11:43:17.849+0500] {dag.py:3834} INFO - Setting next_dagrun for example_params_ui_tutorial to None, run_after=None
[2024-03-16T11:43:17.951+0500] {processor.py:183} INFO - Processing /home/muhammadsami/Public/Projects/Airflow/DataPipelineswithApacheAirflow/.env/lib/python3.8/site-packages/airflow/example_dags/example_params_ui_tutorial.py took 0.172 seconds
[2024-03-16T11:44:10.283+0500] {processor.py:161} INFO - Started process (PID=20388) to work on /home/muhammadsami/Public/Projects/Airflow/DataPipelineswithApacheAirflow/.env/lib/python3.8/site-packages/airflow/example_dags/example_params_ui_tutorial.py
[2024-03-16T11:44:10.293+0500] {processor.py:830} INFO - Processing file /home/muhammadsami/Public/Projects/Airflow/DataPipelineswithApacheAirflow/.env/lib/python3.8/site-packages/airflow/example_dags/example_params_ui_tutorial.py for tasks to queue
[2024-03-16T11:44:10.294+0500] {logging_mixin.py:188} INFO - [2024-03-16T11:44:10.294+0500] {dagbag.py:540} INFO - Filling up the DagBag from /home/muhammadsami/Public/Projects/Airflow/DataPipelineswithApacheAirflow/.env/lib/python3.8/site-packages/airflow/example_dags/example_params_ui_tutorial.py
[2024-03-16T11:44:10.304+0500] {processor.py:840} INFO - DAG(s) 'example_params_ui_tutorial' retrieved from /home/muhammadsami/Public/Projects/Airflow/DataPipelineswithApacheAirflow/.env/lib/python3.8/site-packages/airflow/example_dags/example_params_ui_tutorial.py
[2024-03-16T11:44:10.349+0500] {logging_mixin.py:188} INFO - [2024-03-16T11:44:10.348+0500] {dag.py:3047} INFO - Sync 1 DAGs
[2024-03-16T11:44:10.358+0500] {logging_mixin.py:188} INFO - [2024-03-16T11:44:10.358+0500] {dag.py:3834} INFO - Setting next_dagrun for example_params_ui_tutorial to None, run_after=None
[2024-03-16T11:44:10.452+0500] {processor.py:183} INFO - Processing /home/muhammadsami/Public/Projects/Airflow/DataPipelineswithApacheAirflow/.env/lib/python3.8/site-packages/airflow/example_dags/example_params_ui_tutorial.py took 0.171 seconds
[2024-03-16T11:45:13.015+0500] {processor.py:161} INFO - Started process (PID=20777) to work on /home/muhammadsami/Public/Projects/Airflow/DataPipelineswithApacheAirflow/.env/lib/python3.8/site-packages/airflow/example_dags/example_params_ui_tutorial.py
[2024-03-16T11:45:13.016+0500] {processor.py:830} INFO - Processing file /home/muhammadsami/Public/Projects/Airflow/DataPipelineswithApacheAirflow/.env/lib/python3.8/site-packages/airflow/example_dags/example_params_ui_tutorial.py for tasks to queue
[2024-03-16T11:45:13.017+0500] {logging_mixin.py:188} INFO - [2024-03-16T11:45:13.017+0500] {dagbag.py:540} INFO - Filling up the DagBag from /home/muhammadsami/Public/Projects/Airflow/DataPipelineswithApacheAirflow/.env/lib/python3.8/site-packages/airflow/example_dags/example_params_ui_tutorial.py
[2024-03-16T11:45:13.035+0500] {processor.py:840} INFO - DAG(s) 'example_params_ui_tutorial' retrieved from /home/muhammadsami/Public/Projects/Airflow/DataPipelineswithApacheAirflow/.env/lib/python3.8/site-packages/airflow/example_dags/example_params_ui_tutorial.py
[2024-03-16T11:45:13.107+0500] {logging_mixin.py:188} INFO - [2024-03-16T11:45:13.107+0500] {dag.py:3047} INFO - Sync 1 DAGs
[2024-03-16T11:45:13.123+0500] {logging_mixin.py:188} INFO - [2024-03-16T11:45:13.122+0500] {dag.py:3834} INFO - Setting next_dagrun for example_params_ui_tutorial to None, run_after=None
[2024-03-16T11:45:13.229+0500] {processor.py:183} INFO - Processing /home/muhammadsami/Public/Projects/Airflow/DataPipelineswithApacheAirflow/.env/lib/python3.8/site-packages/airflow/example_dags/example_params_ui_tutorial.py took 0.218 seconds
[2024-03-16T11:46:16.490+0500] {processor.py:161} INFO - Started process (PID=20865) to work on /home/muhammadsami/Public/Projects/Airflow/DataPipelineswithApacheAirflow/.env/lib/python3.8/site-packages/airflow/example_dags/example_params_ui_tutorial.py
[2024-03-16T11:46:16.502+0500] {processor.py:830} INFO - Processing file /home/muhammadsami/Public/Projects/Airflow/DataPipelineswithApacheAirflow/.env/lib/python3.8/site-packages/airflow/example_dags/example_params_ui_tutorial.py for tasks to queue
[2024-03-16T11:46:16.503+0500] {logging_mixin.py:188} INFO - [2024-03-16T11:46:16.502+0500] {dagbag.py:540} INFO - Filling up the DagBag from /home/muhammadsami/Public/Projects/Airflow/DataPipelineswithApacheAirflow/.env/lib/python3.8/site-packages/airflow/example_dags/example_params_ui_tutorial.py
[2024-03-16T11:46:16.513+0500] {processor.py:840} INFO - DAG(s) 'example_params_ui_tutorial' retrieved from /home/muhammadsami/Public/Projects/Airflow/DataPipelineswithApacheAirflow/.env/lib/python3.8/site-packages/airflow/example_dags/example_params_ui_tutorial.py
[2024-03-16T11:46:16.560+0500] {logging_mixin.py:188} INFO - [2024-03-16T11:46:16.560+0500] {dag.py:3047} INFO - Sync 1 DAGs
[2024-03-16T11:46:16.570+0500] {logging_mixin.py:188} INFO - [2024-03-16T11:46:16.570+0500] {dag.py:3834} INFO - Setting next_dagrun for example_params_ui_tutorial to None, run_after=None
[2024-03-16T11:46:16.710+0500] {processor.py:183} INFO - Processing /home/muhammadsami/Public/Projects/Airflow/DataPipelineswithApacheAirflow/.env/lib/python3.8/site-packages/airflow/example_dags/example_params_ui_tutorial.py took 0.223 seconds
[2024-03-16T11:47:08.068+0500] {processor.py:161} INFO - Started process (PID=20944) to work on /home/muhammadsami/Public/Projects/Airflow/DataPipelineswithApacheAirflow/.env/lib/python3.8/site-packages/airflow/example_dags/example_params_ui_tutorial.py
[2024-03-16T11:47:08.070+0500] {processor.py:830} INFO - Processing file /home/muhammadsami/Public/Projects/Airflow/DataPipelineswithApacheAirflow/.env/lib/python3.8/site-packages/airflow/example_dags/example_params_ui_tutorial.py for tasks to queue
[2024-03-16T11:47:08.071+0500] {logging_mixin.py:188} INFO - [2024-03-16T11:47:08.070+0500] {dagbag.py:540} INFO - Filling up the DagBag from /home/muhammadsami/Public/Projects/Airflow/DataPipelineswithApacheAirflow/.env/lib/python3.8/site-packages/airflow/example_dags/example_params_ui_tutorial.py
[2024-03-16T11:47:08.081+0500] {processor.py:840} INFO - DAG(s) 'example_params_ui_tutorial' retrieved from /home/muhammadsami/Public/Projects/Airflow/DataPipelineswithApacheAirflow/.env/lib/python3.8/site-packages/airflow/example_dags/example_params_ui_tutorial.py
[2024-03-16T11:47:08.123+0500] {logging_mixin.py:188} INFO - [2024-03-16T11:47:08.123+0500] {dag.py:3047} INFO - Sync 1 DAGs
[2024-03-16T11:47:08.133+0500] {logging_mixin.py:188} INFO - [2024-03-16T11:47:08.132+0500] {dag.py:3834} INFO - Setting next_dagrun for example_params_ui_tutorial to None, run_after=None
[2024-03-16T11:47:08.352+0500] {processor.py:183} INFO - Processing /home/muhammadsami/Public/Projects/Airflow/DataPipelineswithApacheAirflow/.env/lib/python3.8/site-packages/airflow/example_dags/example_params_ui_tutorial.py took 0.287 seconds
[2024-03-16T11:47:57.918+0500] {processor.py:161} INFO - Started process (PID=20996) to work on /home/muhammadsami/Public/Projects/Airflow/DataPipelineswithApacheAirflow/.env/lib/python3.8/site-packages/airflow/example_dags/example_params_ui_tutorial.py
[2024-03-16T11:47:57.919+0500] {processor.py:830} INFO - Processing file /home/muhammadsami/Public/Projects/Airflow/DataPipelineswithApacheAirflow/.env/lib/python3.8/site-packages/airflow/example_dags/example_params_ui_tutorial.py for tasks to queue
[2024-03-16T11:47:57.920+0500] {logging_mixin.py:188} INFO - [2024-03-16T11:47:57.920+0500] {dagbag.py:540} INFO - Filling up the DagBag from /home/muhammadsami/Public/Projects/Airflow/DataPipelineswithApacheAirflow/.env/lib/python3.8/site-packages/airflow/example_dags/example_params_ui_tutorial.py
[2024-03-16T11:47:57.932+0500] {processor.py:840} INFO - DAG(s) 'example_params_ui_tutorial' retrieved from /home/muhammadsami/Public/Projects/Airflow/DataPipelineswithApacheAirflow/.env/lib/python3.8/site-packages/airflow/example_dags/example_params_ui_tutorial.py
[2024-03-16T11:47:57.976+0500] {logging_mixin.py:188} INFO - [2024-03-16T11:47:57.975+0500] {dag.py:3047} INFO - Sync 1 DAGs
[2024-03-16T11:47:57.985+0500] {logging_mixin.py:188} INFO - [2024-03-16T11:47:57.985+0500] {dag.py:3834} INFO - Setting next_dagrun for example_params_ui_tutorial to None, run_after=None
[2024-03-16T11:47:58.098+0500] {processor.py:183} INFO - Processing /home/muhammadsami/Public/Projects/Airflow/DataPipelineswithApacheAirflow/.env/lib/python3.8/site-packages/airflow/example_dags/example_params_ui_tutorial.py took 0.183 seconds
[2024-03-16T11:48:45.346+0500] {processor.py:161} INFO - Started process (PID=21071) to work on /home/muhammadsami/Public/Projects/Airflow/DataPipelineswithApacheAirflow/.env/lib/python3.8/site-packages/airflow/example_dags/example_params_ui_tutorial.py
[2024-03-16T11:48:45.348+0500] {processor.py:830} INFO - Processing file /home/muhammadsami/Public/Projects/Airflow/DataPipelineswithApacheAirflow/.env/lib/python3.8/site-packages/airflow/example_dags/example_params_ui_tutorial.py for tasks to queue
[2024-03-16T11:48:45.349+0500] {logging_mixin.py:188} INFO - [2024-03-16T11:48:45.348+0500] {dagbag.py:540} INFO - Filling up the DagBag from /home/muhammadsami/Public/Projects/Airflow/DataPipelineswithApacheAirflow/.env/lib/python3.8/site-packages/airflow/example_dags/example_params_ui_tutorial.py
[2024-03-16T11:48:45.359+0500] {processor.py:840} INFO - DAG(s) 'example_params_ui_tutorial' retrieved from /home/muhammadsami/Public/Projects/Airflow/DataPipelineswithApacheAirflow/.env/lib/python3.8/site-packages/airflow/example_dags/example_params_ui_tutorial.py
[2024-03-16T11:48:45.403+0500] {logging_mixin.py:188} INFO - [2024-03-16T11:48:45.403+0500] {dag.py:3047} INFO - Sync 1 DAGs
[2024-03-16T11:48:45.413+0500] {logging_mixin.py:188} INFO - [2024-03-16T11:48:45.413+0500] {dag.py:3834} INFO - Setting next_dagrun for example_params_ui_tutorial to None, run_after=None
[2024-03-16T11:48:45.591+0500] {processor.py:183} INFO - Processing /home/muhammadsami/Public/Projects/Airflow/DataPipelineswithApacheAirflow/.env/lib/python3.8/site-packages/airflow/example_dags/example_params_ui_tutorial.py took 0.247 seconds
[2024-03-16T11:49:33.809+0500] {processor.py:161} INFO - Started process (PID=21116) to work on /home/muhammadsami/Public/Projects/Airflow/DataPipelineswithApacheAirflow/.env/lib/python3.8/site-packages/airflow/example_dags/example_params_ui_tutorial.py
[2024-03-16T11:49:33.811+0500] {processor.py:830} INFO - Processing file /home/muhammadsami/Public/Projects/Airflow/DataPipelineswithApacheAirflow/.env/lib/python3.8/site-packages/airflow/example_dags/example_params_ui_tutorial.py for tasks to queue
[2024-03-16T11:49:33.812+0500] {logging_mixin.py:188} INFO - [2024-03-16T11:49:33.811+0500] {dagbag.py:540} INFO - Filling up the DagBag from /home/muhammadsami/Public/Projects/Airflow/DataPipelineswithApacheAirflow/.env/lib/python3.8/site-packages/airflow/example_dags/example_params_ui_tutorial.py
[2024-03-16T11:49:33.822+0500] {processor.py:840} INFO - DAG(s) 'example_params_ui_tutorial' retrieved from /home/muhammadsami/Public/Projects/Airflow/DataPipelineswithApacheAirflow/.env/lib/python3.8/site-packages/airflow/example_dags/example_params_ui_tutorial.py
[2024-03-16T11:49:33.865+0500] {logging_mixin.py:188} INFO - [2024-03-16T11:49:33.865+0500] {dag.py:3047} INFO - Sync 1 DAGs
[2024-03-16T11:49:33.874+0500] {logging_mixin.py:188} INFO - [2024-03-16T11:49:33.874+0500] {dag.py:3834} INFO - Setting next_dagrun for example_params_ui_tutorial to None, run_after=None
[2024-03-16T11:49:33.975+0500] {processor.py:183} INFO - Processing /home/muhammadsami/Public/Projects/Airflow/DataPipelineswithApacheAirflow/.env/lib/python3.8/site-packages/airflow/example_dags/example_params_ui_tutorial.py took 0.168 seconds
[2024-03-16T11:50:22.738+0500] {processor.py:161} INFO - Started process (PID=21163) to work on /home/muhammadsami/Public/Projects/Airflow/DataPipelineswithApacheAirflow/.env/lib/python3.8/site-packages/airflow/example_dags/example_params_ui_tutorial.py
[2024-03-16T11:50:22.740+0500] {processor.py:830} INFO - Processing file /home/muhammadsami/Public/Projects/Airflow/DataPipelineswithApacheAirflow/.env/lib/python3.8/site-packages/airflow/example_dags/example_params_ui_tutorial.py for tasks to queue
[2024-03-16T11:50:22.741+0500] {logging_mixin.py:188} INFO - [2024-03-16T11:50:22.740+0500] {dagbag.py:540} INFO - Filling up the DagBag from /home/muhammadsami/Public/Projects/Airflow/DataPipelineswithApacheAirflow/.env/lib/python3.8/site-packages/airflow/example_dags/example_params_ui_tutorial.py
[2024-03-16T11:50:22.755+0500] {processor.py:840} INFO - DAG(s) 'example_params_ui_tutorial' retrieved from /home/muhammadsami/Public/Projects/Airflow/DataPipelineswithApacheAirflow/.env/lib/python3.8/site-packages/airflow/example_dags/example_params_ui_tutorial.py
[2024-03-16T11:50:22.805+0500] {logging_mixin.py:188} INFO - [2024-03-16T11:50:22.804+0500] {dag.py:3047} INFO - Sync 1 DAGs
[2024-03-16T11:50:22.815+0500] {logging_mixin.py:188} INFO - [2024-03-16T11:50:22.814+0500] {dag.py:3834} INFO - Setting next_dagrun for example_params_ui_tutorial to None, run_after=None
[2024-03-16T11:50:22.918+0500] {processor.py:183} INFO - Processing /home/muhammadsami/Public/Projects/Airflow/DataPipelineswithApacheAirflow/.env/lib/python3.8/site-packages/airflow/example_dags/example_params_ui_tutorial.py took 0.183 seconds
[2024-03-16T11:51:14.121+0500] {processor.py:161} INFO - Started process (PID=21249) to work on /home/muhammadsami/Public/Projects/Airflow/DataPipelineswithApacheAirflow/.env/lib/python3.8/site-packages/airflow/example_dags/example_params_ui_tutorial.py
[2024-03-16T11:51:14.122+0500] {processor.py:830} INFO - Processing file /home/muhammadsami/Public/Projects/Airflow/DataPipelineswithApacheAirflow/.env/lib/python3.8/site-packages/airflow/example_dags/example_params_ui_tutorial.py for tasks to queue
[2024-03-16T11:51:14.123+0500] {logging_mixin.py:188} INFO - [2024-03-16T11:51:14.123+0500] {dagbag.py:540} INFO - Filling up the DagBag from /home/muhammadsami/Public/Projects/Airflow/DataPipelineswithApacheAirflow/.env/lib/python3.8/site-packages/airflow/example_dags/example_params_ui_tutorial.py
[2024-03-16T11:51:14.139+0500] {processor.py:840} INFO - DAG(s) 'example_params_ui_tutorial' retrieved from /home/muhammadsami/Public/Projects/Airflow/DataPipelineswithApacheAirflow/.env/lib/python3.8/site-packages/airflow/example_dags/example_params_ui_tutorial.py
[2024-03-16T11:51:14.209+0500] {logging_mixin.py:188} INFO - [2024-03-16T11:51:14.209+0500] {dag.py:3047} INFO - Sync 1 DAGs
[2024-03-16T11:51:14.224+0500] {logging_mixin.py:188} INFO - [2024-03-16T11:51:14.224+0500] {dag.py:3834} INFO - Setting next_dagrun for example_params_ui_tutorial to None, run_after=None
[2024-03-16T11:51:14.317+0500] {processor.py:183} INFO - Processing /home/muhammadsami/Public/Projects/Airflow/DataPipelineswithApacheAirflow/.env/lib/python3.8/site-packages/airflow/example_dags/example_params_ui_tutorial.py took 0.199 seconds
[2024-03-16T11:52:07.349+0500] {processor.py:161} INFO - Started process (PID=21428) to work on /home/muhammadsami/Public/Projects/Airflow/DataPipelineswithApacheAirflow/.env/lib/python3.8/site-packages/airflow/example_dags/example_params_ui_tutorial.py
[2024-03-16T11:52:07.350+0500] {processor.py:830} INFO - Processing file /home/muhammadsami/Public/Projects/Airflow/DataPipelineswithApacheAirflow/.env/lib/python3.8/site-packages/airflow/example_dags/example_params_ui_tutorial.py for tasks to queue
[2024-03-16T11:52:07.351+0500] {logging_mixin.py:188} INFO - [2024-03-16T11:52:07.350+0500] {dagbag.py:540} INFO - Filling up the DagBag from /home/muhammadsami/Public/Projects/Airflow/DataPipelineswithApacheAirflow/.env/lib/python3.8/site-packages/airflow/example_dags/example_params_ui_tutorial.py
[2024-03-16T11:52:07.362+0500] {processor.py:840} INFO - DAG(s) 'example_params_ui_tutorial' retrieved from /home/muhammadsami/Public/Projects/Airflow/DataPipelineswithApacheAirflow/.env/lib/python3.8/site-packages/airflow/example_dags/example_params_ui_tutorial.py
[2024-03-16T11:52:07.407+0500] {logging_mixin.py:188} INFO - [2024-03-16T11:52:07.407+0500] {dag.py:3047} INFO - Sync 1 DAGs
[2024-03-16T11:52:07.417+0500] {logging_mixin.py:188} INFO - [2024-03-16T11:52:07.417+0500] {dag.py:3834} INFO - Setting next_dagrun for example_params_ui_tutorial to None, run_after=None
[2024-03-16T11:52:07.515+0500] {processor.py:183} INFO - Processing /home/muhammadsami/Public/Projects/Airflow/DataPipelineswithApacheAirflow/.env/lib/python3.8/site-packages/airflow/example_dags/example_params_ui_tutorial.py took 0.168 seconds
[2024-03-16T11:52:58.830+0500] {processor.py:161} INFO - Started process (PID=21512) to work on /home/muhammadsami/Public/Projects/Airflow/DataPipelineswithApacheAirflow/.env/lib/python3.8/site-packages/airflow/example_dags/example_params_ui_tutorial.py
[2024-03-16T11:52:58.852+0500] {processor.py:830} INFO - Processing file /home/muhammadsami/Public/Projects/Airflow/DataPipelineswithApacheAirflow/.env/lib/python3.8/site-packages/airflow/example_dags/example_params_ui_tutorial.py for tasks to queue
[2024-03-16T11:52:58.853+0500] {logging_mixin.py:188} INFO - [2024-03-16T11:52:58.853+0500] {dagbag.py:540} INFO - Filling up the DagBag from /home/muhammadsami/Public/Projects/Airflow/DataPipelineswithApacheAirflow/.env/lib/python3.8/site-packages/airflow/example_dags/example_params_ui_tutorial.py
[2024-03-16T11:52:58.863+0500] {processor.py:840} INFO - DAG(s) 'example_params_ui_tutorial' retrieved from /home/muhammadsami/Public/Projects/Airflow/DataPipelineswithApacheAirflow/.env/lib/python3.8/site-packages/airflow/example_dags/example_params_ui_tutorial.py
[2024-03-16T11:52:58.906+0500] {logging_mixin.py:188} INFO - [2024-03-16T11:52:58.906+0500] {dag.py:3047} INFO - Sync 1 DAGs
[2024-03-16T11:52:58.916+0500] {logging_mixin.py:188} INFO - [2024-03-16T11:52:58.915+0500] {dag.py:3834} INFO - Setting next_dagrun for example_params_ui_tutorial to None, run_after=None
[2024-03-16T11:52:59.010+0500] {processor.py:183} INFO - Processing /home/muhammadsami/Public/Projects/Airflow/DataPipelineswithApacheAirflow/.env/lib/python3.8/site-packages/airflow/example_dags/example_params_ui_tutorial.py took 0.183 seconds
[2024-03-16T11:53:51.372+0500] {processor.py:161} INFO - Started process (PID=21633) to work on /home/muhammadsami/Public/Projects/Airflow/DataPipelineswithApacheAirflow/.env/lib/python3.8/site-packages/airflow/example_dags/example_params_ui_tutorial.py
[2024-03-16T11:53:51.373+0500] {processor.py:830} INFO - Processing file /home/muhammadsami/Public/Projects/Airflow/DataPipelineswithApacheAirflow/.env/lib/python3.8/site-packages/airflow/example_dags/example_params_ui_tutorial.py for tasks to queue
[2024-03-16T11:53:51.374+0500] {logging_mixin.py:188} INFO - [2024-03-16T11:53:51.374+0500] {dagbag.py:540} INFO - Filling up the DagBag from /home/muhammadsami/Public/Projects/Airflow/DataPipelineswithApacheAirflow/.env/lib/python3.8/site-packages/airflow/example_dags/example_params_ui_tutorial.py
[2024-03-16T11:53:51.385+0500] {processor.py:840} INFO - DAG(s) 'example_params_ui_tutorial' retrieved from /home/muhammadsami/Public/Projects/Airflow/DataPipelineswithApacheAirflow/.env/lib/python3.8/site-packages/airflow/example_dags/example_params_ui_tutorial.py
[2024-03-16T11:53:51.429+0500] {logging_mixin.py:188} INFO - [2024-03-16T11:53:51.429+0500] {dag.py:3047} INFO - Sync 1 DAGs
[2024-03-16T11:53:51.439+0500] {logging_mixin.py:188} INFO - [2024-03-16T11:53:51.439+0500] {dag.py:3834} INFO - Setting next_dagrun for example_params_ui_tutorial to None, run_after=None
[2024-03-16T11:53:51.530+0500] {processor.py:183} INFO - Processing /home/muhammadsami/Public/Projects/Airflow/DataPipelineswithApacheAirflow/.env/lib/python3.8/site-packages/airflow/example_dags/example_params_ui_tutorial.py took 0.160 seconds
[2024-03-16T11:54:42.248+0500] {processor.py:161} INFO - Started process (PID=21722) to work on /home/muhammadsami/Public/Projects/Airflow/DataPipelineswithApacheAirflow/.env/lib/python3.8/site-packages/airflow/example_dags/example_params_ui_tutorial.py
[2024-03-16T11:54:42.250+0500] {processor.py:830} INFO - Processing file /home/muhammadsami/Public/Projects/Airflow/DataPipelineswithApacheAirflow/.env/lib/python3.8/site-packages/airflow/example_dags/example_params_ui_tutorial.py for tasks to queue
[2024-03-16T11:54:42.251+0500] {logging_mixin.py:188} INFO - [2024-03-16T11:54:42.250+0500] {dagbag.py:540} INFO - Filling up the DagBag from /home/muhammadsami/Public/Projects/Airflow/DataPipelineswithApacheAirflow/.env/lib/python3.8/site-packages/airflow/example_dags/example_params_ui_tutorial.py
[2024-03-16T11:54:42.264+0500] {processor.py:840} INFO - DAG(s) 'example_params_ui_tutorial' retrieved from /home/muhammadsami/Public/Projects/Airflow/DataPipelineswithApacheAirflow/.env/lib/python3.8/site-packages/airflow/example_dags/example_params_ui_tutorial.py
[2024-03-16T11:54:42.324+0500] {logging_mixin.py:188} INFO - [2024-03-16T11:54:42.324+0500] {dag.py:3047} INFO - Sync 1 DAGs
[2024-03-16T11:54:42.339+0500] {logging_mixin.py:188} INFO - [2024-03-16T11:54:42.338+0500] {dag.py:3834} INFO - Setting next_dagrun for example_params_ui_tutorial to None, run_after=None
[2024-03-16T11:54:42.477+0500] {processor.py:183} INFO - Processing /home/muhammadsami/Public/Projects/Airflow/DataPipelineswithApacheAirflow/.env/lib/python3.8/site-packages/airflow/example_dags/example_params_ui_tutorial.py took 0.232 seconds
[2024-03-16T11:55:31.104+0500] {processor.py:161} INFO - Started process (PID=21886) to work on /home/muhammadsami/Public/Projects/Airflow/DataPipelineswithApacheAirflow/.env/lib/python3.8/site-packages/airflow/example_dags/example_params_ui_tutorial.py
[2024-03-16T11:55:31.106+0500] {processor.py:830} INFO - Processing file /home/muhammadsami/Public/Projects/Airflow/DataPipelineswithApacheAirflow/.env/lib/python3.8/site-packages/airflow/example_dags/example_params_ui_tutorial.py for tasks to queue
[2024-03-16T11:55:31.107+0500] {logging_mixin.py:188} INFO - [2024-03-16T11:55:31.107+0500] {dagbag.py:540} INFO - Filling up the DagBag from /home/muhammadsami/Public/Projects/Airflow/DataPipelineswithApacheAirflow/.env/lib/python3.8/site-packages/airflow/example_dags/example_params_ui_tutorial.py
[2024-03-16T11:55:31.122+0500] {processor.py:840} INFO - DAG(s) 'example_params_ui_tutorial' retrieved from /home/muhammadsami/Public/Projects/Airflow/DataPipelineswithApacheAirflow/.env/lib/python3.8/site-packages/airflow/example_dags/example_params_ui_tutorial.py
[2024-03-16T11:55:31.210+0500] {logging_mixin.py:188} INFO - [2024-03-16T11:55:31.210+0500] {dag.py:3047} INFO - Sync 1 DAGs
[2024-03-16T11:55:31.228+0500] {logging_mixin.py:188} INFO - [2024-03-16T11:55:31.227+0500] {dag.py:3834} INFO - Setting next_dagrun for example_params_ui_tutorial to None, run_after=None
[2024-03-16T11:55:31.352+0500] {processor.py:183} INFO - Processing /home/muhammadsami/Public/Projects/Airflow/DataPipelineswithApacheAirflow/.env/lib/python3.8/site-packages/airflow/example_dags/example_params_ui_tutorial.py took 0.251 seconds
[2024-03-16T11:56:22.945+0500] {processor.py:161} INFO - Started process (PID=21941) to work on /home/muhammadsami/Public/Projects/Airflow/DataPipelineswithApacheAirflow/.env/lib/python3.8/site-packages/airflow/example_dags/example_params_ui_tutorial.py
[2024-03-16T11:56:22.962+0500] {processor.py:830} INFO - Processing file /home/muhammadsami/Public/Projects/Airflow/DataPipelineswithApacheAirflow/.env/lib/python3.8/site-packages/airflow/example_dags/example_params_ui_tutorial.py for tasks to queue
[2024-03-16T11:56:22.964+0500] {logging_mixin.py:188} INFO - [2024-03-16T11:56:22.963+0500] {dagbag.py:540} INFO - Filling up the DagBag from /home/muhammadsami/Public/Projects/Airflow/DataPipelineswithApacheAirflow/.env/lib/python3.8/site-packages/airflow/example_dags/example_params_ui_tutorial.py
[2024-03-16T11:56:22.975+0500] {processor.py:840} INFO - DAG(s) 'example_params_ui_tutorial' retrieved from /home/muhammadsami/Public/Projects/Airflow/DataPipelineswithApacheAirflow/.env/lib/python3.8/site-packages/airflow/example_dags/example_params_ui_tutorial.py
[2024-03-16T11:56:23.026+0500] {logging_mixin.py:188} INFO - [2024-03-16T11:56:23.025+0500] {dag.py:3047} INFO - Sync 1 DAGs
[2024-03-16T11:56:23.037+0500] {logging_mixin.py:188} INFO - [2024-03-16T11:56:23.037+0500] {dag.py:3834} INFO - Setting next_dagrun for example_params_ui_tutorial to None, run_after=None
[2024-03-16T11:56:23.150+0500] {processor.py:183} INFO - Processing /home/muhammadsami/Public/Projects/Airflow/DataPipelineswithApacheAirflow/.env/lib/python3.8/site-packages/airflow/example_dags/example_params_ui_tutorial.py took 0.208 seconds
[2024-03-16T11:57:13.906+0500] {processor.py:161} INFO - Started process (PID=21995) to work on /home/muhammadsami/Public/Projects/Airflow/DataPipelineswithApacheAirflow/.env/lib/python3.8/site-packages/airflow/example_dags/example_params_ui_tutorial.py
[2024-03-16T11:57:13.907+0500] {processor.py:830} INFO - Processing file /home/muhammadsami/Public/Projects/Airflow/DataPipelineswithApacheAirflow/.env/lib/python3.8/site-packages/airflow/example_dags/example_params_ui_tutorial.py for tasks to queue
[2024-03-16T11:57:13.908+0500] {logging_mixin.py:188} INFO - [2024-03-16T11:57:13.908+0500] {dagbag.py:540} INFO - Filling up the DagBag from /home/muhammadsami/Public/Projects/Airflow/DataPipelineswithApacheAirflow/.env/lib/python3.8/site-packages/airflow/example_dags/example_params_ui_tutorial.py
[2024-03-16T11:57:13.919+0500] {processor.py:840} INFO - DAG(s) 'example_params_ui_tutorial' retrieved from /home/muhammadsami/Public/Projects/Airflow/DataPipelineswithApacheAirflow/.env/lib/python3.8/site-packages/airflow/example_dags/example_params_ui_tutorial.py
[2024-03-16T11:57:13.969+0500] {logging_mixin.py:188} INFO - [2024-03-16T11:57:13.969+0500] {dag.py:3047} INFO - Sync 1 DAGs
[2024-03-16T11:57:13.981+0500] {logging_mixin.py:188} INFO - [2024-03-16T11:57:13.981+0500] {dag.py:3834} INFO - Setting next_dagrun for example_params_ui_tutorial to None, run_after=None
[2024-03-16T11:57:14.082+0500] {processor.py:183} INFO - Processing /home/muhammadsami/Public/Projects/Airflow/DataPipelineswithApacheAirflow/.env/lib/python3.8/site-packages/airflow/example_dags/example_params_ui_tutorial.py took 0.179 seconds
[2024-03-16T11:58:08.475+0500] {processor.py:161} INFO - Started process (PID=22047) to work on /home/muhammadsami/Public/Projects/Airflow/DataPipelineswithApacheAirflow/.env/lib/python3.8/site-packages/airflow/example_dags/example_params_ui_tutorial.py
[2024-03-16T11:58:08.476+0500] {processor.py:830} INFO - Processing file /home/muhammadsami/Public/Projects/Airflow/DataPipelineswithApacheAirflow/.env/lib/python3.8/site-packages/airflow/example_dags/example_params_ui_tutorial.py for tasks to queue
[2024-03-16T11:58:08.477+0500] {logging_mixin.py:188} INFO - [2024-03-16T11:58:08.476+0500] {dagbag.py:540} INFO - Filling up the DagBag from /home/muhammadsami/Public/Projects/Airflow/DataPipelineswithApacheAirflow/.env/lib/python3.8/site-packages/airflow/example_dags/example_params_ui_tutorial.py
[2024-03-16T11:58:08.488+0500] {processor.py:840} INFO - DAG(s) 'example_params_ui_tutorial' retrieved from /home/muhammadsami/Public/Projects/Airflow/DataPipelineswithApacheAirflow/.env/lib/python3.8/site-packages/airflow/example_dags/example_params_ui_tutorial.py
[2024-03-16T11:58:08.536+0500] {logging_mixin.py:188} INFO - [2024-03-16T11:58:08.535+0500] {dag.py:3047} INFO - Sync 1 DAGs
[2024-03-16T11:58:08.546+0500] {logging_mixin.py:188} INFO - [2024-03-16T11:58:08.545+0500] {dag.py:3834} INFO - Setting next_dagrun for example_params_ui_tutorial to None, run_after=None
[2024-03-16T11:58:08.658+0500] {processor.py:183} INFO - Processing /home/muhammadsami/Public/Projects/Airflow/DataPipelineswithApacheAirflow/.env/lib/python3.8/site-packages/airflow/example_dags/example_params_ui_tutorial.py took 0.186 seconds
[2024-03-16T11:58:56.717+0500] {processor.py:161} INFO - Started process (PID=22147) to work on /home/muhammadsami/Public/Projects/Airflow/DataPipelineswithApacheAirflow/.env/lib/python3.8/site-packages/airflow/example_dags/example_params_ui_tutorial.py
[2024-03-16T11:58:56.718+0500] {processor.py:830} INFO - Processing file /home/muhammadsami/Public/Projects/Airflow/DataPipelineswithApacheAirflow/.env/lib/python3.8/site-packages/airflow/example_dags/example_params_ui_tutorial.py for tasks to queue
[2024-03-16T11:58:56.719+0500] {logging_mixin.py:188} INFO - [2024-03-16T11:58:56.719+0500] {dagbag.py:540} INFO - Filling up the DagBag from /home/muhammadsami/Public/Projects/Airflow/DataPipelineswithApacheAirflow/.env/lib/python3.8/site-packages/airflow/example_dags/example_params_ui_tutorial.py
[2024-03-16T11:58:56.731+0500] {processor.py:840} INFO - DAG(s) 'example_params_ui_tutorial' retrieved from /home/muhammadsami/Public/Projects/Airflow/DataPipelineswithApacheAirflow/.env/lib/python3.8/site-packages/airflow/example_dags/example_params_ui_tutorial.py
[2024-03-16T11:58:56.795+0500] {logging_mixin.py:188} INFO - [2024-03-16T11:58:56.794+0500] {dag.py:3047} INFO - Sync 1 DAGs
[2024-03-16T11:58:56.804+0500] {logging_mixin.py:188} INFO - [2024-03-16T11:58:56.804+0500] {dag.py:3834} INFO - Setting next_dagrun for example_params_ui_tutorial to None, run_after=None
[2024-03-16T11:58:56.931+0500] {processor.py:183} INFO - Processing /home/muhammadsami/Public/Projects/Airflow/DataPipelineswithApacheAirflow/.env/lib/python3.8/site-packages/airflow/example_dags/example_params_ui_tutorial.py took 0.217 seconds
[2024-03-16T11:59:46.945+0500] {processor.py:161} INFO - Started process (PID=22292) to work on /home/muhammadsami/Public/Projects/Airflow/DataPipelineswithApacheAirflow/.env/lib/python3.8/site-packages/airflow/example_dags/example_params_ui_tutorial.py
[2024-03-16T11:59:46.959+0500] {processor.py:830} INFO - Processing file /home/muhammadsami/Public/Projects/Airflow/DataPipelineswithApacheAirflow/.env/lib/python3.8/site-packages/airflow/example_dags/example_params_ui_tutorial.py for tasks to queue
[2024-03-16T11:59:46.960+0500] {logging_mixin.py:188} INFO - [2024-03-16T11:59:46.960+0500] {dagbag.py:540} INFO - Filling up the DagBag from /home/muhammadsami/Public/Projects/Airflow/DataPipelineswithApacheAirflow/.env/lib/python3.8/site-packages/airflow/example_dags/example_params_ui_tutorial.py
[2024-03-16T11:59:46.970+0500] {processor.py:840} INFO - DAG(s) 'example_params_ui_tutorial' retrieved from /home/muhammadsami/Public/Projects/Airflow/DataPipelineswithApacheAirflow/.env/lib/python3.8/site-packages/airflow/example_dags/example_params_ui_tutorial.py
[2024-03-16T11:59:47.017+0500] {logging_mixin.py:188} INFO - [2024-03-16T11:59:47.017+0500] {dag.py:3047} INFO - Sync 1 DAGs
[2024-03-16T11:59:47.027+0500] {logging_mixin.py:188} INFO - [2024-03-16T11:59:47.027+0500] {dag.py:3834} INFO - Setting next_dagrun for example_params_ui_tutorial to None, run_after=None
[2024-03-16T11:59:47.121+0500] {processor.py:183} INFO - Processing /home/muhammadsami/Public/Projects/Airflow/DataPipelineswithApacheAirflow/.env/lib/python3.8/site-packages/airflow/example_dags/example_params_ui_tutorial.py took 0.178 seconds
[2024-03-16T12:00:40.296+0500] {processor.py:161} INFO - Started process (PID=22342) to work on /home/muhammadsami/Public/Projects/Airflow/DataPipelineswithApacheAirflow/.env/lib/python3.8/site-packages/airflow/example_dags/example_params_ui_tutorial.py
[2024-03-16T12:00:40.298+0500] {processor.py:830} INFO - Processing file /home/muhammadsami/Public/Projects/Airflow/DataPipelineswithApacheAirflow/.env/lib/python3.8/site-packages/airflow/example_dags/example_params_ui_tutorial.py for tasks to queue
[2024-03-16T12:00:40.299+0500] {logging_mixin.py:188} INFO - [2024-03-16T12:00:40.298+0500] {dagbag.py:540} INFO - Filling up the DagBag from /home/muhammadsami/Public/Projects/Airflow/DataPipelineswithApacheAirflow/.env/lib/python3.8/site-packages/airflow/example_dags/example_params_ui_tutorial.py
[2024-03-16T12:00:40.309+0500] {processor.py:840} INFO - DAG(s) 'example_params_ui_tutorial' retrieved from /home/muhammadsami/Public/Projects/Airflow/DataPipelineswithApacheAirflow/.env/lib/python3.8/site-packages/airflow/example_dags/example_params_ui_tutorial.py
[2024-03-16T12:00:40.358+0500] {logging_mixin.py:188} INFO - [2024-03-16T12:00:40.357+0500] {dag.py:3047} INFO - Sync 1 DAGs
[2024-03-16T12:00:40.369+0500] {logging_mixin.py:188} INFO - [2024-03-16T12:00:40.369+0500] {dag.py:3834} INFO - Setting next_dagrun for example_params_ui_tutorial to None, run_after=None
[2024-03-16T12:00:40.459+0500] {processor.py:183} INFO - Processing /home/muhammadsami/Public/Projects/Airflow/DataPipelineswithApacheAirflow/.env/lib/python3.8/site-packages/airflow/example_dags/example_params_ui_tutorial.py took 0.165 seconds
[2024-03-16T12:01:33.161+0500] {processor.py:161} INFO - Started process (PID=22393) to work on /home/muhammadsami/Public/Projects/Airflow/DataPipelineswithApacheAirflow/.env/lib/python3.8/site-packages/airflow/example_dags/example_params_ui_tutorial.py
[2024-03-16T12:01:33.162+0500] {processor.py:830} INFO - Processing file /home/muhammadsami/Public/Projects/Airflow/DataPipelineswithApacheAirflow/.env/lib/python3.8/site-packages/airflow/example_dags/example_params_ui_tutorial.py for tasks to queue
[2024-03-16T12:01:33.163+0500] {logging_mixin.py:188} INFO - [2024-03-16T12:01:33.163+0500] {dagbag.py:540} INFO - Filling up the DagBag from /home/muhammadsami/Public/Projects/Airflow/DataPipelineswithApacheAirflow/.env/lib/python3.8/site-packages/airflow/example_dags/example_params_ui_tutorial.py
[2024-03-16T12:01:33.175+0500] {processor.py:840} INFO - DAG(s) 'example_params_ui_tutorial' retrieved from /home/muhammadsami/Public/Projects/Airflow/DataPipelineswithApacheAirflow/.env/lib/python3.8/site-packages/airflow/example_dags/example_params_ui_tutorial.py
[2024-03-16T12:01:33.219+0500] {logging_mixin.py:188} INFO - [2024-03-16T12:01:33.219+0500] {dag.py:3047} INFO - Sync 1 DAGs
[2024-03-16T12:01:33.228+0500] {logging_mixin.py:188} INFO - [2024-03-16T12:01:33.228+0500] {dag.py:3834} INFO - Setting next_dagrun for example_params_ui_tutorial to None, run_after=None
[2024-03-16T12:01:33.319+0500] {processor.py:183} INFO - Processing /home/muhammadsami/Public/Projects/Airflow/DataPipelineswithApacheAirflow/.env/lib/python3.8/site-packages/airflow/example_dags/example_params_ui_tutorial.py took 0.161 seconds
