[2024-03-16T11:22:02.621+0500] {processor.py:161} INFO - Started process (PID=17915) to work on /home/muhammadsami/Public/Projects/Airflow/DataPipelineswithApacheAirflow/.env/lib/python3.8/site-packages/airflow/example_dags/tutorial_dag.py
[2024-03-16T11:22:02.622+0500] {processor.py:830} INFO - Processing file /home/muhammadsami/Public/Projects/Airflow/DataPipelineswithApacheAirflow/.env/lib/python3.8/site-packages/airflow/example_dags/tutorial_dag.py for tasks to queue
[2024-03-16T11:22:02.623+0500] {logging_mixin.py:188} INFO - [2024-03-16T11:22:02.622+0500] {dagbag.py:540} INFO - Filling up the DagBag from /home/muhammadsami/Public/Projects/Airflow/DataPipelineswithApacheAirflow/.env/lib/python3.8/site-packages/airflow/example_dags/tutorial_dag.py
[2024-03-16T11:22:02.630+0500] {processor.py:840} INFO - DAG(s) 'tutorial_dag' retrieved from /home/muhammadsami/Public/Projects/Airflow/DataPipelineswithApacheAirflow/.env/lib/python3.8/site-packages/airflow/example_dags/tutorial_dag.py
[2024-03-16T11:22:03.182+0500] {logging_mixin.py:188} INFO - [2024-03-16T11:22:03.181+0500] {override.py:1769} INFO - Created Permission View: can edit on DAG:tutorial_dag
[2024-03-16T11:22:03.281+0500] {logging_mixin.py:188} INFO - [2024-03-16T11:22:03.280+0500] {override.py:1769} INFO - Created Permission View: can delete on DAG:tutorial_dag
[2024-03-16T11:22:03.388+0500] {logging_mixin.py:188} INFO - [2024-03-16T11:22:03.388+0500] {override.py:1769} INFO - Created Permission View: can read on DAG:tutorial_dag
[2024-03-16T11:22:03.389+0500] {logging_mixin.py:188} INFO - [2024-03-16T11:22:03.389+0500] {dag.py:3047} INFO - Sync 1 DAGs
[2024-03-16T11:22:03.402+0500] {logging_mixin.py:188} INFO - [2024-03-16T11:22:03.401+0500] {dag.py:3069} INFO - Creating ORM DAG for tutorial_dag
[2024-03-16T11:22:03.402+0500] {logging_mixin.py:188} INFO - [2024-03-16T11:22:03.402+0500] {dag.py:3834} INFO - Setting next_dagrun for tutorial_dag to None, run_after=None
[2024-03-16T11:22:03.564+0500] {processor.py:183} INFO - Processing /home/muhammadsami/Public/Projects/Airflow/DataPipelineswithApacheAirflow/.env/lib/python3.8/site-packages/airflow/example_dags/tutorial_dag.py took 0.946 seconds
[2024-03-16T11:23:43.120+0500] {processor.py:161} INFO - Started process (PID=18436) to work on /home/muhammadsami/Public/Projects/Airflow/DataPipelineswithApacheAirflow/.env/lib/python3.8/site-packages/airflow/example_dags/tutorial_dag.py
[2024-03-16T11:23:43.122+0500] {processor.py:830} INFO - Processing file /home/muhammadsami/Public/Projects/Airflow/DataPipelineswithApacheAirflow/.env/lib/python3.8/site-packages/airflow/example_dags/tutorial_dag.py for tasks to queue
[2024-03-16T11:23:43.123+0500] {logging_mixin.py:188} INFO - [2024-03-16T11:23:43.122+0500] {dagbag.py:540} INFO - Filling up the DagBag from /home/muhammadsami/Public/Projects/Airflow/DataPipelineswithApacheAirflow/.env/lib/python3.8/site-packages/airflow/example_dags/tutorial_dag.py
[2024-03-16T11:23:43.127+0500] {processor.py:840} INFO - DAG(s) 'tutorial_dag' retrieved from /home/muhammadsami/Public/Projects/Airflow/DataPipelineswithApacheAirflow/.env/lib/python3.8/site-packages/airflow/example_dags/tutorial_dag.py
[2024-03-16T11:23:43.141+0500] {logging_mixin.py:188} INFO - [2024-03-16T11:23:43.140+0500] {dag.py:3047} INFO - Sync 1 DAGs
[2024-03-16T11:23:43.150+0500] {logging_mixin.py:188} INFO - [2024-03-16T11:23:43.150+0500] {dag.py:3834} INFO - Setting next_dagrun for tutorial_dag to None, run_after=None
[2024-03-16T11:23:43.245+0500] {processor.py:183} INFO - Processing /home/muhammadsami/Public/Projects/Airflow/DataPipelineswithApacheAirflow/.env/lib/python3.8/site-packages/airflow/example_dags/tutorial_dag.py took 0.127 seconds
[2024-03-16T11:24:22.187+0500] {processor.py:161} INFO - Started process (PID=18474) to work on /home/muhammadsami/Public/Projects/Airflow/DataPipelineswithApacheAirflow/.env/lib/python3.8/site-packages/airflow/example_dags/tutorial_dag.py
[2024-03-16T11:24:22.204+0500] {processor.py:830} INFO - Processing file /home/muhammadsami/Public/Projects/Airflow/DataPipelineswithApacheAirflow/.env/lib/python3.8/site-packages/airflow/example_dags/tutorial_dag.py for tasks to queue
[2024-03-16T11:24:22.206+0500] {logging_mixin.py:188} INFO - [2024-03-16T11:24:22.205+0500] {dagbag.py:540} INFO - Filling up the DagBag from /home/muhammadsami/Public/Projects/Airflow/DataPipelineswithApacheAirflow/.env/lib/python3.8/site-packages/airflow/example_dags/tutorial_dag.py
[2024-03-16T11:24:22.214+0500] {processor.py:840} INFO - DAG(s) 'tutorial_dag' retrieved from /home/muhammadsami/Public/Projects/Airflow/DataPipelineswithApacheAirflow/.env/lib/python3.8/site-packages/airflow/example_dags/tutorial_dag.py
[2024-03-16T11:24:22.657+0500] {logging_mixin.py:188} INFO - [2024-03-16T11:24:22.657+0500] {dag.py:3047} INFO - Sync 1 DAGs
[2024-03-16T11:24:22.776+0500] {logging_mixin.py:188} INFO - [2024-03-16T11:24:22.776+0500] {dag.py:3834} INFO - Setting next_dagrun for tutorial_dag to None, run_after=None
[2024-03-16T11:24:22.895+0500] {processor.py:183} INFO - Processing /home/muhammadsami/Public/Projects/Airflow/DataPipelineswithApacheAirflow/.env/lib/python3.8/site-packages/airflow/example_dags/tutorial_dag.py took 0.712 seconds
[2024-03-16T11:25:16.743+0500] {processor.py:161} INFO - Started process (PID=18611) to work on /home/muhammadsami/Public/Projects/Airflow/DataPipelineswithApacheAirflow/.env/lib/python3.8/site-packages/airflow/example_dags/tutorial_dag.py
[2024-03-16T11:25:16.751+0500] {processor.py:830} INFO - Processing file /home/muhammadsami/Public/Projects/Airflow/DataPipelineswithApacheAirflow/.env/lib/python3.8/site-packages/airflow/example_dags/tutorial_dag.py for tasks to queue
[2024-03-16T11:25:16.752+0500] {logging_mixin.py:188} INFO - [2024-03-16T11:25:16.752+0500] {dagbag.py:540} INFO - Filling up the DagBag from /home/muhammadsami/Public/Projects/Airflow/DataPipelineswithApacheAirflow/.env/lib/python3.8/site-packages/airflow/example_dags/tutorial_dag.py
[2024-03-16T11:25:16.757+0500] {processor.py:840} INFO - DAG(s) 'tutorial_dag' retrieved from /home/muhammadsami/Public/Projects/Airflow/DataPipelineswithApacheAirflow/.env/lib/python3.8/site-packages/airflow/example_dags/tutorial_dag.py
[2024-03-16T11:25:16.770+0500] {logging_mixin.py:188} INFO - [2024-03-16T11:25:16.769+0500] {dag.py:3047} INFO - Sync 1 DAGs
[2024-03-16T11:25:16.779+0500] {logging_mixin.py:188} INFO - [2024-03-16T11:25:16.779+0500] {dag.py:3834} INFO - Setting next_dagrun for tutorial_dag to None, run_after=None
[2024-03-16T11:25:16.897+0500] {processor.py:183} INFO - Processing /home/muhammadsami/Public/Projects/Airflow/DataPipelineswithApacheAirflow/.env/lib/python3.8/site-packages/airflow/example_dags/tutorial_dag.py took 0.156 seconds
[2024-03-16T11:26:06.280+0500] {processor.py:161} INFO - Started process (PID=18667) to work on /home/muhammadsami/Public/Projects/Airflow/DataPipelineswithApacheAirflow/.env/lib/python3.8/site-packages/airflow/example_dags/tutorial_dag.py
[2024-03-16T11:26:06.281+0500] {processor.py:830} INFO - Processing file /home/muhammadsami/Public/Projects/Airflow/DataPipelineswithApacheAirflow/.env/lib/python3.8/site-packages/airflow/example_dags/tutorial_dag.py for tasks to queue
[2024-03-16T11:26:06.282+0500] {logging_mixin.py:188} INFO - [2024-03-16T11:26:06.282+0500] {dagbag.py:540} INFO - Filling up the DagBag from /home/muhammadsami/Public/Projects/Airflow/DataPipelineswithApacheAirflow/.env/lib/python3.8/site-packages/airflow/example_dags/tutorial_dag.py
[2024-03-16T11:26:06.288+0500] {processor.py:840} INFO - DAG(s) 'tutorial_dag' retrieved from /home/muhammadsami/Public/Projects/Airflow/DataPipelineswithApacheAirflow/.env/lib/python3.8/site-packages/airflow/example_dags/tutorial_dag.py
[2024-03-16T11:26:06.303+0500] {logging_mixin.py:188} INFO - [2024-03-16T11:26:06.303+0500] {dag.py:3047} INFO - Sync 1 DAGs
[2024-03-16T11:26:06.314+0500] {logging_mixin.py:188} INFO - [2024-03-16T11:26:06.313+0500] {dag.py:3834} INFO - Setting next_dagrun for tutorial_dag to None, run_after=None
[2024-03-16T11:26:06.410+0500] {processor.py:183} INFO - Processing /home/muhammadsami/Public/Projects/Airflow/DataPipelineswithApacheAirflow/.env/lib/python3.8/site-packages/airflow/example_dags/tutorial_dag.py took 0.132 seconds
[2024-03-16T11:26:57.927+0500] {processor.py:161} INFO - Started process (PID=18750) to work on /home/muhammadsami/Public/Projects/Airflow/DataPipelineswithApacheAirflow/.env/lib/python3.8/site-packages/airflow/example_dags/tutorial_dag.py
[2024-03-16T11:26:57.928+0500] {processor.py:830} INFO - Processing file /home/muhammadsami/Public/Projects/Airflow/DataPipelineswithApacheAirflow/.env/lib/python3.8/site-packages/airflow/example_dags/tutorial_dag.py for tasks to queue
[2024-03-16T11:26:57.929+0500] {logging_mixin.py:188} INFO - [2024-03-16T11:26:57.929+0500] {dagbag.py:540} INFO - Filling up the DagBag from /home/muhammadsami/Public/Projects/Airflow/DataPipelineswithApacheAirflow/.env/lib/python3.8/site-packages/airflow/example_dags/tutorial_dag.py
[2024-03-16T11:26:57.934+0500] {processor.py:840} INFO - DAG(s) 'tutorial_dag' retrieved from /home/muhammadsami/Public/Projects/Airflow/DataPipelineswithApacheAirflow/.env/lib/python3.8/site-packages/airflow/example_dags/tutorial_dag.py
[2024-03-16T11:26:57.947+0500] {logging_mixin.py:188} INFO - [2024-03-16T11:26:57.947+0500] {dag.py:3047} INFO - Sync 1 DAGs
[2024-03-16T11:26:57.959+0500] {logging_mixin.py:188} INFO - [2024-03-16T11:26:57.959+0500] {dag.py:3834} INFO - Setting next_dagrun for tutorial_dag to None, run_after=None
[2024-03-16T11:26:58.067+0500] {processor.py:183} INFO - Processing /home/muhammadsami/Public/Projects/Airflow/DataPipelineswithApacheAirflow/.env/lib/python3.8/site-packages/airflow/example_dags/tutorial_dag.py took 0.143 seconds
[2024-03-16T11:27:45.722+0500] {processor.py:161} INFO - Started process (PID=18800) to work on /home/muhammadsami/Public/Projects/Airflow/DataPipelineswithApacheAirflow/.env/lib/python3.8/site-packages/airflow/example_dags/tutorial_dag.py
[2024-03-16T11:27:45.723+0500] {processor.py:830} INFO - Processing file /home/muhammadsami/Public/Projects/Airflow/DataPipelineswithApacheAirflow/.env/lib/python3.8/site-packages/airflow/example_dags/tutorial_dag.py for tasks to queue
[2024-03-16T11:27:45.724+0500] {logging_mixin.py:188} INFO - [2024-03-16T11:27:45.723+0500] {dagbag.py:540} INFO - Filling up the DagBag from /home/muhammadsami/Public/Projects/Airflow/DataPipelineswithApacheAirflow/.env/lib/python3.8/site-packages/airflow/example_dags/tutorial_dag.py
[2024-03-16T11:27:45.730+0500] {processor.py:840} INFO - DAG(s) 'tutorial_dag' retrieved from /home/muhammadsami/Public/Projects/Airflow/DataPipelineswithApacheAirflow/.env/lib/python3.8/site-packages/airflow/example_dags/tutorial_dag.py
[2024-03-16T11:27:45.743+0500] {logging_mixin.py:188} INFO - [2024-03-16T11:27:45.743+0500] {dag.py:3047} INFO - Sync 1 DAGs
[2024-03-16T11:27:45.753+0500] {logging_mixin.py:188} INFO - [2024-03-16T11:27:45.753+0500] {dag.py:3834} INFO - Setting next_dagrun for tutorial_dag to None, run_after=None
[2024-03-16T11:27:45.849+0500] {processor.py:183} INFO - Processing /home/muhammadsami/Public/Projects/Airflow/DataPipelineswithApacheAirflow/.env/lib/python3.8/site-packages/airflow/example_dags/tutorial_dag.py took 0.130 seconds
[2024-03-16T11:28:31.546+0500] {processor.py:161} INFO - Started process (PID=18843) to work on /home/muhammadsami/Public/Projects/Airflow/DataPipelineswithApacheAirflow/.env/lib/python3.8/site-packages/airflow/example_dags/tutorial_dag.py
[2024-03-16T11:28:31.548+0500] {processor.py:830} INFO - Processing file /home/muhammadsami/Public/Projects/Airflow/DataPipelineswithApacheAirflow/.env/lib/python3.8/site-packages/airflow/example_dags/tutorial_dag.py for tasks to queue
[2024-03-16T11:28:31.549+0500] {logging_mixin.py:188} INFO - [2024-03-16T11:28:31.548+0500] {dagbag.py:540} INFO - Filling up the DagBag from /home/muhammadsami/Public/Projects/Airflow/DataPipelineswithApacheAirflow/.env/lib/python3.8/site-packages/airflow/example_dags/tutorial_dag.py
[2024-03-16T11:28:31.554+0500] {processor.py:840} INFO - DAG(s) 'tutorial_dag' retrieved from /home/muhammadsami/Public/Projects/Airflow/DataPipelineswithApacheAirflow/.env/lib/python3.8/site-packages/airflow/example_dags/tutorial_dag.py
[2024-03-16T11:28:31.573+0500] {logging_mixin.py:188} INFO - [2024-03-16T11:28:31.573+0500] {dag.py:3047} INFO - Sync 1 DAGs
[2024-03-16T11:28:31.586+0500] {logging_mixin.py:188} INFO - [2024-03-16T11:28:31.586+0500] {dag.py:3834} INFO - Setting next_dagrun for tutorial_dag to None, run_after=None
[2024-03-16T11:28:31.712+0500] {processor.py:183} INFO - Processing /home/muhammadsami/Public/Projects/Airflow/DataPipelineswithApacheAirflow/.env/lib/python3.8/site-packages/airflow/example_dags/tutorial_dag.py took 0.169 seconds
[2024-03-16T11:29:21.442+0500] {processor.py:161} INFO - Started process (PID=18912) to work on /home/muhammadsami/Public/Projects/Airflow/DataPipelineswithApacheAirflow/.env/lib/python3.8/site-packages/airflow/example_dags/tutorial_dag.py
[2024-03-16T11:29:21.444+0500] {processor.py:830} INFO - Processing file /home/muhammadsami/Public/Projects/Airflow/DataPipelineswithApacheAirflow/.env/lib/python3.8/site-packages/airflow/example_dags/tutorial_dag.py for tasks to queue
[2024-03-16T11:29:21.445+0500] {logging_mixin.py:188} INFO - [2024-03-16T11:29:21.445+0500] {dagbag.py:540} INFO - Filling up the DagBag from /home/muhammadsami/Public/Projects/Airflow/DataPipelineswithApacheAirflow/.env/lib/python3.8/site-packages/airflow/example_dags/tutorial_dag.py
[2024-03-16T11:29:21.450+0500] {processor.py:840} INFO - DAG(s) 'tutorial_dag' retrieved from /home/muhammadsami/Public/Projects/Airflow/DataPipelineswithApacheAirflow/.env/lib/python3.8/site-packages/airflow/example_dags/tutorial_dag.py
[2024-03-16T11:29:21.466+0500] {logging_mixin.py:188} INFO - [2024-03-16T11:29:21.466+0500] {dag.py:3047} INFO - Sync 1 DAGs
[2024-03-16T11:29:21.476+0500] {logging_mixin.py:188} INFO - [2024-03-16T11:29:21.476+0500] {dag.py:3834} INFO - Setting next_dagrun for tutorial_dag to None, run_after=None
[2024-03-16T11:29:21.561+0500] {processor.py:183} INFO - Processing /home/muhammadsami/Public/Projects/Airflow/DataPipelineswithApacheAirflow/.env/lib/python3.8/site-packages/airflow/example_dags/tutorial_dag.py took 0.122 seconds
[2024-03-16T11:30:13.707+0500] {processor.py:161} INFO - Started process (PID=18969) to work on /home/muhammadsami/Public/Projects/Airflow/DataPipelineswithApacheAirflow/.env/lib/python3.8/site-packages/airflow/example_dags/tutorial_dag.py
[2024-03-16T11:30:13.721+0500] {processor.py:830} INFO - Processing file /home/muhammadsami/Public/Projects/Airflow/DataPipelineswithApacheAirflow/.env/lib/python3.8/site-packages/airflow/example_dags/tutorial_dag.py for tasks to queue
[2024-03-16T11:30:13.721+0500] {logging_mixin.py:188} INFO - [2024-03-16T11:30:13.721+0500] {dagbag.py:540} INFO - Filling up the DagBag from /home/muhammadsami/Public/Projects/Airflow/DataPipelineswithApacheAirflow/.env/lib/python3.8/site-packages/airflow/example_dags/tutorial_dag.py
[2024-03-16T11:30:13.726+0500] {processor.py:840} INFO - DAG(s) 'tutorial_dag' retrieved from /home/muhammadsami/Public/Projects/Airflow/DataPipelineswithApacheAirflow/.env/lib/python3.8/site-packages/airflow/example_dags/tutorial_dag.py
[2024-03-16T11:30:13.739+0500] {logging_mixin.py:188} INFO - [2024-03-16T11:30:13.739+0500] {dag.py:3047} INFO - Sync 1 DAGs
[2024-03-16T11:30:13.749+0500] {logging_mixin.py:188} INFO - [2024-03-16T11:30:13.748+0500] {dag.py:3834} INFO - Setting next_dagrun for tutorial_dag to None, run_after=None
[2024-03-16T11:30:13.839+0500] {processor.py:183} INFO - Processing /home/muhammadsami/Public/Projects/Airflow/DataPipelineswithApacheAirflow/.env/lib/python3.8/site-packages/airflow/example_dags/tutorial_dag.py took 0.134 seconds
[2024-03-16T11:38:26.601+0500] {processor.py:161} INFO - Started process (PID=19326) to work on /home/muhammadsami/Public/Projects/Airflow/DataPipelineswithApacheAirflow/.env/lib/python3.8/site-packages/airflow/example_dags/tutorial_dag.py
[2024-03-16T11:38:26.612+0500] {processor.py:830} INFO - Processing file /home/muhammadsami/Public/Projects/Airflow/DataPipelineswithApacheAirflow/.env/lib/python3.8/site-packages/airflow/example_dags/tutorial_dag.py for tasks to queue
[2024-03-16T11:38:26.612+0500] {logging_mixin.py:188} INFO - [2024-03-16T11:38:26.612+0500] {dagbag.py:540} INFO - Filling up the DagBag from /home/muhammadsami/Public/Projects/Airflow/DataPipelineswithApacheAirflow/.env/lib/python3.8/site-packages/airflow/example_dags/tutorial_dag.py
[2024-03-16T11:38:26.620+0500] {processor.py:840} INFO - DAG(s) 'tutorial_dag' retrieved from /home/muhammadsami/Public/Projects/Airflow/DataPipelineswithApacheAirflow/.env/lib/python3.8/site-packages/airflow/example_dags/tutorial_dag.py
[2024-03-16T11:38:26.640+0500] {logging_mixin.py:188} INFO - [2024-03-16T11:38:26.640+0500] {dag.py:3047} INFO - Sync 1 DAGs
[2024-03-16T11:38:26.649+0500] {logging_mixin.py:188} INFO - [2024-03-16T11:38:26.649+0500] {dag.py:3834} INFO - Setting next_dagrun for tutorial_dag to None, run_after=None
[2024-03-16T11:38:26.747+0500] {processor.py:183} INFO - Processing /home/muhammadsami/Public/Projects/Airflow/DataPipelineswithApacheAirflow/.env/lib/python3.8/site-packages/airflow/example_dags/tutorial_dag.py took 0.149 seconds
[2024-03-16T11:39:33.119+0500] {processor.py:161} INFO - Started process (PID=19710) to work on /home/muhammadsami/Public/Projects/Airflow/DataPipelineswithApacheAirflow/.env/lib/python3.8/site-packages/airflow/example_dags/tutorial_dag.py
[2024-03-16T11:39:33.164+0500] {processor.py:830} INFO - Processing file /home/muhammadsami/Public/Projects/Airflow/DataPipelineswithApacheAirflow/.env/lib/python3.8/site-packages/airflow/example_dags/tutorial_dag.py for tasks to queue
[2024-03-16T11:39:33.165+0500] {logging_mixin.py:188} INFO - [2024-03-16T11:39:33.165+0500] {dagbag.py:540} INFO - Filling up the DagBag from /home/muhammadsami/Public/Projects/Airflow/DataPipelineswithApacheAirflow/.env/lib/python3.8/site-packages/airflow/example_dags/tutorial_dag.py
[2024-03-16T11:39:33.170+0500] {processor.py:840} INFO - DAG(s) 'tutorial_dag' retrieved from /home/muhammadsami/Public/Projects/Airflow/DataPipelineswithApacheAirflow/.env/lib/python3.8/site-packages/airflow/example_dags/tutorial_dag.py
[2024-03-16T11:39:33.369+0500] {logging_mixin.py:188} INFO - [2024-03-16T11:39:33.369+0500] {dag.py:3047} INFO - Sync 1 DAGs
[2024-03-16T11:39:33.567+0500] {logging_mixin.py:188} INFO - [2024-03-16T11:39:33.566+0500] {dag.py:3834} INFO - Setting next_dagrun for tutorial_dag to None, run_after=None
[2024-03-16T11:39:34.450+0500] {processor.py:183} INFO - Processing /home/muhammadsami/Public/Projects/Airflow/DataPipelineswithApacheAirflow/.env/lib/python3.8/site-packages/airflow/example_dags/tutorial_dag.py took 1.333 seconds
[2024-03-16T11:40:38.771+0500] {processor.py:161} INFO - Started process (PID=19967) to work on /home/muhammadsami/Public/Projects/Airflow/DataPipelineswithApacheAirflow/.env/lib/python3.8/site-packages/airflow/example_dags/tutorial_dag.py
[2024-03-16T11:40:38.785+0500] {processor.py:830} INFO - Processing file /home/muhammadsami/Public/Projects/Airflow/DataPipelineswithApacheAirflow/.env/lib/python3.8/site-packages/airflow/example_dags/tutorial_dag.py for tasks to queue
[2024-03-16T11:40:38.786+0500] {logging_mixin.py:188} INFO - [2024-03-16T11:40:38.786+0500] {dagbag.py:540} INFO - Filling up the DagBag from /home/muhammadsami/Public/Projects/Airflow/DataPipelineswithApacheAirflow/.env/lib/python3.8/site-packages/airflow/example_dags/tutorial_dag.py
[2024-03-16T11:40:38.791+0500] {processor.py:840} INFO - DAG(s) 'tutorial_dag' retrieved from /home/muhammadsami/Public/Projects/Airflow/DataPipelineswithApacheAirflow/.env/lib/python3.8/site-packages/airflow/example_dags/tutorial_dag.py
[2024-03-16T11:40:38.889+0500] {logging_mixin.py:188} INFO - [2024-03-16T11:40:38.889+0500] {dag.py:3047} INFO - Sync 1 DAGs
[2024-03-16T11:40:38.897+0500] {logging_mixin.py:188} INFO - [2024-03-16T11:40:38.897+0500] {dag.py:3834} INFO - Setting next_dagrun for tutorial_dag to None, run_after=None
[2024-03-16T11:40:38.985+0500] {processor.py:183} INFO - Processing /home/muhammadsami/Public/Projects/Airflow/DataPipelineswithApacheAirflow/.env/lib/python3.8/site-packages/airflow/example_dags/tutorial_dag.py took 0.216 seconds
[2024-03-16T11:41:19.337+0500] {processor.py:161} INFO - Started process (PID=20180) to work on /home/muhammadsami/Public/Projects/Airflow/DataPipelineswithApacheAirflow/.env/lib/python3.8/site-packages/airflow/example_dags/tutorial_dag.py
[2024-03-16T11:41:19.339+0500] {processor.py:830} INFO - Processing file /home/muhammadsami/Public/Projects/Airflow/DataPipelineswithApacheAirflow/.env/lib/python3.8/site-packages/airflow/example_dags/tutorial_dag.py for tasks to queue
[2024-03-16T11:41:19.340+0500] {logging_mixin.py:188} INFO - [2024-03-16T11:41:19.340+0500] {dagbag.py:540} INFO - Filling up the DagBag from /home/muhammadsami/Public/Projects/Airflow/DataPipelineswithApacheAirflow/.env/lib/python3.8/site-packages/airflow/example_dags/tutorial_dag.py
[2024-03-16T11:41:19.346+0500] {processor.py:840} INFO - DAG(s) 'tutorial_dag' retrieved from /home/muhammadsami/Public/Projects/Airflow/DataPipelineswithApacheAirflow/.env/lib/python3.8/site-packages/airflow/example_dags/tutorial_dag.py
[2024-03-16T11:41:19.367+0500] {logging_mixin.py:188} INFO - [2024-03-16T11:41:19.366+0500] {dag.py:3047} INFO - Sync 1 DAGs
[2024-03-16T11:41:19.383+0500] {logging_mixin.py:188} INFO - [2024-03-16T11:41:19.383+0500] {dag.py:3834} INFO - Setting next_dagrun for tutorial_dag to None, run_after=None
[2024-03-16T11:41:19.500+0500] {processor.py:183} INFO - Processing /home/muhammadsami/Public/Projects/Airflow/DataPipelineswithApacheAirflow/.env/lib/python3.8/site-packages/airflow/example_dags/tutorial_dag.py took 0.167 seconds
[2024-03-16T11:41:58.275+0500] {processor.py:161} INFO - Started process (PID=20223) to work on /home/muhammadsami/Public/Projects/Airflow/DataPipelineswithApacheAirflow/.env/lib/python3.8/site-packages/airflow/example_dags/tutorial_dag.py
[2024-03-16T11:41:58.277+0500] {processor.py:830} INFO - Processing file /home/muhammadsami/Public/Projects/Airflow/DataPipelineswithApacheAirflow/.env/lib/python3.8/site-packages/airflow/example_dags/tutorial_dag.py for tasks to queue
[2024-03-16T11:41:58.278+0500] {logging_mixin.py:188} INFO - [2024-03-16T11:41:58.277+0500] {dagbag.py:540} INFO - Filling up the DagBag from /home/muhammadsami/Public/Projects/Airflow/DataPipelineswithApacheAirflow/.env/lib/python3.8/site-packages/airflow/example_dags/tutorial_dag.py
[2024-03-16T11:41:58.284+0500] {processor.py:840} INFO - DAG(s) 'tutorial_dag' retrieved from /home/muhammadsami/Public/Projects/Airflow/DataPipelineswithApacheAirflow/.env/lib/python3.8/site-packages/airflow/example_dags/tutorial_dag.py
[2024-03-16T11:41:58.298+0500] {logging_mixin.py:188} INFO - [2024-03-16T11:41:58.297+0500] {dag.py:3047} INFO - Sync 1 DAGs
[2024-03-16T11:41:58.310+0500] {logging_mixin.py:188} INFO - [2024-03-16T11:41:58.310+0500] {dag.py:3834} INFO - Setting next_dagrun for tutorial_dag to None, run_after=None
[2024-03-16T11:41:58.402+0500] {processor.py:183} INFO - Processing /home/muhammadsami/Public/Projects/Airflow/DataPipelineswithApacheAirflow/.env/lib/python3.8/site-packages/airflow/example_dags/tutorial_dag.py took 0.129 seconds
[2024-03-16T11:42:49.839+0500] {processor.py:161} INFO - Started process (PID=20282) to work on /home/muhammadsami/Public/Projects/Airflow/DataPipelineswithApacheAirflow/.env/lib/python3.8/site-packages/airflow/example_dags/tutorial_dag.py
[2024-03-16T11:42:49.840+0500] {processor.py:830} INFO - Processing file /home/muhammadsami/Public/Projects/Airflow/DataPipelineswithApacheAirflow/.env/lib/python3.8/site-packages/airflow/example_dags/tutorial_dag.py for tasks to queue
[2024-03-16T11:42:49.842+0500] {logging_mixin.py:188} INFO - [2024-03-16T11:42:49.841+0500] {dagbag.py:540} INFO - Filling up the DagBag from /home/muhammadsami/Public/Projects/Airflow/DataPipelineswithApacheAirflow/.env/lib/python3.8/site-packages/airflow/example_dags/tutorial_dag.py
[2024-03-16T11:42:49.848+0500] {processor.py:840} INFO - DAG(s) 'tutorial_dag' retrieved from /home/muhammadsami/Public/Projects/Airflow/DataPipelineswithApacheAirflow/.env/lib/python3.8/site-packages/airflow/example_dags/tutorial_dag.py
[2024-03-16T11:42:49.862+0500] {logging_mixin.py:188} INFO - [2024-03-16T11:42:49.861+0500] {dag.py:3047} INFO - Sync 1 DAGs
[2024-03-16T11:42:49.872+0500] {logging_mixin.py:188} INFO - [2024-03-16T11:42:49.872+0500] {dag.py:3834} INFO - Setting next_dagrun for tutorial_dag to None, run_after=None
[2024-03-16T11:42:49.980+0500] {processor.py:183} INFO - Processing /home/muhammadsami/Public/Projects/Airflow/DataPipelineswithApacheAirflow/.env/lib/python3.8/site-packages/airflow/example_dags/tutorial_dag.py took 0.143 seconds
[2024-03-16T11:43:37.197+0500] {processor.py:161} INFO - Started process (PID=20356) to work on /home/muhammadsami/Public/Projects/Airflow/DataPipelineswithApacheAirflow/.env/lib/python3.8/site-packages/airflow/example_dags/tutorial_dag.py
[2024-03-16T11:43:37.208+0500] {processor.py:830} INFO - Processing file /home/muhammadsami/Public/Projects/Airflow/DataPipelineswithApacheAirflow/.env/lib/python3.8/site-packages/airflow/example_dags/tutorial_dag.py for tasks to queue
[2024-03-16T11:43:37.209+0500] {logging_mixin.py:188} INFO - [2024-03-16T11:43:37.209+0500] {dagbag.py:540} INFO - Filling up the DagBag from /home/muhammadsami/Public/Projects/Airflow/DataPipelineswithApacheAirflow/.env/lib/python3.8/site-packages/airflow/example_dags/tutorial_dag.py
[2024-03-16T11:43:37.214+0500] {processor.py:840} INFO - DAG(s) 'tutorial_dag' retrieved from /home/muhammadsami/Public/Projects/Airflow/DataPipelineswithApacheAirflow/.env/lib/python3.8/site-packages/airflow/example_dags/tutorial_dag.py
[2024-03-16T11:43:37.227+0500] {logging_mixin.py:188} INFO - [2024-03-16T11:43:37.226+0500] {dag.py:3047} INFO - Sync 1 DAGs
[2024-03-16T11:43:37.236+0500] {logging_mixin.py:188} INFO - [2024-03-16T11:43:37.236+0500] {dag.py:3834} INFO - Setting next_dagrun for tutorial_dag to None, run_after=None
[2024-03-16T11:43:37.324+0500] {processor.py:183} INFO - Processing /home/muhammadsami/Public/Projects/Airflow/DataPipelineswithApacheAirflow/.env/lib/python3.8/site-packages/airflow/example_dags/tutorial_dag.py took 0.129 seconds
[2024-03-16T11:44:26.061+0500] {processor.py:161} INFO - Started process (PID=20403) to work on /home/muhammadsami/Public/Projects/Airflow/DataPipelineswithApacheAirflow/.env/lib/python3.8/site-packages/airflow/example_dags/tutorial_dag.py
[2024-03-16T11:44:26.062+0500] {processor.py:830} INFO - Processing file /home/muhammadsami/Public/Projects/Airflow/DataPipelineswithApacheAirflow/.env/lib/python3.8/site-packages/airflow/example_dags/tutorial_dag.py for tasks to queue
[2024-03-16T11:44:26.063+0500] {logging_mixin.py:188} INFO - [2024-03-16T11:44:26.063+0500] {dagbag.py:540} INFO - Filling up the DagBag from /home/muhammadsami/Public/Projects/Airflow/DataPipelineswithApacheAirflow/.env/lib/python3.8/site-packages/airflow/example_dags/tutorial_dag.py
[2024-03-16T11:44:26.068+0500] {processor.py:840} INFO - DAG(s) 'tutorial_dag' retrieved from /home/muhammadsami/Public/Projects/Airflow/DataPipelineswithApacheAirflow/.env/lib/python3.8/site-packages/airflow/example_dags/tutorial_dag.py
[2024-03-16T11:44:26.081+0500] {logging_mixin.py:188} INFO - [2024-03-16T11:44:26.081+0500] {dag.py:3047} INFO - Sync 1 DAGs
[2024-03-16T11:44:26.090+0500] {logging_mixin.py:188} INFO - [2024-03-16T11:44:26.090+0500] {dag.py:3834} INFO - Setting next_dagrun for tutorial_dag to None, run_after=None
[2024-03-16T11:44:26.186+0500] {processor.py:183} INFO - Processing /home/muhammadsami/Public/Projects/Airflow/DataPipelineswithApacheAirflow/.env/lib/python3.8/site-packages/airflow/example_dags/tutorial_dag.py took 0.127 seconds
[2024-03-16T11:45:28.768+0500] {processor.py:161} INFO - Started process (PID=20814) to work on /home/muhammadsami/Public/Projects/Airflow/DataPipelineswithApacheAirflow/.env/lib/python3.8/site-packages/airflow/example_dags/tutorial_dag.py
[2024-03-16T11:45:28.769+0500] {processor.py:830} INFO - Processing file /home/muhammadsami/Public/Projects/Airflow/DataPipelineswithApacheAirflow/.env/lib/python3.8/site-packages/airflow/example_dags/tutorial_dag.py for tasks to queue
[2024-03-16T11:45:28.770+0500] {logging_mixin.py:188} INFO - [2024-03-16T11:45:28.770+0500] {dagbag.py:540} INFO - Filling up the DagBag from /home/muhammadsami/Public/Projects/Airflow/DataPipelineswithApacheAirflow/.env/lib/python3.8/site-packages/airflow/example_dags/tutorial_dag.py
[2024-03-16T11:45:28.774+0500] {processor.py:840} INFO - DAG(s) 'tutorial_dag' retrieved from /home/muhammadsami/Public/Projects/Airflow/DataPipelineswithApacheAirflow/.env/lib/python3.8/site-packages/airflow/example_dags/tutorial_dag.py
[2024-03-16T11:45:28.788+0500] {logging_mixin.py:188} INFO - [2024-03-16T11:45:28.788+0500] {dag.py:3047} INFO - Sync 1 DAGs
[2024-03-16T11:45:28.800+0500] {logging_mixin.py:188} INFO - [2024-03-16T11:45:28.799+0500] {dag.py:3834} INFO - Setting next_dagrun for tutorial_dag to None, run_after=None
[2024-03-16T11:45:28.893+0500] {processor.py:183} INFO - Processing /home/muhammadsami/Public/Projects/Airflow/DataPipelineswithApacheAirflow/.env/lib/python3.8/site-packages/airflow/example_dags/tutorial_dag.py took 0.127 seconds
[2024-03-16T11:46:06.048+0500] {processor.py:161} INFO - Started process (PID=20853) to work on /home/muhammadsami/Public/Projects/Airflow/DataPipelineswithApacheAirflow/.env/lib/python3.8/site-packages/airflow/example_dags/tutorial_dag.py
[2024-03-16T11:46:06.049+0500] {processor.py:830} INFO - Processing file /home/muhammadsami/Public/Projects/Airflow/DataPipelineswithApacheAirflow/.env/lib/python3.8/site-packages/airflow/example_dags/tutorial_dag.py for tasks to queue
[2024-03-16T11:46:06.050+0500] {logging_mixin.py:188} INFO - [2024-03-16T11:46:06.049+0500] {dagbag.py:540} INFO - Filling up the DagBag from /home/muhammadsami/Public/Projects/Airflow/DataPipelineswithApacheAirflow/.env/lib/python3.8/site-packages/airflow/example_dags/tutorial_dag.py
[2024-03-16T11:46:06.055+0500] {processor.py:840} INFO - DAG(s) 'tutorial_dag' retrieved from /home/muhammadsami/Public/Projects/Airflow/DataPipelineswithApacheAirflow/.env/lib/python3.8/site-packages/airflow/example_dags/tutorial_dag.py
[2024-03-16T11:46:06.068+0500] {logging_mixin.py:188} INFO - [2024-03-16T11:46:06.068+0500] {dag.py:3047} INFO - Sync 1 DAGs
[2024-03-16T11:46:06.082+0500] {logging_mixin.py:188} INFO - [2024-03-16T11:46:06.082+0500] {dag.py:3834} INFO - Setting next_dagrun for tutorial_dag to None, run_after=None
[2024-03-16T11:46:06.199+0500] {processor.py:183} INFO - Processing /home/muhammadsami/Public/Projects/Airflow/DataPipelineswithApacheAirflow/.env/lib/python3.8/site-packages/airflow/example_dags/tutorial_dag.py took 0.154 seconds
[2024-03-16T11:46:57.547+0500] {processor.py:161} INFO - Started process (PID=20909) to work on /home/muhammadsami/Public/Projects/Airflow/DataPipelineswithApacheAirflow/.env/lib/python3.8/site-packages/airflow/example_dags/tutorial_dag.py
[2024-03-16T11:46:57.564+0500] {processor.py:830} INFO - Processing file /home/muhammadsami/Public/Projects/Airflow/DataPipelineswithApacheAirflow/.env/lib/python3.8/site-packages/airflow/example_dags/tutorial_dag.py for tasks to queue
[2024-03-16T11:46:57.565+0500] {logging_mixin.py:188} INFO - [2024-03-16T11:46:57.564+0500] {dagbag.py:540} INFO - Filling up the DagBag from /home/muhammadsami/Public/Projects/Airflow/DataPipelineswithApacheAirflow/.env/lib/python3.8/site-packages/airflow/example_dags/tutorial_dag.py
[2024-03-16T11:46:57.570+0500] {processor.py:840} INFO - DAG(s) 'tutorial_dag' retrieved from /home/muhammadsami/Public/Projects/Airflow/DataPipelineswithApacheAirflow/.env/lib/python3.8/site-packages/airflow/example_dags/tutorial_dag.py
[2024-03-16T11:46:57.583+0500] {logging_mixin.py:188} INFO - [2024-03-16T11:46:57.583+0500] {dag.py:3047} INFO - Sync 1 DAGs
[2024-03-16T11:46:57.596+0500] {logging_mixin.py:188} INFO - [2024-03-16T11:46:57.596+0500] {dag.py:3834} INFO - Setting next_dagrun for tutorial_dag to None, run_after=None
[2024-03-16T11:46:57.691+0500] {processor.py:183} INFO - Processing /home/muhammadsami/Public/Projects/Airflow/DataPipelineswithApacheAirflow/.env/lib/python3.8/site-packages/airflow/example_dags/tutorial_dag.py took 0.146 seconds
[2024-03-16T11:47:48.584+0500] {processor.py:161} INFO - Started process (PID=20986) to work on /home/muhammadsami/Public/Projects/Airflow/DataPipelineswithApacheAirflow/.env/lib/python3.8/site-packages/airflow/example_dags/tutorial_dag.py
[2024-03-16T11:47:48.586+0500] {processor.py:830} INFO - Processing file /home/muhammadsami/Public/Projects/Airflow/DataPipelineswithApacheAirflow/.env/lib/python3.8/site-packages/airflow/example_dags/tutorial_dag.py for tasks to queue
[2024-03-16T11:47:48.587+0500] {logging_mixin.py:188} INFO - [2024-03-16T11:47:48.586+0500] {dagbag.py:540} INFO - Filling up the DagBag from /home/muhammadsami/Public/Projects/Airflow/DataPipelineswithApacheAirflow/.env/lib/python3.8/site-packages/airflow/example_dags/tutorial_dag.py
[2024-03-16T11:47:48.592+0500] {processor.py:840} INFO - DAG(s) 'tutorial_dag' retrieved from /home/muhammadsami/Public/Projects/Airflow/DataPipelineswithApacheAirflow/.env/lib/python3.8/site-packages/airflow/example_dags/tutorial_dag.py
[2024-03-16T11:47:48.606+0500] {logging_mixin.py:188} INFO - [2024-03-16T11:47:48.605+0500] {dag.py:3047} INFO - Sync 1 DAGs
[2024-03-16T11:47:48.615+0500] {logging_mixin.py:188} INFO - [2024-03-16T11:47:48.615+0500] {dag.py:3834} INFO - Setting next_dagrun for tutorial_dag to None, run_after=None
[2024-03-16T11:47:48.707+0500] {processor.py:183} INFO - Processing /home/muhammadsami/Public/Projects/Airflow/DataPipelineswithApacheAirflow/.env/lib/python3.8/site-packages/airflow/example_dags/tutorial_dag.py took 0.125 seconds
[2024-03-16T11:48:34.796+0500] {processor.py:161} INFO - Started process (PID=21062) to work on /home/muhammadsami/Public/Projects/Airflow/DataPipelineswithApacheAirflow/.env/lib/python3.8/site-packages/airflow/example_dags/tutorial_dag.py
[2024-03-16T11:48:34.797+0500] {processor.py:830} INFO - Processing file /home/muhammadsami/Public/Projects/Airflow/DataPipelineswithApacheAirflow/.env/lib/python3.8/site-packages/airflow/example_dags/tutorial_dag.py for tasks to queue
[2024-03-16T11:48:34.798+0500] {logging_mixin.py:188} INFO - [2024-03-16T11:48:34.798+0500] {dagbag.py:540} INFO - Filling up the DagBag from /home/muhammadsami/Public/Projects/Airflow/DataPipelineswithApacheAirflow/.env/lib/python3.8/site-packages/airflow/example_dags/tutorial_dag.py
[2024-03-16T11:48:34.803+0500] {processor.py:840} INFO - DAG(s) 'tutorial_dag' retrieved from /home/muhammadsami/Public/Projects/Airflow/DataPipelineswithApacheAirflow/.env/lib/python3.8/site-packages/airflow/example_dags/tutorial_dag.py
[2024-03-16T11:48:34.818+0500] {logging_mixin.py:188} INFO - [2024-03-16T11:48:34.817+0500] {dag.py:3047} INFO - Sync 1 DAGs
[2024-03-16T11:48:34.831+0500] {logging_mixin.py:188} INFO - [2024-03-16T11:48:34.831+0500] {dag.py:3834} INFO - Setting next_dagrun for tutorial_dag to None, run_after=None
[2024-03-16T11:48:34.922+0500] {processor.py:183} INFO - Processing /home/muhammadsami/Public/Projects/Airflow/DataPipelineswithApacheAirflow/.env/lib/python3.8/site-packages/airflow/example_dags/tutorial_dag.py took 0.128 seconds
[2024-03-16T11:49:23.170+0500] {processor.py:161} INFO - Started process (PID=21107) to work on /home/muhammadsami/Public/Projects/Airflow/DataPipelineswithApacheAirflow/.env/lib/python3.8/site-packages/airflow/example_dags/tutorial_dag.py
[2024-03-16T11:49:23.171+0500] {processor.py:830} INFO - Processing file /home/muhammadsami/Public/Projects/Airflow/DataPipelineswithApacheAirflow/.env/lib/python3.8/site-packages/airflow/example_dags/tutorial_dag.py for tasks to queue
[2024-03-16T11:49:23.172+0500] {logging_mixin.py:188} INFO - [2024-03-16T11:49:23.172+0500] {dagbag.py:540} INFO - Filling up the DagBag from /home/muhammadsami/Public/Projects/Airflow/DataPipelineswithApacheAirflow/.env/lib/python3.8/site-packages/airflow/example_dags/tutorial_dag.py
[2024-03-16T11:49:23.177+0500] {processor.py:840} INFO - DAG(s) 'tutorial_dag' retrieved from /home/muhammadsami/Public/Projects/Airflow/DataPipelineswithApacheAirflow/.env/lib/python3.8/site-packages/airflow/example_dags/tutorial_dag.py
[2024-03-16T11:49:23.190+0500] {logging_mixin.py:188} INFO - [2024-03-16T11:49:23.189+0500] {dag.py:3047} INFO - Sync 1 DAGs
[2024-03-16T11:49:23.199+0500] {logging_mixin.py:188} INFO - [2024-03-16T11:49:23.199+0500] {dag.py:3834} INFO - Setting next_dagrun for tutorial_dag to None, run_after=None
[2024-03-16T11:49:23.289+0500] {processor.py:183} INFO - Processing /home/muhammadsami/Public/Projects/Airflow/DataPipelineswithApacheAirflow/.env/lib/python3.8/site-packages/airflow/example_dags/tutorial_dag.py took 0.122 seconds
[2024-03-16T11:50:12.484+0500] {processor.py:161} INFO - Started process (PID=21151) to work on /home/muhammadsami/Public/Projects/Airflow/DataPipelineswithApacheAirflow/.env/lib/python3.8/site-packages/airflow/example_dags/tutorial_dag.py
[2024-03-16T11:50:12.485+0500] {processor.py:830} INFO - Processing file /home/muhammadsami/Public/Projects/Airflow/DataPipelineswithApacheAirflow/.env/lib/python3.8/site-packages/airflow/example_dags/tutorial_dag.py for tasks to queue
[2024-03-16T11:50:12.487+0500] {logging_mixin.py:188} INFO - [2024-03-16T11:50:12.486+0500] {dagbag.py:540} INFO - Filling up the DagBag from /home/muhammadsami/Public/Projects/Airflow/DataPipelineswithApacheAirflow/.env/lib/python3.8/site-packages/airflow/example_dags/tutorial_dag.py
[2024-03-16T11:50:12.493+0500] {processor.py:840} INFO - DAG(s) 'tutorial_dag' retrieved from /home/muhammadsami/Public/Projects/Airflow/DataPipelineswithApacheAirflow/.env/lib/python3.8/site-packages/airflow/example_dags/tutorial_dag.py
[2024-03-16T11:50:12.506+0500] {logging_mixin.py:188} INFO - [2024-03-16T11:50:12.506+0500] {dag.py:3047} INFO - Sync 1 DAGs
[2024-03-16T11:50:12.519+0500] {logging_mixin.py:188} INFO - [2024-03-16T11:50:12.519+0500] {dag.py:3834} INFO - Setting next_dagrun for tutorial_dag to None, run_after=None
[2024-03-16T11:50:12.611+0500] {processor.py:183} INFO - Processing /home/muhammadsami/Public/Projects/Airflow/DataPipelineswithApacheAirflow/.env/lib/python3.8/site-packages/airflow/example_dags/tutorial_dag.py took 0.129 seconds
[2024-03-16T11:51:02.807+0500] {processor.py:161} INFO - Started process (PID=21232) to work on /home/muhammadsami/Public/Projects/Airflow/DataPipelineswithApacheAirflow/.env/lib/python3.8/site-packages/airflow/example_dags/tutorial_dag.py
[2024-03-16T11:51:02.808+0500] {processor.py:830} INFO - Processing file /home/muhammadsami/Public/Projects/Airflow/DataPipelineswithApacheAirflow/.env/lib/python3.8/site-packages/airflow/example_dags/tutorial_dag.py for tasks to queue
[2024-03-16T11:51:02.809+0500] {logging_mixin.py:188} INFO - [2024-03-16T11:51:02.809+0500] {dagbag.py:540} INFO - Filling up the DagBag from /home/muhammadsami/Public/Projects/Airflow/DataPipelineswithApacheAirflow/.env/lib/python3.8/site-packages/airflow/example_dags/tutorial_dag.py
[2024-03-16T11:51:02.814+0500] {processor.py:840} INFO - DAG(s) 'tutorial_dag' retrieved from /home/muhammadsami/Public/Projects/Airflow/DataPipelineswithApacheAirflow/.env/lib/python3.8/site-packages/airflow/example_dags/tutorial_dag.py
[2024-03-16T11:51:02.827+0500] {logging_mixin.py:188} INFO - [2024-03-16T11:51:02.827+0500] {dag.py:3047} INFO - Sync 1 DAGs
[2024-03-16T11:51:02.837+0500] {logging_mixin.py:188} INFO - [2024-03-16T11:51:02.837+0500] {dag.py:3834} INFO - Setting next_dagrun for tutorial_dag to None, run_after=None
[2024-03-16T11:51:02.927+0500] {processor.py:183} INFO - Processing /home/muhammadsami/Public/Projects/Airflow/DataPipelineswithApacheAirflow/.env/lib/python3.8/site-packages/airflow/example_dags/tutorial_dag.py took 0.122 seconds
[2024-03-16T11:51:57.083+0500] {processor.py:161} INFO - Started process (PID=21339) to work on /home/muhammadsami/Public/Projects/Airflow/DataPipelineswithApacheAirflow/.env/lib/python3.8/site-packages/airflow/example_dags/tutorial_dag.py
[2024-03-16T11:51:57.084+0500] {processor.py:830} INFO - Processing file /home/muhammadsami/Public/Projects/Airflow/DataPipelineswithApacheAirflow/.env/lib/python3.8/site-packages/airflow/example_dags/tutorial_dag.py for tasks to queue
[2024-03-16T11:51:57.085+0500] {logging_mixin.py:188} INFO - [2024-03-16T11:51:57.085+0500] {dagbag.py:540} INFO - Filling up the DagBag from /home/muhammadsami/Public/Projects/Airflow/DataPipelineswithApacheAirflow/.env/lib/python3.8/site-packages/airflow/example_dags/tutorial_dag.py
[2024-03-16T11:51:57.090+0500] {processor.py:840} INFO - DAG(s) 'tutorial_dag' retrieved from /home/muhammadsami/Public/Projects/Airflow/DataPipelineswithApacheAirflow/.env/lib/python3.8/site-packages/airflow/example_dags/tutorial_dag.py
[2024-03-16T11:51:57.103+0500] {logging_mixin.py:188} INFO - [2024-03-16T11:51:57.103+0500] {dag.py:3047} INFO - Sync 1 DAGs
[2024-03-16T11:51:57.112+0500] {logging_mixin.py:188} INFO - [2024-03-16T11:51:57.112+0500] {dag.py:3834} INFO - Setting next_dagrun for tutorial_dag to None, run_after=None
[2024-03-16T11:51:57.238+0500] {processor.py:183} INFO - Processing /home/muhammadsami/Public/Projects/Airflow/DataPipelineswithApacheAirflow/.env/lib/python3.8/site-packages/airflow/example_dags/tutorial_dag.py took 0.158 seconds
[2024-03-16T11:52:48.262+0500] {processor.py:161} INFO - Started process (PID=21501) to work on /home/muhammadsami/Public/Projects/Airflow/DataPipelineswithApacheAirflow/.env/lib/python3.8/site-packages/airflow/example_dags/tutorial_dag.py
[2024-03-16T11:52:48.264+0500] {processor.py:830} INFO - Processing file /home/muhammadsami/Public/Projects/Airflow/DataPipelineswithApacheAirflow/.env/lib/python3.8/site-packages/airflow/example_dags/tutorial_dag.py for tasks to queue
[2024-03-16T11:52:48.265+0500] {logging_mixin.py:188} INFO - [2024-03-16T11:52:48.264+0500] {dagbag.py:540} INFO - Filling up the DagBag from /home/muhammadsami/Public/Projects/Airflow/DataPipelineswithApacheAirflow/.env/lib/python3.8/site-packages/airflow/example_dags/tutorial_dag.py
[2024-03-16T11:52:48.270+0500] {processor.py:840} INFO - DAG(s) 'tutorial_dag' retrieved from /home/muhammadsami/Public/Projects/Airflow/DataPipelineswithApacheAirflow/.env/lib/python3.8/site-packages/airflow/example_dags/tutorial_dag.py
[2024-03-16T11:52:48.283+0500] {logging_mixin.py:188} INFO - [2024-03-16T11:52:48.283+0500] {dag.py:3047} INFO - Sync 1 DAGs
[2024-03-16T11:52:48.297+0500] {logging_mixin.py:188} INFO - [2024-03-16T11:52:48.297+0500] {dag.py:3834} INFO - Setting next_dagrun for tutorial_dag to None, run_after=None
[2024-03-16T11:52:48.389+0500] {processor.py:183} INFO - Processing /home/muhammadsami/Public/Projects/Airflow/DataPipelineswithApacheAirflow/.env/lib/python3.8/site-packages/airflow/example_dags/tutorial_dag.py took 0.130 seconds
[2024-03-16T11:53:40.970+0500] {processor.py:161} INFO - Started process (PID=21605) to work on /home/muhammadsami/Public/Projects/Airflow/DataPipelineswithApacheAirflow/.env/lib/python3.8/site-packages/airflow/example_dags/tutorial_dag.py
[2024-03-16T11:53:40.971+0500] {processor.py:830} INFO - Processing file /home/muhammadsami/Public/Projects/Airflow/DataPipelineswithApacheAirflow/.env/lib/python3.8/site-packages/airflow/example_dags/tutorial_dag.py for tasks to queue
[2024-03-16T11:53:40.972+0500] {logging_mixin.py:188} INFO - [2024-03-16T11:53:40.972+0500] {dagbag.py:540} INFO - Filling up the DagBag from /home/muhammadsami/Public/Projects/Airflow/DataPipelineswithApacheAirflow/.env/lib/python3.8/site-packages/airflow/example_dags/tutorial_dag.py
[2024-03-16T11:53:40.979+0500] {processor.py:840} INFO - DAG(s) 'tutorial_dag' retrieved from /home/muhammadsami/Public/Projects/Airflow/DataPipelineswithApacheAirflow/.env/lib/python3.8/site-packages/airflow/example_dags/tutorial_dag.py
[2024-03-16T11:53:40.996+0500] {logging_mixin.py:188} INFO - [2024-03-16T11:53:40.996+0500] {dag.py:3047} INFO - Sync 1 DAGs
[2024-03-16T11:53:41.008+0500] {logging_mixin.py:188} INFO - [2024-03-16T11:53:41.007+0500] {dag.py:3834} INFO - Setting next_dagrun for tutorial_dag to None, run_after=None
[2024-03-16T11:53:41.133+0500] {processor.py:183} INFO - Processing /home/muhammadsami/Public/Projects/Airflow/DataPipelineswithApacheAirflow/.env/lib/python3.8/site-packages/airflow/example_dags/tutorial_dag.py took 0.165 seconds
[2024-03-16T11:54:30.730+0500] {processor.py:161} INFO - Started process (PID=21690) to work on /home/muhammadsami/Public/Projects/Airflow/DataPipelineswithApacheAirflow/.env/lib/python3.8/site-packages/airflow/example_dags/tutorial_dag.py
[2024-03-16T11:54:30.747+0500] {processor.py:830} INFO - Processing file /home/muhammadsami/Public/Projects/Airflow/DataPipelineswithApacheAirflow/.env/lib/python3.8/site-packages/airflow/example_dags/tutorial_dag.py for tasks to queue
[2024-03-16T11:54:30.749+0500] {logging_mixin.py:188} INFO - [2024-03-16T11:54:30.748+0500] {dagbag.py:540} INFO - Filling up the DagBag from /home/muhammadsami/Public/Projects/Airflow/DataPipelineswithApacheAirflow/.env/lib/python3.8/site-packages/airflow/example_dags/tutorial_dag.py
[2024-03-16T11:54:30.757+0500] {processor.py:840} INFO - DAG(s) 'tutorial_dag' retrieved from /home/muhammadsami/Public/Projects/Airflow/DataPipelineswithApacheAirflow/.env/lib/python3.8/site-packages/airflow/example_dags/tutorial_dag.py
[2024-03-16T11:54:30.781+0500] {logging_mixin.py:188} INFO - [2024-03-16T11:54:30.780+0500] {dag.py:3047} INFO - Sync 1 DAGs
[2024-03-16T11:54:30.791+0500] {logging_mixin.py:188} INFO - [2024-03-16T11:54:30.791+0500] {dag.py:3834} INFO - Setting next_dagrun for tutorial_dag to None, run_after=None
[2024-03-16T11:54:31.370+0500] {processor.py:183} INFO - Processing /home/muhammadsami/Public/Projects/Airflow/DataPipelineswithApacheAirflow/.env/lib/python3.8/site-packages/airflow/example_dags/tutorial_dag.py took 0.643 seconds
[2024-03-16T11:55:20.759+0500] {processor.py:161} INFO - Started process (PID=21862) to work on /home/muhammadsami/Public/Projects/Airflow/DataPipelineswithApacheAirflow/.env/lib/python3.8/site-packages/airflow/example_dags/tutorial_dag.py
[2024-03-16T11:55:20.761+0500] {processor.py:830} INFO - Processing file /home/muhammadsami/Public/Projects/Airflow/DataPipelineswithApacheAirflow/.env/lib/python3.8/site-packages/airflow/example_dags/tutorial_dag.py for tasks to queue
[2024-03-16T11:55:20.762+0500] {logging_mixin.py:188} INFO - [2024-03-16T11:55:20.762+0500] {dagbag.py:540} INFO - Filling up the DagBag from /home/muhammadsami/Public/Projects/Airflow/DataPipelineswithApacheAirflow/.env/lib/python3.8/site-packages/airflow/example_dags/tutorial_dag.py
[2024-03-16T11:55:20.768+0500] {processor.py:840} INFO - DAG(s) 'tutorial_dag' retrieved from /home/muhammadsami/Public/Projects/Airflow/DataPipelineswithApacheAirflow/.env/lib/python3.8/site-packages/airflow/example_dags/tutorial_dag.py
[2024-03-16T11:55:20.785+0500] {logging_mixin.py:188} INFO - [2024-03-16T11:55:20.785+0500] {dag.py:3047} INFO - Sync 1 DAGs
[2024-03-16T11:55:20.797+0500] {logging_mixin.py:188} INFO - [2024-03-16T11:55:20.797+0500] {dag.py:3834} INFO - Setting next_dagrun for tutorial_dag to None, run_after=None
[2024-03-16T11:55:20.902+0500] {processor.py:183} INFO - Processing /home/muhammadsami/Public/Projects/Airflow/DataPipelineswithApacheAirflow/.env/lib/python3.8/site-packages/airflow/example_dags/tutorial_dag.py took 0.145 seconds
[2024-03-16T11:56:12.695+0500] {processor.py:161} INFO - Started process (PID=21932) to work on /home/muhammadsami/Public/Projects/Airflow/DataPipelineswithApacheAirflow/.env/lib/python3.8/site-packages/airflow/example_dags/tutorial_dag.py
[2024-03-16T11:56:12.697+0500] {processor.py:830} INFO - Processing file /home/muhammadsami/Public/Projects/Airflow/DataPipelineswithApacheAirflow/.env/lib/python3.8/site-packages/airflow/example_dags/tutorial_dag.py for tasks to queue
[2024-03-16T11:56:12.699+0500] {logging_mixin.py:188} INFO - [2024-03-16T11:56:12.698+0500] {dagbag.py:540} INFO - Filling up the DagBag from /home/muhammadsami/Public/Projects/Airflow/DataPipelineswithApacheAirflow/.env/lib/python3.8/site-packages/airflow/example_dags/tutorial_dag.py
[2024-03-16T11:56:12.704+0500] {processor.py:840} INFO - DAG(s) 'tutorial_dag' retrieved from /home/muhammadsami/Public/Projects/Airflow/DataPipelineswithApacheAirflow/.env/lib/python3.8/site-packages/airflow/example_dags/tutorial_dag.py
[2024-03-16T11:56:12.720+0500] {logging_mixin.py:188} INFO - [2024-03-16T11:56:12.720+0500] {dag.py:3047} INFO - Sync 1 DAGs
[2024-03-16T11:56:12.734+0500] {logging_mixin.py:188} INFO - [2024-03-16T11:56:12.734+0500] {dag.py:3834} INFO - Setting next_dagrun for tutorial_dag to None, run_after=None
[2024-03-16T11:56:12.834+0500] {processor.py:183} INFO - Processing /home/muhammadsami/Public/Projects/Airflow/DataPipelineswithApacheAirflow/.env/lib/python3.8/site-packages/airflow/example_dags/tutorial_dag.py took 0.142 seconds
[2024-03-16T11:57:02.483+0500] {processor.py:161} INFO - Started process (PID=21983) to work on /home/muhammadsami/Public/Projects/Airflow/DataPipelineswithApacheAirflow/.env/lib/python3.8/site-packages/airflow/example_dags/tutorial_dag.py
[2024-03-16T11:57:02.485+0500] {processor.py:830} INFO - Processing file /home/muhammadsami/Public/Projects/Airflow/DataPipelineswithApacheAirflow/.env/lib/python3.8/site-packages/airflow/example_dags/tutorial_dag.py for tasks to queue
[2024-03-16T11:57:02.486+0500] {logging_mixin.py:188} INFO - [2024-03-16T11:57:02.485+0500] {dagbag.py:540} INFO - Filling up the DagBag from /home/muhammadsami/Public/Projects/Airflow/DataPipelineswithApacheAirflow/.env/lib/python3.8/site-packages/airflow/example_dags/tutorial_dag.py
[2024-03-16T11:57:02.490+0500] {processor.py:840} INFO - DAG(s) 'tutorial_dag' retrieved from /home/muhammadsami/Public/Projects/Airflow/DataPipelineswithApacheAirflow/.env/lib/python3.8/site-packages/airflow/example_dags/tutorial_dag.py
[2024-03-16T11:57:02.505+0500] {logging_mixin.py:188} INFO - [2024-03-16T11:57:02.505+0500] {dag.py:3047} INFO - Sync 1 DAGs
[2024-03-16T11:57:02.515+0500] {logging_mixin.py:188} INFO - [2024-03-16T11:57:02.515+0500] {dag.py:3834} INFO - Setting next_dagrun for tutorial_dag to None, run_after=None
[2024-03-16T11:57:02.610+0500] {processor.py:183} INFO - Processing /home/muhammadsami/Public/Projects/Airflow/DataPipelineswithApacheAirflow/.env/lib/python3.8/site-packages/airflow/example_dags/tutorial_dag.py took 0.131 seconds
[2024-03-16T11:57:57.413+0500] {processor.py:161} INFO - Started process (PID=22036) to work on /home/muhammadsami/Public/Projects/Airflow/DataPipelineswithApacheAirflow/.env/lib/python3.8/site-packages/airflow/example_dags/tutorial_dag.py
[2024-03-16T11:57:57.423+0500] {processor.py:830} INFO - Processing file /home/muhammadsami/Public/Projects/Airflow/DataPipelineswithApacheAirflow/.env/lib/python3.8/site-packages/airflow/example_dags/tutorial_dag.py for tasks to queue
[2024-03-16T11:57:57.424+0500] {logging_mixin.py:188} INFO - [2024-03-16T11:57:57.424+0500] {dagbag.py:540} INFO - Filling up the DagBag from /home/muhammadsami/Public/Projects/Airflow/DataPipelineswithApacheAirflow/.env/lib/python3.8/site-packages/airflow/example_dags/tutorial_dag.py
[2024-03-16T11:57:57.430+0500] {processor.py:840} INFO - DAG(s) 'tutorial_dag' retrieved from /home/muhammadsami/Public/Projects/Airflow/DataPipelineswithApacheAirflow/.env/lib/python3.8/site-packages/airflow/example_dags/tutorial_dag.py
[2024-03-16T11:57:57.446+0500] {logging_mixin.py:188} INFO - [2024-03-16T11:57:57.445+0500] {dag.py:3047} INFO - Sync 1 DAGs
[2024-03-16T11:57:57.464+0500] {logging_mixin.py:188} INFO - [2024-03-16T11:57:57.464+0500] {dag.py:3834} INFO - Setting next_dagrun for tutorial_dag to None, run_after=None
[2024-03-16T11:57:57.567+0500] {processor.py:183} INFO - Processing /home/muhammadsami/Public/Projects/Airflow/DataPipelineswithApacheAirflow/.env/lib/python3.8/site-packages/airflow/example_dags/tutorial_dag.py took 0.157 seconds
[2024-03-16T11:58:46.285+0500] {processor.py:161} INFO - Started process (PID=22138) to work on /home/muhammadsami/Public/Projects/Airflow/DataPipelineswithApacheAirflow/.env/lib/python3.8/site-packages/airflow/example_dags/tutorial_dag.py
[2024-03-16T11:58:46.299+0500] {processor.py:830} INFO - Processing file /home/muhammadsami/Public/Projects/Airflow/DataPipelineswithApacheAirflow/.env/lib/python3.8/site-packages/airflow/example_dags/tutorial_dag.py for tasks to queue
[2024-03-16T11:58:46.300+0500] {logging_mixin.py:188} INFO - [2024-03-16T11:58:46.300+0500] {dagbag.py:540} INFO - Filling up the DagBag from /home/muhammadsami/Public/Projects/Airflow/DataPipelineswithApacheAirflow/.env/lib/python3.8/site-packages/airflow/example_dags/tutorial_dag.py
[2024-03-16T11:58:46.305+0500] {processor.py:840} INFO - DAG(s) 'tutorial_dag' retrieved from /home/muhammadsami/Public/Projects/Airflow/DataPipelineswithApacheAirflow/.env/lib/python3.8/site-packages/airflow/example_dags/tutorial_dag.py
[2024-03-16T11:58:46.320+0500] {logging_mixin.py:188} INFO - [2024-03-16T11:58:46.320+0500] {dag.py:3047} INFO - Sync 1 DAGs
[2024-03-16T11:58:46.330+0500] {logging_mixin.py:188} INFO - [2024-03-16T11:58:46.330+0500] {dag.py:3834} INFO - Setting next_dagrun for tutorial_dag to None, run_after=None
[2024-03-16T11:58:46.425+0500] {processor.py:183} INFO - Processing /home/muhammadsami/Public/Projects/Airflow/DataPipelineswithApacheAirflow/.env/lib/python3.8/site-packages/airflow/example_dags/tutorial_dag.py took 0.143 seconds
[2024-03-16T11:59:36.495+0500] {processor.py:161} INFO - Started process (PID=22261) to work on /home/muhammadsami/Public/Projects/Airflow/DataPipelineswithApacheAirflow/.env/lib/python3.8/site-packages/airflow/example_dags/tutorial_dag.py
[2024-03-16T11:59:36.519+0500] {processor.py:830} INFO - Processing file /home/muhammadsami/Public/Projects/Airflow/DataPipelineswithApacheAirflow/.env/lib/python3.8/site-packages/airflow/example_dags/tutorial_dag.py for tasks to queue
[2024-03-16T11:59:36.520+0500] {logging_mixin.py:188} INFO - [2024-03-16T11:59:36.520+0500] {dagbag.py:540} INFO - Filling up the DagBag from /home/muhammadsami/Public/Projects/Airflow/DataPipelineswithApacheAirflow/.env/lib/python3.8/site-packages/airflow/example_dags/tutorial_dag.py
[2024-03-16T11:59:36.529+0500] {processor.py:840} INFO - DAG(s) 'tutorial_dag' retrieved from /home/muhammadsami/Public/Projects/Airflow/DataPipelineswithApacheAirflow/.env/lib/python3.8/site-packages/airflow/example_dags/tutorial_dag.py
[2024-03-16T11:59:36.557+0500] {logging_mixin.py:188} INFO - [2024-03-16T11:59:36.556+0500] {dag.py:3047} INFO - Sync 1 DAGs
[2024-03-16T11:59:36.580+0500] {logging_mixin.py:188} INFO - [2024-03-16T11:59:36.580+0500] {dag.py:3834} INFO - Setting next_dagrun for tutorial_dag to None, run_after=None
[2024-03-16T11:59:36.743+0500] {processor.py:183} INFO - Processing /home/muhammadsami/Public/Projects/Airflow/DataPipelineswithApacheAirflow/.env/lib/python3.8/site-packages/airflow/example_dags/tutorial_dag.py took 0.250 seconds
[2024-03-16T12:00:28.993+0500] {processor.py:161} INFO - Started process (PID=22332) to work on /home/muhammadsami/Public/Projects/Airflow/DataPipelineswithApacheAirflow/.env/lib/python3.8/site-packages/airflow/example_dags/tutorial_dag.py
[2024-03-16T12:00:28.995+0500] {processor.py:830} INFO - Processing file /home/muhammadsami/Public/Projects/Airflow/DataPipelineswithApacheAirflow/.env/lib/python3.8/site-packages/airflow/example_dags/tutorial_dag.py for tasks to queue
[2024-03-16T12:00:28.996+0500] {logging_mixin.py:188} INFO - [2024-03-16T12:00:28.995+0500] {dagbag.py:540} INFO - Filling up the DagBag from /home/muhammadsami/Public/Projects/Airflow/DataPipelineswithApacheAirflow/.env/lib/python3.8/site-packages/airflow/example_dags/tutorial_dag.py
[2024-03-16T12:00:29.002+0500] {processor.py:840} INFO - DAG(s) 'tutorial_dag' retrieved from /home/muhammadsami/Public/Projects/Airflow/DataPipelineswithApacheAirflow/.env/lib/python3.8/site-packages/airflow/example_dags/tutorial_dag.py
[2024-03-16T12:00:29.015+0500] {logging_mixin.py:188} INFO - [2024-03-16T12:00:29.015+0500] {dag.py:3047} INFO - Sync 1 DAGs
[2024-03-16T12:00:29.025+0500] {logging_mixin.py:188} INFO - [2024-03-16T12:00:29.025+0500] {dag.py:3834} INFO - Setting next_dagrun for tutorial_dag to None, run_after=None
[2024-03-16T12:00:29.119+0500] {processor.py:183} INFO - Processing /home/muhammadsami/Public/Projects/Airflow/DataPipelineswithApacheAirflow/.env/lib/python3.8/site-packages/airflow/example_dags/tutorial_dag.py took 0.129 seconds
[2024-03-16T12:01:23.236+0500] {processor.py:161} INFO - Started process (PID=22384) to work on /home/muhammadsami/Public/Projects/Airflow/DataPipelineswithApacheAirflow/.env/lib/python3.8/site-packages/airflow/example_dags/tutorial_dag.py
[2024-03-16T12:01:23.247+0500] {processor.py:830} INFO - Processing file /home/muhammadsami/Public/Projects/Airflow/DataPipelineswithApacheAirflow/.env/lib/python3.8/site-packages/airflow/example_dags/tutorial_dag.py for tasks to queue
[2024-03-16T12:01:23.248+0500] {logging_mixin.py:188} INFO - [2024-03-16T12:01:23.248+0500] {dagbag.py:540} INFO - Filling up the DagBag from /home/muhammadsami/Public/Projects/Airflow/DataPipelineswithApacheAirflow/.env/lib/python3.8/site-packages/airflow/example_dags/tutorial_dag.py
[2024-03-16T12:01:23.253+0500] {processor.py:840} INFO - DAG(s) 'tutorial_dag' retrieved from /home/muhammadsami/Public/Projects/Airflow/DataPipelineswithApacheAirflow/.env/lib/python3.8/site-packages/airflow/example_dags/tutorial_dag.py
[2024-03-16T12:01:23.266+0500] {logging_mixin.py:188} INFO - [2024-03-16T12:01:23.266+0500] {dag.py:3047} INFO - Sync 1 DAGs
[2024-03-16T12:01:23.276+0500] {logging_mixin.py:188} INFO - [2024-03-16T12:01:23.276+0500] {dag.py:3834} INFO - Setting next_dagrun for tutorial_dag to None, run_after=None
[2024-03-16T12:01:23.367+0500] {processor.py:183} INFO - Processing /home/muhammadsami/Public/Projects/Airflow/DataPipelineswithApacheAirflow/.env/lib/python3.8/site-packages/airflow/example_dags/tutorial_dag.py took 0.134 seconds
