[2024-03-16T11:21:27.490+0500] {processor.py:161} INFO - Started process (PID=17709) to work on /home/muhammadsami/Public/Projects/Airflow/DataPipelineswithApacheAirflow/.env/lib/python3.8/site-packages/airflow/example_dags/tutorial.py
[2024-03-16T11:21:27.491+0500] {processor.py:830} INFO - Processing file /home/muhammadsami/Public/Projects/Airflow/DataPipelineswithApacheAirflow/.env/lib/python3.8/site-packages/airflow/example_dags/tutorial.py for tasks to queue
[2024-03-16T11:21:27.492+0500] {logging_mixin.py:188} INFO - [2024-03-16T11:21:27.492+0500] {dagbag.py:540} INFO - Filling up the DagBag from /home/muhammadsami/Public/Projects/Airflow/DataPipelineswithApacheAirflow/.env/lib/python3.8/site-packages/airflow/example_dags/tutorial.py
[2024-03-16T11:21:27.504+0500] {processor.py:840} INFO - DAG(s) 'tutorial' retrieved from /home/muhammadsami/Public/Projects/Airflow/DataPipelineswithApacheAirflow/.env/lib/python3.8/site-packages/airflow/example_dags/tutorial.py
[2024-03-16T11:21:27.793+0500] {logging_mixin.py:188} INFO - [2024-03-16T11:21:27.793+0500] {override.py:1769} INFO - Created Permission View: can edit on DAG:tutorial
[2024-03-16T11:21:27.892+0500] {logging_mixin.py:188} INFO - [2024-03-16T11:21:27.892+0500] {override.py:1769} INFO - Created Permission View: can delete on DAG:tutorial
[2024-03-16T11:21:27.999+0500] {logging_mixin.py:188} INFO - [2024-03-16T11:21:27.999+0500] {override.py:1769} INFO - Created Permission View: can read on DAG:tutorial
[2024-03-16T11:21:28.000+0500] {logging_mixin.py:188} INFO - [2024-03-16T11:21:28.000+0500] {dag.py:3047} INFO - Sync 1 DAGs
[2024-03-16T11:21:28.010+0500] {logging_mixin.py:188} INFO - [2024-03-16T11:21:28.010+0500] {dag.py:3069} INFO - Creating ORM DAG for tutorial
[2024-03-16T11:21:28.018+0500] {logging_mixin.py:188} INFO - [2024-03-16T11:21:28.018+0500] {dag.py:3834} INFO - Setting next_dagrun for tutorial to 2024-03-15 00:00:00+00:00, run_after=2024-03-16 00:00:00+00:00
[2024-03-16T11:21:28.160+0500] {processor.py:183} INFO - Processing /home/muhammadsami/Public/Projects/Airflow/DataPipelineswithApacheAirflow/.env/lib/python3.8/site-packages/airflow/example_dags/tutorial.py took 0.673 seconds
[2024-03-16T11:23:37.942+0500] {processor.py:161} INFO - Started process (PID=18432) to work on /home/muhammadsami/Public/Projects/Airflow/DataPipelineswithApacheAirflow/.env/lib/python3.8/site-packages/airflow/example_dags/tutorial.py
[2024-03-16T11:23:37.965+0500] {processor.py:830} INFO - Processing file /home/muhammadsami/Public/Projects/Airflow/DataPipelineswithApacheAirflow/.env/lib/python3.8/site-packages/airflow/example_dags/tutorial.py for tasks to queue
[2024-03-16T11:23:37.966+0500] {logging_mixin.py:188} INFO - [2024-03-16T11:23:37.965+0500] {dagbag.py:540} INFO - Filling up the DagBag from /home/muhammadsami/Public/Projects/Airflow/DataPipelineswithApacheAirflow/.env/lib/python3.8/site-packages/airflow/example_dags/tutorial.py
[2024-03-16T11:23:37.974+0500] {processor.py:840} INFO - DAG(s) 'tutorial' retrieved from /home/muhammadsami/Public/Projects/Airflow/DataPipelineswithApacheAirflow/.env/lib/python3.8/site-packages/airflow/example_dags/tutorial.py
[2024-03-16T11:23:37.993+0500] {logging_mixin.py:188} INFO - [2024-03-16T11:23:37.992+0500] {dag.py:3047} INFO - Sync 1 DAGs
[2024-03-16T11:23:38.016+0500] {logging_mixin.py:188} INFO - [2024-03-16T11:23:38.016+0500] {dag.py:3834} INFO - Setting next_dagrun for tutorial to 2024-03-15 00:00:00+00:00, run_after=2024-03-16 00:00:00+00:00
[2024-03-16T11:23:38.158+0500] {processor.py:183} INFO - Processing /home/muhammadsami/Public/Projects/Airflow/DataPipelineswithApacheAirflow/.env/lib/python3.8/site-packages/airflow/example_dags/tutorial.py took 0.218 seconds
[2024-03-16T11:24:17.605+0500] {processor.py:161} INFO - Started process (PID=18470) to work on /home/muhammadsami/Public/Projects/Airflow/DataPipelineswithApacheAirflow/.env/lib/python3.8/site-packages/airflow/example_dags/tutorial.py
[2024-03-16T11:24:17.607+0500] {processor.py:830} INFO - Processing file /home/muhammadsami/Public/Projects/Airflow/DataPipelineswithApacheAirflow/.env/lib/python3.8/site-packages/airflow/example_dags/tutorial.py for tasks to queue
[2024-03-16T11:24:17.608+0500] {logging_mixin.py:188} INFO - [2024-03-16T11:24:17.607+0500] {dagbag.py:540} INFO - Filling up the DagBag from /home/muhammadsami/Public/Projects/Airflow/DataPipelineswithApacheAirflow/.env/lib/python3.8/site-packages/airflow/example_dags/tutorial.py
[2024-03-16T11:24:17.614+0500] {processor.py:840} INFO - DAG(s) 'tutorial' retrieved from /home/muhammadsami/Public/Projects/Airflow/DataPipelineswithApacheAirflow/.env/lib/python3.8/site-packages/airflow/example_dags/tutorial.py
[2024-03-16T11:24:17.627+0500] {logging_mixin.py:188} INFO - [2024-03-16T11:24:17.627+0500] {dag.py:3047} INFO - Sync 1 DAGs
[2024-03-16T11:24:17.732+0500] {logging_mixin.py:188} INFO - [2024-03-16T11:24:17.731+0500] {dag.py:3834} INFO - Setting next_dagrun for tutorial to 2024-03-15 00:00:00+00:00, run_after=2024-03-16 00:00:00+00:00
[2024-03-16T11:24:17.816+0500] {processor.py:183} INFO - Processing /home/muhammadsami/Public/Projects/Airflow/DataPipelineswithApacheAirflow/.env/lib/python3.8/site-packages/airflow/example_dags/tutorial.py took 0.213 seconds
[2024-03-16T11:25:11.662+0500] {processor.py:161} INFO - Started process (PID=18606) to work on /home/muhammadsami/Public/Projects/Airflow/DataPipelineswithApacheAirflow/.env/lib/python3.8/site-packages/airflow/example_dags/tutorial.py
[2024-03-16T11:25:11.680+0500] {processor.py:830} INFO - Processing file /home/muhammadsami/Public/Projects/Airflow/DataPipelineswithApacheAirflow/.env/lib/python3.8/site-packages/airflow/example_dags/tutorial.py for tasks to queue
[2024-03-16T11:25:11.681+0500] {logging_mixin.py:188} INFO - [2024-03-16T11:25:11.681+0500] {dagbag.py:540} INFO - Filling up the DagBag from /home/muhammadsami/Public/Projects/Airflow/DataPipelineswithApacheAirflow/.env/lib/python3.8/site-packages/airflow/example_dags/tutorial.py
[2024-03-16T11:25:11.686+0500] {processor.py:840} INFO - DAG(s) 'tutorial' retrieved from /home/muhammadsami/Public/Projects/Airflow/DataPipelineswithApacheAirflow/.env/lib/python3.8/site-packages/airflow/example_dags/tutorial.py
[2024-03-16T11:25:11.699+0500] {logging_mixin.py:188} INFO - [2024-03-16T11:25:11.699+0500] {dag.py:3047} INFO - Sync 1 DAGs
[2024-03-16T11:25:11.716+0500] {logging_mixin.py:188} INFO - [2024-03-16T11:25:11.715+0500] {dag.py:3834} INFO - Setting next_dagrun for tutorial to 2024-03-15 00:00:00+00:00, run_after=2024-03-16 00:00:00+00:00
[2024-03-16T11:25:11.810+0500] {processor.py:183} INFO - Processing /home/muhammadsami/Public/Projects/Airflow/DataPipelineswithApacheAirflow/.env/lib/python3.8/site-packages/airflow/example_dags/tutorial.py took 0.151 seconds
[2024-03-16T11:26:01.099+0500] {processor.py:161} INFO - Started process (PID=18661) to work on /home/muhammadsami/Public/Projects/Airflow/DataPipelineswithApacheAirflow/.env/lib/python3.8/site-packages/airflow/example_dags/tutorial.py
[2024-03-16T11:26:01.101+0500] {processor.py:830} INFO - Processing file /home/muhammadsami/Public/Projects/Airflow/DataPipelineswithApacheAirflow/.env/lib/python3.8/site-packages/airflow/example_dags/tutorial.py for tasks to queue
[2024-03-16T11:26:01.102+0500] {logging_mixin.py:188} INFO - [2024-03-16T11:26:01.101+0500] {dagbag.py:540} INFO - Filling up the DagBag from /home/muhammadsami/Public/Projects/Airflow/DataPipelineswithApacheAirflow/.env/lib/python3.8/site-packages/airflow/example_dags/tutorial.py
[2024-03-16T11:26:01.112+0500] {processor.py:840} INFO - DAG(s) 'tutorial' retrieved from /home/muhammadsami/Public/Projects/Airflow/DataPipelineswithApacheAirflow/.env/lib/python3.8/site-packages/airflow/example_dags/tutorial.py
[2024-03-16T11:26:01.130+0500] {logging_mixin.py:188} INFO - [2024-03-16T11:26:01.130+0500] {dag.py:3047} INFO - Sync 1 DAGs
[2024-03-16T11:26:01.151+0500] {logging_mixin.py:188} INFO - [2024-03-16T11:26:01.151+0500] {dag.py:3834} INFO - Setting next_dagrun for tutorial to 2024-03-15 00:00:00+00:00, run_after=2024-03-16 00:00:00+00:00
[2024-03-16T11:26:01.254+0500] {processor.py:183} INFO - Processing /home/muhammadsami/Public/Projects/Airflow/DataPipelineswithApacheAirflow/.env/lib/python3.8/site-packages/airflow/example_dags/tutorial.py took 0.158 seconds
[2024-03-16T11:26:53.524+0500] {processor.py:161} INFO - Started process (PID=18746) to work on /home/muhammadsami/Public/Projects/Airflow/DataPipelineswithApacheAirflow/.env/lib/python3.8/site-packages/airflow/example_dags/tutorial.py
[2024-03-16T11:26:53.525+0500] {processor.py:830} INFO - Processing file /home/muhammadsami/Public/Projects/Airflow/DataPipelineswithApacheAirflow/.env/lib/python3.8/site-packages/airflow/example_dags/tutorial.py for tasks to queue
[2024-03-16T11:26:53.527+0500] {logging_mixin.py:188} INFO - [2024-03-16T11:26:53.526+0500] {dagbag.py:540} INFO - Filling up the DagBag from /home/muhammadsami/Public/Projects/Airflow/DataPipelineswithApacheAirflow/.env/lib/python3.8/site-packages/airflow/example_dags/tutorial.py
[2024-03-16T11:26:53.533+0500] {processor.py:840} INFO - DAG(s) 'tutorial' retrieved from /home/muhammadsami/Public/Projects/Airflow/DataPipelineswithApacheAirflow/.env/lib/python3.8/site-packages/airflow/example_dags/tutorial.py
[2024-03-16T11:26:53.547+0500] {logging_mixin.py:188} INFO - [2024-03-16T11:26:53.547+0500] {dag.py:3047} INFO - Sync 1 DAGs
[2024-03-16T11:26:53.566+0500] {logging_mixin.py:188} INFO - [2024-03-16T11:26:53.566+0500] {dag.py:3834} INFO - Setting next_dagrun for tutorial to 2024-03-15 00:00:00+00:00, run_after=2024-03-16 00:00:00+00:00
[2024-03-16T11:26:53.654+0500] {processor.py:183} INFO - Processing /home/muhammadsami/Public/Projects/Airflow/DataPipelineswithApacheAirflow/.env/lib/python3.8/site-packages/airflow/example_dags/tutorial.py took 0.134 seconds
[2024-03-16T11:27:41.609+0500] {processor.py:161} INFO - Started process (PID=18795) to work on /home/muhammadsami/Public/Projects/Airflow/DataPipelineswithApacheAirflow/.env/lib/python3.8/site-packages/airflow/example_dags/tutorial.py
[2024-03-16T11:27:41.614+0500] {processor.py:830} INFO - Processing file /home/muhammadsami/Public/Projects/Airflow/DataPipelineswithApacheAirflow/.env/lib/python3.8/site-packages/airflow/example_dags/tutorial.py for tasks to queue
[2024-03-16T11:27:41.615+0500] {logging_mixin.py:188} INFO - [2024-03-16T11:27:41.615+0500] {dagbag.py:540} INFO - Filling up the DagBag from /home/muhammadsami/Public/Projects/Airflow/DataPipelineswithApacheAirflow/.env/lib/python3.8/site-packages/airflow/example_dags/tutorial.py
[2024-03-16T11:27:41.622+0500] {processor.py:840} INFO - DAG(s) 'tutorial' retrieved from /home/muhammadsami/Public/Projects/Airflow/DataPipelineswithApacheAirflow/.env/lib/python3.8/site-packages/airflow/example_dags/tutorial.py
[2024-03-16T11:27:41.640+0500] {logging_mixin.py:188} INFO - [2024-03-16T11:27:41.639+0500] {dag.py:3047} INFO - Sync 1 DAGs
[2024-03-16T11:27:41.658+0500] {logging_mixin.py:188} INFO - [2024-03-16T11:27:41.658+0500] {dag.py:3834} INFO - Setting next_dagrun for tutorial to 2024-03-15 00:00:00+00:00, run_after=2024-03-16 00:00:00+00:00
[2024-03-16T11:27:41.790+0500] {processor.py:183} INFO - Processing /home/muhammadsami/Public/Projects/Airflow/DataPipelineswithApacheAirflow/.env/lib/python3.8/site-packages/airflow/example_dags/tutorial.py took 0.183 seconds
[2024-03-16T11:28:27.181+0500] {processor.py:161} INFO - Started process (PID=18839) to work on /home/muhammadsami/Public/Projects/Airflow/DataPipelineswithApacheAirflow/.env/lib/python3.8/site-packages/airflow/example_dags/tutorial.py
[2024-03-16T11:28:27.182+0500] {processor.py:830} INFO - Processing file /home/muhammadsami/Public/Projects/Airflow/DataPipelineswithApacheAirflow/.env/lib/python3.8/site-packages/airflow/example_dags/tutorial.py for tasks to queue
[2024-03-16T11:28:27.183+0500] {logging_mixin.py:188} INFO - [2024-03-16T11:28:27.183+0500] {dagbag.py:540} INFO - Filling up the DagBag from /home/muhammadsami/Public/Projects/Airflow/DataPipelineswithApacheAirflow/.env/lib/python3.8/site-packages/airflow/example_dags/tutorial.py
[2024-03-16T11:28:27.190+0500] {processor.py:840} INFO - DAG(s) 'tutorial' retrieved from /home/muhammadsami/Public/Projects/Airflow/DataPipelineswithApacheAirflow/.env/lib/python3.8/site-packages/airflow/example_dags/tutorial.py
[2024-03-16T11:28:27.204+0500] {logging_mixin.py:188} INFO - [2024-03-16T11:28:27.203+0500] {dag.py:3047} INFO - Sync 1 DAGs
[2024-03-16T11:28:27.221+0500] {logging_mixin.py:188} INFO - [2024-03-16T11:28:27.221+0500] {dag.py:3834} INFO - Setting next_dagrun for tutorial to 2024-03-15 00:00:00+00:00, run_after=2024-03-16 00:00:00+00:00
[2024-03-16T11:28:27.311+0500] {processor.py:183} INFO - Processing /home/muhammadsami/Public/Projects/Airflow/DataPipelineswithApacheAirflow/.env/lib/python3.8/site-packages/airflow/example_dags/tutorial.py took 0.133 seconds
[2024-03-16T11:29:16.362+0500] {processor.py:161} INFO - Started process (PID=18908) to work on /home/muhammadsami/Public/Projects/Airflow/DataPipelineswithApacheAirflow/.env/lib/python3.8/site-packages/airflow/example_dags/tutorial.py
[2024-03-16T11:29:16.374+0500] {processor.py:830} INFO - Processing file /home/muhammadsami/Public/Projects/Airflow/DataPipelineswithApacheAirflow/.env/lib/python3.8/site-packages/airflow/example_dags/tutorial.py for tasks to queue
[2024-03-16T11:29:16.375+0500] {logging_mixin.py:188} INFO - [2024-03-16T11:29:16.375+0500] {dagbag.py:540} INFO - Filling up the DagBag from /home/muhammadsami/Public/Projects/Airflow/DataPipelineswithApacheAirflow/.env/lib/python3.8/site-packages/airflow/example_dags/tutorial.py
[2024-03-16T11:29:16.381+0500] {processor.py:840} INFO - DAG(s) 'tutorial' retrieved from /home/muhammadsami/Public/Projects/Airflow/DataPipelineswithApacheAirflow/.env/lib/python3.8/site-packages/airflow/example_dags/tutorial.py
[2024-03-16T11:29:16.393+0500] {logging_mixin.py:188} INFO - [2024-03-16T11:29:16.393+0500] {dag.py:3047} INFO - Sync 1 DAGs
[2024-03-16T11:29:16.410+0500] {logging_mixin.py:188} INFO - [2024-03-16T11:29:16.410+0500] {dag.py:3834} INFO - Setting next_dagrun for tutorial to 2024-03-15 00:00:00+00:00, run_after=2024-03-16 00:00:00+00:00
[2024-03-16T11:29:16.495+0500] {processor.py:183} INFO - Processing /home/muhammadsami/Public/Projects/Airflow/DataPipelineswithApacheAirflow/.env/lib/python3.8/site-packages/airflow/example_dags/tutorial.py took 0.135 seconds
[2024-03-16T11:30:08.859+0500] {processor.py:161} INFO - Started process (PID=18965) to work on /home/muhammadsami/Public/Projects/Airflow/DataPipelineswithApacheAirflow/.env/lib/python3.8/site-packages/airflow/example_dags/tutorial.py
[2024-03-16T11:30:08.876+0500] {processor.py:830} INFO - Processing file /home/muhammadsami/Public/Projects/Airflow/DataPipelineswithApacheAirflow/.env/lib/python3.8/site-packages/airflow/example_dags/tutorial.py for tasks to queue
[2024-03-16T11:30:08.877+0500] {logging_mixin.py:188} INFO - [2024-03-16T11:30:08.876+0500] {dagbag.py:540} INFO - Filling up the DagBag from /home/muhammadsami/Public/Projects/Airflow/DataPipelineswithApacheAirflow/.env/lib/python3.8/site-packages/airflow/example_dags/tutorial.py
[2024-03-16T11:30:08.882+0500] {processor.py:840} INFO - DAG(s) 'tutorial' retrieved from /home/muhammadsami/Public/Projects/Airflow/DataPipelineswithApacheAirflow/.env/lib/python3.8/site-packages/airflow/example_dags/tutorial.py
[2024-03-16T11:30:08.895+0500] {logging_mixin.py:188} INFO - [2024-03-16T11:30:08.894+0500] {dag.py:3047} INFO - Sync 1 DAGs
[2024-03-16T11:30:08.912+0500] {logging_mixin.py:188} INFO - [2024-03-16T11:30:08.911+0500] {dag.py:3834} INFO - Setting next_dagrun for tutorial to 2024-03-15 00:00:00+00:00, run_after=2024-03-16 00:00:00+00:00
[2024-03-16T11:30:09.012+0500] {processor.py:183} INFO - Processing /home/muhammadsami/Public/Projects/Airflow/DataPipelineswithApacheAirflow/.env/lib/python3.8/site-packages/airflow/example_dags/tutorial.py took 0.155 seconds
[2024-03-16T11:38:21.656+0500] {processor.py:161} INFO - Started process (PID=19267) to work on /home/muhammadsami/Public/Projects/Airflow/DataPipelineswithApacheAirflow/.env/lib/python3.8/site-packages/airflow/example_dags/tutorial.py
[2024-03-16T11:38:21.668+0500] {processor.py:830} INFO - Processing file /home/muhammadsami/Public/Projects/Airflow/DataPipelineswithApacheAirflow/.env/lib/python3.8/site-packages/airflow/example_dags/tutorial.py for tasks to queue
[2024-03-16T11:38:21.668+0500] {logging_mixin.py:188} INFO - [2024-03-16T11:38:21.668+0500] {dagbag.py:540} INFO - Filling up the DagBag from /home/muhammadsami/Public/Projects/Airflow/DataPipelineswithApacheAirflow/.env/lib/python3.8/site-packages/airflow/example_dags/tutorial.py
[2024-03-16T11:38:21.677+0500] {processor.py:840} INFO - DAG(s) 'tutorial' retrieved from /home/muhammadsami/Public/Projects/Airflow/DataPipelineswithApacheAirflow/.env/lib/python3.8/site-packages/airflow/example_dags/tutorial.py
[2024-03-16T11:38:21.696+0500] {logging_mixin.py:188} INFO - [2024-03-16T11:38:21.696+0500] {dag.py:3047} INFO - Sync 1 DAGs
[2024-03-16T11:38:21.719+0500] {logging_mixin.py:188} INFO - [2024-03-16T11:38:21.719+0500] {dag.py:3834} INFO - Setting next_dagrun for tutorial to 2024-03-15 00:00:00+00:00, run_after=2024-03-16 00:00:00+00:00
[2024-03-16T11:38:21.817+0500] {processor.py:183} INFO - Processing /home/muhammadsami/Public/Projects/Airflow/DataPipelineswithApacheAirflow/.env/lib/python3.8/site-packages/airflow/example_dags/tutorial.py took 0.163 seconds
[2024-03-16T11:39:27.986+0500] {processor.py:161} INFO - Started process (PID=19689) to work on /home/muhammadsami/Public/Projects/Airflow/DataPipelineswithApacheAirflow/.env/lib/python3.8/site-packages/airflow/example_dags/tutorial.py
[2024-03-16T11:39:27.996+0500] {processor.py:830} INFO - Processing file /home/muhammadsami/Public/Projects/Airflow/DataPipelineswithApacheAirflow/.env/lib/python3.8/site-packages/airflow/example_dags/tutorial.py for tasks to queue
[2024-03-16T11:39:27.997+0500] {logging_mixin.py:188} INFO - [2024-03-16T11:39:27.997+0500] {dagbag.py:540} INFO - Filling up the DagBag from /home/muhammadsami/Public/Projects/Airflow/DataPipelineswithApacheAirflow/.env/lib/python3.8/site-packages/airflow/example_dags/tutorial.py
[2024-03-16T11:39:28.002+0500] {processor.py:840} INFO - DAG(s) 'tutorial' retrieved from /home/muhammadsami/Public/Projects/Airflow/DataPipelineswithApacheAirflow/.env/lib/python3.8/site-packages/airflow/example_dags/tutorial.py
[2024-03-16T11:39:28.017+0500] {logging_mixin.py:188} INFO - [2024-03-16T11:39:28.016+0500] {dag.py:3047} INFO - Sync 1 DAGs
[2024-03-16T11:39:28.033+0500] {logging_mixin.py:188} INFO - [2024-03-16T11:39:28.033+0500] {dag.py:3834} INFO - Setting next_dagrun for tutorial to 2024-03-15 00:00:00+00:00, run_after=2024-03-16 00:00:00+00:00
[2024-03-16T11:39:28.159+0500] {processor.py:183} INFO - Processing /home/muhammadsami/Public/Projects/Airflow/DataPipelineswithApacheAirflow/.env/lib/python3.8/site-packages/airflow/example_dags/tutorial.py took 0.176 seconds
[2024-03-16T11:40:02.670+0500] {processor.py:161} INFO - Started process (PID=19896) to work on /home/muhammadsami/Public/Projects/Airflow/DataPipelineswithApacheAirflow/.env/lib/python3.8/site-packages/airflow/example_dags/tutorial.py
[2024-03-16T11:40:02.697+0500] {processor.py:830} INFO - Processing file /home/muhammadsami/Public/Projects/Airflow/DataPipelineswithApacheAirflow/.env/lib/python3.8/site-packages/airflow/example_dags/tutorial.py for tasks to queue
[2024-03-16T11:40:02.698+0500] {logging_mixin.py:188} INFO - [2024-03-16T11:40:02.698+0500] {dagbag.py:540} INFO - Filling up the DagBag from /home/muhammadsami/Public/Projects/Airflow/DataPipelineswithApacheAirflow/.env/lib/python3.8/site-packages/airflow/example_dags/tutorial.py
[2024-03-16T11:40:02.703+0500] {processor.py:840} INFO - DAG(s) 'tutorial' retrieved from /home/muhammadsami/Public/Projects/Airflow/DataPipelineswithApacheAirflow/.env/lib/python3.8/site-packages/airflow/example_dags/tutorial.py
[2024-03-16T11:40:02.716+0500] {logging_mixin.py:188} INFO - [2024-03-16T11:40:02.716+0500] {dag.py:3047} INFO - Sync 1 DAGs
[2024-03-16T11:40:02.733+0500] {logging_mixin.py:188} INFO - [2024-03-16T11:40:02.732+0500] {dag.py:3834} INFO - Setting next_dagrun for tutorial to 2024-03-15 00:00:00+00:00, run_after=2024-03-16 00:00:00+00:00
[2024-03-16T11:40:02.909+0500] {processor.py:183} INFO - Processing /home/muhammadsami/Public/Projects/Airflow/DataPipelineswithApacheAirflow/.env/lib/python3.8/site-packages/airflow/example_dags/tutorial.py took 0.242 seconds
[2024-03-16T11:40:36.120+0500] {processor.py:161} INFO - Started process (PID=19963) to work on /home/muhammadsami/Public/Projects/Airflow/DataPipelineswithApacheAirflow/.env/lib/python3.8/site-packages/airflow/example_dags/tutorial.py
[2024-03-16T11:40:36.121+0500] {processor.py:830} INFO - Processing file /home/muhammadsami/Public/Projects/Airflow/DataPipelineswithApacheAirflow/.env/lib/python3.8/site-packages/airflow/example_dags/tutorial.py for tasks to queue
[2024-03-16T11:40:36.122+0500] {logging_mixin.py:188} INFO - [2024-03-16T11:40:36.122+0500] {dagbag.py:540} INFO - Filling up the DagBag from /home/muhammadsami/Public/Projects/Airflow/DataPipelineswithApacheAirflow/.env/lib/python3.8/site-packages/airflow/example_dags/tutorial.py
[2024-03-16T11:40:36.129+0500] {processor.py:840} INFO - DAG(s) 'tutorial' retrieved from /home/muhammadsami/Public/Projects/Airflow/DataPipelineswithApacheAirflow/.env/lib/python3.8/site-packages/airflow/example_dags/tutorial.py
[2024-03-16T11:40:36.227+0500] {logging_mixin.py:188} INFO - [2024-03-16T11:40:36.227+0500] {dag.py:3047} INFO - Sync 1 DAGs
[2024-03-16T11:40:36.242+0500] {logging_mixin.py:188} INFO - [2024-03-16T11:40:36.241+0500] {dag.py:3834} INFO - Setting next_dagrun for tutorial to 2024-03-15 00:00:00+00:00, run_after=2024-03-16 00:00:00+00:00
[2024-03-16T11:40:36.329+0500] {processor.py:183} INFO - Processing /home/muhammadsami/Public/Projects/Airflow/DataPipelineswithApacheAirflow/.env/lib/python3.8/site-packages/airflow/example_dags/tutorial.py took 0.212 seconds
[2024-03-16T11:41:14.749+0500] {processor.py:161} INFO - Started process (PID=20176) to work on /home/muhammadsami/Public/Projects/Airflow/DataPipelineswithApacheAirflow/.env/lib/python3.8/site-packages/airflow/example_dags/tutorial.py
[2024-03-16T11:41:14.763+0500] {processor.py:830} INFO - Processing file /home/muhammadsami/Public/Projects/Airflow/DataPipelineswithApacheAirflow/.env/lib/python3.8/site-packages/airflow/example_dags/tutorial.py for tasks to queue
[2024-03-16T11:41:14.764+0500] {logging_mixin.py:188} INFO - [2024-03-16T11:41:14.764+0500] {dagbag.py:540} INFO - Filling up the DagBag from /home/muhammadsami/Public/Projects/Airflow/DataPipelineswithApacheAirflow/.env/lib/python3.8/site-packages/airflow/example_dags/tutorial.py
[2024-03-16T11:41:14.770+0500] {processor.py:840} INFO - DAG(s) 'tutorial' retrieved from /home/muhammadsami/Public/Projects/Airflow/DataPipelineswithApacheAirflow/.env/lib/python3.8/site-packages/airflow/example_dags/tutorial.py
[2024-03-16T11:41:14.784+0500] {logging_mixin.py:188} INFO - [2024-03-16T11:41:14.783+0500] {dag.py:3047} INFO - Sync 1 DAGs
[2024-03-16T11:41:14.803+0500] {logging_mixin.py:188} INFO - [2024-03-16T11:41:14.803+0500] {dag.py:3834} INFO - Setting next_dagrun for tutorial to 2024-03-15 00:00:00+00:00, run_after=2024-03-16 00:00:00+00:00
[2024-03-16T11:41:14.894+0500] {processor.py:183} INFO - Processing /home/muhammadsami/Public/Projects/Airflow/DataPipelineswithApacheAirflow/.env/lib/python3.8/site-packages/airflow/example_dags/tutorial.py took 0.148 seconds
[2024-03-16T11:41:53.180+0500] {processor.py:161} INFO - Started process (PID=20213) to work on /home/muhammadsami/Public/Projects/Airflow/DataPipelineswithApacheAirflow/.env/lib/python3.8/site-packages/airflow/example_dags/tutorial.py
[2024-03-16T11:41:53.182+0500] {processor.py:830} INFO - Processing file /home/muhammadsami/Public/Projects/Airflow/DataPipelineswithApacheAirflow/.env/lib/python3.8/site-packages/airflow/example_dags/tutorial.py for tasks to queue
[2024-03-16T11:41:53.183+0500] {logging_mixin.py:188} INFO - [2024-03-16T11:41:53.183+0500] {dagbag.py:540} INFO - Filling up the DagBag from /home/muhammadsami/Public/Projects/Airflow/DataPipelineswithApacheAirflow/.env/lib/python3.8/site-packages/airflow/example_dags/tutorial.py
[2024-03-16T11:41:53.189+0500] {processor.py:840} INFO - DAG(s) 'tutorial' retrieved from /home/muhammadsami/Public/Projects/Airflow/DataPipelineswithApacheAirflow/.env/lib/python3.8/site-packages/airflow/example_dags/tutorial.py
[2024-03-16T11:41:53.204+0500] {logging_mixin.py:188} INFO - [2024-03-16T11:41:53.204+0500] {dag.py:3047} INFO - Sync 1 DAGs
[2024-03-16T11:41:53.225+0500] {logging_mixin.py:188} INFO - [2024-03-16T11:41:53.225+0500] {dag.py:3834} INFO - Setting next_dagrun for tutorial to 2024-03-15 00:00:00+00:00, run_after=2024-03-16 00:00:00+00:00
[2024-03-16T11:41:53.324+0500] {processor.py:183} INFO - Processing /home/muhammadsami/Public/Projects/Airflow/DataPipelineswithApacheAirflow/.env/lib/python3.8/site-packages/airflow/example_dags/tutorial.py took 0.148 seconds
[2024-03-16T11:42:45.457+0500] {processor.py:161} INFO - Started process (PID=20275) to work on /home/muhammadsami/Public/Projects/Airflow/DataPipelineswithApacheAirflow/.env/lib/python3.8/site-packages/airflow/example_dags/tutorial.py
[2024-03-16T11:42:45.458+0500] {processor.py:830} INFO - Processing file /home/muhammadsami/Public/Projects/Airflow/DataPipelineswithApacheAirflow/.env/lib/python3.8/site-packages/airflow/example_dags/tutorial.py for tasks to queue
[2024-03-16T11:42:45.459+0500] {logging_mixin.py:188} INFO - [2024-03-16T11:42:45.459+0500] {dagbag.py:540} INFO - Filling up the DagBag from /home/muhammadsami/Public/Projects/Airflow/DataPipelineswithApacheAirflow/.env/lib/python3.8/site-packages/airflow/example_dags/tutorial.py
[2024-03-16T11:42:45.468+0500] {processor.py:840} INFO - DAG(s) 'tutorial' retrieved from /home/muhammadsami/Public/Projects/Airflow/DataPipelineswithApacheAirflow/.env/lib/python3.8/site-packages/airflow/example_dags/tutorial.py
[2024-03-16T11:42:45.490+0500] {logging_mixin.py:188} INFO - [2024-03-16T11:42:45.489+0500] {dag.py:3047} INFO - Sync 1 DAGs
[2024-03-16T11:42:45.515+0500] {logging_mixin.py:188} INFO - [2024-03-16T11:42:45.515+0500] {dag.py:3834} INFO - Setting next_dagrun for tutorial to 2024-03-15 00:00:00+00:00, run_after=2024-03-16 00:00:00+00:00
[2024-03-16T11:42:45.606+0500] {processor.py:183} INFO - Processing /home/muhammadsami/Public/Projects/Airflow/DataPipelineswithApacheAirflow/.env/lib/python3.8/site-packages/airflow/example_dags/tutorial.py took 0.151 seconds
[2024-03-16T11:43:33.089+0500] {processor.py:161} INFO - Started process (PID=20352) to work on /home/muhammadsami/Public/Projects/Airflow/DataPipelineswithApacheAirflow/.env/lib/python3.8/site-packages/airflow/example_dags/tutorial.py
[2024-03-16T11:43:33.090+0500] {processor.py:830} INFO - Processing file /home/muhammadsami/Public/Projects/Airflow/DataPipelineswithApacheAirflow/.env/lib/python3.8/site-packages/airflow/example_dags/tutorial.py for tasks to queue
[2024-03-16T11:43:33.091+0500] {logging_mixin.py:188} INFO - [2024-03-16T11:43:33.091+0500] {dagbag.py:540} INFO - Filling up the DagBag from /home/muhammadsami/Public/Projects/Airflow/DataPipelineswithApacheAirflow/.env/lib/python3.8/site-packages/airflow/example_dags/tutorial.py
[2024-03-16T11:43:33.097+0500] {processor.py:840} INFO - DAG(s) 'tutorial' retrieved from /home/muhammadsami/Public/Projects/Airflow/DataPipelineswithApacheAirflow/.env/lib/python3.8/site-packages/airflow/example_dags/tutorial.py
[2024-03-16T11:43:33.110+0500] {logging_mixin.py:188} INFO - [2024-03-16T11:43:33.109+0500] {dag.py:3047} INFO - Sync 1 DAGs
[2024-03-16T11:43:33.127+0500] {logging_mixin.py:188} INFO - [2024-03-16T11:43:33.127+0500] {dag.py:3834} INFO - Setting next_dagrun for tutorial to 2024-03-15 00:00:00+00:00, run_after=2024-03-16 00:00:00+00:00
[2024-03-16T11:43:33.231+0500] {processor.py:183} INFO - Processing /home/muhammadsami/Public/Projects/Airflow/DataPipelineswithApacheAirflow/.env/lib/python3.8/site-packages/airflow/example_dags/tutorial.py took 0.145 seconds
[2024-03-16T11:44:20.972+0500] {processor.py:161} INFO - Started process (PID=20399) to work on /home/muhammadsami/Public/Projects/Airflow/DataPipelineswithApacheAirflow/.env/lib/python3.8/site-packages/airflow/example_dags/tutorial.py
[2024-03-16T11:44:20.974+0500] {processor.py:830} INFO - Processing file /home/muhammadsami/Public/Projects/Airflow/DataPipelineswithApacheAirflow/.env/lib/python3.8/site-packages/airflow/example_dags/tutorial.py for tasks to queue
[2024-03-16T11:44:20.975+0500] {logging_mixin.py:188} INFO - [2024-03-16T11:44:20.974+0500] {dagbag.py:540} INFO - Filling up the DagBag from /home/muhammadsami/Public/Projects/Airflow/DataPipelineswithApacheAirflow/.env/lib/python3.8/site-packages/airflow/example_dags/tutorial.py
[2024-03-16T11:44:20.981+0500] {processor.py:840} INFO - DAG(s) 'tutorial' retrieved from /home/muhammadsami/Public/Projects/Airflow/DataPipelineswithApacheAirflow/.env/lib/python3.8/site-packages/airflow/example_dags/tutorial.py
[2024-03-16T11:44:20.998+0500] {logging_mixin.py:188} INFO - [2024-03-16T11:44:20.998+0500] {dag.py:3047} INFO - Sync 1 DAGs
[2024-03-16T11:44:21.015+0500] {logging_mixin.py:188} INFO - [2024-03-16T11:44:21.015+0500] {dag.py:3834} INFO - Setting next_dagrun for tutorial to 2024-03-15 00:00:00+00:00, run_after=2024-03-16 00:00:00+00:00
[2024-03-16T11:44:21.111+0500] {processor.py:183} INFO - Processing /home/muhammadsami/Public/Projects/Airflow/DataPipelineswithApacheAirflow/.env/lib/python3.8/site-packages/airflow/example_dags/tutorial.py took 0.142 seconds
[2024-03-16T11:45:24.877+0500] {processor.py:161} INFO - Started process (PID=20810) to work on /home/muhammadsami/Public/Projects/Airflow/DataPipelineswithApacheAirflow/.env/lib/python3.8/site-packages/airflow/example_dags/tutorial.py
[2024-03-16T11:45:24.893+0500] {processor.py:830} INFO - Processing file /home/muhammadsami/Public/Projects/Airflow/DataPipelineswithApacheAirflow/.env/lib/python3.8/site-packages/airflow/example_dags/tutorial.py for tasks to queue
[2024-03-16T11:45:24.894+0500] {logging_mixin.py:188} INFO - [2024-03-16T11:45:24.893+0500] {dagbag.py:540} INFO - Filling up the DagBag from /home/muhammadsami/Public/Projects/Airflow/DataPipelineswithApacheAirflow/.env/lib/python3.8/site-packages/airflow/example_dags/tutorial.py
[2024-03-16T11:45:24.899+0500] {processor.py:840} INFO - DAG(s) 'tutorial' retrieved from /home/muhammadsami/Public/Projects/Airflow/DataPipelineswithApacheAirflow/.env/lib/python3.8/site-packages/airflow/example_dags/tutorial.py
[2024-03-16T11:45:24.911+0500] {logging_mixin.py:188} INFO - [2024-03-16T11:45:24.911+0500] {dag.py:3047} INFO - Sync 1 DAGs
[2024-03-16T11:45:24.929+0500] {logging_mixin.py:188} INFO - [2024-03-16T11:45:24.928+0500] {dag.py:3834} INFO - Setting next_dagrun for tutorial to 2024-03-15 00:00:00+00:00, run_after=2024-03-16 00:00:00+00:00
[2024-03-16T11:45:25.032+0500] {processor.py:183} INFO - Processing /home/muhammadsami/Public/Projects/Airflow/DataPipelineswithApacheAirflow/.env/lib/python3.8/site-packages/airflow/example_dags/tutorial.py took 0.157 seconds
[2024-03-16T11:46:00.976+0500] {processor.py:161} INFO - Started process (PID=20849) to work on /home/muhammadsami/Public/Projects/Airflow/DataPipelineswithApacheAirflow/.env/lib/python3.8/site-packages/airflow/example_dags/tutorial.py
[2024-03-16T11:46:00.977+0500] {processor.py:830} INFO - Processing file /home/muhammadsami/Public/Projects/Airflow/DataPipelineswithApacheAirflow/.env/lib/python3.8/site-packages/airflow/example_dags/tutorial.py for tasks to queue
[2024-03-16T11:46:00.978+0500] {logging_mixin.py:188} INFO - [2024-03-16T11:46:00.978+0500] {dagbag.py:540} INFO - Filling up the DagBag from /home/muhammadsami/Public/Projects/Airflow/DataPipelineswithApacheAirflow/.env/lib/python3.8/site-packages/airflow/example_dags/tutorial.py
[2024-03-16T11:46:00.984+0500] {processor.py:840} INFO - DAG(s) 'tutorial' retrieved from /home/muhammadsami/Public/Projects/Airflow/DataPipelineswithApacheAirflow/.env/lib/python3.8/site-packages/airflow/example_dags/tutorial.py
[2024-03-16T11:46:00.998+0500] {logging_mixin.py:188} INFO - [2024-03-16T11:46:00.997+0500] {dag.py:3047} INFO - Sync 1 DAGs
[2024-03-16T11:46:01.015+0500] {logging_mixin.py:188} INFO - [2024-03-16T11:46:01.015+0500] {dag.py:3834} INFO - Setting next_dagrun for tutorial to 2024-03-15 00:00:00+00:00, run_after=2024-03-16 00:00:00+00:00
[2024-03-16T11:46:01.114+0500] {processor.py:183} INFO - Processing /home/muhammadsami/Public/Projects/Airflow/DataPipelineswithApacheAirflow/.env/lib/python3.8/site-packages/airflow/example_dags/tutorial.py took 0.141 seconds
[2024-03-16T11:46:52.924+0500] {processor.py:161} INFO - Started process (PID=20905) to work on /home/muhammadsami/Public/Projects/Airflow/DataPipelineswithApacheAirflow/.env/lib/python3.8/site-packages/airflow/example_dags/tutorial.py
[2024-03-16T11:46:52.946+0500] {processor.py:830} INFO - Processing file /home/muhammadsami/Public/Projects/Airflow/DataPipelineswithApacheAirflow/.env/lib/python3.8/site-packages/airflow/example_dags/tutorial.py for tasks to queue
[2024-03-16T11:46:52.947+0500] {logging_mixin.py:188} INFO - [2024-03-16T11:46:52.947+0500] {dagbag.py:540} INFO - Filling up the DagBag from /home/muhammadsami/Public/Projects/Airflow/DataPipelineswithApacheAirflow/.env/lib/python3.8/site-packages/airflow/example_dags/tutorial.py
[2024-03-16T11:46:52.956+0500] {processor.py:840} INFO - DAG(s) 'tutorial' retrieved from /home/muhammadsami/Public/Projects/Airflow/DataPipelineswithApacheAirflow/.env/lib/python3.8/site-packages/airflow/example_dags/tutorial.py
[2024-03-16T11:46:52.972+0500] {logging_mixin.py:188} INFO - [2024-03-16T11:46:52.972+0500] {dag.py:3047} INFO - Sync 1 DAGs
[2024-03-16T11:46:53.006+0500] {logging_mixin.py:188} INFO - [2024-03-16T11:46:53.006+0500] {dag.py:3834} INFO - Setting next_dagrun for tutorial to 2024-03-15 00:00:00+00:00, run_after=2024-03-16 00:00:00+00:00
[2024-03-16T11:46:53.114+0500] {processor.py:183} INFO - Processing /home/muhammadsami/Public/Projects/Airflow/DataPipelineswithApacheAirflow/.env/lib/python3.8/site-packages/airflow/example_dags/tutorial.py took 0.193 seconds
[2024-03-16T11:47:43.501+0500] {processor.py:161} INFO - Started process (PID=20981) to work on /home/muhammadsami/Public/Projects/Airflow/DataPipelineswithApacheAirflow/.env/lib/python3.8/site-packages/airflow/example_dags/tutorial.py
[2024-03-16T11:47:43.517+0500] {processor.py:830} INFO - Processing file /home/muhammadsami/Public/Projects/Airflow/DataPipelineswithApacheAirflow/.env/lib/python3.8/site-packages/airflow/example_dags/tutorial.py for tasks to queue
[2024-03-16T11:47:43.518+0500] {logging_mixin.py:188} INFO - [2024-03-16T11:47:43.517+0500] {dagbag.py:540} INFO - Filling up the DagBag from /home/muhammadsami/Public/Projects/Airflow/DataPipelineswithApacheAirflow/.env/lib/python3.8/site-packages/airflow/example_dags/tutorial.py
[2024-03-16T11:47:43.523+0500] {processor.py:840} INFO - DAG(s) 'tutorial' retrieved from /home/muhammadsami/Public/Projects/Airflow/DataPipelineswithApacheAirflow/.env/lib/python3.8/site-packages/airflow/example_dags/tutorial.py
[2024-03-16T11:47:43.537+0500] {logging_mixin.py:188} INFO - [2024-03-16T11:47:43.537+0500] {dag.py:3047} INFO - Sync 1 DAGs
[2024-03-16T11:47:43.561+0500] {logging_mixin.py:188} INFO - [2024-03-16T11:47:43.561+0500] {dag.py:3834} INFO - Setting next_dagrun for tutorial to 2024-03-15 00:00:00+00:00, run_after=2024-03-16 00:00:00+00:00
[2024-03-16T11:47:43.654+0500] {processor.py:183} INFO - Processing /home/muhammadsami/Public/Projects/Airflow/DataPipelineswithApacheAirflow/.env/lib/python3.8/site-packages/airflow/example_dags/tutorial.py took 0.156 seconds
[2024-03-16T11:48:30.247+0500] {processor.py:161} INFO - Started process (PID=21058) to work on /home/muhammadsami/Public/Projects/Airflow/DataPipelineswithApacheAirflow/.env/lib/python3.8/site-packages/airflow/example_dags/tutorial.py
[2024-03-16T11:48:30.249+0500] {processor.py:830} INFO - Processing file /home/muhammadsami/Public/Projects/Airflow/DataPipelineswithApacheAirflow/.env/lib/python3.8/site-packages/airflow/example_dags/tutorial.py for tasks to queue
[2024-03-16T11:48:30.250+0500] {logging_mixin.py:188} INFO - [2024-03-16T11:48:30.249+0500] {dagbag.py:540} INFO - Filling up the DagBag from /home/muhammadsami/Public/Projects/Airflow/DataPipelineswithApacheAirflow/.env/lib/python3.8/site-packages/airflow/example_dags/tutorial.py
[2024-03-16T11:48:30.255+0500] {processor.py:840} INFO - DAG(s) 'tutorial' retrieved from /home/muhammadsami/Public/Projects/Airflow/DataPipelineswithApacheAirflow/.env/lib/python3.8/site-packages/airflow/example_dags/tutorial.py
[2024-03-16T11:48:30.268+0500] {logging_mixin.py:188} INFO - [2024-03-16T11:48:30.268+0500] {dag.py:3047} INFO - Sync 1 DAGs
[2024-03-16T11:48:30.285+0500] {logging_mixin.py:188} INFO - [2024-03-16T11:48:30.285+0500] {dag.py:3834} INFO - Setting next_dagrun for tutorial to 2024-03-15 00:00:00+00:00, run_after=2024-03-16 00:00:00+00:00
[2024-03-16T11:48:30.374+0500] {processor.py:183} INFO - Processing /home/muhammadsami/Public/Projects/Airflow/DataPipelineswithApacheAirflow/.env/lib/python3.8/site-packages/airflow/example_dags/tutorial.py took 0.130 seconds
[2024-03-16T11:49:19.314+0500] {processor.py:161} INFO - Started process (PID=21103) to work on /home/muhammadsami/Public/Projects/Airflow/DataPipelineswithApacheAirflow/.env/lib/python3.8/site-packages/airflow/example_dags/tutorial.py
[2024-03-16T11:49:19.315+0500] {processor.py:830} INFO - Processing file /home/muhammadsami/Public/Projects/Airflow/DataPipelineswithApacheAirflow/.env/lib/python3.8/site-packages/airflow/example_dags/tutorial.py for tasks to queue
[2024-03-16T11:49:19.316+0500] {logging_mixin.py:188} INFO - [2024-03-16T11:49:19.315+0500] {dagbag.py:540} INFO - Filling up the DagBag from /home/muhammadsami/Public/Projects/Airflow/DataPipelineswithApacheAirflow/.env/lib/python3.8/site-packages/airflow/example_dags/tutorial.py
[2024-03-16T11:49:19.323+0500] {processor.py:840} INFO - DAG(s) 'tutorial' retrieved from /home/muhammadsami/Public/Projects/Airflow/DataPipelineswithApacheAirflow/.env/lib/python3.8/site-packages/airflow/example_dags/tutorial.py
[2024-03-16T11:49:19.336+0500] {logging_mixin.py:188} INFO - [2024-03-16T11:49:19.336+0500] {dag.py:3047} INFO - Sync 1 DAGs
[2024-03-16T11:49:19.354+0500] {logging_mixin.py:188} INFO - [2024-03-16T11:49:19.354+0500] {dag.py:3834} INFO - Setting next_dagrun for tutorial to 2024-03-15 00:00:00+00:00, run_after=2024-03-16 00:00:00+00:00
[2024-03-16T11:49:19.468+0500] {processor.py:183} INFO - Processing /home/muhammadsami/Public/Projects/Airflow/DataPipelineswithApacheAirflow/.env/lib/python3.8/site-packages/airflow/example_dags/tutorial.py took 0.157 seconds
[2024-03-16T11:50:07.879+0500] {processor.py:161} INFO - Started process (PID=21146) to work on /home/muhammadsami/Public/Projects/Airflow/DataPipelineswithApacheAirflow/.env/lib/python3.8/site-packages/airflow/example_dags/tutorial.py
[2024-03-16T11:50:07.880+0500] {processor.py:830} INFO - Processing file /home/muhammadsami/Public/Projects/Airflow/DataPipelineswithApacheAirflow/.env/lib/python3.8/site-packages/airflow/example_dags/tutorial.py for tasks to queue
[2024-03-16T11:50:07.881+0500] {logging_mixin.py:188} INFO - [2024-03-16T11:50:07.881+0500] {dagbag.py:540} INFO - Filling up the DagBag from /home/muhammadsami/Public/Projects/Airflow/DataPipelineswithApacheAirflow/.env/lib/python3.8/site-packages/airflow/example_dags/tutorial.py
[2024-03-16T11:50:07.886+0500] {processor.py:840} INFO - DAG(s) 'tutorial' retrieved from /home/muhammadsami/Public/Projects/Airflow/DataPipelineswithApacheAirflow/.env/lib/python3.8/site-packages/airflow/example_dags/tutorial.py
[2024-03-16T11:50:07.899+0500] {logging_mixin.py:188} INFO - [2024-03-16T11:50:07.899+0500] {dag.py:3047} INFO - Sync 1 DAGs
[2024-03-16T11:50:07.919+0500] {logging_mixin.py:188} INFO - [2024-03-16T11:50:07.918+0500] {dag.py:3834} INFO - Setting next_dagrun for tutorial to 2024-03-15 00:00:00+00:00, run_after=2024-03-16 00:00:00+00:00
[2024-03-16T11:50:08.029+0500] {processor.py:183} INFO - Processing /home/muhammadsami/Public/Projects/Airflow/DataPipelineswithApacheAirflow/.env/lib/python3.8/site-packages/airflow/example_dags/tutorial.py took 0.153 seconds
[2024-03-16T11:50:58.319+0500] {processor.py:161} INFO - Started process (PID=21228) to work on /home/muhammadsami/Public/Projects/Airflow/DataPipelineswithApacheAirflow/.env/lib/python3.8/site-packages/airflow/example_dags/tutorial.py
[2024-03-16T11:50:58.320+0500] {processor.py:830} INFO - Processing file /home/muhammadsami/Public/Projects/Airflow/DataPipelineswithApacheAirflow/.env/lib/python3.8/site-packages/airflow/example_dags/tutorial.py for tasks to queue
[2024-03-16T11:50:58.321+0500] {logging_mixin.py:188} INFO - [2024-03-16T11:50:58.321+0500] {dagbag.py:540} INFO - Filling up the DagBag from /home/muhammadsami/Public/Projects/Airflow/DataPipelineswithApacheAirflow/.env/lib/python3.8/site-packages/airflow/example_dags/tutorial.py
[2024-03-16T11:50:58.327+0500] {processor.py:840} INFO - DAG(s) 'tutorial' retrieved from /home/muhammadsami/Public/Projects/Airflow/DataPipelineswithApacheAirflow/.env/lib/python3.8/site-packages/airflow/example_dags/tutorial.py
[2024-03-16T11:50:58.341+0500] {logging_mixin.py:188} INFO - [2024-03-16T11:50:58.340+0500] {dag.py:3047} INFO - Sync 1 DAGs
[2024-03-16T11:50:58.358+0500] {logging_mixin.py:188} INFO - [2024-03-16T11:50:58.358+0500] {dag.py:3834} INFO - Setting next_dagrun for tutorial to 2024-03-15 00:00:00+00:00, run_after=2024-03-16 00:00:00+00:00
[2024-03-16T11:50:58.470+0500] {processor.py:183} INFO - Processing /home/muhammadsami/Public/Projects/Airflow/DataPipelineswithApacheAirflow/.env/lib/python3.8/site-packages/airflow/example_dags/tutorial.py took 0.154 seconds
[2024-03-16T11:51:52.303+0500] {processor.py:161} INFO - Started process (PID=21334) to work on /home/muhammadsami/Public/Projects/Airflow/DataPipelineswithApacheAirflow/.env/lib/python3.8/site-packages/airflow/example_dags/tutorial.py
[2024-03-16T11:51:52.314+0500] {processor.py:830} INFO - Processing file /home/muhammadsami/Public/Projects/Airflow/DataPipelineswithApacheAirflow/.env/lib/python3.8/site-packages/airflow/example_dags/tutorial.py for tasks to queue
[2024-03-16T11:51:52.315+0500] {logging_mixin.py:188} INFO - [2024-03-16T11:51:52.315+0500] {dagbag.py:540} INFO - Filling up the DagBag from /home/muhammadsami/Public/Projects/Airflow/DataPipelineswithApacheAirflow/.env/lib/python3.8/site-packages/airflow/example_dags/tutorial.py
[2024-03-16T11:51:52.320+0500] {processor.py:840} INFO - DAG(s) 'tutorial' retrieved from /home/muhammadsami/Public/Projects/Airflow/DataPipelineswithApacheAirflow/.env/lib/python3.8/site-packages/airflow/example_dags/tutorial.py
[2024-03-16T11:51:52.333+0500] {logging_mixin.py:188} INFO - [2024-03-16T11:51:52.332+0500] {dag.py:3047} INFO - Sync 1 DAGs
[2024-03-16T11:51:52.350+0500] {logging_mixin.py:188} INFO - [2024-03-16T11:51:52.350+0500] {dag.py:3834} INFO - Setting next_dagrun for tutorial to 2024-03-15 00:00:00+00:00, run_after=2024-03-16 00:00:00+00:00
[2024-03-16T11:51:52.436+0500] {processor.py:183} INFO - Processing /home/muhammadsami/Public/Projects/Airflow/DataPipelineswithApacheAirflow/.env/lib/python3.8/site-packages/airflow/example_dags/tutorial.py took 0.136 seconds
[2024-03-16T11:52:43.577+0500] {processor.py:161} INFO - Started process (PID=21492) to work on /home/muhammadsami/Public/Projects/Airflow/DataPipelineswithApacheAirflow/.env/lib/python3.8/site-packages/airflow/example_dags/tutorial.py
[2024-03-16T11:52:43.596+0500] {processor.py:830} INFO - Processing file /home/muhammadsami/Public/Projects/Airflow/DataPipelineswithApacheAirflow/.env/lib/python3.8/site-packages/airflow/example_dags/tutorial.py for tasks to queue
[2024-03-16T11:52:43.597+0500] {logging_mixin.py:188} INFO - [2024-03-16T11:52:43.596+0500] {dagbag.py:540} INFO - Filling up the DagBag from /home/muhammadsami/Public/Projects/Airflow/DataPipelineswithApacheAirflow/.env/lib/python3.8/site-packages/airflow/example_dags/tutorial.py
[2024-03-16T11:52:43.602+0500] {processor.py:840} INFO - DAG(s) 'tutorial' retrieved from /home/muhammadsami/Public/Projects/Airflow/DataPipelineswithApacheAirflow/.env/lib/python3.8/site-packages/airflow/example_dags/tutorial.py
[2024-03-16T11:52:43.615+0500] {logging_mixin.py:188} INFO - [2024-03-16T11:52:43.614+0500] {dag.py:3047} INFO - Sync 1 DAGs
[2024-03-16T11:52:43.633+0500] {logging_mixin.py:188} INFO - [2024-03-16T11:52:43.633+0500] {dag.py:3834} INFO - Setting next_dagrun for tutorial to 2024-03-15 00:00:00+00:00, run_after=2024-03-16 00:00:00+00:00
[2024-03-16T11:52:43.799+0500] {processor.py:183} INFO - Processing /home/muhammadsami/Public/Projects/Airflow/DataPipelineswithApacheAirflow/.env/lib/python3.8/site-packages/airflow/example_dags/tutorial.py took 0.224 seconds
[2024-03-16T11:53:36.985+0500] {processor.py:161} INFO - Started process (PID=21590) to work on /home/muhammadsami/Public/Projects/Airflow/DataPipelineswithApacheAirflow/.env/lib/python3.8/site-packages/airflow/example_dags/tutorial.py
[2024-03-16T11:53:36.992+0500] {processor.py:830} INFO - Processing file /home/muhammadsami/Public/Projects/Airflow/DataPipelineswithApacheAirflow/.env/lib/python3.8/site-packages/airflow/example_dags/tutorial.py for tasks to queue
[2024-03-16T11:53:36.994+0500] {logging_mixin.py:188} INFO - [2024-03-16T11:53:36.993+0500] {dagbag.py:540} INFO - Filling up the DagBag from /home/muhammadsami/Public/Projects/Airflow/DataPipelineswithApacheAirflow/.env/lib/python3.8/site-packages/airflow/example_dags/tutorial.py
[2024-03-16T11:53:37.003+0500] {processor.py:840} INFO - DAG(s) 'tutorial' retrieved from /home/muhammadsami/Public/Projects/Airflow/DataPipelineswithApacheAirflow/.env/lib/python3.8/site-packages/airflow/example_dags/tutorial.py
[2024-03-16T11:53:37.032+0500] {logging_mixin.py:188} INFO - [2024-03-16T11:53:37.032+0500] {dag.py:3047} INFO - Sync 1 DAGs
[2024-03-16T11:53:37.080+0500] {logging_mixin.py:188} INFO - [2024-03-16T11:53:37.079+0500] {dag.py:3834} INFO - Setting next_dagrun for tutorial to 2024-03-15 00:00:00+00:00, run_after=2024-03-16 00:00:00+00:00
[2024-03-16T11:53:37.187+0500] {processor.py:183} INFO - Processing /home/muhammadsami/Public/Projects/Airflow/DataPipelineswithApacheAirflow/.env/lib/python3.8/site-packages/airflow/example_dags/tutorial.py took 0.206 seconds
[2024-03-16T11:54:26.299+0500] {processor.py:161} INFO - Started process (PID=21683) to work on /home/muhammadsami/Public/Projects/Airflow/DataPipelineswithApacheAirflow/.env/lib/python3.8/site-packages/airflow/example_dags/tutorial.py
[2024-03-16T11:54:26.308+0500] {processor.py:830} INFO - Processing file /home/muhammadsami/Public/Projects/Airflow/DataPipelineswithApacheAirflow/.env/lib/python3.8/site-packages/airflow/example_dags/tutorial.py for tasks to queue
[2024-03-16T11:54:26.309+0500] {logging_mixin.py:188} INFO - [2024-03-16T11:54:26.309+0500] {dagbag.py:540} INFO - Filling up the DagBag from /home/muhammadsami/Public/Projects/Airflow/DataPipelineswithApacheAirflow/.env/lib/python3.8/site-packages/airflow/example_dags/tutorial.py
[2024-03-16T11:54:26.320+0500] {processor.py:840} INFO - DAG(s) 'tutorial' retrieved from /home/muhammadsami/Public/Projects/Airflow/DataPipelineswithApacheAirflow/.env/lib/python3.8/site-packages/airflow/example_dags/tutorial.py
[2024-03-16T11:54:26.358+0500] {logging_mixin.py:188} INFO - [2024-03-16T11:54:26.358+0500] {dag.py:3047} INFO - Sync 1 DAGs
[2024-03-16T11:54:26.406+0500] {logging_mixin.py:188} INFO - [2024-03-16T11:54:26.405+0500] {dag.py:3834} INFO - Setting next_dagrun for tutorial to 2024-03-15 00:00:00+00:00, run_after=2024-03-16 00:00:00+00:00
[2024-03-16T11:54:26.510+0500] {processor.py:183} INFO - Processing /home/muhammadsami/Public/Projects/Airflow/DataPipelineswithApacheAirflow/.env/lib/python3.8/site-packages/airflow/example_dags/tutorial.py took 0.214 seconds
[2024-03-16T11:55:16.858+0500] {processor.py:161} INFO - Started process (PID=21839) to work on /home/muhammadsami/Public/Projects/Airflow/DataPipelineswithApacheAirflow/.env/lib/python3.8/site-packages/airflow/example_dags/tutorial.py
[2024-03-16T11:55:16.869+0500] {processor.py:830} INFO - Processing file /home/muhammadsami/Public/Projects/Airflow/DataPipelineswithApacheAirflow/.env/lib/python3.8/site-packages/airflow/example_dags/tutorial.py for tasks to queue
[2024-03-16T11:55:16.870+0500] {logging_mixin.py:188} INFO - [2024-03-16T11:55:16.870+0500] {dagbag.py:540} INFO - Filling up the DagBag from /home/muhammadsami/Public/Projects/Airflow/DataPipelineswithApacheAirflow/.env/lib/python3.8/site-packages/airflow/example_dags/tutorial.py
[2024-03-16T11:55:16.876+0500] {processor.py:840} INFO - DAG(s) 'tutorial' retrieved from /home/muhammadsami/Public/Projects/Airflow/DataPipelineswithApacheAirflow/.env/lib/python3.8/site-packages/airflow/example_dags/tutorial.py
[2024-03-16T11:55:16.891+0500] {logging_mixin.py:188} INFO - [2024-03-16T11:55:16.891+0500] {dag.py:3047} INFO - Sync 1 DAGs
[2024-03-16T11:55:16.913+0500] {logging_mixin.py:188} INFO - [2024-03-16T11:55:16.913+0500] {dag.py:3834} INFO - Setting next_dagrun for tutorial to 2024-03-15 00:00:00+00:00, run_after=2024-03-16 00:00:00+00:00
[2024-03-16T11:55:17.005+0500] {processor.py:183} INFO - Processing /home/muhammadsami/Public/Projects/Airflow/DataPipelineswithApacheAirflow/.env/lib/python3.8/site-packages/airflow/example_dags/tutorial.py took 0.150 seconds
[2024-03-16T11:56:08.375+0500] {processor.py:161} INFO - Started process (PID=21928) to work on /home/muhammadsami/Public/Projects/Airflow/DataPipelineswithApacheAirflow/.env/lib/python3.8/site-packages/airflow/example_dags/tutorial.py
[2024-03-16T11:56:08.376+0500] {processor.py:830} INFO - Processing file /home/muhammadsami/Public/Projects/Airflow/DataPipelineswithApacheAirflow/.env/lib/python3.8/site-packages/airflow/example_dags/tutorial.py for tasks to queue
[2024-03-16T11:56:08.377+0500] {logging_mixin.py:188} INFO - [2024-03-16T11:56:08.377+0500] {dagbag.py:540} INFO - Filling up the DagBag from /home/muhammadsami/Public/Projects/Airflow/DataPipelineswithApacheAirflow/.env/lib/python3.8/site-packages/airflow/example_dags/tutorial.py
[2024-03-16T11:56:08.386+0500] {processor.py:840} INFO - DAG(s) 'tutorial' retrieved from /home/muhammadsami/Public/Projects/Airflow/DataPipelineswithApacheAirflow/.env/lib/python3.8/site-packages/airflow/example_dags/tutorial.py
[2024-03-16T11:56:08.405+0500] {logging_mixin.py:188} INFO - [2024-03-16T11:56:08.405+0500] {dag.py:3047} INFO - Sync 1 DAGs
[2024-03-16T11:56:08.433+0500] {logging_mixin.py:188} INFO - [2024-03-16T11:56:08.433+0500] {dag.py:3834} INFO - Setting next_dagrun for tutorial to 2024-03-15 00:00:00+00:00, run_after=2024-03-16 00:00:00+00:00
[2024-03-16T11:56:08.573+0500] {processor.py:183} INFO - Processing /home/muhammadsami/Public/Projects/Airflow/DataPipelineswithApacheAirflow/.env/lib/python3.8/site-packages/airflow/example_dags/tutorial.py took 0.201 seconds
[2024-03-16T11:56:57.383+0500] {processor.py:161} INFO - Started process (PID=21978) to work on /home/muhammadsami/Public/Projects/Airflow/DataPipelineswithApacheAirflow/.env/lib/python3.8/site-packages/airflow/example_dags/tutorial.py
[2024-03-16T11:56:57.384+0500] {processor.py:830} INFO - Processing file /home/muhammadsami/Public/Projects/Airflow/DataPipelineswithApacheAirflow/.env/lib/python3.8/site-packages/airflow/example_dags/tutorial.py for tasks to queue
[2024-03-16T11:56:57.386+0500] {logging_mixin.py:188} INFO - [2024-03-16T11:56:57.385+0500] {dagbag.py:540} INFO - Filling up the DagBag from /home/muhammadsami/Public/Projects/Airflow/DataPipelineswithApacheAirflow/.env/lib/python3.8/site-packages/airflow/example_dags/tutorial.py
[2024-03-16T11:56:57.392+0500] {processor.py:840} INFO - DAG(s) 'tutorial' retrieved from /home/muhammadsami/Public/Projects/Airflow/DataPipelineswithApacheAirflow/.env/lib/python3.8/site-packages/airflow/example_dags/tutorial.py
[2024-03-16T11:56:57.407+0500] {logging_mixin.py:188} INFO - [2024-03-16T11:56:57.406+0500] {dag.py:3047} INFO - Sync 1 DAGs
[2024-03-16T11:56:57.427+0500] {logging_mixin.py:188} INFO - [2024-03-16T11:56:57.427+0500] {dag.py:3834} INFO - Setting next_dagrun for tutorial to 2024-03-15 00:00:00+00:00, run_after=2024-03-16 00:00:00+00:00
[2024-03-16T11:56:57.528+0500] {processor.py:183} INFO - Processing /home/muhammadsami/Public/Projects/Airflow/DataPipelineswithApacheAirflow/.env/lib/python3.8/site-packages/airflow/example_dags/tutorial.py took 0.148 seconds
[2024-03-16T11:57:53.225+0500] {processor.py:161} INFO - Started process (PID=22032) to work on /home/muhammadsami/Public/Projects/Airflow/DataPipelineswithApacheAirflow/.env/lib/python3.8/site-packages/airflow/example_dags/tutorial.py
[2024-03-16T11:57:53.227+0500] {processor.py:830} INFO - Processing file /home/muhammadsami/Public/Projects/Airflow/DataPipelineswithApacheAirflow/.env/lib/python3.8/site-packages/airflow/example_dags/tutorial.py for tasks to queue
[2024-03-16T11:57:53.228+0500] {logging_mixin.py:188} INFO - [2024-03-16T11:57:53.227+0500] {dagbag.py:540} INFO - Filling up the DagBag from /home/muhammadsami/Public/Projects/Airflow/DataPipelineswithApacheAirflow/.env/lib/python3.8/site-packages/airflow/example_dags/tutorial.py
[2024-03-16T11:57:53.234+0500] {processor.py:840} INFO - DAG(s) 'tutorial' retrieved from /home/muhammadsami/Public/Projects/Airflow/DataPipelineswithApacheAirflow/.env/lib/python3.8/site-packages/airflow/example_dags/tutorial.py
[2024-03-16T11:57:53.247+0500] {logging_mixin.py:188} INFO - [2024-03-16T11:57:53.246+0500] {dag.py:3047} INFO - Sync 1 DAGs
[2024-03-16T11:57:53.263+0500] {logging_mixin.py:188} INFO - [2024-03-16T11:57:53.263+0500] {dag.py:3834} INFO - Setting next_dagrun for tutorial to 2024-03-15 00:00:00+00:00, run_after=2024-03-16 00:00:00+00:00
[2024-03-16T11:57:53.356+0500] {processor.py:183} INFO - Processing /home/muhammadsami/Public/Projects/Airflow/DataPipelineswithApacheAirflow/.env/lib/python3.8/site-packages/airflow/example_dags/tutorial.py took 0.134 seconds
[2024-03-16T11:58:42.385+0500] {processor.py:161} INFO - Started process (PID=22133) to work on /home/muhammadsami/Public/Projects/Airflow/DataPipelineswithApacheAirflow/.env/lib/python3.8/site-packages/airflow/example_dags/tutorial.py
[2024-03-16T11:58:42.610+0500] {processor.py:830} INFO - Processing file /home/muhammadsami/Public/Projects/Airflow/DataPipelineswithApacheAirflow/.env/lib/python3.8/site-packages/airflow/example_dags/tutorial.py for tasks to queue
[2024-03-16T11:58:42.611+0500] {logging_mixin.py:188} INFO - [2024-03-16T11:58:42.611+0500] {dagbag.py:540} INFO - Filling up the DagBag from /home/muhammadsami/Public/Projects/Airflow/DataPipelineswithApacheAirflow/.env/lib/python3.8/site-packages/airflow/example_dags/tutorial.py
[2024-03-16T11:58:42.618+0500] {processor.py:840} INFO - DAG(s) 'tutorial' retrieved from /home/muhammadsami/Public/Projects/Airflow/DataPipelineswithApacheAirflow/.env/lib/python3.8/site-packages/airflow/example_dags/tutorial.py
[2024-03-16T11:58:42.639+0500] {logging_mixin.py:188} INFO - [2024-03-16T11:58:42.639+0500] {dag.py:3047} INFO - Sync 1 DAGs
[2024-03-16T11:58:42.665+0500] {logging_mixin.py:188} INFO - [2024-03-16T11:58:42.665+0500] {dag.py:3834} INFO - Setting next_dagrun for tutorial to 2024-03-15 00:00:00+00:00, run_after=2024-03-16 00:00:00+00:00
[2024-03-16T11:58:43.060+0500] {processor.py:183} INFO - Processing /home/muhammadsami/Public/Projects/Airflow/DataPipelineswithApacheAirflow/.env/lib/python3.8/site-packages/airflow/example_dags/tutorial.py took 0.677 seconds
[2024-03-16T11:59:29.913+0500] {processor.py:161} INFO - Started process (PID=22214) to work on /home/muhammadsami/Public/Projects/Airflow/DataPipelineswithApacheAirflow/.env/lib/python3.8/site-packages/airflow/example_dags/tutorial.py
[2024-03-16T11:59:30.100+0500] {processor.py:830} INFO - Processing file /home/muhammadsami/Public/Projects/Airflow/DataPipelineswithApacheAirflow/.env/lib/python3.8/site-packages/airflow/example_dags/tutorial.py for tasks to queue
[2024-03-16T11:59:30.101+0500] {logging_mixin.py:188} INFO - [2024-03-16T11:59:30.101+0500] {dagbag.py:540} INFO - Filling up the DagBag from /home/muhammadsami/Public/Projects/Airflow/DataPipelineswithApacheAirflow/.env/lib/python3.8/site-packages/airflow/example_dags/tutorial.py
[2024-03-16T11:59:30.109+0500] {processor.py:840} INFO - DAG(s) 'tutorial' retrieved from /home/muhammadsami/Public/Projects/Airflow/DataPipelineswithApacheAirflow/.env/lib/python3.8/site-packages/airflow/example_dags/tutorial.py
[2024-03-16T11:59:30.128+0500] {logging_mixin.py:188} INFO - [2024-03-16T11:59:30.128+0500] {dag.py:3047} INFO - Sync 1 DAGs
[2024-03-16T11:59:30.162+0500] {logging_mixin.py:188} INFO - [2024-03-16T11:59:30.162+0500] {dag.py:3834} INFO - Setting next_dagrun for tutorial to 2024-03-15 00:00:00+00:00, run_after=2024-03-16 00:00:00+00:00
[2024-03-16T11:59:31.037+0500] {processor.py:183} INFO - Processing /home/muhammadsami/Public/Projects/Airflow/DataPipelineswithApacheAirflow/.env/lib/python3.8/site-packages/airflow/example_dags/tutorial.py took 1.127 seconds
[2024-03-16T12:00:23.791+0500] {processor.py:161} INFO - Started process (PID=22328) to work on /home/muhammadsami/Public/Projects/Airflow/DataPipelineswithApacheAirflow/.env/lib/python3.8/site-packages/airflow/example_dags/tutorial.py
[2024-03-16T12:00:23.793+0500] {processor.py:830} INFO - Processing file /home/muhammadsami/Public/Projects/Airflow/DataPipelineswithApacheAirflow/.env/lib/python3.8/site-packages/airflow/example_dags/tutorial.py for tasks to queue
[2024-03-16T12:00:23.793+0500] {logging_mixin.py:188} INFO - [2024-03-16T12:00:23.793+0500] {dagbag.py:540} INFO - Filling up the DagBag from /home/muhammadsami/Public/Projects/Airflow/DataPipelineswithApacheAirflow/.env/lib/python3.8/site-packages/airflow/example_dags/tutorial.py
[2024-03-16T12:00:23.799+0500] {processor.py:840} INFO - DAG(s) 'tutorial' retrieved from /home/muhammadsami/Public/Projects/Airflow/DataPipelineswithApacheAirflow/.env/lib/python3.8/site-packages/airflow/example_dags/tutorial.py
[2024-03-16T12:00:23.819+0500] {logging_mixin.py:188} INFO - [2024-03-16T12:00:23.819+0500] {dag.py:3047} INFO - Sync 1 DAGs
[2024-03-16T12:00:23.842+0500] {logging_mixin.py:188} INFO - [2024-03-16T12:00:23.841+0500] {dag.py:3834} INFO - Setting next_dagrun for tutorial to 2024-03-15 00:00:00+00:00, run_after=2024-03-16 00:00:00+00:00
[2024-03-16T12:00:24.019+0500] {processor.py:183} INFO - Processing /home/muhammadsami/Public/Projects/Airflow/DataPipelineswithApacheAirflow/.env/lib/python3.8/site-packages/airflow/example_dags/tutorial.py took 0.231 seconds
[2024-03-16T12:01:18.656+0500] {processor.py:161} INFO - Started process (PID=22380) to work on /home/muhammadsami/Public/Projects/Airflow/DataPipelineswithApacheAirflow/.env/lib/python3.8/site-packages/airflow/example_dags/tutorial.py
[2024-03-16T12:01:18.658+0500] {processor.py:830} INFO - Processing file /home/muhammadsami/Public/Projects/Airflow/DataPipelineswithApacheAirflow/.env/lib/python3.8/site-packages/airflow/example_dags/tutorial.py for tasks to queue
[2024-03-16T12:01:18.659+0500] {logging_mixin.py:188} INFO - [2024-03-16T12:01:18.659+0500] {dagbag.py:540} INFO - Filling up the DagBag from /home/muhammadsami/Public/Projects/Airflow/DataPipelineswithApacheAirflow/.env/lib/python3.8/site-packages/airflow/example_dags/tutorial.py
[2024-03-16T12:01:18.667+0500] {processor.py:840} INFO - DAG(s) 'tutorial' retrieved from /home/muhammadsami/Public/Projects/Airflow/DataPipelineswithApacheAirflow/.env/lib/python3.8/site-packages/airflow/example_dags/tutorial.py
[2024-03-16T12:01:18.680+0500] {logging_mixin.py:188} INFO - [2024-03-16T12:01:18.679+0500] {dag.py:3047} INFO - Sync 1 DAGs
[2024-03-16T12:01:18.696+0500] {logging_mixin.py:188} INFO - [2024-03-16T12:01:18.696+0500] {dag.py:3834} INFO - Setting next_dagrun for tutorial to 2024-03-15 00:00:00+00:00, run_after=2024-03-16 00:00:00+00:00
[2024-03-16T12:01:18.795+0500] {processor.py:183} INFO - Processing /home/muhammadsami/Public/Projects/Airflow/DataPipelineswithApacheAirflow/.env/lib/python3.8/site-packages/airflow/example_dags/tutorial.py took 0.141 seconds
