[2024-03-16T11:21:50.219+0500] {processor.py:161} INFO - Started process (PID=17847) to work on /home/muhammadsami/Public/Projects/Airflow/DataPipelineswithApacheAirflow/.env/lib/python3.8/site-packages/airflow/example_dags/tutorial_taskflow_api.py
[2024-03-16T11:21:50.220+0500] {processor.py:830} INFO - Processing file /home/muhammadsami/Public/Projects/Airflow/DataPipelineswithApacheAirflow/.env/lib/python3.8/site-packages/airflow/example_dags/tutorial_taskflow_api.py for tasks to queue
[2024-03-16T11:21:50.222+0500] {logging_mixin.py:188} INFO - [2024-03-16T11:21:50.221+0500] {dagbag.py:540} INFO - Filling up the DagBag from /home/muhammadsami/Public/Projects/Airflow/DataPipelineswithApacheAirflow/.env/lib/python3.8/site-packages/airflow/example_dags/tutorial_taskflow_api.py
[2024-03-16T11:21:50.230+0500] {processor.py:840} INFO - DAG(s) 'tutorial_taskflow_api' retrieved from /home/muhammadsami/Public/Projects/Airflow/DataPipelineswithApacheAirflow/.env/lib/python3.8/site-packages/airflow/example_dags/tutorial_taskflow_api.py
[2024-03-16T11:21:54.494+0500] {logging_mixin.py:188} INFO - [2024-03-16T11:21:54.493+0500] {override.py:1769} INFO - Created Permission View: can edit on DAG:tutorial_taskflow_api
[2024-03-16T11:21:59.452+0500] {logging_mixin.py:188} INFO - [2024-03-16T11:21:59.452+0500] {override.py:1769} INFO - Created Permission View: can delete on DAG:tutorial_taskflow_api
[2024-03-16T11:21:59.543+0500] {logging_mixin.py:188} INFO - [2024-03-16T11:21:59.543+0500] {override.py:1769} INFO - Created Permission View: can read on DAG:tutorial_taskflow_api
[2024-03-16T11:21:59.543+0500] {logging_mixin.py:188} INFO - [2024-03-16T11:21:59.543+0500] {dag.py:3047} INFO - Sync 1 DAGs
[2024-03-16T11:22:00.084+0500] {logging_mixin.py:188} INFO - [2024-03-16T11:22:00.083+0500] {dag.py:3069} INFO - Creating ORM DAG for tutorial_taskflow_api
[2024-03-16T11:22:00.084+0500] {logging_mixin.py:188} INFO - [2024-03-16T11:22:00.084+0500] {dag.py:3834} INFO - Setting next_dagrun for tutorial_taskflow_api to None, run_after=None
[2024-03-16T11:22:01.420+0500] {processor.py:183} INFO - Processing /home/muhammadsami/Public/Projects/Airflow/DataPipelineswithApacheAirflow/.env/lib/python3.8/site-packages/airflow/example_dags/tutorial_taskflow_api.py took 11.204 seconds
[2024-03-16T11:23:41.876+0500] {processor.py:161} INFO - Started process (PID=18435) to work on /home/muhammadsami/Public/Projects/Airflow/DataPipelineswithApacheAirflow/.env/lib/python3.8/site-packages/airflow/example_dags/tutorial_taskflow_api.py
[2024-03-16T11:23:41.889+0500] {processor.py:830} INFO - Processing file /home/muhammadsami/Public/Projects/Airflow/DataPipelineswithApacheAirflow/.env/lib/python3.8/site-packages/airflow/example_dags/tutorial_taskflow_api.py for tasks to queue
[2024-03-16T11:23:41.890+0500] {logging_mixin.py:188} INFO - [2024-03-16T11:23:41.890+0500] {dagbag.py:540} INFO - Filling up the DagBag from /home/muhammadsami/Public/Projects/Airflow/DataPipelineswithApacheAirflow/.env/lib/python3.8/site-packages/airflow/example_dags/tutorial_taskflow_api.py
[2024-03-16T11:23:41.895+0500] {processor.py:840} INFO - DAG(s) 'tutorial_taskflow_api' retrieved from /home/muhammadsami/Public/Projects/Airflow/DataPipelineswithApacheAirflow/.env/lib/python3.8/site-packages/airflow/example_dags/tutorial_taskflow_api.py
[2024-03-16T11:23:41.908+0500] {logging_mixin.py:188} INFO - [2024-03-16T11:23:41.908+0500] {dag.py:3047} INFO - Sync 1 DAGs
[2024-03-16T11:23:41.920+0500] {logging_mixin.py:188} INFO - [2024-03-16T11:23:41.920+0500] {dag.py:3834} INFO - Setting next_dagrun for tutorial_taskflow_api to None, run_after=None
[2024-03-16T11:23:42.007+0500] {processor.py:183} INFO - Processing /home/muhammadsami/Public/Projects/Airflow/DataPipelineswithApacheAirflow/.env/lib/python3.8/site-packages/airflow/example_dags/tutorial_taskflow_api.py took 0.134 seconds
[2024-03-16T11:24:21.656+0500] {processor.py:161} INFO - Started process (PID=18473) to work on /home/muhammadsami/Public/Projects/Airflow/DataPipelineswithApacheAirflow/.env/lib/python3.8/site-packages/airflow/example_dags/tutorial_taskflow_api.py
[2024-03-16T11:24:21.657+0500] {processor.py:830} INFO - Processing file /home/muhammadsami/Public/Projects/Airflow/DataPipelineswithApacheAirflow/.env/lib/python3.8/site-packages/airflow/example_dags/tutorial_taskflow_api.py for tasks to queue
[2024-03-16T11:24:21.658+0500] {logging_mixin.py:188} INFO - [2024-03-16T11:24:21.658+0500] {dagbag.py:540} INFO - Filling up the DagBag from /home/muhammadsami/Public/Projects/Airflow/DataPipelineswithApacheAirflow/.env/lib/python3.8/site-packages/airflow/example_dags/tutorial_taskflow_api.py
[2024-03-16T11:24:21.666+0500] {processor.py:840} INFO - DAG(s) 'tutorial_taskflow_api' retrieved from /home/muhammadsami/Public/Projects/Airflow/DataPipelineswithApacheAirflow/.env/lib/python3.8/site-packages/airflow/example_dags/tutorial_taskflow_api.py
[2024-03-16T11:24:21.681+0500] {logging_mixin.py:188} INFO - [2024-03-16T11:24:21.681+0500] {dag.py:3047} INFO - Sync 1 DAGs
[2024-03-16T11:24:21.776+0500] {logging_mixin.py:188} INFO - [2024-03-16T11:24:21.776+0500] {dag.py:3834} INFO - Setting next_dagrun for tutorial_taskflow_api to None, run_after=None
[2024-03-16T11:24:21.866+0500] {processor.py:183} INFO - Processing /home/muhammadsami/Public/Projects/Airflow/DataPipelineswithApacheAirflow/.env/lib/python3.8/site-packages/airflow/example_dags/tutorial_taskflow_api.py took 0.213 seconds
[2024-03-16T11:25:15.401+0500] {processor.py:161} INFO - Started process (PID=18610) to work on /home/muhammadsami/Public/Projects/Airflow/DataPipelineswithApacheAirflow/.env/lib/python3.8/site-packages/airflow/example_dags/tutorial_taskflow_api.py
[2024-03-16T11:25:15.431+0500] {processor.py:830} INFO - Processing file /home/muhammadsami/Public/Projects/Airflow/DataPipelineswithApacheAirflow/.env/lib/python3.8/site-packages/airflow/example_dags/tutorial_taskflow_api.py for tasks to queue
[2024-03-16T11:25:15.432+0500] {logging_mixin.py:188} INFO - [2024-03-16T11:25:15.432+0500] {dagbag.py:540} INFO - Filling up the DagBag from /home/muhammadsami/Public/Projects/Airflow/DataPipelineswithApacheAirflow/.env/lib/python3.8/site-packages/airflow/example_dags/tutorial_taskflow_api.py
[2024-03-16T11:25:15.438+0500] {processor.py:840} INFO - DAG(s) 'tutorial_taskflow_api' retrieved from /home/muhammadsami/Public/Projects/Airflow/DataPipelineswithApacheAirflow/.env/lib/python3.8/site-packages/airflow/example_dags/tutorial_taskflow_api.py
[2024-03-16T11:25:15.451+0500] {logging_mixin.py:188} INFO - [2024-03-16T11:25:15.451+0500] {dag.py:3047} INFO - Sync 1 DAGs
[2024-03-16T11:25:15.461+0500] {logging_mixin.py:188} INFO - [2024-03-16T11:25:15.461+0500] {dag.py:3834} INFO - Setting next_dagrun for tutorial_taskflow_api to None, run_after=None
[2024-03-16T11:25:15.565+0500] {processor.py:183} INFO - Processing /home/muhammadsami/Public/Projects/Airflow/DataPipelineswithApacheAirflow/.env/lib/python3.8/site-packages/airflow/example_dags/tutorial_taskflow_api.py took 0.166 seconds
[2024-03-16T11:26:05.032+0500] {processor.py:161} INFO - Started process (PID=18666) to work on /home/muhammadsami/Public/Projects/Airflow/DataPipelineswithApacheAirflow/.env/lib/python3.8/site-packages/airflow/example_dags/tutorial_taskflow_api.py
[2024-03-16T11:26:05.045+0500] {processor.py:830} INFO - Processing file /home/muhammadsami/Public/Projects/Airflow/DataPipelineswithApacheAirflow/.env/lib/python3.8/site-packages/airflow/example_dags/tutorial_taskflow_api.py for tasks to queue
[2024-03-16T11:26:05.046+0500] {logging_mixin.py:188} INFO - [2024-03-16T11:26:05.045+0500] {dagbag.py:540} INFO - Filling up the DagBag from /home/muhammadsami/Public/Projects/Airflow/DataPipelineswithApacheAirflow/.env/lib/python3.8/site-packages/airflow/example_dags/tutorial_taskflow_api.py
[2024-03-16T11:26:05.051+0500] {processor.py:840} INFO - DAG(s) 'tutorial_taskflow_api' retrieved from /home/muhammadsami/Public/Projects/Airflow/DataPipelineswithApacheAirflow/.env/lib/python3.8/site-packages/airflow/example_dags/tutorial_taskflow_api.py
[2024-03-16T11:26:05.063+0500] {logging_mixin.py:188} INFO - [2024-03-16T11:26:05.063+0500] {dag.py:3047} INFO - Sync 1 DAGs
[2024-03-16T11:26:05.073+0500] {logging_mixin.py:188} INFO - [2024-03-16T11:26:05.073+0500] {dag.py:3834} INFO - Setting next_dagrun for tutorial_taskflow_api to None, run_after=None
[2024-03-16T11:26:05.182+0500] {processor.py:183} INFO - Processing /home/muhammadsami/Public/Projects/Airflow/DataPipelineswithApacheAirflow/.env/lib/python3.8/site-packages/airflow/example_dags/tutorial_taskflow_api.py took 0.152 seconds
[2024-03-16T11:26:56.681+0500] {processor.py:161} INFO - Started process (PID=18749) to work on /home/muhammadsami/Public/Projects/Airflow/DataPipelineswithApacheAirflow/.env/lib/python3.8/site-packages/airflow/example_dags/tutorial_taskflow_api.py
[2024-03-16T11:26:56.682+0500] {processor.py:830} INFO - Processing file /home/muhammadsami/Public/Projects/Airflow/DataPipelineswithApacheAirflow/.env/lib/python3.8/site-packages/airflow/example_dags/tutorial_taskflow_api.py for tasks to queue
[2024-03-16T11:26:56.683+0500] {logging_mixin.py:188} INFO - [2024-03-16T11:26:56.683+0500] {dagbag.py:540} INFO - Filling up the DagBag from /home/muhammadsami/Public/Projects/Airflow/DataPipelineswithApacheAirflow/.env/lib/python3.8/site-packages/airflow/example_dags/tutorial_taskflow_api.py
[2024-03-16T11:26:56.689+0500] {processor.py:840} INFO - DAG(s) 'tutorial_taskflow_api' retrieved from /home/muhammadsami/Public/Projects/Airflow/DataPipelineswithApacheAirflow/.env/lib/python3.8/site-packages/airflow/example_dags/tutorial_taskflow_api.py
[2024-03-16T11:26:56.703+0500] {logging_mixin.py:188} INFO - [2024-03-16T11:26:56.703+0500] {dag.py:3047} INFO - Sync 1 DAGs
[2024-03-16T11:26:56.714+0500] {logging_mixin.py:188} INFO - [2024-03-16T11:26:56.714+0500] {dag.py:3834} INFO - Setting next_dagrun for tutorial_taskflow_api to None, run_after=None
[2024-03-16T11:26:56.797+0500] {processor.py:183} INFO - Processing /home/muhammadsami/Public/Projects/Airflow/DataPipelineswithApacheAirflow/.env/lib/python3.8/site-packages/airflow/example_dags/tutorial_taskflow_api.py took 0.119 seconds
[2024-03-16T11:27:44.472+0500] {processor.py:161} INFO - Started process (PID=18799) to work on /home/muhammadsami/Public/Projects/Airflow/DataPipelineswithApacheAirflow/.env/lib/python3.8/site-packages/airflow/example_dags/tutorial_taskflow_api.py
[2024-03-16T11:27:44.474+0500] {processor.py:830} INFO - Processing file /home/muhammadsami/Public/Projects/Airflow/DataPipelineswithApacheAirflow/.env/lib/python3.8/site-packages/airflow/example_dags/tutorial_taskflow_api.py for tasks to queue
[2024-03-16T11:27:44.474+0500] {logging_mixin.py:188} INFO - [2024-03-16T11:27:44.474+0500] {dagbag.py:540} INFO - Filling up the DagBag from /home/muhammadsami/Public/Projects/Airflow/DataPipelineswithApacheAirflow/.env/lib/python3.8/site-packages/airflow/example_dags/tutorial_taskflow_api.py
[2024-03-16T11:27:44.481+0500] {processor.py:840} INFO - DAG(s) 'tutorial_taskflow_api' retrieved from /home/muhammadsami/Public/Projects/Airflow/DataPipelineswithApacheAirflow/.env/lib/python3.8/site-packages/airflow/example_dags/tutorial_taskflow_api.py
[2024-03-16T11:27:44.494+0500] {logging_mixin.py:188} INFO - [2024-03-16T11:27:44.494+0500] {dag.py:3047} INFO - Sync 1 DAGs
[2024-03-16T11:27:44.504+0500] {logging_mixin.py:188} INFO - [2024-03-16T11:27:44.504+0500] {dag.py:3834} INFO - Setting next_dagrun for tutorial_taskflow_api to None, run_after=None
[2024-03-16T11:27:44.595+0500] {processor.py:183} INFO - Processing /home/muhammadsami/Public/Projects/Airflow/DataPipelineswithApacheAirflow/.env/lib/python3.8/site-packages/airflow/example_dags/tutorial_taskflow_api.py took 0.125 seconds
[2024-03-16T11:28:30.527+0500] {processor.py:161} INFO - Started process (PID=18842) to work on /home/muhammadsami/Public/Projects/Airflow/DataPipelineswithApacheAirflow/.env/lib/python3.8/site-packages/airflow/example_dags/tutorial_taskflow_api.py
[2024-03-16T11:28:30.529+0500] {processor.py:830} INFO - Processing file /home/muhammadsami/Public/Projects/Airflow/DataPipelineswithApacheAirflow/.env/lib/python3.8/site-packages/airflow/example_dags/tutorial_taskflow_api.py for tasks to queue
[2024-03-16T11:28:30.530+0500] {logging_mixin.py:188} INFO - [2024-03-16T11:28:30.529+0500] {dagbag.py:540} INFO - Filling up the DagBag from /home/muhammadsami/Public/Projects/Airflow/DataPipelineswithApacheAirflow/.env/lib/python3.8/site-packages/airflow/example_dags/tutorial_taskflow_api.py
[2024-03-16T11:28:30.536+0500] {processor.py:840} INFO - DAG(s) 'tutorial_taskflow_api' retrieved from /home/muhammadsami/Public/Projects/Airflow/DataPipelineswithApacheAirflow/.env/lib/python3.8/site-packages/airflow/example_dags/tutorial_taskflow_api.py
[2024-03-16T11:28:30.550+0500] {logging_mixin.py:188} INFO - [2024-03-16T11:28:30.550+0500] {dag.py:3047} INFO - Sync 1 DAGs
[2024-03-16T11:28:30.565+0500] {logging_mixin.py:188} INFO - [2024-03-16T11:28:30.564+0500] {dag.py:3834} INFO - Setting next_dagrun for tutorial_taskflow_api to None, run_after=None
[2024-03-16T11:28:30.677+0500] {processor.py:183} INFO - Processing /home/muhammadsami/Public/Projects/Airflow/DataPipelineswithApacheAirflow/.env/lib/python3.8/site-packages/airflow/example_dags/tutorial_taskflow_api.py took 0.152 seconds
[2024-03-16T11:29:20.192+0500] {processor.py:161} INFO - Started process (PID=18911) to work on /home/muhammadsami/Public/Projects/Airflow/DataPipelineswithApacheAirflow/.env/lib/python3.8/site-packages/airflow/example_dags/tutorial_taskflow_api.py
[2024-03-16T11:29:20.193+0500] {processor.py:830} INFO - Processing file /home/muhammadsami/Public/Projects/Airflow/DataPipelineswithApacheAirflow/.env/lib/python3.8/site-packages/airflow/example_dags/tutorial_taskflow_api.py for tasks to queue
[2024-03-16T11:29:20.194+0500] {logging_mixin.py:188} INFO - [2024-03-16T11:29:20.194+0500] {dagbag.py:540} INFO - Filling up the DagBag from /home/muhammadsami/Public/Projects/Airflow/DataPipelineswithApacheAirflow/.env/lib/python3.8/site-packages/airflow/example_dags/tutorial_taskflow_api.py
[2024-03-16T11:29:20.201+0500] {processor.py:840} INFO - DAG(s) 'tutorial_taskflow_api' retrieved from /home/muhammadsami/Public/Projects/Airflow/DataPipelineswithApacheAirflow/.env/lib/python3.8/site-packages/airflow/example_dags/tutorial_taskflow_api.py
[2024-03-16T11:29:20.214+0500] {logging_mixin.py:188} INFO - [2024-03-16T11:29:20.214+0500] {dag.py:3047} INFO - Sync 1 DAGs
[2024-03-16T11:29:20.224+0500] {logging_mixin.py:188} INFO - [2024-03-16T11:29:20.223+0500] {dag.py:3834} INFO - Setting next_dagrun for tutorial_taskflow_api to None, run_after=None
[2024-03-16T11:29:20.323+0500] {processor.py:183} INFO - Processing /home/muhammadsami/Public/Projects/Airflow/DataPipelineswithApacheAirflow/.env/lib/python3.8/site-packages/airflow/example_dags/tutorial_taskflow_api.py took 0.134 seconds
[2024-03-16T11:30:12.444+0500] {processor.py:161} INFO - Started process (PID=18968) to work on /home/muhammadsami/Public/Projects/Airflow/DataPipelineswithApacheAirflow/.env/lib/python3.8/site-packages/airflow/example_dags/tutorial_taskflow_api.py
[2024-03-16T11:30:12.458+0500] {processor.py:830} INFO - Processing file /home/muhammadsami/Public/Projects/Airflow/DataPipelineswithApacheAirflow/.env/lib/python3.8/site-packages/airflow/example_dags/tutorial_taskflow_api.py for tasks to queue
[2024-03-16T11:30:12.459+0500] {logging_mixin.py:188} INFO - [2024-03-16T11:30:12.459+0500] {dagbag.py:540} INFO - Filling up the DagBag from /home/muhammadsami/Public/Projects/Airflow/DataPipelineswithApacheAirflow/.env/lib/python3.8/site-packages/airflow/example_dags/tutorial_taskflow_api.py
[2024-03-16T11:30:12.464+0500] {processor.py:840} INFO - DAG(s) 'tutorial_taskflow_api' retrieved from /home/muhammadsami/Public/Projects/Airflow/DataPipelineswithApacheAirflow/.env/lib/python3.8/site-packages/airflow/example_dags/tutorial_taskflow_api.py
[2024-03-16T11:30:12.477+0500] {logging_mixin.py:188} INFO - [2024-03-16T11:30:12.477+0500] {dag.py:3047} INFO - Sync 1 DAGs
[2024-03-16T11:30:12.487+0500] {logging_mixin.py:188} INFO - [2024-03-16T11:30:12.487+0500] {dag.py:3834} INFO - Setting next_dagrun for tutorial_taskflow_api to None, run_after=None
[2024-03-16T11:30:12.578+0500] {processor.py:183} INFO - Processing /home/muhammadsami/Public/Projects/Airflow/DataPipelineswithApacheAirflow/.env/lib/python3.8/site-packages/airflow/example_dags/tutorial_taskflow_api.py took 0.137 seconds
[2024-03-16T11:38:25.470+0500] {processor.py:161} INFO - Started process (PID=19312) to work on /home/muhammadsami/Public/Projects/Airflow/DataPipelineswithApacheAirflow/.env/lib/python3.8/site-packages/airflow/example_dags/tutorial_taskflow_api.py
[2024-03-16T11:38:25.472+0500] {processor.py:830} INFO - Processing file /home/muhammadsami/Public/Projects/Airflow/DataPipelineswithApacheAirflow/.env/lib/python3.8/site-packages/airflow/example_dags/tutorial_taskflow_api.py for tasks to queue
[2024-03-16T11:38:25.473+0500] {logging_mixin.py:188} INFO - [2024-03-16T11:38:25.473+0500] {dagbag.py:540} INFO - Filling up the DagBag from /home/muhammadsami/Public/Projects/Airflow/DataPipelineswithApacheAirflow/.env/lib/python3.8/site-packages/airflow/example_dags/tutorial_taskflow_api.py
[2024-03-16T11:38:25.484+0500] {processor.py:840} INFO - DAG(s) 'tutorial_taskflow_api' retrieved from /home/muhammadsami/Public/Projects/Airflow/DataPipelineswithApacheAirflow/.env/lib/python3.8/site-packages/airflow/example_dags/tutorial_taskflow_api.py
[2024-03-16T11:38:25.515+0500] {logging_mixin.py:188} INFO - [2024-03-16T11:38:25.515+0500] {dag.py:3047} INFO - Sync 1 DAGs
[2024-03-16T11:38:25.542+0500] {logging_mixin.py:188} INFO - [2024-03-16T11:38:25.542+0500] {dag.py:3834} INFO - Setting next_dagrun for tutorial_taskflow_api to None, run_after=None
[2024-03-16T11:38:25.671+0500] {processor.py:183} INFO - Processing /home/muhammadsami/Public/Projects/Airflow/DataPipelineswithApacheAirflow/.env/lib/python3.8/site-packages/airflow/example_dags/tutorial_taskflow_api.py took 0.206 seconds
[2024-03-16T11:39:31.741+0500] {processor.py:161} INFO - Started process (PID=19692) to work on /home/muhammadsami/Public/Projects/Airflow/DataPipelineswithApacheAirflow/.env/lib/python3.8/site-packages/airflow/example_dags/tutorial_taskflow_api.py
[2024-03-16T11:39:31.742+0500] {processor.py:830} INFO - Processing file /home/muhammadsami/Public/Projects/Airflow/DataPipelineswithApacheAirflow/.env/lib/python3.8/site-packages/airflow/example_dags/tutorial_taskflow_api.py for tasks to queue
[2024-03-16T11:39:31.744+0500] {logging_mixin.py:188} INFO - [2024-03-16T11:39:31.743+0500] {dagbag.py:540} INFO - Filling up the DagBag from /home/muhammadsami/Public/Projects/Airflow/DataPipelineswithApacheAirflow/.env/lib/python3.8/site-packages/airflow/example_dags/tutorial_taskflow_api.py
[2024-03-16T11:39:31.751+0500] {processor.py:840} INFO - DAG(s) 'tutorial_taskflow_api' retrieved from /home/muhammadsami/Public/Projects/Airflow/DataPipelineswithApacheAirflow/.env/lib/python3.8/site-packages/airflow/example_dags/tutorial_taskflow_api.py
[2024-03-16T11:39:31.768+0500] {logging_mixin.py:188} INFO - [2024-03-16T11:39:31.767+0500] {dag.py:3047} INFO - Sync 1 DAGs
[2024-03-16T11:39:31.781+0500] {logging_mixin.py:188} INFO - [2024-03-16T11:39:31.781+0500] {dag.py:3834} INFO - Setting next_dagrun for tutorial_taskflow_api to None, run_after=None
[2024-03-16T11:39:31.897+0500] {processor.py:183} INFO - Processing /home/muhammadsami/Public/Projects/Airflow/DataPipelineswithApacheAirflow/.env/lib/python3.8/site-packages/airflow/example_dags/tutorial_taskflow_api.py took 0.159 seconds
[2024-03-16T11:40:06.607+0500] {processor.py:161} INFO - Started process (PID=19935) to work on /home/muhammadsami/Public/Projects/Airflow/DataPipelineswithApacheAirflow/.env/lib/python3.8/site-packages/airflow/example_dags/tutorial_taskflow_api.py
[2024-03-16T11:40:06.609+0500] {processor.py:830} INFO - Processing file /home/muhammadsami/Public/Projects/Airflow/DataPipelineswithApacheAirflow/.env/lib/python3.8/site-packages/airflow/example_dags/tutorial_taskflow_api.py for tasks to queue
[2024-03-16T11:40:06.610+0500] {logging_mixin.py:188} INFO - [2024-03-16T11:40:06.609+0500] {dagbag.py:540} INFO - Filling up the DagBag from /home/muhammadsami/Public/Projects/Airflow/DataPipelineswithApacheAirflow/.env/lib/python3.8/site-packages/airflow/example_dags/tutorial_taskflow_api.py
[2024-03-16T11:40:06.617+0500] {processor.py:840} INFO - DAG(s) 'tutorial_taskflow_api' retrieved from /home/muhammadsami/Public/Projects/Airflow/DataPipelineswithApacheAirflow/.env/lib/python3.8/site-packages/airflow/example_dags/tutorial_taskflow_api.py
[2024-03-16T11:40:06.629+0500] {logging_mixin.py:188} INFO - [2024-03-16T11:40:06.629+0500] {dag.py:3047} INFO - Sync 1 DAGs
[2024-03-16T11:40:06.639+0500] {logging_mixin.py:188} INFO - [2024-03-16T11:40:06.639+0500] {dag.py:3834} INFO - Setting next_dagrun for tutorial_taskflow_api to None, run_after=None
[2024-03-16T11:40:06.753+0500] {processor.py:183} INFO - Processing /home/muhammadsami/Public/Projects/Airflow/DataPipelineswithApacheAirflow/.env/lib/python3.8/site-packages/airflow/example_dags/tutorial_taskflow_api.py took 0.148 seconds
[2024-03-16T11:41:18.088+0500] {processor.py:161} INFO - Started process (PID=20179) to work on /home/muhammadsami/Public/Projects/Airflow/DataPipelineswithApacheAirflow/.env/lib/python3.8/site-packages/airflow/example_dags/tutorial_taskflow_api.py
[2024-03-16T11:41:18.100+0500] {processor.py:830} INFO - Processing file /home/muhammadsami/Public/Projects/Airflow/DataPipelineswithApacheAirflow/.env/lib/python3.8/site-packages/airflow/example_dags/tutorial_taskflow_api.py for tasks to queue
[2024-03-16T11:41:18.101+0500] {logging_mixin.py:188} INFO - [2024-03-16T11:41:18.101+0500] {dagbag.py:540} INFO - Filling up the DagBag from /home/muhammadsami/Public/Projects/Airflow/DataPipelineswithApacheAirflow/.env/lib/python3.8/site-packages/airflow/example_dags/tutorial_taskflow_api.py
[2024-03-16T11:41:18.107+0500] {processor.py:840} INFO - DAG(s) 'tutorial_taskflow_api' retrieved from /home/muhammadsami/Public/Projects/Airflow/DataPipelineswithApacheAirflow/.env/lib/python3.8/site-packages/airflow/example_dags/tutorial_taskflow_api.py
[2024-03-16T11:41:18.122+0500] {logging_mixin.py:188} INFO - [2024-03-16T11:41:18.121+0500] {dag.py:3047} INFO - Sync 1 DAGs
[2024-03-16T11:41:18.134+0500] {logging_mixin.py:188} INFO - [2024-03-16T11:41:18.134+0500] {dag.py:3834} INFO - Setting next_dagrun for tutorial_taskflow_api to None, run_after=None
[2024-03-16T11:41:18.236+0500] {processor.py:183} INFO - Processing /home/muhammadsami/Public/Projects/Airflow/DataPipelineswithApacheAirflow/.env/lib/python3.8/site-packages/airflow/example_dags/tutorial_taskflow_api.py took 0.151 seconds
[2024-03-16T11:41:57.037+0500] {processor.py:161} INFO - Started process (PID=20222) to work on /home/muhammadsami/Public/Projects/Airflow/DataPipelineswithApacheAirflow/.env/lib/python3.8/site-packages/airflow/example_dags/tutorial_taskflow_api.py
[2024-03-16T11:41:57.038+0500] {processor.py:830} INFO - Processing file /home/muhammadsami/Public/Projects/Airflow/DataPipelineswithApacheAirflow/.env/lib/python3.8/site-packages/airflow/example_dags/tutorial_taskflow_api.py for tasks to queue
[2024-03-16T11:41:57.039+0500] {logging_mixin.py:188} INFO - [2024-03-16T11:41:57.039+0500] {dagbag.py:540} INFO - Filling up the DagBag from /home/muhammadsami/Public/Projects/Airflow/DataPipelineswithApacheAirflow/.env/lib/python3.8/site-packages/airflow/example_dags/tutorial_taskflow_api.py
[2024-03-16T11:41:57.049+0500] {processor.py:840} INFO - DAG(s) 'tutorial_taskflow_api' retrieved from /home/muhammadsami/Public/Projects/Airflow/DataPipelineswithApacheAirflow/.env/lib/python3.8/site-packages/airflow/example_dags/tutorial_taskflow_api.py
[2024-03-16T11:41:57.072+0500] {logging_mixin.py:188} INFO - [2024-03-16T11:41:57.072+0500] {dag.py:3047} INFO - Sync 1 DAGs
[2024-03-16T11:41:57.088+0500] {logging_mixin.py:188} INFO - [2024-03-16T11:41:57.088+0500] {dag.py:3834} INFO - Setting next_dagrun for tutorial_taskflow_api to None, run_after=None
[2024-03-16T11:41:57.194+0500] {processor.py:183} INFO - Processing /home/muhammadsami/Public/Projects/Airflow/DataPipelineswithApacheAirflow/.env/lib/python3.8/site-packages/airflow/example_dags/tutorial_taskflow_api.py took 0.161 seconds
[2024-03-16T11:42:48.587+0500] {processor.py:161} INFO - Started process (PID=20281) to work on /home/muhammadsami/Public/Projects/Airflow/DataPipelineswithApacheAirflow/.env/lib/python3.8/site-packages/airflow/example_dags/tutorial_taskflow_api.py
[2024-03-16T11:42:48.588+0500] {processor.py:830} INFO - Processing file /home/muhammadsami/Public/Projects/Airflow/DataPipelineswithApacheAirflow/.env/lib/python3.8/site-packages/airflow/example_dags/tutorial_taskflow_api.py for tasks to queue
[2024-03-16T11:42:48.589+0500] {logging_mixin.py:188} INFO - [2024-03-16T11:42:48.588+0500] {dagbag.py:540} INFO - Filling up the DagBag from /home/muhammadsami/Public/Projects/Airflow/DataPipelineswithApacheAirflow/.env/lib/python3.8/site-packages/airflow/example_dags/tutorial_taskflow_api.py
[2024-03-16T11:42:48.595+0500] {processor.py:840} INFO - DAG(s) 'tutorial_taskflow_api' retrieved from /home/muhammadsami/Public/Projects/Airflow/DataPipelineswithApacheAirflow/.env/lib/python3.8/site-packages/airflow/example_dags/tutorial_taskflow_api.py
[2024-03-16T11:42:48.608+0500] {logging_mixin.py:188} INFO - [2024-03-16T11:42:48.607+0500] {dag.py:3047} INFO - Sync 1 DAGs
[2024-03-16T11:42:48.618+0500] {logging_mixin.py:188} INFO - [2024-03-16T11:42:48.618+0500] {dag.py:3834} INFO - Setting next_dagrun for tutorial_taskflow_api to None, run_after=None
[2024-03-16T11:42:48.729+0500] {processor.py:183} INFO - Processing /home/muhammadsami/Public/Projects/Airflow/DataPipelineswithApacheAirflow/.env/lib/python3.8/site-packages/airflow/example_dags/tutorial_taskflow_api.py took 0.145 seconds
[2024-03-16T11:43:35.942+0500] {processor.py:161} INFO - Started process (PID=20355) to work on /home/muhammadsami/Public/Projects/Airflow/DataPipelineswithApacheAirflow/.env/lib/python3.8/site-packages/airflow/example_dags/tutorial_taskflow_api.py
[2024-03-16T11:43:35.959+0500] {processor.py:830} INFO - Processing file /home/muhammadsami/Public/Projects/Airflow/DataPipelineswithApacheAirflow/.env/lib/python3.8/site-packages/airflow/example_dags/tutorial_taskflow_api.py for tasks to queue
[2024-03-16T11:43:35.960+0500] {logging_mixin.py:188} INFO - [2024-03-16T11:43:35.960+0500] {dagbag.py:540} INFO - Filling up the DagBag from /home/muhammadsami/Public/Projects/Airflow/DataPipelineswithApacheAirflow/.env/lib/python3.8/site-packages/airflow/example_dags/tutorial_taskflow_api.py
[2024-03-16T11:43:35.965+0500] {processor.py:840} INFO - DAG(s) 'tutorial_taskflow_api' retrieved from /home/muhammadsami/Public/Projects/Airflow/DataPipelineswithApacheAirflow/.env/lib/python3.8/site-packages/airflow/example_dags/tutorial_taskflow_api.py
[2024-03-16T11:43:35.979+0500] {logging_mixin.py:188} INFO - [2024-03-16T11:43:35.978+0500] {dag.py:3047} INFO - Sync 1 DAGs
[2024-03-16T11:43:35.989+0500] {logging_mixin.py:188} INFO - [2024-03-16T11:43:35.988+0500] {dag.py:3834} INFO - Setting next_dagrun for tutorial_taskflow_api to None, run_after=None
[2024-03-16T11:43:36.078+0500] {processor.py:183} INFO - Processing /home/muhammadsami/Public/Projects/Airflow/DataPipelineswithApacheAirflow/.env/lib/python3.8/site-packages/airflow/example_dags/tutorial_taskflow_api.py took 0.140 seconds
[2024-03-16T11:44:24.815+0500] {processor.py:161} INFO - Started process (PID=20402) to work on /home/muhammadsami/Public/Projects/Airflow/DataPipelineswithApacheAirflow/.env/lib/python3.8/site-packages/airflow/example_dags/tutorial_taskflow_api.py
[2024-03-16T11:44:24.817+0500] {processor.py:830} INFO - Processing file /home/muhammadsami/Public/Projects/Airflow/DataPipelineswithApacheAirflow/.env/lib/python3.8/site-packages/airflow/example_dags/tutorial_taskflow_api.py for tasks to queue
[2024-03-16T11:44:24.818+0500] {logging_mixin.py:188} INFO - [2024-03-16T11:44:24.817+0500] {dagbag.py:540} INFO - Filling up the DagBag from /home/muhammadsami/Public/Projects/Airflow/DataPipelineswithApacheAirflow/.env/lib/python3.8/site-packages/airflow/example_dags/tutorial_taskflow_api.py
[2024-03-16T11:44:24.824+0500] {processor.py:840} INFO - DAG(s) 'tutorial_taskflow_api' retrieved from /home/muhammadsami/Public/Projects/Airflow/DataPipelineswithApacheAirflow/.env/lib/python3.8/site-packages/airflow/example_dags/tutorial_taskflow_api.py
[2024-03-16T11:44:24.837+0500] {logging_mixin.py:188} INFO - [2024-03-16T11:44:24.836+0500] {dag.py:3047} INFO - Sync 1 DAGs
[2024-03-16T11:44:24.846+0500] {logging_mixin.py:188} INFO - [2024-03-16T11:44:24.846+0500] {dag.py:3834} INFO - Setting next_dagrun for tutorial_taskflow_api to None, run_after=None
[2024-03-16T11:44:24.933+0500] {processor.py:183} INFO - Processing /home/muhammadsami/Public/Projects/Airflow/DataPipelineswithApacheAirflow/.env/lib/python3.8/site-packages/airflow/example_dags/tutorial_taskflow_api.py took 0.120 seconds
[2024-03-16T11:45:27.521+0500] {processor.py:161} INFO - Started process (PID=20813) to work on /home/muhammadsami/Public/Projects/Airflow/DataPipelineswithApacheAirflow/.env/lib/python3.8/site-packages/airflow/example_dags/tutorial_taskflow_api.py
[2024-03-16T11:45:27.535+0500] {processor.py:830} INFO - Processing file /home/muhammadsami/Public/Projects/Airflow/DataPipelineswithApacheAirflow/.env/lib/python3.8/site-packages/airflow/example_dags/tutorial_taskflow_api.py for tasks to queue
[2024-03-16T11:45:27.536+0500] {logging_mixin.py:188} INFO - [2024-03-16T11:45:27.536+0500] {dagbag.py:540} INFO - Filling up the DagBag from /home/muhammadsami/Public/Projects/Airflow/DataPipelineswithApacheAirflow/.env/lib/python3.8/site-packages/airflow/example_dags/tutorial_taskflow_api.py
[2024-03-16T11:45:27.545+0500] {processor.py:840} INFO - DAG(s) 'tutorial_taskflow_api' retrieved from /home/muhammadsami/Public/Projects/Airflow/DataPipelineswithApacheAirflow/.env/lib/python3.8/site-packages/airflow/example_dags/tutorial_taskflow_api.py
[2024-03-16T11:45:27.560+0500] {logging_mixin.py:188} INFO - [2024-03-16T11:45:27.560+0500] {dag.py:3047} INFO - Sync 1 DAGs
[2024-03-16T11:45:27.572+0500] {logging_mixin.py:188} INFO - [2024-03-16T11:45:27.571+0500] {dag.py:3834} INFO - Setting next_dagrun for tutorial_taskflow_api to None, run_after=None
[2024-03-16T11:45:27.670+0500] {processor.py:183} INFO - Processing /home/muhammadsami/Public/Projects/Airflow/DataPipelineswithApacheAirflow/.env/lib/python3.8/site-packages/airflow/example_dags/tutorial_taskflow_api.py took 0.152 seconds
[2024-03-16T11:46:04.801+0500] {processor.py:161} INFO - Started process (PID=20852) to work on /home/muhammadsami/Public/Projects/Airflow/DataPipelineswithApacheAirflow/.env/lib/python3.8/site-packages/airflow/example_dags/tutorial_taskflow_api.py
[2024-03-16T11:46:04.802+0500] {processor.py:830} INFO - Processing file /home/muhammadsami/Public/Projects/Airflow/DataPipelineswithApacheAirflow/.env/lib/python3.8/site-packages/airflow/example_dags/tutorial_taskflow_api.py for tasks to queue
[2024-03-16T11:46:04.804+0500] {logging_mixin.py:188} INFO - [2024-03-16T11:46:04.803+0500] {dagbag.py:540} INFO - Filling up the DagBag from /home/muhammadsami/Public/Projects/Airflow/DataPipelineswithApacheAirflow/.env/lib/python3.8/site-packages/airflow/example_dags/tutorial_taskflow_api.py
[2024-03-16T11:46:04.812+0500] {processor.py:840} INFO - DAG(s) 'tutorial_taskflow_api' retrieved from /home/muhammadsami/Public/Projects/Airflow/DataPipelineswithApacheAirflow/.env/lib/python3.8/site-packages/airflow/example_dags/tutorial_taskflow_api.py
[2024-03-16T11:46:04.832+0500] {logging_mixin.py:188} INFO - [2024-03-16T11:46:04.832+0500] {dag.py:3047} INFO - Sync 1 DAGs
[2024-03-16T11:46:04.851+0500] {logging_mixin.py:188} INFO - [2024-03-16T11:46:04.851+0500] {dag.py:3834} INFO - Setting next_dagrun for tutorial_taskflow_api to None, run_after=None
[2024-03-16T11:46:04.950+0500] {processor.py:183} INFO - Processing /home/muhammadsami/Public/Projects/Airflow/DataPipelineswithApacheAirflow/.env/lib/python3.8/site-packages/airflow/example_dags/tutorial_taskflow_api.py took 0.153 seconds
[2024-03-16T11:46:56.300+0500] {processor.py:161} INFO - Started process (PID=20908) to work on /home/muhammadsami/Public/Projects/Airflow/DataPipelineswithApacheAirflow/.env/lib/python3.8/site-packages/airflow/example_dags/tutorial_taskflow_api.py
[2024-03-16T11:46:56.308+0500] {processor.py:830} INFO - Processing file /home/muhammadsami/Public/Projects/Airflow/DataPipelineswithApacheAirflow/.env/lib/python3.8/site-packages/airflow/example_dags/tutorial_taskflow_api.py for tasks to queue
[2024-03-16T11:46:56.309+0500] {logging_mixin.py:188} INFO - [2024-03-16T11:46:56.308+0500] {dagbag.py:540} INFO - Filling up the DagBag from /home/muhammadsami/Public/Projects/Airflow/DataPipelineswithApacheAirflow/.env/lib/python3.8/site-packages/airflow/example_dags/tutorial_taskflow_api.py
[2024-03-16T11:46:56.314+0500] {processor.py:840} INFO - DAG(s) 'tutorial_taskflow_api' retrieved from /home/muhammadsami/Public/Projects/Airflow/DataPipelineswithApacheAirflow/.env/lib/python3.8/site-packages/airflow/example_dags/tutorial_taskflow_api.py
[2024-03-16T11:46:56.328+0500] {logging_mixin.py:188} INFO - [2024-03-16T11:46:56.327+0500] {dag.py:3047} INFO - Sync 1 DAGs
[2024-03-16T11:46:56.337+0500] {logging_mixin.py:188} INFO - [2024-03-16T11:46:56.337+0500] {dag.py:3834} INFO - Setting next_dagrun for tutorial_taskflow_api to None, run_after=None
[2024-03-16T11:46:56.430+0500] {processor.py:183} INFO - Processing /home/muhammadsami/Public/Projects/Airflow/DataPipelineswithApacheAirflow/.env/lib/python3.8/site-packages/airflow/example_dags/tutorial_taskflow_api.py took 0.133 seconds
[2024-03-16T11:47:47.248+0500] {processor.py:161} INFO - Started process (PID=20985) to work on /home/muhammadsami/Public/Projects/Airflow/DataPipelineswithApacheAirflow/.env/lib/python3.8/site-packages/airflow/example_dags/tutorial_taskflow_api.py
[2024-03-16T11:47:47.250+0500] {processor.py:830} INFO - Processing file /home/muhammadsami/Public/Projects/Airflow/DataPipelineswithApacheAirflow/.env/lib/python3.8/site-packages/airflow/example_dags/tutorial_taskflow_api.py for tasks to queue
[2024-03-16T11:47:47.251+0500] {logging_mixin.py:188} INFO - [2024-03-16T11:47:47.250+0500] {dagbag.py:540} INFO - Filling up the DagBag from /home/muhammadsami/Public/Projects/Airflow/DataPipelineswithApacheAirflow/.env/lib/python3.8/site-packages/airflow/example_dags/tutorial_taskflow_api.py
[2024-03-16T11:47:47.257+0500] {processor.py:840} INFO - DAG(s) 'tutorial_taskflow_api' retrieved from /home/muhammadsami/Public/Projects/Airflow/DataPipelineswithApacheAirflow/.env/lib/python3.8/site-packages/airflow/example_dags/tutorial_taskflow_api.py
[2024-03-16T11:47:47.271+0500] {logging_mixin.py:188} INFO - [2024-03-16T11:47:47.271+0500] {dag.py:3047} INFO - Sync 1 DAGs
[2024-03-16T11:47:47.282+0500] {logging_mixin.py:188} INFO - [2024-03-16T11:47:47.281+0500] {dag.py:3834} INFO - Setting next_dagrun for tutorial_taskflow_api to None, run_after=None
[2024-03-16T11:47:47.380+0500] {processor.py:183} INFO - Processing /home/muhammadsami/Public/Projects/Airflow/DataPipelineswithApacheAirflow/.env/lib/python3.8/site-packages/airflow/example_dags/tutorial_taskflow_api.py took 0.135 seconds
[2024-03-16T11:48:33.999+0500] {processor.py:161} INFO - Started process (PID=21061) to work on /home/muhammadsami/Public/Projects/Airflow/DataPipelineswithApacheAirflow/.env/lib/python3.8/site-packages/airflow/example_dags/tutorial_taskflow_api.py
[2024-03-16T11:48:34.000+0500] {processor.py:830} INFO - Processing file /home/muhammadsami/Public/Projects/Airflow/DataPipelineswithApacheAirflow/.env/lib/python3.8/site-packages/airflow/example_dags/tutorial_taskflow_api.py for tasks to queue
[2024-03-16T11:48:34.001+0500] {logging_mixin.py:188} INFO - [2024-03-16T11:48:34.001+0500] {dagbag.py:540} INFO - Filling up the DagBag from /home/muhammadsami/Public/Projects/Airflow/DataPipelineswithApacheAirflow/.env/lib/python3.8/site-packages/airflow/example_dags/tutorial_taskflow_api.py
[2024-03-16T11:48:34.008+0500] {processor.py:840} INFO - DAG(s) 'tutorial_taskflow_api' retrieved from /home/muhammadsami/Public/Projects/Airflow/DataPipelineswithApacheAirflow/.env/lib/python3.8/site-packages/airflow/example_dags/tutorial_taskflow_api.py
[2024-03-16T11:48:34.021+0500] {logging_mixin.py:188} INFO - [2024-03-16T11:48:34.021+0500] {dag.py:3047} INFO - Sync 1 DAGs
[2024-03-16T11:48:34.031+0500] {logging_mixin.py:188} INFO - [2024-03-16T11:48:34.031+0500] {dag.py:3834} INFO - Setting next_dagrun for tutorial_taskflow_api to None, run_after=None
[2024-03-16T11:48:34.129+0500] {processor.py:183} INFO - Processing /home/muhammadsami/Public/Projects/Airflow/DataPipelineswithApacheAirflow/.env/lib/python3.8/site-packages/airflow/example_dags/tutorial_taskflow_api.py took 0.133 seconds
[2024-03-16T11:49:22.068+0500] {processor.py:161} INFO - Started process (PID=21106) to work on /home/muhammadsami/Public/Projects/Airflow/DataPipelineswithApacheAirflow/.env/lib/python3.8/site-packages/airflow/example_dags/tutorial_taskflow_api.py
[2024-03-16T11:49:22.070+0500] {processor.py:830} INFO - Processing file /home/muhammadsami/Public/Projects/Airflow/DataPipelineswithApacheAirflow/.env/lib/python3.8/site-packages/airflow/example_dags/tutorial_taskflow_api.py for tasks to queue
[2024-03-16T11:49:22.071+0500] {logging_mixin.py:188} INFO - [2024-03-16T11:49:22.071+0500] {dagbag.py:540} INFO - Filling up the DagBag from /home/muhammadsami/Public/Projects/Airflow/DataPipelineswithApacheAirflow/.env/lib/python3.8/site-packages/airflow/example_dags/tutorial_taskflow_api.py
[2024-03-16T11:49:22.078+0500] {processor.py:840} INFO - DAG(s) 'tutorial_taskflow_api' retrieved from /home/muhammadsami/Public/Projects/Airflow/DataPipelineswithApacheAirflow/.env/lib/python3.8/site-packages/airflow/example_dags/tutorial_taskflow_api.py
[2024-03-16T11:49:22.095+0500] {logging_mixin.py:188} INFO - [2024-03-16T11:49:22.095+0500] {dag.py:3047} INFO - Sync 1 DAGs
[2024-03-16T11:49:22.105+0500] {logging_mixin.py:188} INFO - [2024-03-16T11:49:22.105+0500] {dag.py:3834} INFO - Setting next_dagrun for tutorial_taskflow_api to None, run_after=None
[2024-03-16T11:49:22.199+0500] {processor.py:183} INFO - Processing /home/muhammadsami/Public/Projects/Airflow/DataPipelineswithApacheAirflow/.env/lib/python3.8/site-packages/airflow/example_dags/tutorial_taskflow_api.py took 0.135 seconds
[2024-03-16T11:50:11.382+0500] {processor.py:161} INFO - Started process (PID=21150) to work on /home/muhammadsami/Public/Projects/Airflow/DataPipelineswithApacheAirflow/.env/lib/python3.8/site-packages/airflow/example_dags/tutorial_taskflow_api.py
[2024-03-16T11:50:11.396+0500] {processor.py:830} INFO - Processing file /home/muhammadsami/Public/Projects/Airflow/DataPipelineswithApacheAirflow/.env/lib/python3.8/site-packages/airflow/example_dags/tutorial_taskflow_api.py for tasks to queue
[2024-03-16T11:50:11.397+0500] {logging_mixin.py:188} INFO - [2024-03-16T11:50:11.396+0500] {dagbag.py:540} INFO - Filling up the DagBag from /home/muhammadsami/Public/Projects/Airflow/DataPipelineswithApacheAirflow/.env/lib/python3.8/site-packages/airflow/example_dags/tutorial_taskflow_api.py
[2024-03-16T11:50:11.403+0500] {processor.py:840} INFO - DAG(s) 'tutorial_taskflow_api' retrieved from /home/muhammadsami/Public/Projects/Airflow/DataPipelineswithApacheAirflow/.env/lib/python3.8/site-packages/airflow/example_dags/tutorial_taskflow_api.py
[2024-03-16T11:50:11.416+0500] {logging_mixin.py:188} INFO - [2024-03-16T11:50:11.415+0500] {dag.py:3047} INFO - Sync 1 DAGs
[2024-03-16T11:50:11.429+0500] {logging_mixin.py:188} INFO - [2024-03-16T11:50:11.429+0500] {dag.py:3834} INFO - Setting next_dagrun for tutorial_taskflow_api to None, run_after=None
[2024-03-16T11:50:11.524+0500] {processor.py:183} INFO - Processing /home/muhammadsami/Public/Projects/Airflow/DataPipelineswithApacheAirflow/.env/lib/python3.8/site-packages/airflow/example_dags/tutorial_taskflow_api.py took 0.145 seconds
[2024-03-16T11:51:01.471+0500] {processor.py:161} INFO - Started process (PID=21231) to work on /home/muhammadsami/Public/Projects/Airflow/DataPipelineswithApacheAirflow/.env/lib/python3.8/site-packages/airflow/example_dags/tutorial_taskflow_api.py
[2024-03-16T11:51:01.473+0500] {processor.py:830} INFO - Processing file /home/muhammadsami/Public/Projects/Airflow/DataPipelineswithApacheAirflow/.env/lib/python3.8/site-packages/airflow/example_dags/tutorial_taskflow_api.py for tasks to queue
[2024-03-16T11:51:01.474+0500] {logging_mixin.py:188} INFO - [2024-03-16T11:51:01.474+0500] {dagbag.py:540} INFO - Filling up the DagBag from /home/muhammadsami/Public/Projects/Airflow/DataPipelineswithApacheAirflow/.env/lib/python3.8/site-packages/airflow/example_dags/tutorial_taskflow_api.py
[2024-03-16T11:51:01.481+0500] {processor.py:840} INFO - DAG(s) 'tutorial_taskflow_api' retrieved from /home/muhammadsami/Public/Projects/Airflow/DataPipelineswithApacheAirflow/.env/lib/python3.8/site-packages/airflow/example_dags/tutorial_taskflow_api.py
[2024-03-16T11:51:01.495+0500] {logging_mixin.py:188} INFO - [2024-03-16T11:51:01.495+0500] {dag.py:3047} INFO - Sync 1 DAGs
[2024-03-16T11:51:01.512+0500] {logging_mixin.py:188} INFO - [2024-03-16T11:51:01.511+0500] {dag.py:3834} INFO - Setting next_dagrun for tutorial_taskflow_api to None, run_after=None
[2024-03-16T11:51:01.616+0500] {processor.py:183} INFO - Processing /home/muhammadsami/Public/Projects/Airflow/DataPipelineswithApacheAirflow/.env/lib/python3.8/site-packages/airflow/example_dags/tutorial_taskflow_api.py took 0.148 seconds
[2024-03-16T11:51:55.833+0500] {processor.py:161} INFO - Started process (PID=21337) to work on /home/muhammadsami/Public/Projects/Airflow/DataPipelineswithApacheAirflow/.env/lib/python3.8/site-packages/airflow/example_dags/tutorial_taskflow_api.py
[2024-03-16T11:51:55.852+0500] {processor.py:830} INFO - Processing file /home/muhammadsami/Public/Projects/Airflow/DataPipelineswithApacheAirflow/.env/lib/python3.8/site-packages/airflow/example_dags/tutorial_taskflow_api.py for tasks to queue
[2024-03-16T11:51:55.853+0500] {logging_mixin.py:188} INFO - [2024-03-16T11:51:55.853+0500] {dagbag.py:540} INFO - Filling up the DagBag from /home/muhammadsami/Public/Projects/Airflow/DataPipelineswithApacheAirflow/.env/lib/python3.8/site-packages/airflow/example_dags/tutorial_taskflow_api.py
[2024-03-16T11:51:55.859+0500] {processor.py:840} INFO - DAG(s) 'tutorial_taskflow_api' retrieved from /home/muhammadsami/Public/Projects/Airflow/DataPipelineswithApacheAirflow/.env/lib/python3.8/site-packages/airflow/example_dags/tutorial_taskflow_api.py
[2024-03-16T11:51:55.872+0500] {logging_mixin.py:188} INFO - [2024-03-16T11:51:55.872+0500] {dag.py:3047} INFO - Sync 1 DAGs
[2024-03-16T11:51:55.882+0500] {logging_mixin.py:188} INFO - [2024-03-16T11:51:55.882+0500] {dag.py:3834} INFO - Setting next_dagrun for tutorial_taskflow_api to None, run_after=None
[2024-03-16T11:51:55.975+0500] {processor.py:183} INFO - Processing /home/muhammadsami/Public/Projects/Airflow/DataPipelineswithApacheAirflow/.env/lib/python3.8/site-packages/airflow/example_dags/tutorial_taskflow_api.py took 0.145 seconds
[2024-03-16T11:52:47.431+0500] {processor.py:161} INFO - Started process (PID=21497) to work on /home/muhammadsami/Public/Projects/Airflow/DataPipelineswithApacheAirflow/.env/lib/python3.8/site-packages/airflow/example_dags/tutorial_taskflow_api.py
[2024-03-16T11:52:47.433+0500] {processor.py:830} INFO - Processing file /home/muhammadsami/Public/Projects/Airflow/DataPipelineswithApacheAirflow/.env/lib/python3.8/site-packages/airflow/example_dags/tutorial_taskflow_api.py for tasks to queue
[2024-03-16T11:52:47.434+0500] {logging_mixin.py:188} INFO - [2024-03-16T11:52:47.433+0500] {dagbag.py:540} INFO - Filling up the DagBag from /home/muhammadsami/Public/Projects/Airflow/DataPipelineswithApacheAirflow/.env/lib/python3.8/site-packages/airflow/example_dags/tutorial_taskflow_api.py
[2024-03-16T11:52:47.441+0500] {processor.py:840} INFO - DAG(s) 'tutorial_taskflow_api' retrieved from /home/muhammadsami/Public/Projects/Airflow/DataPipelineswithApacheAirflow/.env/lib/python3.8/site-packages/airflow/example_dags/tutorial_taskflow_api.py
[2024-03-16T11:52:47.455+0500] {logging_mixin.py:188} INFO - [2024-03-16T11:52:47.455+0500] {dag.py:3047} INFO - Sync 1 DAGs
[2024-03-16T11:52:47.465+0500] {logging_mixin.py:188} INFO - [2024-03-16T11:52:47.465+0500] {dag.py:3834} INFO - Setting next_dagrun for tutorial_taskflow_api to None, run_after=None
[2024-03-16T11:52:47.563+0500] {processor.py:183} INFO - Processing /home/muhammadsami/Public/Projects/Airflow/DataPipelineswithApacheAirflow/.env/lib/python3.8/site-packages/airflow/example_dags/tutorial_taskflow_api.py took 0.134 seconds
[2024-03-16T11:53:39.941+0500] {processor.py:161} INFO - Started process (PID=21593) to work on /home/muhammadsami/Public/Projects/Airflow/DataPipelineswithApacheAirflow/.env/lib/python3.8/site-packages/airflow/example_dags/tutorial_taskflow_api.py
[2024-03-16T11:53:39.943+0500] {processor.py:830} INFO - Processing file /home/muhammadsami/Public/Projects/Airflow/DataPipelineswithApacheAirflow/.env/lib/python3.8/site-packages/airflow/example_dags/tutorial_taskflow_api.py for tasks to queue
[2024-03-16T11:53:39.944+0500] {logging_mixin.py:188} INFO - [2024-03-16T11:53:39.943+0500] {dagbag.py:540} INFO - Filling up the DagBag from /home/muhammadsami/Public/Projects/Airflow/DataPipelineswithApacheAirflow/.env/lib/python3.8/site-packages/airflow/example_dags/tutorial_taskflow_api.py
[2024-03-16T11:53:39.950+0500] {processor.py:840} INFO - DAG(s) 'tutorial_taskflow_api' retrieved from /home/muhammadsami/Public/Projects/Airflow/DataPipelineswithApacheAirflow/.env/lib/python3.8/site-packages/airflow/example_dags/tutorial_taskflow_api.py
[2024-03-16T11:53:39.963+0500] {logging_mixin.py:188} INFO - [2024-03-16T11:53:39.963+0500] {dag.py:3047} INFO - Sync 1 DAGs
[2024-03-16T11:53:39.972+0500] {logging_mixin.py:188} INFO - [2024-03-16T11:53:39.972+0500] {dag.py:3834} INFO - Setting next_dagrun for tutorial_taskflow_api to None, run_after=None
[2024-03-16T11:53:40.066+0500] {processor.py:183} INFO - Processing /home/muhammadsami/Public/Projects/Airflow/DataPipelineswithApacheAirflow/.env/lib/python3.8/site-packages/airflow/example_dags/tutorial_taskflow_api.py took 0.127 seconds
[2024-03-16T11:54:29.492+0500] {processor.py:161} INFO - Started process (PID=21689) to work on /home/muhammadsami/Public/Projects/Airflow/DataPipelineswithApacheAirflow/.env/lib/python3.8/site-packages/airflow/example_dags/tutorial_taskflow_api.py
[2024-03-16T11:54:29.493+0500] {processor.py:830} INFO - Processing file /home/muhammadsami/Public/Projects/Airflow/DataPipelineswithApacheAirflow/.env/lib/python3.8/site-packages/airflow/example_dags/tutorial_taskflow_api.py for tasks to queue
[2024-03-16T11:54:29.495+0500] {logging_mixin.py:188} INFO - [2024-03-16T11:54:29.494+0500] {dagbag.py:540} INFO - Filling up the DagBag from /home/muhammadsami/Public/Projects/Airflow/DataPipelineswithApacheAirflow/.env/lib/python3.8/site-packages/airflow/example_dags/tutorial_taskflow_api.py
[2024-03-16T11:54:29.502+0500] {processor.py:840} INFO - DAG(s) 'tutorial_taskflow_api' retrieved from /home/muhammadsami/Public/Projects/Airflow/DataPipelineswithApacheAirflow/.env/lib/python3.8/site-packages/airflow/example_dags/tutorial_taskflow_api.py
[2024-03-16T11:54:29.519+0500] {logging_mixin.py:188} INFO - [2024-03-16T11:54:29.518+0500] {dag.py:3047} INFO - Sync 1 DAGs
[2024-03-16T11:54:29.533+0500] {logging_mixin.py:188} INFO - [2024-03-16T11:54:29.533+0500] {dag.py:3834} INFO - Setting next_dagrun for tutorial_taskflow_api to None, run_after=None
[2024-03-16T11:54:29.621+0500] {processor.py:183} INFO - Processing /home/muhammadsami/Public/Projects/Airflow/DataPipelineswithApacheAirflow/.env/lib/python3.8/site-packages/airflow/example_dags/tutorial_taskflow_api.py took 0.134 seconds
[2024-03-16T11:55:20.486+0500] {processor.py:161} INFO - Started process (PID=21861) to work on /home/muhammadsami/Public/Projects/Airflow/DataPipelineswithApacheAirflow/.env/lib/python3.8/site-packages/airflow/example_dags/tutorial_taskflow_api.py
[2024-03-16T11:55:20.487+0500] {processor.py:830} INFO - Processing file /home/muhammadsami/Public/Projects/Airflow/DataPipelineswithApacheAirflow/.env/lib/python3.8/site-packages/airflow/example_dags/tutorial_taskflow_api.py for tasks to queue
[2024-03-16T11:55:20.488+0500] {logging_mixin.py:188} INFO - [2024-03-16T11:55:20.487+0500] {dagbag.py:540} INFO - Filling up the DagBag from /home/muhammadsami/Public/Projects/Airflow/DataPipelineswithApacheAirflow/.env/lib/python3.8/site-packages/airflow/example_dags/tutorial_taskflow_api.py
[2024-03-16T11:55:20.494+0500] {processor.py:840} INFO - DAG(s) 'tutorial_taskflow_api' retrieved from /home/muhammadsami/Public/Projects/Airflow/DataPipelineswithApacheAirflow/.env/lib/python3.8/site-packages/airflow/example_dags/tutorial_taskflow_api.py
[2024-03-16T11:55:20.510+0500] {logging_mixin.py:188} INFO - [2024-03-16T11:55:20.509+0500] {dag.py:3047} INFO - Sync 1 DAGs
[2024-03-16T11:55:20.522+0500] {logging_mixin.py:188} INFO - [2024-03-16T11:55:20.521+0500] {dag.py:3834} INFO - Setting next_dagrun for tutorial_taskflow_api to None, run_after=None
[2024-03-16T11:55:20.620+0500] {processor.py:183} INFO - Processing /home/muhammadsami/Public/Projects/Airflow/DataPipelineswithApacheAirflow/.env/lib/python3.8/site-packages/airflow/example_dags/tutorial_taskflow_api.py took 0.137 seconds
[2024-03-16T11:56:12.334+0500] {processor.py:161} INFO - Started process (PID=21931) to work on /home/muhammadsami/Public/Projects/Airflow/DataPipelineswithApacheAirflow/.env/lib/python3.8/site-packages/airflow/example_dags/tutorial_taskflow_api.py
[2024-03-16T11:56:12.335+0500] {processor.py:830} INFO - Processing file /home/muhammadsami/Public/Projects/Airflow/DataPipelineswithApacheAirflow/.env/lib/python3.8/site-packages/airflow/example_dags/tutorial_taskflow_api.py for tasks to queue
[2024-03-16T11:56:12.337+0500] {logging_mixin.py:188} INFO - [2024-03-16T11:56:12.336+0500] {dagbag.py:540} INFO - Filling up the DagBag from /home/muhammadsami/Public/Projects/Airflow/DataPipelineswithApacheAirflow/.env/lib/python3.8/site-packages/airflow/example_dags/tutorial_taskflow_api.py
[2024-03-16T11:56:12.343+0500] {processor.py:840} INFO - DAG(s) 'tutorial_taskflow_api' retrieved from /home/muhammadsami/Public/Projects/Airflow/DataPipelineswithApacheAirflow/.env/lib/python3.8/site-packages/airflow/example_dags/tutorial_taskflow_api.py
[2024-03-16T11:56:12.359+0500] {logging_mixin.py:188} INFO - [2024-03-16T11:56:12.359+0500] {dag.py:3047} INFO - Sync 1 DAGs
[2024-03-16T11:56:12.373+0500] {logging_mixin.py:188} INFO - [2024-03-16T11:56:12.372+0500] {dag.py:3834} INFO - Setting next_dagrun for tutorial_taskflow_api to None, run_after=None
[2024-03-16T11:56:12.487+0500] {processor.py:183} INFO - Processing /home/muhammadsami/Public/Projects/Airflow/DataPipelineswithApacheAirflow/.env/lib/python3.8/site-packages/airflow/example_dags/tutorial_taskflow_api.py took 0.156 seconds
[2024-03-16T11:57:01.133+0500] {processor.py:161} INFO - Started process (PID=21981) to work on /home/muhammadsami/Public/Projects/Airflow/DataPipelineswithApacheAirflow/.env/lib/python3.8/site-packages/airflow/example_dags/tutorial_taskflow_api.py
[2024-03-16T11:57:01.134+0500] {processor.py:830} INFO - Processing file /home/muhammadsami/Public/Projects/Airflow/DataPipelineswithApacheAirflow/.env/lib/python3.8/site-packages/airflow/example_dags/tutorial_taskflow_api.py for tasks to queue
[2024-03-16T11:57:01.135+0500] {logging_mixin.py:188} INFO - [2024-03-16T11:57:01.135+0500] {dagbag.py:540} INFO - Filling up the DagBag from /home/muhammadsami/Public/Projects/Airflow/DataPipelineswithApacheAirflow/.env/lib/python3.8/site-packages/airflow/example_dags/tutorial_taskflow_api.py
[2024-03-16T11:57:01.142+0500] {processor.py:840} INFO - DAG(s) 'tutorial_taskflow_api' retrieved from /home/muhammadsami/Public/Projects/Airflow/DataPipelineswithApacheAirflow/.env/lib/python3.8/site-packages/airflow/example_dags/tutorial_taskflow_api.py
[2024-03-16T11:57:01.156+0500] {logging_mixin.py:188} INFO - [2024-03-16T11:57:01.156+0500] {dag.py:3047} INFO - Sync 1 DAGs
[2024-03-16T11:57:01.167+0500] {logging_mixin.py:188} INFO - [2024-03-16T11:57:01.167+0500] {dag.py:3834} INFO - Setting next_dagrun for tutorial_taskflow_api to None, run_after=None
[2024-03-16T11:57:01.264+0500] {processor.py:183} INFO - Processing /home/muhammadsami/Public/Projects/Airflow/DataPipelineswithApacheAirflow/.env/lib/python3.8/site-packages/airflow/example_dags/tutorial_taskflow_api.py took 0.134 seconds
[2024-03-16T11:57:56.160+0500] {processor.py:161} INFO - Started process (PID=22035) to work on /home/muhammadsami/Public/Projects/Airflow/DataPipelineswithApacheAirflow/.env/lib/python3.8/site-packages/airflow/example_dags/tutorial_taskflow_api.py
[2024-03-16T11:57:56.171+0500] {processor.py:830} INFO - Processing file /home/muhammadsami/Public/Projects/Airflow/DataPipelineswithApacheAirflow/.env/lib/python3.8/site-packages/airflow/example_dags/tutorial_taskflow_api.py for tasks to queue
[2024-03-16T11:57:56.172+0500] {logging_mixin.py:188} INFO - [2024-03-16T11:57:56.171+0500] {dagbag.py:540} INFO - Filling up the DagBag from /home/muhammadsami/Public/Projects/Airflow/DataPipelineswithApacheAirflow/.env/lib/python3.8/site-packages/airflow/example_dags/tutorial_taskflow_api.py
[2024-03-16T11:57:56.177+0500] {processor.py:840} INFO - DAG(s) 'tutorial_taskflow_api' retrieved from /home/muhammadsami/Public/Projects/Airflow/DataPipelineswithApacheAirflow/.env/lib/python3.8/site-packages/airflow/example_dags/tutorial_taskflow_api.py
[2024-03-16T11:57:56.190+0500] {logging_mixin.py:188} INFO - [2024-03-16T11:57:56.190+0500] {dag.py:3047} INFO - Sync 1 DAGs
[2024-03-16T11:57:56.200+0500] {logging_mixin.py:188} INFO - [2024-03-16T11:57:56.200+0500] {dag.py:3834} INFO - Setting next_dagrun for tutorial_taskflow_api to None, run_after=None
[2024-03-16T11:57:56.287+0500] {processor.py:183} INFO - Processing /home/muhammadsami/Public/Projects/Airflow/DataPipelineswithApacheAirflow/.env/lib/python3.8/site-packages/airflow/example_dags/tutorial_taskflow_api.py took 0.129 seconds
[2024-03-16T11:58:45.956+0500] {processor.py:161} INFO - Started process (PID=22137) to work on /home/muhammadsami/Public/Projects/Airflow/DataPipelineswithApacheAirflow/.env/lib/python3.8/site-packages/airflow/example_dags/tutorial_taskflow_api.py
[2024-03-16T11:58:45.958+0500] {processor.py:830} INFO - Processing file /home/muhammadsami/Public/Projects/Airflow/DataPipelineswithApacheAirflow/.env/lib/python3.8/site-packages/airflow/example_dags/tutorial_taskflow_api.py for tasks to queue
[2024-03-16T11:58:45.959+0500] {logging_mixin.py:188} INFO - [2024-03-16T11:58:45.958+0500] {dagbag.py:540} INFO - Filling up the DagBag from /home/muhammadsami/Public/Projects/Airflow/DataPipelineswithApacheAirflow/.env/lib/python3.8/site-packages/airflow/example_dags/tutorial_taskflow_api.py
[2024-03-16T11:58:45.965+0500] {processor.py:840} INFO - DAG(s) 'tutorial_taskflow_api' retrieved from /home/muhammadsami/Public/Projects/Airflow/DataPipelineswithApacheAirflow/.env/lib/python3.8/site-packages/airflow/example_dags/tutorial_taskflow_api.py
[2024-03-16T11:58:45.980+0500] {logging_mixin.py:188} INFO - [2024-03-16T11:58:45.980+0500] {dag.py:3047} INFO - Sync 1 DAGs
[2024-03-16T11:58:45.990+0500] {logging_mixin.py:188} INFO - [2024-03-16T11:58:45.990+0500] {dag.py:3834} INFO - Setting next_dagrun for tutorial_taskflow_api to None, run_after=None
[2024-03-16T11:58:46.104+0500] {processor.py:183} INFO - Processing /home/muhammadsami/Public/Projects/Airflow/DataPipelineswithApacheAirflow/.env/lib/python3.8/site-packages/airflow/example_dags/tutorial_taskflow_api.py took 0.150 seconds
[2024-03-16T11:59:35.250+0500] {processor.py:161} INFO - Started process (PID=22260) to work on /home/muhammadsami/Public/Projects/Airflow/DataPipelineswithApacheAirflow/.env/lib/python3.8/site-packages/airflow/example_dags/tutorial_taskflow_api.py
[2024-03-16T11:59:35.260+0500] {processor.py:830} INFO - Processing file /home/muhammadsami/Public/Projects/Airflow/DataPipelineswithApacheAirflow/.env/lib/python3.8/site-packages/airflow/example_dags/tutorial_taskflow_api.py for tasks to queue
[2024-03-16T11:59:35.261+0500] {logging_mixin.py:188} INFO - [2024-03-16T11:59:35.260+0500] {dagbag.py:540} INFO - Filling up the DagBag from /home/muhammadsami/Public/Projects/Airflow/DataPipelineswithApacheAirflow/.env/lib/python3.8/site-packages/airflow/example_dags/tutorial_taskflow_api.py
[2024-03-16T11:59:35.267+0500] {processor.py:840} INFO - DAG(s) 'tutorial_taskflow_api' retrieved from /home/muhammadsami/Public/Projects/Airflow/DataPipelineswithApacheAirflow/.env/lib/python3.8/site-packages/airflow/example_dags/tutorial_taskflow_api.py
[2024-03-16T11:59:35.281+0500] {logging_mixin.py:188} INFO - [2024-03-16T11:59:35.280+0500] {dag.py:3047} INFO - Sync 1 DAGs
[2024-03-16T11:59:35.291+0500] {logging_mixin.py:188} INFO - [2024-03-16T11:59:35.291+0500] {dag.py:3834} INFO - Setting next_dagrun for tutorial_taskflow_api to None, run_after=None
[2024-03-16T11:59:35.408+0500] {processor.py:183} INFO - Processing /home/muhammadsami/Public/Projects/Airflow/DataPipelineswithApacheAirflow/.env/lib/python3.8/site-packages/airflow/example_dags/tutorial_taskflow_api.py took 0.161 seconds
[2024-03-16T12:00:27.740+0500] {processor.py:161} INFO - Started process (PID=22331) to work on /home/muhammadsami/Public/Projects/Airflow/DataPipelineswithApacheAirflow/.env/lib/python3.8/site-packages/airflow/example_dags/tutorial_taskflow_api.py
[2024-03-16T12:00:27.747+0500] {processor.py:830} INFO - Processing file /home/muhammadsami/Public/Projects/Airflow/DataPipelineswithApacheAirflow/.env/lib/python3.8/site-packages/airflow/example_dags/tutorial_taskflow_api.py for tasks to queue
[2024-03-16T12:00:27.748+0500] {logging_mixin.py:188} INFO - [2024-03-16T12:00:27.748+0500] {dagbag.py:540} INFO - Filling up the DagBag from /home/muhammadsami/Public/Projects/Airflow/DataPipelineswithApacheAirflow/.env/lib/python3.8/site-packages/airflow/example_dags/tutorial_taskflow_api.py
[2024-03-16T12:00:27.755+0500] {processor.py:840} INFO - DAG(s) 'tutorial_taskflow_api' retrieved from /home/muhammadsami/Public/Projects/Airflow/DataPipelineswithApacheAirflow/.env/lib/python3.8/site-packages/airflow/example_dags/tutorial_taskflow_api.py
[2024-03-16T12:00:27.768+0500] {logging_mixin.py:188} INFO - [2024-03-16T12:00:27.767+0500] {dag.py:3047} INFO - Sync 1 DAGs
[2024-03-16T12:00:27.777+0500] {logging_mixin.py:188} INFO - [2024-03-16T12:00:27.777+0500] {dag.py:3834} INFO - Setting next_dagrun for tutorial_taskflow_api to None, run_after=None
[2024-03-16T12:00:27.873+0500] {processor.py:183} INFO - Processing /home/muhammadsami/Public/Projects/Airflow/DataPipelineswithApacheAirflow/.env/lib/python3.8/site-packages/airflow/example_dags/tutorial_taskflow_api.py took 0.136 seconds
[2024-03-16T12:01:22.497+0500] {processor.py:161} INFO - Started process (PID=22383) to work on /home/muhammadsami/Public/Projects/Airflow/DataPipelineswithApacheAirflow/.env/lib/python3.8/site-packages/airflow/example_dags/tutorial_taskflow_api.py
[2024-03-16T12:01:22.514+0500] {processor.py:830} INFO - Processing file /home/muhammadsami/Public/Projects/Airflow/DataPipelineswithApacheAirflow/.env/lib/python3.8/site-packages/airflow/example_dags/tutorial_taskflow_api.py for tasks to queue
[2024-03-16T12:01:22.515+0500] {logging_mixin.py:188} INFO - [2024-03-16T12:01:22.515+0500] {dagbag.py:540} INFO - Filling up the DagBag from /home/muhammadsami/Public/Projects/Airflow/DataPipelineswithApacheAirflow/.env/lib/python3.8/site-packages/airflow/example_dags/tutorial_taskflow_api.py
[2024-03-16T12:01:22.520+0500] {processor.py:840} INFO - DAG(s) 'tutorial_taskflow_api' retrieved from /home/muhammadsami/Public/Projects/Airflow/DataPipelineswithApacheAirflow/.env/lib/python3.8/site-packages/airflow/example_dags/tutorial_taskflow_api.py
[2024-03-16T12:01:22.533+0500] {logging_mixin.py:188} INFO - [2024-03-16T12:01:22.533+0500] {dag.py:3047} INFO - Sync 1 DAGs
[2024-03-16T12:01:22.542+0500] {logging_mixin.py:188} INFO - [2024-03-16T12:01:22.542+0500] {dag.py:3834} INFO - Setting next_dagrun for tutorial_taskflow_api to None, run_after=None
[2024-03-16T12:01:22.636+0500] {processor.py:183} INFO - Processing /home/muhammadsami/Public/Projects/Airflow/DataPipelineswithApacheAirflow/.env/lib/python3.8/site-packages/airflow/example_dags/tutorial_taskflow_api.py took 0.140 seconds
