[2024-03-16T11:22:04.698+0500] {processor.py:161} INFO - Started process (PID=17916) to work on /home/muhammadsami/Public/Projects/Airflow/DataPipelineswithApacheAirflow/.env/lib/python3.8/site-packages/airflow/example_dags/tutorial_objectstorage.py
[2024-03-16T11:22:04.699+0500] {processor.py:830} INFO - Processing file /home/muhammadsami/Public/Projects/Airflow/DataPipelineswithApacheAirflow/.env/lib/python3.8/site-packages/airflow/example_dags/tutorial_objectstorage.py for tasks to queue
[2024-03-16T11:22:04.700+0500] {logging_mixin.py:188} INFO - [2024-03-16T11:22:04.700+0500] {dagbag.py:540} INFO - Filling up the DagBag from /home/muhammadsami/Public/Projects/Airflow/DataPipelineswithApacheAirflow/.env/lib/python3.8/site-packages/airflow/example_dags/tutorial_objectstorage.py
[2024-03-16T11:22:04.710+0500] {processor.py:840} INFO - DAG(s) 'tutorial_objectstorage' retrieved from /home/muhammadsami/Public/Projects/Airflow/DataPipelineswithApacheAirflow/.env/lib/python3.8/site-packages/airflow/example_dags/tutorial_objectstorage.py
[2024-03-16T11:22:05.047+0500] {logging_mixin.py:188} INFO - [2024-03-16T11:22:05.046+0500] {override.py:1769} INFO - Created Permission View: can edit on DAG:tutorial_objectstorage
[2024-03-16T11:22:05.137+0500] {logging_mixin.py:188} INFO - [2024-03-16T11:22:05.137+0500] {override.py:1769} INFO - Created Permission View: can delete on DAG:tutorial_objectstorage
[2024-03-16T11:22:05.228+0500] {logging_mixin.py:188} INFO - [2024-03-16T11:22:05.228+0500] {override.py:1769} INFO - Created Permission View: can read on DAG:tutorial_objectstorage
[2024-03-16T11:22:05.229+0500] {logging_mixin.py:188} INFO - [2024-03-16T11:22:05.228+0500] {dag.py:3047} INFO - Sync 1 DAGs
[2024-03-16T11:22:05.241+0500] {logging_mixin.py:188} INFO - [2024-03-16T11:22:05.241+0500] {dag.py:3069} INFO - Creating ORM DAG for tutorial_objectstorage
[2024-03-16T11:22:05.242+0500] {logging_mixin.py:188} INFO - [2024-03-16T11:22:05.242+0500] {dag.py:3834} INFO - Setting next_dagrun for tutorial_objectstorage to None, run_after=None
[2024-03-16T11:22:05.405+0500] {processor.py:183} INFO - Processing /home/muhammadsami/Public/Projects/Airflow/DataPipelineswithApacheAirflow/.env/lib/python3.8/site-packages/airflow/example_dags/tutorial_objectstorage.py took 0.710 seconds
[2024-03-16T11:23:44.373+0500] {processor.py:161} INFO - Started process (PID=18437) to work on /home/muhammadsami/Public/Projects/Airflow/DataPipelineswithApacheAirflow/.env/lib/python3.8/site-packages/airflow/example_dags/tutorial_objectstorage.py
[2024-03-16T11:23:44.374+0500] {processor.py:830} INFO - Processing file /home/muhammadsami/Public/Projects/Airflow/DataPipelineswithApacheAirflow/.env/lib/python3.8/site-packages/airflow/example_dags/tutorial_objectstorage.py for tasks to queue
[2024-03-16T11:23:44.375+0500] {logging_mixin.py:188} INFO - [2024-03-16T11:23:44.375+0500] {dagbag.py:540} INFO - Filling up the DagBag from /home/muhammadsami/Public/Projects/Airflow/DataPipelineswithApacheAirflow/.env/lib/python3.8/site-packages/airflow/example_dags/tutorial_objectstorage.py
[2024-03-16T11:23:44.382+0500] {processor.py:840} INFO - DAG(s) 'tutorial_objectstorage' retrieved from /home/muhammadsami/Public/Projects/Airflow/DataPipelineswithApacheAirflow/.env/lib/python3.8/site-packages/airflow/example_dags/tutorial_objectstorage.py
[2024-03-16T11:23:44.395+0500] {logging_mixin.py:188} INFO - [2024-03-16T11:23:44.394+0500] {dag.py:3047} INFO - Sync 1 DAGs
[2024-03-16T11:23:44.404+0500] {logging_mixin.py:188} INFO - [2024-03-16T11:23:44.404+0500] {dag.py:3834} INFO - Setting next_dagrun for tutorial_objectstorage to None, run_after=None
[2024-03-16T11:23:44.498+0500] {processor.py:183} INFO - Processing /home/muhammadsami/Public/Projects/Airflow/DataPipelineswithApacheAirflow/.env/lib/python3.8/site-packages/airflow/example_dags/tutorial_objectstorage.py took 0.128 seconds
[2024-03-16T11:24:24.132+0500] {processor.py:161} INFO - Started process (PID=18493) to work on /home/muhammadsami/Public/Projects/Airflow/DataPipelineswithApacheAirflow/.env/lib/python3.8/site-packages/airflow/example_dags/tutorial_objectstorage.py
[2024-03-16T11:24:24.134+0500] {processor.py:830} INFO - Processing file /home/muhammadsami/Public/Projects/Airflow/DataPipelineswithApacheAirflow/.env/lib/python3.8/site-packages/airflow/example_dags/tutorial_objectstorage.py for tasks to queue
[2024-03-16T11:24:24.136+0500] {logging_mixin.py:188} INFO - [2024-03-16T11:24:24.135+0500] {dagbag.py:540} INFO - Filling up the DagBag from /home/muhammadsami/Public/Projects/Airflow/DataPipelineswithApacheAirflow/.env/lib/python3.8/site-packages/airflow/example_dags/tutorial_objectstorage.py
[2024-03-16T11:24:24.142+0500] {processor.py:840} INFO - DAG(s) 'tutorial_objectstorage' retrieved from /home/muhammadsami/Public/Projects/Airflow/DataPipelineswithApacheAirflow/.env/lib/python3.8/site-packages/airflow/example_dags/tutorial_objectstorage.py
[2024-03-16T11:24:24.158+0500] {logging_mixin.py:188} INFO - [2024-03-16T11:24:24.158+0500] {dag.py:3047} INFO - Sync 1 DAGs
[2024-03-16T11:24:24.265+0500] {logging_mixin.py:188} INFO - [2024-03-16T11:24:24.265+0500] {dag.py:3834} INFO - Setting next_dagrun for tutorial_objectstorage to None, run_after=None
[2024-03-16T11:24:24.368+0500] {processor.py:183} INFO - Processing /home/muhammadsami/Public/Projects/Airflow/DataPipelineswithApacheAirflow/.env/lib/python3.8/site-packages/airflow/example_dags/tutorial_objectstorage.py took 0.239 seconds
[2024-03-16T11:25:17.994+0500] {processor.py:161} INFO - Started process (PID=18612) to work on /home/muhammadsami/Public/Projects/Airflow/DataPipelineswithApacheAirflow/.env/lib/python3.8/site-packages/airflow/example_dags/tutorial_objectstorage.py
[2024-03-16T11:25:17.996+0500] {processor.py:830} INFO - Processing file /home/muhammadsami/Public/Projects/Airflow/DataPipelineswithApacheAirflow/.env/lib/python3.8/site-packages/airflow/example_dags/tutorial_objectstorage.py for tasks to queue
[2024-03-16T11:25:17.997+0500] {logging_mixin.py:188} INFO - [2024-03-16T11:25:17.997+0500] {dagbag.py:540} INFO - Filling up the DagBag from /home/muhammadsami/Public/Projects/Airflow/DataPipelineswithApacheAirflow/.env/lib/python3.8/site-packages/airflow/example_dags/tutorial_objectstorage.py
[2024-03-16T11:25:18.005+0500] {processor.py:840} INFO - DAG(s) 'tutorial_objectstorage' retrieved from /home/muhammadsami/Public/Projects/Airflow/DataPipelineswithApacheAirflow/.env/lib/python3.8/site-packages/airflow/example_dags/tutorial_objectstorage.py
[2024-03-16T11:25:18.024+0500] {logging_mixin.py:188} INFO - [2024-03-16T11:25:18.023+0500] {dag.py:3047} INFO - Sync 1 DAGs
[2024-03-16T11:25:18.038+0500] {logging_mixin.py:188} INFO - [2024-03-16T11:25:18.038+0500] {dag.py:3834} INFO - Setting next_dagrun for tutorial_objectstorage to None, run_after=None
[2024-03-16T11:25:18.157+0500] {processor.py:183} INFO - Processing /home/muhammadsami/Public/Projects/Airflow/DataPipelineswithApacheAirflow/.env/lib/python3.8/site-packages/airflow/example_dags/tutorial_objectstorage.py took 0.167 seconds
[2024-03-16T11:26:07.527+0500] {processor.py:161} INFO - Started process (PID=18671) to work on /home/muhammadsami/Public/Projects/Airflow/DataPipelineswithApacheAirflow/.env/lib/python3.8/site-packages/airflow/example_dags/tutorial_objectstorage.py
[2024-03-16T11:26:07.545+0500] {processor.py:830} INFO - Processing file /home/muhammadsami/Public/Projects/Airflow/DataPipelineswithApacheAirflow/.env/lib/python3.8/site-packages/airflow/example_dags/tutorial_objectstorage.py for tasks to queue
[2024-03-16T11:26:07.546+0500] {logging_mixin.py:188} INFO - [2024-03-16T11:26:07.546+0500] {dagbag.py:540} INFO - Filling up the DagBag from /home/muhammadsami/Public/Projects/Airflow/DataPipelineswithApacheAirflow/.env/lib/python3.8/site-packages/airflow/example_dags/tutorial_objectstorage.py
[2024-03-16T11:26:07.552+0500] {processor.py:840} INFO - DAG(s) 'tutorial_objectstorage' retrieved from /home/muhammadsami/Public/Projects/Airflow/DataPipelineswithApacheAirflow/.env/lib/python3.8/site-packages/airflow/example_dags/tutorial_objectstorage.py
[2024-03-16T11:26:07.564+0500] {logging_mixin.py:188} INFO - [2024-03-16T11:26:07.564+0500] {dag.py:3047} INFO - Sync 1 DAGs
[2024-03-16T11:26:07.574+0500] {logging_mixin.py:188} INFO - [2024-03-16T11:26:07.573+0500] {dag.py:3834} INFO - Setting next_dagrun for tutorial_objectstorage to None, run_after=None
[2024-03-16T11:26:07.679+0500] {processor.py:183} INFO - Processing /home/muhammadsami/Public/Projects/Airflow/DataPipelineswithApacheAirflow/.env/lib/python3.8/site-packages/airflow/example_dags/tutorial_objectstorage.py took 0.154 seconds
[2024-03-16T11:26:59.172+0500] {processor.py:161} INFO - Started process (PID=18751) to work on /home/muhammadsami/Public/Projects/Airflow/DataPipelineswithApacheAirflow/.env/lib/python3.8/site-packages/airflow/example_dags/tutorial_objectstorage.py
[2024-03-16T11:26:59.173+0500] {processor.py:830} INFO - Processing file /home/muhammadsami/Public/Projects/Airflow/DataPipelineswithApacheAirflow/.env/lib/python3.8/site-packages/airflow/example_dags/tutorial_objectstorage.py for tasks to queue
[2024-03-16T11:26:59.174+0500] {logging_mixin.py:188} INFO - [2024-03-16T11:26:59.174+0500] {dagbag.py:540} INFO - Filling up the DagBag from /home/muhammadsami/Public/Projects/Airflow/DataPipelineswithApacheAirflow/.env/lib/python3.8/site-packages/airflow/example_dags/tutorial_objectstorage.py
[2024-03-16T11:26:59.181+0500] {processor.py:840} INFO - DAG(s) 'tutorial_objectstorage' retrieved from /home/muhammadsami/Public/Projects/Airflow/DataPipelineswithApacheAirflow/.env/lib/python3.8/site-packages/airflow/example_dags/tutorial_objectstorage.py
[2024-03-16T11:26:59.196+0500] {logging_mixin.py:188} INFO - [2024-03-16T11:26:59.195+0500] {dag.py:3047} INFO - Sync 1 DAGs
[2024-03-16T11:26:59.205+0500] {logging_mixin.py:188} INFO - [2024-03-16T11:26:59.205+0500] {dag.py:3834} INFO - Setting next_dagrun for tutorial_objectstorage to None, run_after=None
[2024-03-16T11:26:59.305+0500] {processor.py:183} INFO - Processing /home/muhammadsami/Public/Projects/Airflow/DataPipelineswithApacheAirflow/.env/lib/python3.8/site-packages/airflow/example_dags/tutorial_objectstorage.py took 0.135 seconds
[2024-03-16T11:27:46.971+0500] {processor.py:161} INFO - Started process (PID=18801) to work on /home/muhammadsami/Public/Projects/Airflow/DataPipelineswithApacheAirflow/.env/lib/python3.8/site-packages/airflow/example_dags/tutorial_objectstorage.py
[2024-03-16T11:27:46.972+0500] {processor.py:830} INFO - Processing file /home/muhammadsami/Public/Projects/Airflow/DataPipelineswithApacheAirflow/.env/lib/python3.8/site-packages/airflow/example_dags/tutorial_objectstorage.py for tasks to queue
[2024-03-16T11:27:46.973+0500] {logging_mixin.py:188} INFO - [2024-03-16T11:27:46.972+0500] {dagbag.py:540} INFO - Filling up the DagBag from /home/muhammadsami/Public/Projects/Airflow/DataPipelineswithApacheAirflow/.env/lib/python3.8/site-packages/airflow/example_dags/tutorial_objectstorage.py
[2024-03-16T11:27:46.980+0500] {processor.py:840} INFO - DAG(s) 'tutorial_objectstorage' retrieved from /home/muhammadsami/Public/Projects/Airflow/DataPipelineswithApacheAirflow/.env/lib/python3.8/site-packages/airflow/example_dags/tutorial_objectstorage.py
[2024-03-16T11:27:46.993+0500] {logging_mixin.py:188} INFO - [2024-03-16T11:27:46.992+0500] {dag.py:3047} INFO - Sync 1 DAGs
[2024-03-16T11:27:47.002+0500] {logging_mixin.py:188} INFO - [2024-03-16T11:27:47.002+0500] {dag.py:3834} INFO - Setting next_dagrun for tutorial_objectstorage to None, run_after=None
[2024-03-16T11:27:47.088+0500] {processor.py:183} INFO - Processing /home/muhammadsami/Public/Projects/Airflow/DataPipelineswithApacheAirflow/.env/lib/python3.8/site-packages/airflow/example_dags/tutorial_objectstorage.py took 0.120 seconds
[2024-03-16T11:28:32.798+0500] {processor.py:161} INFO - Started process (PID=18844) to work on /home/muhammadsami/Public/Projects/Airflow/DataPipelineswithApacheAirflow/.env/lib/python3.8/site-packages/airflow/example_dags/tutorial_objectstorage.py
[2024-03-16T11:28:32.799+0500] {processor.py:830} INFO - Processing file /home/muhammadsami/Public/Projects/Airflow/DataPipelineswithApacheAirflow/.env/lib/python3.8/site-packages/airflow/example_dags/tutorial_objectstorage.py for tasks to queue
[2024-03-16T11:28:32.801+0500] {logging_mixin.py:188} INFO - [2024-03-16T11:28:32.800+0500] {dagbag.py:540} INFO - Filling up the DagBag from /home/muhammadsami/Public/Projects/Airflow/DataPipelineswithApacheAirflow/.env/lib/python3.8/site-packages/airflow/example_dags/tutorial_objectstorage.py
[2024-03-16T11:28:32.809+0500] {processor.py:840} INFO - DAG(s) 'tutorial_objectstorage' retrieved from /home/muhammadsami/Public/Projects/Airflow/DataPipelineswithApacheAirflow/.env/lib/python3.8/site-packages/airflow/example_dags/tutorial_objectstorage.py
[2024-03-16T11:28:32.821+0500] {logging_mixin.py:188} INFO - [2024-03-16T11:28:32.821+0500] {dag.py:3047} INFO - Sync 1 DAGs
[2024-03-16T11:28:32.831+0500] {logging_mixin.py:188} INFO - [2024-03-16T11:28:32.831+0500] {dag.py:3834} INFO - Setting next_dagrun for tutorial_objectstorage to None, run_after=None
[2024-03-16T11:28:32.934+0500] {processor.py:183} INFO - Processing /home/muhammadsami/Public/Projects/Airflow/DataPipelineswithApacheAirflow/.env/lib/python3.8/site-packages/airflow/example_dags/tutorial_objectstorage.py took 0.138 seconds
[2024-03-16T11:29:22.690+0500] {processor.py:161} INFO - Started process (PID=18913) to work on /home/muhammadsami/Public/Projects/Airflow/DataPipelineswithApacheAirflow/.env/lib/python3.8/site-packages/airflow/example_dags/tutorial_objectstorage.py
[2024-03-16T11:29:22.691+0500] {processor.py:830} INFO - Processing file /home/muhammadsami/Public/Projects/Airflow/DataPipelineswithApacheAirflow/.env/lib/python3.8/site-packages/airflow/example_dags/tutorial_objectstorage.py for tasks to queue
[2024-03-16T11:29:22.692+0500] {logging_mixin.py:188} INFO - [2024-03-16T11:29:22.692+0500] {dagbag.py:540} INFO - Filling up the DagBag from /home/muhammadsami/Public/Projects/Airflow/DataPipelineswithApacheAirflow/.env/lib/python3.8/site-packages/airflow/example_dags/tutorial_objectstorage.py
[2024-03-16T11:29:22.699+0500] {processor.py:840} INFO - DAG(s) 'tutorial_objectstorage' retrieved from /home/muhammadsami/Public/Projects/Airflow/DataPipelineswithApacheAirflow/.env/lib/python3.8/site-packages/airflow/example_dags/tutorial_objectstorage.py
[2024-03-16T11:29:22.711+0500] {logging_mixin.py:188} INFO - [2024-03-16T11:29:22.711+0500] {dag.py:3047} INFO - Sync 1 DAGs
[2024-03-16T11:29:22.721+0500] {logging_mixin.py:188} INFO - [2024-03-16T11:29:22.721+0500] {dag.py:3834} INFO - Setting next_dagrun for tutorial_objectstorage to None, run_after=None
[2024-03-16T11:29:22.831+0500] {processor.py:183} INFO - Processing /home/muhammadsami/Public/Projects/Airflow/DataPipelineswithApacheAirflow/.env/lib/python3.8/site-packages/airflow/example_dags/tutorial_objectstorage.py took 0.144 seconds
[2024-03-16T11:30:14.966+0500] {processor.py:161} INFO - Started process (PID=18970) to work on /home/muhammadsami/Public/Projects/Airflow/DataPipelineswithApacheAirflow/.env/lib/python3.8/site-packages/airflow/example_dags/tutorial_objectstorage.py
[2024-03-16T11:30:14.969+0500] {processor.py:830} INFO - Processing file /home/muhammadsami/Public/Projects/Airflow/DataPipelineswithApacheAirflow/.env/lib/python3.8/site-packages/airflow/example_dags/tutorial_objectstorage.py for tasks to queue
[2024-03-16T11:30:14.971+0500] {logging_mixin.py:188} INFO - [2024-03-16T11:30:14.971+0500] {dagbag.py:540} INFO - Filling up the DagBag from /home/muhammadsami/Public/Projects/Airflow/DataPipelineswithApacheAirflow/.env/lib/python3.8/site-packages/airflow/example_dags/tutorial_objectstorage.py
[2024-03-16T11:30:14.982+0500] {processor.py:840} INFO - DAG(s) 'tutorial_objectstorage' retrieved from /home/muhammadsami/Public/Projects/Airflow/DataPipelineswithApacheAirflow/.env/lib/python3.8/site-packages/airflow/example_dags/tutorial_objectstorage.py
[2024-03-16T11:30:14.997+0500] {logging_mixin.py:188} INFO - [2024-03-16T11:30:14.997+0500] {dag.py:3047} INFO - Sync 1 DAGs
[2024-03-16T11:30:15.007+0500] {logging_mixin.py:188} INFO - [2024-03-16T11:30:15.006+0500] {dag.py:3834} INFO - Setting next_dagrun for tutorial_objectstorage to None, run_after=None
[2024-03-16T11:30:15.102+0500] {processor.py:183} INFO - Processing /home/muhammadsami/Public/Projects/Airflow/DataPipelineswithApacheAirflow/.env/lib/python3.8/site-packages/airflow/example_dags/tutorial_objectstorage.py took 0.140 seconds
[2024-03-16T11:38:28.025+0500] {processor.py:161} INFO - Started process (PID=19349) to work on /home/muhammadsami/Public/Projects/Airflow/DataPipelineswithApacheAirflow/.env/lib/python3.8/site-packages/airflow/example_dags/tutorial_objectstorage.py
[2024-03-16T11:38:28.034+0500] {processor.py:830} INFO - Processing file /home/muhammadsami/Public/Projects/Airflow/DataPipelineswithApacheAirflow/.env/lib/python3.8/site-packages/airflow/example_dags/tutorial_objectstorage.py for tasks to queue
[2024-03-16T11:38:28.036+0500] {logging_mixin.py:188} INFO - [2024-03-16T11:38:28.035+0500] {dagbag.py:540} INFO - Filling up the DagBag from /home/muhammadsami/Public/Projects/Airflow/DataPipelineswithApacheAirflow/.env/lib/python3.8/site-packages/airflow/example_dags/tutorial_objectstorage.py
[2024-03-16T11:38:28.049+0500] {processor.py:840} INFO - DAG(s) 'tutorial_objectstorage' retrieved from /home/muhammadsami/Public/Projects/Airflow/DataPipelineswithApacheAirflow/.env/lib/python3.8/site-packages/airflow/example_dags/tutorial_objectstorage.py
[2024-03-16T11:38:28.247+0500] {logging_mixin.py:188} INFO - [2024-03-16T11:38:28.240+0500] {dag.py:3047} INFO - Sync 1 DAGs
[2024-03-16T11:38:28.329+0500] {logging_mixin.py:188} INFO - [2024-03-16T11:38:28.328+0500] {dag.py:3834} INFO - Setting next_dagrun for tutorial_objectstorage to None, run_after=None
[2024-03-16T11:38:28.513+0500] {processor.py:183} INFO - Processing /home/muhammadsami/Public/Projects/Airflow/DataPipelineswithApacheAirflow/.env/lib/python3.8/site-packages/airflow/example_dags/tutorial_objectstorage.py took 0.493 seconds
[2024-03-16T11:39:35.757+0500] {processor.py:161} INFO - Started process (PID=19730) to work on /home/muhammadsami/Public/Projects/Airflow/DataPipelineswithApacheAirflow/.env/lib/python3.8/site-packages/airflow/example_dags/tutorial_objectstorage.py
[2024-03-16T11:39:35.769+0500] {processor.py:830} INFO - Processing file /home/muhammadsami/Public/Projects/Airflow/DataPipelineswithApacheAirflow/.env/lib/python3.8/site-packages/airflow/example_dags/tutorial_objectstorage.py for tasks to queue
[2024-03-16T11:39:35.770+0500] {logging_mixin.py:188} INFO - [2024-03-16T11:39:35.770+0500] {dagbag.py:540} INFO - Filling up the DagBag from /home/muhammadsami/Public/Projects/Airflow/DataPipelineswithApacheAirflow/.env/lib/python3.8/site-packages/airflow/example_dags/tutorial_objectstorage.py
[2024-03-16T11:39:35.778+0500] {processor.py:840} INFO - DAG(s) 'tutorial_objectstorage' retrieved from /home/muhammadsami/Public/Projects/Airflow/DataPipelineswithApacheAirflow/.env/lib/python3.8/site-packages/airflow/example_dags/tutorial_objectstorage.py
[2024-03-16T11:39:36.024+0500] {logging_mixin.py:188} INFO - [2024-03-16T11:39:36.024+0500] {dag.py:3047} INFO - Sync 1 DAGs
[2024-03-16T11:39:36.043+0500] {logging_mixin.py:188} INFO - [2024-03-16T11:39:36.043+0500] {dag.py:3834} INFO - Setting next_dagrun for tutorial_objectstorage to None, run_after=None
[2024-03-16T11:39:36.211+0500] {processor.py:183} INFO - Processing /home/muhammadsami/Public/Projects/Airflow/DataPipelineswithApacheAirflow/.env/lib/python3.8/site-packages/airflow/example_dags/tutorial_objectstorage.py took 0.457 seconds
[2024-03-16T11:40:40.210+0500] {processor.py:161} INFO - Started process (PID=19969) to work on /home/muhammadsami/Public/Projects/Airflow/DataPipelineswithApacheAirflow/.env/lib/python3.8/site-packages/airflow/example_dags/tutorial_objectstorage.py
[2024-03-16T11:40:40.211+0500] {processor.py:830} INFO - Processing file /home/muhammadsami/Public/Projects/Airflow/DataPipelineswithApacheAirflow/.env/lib/python3.8/site-packages/airflow/example_dags/tutorial_objectstorage.py for tasks to queue
[2024-03-16T11:40:40.212+0500] {logging_mixin.py:188} INFO - [2024-03-16T11:40:40.212+0500] {dagbag.py:540} INFO - Filling up the DagBag from /home/muhammadsami/Public/Projects/Airflow/DataPipelineswithApacheAirflow/.env/lib/python3.8/site-packages/airflow/example_dags/tutorial_objectstorage.py
[2024-03-16T11:40:40.219+0500] {processor.py:840} INFO - DAG(s) 'tutorial_objectstorage' retrieved from /home/muhammadsami/Public/Projects/Airflow/DataPipelineswithApacheAirflow/.env/lib/python3.8/site-packages/airflow/example_dags/tutorial_objectstorage.py
[2024-03-16T11:40:40.316+0500] {logging_mixin.py:188} INFO - [2024-03-16T11:40:40.316+0500] {dag.py:3047} INFO - Sync 1 DAGs
[2024-03-16T11:40:40.324+0500] {logging_mixin.py:188} INFO - [2024-03-16T11:40:40.324+0500] {dag.py:3834} INFO - Setting next_dagrun for tutorial_objectstorage to None, run_after=None
[2024-03-16T11:40:40.413+0500] {processor.py:183} INFO - Processing /home/muhammadsami/Public/Projects/Airflow/DataPipelineswithApacheAirflow/.env/lib/python3.8/site-packages/airflow/example_dags/tutorial_objectstorage.py took 0.205 seconds
[2024-03-16T11:41:20.589+0500] {processor.py:161} INFO - Started process (PID=20181) to work on /home/muhammadsami/Public/Projects/Airflow/DataPipelineswithApacheAirflow/.env/lib/python3.8/site-packages/airflow/example_dags/tutorial_objectstorage.py
[2024-03-16T11:41:20.679+0500] {processor.py:830} INFO - Processing file /home/muhammadsami/Public/Projects/Airflow/DataPipelineswithApacheAirflow/.env/lib/python3.8/site-packages/airflow/example_dags/tutorial_objectstorage.py for tasks to queue
[2024-03-16T11:41:20.680+0500] {logging_mixin.py:188} INFO - [2024-03-16T11:41:20.680+0500] {dagbag.py:540} INFO - Filling up the DagBag from /home/muhammadsami/Public/Projects/Airflow/DataPipelineswithApacheAirflow/.env/lib/python3.8/site-packages/airflow/example_dags/tutorial_objectstorage.py
[2024-03-16T11:41:20.689+0500] {processor.py:840} INFO - DAG(s) 'tutorial_objectstorage' retrieved from /home/muhammadsami/Public/Projects/Airflow/DataPipelineswithApacheAirflow/.env/lib/python3.8/site-packages/airflow/example_dags/tutorial_objectstorage.py
[2024-03-16T11:41:20.706+0500] {logging_mixin.py:188} INFO - [2024-03-16T11:41:20.706+0500] {dag.py:3047} INFO - Sync 1 DAGs
[2024-03-16T11:41:20.720+0500] {logging_mixin.py:188} INFO - [2024-03-16T11:41:20.720+0500] {dag.py:3834} INFO - Setting next_dagrun for tutorial_objectstorage to None, run_after=None
[2024-03-16T11:41:21.050+0500] {processor.py:183} INFO - Processing /home/muhammadsami/Public/Projects/Airflow/DataPipelineswithApacheAirflow/.env/lib/python3.8/site-packages/airflow/example_dags/tutorial_objectstorage.py took 0.464 seconds
[2024-03-16T11:41:59.609+0500] {processor.py:161} INFO - Started process (PID=20224) to work on /home/muhammadsami/Public/Projects/Airflow/DataPipelineswithApacheAirflow/.env/lib/python3.8/site-packages/airflow/example_dags/tutorial_objectstorage.py
[2024-03-16T11:41:59.611+0500] {processor.py:830} INFO - Processing file /home/muhammadsami/Public/Projects/Airflow/DataPipelineswithApacheAirflow/.env/lib/python3.8/site-packages/airflow/example_dags/tutorial_objectstorage.py for tasks to queue
[2024-03-16T11:41:59.612+0500] {logging_mixin.py:188} INFO - [2024-03-16T11:41:59.611+0500] {dagbag.py:540} INFO - Filling up the DagBag from /home/muhammadsami/Public/Projects/Airflow/DataPipelineswithApacheAirflow/.env/lib/python3.8/site-packages/airflow/example_dags/tutorial_objectstorage.py
[2024-03-16T11:41:59.619+0500] {processor.py:840} INFO - DAG(s) 'tutorial_objectstorage' retrieved from /home/muhammadsami/Public/Projects/Airflow/DataPipelineswithApacheAirflow/.env/lib/python3.8/site-packages/airflow/example_dags/tutorial_objectstorage.py
[2024-03-16T11:41:59.632+0500] {logging_mixin.py:188} INFO - [2024-03-16T11:41:59.631+0500] {dag.py:3047} INFO - Sync 1 DAGs
[2024-03-16T11:41:59.641+0500] {logging_mixin.py:188} INFO - [2024-03-16T11:41:59.641+0500] {dag.py:3834} INFO - Setting next_dagrun for tutorial_objectstorage to None, run_after=None
[2024-03-16T11:41:59.731+0500] {processor.py:183} INFO - Processing /home/muhammadsami/Public/Projects/Airflow/DataPipelineswithApacheAirflow/.env/lib/python3.8/site-packages/airflow/example_dags/tutorial_objectstorage.py took 0.124 seconds
[2024-03-16T11:42:50.799+0500] {processor.py:161} INFO - Started process (PID=20284) to work on /home/muhammadsami/Public/Projects/Airflow/DataPipelineswithApacheAirflow/.env/lib/python3.8/site-packages/airflow/example_dags/tutorial_objectstorage.py
[2024-03-16T11:42:50.800+0500] {processor.py:830} INFO - Processing file /home/muhammadsami/Public/Projects/Airflow/DataPipelineswithApacheAirflow/.env/lib/python3.8/site-packages/airflow/example_dags/tutorial_objectstorage.py for tasks to queue
[2024-03-16T11:42:50.801+0500] {logging_mixin.py:188} INFO - [2024-03-16T11:42:50.801+0500] {dagbag.py:540} INFO - Filling up the DagBag from /home/muhammadsami/Public/Projects/Airflow/DataPipelineswithApacheAirflow/.env/lib/python3.8/site-packages/airflow/example_dags/tutorial_objectstorage.py
[2024-03-16T11:42:50.808+0500] {processor.py:840} INFO - DAG(s) 'tutorial_objectstorage' retrieved from /home/muhammadsami/Public/Projects/Airflow/DataPipelineswithApacheAirflow/.env/lib/python3.8/site-packages/airflow/example_dags/tutorial_objectstorage.py
[2024-03-16T11:42:50.820+0500] {logging_mixin.py:188} INFO - [2024-03-16T11:42:50.820+0500] {dag.py:3047} INFO - Sync 1 DAGs
[2024-03-16T11:42:50.830+0500] {logging_mixin.py:188} INFO - [2024-03-16T11:42:50.830+0500] {dag.py:3834} INFO - Setting next_dagrun for tutorial_objectstorage to None, run_after=None
[2024-03-16T11:42:50.914+0500] {processor.py:183} INFO - Processing /home/muhammadsami/Public/Projects/Airflow/DataPipelineswithApacheAirflow/.env/lib/python3.8/site-packages/airflow/example_dags/tutorial_objectstorage.py took 0.118 seconds
[2024-03-16T11:43:38.446+0500] {processor.py:161} INFO - Started process (PID=20357) to work on /home/muhammadsami/Public/Projects/Airflow/DataPipelineswithApacheAirflow/.env/lib/python3.8/site-packages/airflow/example_dags/tutorial_objectstorage.py
[2024-03-16T11:43:38.468+0500] {processor.py:830} INFO - Processing file /home/muhammadsami/Public/Projects/Airflow/DataPipelineswithApacheAirflow/.env/lib/python3.8/site-packages/airflow/example_dags/tutorial_objectstorage.py for tasks to queue
[2024-03-16T11:43:38.468+0500] {logging_mixin.py:188} INFO - [2024-03-16T11:43:38.468+0500] {dagbag.py:540} INFO - Filling up the DagBag from /home/muhammadsami/Public/Projects/Airflow/DataPipelineswithApacheAirflow/.env/lib/python3.8/site-packages/airflow/example_dags/tutorial_objectstorage.py
[2024-03-16T11:43:38.474+0500] {processor.py:840} INFO - DAG(s) 'tutorial_objectstorage' retrieved from /home/muhammadsami/Public/Projects/Airflow/DataPipelineswithApacheAirflow/.env/lib/python3.8/site-packages/airflow/example_dags/tutorial_objectstorage.py
[2024-03-16T11:43:38.487+0500] {logging_mixin.py:188} INFO - [2024-03-16T11:43:38.487+0500] {dag.py:3047} INFO - Sync 1 DAGs
[2024-03-16T11:43:38.497+0500] {logging_mixin.py:188} INFO - [2024-03-16T11:43:38.497+0500] {dag.py:3834} INFO - Setting next_dagrun for tutorial_objectstorage to None, run_after=None
[2024-03-16T11:43:38.587+0500] {processor.py:183} INFO - Processing /home/muhammadsami/Public/Projects/Airflow/DataPipelineswithApacheAirflow/.env/lib/python3.8/site-packages/airflow/example_dags/tutorial_objectstorage.py took 0.143 seconds
[2024-03-16T11:44:27.109+0500] {processor.py:161} INFO - Started process (PID=20407) to work on /home/muhammadsami/Public/Projects/Airflow/DataPipelineswithApacheAirflow/.env/lib/python3.8/site-packages/airflow/example_dags/tutorial_objectstorage.py
[2024-03-16T11:44:27.111+0500] {processor.py:830} INFO - Processing file /home/muhammadsami/Public/Projects/Airflow/DataPipelineswithApacheAirflow/.env/lib/python3.8/site-packages/airflow/example_dags/tutorial_objectstorage.py for tasks to queue
[2024-03-16T11:44:27.112+0500] {logging_mixin.py:188} INFO - [2024-03-16T11:44:27.111+0500] {dagbag.py:540} INFO - Filling up the DagBag from /home/muhammadsami/Public/Projects/Airflow/DataPipelineswithApacheAirflow/.env/lib/python3.8/site-packages/airflow/example_dags/tutorial_objectstorage.py
[2024-03-16T11:44:27.123+0500] {processor.py:840} INFO - DAG(s) 'tutorial_objectstorage' retrieved from /home/muhammadsami/Public/Projects/Airflow/DataPipelineswithApacheAirflow/.env/lib/python3.8/site-packages/airflow/example_dags/tutorial_objectstorage.py
[2024-03-16T11:44:27.140+0500] {logging_mixin.py:188} INFO - [2024-03-16T11:44:27.140+0500] {dag.py:3047} INFO - Sync 1 DAGs
[2024-03-16T11:44:27.154+0500] {logging_mixin.py:188} INFO - [2024-03-16T11:44:27.154+0500] {dag.py:3834} INFO - Setting next_dagrun for tutorial_objectstorage to None, run_after=None
[2024-03-16T11:44:27.244+0500] {processor.py:183} INFO - Processing /home/muhammadsami/Public/Projects/Airflow/DataPipelineswithApacheAirflow/.env/lib/python3.8/site-packages/airflow/example_dags/tutorial_objectstorage.py took 0.137 seconds
[2024-03-16T11:45:30.018+0500] {processor.py:161} INFO - Started process (PID=20818) to work on /home/muhammadsami/Public/Projects/Airflow/DataPipelineswithApacheAirflow/.env/lib/python3.8/site-packages/airflow/example_dags/tutorial_objectstorage.py
[2024-03-16T11:45:30.019+0500] {processor.py:830} INFO - Processing file /home/muhammadsami/Public/Projects/Airflow/DataPipelineswithApacheAirflow/.env/lib/python3.8/site-packages/airflow/example_dags/tutorial_objectstorage.py for tasks to queue
[2024-03-16T11:45:30.020+0500] {logging_mixin.py:188} INFO - [2024-03-16T11:45:30.020+0500] {dagbag.py:540} INFO - Filling up the DagBag from /home/muhammadsami/Public/Projects/Airflow/DataPipelineswithApacheAirflow/.env/lib/python3.8/site-packages/airflow/example_dags/tutorial_objectstorage.py
[2024-03-16T11:45:30.027+0500] {processor.py:840} INFO - DAG(s) 'tutorial_objectstorage' retrieved from /home/muhammadsami/Public/Projects/Airflow/DataPipelineswithApacheAirflow/.env/lib/python3.8/site-packages/airflow/example_dags/tutorial_objectstorage.py
[2024-03-16T11:45:30.040+0500] {logging_mixin.py:188} INFO - [2024-03-16T11:45:30.039+0500] {dag.py:3047} INFO - Sync 1 DAGs
[2024-03-16T11:45:30.050+0500] {logging_mixin.py:188} INFO - [2024-03-16T11:45:30.049+0500] {dag.py:3834} INFO - Setting next_dagrun for tutorial_objectstorage to None, run_after=None
[2024-03-16T11:45:30.148+0500] {processor.py:183} INFO - Processing /home/muhammadsami/Public/Projects/Airflow/DataPipelineswithApacheAirflow/.env/lib/python3.8/site-packages/airflow/example_dags/tutorial_objectstorage.py took 0.133 seconds
[2024-03-16T11:46:06.935+0500] {processor.py:161} INFO - Started process (PID=20854) to work on /home/muhammadsami/Public/Projects/Airflow/DataPipelineswithApacheAirflow/.env/lib/python3.8/site-packages/airflow/example_dags/tutorial_objectstorage.py
[2024-03-16T11:46:06.940+0500] {processor.py:830} INFO - Processing file /home/muhammadsami/Public/Projects/Airflow/DataPipelineswithApacheAirflow/.env/lib/python3.8/site-packages/airflow/example_dags/tutorial_objectstorage.py for tasks to queue
[2024-03-16T11:46:06.943+0500] {logging_mixin.py:188} INFO - [2024-03-16T11:46:06.942+0500] {dagbag.py:540} INFO - Filling up the DagBag from /home/muhammadsami/Public/Projects/Airflow/DataPipelineswithApacheAirflow/.env/lib/python3.8/site-packages/airflow/example_dags/tutorial_objectstorage.py
[2024-03-16T11:46:06.959+0500] {processor.py:840} INFO - DAG(s) 'tutorial_objectstorage' retrieved from /home/muhammadsami/Public/Projects/Airflow/DataPipelineswithApacheAirflow/.env/lib/python3.8/site-packages/airflow/example_dags/tutorial_objectstorage.py
[2024-03-16T11:46:06.987+0500] {logging_mixin.py:188} INFO - [2024-03-16T11:46:06.986+0500] {dag.py:3047} INFO - Sync 1 DAGs
[2024-03-16T11:46:07.014+0500] {logging_mixin.py:188} INFO - [2024-03-16T11:46:07.014+0500] {dag.py:3834} INFO - Setting next_dagrun for tutorial_objectstorage to None, run_after=None
[2024-03-16T11:46:07.145+0500] {processor.py:183} INFO - Processing /home/muhammadsami/Public/Projects/Airflow/DataPipelineswithApacheAirflow/.env/lib/python3.8/site-packages/airflow/example_dags/tutorial_objectstorage.py took 0.215 seconds
[2024-03-16T11:46:58.197+0500] {processor.py:161} INFO - Started process (PID=20910) to work on /home/muhammadsami/Public/Projects/Airflow/DataPipelineswithApacheAirflow/.env/lib/python3.8/site-packages/airflow/example_dags/tutorial_objectstorage.py
[2024-03-16T11:46:58.200+0500] {processor.py:830} INFO - Processing file /home/muhammadsami/Public/Projects/Airflow/DataPipelineswithApacheAirflow/.env/lib/python3.8/site-packages/airflow/example_dags/tutorial_objectstorage.py for tasks to queue
[2024-03-16T11:46:58.202+0500] {logging_mixin.py:188} INFO - [2024-03-16T11:46:58.201+0500] {dagbag.py:540} INFO - Filling up the DagBag from /home/muhammadsami/Public/Projects/Airflow/DataPipelineswithApacheAirflow/.env/lib/python3.8/site-packages/airflow/example_dags/tutorial_objectstorage.py
[2024-03-16T11:46:58.213+0500] {processor.py:840} INFO - DAG(s) 'tutorial_objectstorage' retrieved from /home/muhammadsami/Public/Projects/Airflow/DataPipelineswithApacheAirflow/.env/lib/python3.8/site-packages/airflow/example_dags/tutorial_objectstorage.py
[2024-03-16T11:46:58.239+0500] {logging_mixin.py:188} INFO - [2024-03-16T11:46:58.239+0500] {dag.py:3047} INFO - Sync 1 DAGs
[2024-03-16T11:46:58.259+0500] {logging_mixin.py:188} INFO - [2024-03-16T11:46:58.259+0500] {dag.py:3834} INFO - Setting next_dagrun for tutorial_objectstorage to None, run_after=None
[2024-03-16T11:46:58.371+0500] {processor.py:183} INFO - Processing /home/muhammadsami/Public/Projects/Airflow/DataPipelineswithApacheAirflow/.env/lib/python3.8/site-packages/airflow/example_dags/tutorial_objectstorage.py took 0.180 seconds
[2024-03-16T11:47:49.338+0500] {processor.py:161} INFO - Started process (PID=20988) to work on /home/muhammadsami/Public/Projects/Airflow/DataPipelineswithApacheAirflow/.env/lib/python3.8/site-packages/airflow/example_dags/tutorial_objectstorage.py
[2024-03-16T11:47:49.354+0500] {processor.py:830} INFO - Processing file /home/muhammadsami/Public/Projects/Airflow/DataPipelineswithApacheAirflow/.env/lib/python3.8/site-packages/airflow/example_dags/tutorial_objectstorage.py for tasks to queue
[2024-03-16T11:47:49.355+0500] {logging_mixin.py:188} INFO - [2024-03-16T11:47:49.354+0500] {dagbag.py:540} INFO - Filling up the DagBag from /home/muhammadsami/Public/Projects/Airflow/DataPipelineswithApacheAirflow/.env/lib/python3.8/site-packages/airflow/example_dags/tutorial_objectstorage.py
[2024-03-16T11:47:49.364+0500] {processor.py:840} INFO - DAG(s) 'tutorial_objectstorage' retrieved from /home/muhammadsami/Public/Projects/Airflow/DataPipelineswithApacheAirflow/.env/lib/python3.8/site-packages/airflow/example_dags/tutorial_objectstorage.py
[2024-03-16T11:47:49.378+0500] {logging_mixin.py:188} INFO - [2024-03-16T11:47:49.377+0500] {dag.py:3047} INFO - Sync 1 DAGs
[2024-03-16T11:47:49.387+0500] {logging_mixin.py:188} INFO - [2024-03-16T11:47:49.387+0500] {dag.py:3834} INFO - Setting next_dagrun for tutorial_objectstorage to None, run_after=None
[2024-03-16T11:47:49.475+0500] {processor.py:183} INFO - Processing /home/muhammadsami/Public/Projects/Airflow/DataPipelineswithApacheAirflow/.env/lib/python3.8/site-packages/airflow/example_dags/tutorial_objectstorage.py took 0.141 seconds
[2024-03-16T11:48:36.128+0500] {processor.py:161} INFO - Started process (PID=21063) to work on /home/muhammadsami/Public/Projects/Airflow/DataPipelineswithApacheAirflow/.env/lib/python3.8/site-packages/airflow/example_dags/tutorial_objectstorage.py
[2024-03-16T11:48:36.129+0500] {processor.py:830} INFO - Processing file /home/muhammadsami/Public/Projects/Airflow/DataPipelineswithApacheAirflow/.env/lib/python3.8/site-packages/airflow/example_dags/tutorial_objectstorage.py for tasks to queue
[2024-03-16T11:48:36.130+0500] {logging_mixin.py:188} INFO - [2024-03-16T11:48:36.130+0500] {dagbag.py:540} INFO - Filling up the DagBag from /home/muhammadsami/Public/Projects/Airflow/DataPipelineswithApacheAirflow/.env/lib/python3.8/site-packages/airflow/example_dags/tutorial_objectstorage.py
[2024-03-16T11:48:36.136+0500] {processor.py:840} INFO - DAG(s) 'tutorial_objectstorage' retrieved from /home/muhammadsami/Public/Projects/Airflow/DataPipelineswithApacheAirflow/.env/lib/python3.8/site-packages/airflow/example_dags/tutorial_objectstorage.py
[2024-03-16T11:48:36.152+0500] {logging_mixin.py:188} INFO - [2024-03-16T11:48:36.151+0500] {dag.py:3047} INFO - Sync 1 DAGs
[2024-03-16T11:48:36.162+0500] {logging_mixin.py:188} INFO - [2024-03-16T11:48:36.162+0500] {dag.py:3834} INFO - Setting next_dagrun for tutorial_objectstorage to None, run_after=None
[2024-03-16T11:48:36.258+0500] {processor.py:183} INFO - Processing /home/muhammadsami/Public/Projects/Airflow/DataPipelineswithApacheAirflow/.env/lib/python3.8/site-packages/airflow/example_dags/tutorial_objectstorage.py took 0.132 seconds
[2024-03-16T11:49:24.423+0500] {processor.py:161} INFO - Started process (PID=21108) to work on /home/muhammadsami/Public/Projects/Airflow/DataPipelineswithApacheAirflow/.env/lib/python3.8/site-packages/airflow/example_dags/tutorial_objectstorage.py
[2024-03-16T11:49:24.436+0500] {processor.py:830} INFO - Processing file /home/muhammadsami/Public/Projects/Airflow/DataPipelineswithApacheAirflow/.env/lib/python3.8/site-packages/airflow/example_dags/tutorial_objectstorage.py for tasks to queue
[2024-03-16T11:49:24.437+0500] {logging_mixin.py:188} INFO - [2024-03-16T11:49:24.437+0500] {dagbag.py:540} INFO - Filling up the DagBag from /home/muhammadsami/Public/Projects/Airflow/DataPipelineswithApacheAirflow/.env/lib/python3.8/site-packages/airflow/example_dags/tutorial_objectstorage.py
[2024-03-16T11:49:24.445+0500] {processor.py:840} INFO - DAG(s) 'tutorial_objectstorage' retrieved from /home/muhammadsami/Public/Projects/Airflow/DataPipelineswithApacheAirflow/.env/lib/python3.8/site-packages/airflow/example_dags/tutorial_objectstorage.py
[2024-03-16T11:49:24.462+0500] {logging_mixin.py:188} INFO - [2024-03-16T11:49:24.461+0500] {dag.py:3047} INFO - Sync 1 DAGs
[2024-03-16T11:49:24.473+0500] {logging_mixin.py:188} INFO - [2024-03-16T11:49:24.472+0500] {dag.py:3834} INFO - Setting next_dagrun for tutorial_objectstorage to None, run_after=None
[2024-03-16T11:49:24.569+0500] {processor.py:183} INFO - Processing /home/muhammadsami/Public/Projects/Airflow/DataPipelineswithApacheAirflow/.env/lib/python3.8/site-packages/airflow/example_dags/tutorial_objectstorage.py took 0.150 seconds
[2024-03-16T11:50:13.734+0500] {processor.py:161} INFO - Started process (PID=21152) to work on /home/muhammadsami/Public/Projects/Airflow/DataPipelineswithApacheAirflow/.env/lib/python3.8/site-packages/airflow/example_dags/tutorial_objectstorage.py
[2024-03-16T11:50:13.749+0500] {processor.py:830} INFO - Processing file /home/muhammadsami/Public/Projects/Airflow/DataPipelineswithApacheAirflow/.env/lib/python3.8/site-packages/airflow/example_dags/tutorial_objectstorage.py for tasks to queue
[2024-03-16T11:50:13.750+0500] {logging_mixin.py:188} INFO - [2024-03-16T11:50:13.749+0500] {dagbag.py:540} INFO - Filling up the DagBag from /home/muhammadsami/Public/Projects/Airflow/DataPipelineswithApacheAirflow/.env/lib/python3.8/site-packages/airflow/example_dags/tutorial_objectstorage.py
[2024-03-16T11:50:13.755+0500] {processor.py:840} INFO - DAG(s) 'tutorial_objectstorage' retrieved from /home/muhammadsami/Public/Projects/Airflow/DataPipelineswithApacheAirflow/.env/lib/python3.8/site-packages/airflow/example_dags/tutorial_objectstorage.py
[2024-03-16T11:50:13.768+0500] {logging_mixin.py:188} INFO - [2024-03-16T11:50:13.767+0500] {dag.py:3047} INFO - Sync 1 DAGs
[2024-03-16T11:50:13.777+0500] {logging_mixin.py:188} INFO - [2024-03-16T11:50:13.777+0500] {dag.py:3834} INFO - Setting next_dagrun for tutorial_objectstorage to None, run_after=None
[2024-03-16T11:50:13.874+0500] {processor.py:183} INFO - Processing /home/muhammadsami/Public/Projects/Airflow/DataPipelineswithApacheAirflow/.env/lib/python3.8/site-packages/airflow/example_dags/tutorial_objectstorage.py took 0.142 seconds
[2024-03-16T11:51:03.868+0500] {processor.py:161} INFO - Started process (PID=21237) to work on /home/muhammadsami/Public/Projects/Airflow/DataPipelineswithApacheAirflow/.env/lib/python3.8/site-packages/airflow/example_dags/tutorial_objectstorage.py
[2024-03-16T11:51:03.870+0500] {processor.py:830} INFO - Processing file /home/muhammadsami/Public/Projects/Airflow/DataPipelineswithApacheAirflow/.env/lib/python3.8/site-packages/airflow/example_dags/tutorial_objectstorage.py for tasks to queue
[2024-03-16T11:51:03.871+0500] {logging_mixin.py:188} INFO - [2024-03-16T11:51:03.870+0500] {dagbag.py:540} INFO - Filling up the DagBag from /home/muhammadsami/Public/Projects/Airflow/DataPipelineswithApacheAirflow/.env/lib/python3.8/site-packages/airflow/example_dags/tutorial_objectstorage.py
[2024-03-16T11:51:03.879+0500] {processor.py:840} INFO - DAG(s) 'tutorial_objectstorage' retrieved from /home/muhammadsami/Public/Projects/Airflow/DataPipelineswithApacheAirflow/.env/lib/python3.8/site-packages/airflow/example_dags/tutorial_objectstorage.py
[2024-03-16T11:51:03.897+0500] {logging_mixin.py:188} INFO - [2024-03-16T11:51:03.896+0500] {dag.py:3047} INFO - Sync 1 DAGs
[2024-03-16T11:51:03.914+0500] {logging_mixin.py:188} INFO - [2024-03-16T11:51:03.913+0500] {dag.py:3834} INFO - Setting next_dagrun for tutorial_objectstorage to None, run_after=None
[2024-03-16T11:51:04.017+0500] {processor.py:183} INFO - Processing /home/muhammadsami/Public/Projects/Airflow/DataPipelineswithApacheAirflow/.env/lib/python3.8/site-packages/airflow/example_dags/tutorial_objectstorage.py took 0.151 seconds
[2024-03-16T11:51:57.715+0500] {processor.py:161} INFO - Started process (PID=21340) to work on /home/muhammadsami/Public/Projects/Airflow/DataPipelineswithApacheAirflow/.env/lib/python3.8/site-packages/airflow/example_dags/tutorial_objectstorage.py
[2024-03-16T11:51:57.716+0500] {processor.py:830} INFO - Processing file /home/muhammadsami/Public/Projects/Airflow/DataPipelineswithApacheAirflow/.env/lib/python3.8/site-packages/airflow/example_dags/tutorial_objectstorage.py for tasks to queue
[2024-03-16T11:51:57.717+0500] {logging_mixin.py:188} INFO - [2024-03-16T11:51:57.717+0500] {dagbag.py:540} INFO - Filling up the DagBag from /home/muhammadsami/Public/Projects/Airflow/DataPipelineswithApacheAirflow/.env/lib/python3.8/site-packages/airflow/example_dags/tutorial_objectstorage.py
[2024-03-16T11:51:57.724+0500] {processor.py:840} INFO - DAG(s) 'tutorial_objectstorage' retrieved from /home/muhammadsami/Public/Projects/Airflow/DataPipelineswithApacheAirflow/.env/lib/python3.8/site-packages/airflow/example_dags/tutorial_objectstorage.py
[2024-03-16T11:51:57.736+0500] {logging_mixin.py:188} INFO - [2024-03-16T11:51:57.736+0500] {dag.py:3047} INFO - Sync 1 DAGs
[2024-03-16T11:51:57.746+0500] {logging_mixin.py:188} INFO - [2024-03-16T11:51:57.745+0500] {dag.py:3834} INFO - Setting next_dagrun for tutorial_objectstorage to None, run_after=None
[2024-03-16T11:51:57.851+0500] {processor.py:183} INFO - Processing /home/muhammadsami/Public/Projects/Airflow/DataPipelineswithApacheAirflow/.env/lib/python3.8/site-packages/airflow/example_dags/tutorial_objectstorage.py took 0.139 seconds
[2024-03-16T11:52:49.595+0500] {processor.py:161} INFO - Started process (PID=21502) to work on /home/muhammadsami/Public/Projects/Airflow/DataPipelineswithApacheAirflow/.env/lib/python3.8/site-packages/airflow/example_dags/tutorial_objectstorage.py
[2024-03-16T11:52:49.596+0500] {processor.py:830} INFO - Processing file /home/muhammadsami/Public/Projects/Airflow/DataPipelineswithApacheAirflow/.env/lib/python3.8/site-packages/airflow/example_dags/tutorial_objectstorage.py for tasks to queue
[2024-03-16T11:52:49.597+0500] {logging_mixin.py:188} INFO - [2024-03-16T11:52:49.597+0500] {dagbag.py:540} INFO - Filling up the DagBag from /home/muhammadsami/Public/Projects/Airflow/DataPipelineswithApacheAirflow/.env/lib/python3.8/site-packages/airflow/example_dags/tutorial_objectstorage.py
[2024-03-16T11:52:49.604+0500] {processor.py:840} INFO - DAG(s) 'tutorial_objectstorage' retrieved from /home/muhammadsami/Public/Projects/Airflow/DataPipelineswithApacheAirflow/.env/lib/python3.8/site-packages/airflow/example_dags/tutorial_objectstorage.py
[2024-03-16T11:52:49.616+0500] {logging_mixin.py:188} INFO - [2024-03-16T11:52:49.616+0500] {dag.py:3047} INFO - Sync 1 DAGs
[2024-03-16T11:52:49.626+0500] {logging_mixin.py:188} INFO - [2024-03-16T11:52:49.626+0500] {dag.py:3834} INFO - Setting next_dagrun for tutorial_objectstorage to None, run_after=None
[2024-03-16T11:52:49.720+0500] {processor.py:183} INFO - Processing /home/muhammadsami/Public/Projects/Airflow/DataPipelineswithApacheAirflow/.env/lib/python3.8/site-packages/airflow/example_dags/tutorial_objectstorage.py took 0.128 seconds
[2024-03-16T11:53:42.309+0500] {processor.py:161} INFO - Started process (PID=21616) to work on /home/muhammadsami/Public/Projects/Airflow/DataPipelineswithApacheAirflow/.env/lib/python3.8/site-packages/airflow/example_dags/tutorial_objectstorage.py
[2024-03-16T11:53:42.331+0500] {processor.py:830} INFO - Processing file /home/muhammadsami/Public/Projects/Airflow/DataPipelineswithApacheAirflow/.env/lib/python3.8/site-packages/airflow/example_dags/tutorial_objectstorage.py for tasks to queue
[2024-03-16T11:53:42.332+0500] {logging_mixin.py:188} INFO - [2024-03-16T11:53:42.332+0500] {dagbag.py:540} INFO - Filling up the DagBag from /home/muhammadsami/Public/Projects/Airflow/DataPipelineswithApacheAirflow/.env/lib/python3.8/site-packages/airflow/example_dags/tutorial_objectstorage.py
[2024-03-16T11:53:42.338+0500] {processor.py:840} INFO - DAG(s) 'tutorial_objectstorage' retrieved from /home/muhammadsami/Public/Projects/Airflow/DataPipelineswithApacheAirflow/.env/lib/python3.8/site-packages/airflow/example_dags/tutorial_objectstorage.py
[2024-03-16T11:53:42.350+0500] {logging_mixin.py:188} INFO - [2024-03-16T11:53:42.350+0500] {dag.py:3047} INFO - Sync 1 DAGs
[2024-03-16T11:53:42.360+0500] {logging_mixin.py:188} INFO - [2024-03-16T11:53:42.359+0500] {dag.py:3834} INFO - Setting next_dagrun for tutorial_objectstorage to None, run_after=None
[2024-03-16T11:53:42.455+0500] {processor.py:183} INFO - Processing /home/muhammadsami/Public/Projects/Airflow/DataPipelineswithApacheAirflow/.env/lib/python3.8/site-packages/airflow/example_dags/tutorial_objectstorage.py took 0.148 seconds
[2024-03-16T11:54:32.486+0500] {processor.py:161} INFO - Started process (PID=21691) to work on /home/muhammadsami/Public/Projects/Airflow/DataPipelineswithApacheAirflow/.env/lib/python3.8/site-packages/airflow/example_dags/tutorial_objectstorage.py
[2024-03-16T11:54:32.488+0500] {processor.py:830} INFO - Processing file /home/muhammadsami/Public/Projects/Airflow/DataPipelineswithApacheAirflow/.env/lib/python3.8/site-packages/airflow/example_dags/tutorial_objectstorage.py for tasks to queue
[2024-03-16T11:54:32.489+0500] {logging_mixin.py:188} INFO - [2024-03-16T11:54:32.488+0500] {dagbag.py:540} INFO - Filling up the DagBag from /home/muhammadsami/Public/Projects/Airflow/DataPipelineswithApacheAirflow/.env/lib/python3.8/site-packages/airflow/example_dags/tutorial_objectstorage.py
[2024-03-16T11:54:32.495+0500] {processor.py:840} INFO - DAG(s) 'tutorial_objectstorage' retrieved from /home/muhammadsami/Public/Projects/Airflow/DataPipelineswithApacheAirflow/.env/lib/python3.8/site-packages/airflow/example_dags/tutorial_objectstorage.py
[2024-03-16T11:54:32.507+0500] {logging_mixin.py:188} INFO - [2024-03-16T11:54:32.507+0500] {dag.py:3047} INFO - Sync 1 DAGs
[2024-03-16T11:54:32.519+0500] {logging_mixin.py:188} INFO - [2024-03-16T11:54:32.518+0500] {dag.py:3834} INFO - Setting next_dagrun for tutorial_objectstorage to None, run_after=None
[2024-03-16T11:54:32.624+0500] {processor.py:183} INFO - Processing /home/muhammadsami/Public/Projects/Airflow/DataPipelineswithApacheAirflow/.env/lib/python3.8/site-packages/airflow/example_dags/tutorial_objectstorage.py took 0.141 seconds
[2024-03-16T11:55:22.110+0500] {processor.py:161} INFO - Started process (PID=21874) to work on /home/muhammadsami/Public/Projects/Airflow/DataPipelineswithApacheAirflow/.env/lib/python3.8/site-packages/airflow/example_dags/tutorial_objectstorage.py
[2024-03-16T11:55:22.113+0500] {processor.py:830} INFO - Processing file /home/muhammadsami/Public/Projects/Airflow/DataPipelineswithApacheAirflow/.env/lib/python3.8/site-packages/airflow/example_dags/tutorial_objectstorage.py for tasks to queue
[2024-03-16T11:55:22.114+0500] {logging_mixin.py:188} INFO - [2024-03-16T11:55:22.113+0500] {dagbag.py:540} INFO - Filling up the DagBag from /home/muhammadsami/Public/Projects/Airflow/DataPipelineswithApacheAirflow/.env/lib/python3.8/site-packages/airflow/example_dags/tutorial_objectstorage.py
[2024-03-16T11:55:22.123+0500] {processor.py:840} INFO - DAG(s) 'tutorial_objectstorage' retrieved from /home/muhammadsami/Public/Projects/Airflow/DataPipelineswithApacheAirflow/.env/lib/python3.8/site-packages/airflow/example_dags/tutorial_objectstorage.py
[2024-03-16T11:55:22.144+0500] {logging_mixin.py:188} INFO - [2024-03-16T11:55:22.144+0500] {dag.py:3047} INFO - Sync 1 DAGs
[2024-03-16T11:55:22.161+0500] {logging_mixin.py:188} INFO - [2024-03-16T11:55:22.161+0500] {dag.py:3834} INFO - Setting next_dagrun for tutorial_objectstorage to None, run_after=None
[2024-03-16T11:55:22.281+0500] {processor.py:183} INFO - Processing /home/muhammadsami/Public/Projects/Airflow/DataPipelineswithApacheAirflow/.env/lib/python3.8/site-packages/airflow/example_dags/tutorial_objectstorage.py took 0.175 seconds
[2024-03-16T11:56:13.829+0500] {processor.py:161} INFO - Started process (PID=21933) to work on /home/muhammadsami/Public/Projects/Airflow/DataPipelineswithApacheAirflow/.env/lib/python3.8/site-packages/airflow/example_dags/tutorial_objectstorage.py
[2024-03-16T11:56:13.830+0500] {processor.py:830} INFO - Processing file /home/muhammadsami/Public/Projects/Airflow/DataPipelineswithApacheAirflow/.env/lib/python3.8/site-packages/airflow/example_dags/tutorial_objectstorage.py for tasks to queue
[2024-03-16T11:56:13.831+0500] {logging_mixin.py:188} INFO - [2024-03-16T11:56:13.831+0500] {dagbag.py:540} INFO - Filling up the DagBag from /home/muhammadsami/Public/Projects/Airflow/DataPipelineswithApacheAirflow/.env/lib/python3.8/site-packages/airflow/example_dags/tutorial_objectstorage.py
[2024-03-16T11:56:13.838+0500] {processor.py:840} INFO - DAG(s) 'tutorial_objectstorage' retrieved from /home/muhammadsami/Public/Projects/Airflow/DataPipelineswithApacheAirflow/.env/lib/python3.8/site-packages/airflow/example_dags/tutorial_objectstorage.py
[2024-03-16T11:56:13.856+0500] {logging_mixin.py:188} INFO - [2024-03-16T11:56:13.855+0500] {dag.py:3047} INFO - Sync 1 DAGs
[2024-03-16T11:56:13.869+0500] {logging_mixin.py:188} INFO - [2024-03-16T11:56:13.869+0500] {dag.py:3834} INFO - Setting next_dagrun for tutorial_objectstorage to None, run_after=None
[2024-03-16T11:56:13.961+0500] {processor.py:183} INFO - Processing /home/muhammadsami/Public/Projects/Airflow/DataPipelineswithApacheAirflow/.env/lib/python3.8/site-packages/airflow/example_dags/tutorial_objectstorage.py took 0.135 seconds
[2024-03-16T11:57:03.731+0500] {processor.py:161} INFO - Started process (PID=21984) to work on /home/muhammadsami/Public/Projects/Airflow/DataPipelineswithApacheAirflow/.env/lib/python3.8/site-packages/airflow/example_dags/tutorial_objectstorage.py
[2024-03-16T11:57:03.733+0500] {processor.py:830} INFO - Processing file /home/muhammadsami/Public/Projects/Airflow/DataPipelineswithApacheAirflow/.env/lib/python3.8/site-packages/airflow/example_dags/tutorial_objectstorage.py for tasks to queue
[2024-03-16T11:57:03.734+0500] {logging_mixin.py:188} INFO - [2024-03-16T11:57:03.734+0500] {dagbag.py:540} INFO - Filling up the DagBag from /home/muhammadsami/Public/Projects/Airflow/DataPipelineswithApacheAirflow/.env/lib/python3.8/site-packages/airflow/example_dags/tutorial_objectstorage.py
[2024-03-16T11:57:03.740+0500] {processor.py:840} INFO - DAG(s) 'tutorial_objectstorage' retrieved from /home/muhammadsami/Public/Projects/Airflow/DataPipelineswithApacheAirflow/.env/lib/python3.8/site-packages/airflow/example_dags/tutorial_objectstorage.py
[2024-03-16T11:57:03.755+0500] {logging_mixin.py:188} INFO - [2024-03-16T11:57:03.755+0500] {dag.py:3047} INFO - Sync 1 DAGs
[2024-03-16T11:57:03.766+0500] {logging_mixin.py:188} INFO - [2024-03-16T11:57:03.766+0500] {dag.py:3834} INFO - Setting next_dagrun for tutorial_objectstorage to None, run_after=None
[2024-03-16T11:57:03.879+0500] {processor.py:183} INFO - Processing /home/muhammadsami/Public/Projects/Airflow/DataPipelineswithApacheAirflow/.env/lib/python3.8/site-packages/airflow/example_dags/tutorial_objectstorage.py took 0.152 seconds
[2024-03-16T11:57:58.553+0500] {processor.py:161} INFO - Started process (PID=22037) to work on /home/muhammadsami/Public/Projects/Airflow/DataPipelineswithApacheAirflow/.env/lib/python3.8/site-packages/airflow/example_dags/tutorial_objectstorage.py
[2024-03-16T11:57:58.555+0500] {processor.py:830} INFO - Processing file /home/muhammadsami/Public/Projects/Airflow/DataPipelineswithApacheAirflow/.env/lib/python3.8/site-packages/airflow/example_dags/tutorial_objectstorage.py for tasks to queue
[2024-03-16T11:57:58.556+0500] {logging_mixin.py:188} INFO - [2024-03-16T11:57:58.555+0500] {dagbag.py:540} INFO - Filling up the DagBag from /home/muhammadsami/Public/Projects/Airflow/DataPipelineswithApacheAirflow/.env/lib/python3.8/site-packages/airflow/example_dags/tutorial_objectstorage.py
[2024-03-16T11:57:58.562+0500] {processor.py:840} INFO - DAG(s) 'tutorial_objectstorage' retrieved from /home/muhammadsami/Public/Projects/Airflow/DataPipelineswithApacheAirflow/.env/lib/python3.8/site-packages/airflow/example_dags/tutorial_objectstorage.py
[2024-03-16T11:57:58.575+0500] {logging_mixin.py:188} INFO - [2024-03-16T11:57:58.574+0500] {dag.py:3047} INFO - Sync 1 DAGs
[2024-03-16T11:57:58.584+0500] {logging_mixin.py:188} INFO - [2024-03-16T11:57:58.584+0500] {dag.py:3834} INFO - Setting next_dagrun for tutorial_objectstorage to None, run_after=None
[2024-03-16T11:57:58.680+0500] {processor.py:183} INFO - Processing /home/muhammadsami/Public/Projects/Airflow/DataPipelineswithApacheAirflow/.env/lib/python3.8/site-packages/airflow/example_dags/tutorial_objectstorage.py took 0.130 seconds
[2024-03-16T11:58:47.624+0500] {processor.py:161} INFO - Started process (PID=22139) to work on /home/muhammadsami/Public/Projects/Airflow/DataPipelineswithApacheAirflow/.env/lib/python3.8/site-packages/airflow/example_dags/tutorial_objectstorage.py
[2024-03-16T11:58:47.625+0500] {processor.py:830} INFO - Processing file /home/muhammadsami/Public/Projects/Airflow/DataPipelineswithApacheAirflow/.env/lib/python3.8/site-packages/airflow/example_dags/tutorial_objectstorage.py for tasks to queue
[2024-03-16T11:58:47.626+0500] {logging_mixin.py:188} INFO - [2024-03-16T11:58:47.626+0500] {dagbag.py:540} INFO - Filling up the DagBag from /home/muhammadsami/Public/Projects/Airflow/DataPipelineswithApacheAirflow/.env/lib/python3.8/site-packages/airflow/example_dags/tutorial_objectstorage.py
[2024-03-16T11:58:47.632+0500] {processor.py:840} INFO - DAG(s) 'tutorial_objectstorage' retrieved from /home/muhammadsami/Public/Projects/Airflow/DataPipelineswithApacheAirflow/.env/lib/python3.8/site-packages/airflow/example_dags/tutorial_objectstorage.py
[2024-03-16T11:58:47.650+0500] {logging_mixin.py:188} INFO - [2024-03-16T11:58:47.649+0500] {dag.py:3047} INFO - Sync 1 DAGs
[2024-03-16T11:58:47.659+0500] {logging_mixin.py:188} INFO - [2024-03-16T11:58:47.659+0500] {dag.py:3834} INFO - Setting next_dagrun for tutorial_objectstorage to None, run_after=None
[2024-03-16T11:58:47.762+0500] {processor.py:183} INFO - Processing /home/muhammadsami/Public/Projects/Airflow/DataPipelineswithApacheAirflow/.env/lib/python3.8/site-packages/airflow/example_dags/tutorial_objectstorage.py took 0.140 seconds
[2024-03-16T11:59:36.896+0500] {processor.py:161} INFO - Started process (PID=22282) to work on /home/muhammadsami/Public/Projects/Airflow/DataPipelineswithApacheAirflow/.env/lib/python3.8/site-packages/airflow/example_dags/tutorial_objectstorage.py
[2024-03-16T11:59:36.897+0500] {processor.py:830} INFO - Processing file /home/muhammadsami/Public/Projects/Airflow/DataPipelineswithApacheAirflow/.env/lib/python3.8/site-packages/airflow/example_dags/tutorial_objectstorage.py for tasks to queue
[2024-03-16T11:59:36.898+0500] {logging_mixin.py:188} INFO - [2024-03-16T11:59:36.898+0500] {dagbag.py:540} INFO - Filling up the DagBag from /home/muhammadsami/Public/Projects/Airflow/DataPipelineswithApacheAirflow/.env/lib/python3.8/site-packages/airflow/example_dags/tutorial_objectstorage.py
[2024-03-16T11:59:36.907+0500] {processor.py:840} INFO - DAG(s) 'tutorial_objectstorage' retrieved from /home/muhammadsami/Public/Projects/Airflow/DataPipelineswithApacheAirflow/.env/lib/python3.8/site-packages/airflow/example_dags/tutorial_objectstorage.py
[2024-03-16T11:59:36.924+0500] {logging_mixin.py:188} INFO - [2024-03-16T11:59:36.924+0500] {dag.py:3047} INFO - Sync 1 DAGs
[2024-03-16T11:59:36.936+0500] {logging_mixin.py:188} INFO - [2024-03-16T11:59:36.936+0500] {dag.py:3834} INFO - Setting next_dagrun for tutorial_objectstorage to None, run_after=None
[2024-03-16T11:59:37.036+0500] {processor.py:183} INFO - Processing /home/muhammadsami/Public/Projects/Airflow/DataPipelineswithApacheAirflow/.env/lib/python3.8/site-packages/airflow/example_dags/tutorial_objectstorage.py took 0.144 seconds
[2024-03-16T12:00:30.244+0500] {processor.py:161} INFO - Started process (PID=22333) to work on /home/muhammadsami/Public/Projects/Airflow/DataPipelineswithApacheAirflow/.env/lib/python3.8/site-packages/airflow/example_dags/tutorial_objectstorage.py
[2024-03-16T12:00:30.246+0500] {processor.py:830} INFO - Processing file /home/muhammadsami/Public/Projects/Airflow/DataPipelineswithApacheAirflow/.env/lib/python3.8/site-packages/airflow/example_dags/tutorial_objectstorage.py for tasks to queue
[2024-03-16T12:00:30.247+0500] {logging_mixin.py:188} INFO - [2024-03-16T12:00:30.246+0500] {dagbag.py:540} INFO - Filling up the DagBag from /home/muhammadsami/Public/Projects/Airflow/DataPipelineswithApacheAirflow/.env/lib/python3.8/site-packages/airflow/example_dags/tutorial_objectstorage.py
[2024-03-16T12:00:30.254+0500] {processor.py:840} INFO - DAG(s) 'tutorial_objectstorage' retrieved from /home/muhammadsami/Public/Projects/Airflow/DataPipelineswithApacheAirflow/.env/lib/python3.8/site-packages/airflow/example_dags/tutorial_objectstorage.py
[2024-03-16T12:00:30.266+0500] {logging_mixin.py:188} INFO - [2024-03-16T12:00:30.265+0500] {dag.py:3047} INFO - Sync 1 DAGs
[2024-03-16T12:00:30.275+0500] {logging_mixin.py:188} INFO - [2024-03-16T12:00:30.275+0500] {dag.py:3834} INFO - Setting next_dagrun for tutorial_objectstorage to None, run_after=None
[2024-03-16T12:00:30.374+0500] {processor.py:183} INFO - Processing /home/muhammadsami/Public/Projects/Airflow/DataPipelineswithApacheAirflow/.env/lib/python3.8/site-packages/airflow/example_dags/tutorial_objectstorage.py took 0.132 seconds
[2024-03-16T12:01:23.999+0500] {processor.py:161} INFO - Started process (PID=22385) to work on /home/muhammadsami/Public/Projects/Airflow/DataPipelineswithApacheAirflow/.env/lib/python3.8/site-packages/airflow/example_dags/tutorial_objectstorage.py
[2024-03-16T12:01:24.001+0500] {processor.py:830} INFO - Processing file /home/muhammadsami/Public/Projects/Airflow/DataPipelineswithApacheAirflow/.env/lib/python3.8/site-packages/airflow/example_dags/tutorial_objectstorage.py for tasks to queue
[2024-03-16T12:01:24.002+0500] {logging_mixin.py:188} INFO - [2024-03-16T12:01:24.001+0500] {dagbag.py:540} INFO - Filling up the DagBag from /home/muhammadsami/Public/Projects/Airflow/DataPipelineswithApacheAirflow/.env/lib/python3.8/site-packages/airflow/example_dags/tutorial_objectstorage.py
[2024-03-16T12:01:24.009+0500] {processor.py:840} INFO - DAG(s) 'tutorial_objectstorage' retrieved from /home/muhammadsami/Public/Projects/Airflow/DataPipelineswithApacheAirflow/.env/lib/python3.8/site-packages/airflow/example_dags/tutorial_objectstorage.py
[2024-03-16T12:01:24.023+0500] {logging_mixin.py:188} INFO - [2024-03-16T12:01:24.022+0500] {dag.py:3047} INFO - Sync 1 DAGs
[2024-03-16T12:01:24.035+0500] {logging_mixin.py:188} INFO - [2024-03-16T12:01:24.035+0500] {dag.py:3834} INFO - Setting next_dagrun for tutorial_objectstorage to None, run_after=None
[2024-03-16T12:01:24.134+0500] {processor.py:183} INFO - Processing /home/muhammadsami/Public/Projects/Airflow/DataPipelineswithApacheAirflow/.env/lib/python3.8/site-packages/airflow/example_dags/tutorial_objectstorage.py took 0.138 seconds
