[2024-03-17T10:29:29.133+0500] {taskinstance.py:1979} INFO - Dependencies all met for dep_context=non-requeueable deps ti=<TaskInstance: download_rocket_launches.get_pictures manual__2024-03-17T05:29:14.689333+00:00 [queued]>
[2024-03-17T10:29:29.150+0500] {taskinstance.py:1979} INFO - Dependencies all met for dep_context=requeueable deps ti=<TaskInstance: download_rocket_launches.get_pictures manual__2024-03-17T05:29:14.689333+00:00 [queued]>
[2024-03-17T10:29:29.150+0500] {taskinstance.py:2193} INFO - Starting attempt 1 of 1
[2024-03-17T10:29:29.433+0500] {taskinstance.py:2217} INFO - Executing <Task(PythonOperator): get_pictures> on 2024-03-17 05:29:14.689333+00:00
[2024-03-17T10:29:29.435+0500] {standard_task_runner.py:60} INFO - Started process 18114 to run task
[2024-03-17T10:29:29.438+0500] {standard_task_runner.py:87} INFO - Running: ['airflow', 'tasks', 'run', 'download_rocket_launches', 'get_pictures', 'manual__2024-03-17T05:29:14.689333+00:00', '--job-id', '15', '--raw', '--subdir', 'DAGS_FOLDER/download_rocket_launches.py', '--cfg-path', '/tmp/tmpk8pmepsu']
[2024-03-17T10:29:29.439+0500] {standard_task_runner.py:88} INFO - Job 15: Subtask get_pictures
[2024-03-17T10:29:29.690+0500] {task_command.py:423} INFO - Running <TaskInstance: download_rocket_launches.get_pictures manual__2024-03-17T05:29:14.689333+00:00 [running]> on host muhammadsami-Latitude-E6540
[2024-03-17T10:29:30.035+0500] {taskinstance.py:2513} INFO - Exporting env vars: AIRFLOW_CTX_DAG_OWNER='airflow' AIRFLOW_CTX_DAG_ID='download_rocket_launches' AIRFLOW_CTX_TASK_ID='get_pictures' AIRFLOW_CTX_EXECUTION_DATE='2024-03-17T05:29:14.689333+00:00' AIRFLOW_CTX_TRY_NUMBER='1' AIRFLOW_CTX_DAG_RUN_ID='manual__2024-03-17T05:29:14.689333+00:00'
[2024-03-17T10:29:32.906+0500] {logging_mixin.py:188} INFO - Downloaded https://spacelaunchnow-prod-east.nyc3.digitaloceanspaces.com/media/images/falcon2520925_image_20221009234147.png to GettingStarted/data/images/falcon2520925_image_20221009234147.png
[2024-03-17T10:29:35.178+0500] {logging_mixin.py:188} INFO - Downloaded https://spacelaunchnow-prod-east.nyc3.digitaloceanspaces.com/media/images/cz-8_liftoff_2_image_20240315183218.jpg to GettingStarted/data/images/cz-8_liftoff_2_image_20240315183218.jpg
[2024-03-17T10:29:37.918+0500] {logging_mixin.py:188} INFO - Downloaded https://spacelaunchnow-prod-east.nyc3.digitaloceanspaces.com/media/images/long_march_2d2_image_20231123203521.jpeg to GettingStarted/data/images/long_march_2d2_image_20231123203521.jpeg
[2024-03-17T10:29:40.441+0500] {logging_mixin.py:188} INFO - Downloaded https://spacelaunchnow-prod-east.nyc3.digitaloceanspaces.com/media/images/electron_image_20190705175640.jpeg to GettingStarted/data/images/electron_image_20190705175640.jpeg
[2024-03-17T10:29:43.725+0500] {logging_mixin.py:188} INFO - Downloaded https://spacelaunchnow-prod-east.nyc3.digitaloceanspaces.com/media/images/soyuz_2.1a_image_20230805184309.jpg to GettingStarted/data/images/soyuz_2.1a_image_20230805184309.jpg
[2024-03-17T10:29:45.511+0500] {logging_mixin.py:188} INFO - Downloaded https://spacelaunchnow-prod-east.nyc3.digitaloceanspaces.com/media/images/falcon2520925_image_20210520085648.jpeg to GettingStarted/data/images/falcon2520925_image_20210520085648.jpeg
[2024-03-17T10:29:48.619+0500] {logging_mixin.py:188} INFO - Downloaded https://spacelaunchnow-prod-east.nyc3.digitaloceanspaces.com/media/images/falcon2520925_image_20221009234147.png to GettingStarted/data/images/falcon2520925_image_20221009234147.png
[2024-03-17T10:29:52.146+0500] {logging_mixin.py:188} INFO - Downloaded https://spacelaunchnow-prod-east.nyc3.digitaloceanspaces.com/media/images/delta_iv_heavy_image_20210426103838.jpg to GettingStarted/data/images/delta_iv_heavy_image_20210426103838.jpg
[2024-03-17T10:29:53.998+0500] {logging_mixin.py:188} INFO - Downloaded https://spacelaunchnow-prod-east.nyc3.digitaloceanspaces.com/media/images/soyuz_2.1b_image_20230802085331.jpg to GettingStarted/data/images/soyuz_2.1b_image_20230802085331.jpg
[2024-03-17T10:29:56.550+0500] {logging_mixin.py:188} INFO - Downloaded https://spacelaunchnow-prod-east.nyc3.digitaloceanspaces.com/media/images/gaganyaan_abort_image_20231021132156.jpeg to GettingStarted/data/images/gaganyaan_abort_image_20231021132156.jpeg
[2024-03-17T10:29:56.552+0500] {python.py:202} INFO - Done. Returned value was: None
[2024-03-17T10:29:56.558+0500] {taskinstance.py:1149} INFO - Marking task as SUCCESS. dag_id=download_rocket_launches, task_id=get_pictures, execution_date=20240317T052914, start_date=20240317T052929, end_date=20240317T052956
[2024-03-17T10:29:56.691+0500] {local_task_job_runner.py:234} INFO - Task exited with return code 0
[2024-03-17T10:29:56.709+0500] {taskinstance.py:3312} INFO - 1 downstream tasks scheduled from follow-on schedule check
