[2024-03-17T10:49:26.127+0500] {taskinstance.py:1979} INFO - Dependencies all met for dep_context=non-requeueable deps ti=<TaskInstance: download_rocket_launches.get_pictures manual__2024-03-17T05:29:14.689333+00:00 [queued]>
[2024-03-17T10:49:26.148+0500] {taskinstance.py:1979} INFO - Dependencies all met for dep_context=requeueable deps ti=<TaskInstance: download_rocket_launches.get_pictures manual__2024-03-17T05:29:14.689333+00:00 [queued]>
[2024-03-17T10:49:26.149+0500] {taskinstance.py:2193} INFO - Starting attempt 2 of 2
[2024-03-17T10:49:26.287+0500] {taskinstance.py:2217} INFO - Executing <Task(PythonOperator): get_pictures> on 2024-03-17 05:29:14.689333+00:00
[2024-03-17T10:49:26.290+0500] {standard_task_runner.py:60} INFO - Started process 23246 to run task
[2024-03-17T10:49:26.294+0500] {standard_task_runner.py:87} INFO - Running: ['airflow', 'tasks', 'run', 'download_rocket_launches', 'get_pictures', 'manual__2024-03-17T05:29:14.689333+00:00', '--job-id', '21', '--raw', '--subdir', 'DAGS_FOLDER/download_rocket_launches.py', '--cfg-path', '/tmp/tmpbxhzd9yj']
[2024-03-17T10:49:26.295+0500] {standard_task_runner.py:88} INFO - Job 21: Subtask get_pictures
[2024-03-17T10:49:26.446+0500] {task_command.py:423} INFO - Running <TaskInstance: download_rocket_launches.get_pictures manual__2024-03-17T05:29:14.689333+00:00 [running]> on host muhammadsami-Latitude-E6540
[2024-03-17T10:49:26.627+0500] {taskinstance.py:2513} INFO - Exporting env vars: AIRFLOW_CTX_DAG_OWNER='airflow' AIRFLOW_CTX_DAG_ID='download_rocket_launches' AIRFLOW_CTX_TASK_ID='get_pictures' AIRFLOW_CTX_EXECUTION_DATE='2024-03-17T05:29:14.689333+00:00' AIRFLOW_CTX_TRY_NUMBER='2' AIRFLOW_CTX_DAG_RUN_ID='manual__2024-03-17T05:29:14.689333+00:00'
[2024-03-17T10:49:29.322+0500] {logging_mixin.py:188} INFO - Downloaded https://spacelaunchnow-prod-east.nyc3.digitaloceanspaces.com/media/images/falcon2520925_image_20221009234147.png to GettingStarted/data/images/falcon2520925_image_20221009234147.png
[2024-03-17T10:49:32.020+0500] {logging_mixin.py:188} INFO - Downloaded https://spacelaunchnow-prod-east.nyc3.digitaloceanspaces.com/media/images/cz-8_liftoff_2_image_20240315183218.jpg to GettingStarted/data/images/cz-8_liftoff_2_image_20240315183218.jpg
[2024-03-17T10:49:34.785+0500] {logging_mixin.py:188} INFO - Downloaded https://spacelaunchnow-prod-east.nyc3.digitaloceanspaces.com/media/images/long_march_2d2_image_20231123203521.jpeg to GettingStarted/data/images/long_march_2d2_image_20231123203521.jpeg
[2024-03-17T10:49:37.595+0500] {logging_mixin.py:188} INFO - Downloaded https://spacelaunchnow-prod-east.nyc3.digitaloceanspaces.com/media/images/electron_image_20190705175640.jpeg to GettingStarted/data/images/electron_image_20190705175640.jpeg
[2024-03-17T10:49:39.716+0500] {logging_mixin.py:188} INFO - Downloaded https://spacelaunchnow-prod-east.nyc3.digitaloceanspaces.com/media/images/soyuz_2.1a_image_20230805184309.jpg to GettingStarted/data/images/soyuz_2.1a_image_20230805184309.jpg
[2024-03-17T10:49:41.511+0500] {logging_mixin.py:188} INFO - Downloaded https://spacelaunchnow-prod-east.nyc3.digitaloceanspaces.com/media/images/falcon2520925_image_20210520085648.jpeg to GettingStarted/data/images/falcon2520925_image_20210520085648.jpeg
[2024-03-17T10:49:44.024+0500] {logging_mixin.py:188} INFO - Downloaded https://spacelaunchnow-prod-east.nyc3.digitaloceanspaces.com/media/images/falcon2520925_image_20221009234147.png to GettingStarted/data/images/falcon2520925_image_20221009234147.png
[2024-03-17T10:49:47.302+0500] {logging_mixin.py:188} INFO - Downloaded https://spacelaunchnow-prod-east.nyc3.digitaloceanspaces.com/media/images/delta_iv_heavy_image_20210426103838.jpg to GettingStarted/data/images/delta_iv_heavy_image_20210426103838.jpg
[2024-03-17T10:49:49.242+0500] {logging_mixin.py:188} INFO - Downloaded https://spacelaunchnow-prod-east.nyc3.digitaloceanspaces.com/media/images/soyuz_2.1b_image_20230802085331.jpg to GettingStarted/data/images/soyuz_2.1b_image_20230802085331.jpg
[2024-03-17T10:49:54.172+0500] {logging_mixin.py:188} INFO - Downloaded https://spacelaunchnow-prod-east.nyc3.digitaloceanspaces.com/media/images/gaganyaan_abort_image_20231021132156.jpeg to GettingStarted/data/images/gaganyaan_abort_image_20231021132156.jpeg
[2024-03-17T10:49:54.174+0500] {python.py:202} INFO - Done. Returned value was: None
[2024-03-17T10:49:54.179+0500] {taskinstance.py:1149} INFO - Marking task as SUCCESS. dag_id=download_rocket_launches, task_id=get_pictures, execution_date=20240317T052914, start_date=20240317T054926, end_date=20240317T054954
[2024-03-17T10:49:54.328+0500] {local_task_job_runner.py:234} INFO - Task exited with return code 0
[2024-03-17T10:49:54.345+0500] {taskinstance.py:3312} INFO - 1 downstream tasks scheduled from follow-on schedule check
